[Wed Apr 01 10:52:48 EDT 2015] net.sf.picard.sam.MarkDuplicates INPUT=[/n/rinn_data1/users/agroff/seq/OtherMice/Diana/lincP21/bam/JR882/rmdup_accepted_hits_sorted_picard.bam] OUTPUT=/n/rinn_data1/users/agroff/seq/OtherMice/Diana/lincP21/bam/JR882/rmdup_accepted_hits_sorted_duplicates_marked.bam METRICS_FILE=dup_metrics.txt    PROGRAM_RECORD_ID=MarkDuplicates PROGRAM_GROUP_NAME=MarkDuplicates REMOVE_DUPLICATES=false ASSUME_SORTED=false MAX_SEQUENCES_FOR_DISK_READ_ENDS_MAP=50000 MAX_FILE_HANDLES_FOR_READ_ENDS_MAP=8000 SORTING_COLLECTION_SIZE_RATIO=0.25 READ_NAME_REGEX=[a-zA-Z0-9]+:[0-9]:([0-9]+):([0-9]+):([0-9]+).* OPTICAL_DUPLICATE_PIXEL_DISTANCE=100 VERBOSITY=INFO QUIET=false VALIDATION_STRINGENCY=STRICT COMPRESSION_LEVEL=5 MAX_RECORDS_IN_RAM=500000 CREATE_INDEX=false CREATE_MD5_FILE=false
[Wed Apr 01 10:52:48 EDT 2015] Executing as agroff@holy2a05206.rc.fas.harvard.edu on Linux 2.6.32-431.17.1.el6.x86_64 amd64; Java HotSpot(TM) 64-Bit Server VM 1.6.0_11-b03; Picard version: 1.98(1547)
INFO	2015-04-01 10:52:48	MarkDuplicates	Start of doWork freeMemory: 8610744; totalMemory: 9109504; maxMemory: 38177538048
INFO	2015-04-01 10:52:48	MarkDuplicates	Reading input file and constructing read end information.
INFO	2015-04-01 10:52:48	MarkDuplicates	Will retain up to 151498166 data points before spilling to disk.
INFO	2015-04-01 10:54:38	MarkDuplicates	Read     1,000,000 records.  Elapsed time: 00:01:46s.  Time for last 1,000,000:  106s.  Last read position: chr1:37,432,659
INFO	2015-04-01 10:54:38	MarkDuplicates	Tracking 45553 as yet unmatched pairs. 872 records in RAM.
INFO	2015-04-01 10:55:12	MarkDuplicates	Read     2,000,000 records.  Elapsed time: 00:02:21s.  Time for last 1,000,000:   34s.  Last read position: chr1:55,084,697
INFO	2015-04-01 10:55:12	MarkDuplicates	Tracking 53577 as yet unmatched pairs. 2534 records in RAM.
INFO	2015-04-01 10:55:45	MarkDuplicates	Read     3,000,000 records.  Elapsed time: 00:02:53s.  Time for last 1,000,000:   32s.  Last read position: chr1:75,441,732
INFO	2015-04-01 10:55:45	MarkDuplicates	Tracking 68954 as yet unmatched pairs. 1702 records in RAM.
INFO	2015-04-01 10:56:18	MarkDuplicates	Read     4,000,000 records.  Elapsed time: 00:03:26s.  Time for last 1,000,000:   33s.  Last read position: chr1:93,508,251
INFO	2015-04-01 10:56:18	MarkDuplicates	Tracking 82920 as yet unmatched pairs. 2886 records in RAM.
INFO	2015-04-01 10:56:48	MarkDuplicates	Read     5,000,000 records.  Elapsed time: 00:03:57s.  Time for last 1,000,000:   30s.  Last read position: chr1:136,027,089
INFO	2015-04-01 10:56:48	MarkDuplicates	Tracking 106121 as yet unmatched pairs. 2262 records in RAM.
INFO	2015-04-01 10:57:26	MarkDuplicates	Read     6,000,000 records.  Elapsed time: 00:04:35s.  Time for last 1,000,000:   38s.  Last read position: chr1:166,393,929
INFO	2015-04-01 10:57:26	MarkDuplicates	Tracking 117922 as yet unmatched pairs. 2069 records in RAM.
INFO	2015-04-01 10:58:03	MarkDuplicates	Read     7,000,000 records.  Elapsed time: 00:05:11s.  Time for last 1,000,000:   36s.  Last read position: chr1:184,823,856
INFO	2015-04-01 10:58:03	MarkDuplicates	Tracking 126596 as yet unmatched pairs. 2516 records in RAM.
INFO	2015-04-01 10:58:42	MarkDuplicates	Read     8,000,000 records.  Elapsed time: 00:05:47s.  Time for last 1,000,000:   36s.  Last read position: chr10:23,785,908
INFO	2015-04-01 10:58:42	MarkDuplicates	Tracking 147774 as yet unmatched pairs. 11764 records in RAM.
INFO	2015-04-01 10:59:09	MarkDuplicates	Read     9,000,000 records.  Elapsed time: 00:06:15s.  Time for last 1,000,000:   27s.  Last read position: chr10:60,778,253
INFO	2015-04-01 10:59:09	MarkDuplicates	Tracking 160888 as yet unmatched pairs. 6606 records in RAM.
INFO	2015-04-01 10:59:34	MarkDuplicates	Read    10,000,000 records.  Elapsed time: 00:06:40s.  Time for last 1,000,000:   25s.  Last read position: chr10:79,859,105
INFO	2015-04-01 10:59:34	MarkDuplicates	Tracking 167692 as yet unmatched pairs. 7693 records in RAM.
INFO	2015-04-01 11:00:00	MarkDuplicates	Read    11,000,000 records.  Elapsed time: 00:07:09s.  Time for last 1,000,000:   28s.  Last read position: chr10:85,102,826
INFO	2015-04-01 11:00:00	MarkDuplicates	Tracking 170974 as yet unmatched pairs. 6475 records in RAM.
INFO	2015-04-01 11:00:18	MarkDuplicates	Read    12,000,000 records.  Elapsed time: 00:07:25s.  Time for last 1,000,000:   16s.  Last read position: chr10:111,986,785
INFO	2015-04-01 11:00:18	MarkDuplicates	Tracking 181173 as yet unmatched pairs. 2055 records in RAM.
INFO	2015-04-01 11:00:43	MarkDuplicates	Read    13,000,000 records.  Elapsed time: 00:07:51s.  Time for last 1,000,000:   26s.  Last read position: chr10:128,469,357
INFO	2015-04-01 11:00:43	MarkDuplicates	Tracking 185299 as yet unmatched pairs. 1833 records in RAM.
INFO	2015-04-01 11:01:19	MarkDuplicates	Read    14,000,000 records.  Elapsed time: 00:08:27s.  Time for last 1,000,000:   35s.  Last read position: chr11:8,433,326
INFO	2015-04-01 11:01:19	MarkDuplicates	Tracking 219085 as yet unmatched pairs. 9581 records in RAM.
INFO	2015-04-01 11:01:38	MarkDuplicates	Read    15,000,000 records.  Elapsed time: 00:08:46s.  Time for last 1,000,000:   19s.  Last read position: chr11:32,296,865
INFO	2015-04-01 11:01:38	MarkDuplicates	Tracking 247035 as yet unmatched pairs. 31645 records in RAM.
INFO	2015-04-01 11:02:07	MarkDuplicates	Read    16,000,000 records.  Elapsed time: 00:09:15s.  Time for last 1,000,000:   28s.  Last read position: chr11:52,232,020
INFO	2015-04-01 11:02:07	MarkDuplicates	Tracking 259123 as yet unmatched pairs. 32637 records in RAM.
INFO	2015-04-01 11:02:27	MarkDuplicates	Read    17,000,000 records.  Elapsed time: 00:09:35s.  Time for last 1,000,000:   20s.  Last read position: chr11:62,339,016
INFO	2015-04-01 11:02:27	MarkDuplicates	Tracking 263453 as yet unmatched pairs. 32843 records in RAM.
INFO	2015-04-01 11:02:57	MarkDuplicates	Read    18,000,000 records.  Elapsed time: 00:10:05s.  Time for last 1,000,000:   29s.  Last read position: chr11:70,036,061
INFO	2015-04-01 11:02:57	MarkDuplicates	Tracking 276359 as yet unmatched pairs. 42201 records in RAM.
INFO	2015-04-01 11:03:16	MarkDuplicates	Read    19,000,000 records.  Elapsed time: 00:10:24s.  Time for last 1,000,000:   18s.  Last read position: chr11:78,321,318
INFO	2015-04-01 11:03:16	MarkDuplicates	Tracking 283844 as yet unmatched pairs. 39416 records in RAM.
INFO	2015-04-01 11:03:47	MarkDuplicates	Read    20,000,000 records.  Elapsed time: 00:10:56s.  Time for last 1,000,000:   32s.  Last read position: chr11:94,643,301
INFO	2015-04-01 11:03:47	MarkDuplicates	Tracking 291810 as yet unmatched pairs. 38810 records in RAM.
INFO	2015-04-01 11:04:09	MarkDuplicates	Read    21,000,000 records.  Elapsed time: 00:11:17s.  Time for last 1,000,000:   21s.  Last read position: chr11:99,011,022
INFO	2015-04-01 11:04:09	MarkDuplicates	Tracking 300733 as yet unmatched pairs. 38507 records in RAM.
INFO	2015-04-01 11:04:43	MarkDuplicates	Read    22,000,000 records.  Elapsed time: 00:11:52s.  Time for last 1,000,000:   34s.  Last read position: chr11:105,927,264
INFO	2015-04-01 11:04:43	MarkDuplicates	Tracking 308901 as yet unmatched pairs. 37613 records in RAM.
INFO	2015-04-01 11:05:05	MarkDuplicates	Read    23,000,000 records.  Elapsed time: 00:12:13s.  Time for last 1,000,000:   21s.  Last read position: chr11:117,153,217
INFO	2015-04-01 11:05:05	MarkDuplicates	Tracking 320591 as yet unmatched pairs. 36897 records in RAM.
INFO	2015-04-01 11:05:49	MarkDuplicates	Read    24,000,000 records.  Elapsed time: 00:12:58s.  Time for last 1,000,000:   44s.  Last read position: chr12:8,710,211
INFO	2015-04-01 11:05:49	MarkDuplicates	Tracking 334047 as yet unmatched pairs. 18910 records in RAM.
INFO	2015-04-01 11:06:12	MarkDuplicates	Read    25,000,000 records.  Elapsed time: 00:13:20s.  Time for last 1,000,000:   22s.  Last read position: chr12:36,377,461
INFO	2015-04-01 11:06:12	MarkDuplicates	Tracking 355386 as yet unmatched pairs. 17770 records in RAM.
INFO	2015-04-01 11:06:35	MarkDuplicates	Read    26,000,000 records.  Elapsed time: 00:13:44s.  Time for last 1,000,000:   23s.  Last read position: chr12:73,313,144
INFO	2015-04-01 11:06:35	MarkDuplicates	Tracking 377291 as yet unmatched pairs. 16270 records in RAM.
INFO	2015-04-01 11:07:14	MarkDuplicates	Read    27,000,000 records.  Elapsed time: 00:14:20s.  Time for last 1,000,000:   35s.  Last read position: chr12:100,341,840
INFO	2015-04-01 11:07:14	MarkDuplicates	Tracking 388573 as yet unmatched pairs. 14569 records in RAM.
INFO	2015-04-01 11:07:33	MarkDuplicates	Read    28,000,000 records.  Elapsed time: 00:14:41s.  Time for last 1,000,000:   21s.  Last read position: chr12:111,781,713
INFO	2015-04-01 11:07:33	MarkDuplicates	Tracking 384001 as yet unmatched pairs. 2328 records in RAM.
INFO	2015-04-01 11:07:47	MarkDuplicates	Read    29,000,000 records.  Elapsed time: 00:14:55s.  Time for last 1,000,000:   13s.  Last read position: chr13:33,987,062
INFO	2015-04-01 11:07:47	MarkDuplicates	Tracking 396645 as yet unmatched pairs. 14696 records in RAM.
INFO	2015-04-01 11:08:21	MarkDuplicates	Read    30,000,000 records.  Elapsed time: 00:15:30s.  Time for last 1,000,000:   34s.  Last read position: chr13:55,476,186
INFO	2015-04-01 11:08:21	MarkDuplicates	Tracking 410143 as yet unmatched pairs. 14353 records in RAM.
INFO	2015-04-01 11:08:40	MarkDuplicates	Read    31,000,000 records.  Elapsed time: 00:15:46s.  Time for last 1,000,000:   16s.  Last read position: chr13:74,407,261
INFO	2015-04-01 11:08:40	MarkDuplicates	Tracking 421250 as yet unmatched pairs. 7492 records in RAM.
INFO	2015-04-01 11:09:08	MarkDuplicates	Read    32,000,000 records.  Elapsed time: 00:16:14s.  Time for last 1,000,000:   27s.  Last read position: chr13:103,764,697
INFO	2015-04-01 11:09:08	MarkDuplicates	Tracking 441375 as yet unmatched pairs. 2511 records in RAM.
INFO	2015-04-01 11:09:58	MarkDuplicates	Read    33,000,000 records.  Elapsed time: 00:17:04s.  Time for last 1,000,000:   49s.  Last read position: chr14:19,822,669
INFO	2015-04-01 11:09:58	MarkDuplicates	Tracking 469827 as yet unmatched pairs. 35418 records in RAM.
INFO	2015-04-01 11:10:17	MarkDuplicates	Read    34,000,000 records.  Elapsed time: 00:17:23s.  Time for last 1,000,000:   19s.  Last read position: chr14:33,968,081
INFO	2015-04-01 11:10:17	MarkDuplicates	Tracking 463861 as yet unmatched pairs. 21912 records in RAM.
INFO	2015-04-01 11:10:42	MarkDuplicates	Read    35,000,000 records.  Elapsed time: 00:17:49s.  Time for last 1,000,000:   25s.  Last read position: chr14:55,898,361
INFO	2015-04-01 11:10:42	MarkDuplicates	Tracking 467095 as yet unmatched pairs. 15662 records in RAM.
INFO	2015-04-01 11:10:59	MarkDuplicates	Read    36,000,000 records.  Elapsed time: 00:18:06s.  Time for last 1,000,000:   16s.  Last read position: chr14:75,845,655
INFO	2015-04-01 11:10:59	MarkDuplicates	Tracking 485116 as yet unmatched pairs. 21481 records in RAM.
INFO	2015-04-01 11:11:35	MarkDuplicates	Read    37,000,000 records.  Elapsed time: 00:18:42s.  Time for last 1,000,000:   36s.  Last read position: chr15:4,147,655
INFO	2015-04-01 11:11:35	MarkDuplicates	Tracking 487353 as yet unmatched pairs. 18492 records in RAM.
INFO	2015-04-01 11:11:48	MarkDuplicates	Read    38,000,000 records.  Elapsed time: 00:18:55s.  Time for last 1,000,000:   12s.  Last read position: chr15:40,753,033
INFO	2015-04-01 11:11:48	MarkDuplicates	Tracking 493048 as yet unmatched pairs. 13703 records in RAM.
INFO	2015-04-01 11:12:12	MarkDuplicates	Read    39,000,000 records.  Elapsed time: 00:19:21s.  Time for last 1,000,000:   26s.  Last read position: chr15:77,775,816
INFO	2015-04-01 11:12:12	MarkDuplicates	Tracking 491041 as yet unmatched pairs. 6220 records in RAM.
INFO	2015-04-01 11:12:26	MarkDuplicates	Read    40,000,000 records.  Elapsed time: 00:19:33s.  Time for last 1,000,000:   12s.  Last read position: chr15:84,945,874
INFO	2015-04-01 11:12:26	MarkDuplicates	Tracking 494371 as yet unmatched pairs. 4622 records in RAM.
INFO	2015-04-01 11:13:10	MarkDuplicates	Read    41,000,000 records.  Elapsed time: 00:20:18s.  Time for last 1,000,000:   44s.  Last read position: chr15:98,950,315
INFO	2015-04-01 11:13:10	MarkDuplicates	Tracking 517009 as yet unmatched pairs. 19925 records in RAM.
INFO	2015-04-01 11:13:29	MarkDuplicates	Read    42,000,000 records.  Elapsed time: 00:20:37s.  Time for last 1,000,000:   19s.  Last read position: chr15:102,970,958
INFO	2015-04-01 11:13:29	MarkDuplicates	Tracking 519942 as yet unmatched pairs. 12994 records in RAM.
INFO	2015-04-01 11:13:55	MarkDuplicates	Read    43,000,000 records.  Elapsed time: 00:21:03s.  Time for last 1,000,000:   26s.  Last read position: chr16:17,520,575
INFO	2015-04-01 11:13:55	MarkDuplicates	Tracking 537227 as yet unmatched pairs. 14228 records in RAM.
INFO	2015-04-01 11:14:14	MarkDuplicates	Read    44,000,000 records.  Elapsed time: 00:21:22s.  Time for last 1,000,000:   18s.  Last read position: chr16:33,246,311
INFO	2015-04-01 11:14:14	MarkDuplicates	Tracking 539903 as yet unmatched pairs. 9386 records in RAM.
INFO	2015-04-01 11:14:59	MarkDuplicates	Read    45,000,000 records.  Elapsed time: 00:22:08s.  Time for last 1,000,000:   45s.  Last read position: chr16:72,436,570
INFO	2015-04-01 11:14:59	MarkDuplicates	Tracking 550053 as yet unmatched pairs. 4055 records in RAM.
INFO	2015-04-01 11:15:23	MarkDuplicates	Read    46,000,000 records.  Elapsed time: 00:22:32s.  Time for last 1,000,000:   23s.  Last read position: chr17:6,435,093
INFO	2015-04-01 11:15:23	MarkDuplicates	Tracking 563966 as yet unmatched pairs. 44315 records in RAM.
INFO	2015-04-01 11:15:35	MarkDuplicates	Read    47,000,000 records.  Elapsed time: 00:22:44s.  Time for last 1,000,000:   12s.  Last read position: chr17:24,472,310
INFO	2015-04-01 11:15:35	MarkDuplicates	Tracking 564207 as yet unmatched pairs. 37318 records in RAM.
INFO	2015-04-01 11:16:05	MarkDuplicates	Read    48,000,000 records.  Elapsed time: 00:23:14s.  Time for last 1,000,000:   29s.  Last read position: chr17:29,493,434
INFO	2015-04-01 11:16:05	MarkDuplicates	Tracking 565596 as yet unmatched pairs. 23462 records in RAM.
INFO	2015-04-01 11:16:24	MarkDuplicates	Read    49,000,000 records.  Elapsed time: 00:23:33s.  Time for last 1,000,000:   18s.  Last read position: chr17:35,835,193
INFO	2015-04-01 11:16:24	MarkDuplicates	Tracking 571900 as yet unmatched pairs. 21271 records in RAM.
INFO	2015-04-01 11:17:13	MarkDuplicates	Read    50,000,000 records.  Elapsed time: 00:24:22s.  Time for last 1,000,000:   49s.  Last read position: chr17:50,735,997
INFO	2015-04-01 11:17:13	MarkDuplicates	Tracking 584257 as yet unmatched pairs. 11191 records in RAM.
INFO	2015-04-01 11:17:36	MarkDuplicates	Read    51,000,000 records.  Elapsed time: 00:24:45s.  Time for last 1,000,000:   22s.  Last read position: chr17:80,201,429
INFO	2015-04-01 11:17:36	MarkDuplicates	Tracking 590372 as yet unmatched pairs. 6164 records in RAM.
INFO	2015-04-01 11:17:59	MarkDuplicates	Read    52,000,000 records.  Elapsed time: 00:25:05s.  Time for last 1,000,000:   20s.  Last read position: chr18:24,271,616
INFO	2015-04-01 11:17:59	MarkDuplicates	Tracking 590980 as yet unmatched pairs. 27852 records in RAM.
INFO	2015-04-01 11:18:40	MarkDuplicates	Read    53,000,000 records.  Elapsed time: 00:25:46s.  Time for last 1,000,000:   40s.  Last read position: chr18:43,476,761
INFO	2015-04-01 11:18:40	MarkDuplicates	Tracking 586399 as yet unmatched pairs. 17596 records in RAM.
INFO	2015-04-01 11:19:03	MarkDuplicates	Read    54,000,000 records.  Elapsed time: 00:26:09s.  Time for last 1,000,000:   22s.  Last read position: chr18:65,812,800
INFO	2015-04-01 11:19:03	MarkDuplicates	Tracking 588388 as yet unmatched pairs. 7078 records in RAM.
INFO	2015-04-01 11:19:22	MarkDuplicates	Read    55,000,000 records.  Elapsed time: 00:26:28s.  Time for last 1,000,000:   18s.  Last read position: chr19:4,839,201
INFO	2015-04-01 11:19:22	MarkDuplicates	Tracking 588782 as yet unmatched pairs. 23168 records in RAM.
INFO	2015-04-01 11:20:06	MarkDuplicates	Read    56,000,000 records.  Elapsed time: 00:27:13s.  Time for last 1,000,000:   45s.  Last read position: chr19:8,977,473
INFO	2015-04-01 11:20:06	MarkDuplicates	Tracking 590523 as yet unmatched pairs. 22023 records in RAM.
INFO	2015-04-01 11:20:27	MarkDuplicates	Read    57,000,000 records.  Elapsed time: 00:27:35s.  Time for last 1,000,000:   22s.  Last read position: chr19:35,157,189
INFO	2015-04-01 11:20:27	MarkDuplicates	Tracking 593344 as yet unmatched pairs. 11643 records in RAM.
INFO	2015-04-01 11:20:48	MarkDuplicates	Read    58,000,000 records.  Elapsed time: 00:27:56s.  Time for last 1,000,000:   20s.  Last read position: chr19:55,298,587
INFO	2015-04-01 11:20:48	MarkDuplicates	Tracking 596261 as yet unmatched pairs. 9399 records in RAM.
INFO	2015-04-01 11:21:18	MarkDuplicates	Read    59,000,000 records.  Elapsed time: 00:28:25s.  Time for last 1,000,000:   29s.  Last read position: chr2:25,222,668
INFO	2015-04-01 11:21:18	MarkDuplicates	Tracking 593646 as yet unmatched pairs. 49920 records in RAM.
INFO	2015-04-01 11:21:38	MarkDuplicates	Read    60,000,000 records.  Elapsed time: 00:28:46s.  Time for last 1,000,000:   20s.  Last read position: chr2:31,500,909
INFO	2015-04-01 11:21:38	MarkDuplicates	Tracking 600931 as yet unmatched pairs. 44554 records in RAM.
INFO	2015-04-01 11:21:56	MarkDuplicates	Read    61,000,000 records.  Elapsed time: 00:29:04s.  Time for last 1,000,000:   18s.  Last read position: chr2:59,354,449
INFO	2015-04-01 11:21:56	MarkDuplicates	Tracking 595437 as yet unmatched pairs. 33857 records in RAM.
INFO	2015-04-01 11:22:53	MarkDuplicates	Read    62,000,000 records.  Elapsed time: 00:30:02s.  Time for last 1,000,000:   57s.  Last read position: chr2:85,046,838
INFO	2015-04-01 11:22:53	MarkDuplicates	Tracking 604069 as yet unmatched pairs. 28841 records in RAM.
INFO	2015-04-01 11:23:11	MarkDuplicates	Read    63,000,000 records.  Elapsed time: 00:30:20s.  Time for last 1,000,000:   17s.  Last read position: chr2:118,609,845
INFO	2015-04-01 11:23:11	MarkDuplicates	Tracking 604899 as yet unmatched pairs. 24728 records in RAM.
INFO	2015-04-01 11:23:33	MarkDuplicates	Read    64,000,000 records.  Elapsed time: 00:30:41s.  Time for last 1,000,000:   21s.  Last read position: chr2:129,269,126
INFO	2015-04-01 11:23:33	MarkDuplicates	Tracking 606598 as yet unmatched pairs. 20965 records in RAM.
INFO	2015-04-01 11:24:06	MarkDuplicates	Read    65,000,000 records.  Elapsed time: 00:31:12s.  Time for last 1,000,000:   30s.  Last read position: chr2:153,769,843
INFO	2015-04-01 11:24:06	MarkDuplicates	Tracking 603326 as yet unmatched pairs. 14355 records in RAM.
INFO	2015-04-01 11:24:21	MarkDuplicates	Read    66,000,000 records.  Elapsed time: 00:31:27s.  Time for last 1,000,000:   15s.  Last read position: chr2:165,012,851
INFO	2015-04-01 11:24:21	MarkDuplicates	Tracking 600847 as yet unmatched pairs. 6870 records in RAM.
INFO	2015-04-01 11:24:34	MarkDuplicates	Read    67,000,000 records.  Elapsed time: 00:31:40s.  Time for last 1,000,000:   12s.  Last read position: chr2:179,924,468
INFO	2015-04-01 11:24:34	MarkDuplicates	Tracking 603076 as yet unmatched pairs. 3214 records in RAM.
INFO	2015-04-01 11:25:29	MarkDuplicates	Read    68,000,000 records.  Elapsed time: 00:32:37s.  Time for last 1,000,000:   57s.  Last read position: chr3:37,404,813
INFO	2015-04-01 11:25:29	MarkDuplicates	Tracking 604561 as yet unmatched pairs. 83624 records in RAM.
INFO	2015-04-01 11:25:45	MarkDuplicates	Read    69,000,000 records.  Elapsed time: 00:32:50s.  Time for last 1,000,000:   12s.  Last read position: chr3:65,380,460
INFO	2015-04-01 11:25:45	MarkDuplicates	Tracking 584042 as yet unmatched pairs. 53867 records in RAM.
INFO	2015-04-01 11:25:59	MarkDuplicates	Read    70,000,000 records.  Elapsed time: 00:33:05s.  Time for last 1,000,000:   15s.  Last read position: chr3:89,168,732
INFO	2015-04-01 11:25:59	MarkDuplicates	Tracking 568157 as yet unmatched pairs. 33915 records in RAM.
INFO	2015-04-01 11:26:15	MarkDuplicates	Read    71,000,000 records.  Elapsed time: 00:33:21s.  Time for last 1,000,000:   16s.  Last read position: chr3:98,424,119
INFO	2015-04-01 11:26:15	MarkDuplicates	Tracking 564158 as yet unmatched pairs. 23076 records in RAM.
INFO	2015-04-01 11:26:47	MarkDuplicates	Read    72,000,000 records.  Elapsed time: 00:33:54s.  Time for last 1,000,000:   32s.  Last read position: chr3:122,256,920
INFO	2015-04-01 11:26:47	MarkDuplicates	Tracking 560672 as yet unmatched pairs. 16481 records in RAM.
INFO	2015-04-01 11:27:02	MarkDuplicates	Read    73,000,000 records.  Elapsed time: 00:34:10s.  Time for last 1,000,000:   16s.  Last read position: chr3:152,381,873
INFO	2015-04-01 11:27:02	MarkDuplicates	Tracking 569697 as yet unmatched pairs. 1691 records in RAM.
INFO	2015-04-01 11:27:18	MarkDuplicates	Read    74,000,000 records.  Elapsed time: 00:34:26s.  Time for last 1,000,000:   15s.  Last read position: chr4:41,025,599
INFO	2015-04-01 11:27:18	MarkDuplicates	Tracking 571912 as yet unmatched pairs. 59836 records in RAM.
INFO	2015-04-01 11:27:33	MarkDuplicates	Read    75,000,000 records.  Elapsed time: 00:34:40s.  Time for last 1,000,000:   14s.  Last read position: chr4:59,472,813
INFO	2015-04-01 11:27:33	MarkDuplicates	Tracking 564950 as yet unmatched pairs. 50384 records in RAM.
INFO	2015-04-01 11:28:37	MarkDuplicates	Read    76,000,000 records.  Elapsed time: 00:35:45s.  Time for last 1,000,000:   64s.  Last read position: chr4:107,200,413
INFO	2015-04-01 11:28:37	MarkDuplicates	Tracking 558402 as yet unmatched pairs. 39068 records in RAM.
INFO	2015-04-01 11:28:52	MarkDuplicates	Read    77,000,000 records.  Elapsed time: 00:36:00s.  Time for last 1,000,000:   15s.  Last read position: chr4:123,380,504
INFO	2015-04-01 11:28:52	MarkDuplicates	Tracking 563093 as yet unmatched pairs. 32868 records in RAM.
INFO	2015-04-01 11:29:04	MarkDuplicates	Read    78,000,000 records.  Elapsed time: 00:36:13s.  Time for last 1,000,000:   12s.  Last read position: chr4:132,775,078
INFO	2015-04-01 11:29:04	MarkDuplicates	Tracking 560208 as yet unmatched pairs. 27810 records in RAM.
INFO	2015-04-01 11:29:20	MarkDuplicates	Read    79,000,000 records.  Elapsed time: 00:36:28s.  Time for last 1,000,000:   15s.  Last read position: chr4:139,291,233
INFO	2015-04-01 11:29:20	MarkDuplicates	Tracking 563413 as yet unmatched pairs. 20187 records in RAM.
INFO	2015-04-01 11:29:59	MarkDuplicates	Read    80,000,000 records.  Elapsed time: 00:37:03s.  Time for last 1,000,000:   34s.  Last read position: chr4:155,542,899
INFO	2015-04-01 11:29:59	MarkDuplicates	Tracking 554388 as yet unmatched pairs. 4945 records in RAM.
INFO	2015-04-01 11:30:18	MarkDuplicates	Read    81,000,000 records.  Elapsed time: 00:37:24s.  Time for last 1,000,000:   21s.  Last read position: chr5:28,387,680
INFO	2015-04-01 11:30:18	MarkDuplicates	Tracking 568651 as yet unmatched pairs. 71033 records in RAM.
INFO	2015-04-01 11:30:33	MarkDuplicates	Read    82,000,000 records.  Elapsed time: 00:37:41s.  Time for last 1,000,000:   17s.  Last read position: chr5:48,304,596
INFO	2015-04-01 11:30:33	MarkDuplicates	Tracking 562409 as yet unmatched pairs. 62738 records in RAM.
INFO	2015-04-01 11:30:47	MarkDuplicates	Read    83,000,000 records.  Elapsed time: 00:37:54s.  Time for last 1,000,000:   12s.  Last read position: chr5:93,167,575
INFO	2015-04-01 11:30:47	MarkDuplicates	Tracking 552846 as yet unmatched pairs. 51173 records in RAM.
INFO	2015-04-01 11:32:00	MarkDuplicates	Read    84,000,000 records.  Elapsed time: 00:39:09s.  Time for last 1,000,000:   74s.  Last read position: chr5:114,721,356
INFO	2015-04-01 11:32:00	MarkDuplicates	Tracking 559267 as yet unmatched pairs. 43487 records in RAM.
INFO	2015-04-01 11:32:21	MarkDuplicates	Read    85,000,000 records.  Elapsed time: 00:39:29s.  Time for last 1,000,000:   20s.  Last read position: chr5:123,704,411
INFO	2015-04-01 11:32:21	MarkDuplicates	Tracking 560347 as yet unmatched pairs. 28475 records in RAM.
INFO	2015-04-01 11:32:35	MarkDuplicates	Read    86,000,000 records.  Elapsed time: 00:39:42s.  Time for last 1,000,000:   13s.  Last read position: chr5:135,011,987
INFO	2015-04-01 11:32:35	MarkDuplicates	Tracking 556348 as yet unmatched pairs. 22742 records in RAM.
INFO	2015-04-01 11:32:49	MarkDuplicates	Read    87,000,000 records.  Elapsed time: 00:39:56s.  Time for last 1,000,000:   14s.  Last read position: chr5:143,907,273
INFO	2015-04-01 11:32:49	MarkDuplicates	Tracking 552635 as yet unmatched pairs. 15004 records in RAM.
INFO	2015-04-01 11:33:07	MarkDuplicates	Read    88,000,000 records.  Elapsed time: 00:40:15s.  Time for last 1,000,000:   19s.  Last read position: chr6:15,799,978
INFO	2015-04-01 11:33:07	MarkDuplicates	Tracking 521994 as yet unmatched pairs. 55665 records in RAM.
INFO	2015-04-01 11:33:36	MarkDuplicates	Read    89,000,000 records.  Elapsed time: 00:40:44s.  Time for last 1,000,000:   28s.  Last read position: chr6:39,802,461
INFO	2015-04-01 11:33:36	MarkDuplicates	Tracking 519221 as yet unmatched pairs. 50316 records in RAM.
INFO	2015-04-01 11:33:47	MarkDuplicates	Read    90,000,000 records.  Elapsed time: 00:40:55s.  Time for last 1,000,000:   11s.  Last read position: chr6:71,809,467
INFO	2015-04-01 11:33:47	MarkDuplicates	Tracking 510315 as yet unmatched pairs. 39760 records in RAM.
INFO	2015-04-01 11:34:00	MarkDuplicates	Read    91,000,000 records.  Elapsed time: 00:41:08s.  Time for last 1,000,000:   13s.  Last read position: chr6:91,757,543
INFO	2015-04-01 11:34:00	MarkDuplicates	Tracking 509914 as yet unmatched pairs. 35302 records in RAM.
INFO	2015-04-01 11:34:15	MarkDuplicates	Read    92,000,000 records.  Elapsed time: 00:41:22s.  Time for last 1,000,000:   14s.  Last read position: chr6:124,714,447
INFO	2015-04-01 11:34:15	MarkDuplicates	Tracking 501488 as yet unmatched pairs. 24603 records in RAM.
INFO	2015-04-01 11:35:46	MarkDuplicates	Read    93,000,000 records.  Elapsed time: 00:42:55s.  Time for last 1,000,000:   92s.  Last read position: chr6:137,739,762
INFO	2015-04-01 11:35:46	MarkDuplicates	Tracking 492338 as yet unmatched pairs. 8087 records in RAM.
INFO	2015-04-01 11:36:04	MarkDuplicates	Read    94,000,000 records.  Elapsed time: 00:43:13s.  Time for last 1,000,000:   17s.  Last read position: chr7:13,035,609
INFO	2015-04-01 11:36:04	MarkDuplicates	Tracking 484763 as yet unmatched pairs. 93451 records in RAM.
INFO	2015-04-01 11:36:22	MarkDuplicates	Read    95,000,000 records.  Elapsed time: 00:43:27s.  Time for last 1,000,000:   14s.  Last read position: chr7:28,320,292
INFO	2015-04-01 11:36:22	MarkDuplicates	Tracking 473127 as yet unmatched pairs. 80475 records in RAM.
INFO	2015-04-01 11:36:38	MarkDuplicates	Read    96,000,000 records.  Elapsed time: 00:43:44s.  Time for last 1,000,000:   17s.  Last read position: chr7:45,083,141
INFO	2015-04-01 11:36:38	MarkDuplicates	Tracking 470156 as yet unmatched pairs. 75570 records in RAM.
INFO	2015-04-01 11:36:52	MarkDuplicates	Read    97,000,000 records.  Elapsed time: 00:44:00s.  Time for last 1,000,000:   15s.  Last read position: chr7:78,902,614
INFO	2015-04-01 11:36:52	MarkDuplicates	Tracking 454353 as yet unmatched pairs. 58463 records in RAM.
INFO	2015-04-01 11:37:28	MarkDuplicates	Read    98,000,000 records.  Elapsed time: 00:44:34s.  Time for last 1,000,000:   34s.  Last read position: chr7:100,879,727
INFO	2015-04-01 11:37:28	MarkDuplicates	Tracking 438098 as yet unmatched pairs. 40967 records in RAM.
INFO	2015-04-01 11:37:43	MarkDuplicates	Read    99,000,000 records.  Elapsed time: 00:44:49s.  Time for last 1,000,000:   14s.  Last read position: chr7:114,215,819
INFO	2015-04-01 11:37:43	MarkDuplicates	Tracking 441670 as yet unmatched pairs. 43547 records in RAM.
INFO	2015-04-01 11:37:56	MarkDuplicates	Read   100,000,000 records.  Elapsed time: 00:45:03s.  Time for last 1,000,000:   14s.  Last read position: chr7:127,663,984
INFO	2015-04-01 11:37:56	MarkDuplicates	Tracking 427958 as yet unmatched pairs. 27170 records in RAM.
INFO	2015-04-01 11:38:09	MarkDuplicates	Read   101,000,000 records.  Elapsed time: 00:45:16s.  Time for last 1,000,000:   13s.  Last read position: chr7:142,576,205
INFO	2015-04-01 11:38:09	MarkDuplicates	Tracking 435160 as yet unmatched pairs. 30844 records in RAM.
INFO	2015-04-01 11:39:31	MarkDuplicates	Read   102,000,000 records.  Elapsed time: 00:46:39s.  Time for last 1,000,000:   82s.  Last read position: chr8:11,206,361
INFO	2015-04-01 11:39:31	MarkDuplicates	Tracking 417328 as yet unmatched pairs. 98080 records in RAM.
INFO	2015-04-01 11:39:48	MarkDuplicates	Read   103,000,000 records.  Elapsed time: 00:46:51s.  Time for last 1,000,000:   12s.  Last read position: chr8:25,764,735
INFO	2015-04-01 11:39:48	MarkDuplicates	Tracking 411185 as yet unmatched pairs. 90893 records in RAM.
INFO	2015-04-01 11:40:07	MarkDuplicates	Read   104,000,000 records.  Elapsed time: 00:47:12s.  Time for last 1,000,000:   21s.  Last read position: chr8:70,333,130
INFO	2015-04-01 11:40:07	MarkDuplicates	Tracking 396706 as yet unmatched pairs. 74716 records in RAM.
INFO	2015-04-01 11:40:26	MarkDuplicates	Read   105,000,000 records.  Elapsed time: 00:47:30s.  Time for last 1,000,000:   17s.  Last read position: chr8:84,837,491
INFO	2015-04-01 11:40:26	MarkDuplicates	Tracking 379324 as yet unmatched pairs. 55567 records in RAM.
INFO	2015-04-01 11:40:51	MarkDuplicates	Read   106,000,000 records.  Elapsed time: 00:48:00s.  Time for last 1,000,000:   29s.  Last read position: chr8:105,682,152
INFO	2015-04-01 11:40:51	MarkDuplicates	Tracking 356128 as yet unmatched pairs. 31154 records in RAM.
INFO	2015-04-01 11:41:08	MarkDuplicates	Read   107,000,000 records.  Elapsed time: 00:48:14s.  Time for last 1,000,000:   14s.  Last read position: chr8:121,882,919
INFO	2015-04-01 11:41:08	MarkDuplicates	Tracking 345572 as yet unmatched pairs. 11925 records in RAM.
INFO	2015-04-01 11:41:29	MarkDuplicates	Read   108,000,000 records.  Elapsed time: 00:48:35s.  Time for last 1,000,000:   21s.  Last read position: chr9:20,500,139
INFO	2015-04-01 11:41:29	MarkDuplicates	Tracking 325997 as yet unmatched pairs. 145089 records in RAM.
INFO	2015-04-01 11:41:45	MarkDuplicates	Read   109,000,000 records.  Elapsed time: 00:48:51s.  Time for last 1,000,000:   15s.  Last read position: chr9:40,804,467
INFO	2015-04-01 11:41:45	MarkDuplicates	Tracking 304693 as yet unmatched pairs. 123573 records in RAM.
INFO	2015-04-01 11:42:03	MarkDuplicates	Read   110,000,000 records.  Elapsed time: 00:49:09s.  Time for last 1,000,000:   18s.  Last read position: chr9:55,488,875
INFO	2015-04-01 11:42:03	MarkDuplicates	Tracking 297891 as yet unmatched pairs. 105923 records in RAM.
INFO	2015-04-01 11:43:12	MarkDuplicates	Read   111,000,000 records.  Elapsed time: 00:50:20s.  Time for last 1,000,000:   71s.  Last read position: chr9:66,060,294
INFO	2015-04-01 11:43:12	MarkDuplicates	Tracking 282851 as yet unmatched pairs. 90695 records in RAM.
INFO	2015-04-01 11:43:29	MarkDuplicates	Read   112,000,000 records.  Elapsed time: 00:50:35s.  Time for last 1,000,000:   14s.  Last read position: chr9:78,480,060
INFO	2015-04-01 11:43:29	MarkDuplicates	Tracking 290212 as yet unmatched pairs. 97845 records in RAM.
INFO	2015-04-01 11:43:45	MarkDuplicates	Read   113,000,000 records.  Elapsed time: 00:50:50s.  Time for last 1,000,000:   15s.  Last read position: chr9:103,320,670
INFO	2015-04-01 11:43:45	MarkDuplicates	Tracking 250578 as yet unmatched pairs. 57954 records in RAM.
INFO	2015-04-01 11:44:02	MarkDuplicates	Read   114,000,000 records.  Elapsed time: 00:51:09s.  Time for last 1,000,000:   18s.  Last read position: chr9:112,069,458
INFO	2015-04-01 11:44:02	MarkDuplicates	Tracking 237713 as yet unmatched pairs. 44826 records in RAM.
INFO	2015-04-01 11:44:34	MarkDuplicates	Read   115,000,000 records.  Elapsed time: 00:51:42s.  Time for last 1,000,000:   33s.  Last read position: chrM:3,409
INFO	2015-04-01 11:44:34	MarkDuplicates	Tracking 201924 as yet unmatched pairs. 32032 records in RAM.
INFO	2015-04-01 11:44:53	MarkDuplicates	Read   116,000,000 records.  Elapsed time: 00:51:59s.  Time for last 1,000,000:   16s.  Last read position: chrM:12,534
INFO	2015-04-01 11:44:53	MarkDuplicates	Tracking 178056 as yet unmatched pairs. 8062 records in RAM.
INFO	2015-04-01 11:45:13	MarkDuplicates	Read   117,000,000 records.  Elapsed time: 00:52:21s.  Time for last 1,000,000:   22s.  Last read position: chrX:38,424,354
INFO	2015-04-01 11:45:13	MarkDuplicates	Tracking 157392 as yet unmatched pairs. 58150 records in RAM.
INFO	2015-04-01 11:45:30	MarkDuplicates	Read   118,000,000 records.  Elapsed time: 00:52:37s.  Time for last 1,000,000:   16s.  Last read position: chrX:74,273,067
INFO	2015-04-01 11:45:30	MarkDuplicates	Tracking 135813 as yet unmatched pairs. 36558 records in RAM.
INFO	2015-04-01 11:46:52	MarkDuplicates	Read   119,000,000 records.  Elapsed time: 00:54:01s.  Time for last 1,000,000:   83s.  Last read position: chrX:103,699,088
INFO	2015-04-01 11:46:52	MarkDuplicates	Tracking 127493 as yet unmatched pairs. 28217 records in RAM.
INFO	2015-04-01 11:47:11	MarkDuplicates	Read   120,000,000 records.  Elapsed time: 00:54:18s.  Time for last 1,000,000:   17s.  Last read position: chrX:150,647,721
INFO	2015-04-01 11:47:11	MarkDuplicates	Tracking 111723 as yet unmatched pairs. 12414 records in RAM.
INFO	2015-04-01 11:47:25	MarkDuplicates	Read 120771920 records. 96178 pairs never matched.
INFO	2015-04-01 11:48:06	MarkDuplicates	After buildSortedReadEndLists freeMemory: 14035718648; totalMemory: 27163688960; maxMemory: 38177538048
INFO	2015-04-01 11:48:06	MarkDuplicates	Will retain up to 1193048064 duplicate indices before spilling to disk.
INFO	2015-04-01 11:48:11	MarkDuplicates	Traversing read pair information and detecting duplicates.
INFO	2015-04-01 11:49:40	MarkDuplicates	Traversing fragment information and detecting duplicates.
INFO	2015-04-01 11:51:53	MarkDuplicates	Sorting list of duplicate records.
INFO	2015-04-01 11:53:10	MarkDuplicates	After generateDuplicateIndexes freeMemory: 27362750456; totalMemory: 37080858624; maxMemory: 38177538048
INFO	2015-04-01 11:53:10	MarkDuplicates	Marking 2033425 records as duplicates.
INFO	2015-04-01 11:53:10	MarkDuplicates	Found 114309 optical duplicate clusters.
INFO	2015-04-01 11:58:49	MarkDuplicates	Written    10,000,000 records.  Elapsed time: 00:05:38s.  Time for last 10,000,000:  338s.  Last read position: chr10:79,859,105
INFO	2015-04-01 12:04:53	MarkDuplicates	Written    20,000,000 records.  Elapsed time: 00:11:41s.  Time for last 10,000,000:  363s.  Last read position: chr11:94,643,301
INFO	2015-04-01 12:10:49	MarkDuplicates	Written    30,000,000 records.  Elapsed time: 00:17:35s.  Time for last 10,000,000:  353s.  Last read position: chr13:55,476,186
INFO	2015-04-01 12:16:20	MarkDuplicates	Written    40,000,000 records.  Elapsed time: 00:23:09s.  Time for last 10,000,000:  333s.  Last read position: chr15:84,945,874
INFO	2015-04-01 12:21:46	MarkDuplicates	Written    50,000,000 records.  Elapsed time: 00:28:35s.  Time for last 10,000,000:  325s.  Last read position: chr17:50,735,997
INFO	2015-04-01 12:27:08	MarkDuplicates	Written    60,000,000 records.  Elapsed time: 00:33:57s.  Time for last 10,000,000:  322s.  Last read position: chr2:31,500,909
INFO	2015-04-01 12:32:28	MarkDuplicates	Written    70,000,000 records.  Elapsed time: 00:39:17s.  Time for last 10,000,000:  319s.  Last read position: chr3:89,168,732
INFO	2015-04-01 12:37:25	MarkDuplicates	Written    80,000,000 records.  Elapsed time: 00:44:14s.  Time for last 10,000,000:  297s.  Last read position: chr4:155,542,899
INFO	2015-04-01 12:42:59	MarkDuplicates	Written    90,000,000 records.  Elapsed time: 00:49:48s.  Time for last 10,000,000:  333s.  Last read position: chr6:71,809,467
INFO	2015-04-01 12:48:46	MarkDuplicates	Written   100,000,000 records.  Elapsed time: 00:55:35s.  Time for last 10,000,000:  346s.  Last read position: chr7:127,663,984
INFO	2015-04-01 12:54:35	MarkDuplicates	Written   110,000,000 records.  Elapsed time: 01:01:24s.  Time for last 10,000,000:  348s.  Last read position: chr9:55,488,875
INFO	2015-04-01 13:00:45	MarkDuplicates	Written   120,000,000 records.  Elapsed time: 01:07:34s.  Time for last 10,000,000:  370s.  Last read position: chrX:150,647,721
INFO	2015-04-01 13:01:17	MarkDuplicates	Before output close freeMemory: 36715279152; totalMemory: 36989042688; maxMemory: 38177538048
INFO	2015-04-01 13:01:22	MarkDuplicates	After output close freeMemory: 36911428256; totalMemory: 37185191936; maxMemory: 38177538048
[Wed Apr 01 13:01:22 EDT 2015] net.sf.picard.sam.MarkDuplicates done. Elapsed time: 128.57 minutes.
Runtime.totalMemory()=37185191936
