[Wed Apr 01 11:18:58 EDT 2015] net.sf.picard.sam.MarkDuplicates INPUT=[/n/rinn_data1/users/agroff/seq/OtherMice/Diana/lincP21/bam/JR925/rmdup_accepted_hits_sorted_picard.bam] OUTPUT=/n/rinn_data1/users/agroff/seq/OtherMice/Diana/lincP21/bam/JR925/rmdup_accepted_hits_sorted_duplicates_marked.bam METRICS_FILE=dup_metrics.txt    PROGRAM_RECORD_ID=MarkDuplicates PROGRAM_GROUP_NAME=MarkDuplicates REMOVE_DUPLICATES=false ASSUME_SORTED=false MAX_SEQUENCES_FOR_DISK_READ_ENDS_MAP=50000 MAX_FILE_HANDLES_FOR_READ_ENDS_MAP=8000 SORTING_COLLECTION_SIZE_RATIO=0.25 READ_NAME_REGEX=[a-zA-Z0-9]+:[0-9]:([0-9]+):([0-9]+):([0-9]+).* OPTICAL_DUPLICATE_PIXEL_DISTANCE=100 VERBOSITY=INFO QUIET=false VALIDATION_STRINGENCY=STRICT COMPRESSION_LEVEL=5 MAX_RECORDS_IN_RAM=500000 CREATE_INDEX=false CREATE_MD5_FILE=false
[Wed Apr 01 11:18:58 EDT 2015] Executing as agroff@holy2a07206.rc.fas.harvard.edu on Linux 2.6.32-431.17.1.el6.x86_64 amd64; Java HotSpot(TM) 64-Bit Server VM 1.6.0_11-b03; Picard version: 1.98(1547)
INFO	2015-04-01 11:18:58	MarkDuplicates	Start of doWork freeMemory: 8533720; totalMemory: 9109504; maxMemory: 38177538048
INFO	2015-04-01 11:18:58	MarkDuplicates	Reading input file and constructing read end information.
INFO	2015-04-01 11:18:58	MarkDuplicates	Will retain up to 151498166 data points before spilling to disk.
INFO	2015-04-01 11:20:06	MarkDuplicates	Read     1,000,000 records.  Elapsed time: 00:01:04s.  Time for last 1,000,000:   64s.  Last read position: chr1:58,480,981
INFO	2015-04-01 11:20:06	MarkDuplicates	Tracking 35170 as yet unmatched pairs. 867 records in RAM.
INFO	2015-04-01 11:20:34	MarkDuplicates	Read     2,000,000 records.  Elapsed time: 00:01:32s.  Time for last 1,000,000:   28s.  Last read position: chr1:93,417,202
INFO	2015-04-01 11:20:34	MarkDuplicates	Tracking 48365 as yet unmatched pairs. 1349 records in RAM.
INFO	2015-04-01 11:21:04	MarkDuplicates	Read     3,000,000 records.  Elapsed time: 00:02:00s.  Time for last 1,000,000:   28s.  Last read position: chr1:153,907,916
INFO	2015-04-01 11:21:04	MarkDuplicates	Tracking 66986 as yet unmatched pairs. 1373 records in RAM.
INFO	2015-04-01 11:21:30	MarkDuplicates	Read     4,000,000 records.  Elapsed time: 00:02:26s.  Time for last 1,000,000:   26s.  Last read position: chr1:181,177,398
INFO	2015-04-01 11:21:30	MarkDuplicates	Tracking 79552 as yet unmatched pairs. 1372 records in RAM.
INFO	2015-04-01 11:21:57	MarkDuplicates	Read     5,000,000 records.  Elapsed time: 00:02:54s.  Time for last 1,000,000:   28s.  Last read position: chr10:43,583,122
INFO	2015-04-01 11:21:57	MarkDuplicates	Tracking 108225 as yet unmatched pairs. 7651 records in RAM.
INFO	2015-04-01 11:22:26	MarkDuplicates	Read     6,000,000 records.  Elapsed time: 00:03:18s.  Time for last 1,000,000:   24s.  Last read position: chr10:80,293,697
INFO	2015-04-01 11:22:26	MarkDuplicates	Tracking 117155 as yet unmatched pairs. 8226 records in RAM.
INFO	2015-04-01 11:22:51	MarkDuplicates	Read     7,000,000 records.  Elapsed time: 00:03:45s.  Time for last 1,000,000:   26s.  Last read position: chr10:117,051,265
INFO	2015-04-01 11:22:51	MarkDuplicates	Tracking 125270 as yet unmatched pairs. 2076 records in RAM.
INFO	2015-04-01 11:23:20	MarkDuplicates	Read     8,000,000 records.  Elapsed time: 00:04:18s.  Time for last 1,000,000:   32s.  Last read position: chr11:6,415,895
INFO	2015-04-01 11:23:20	MarkDuplicates	Tracking 141101 as yet unmatched pairs. 8905 records in RAM.
INFO	2015-04-01 11:23:42	MarkDuplicates	Read     9,000,000 records.  Elapsed time: 00:04:35s.  Time for last 1,000,000:   17s.  Last read position: chr11:32,296,570
INFO	2015-04-01 11:23:42	MarkDuplicates	Tracking 204647 as yet unmatched pairs. 53217 records in RAM.
INFO	2015-04-01 11:24:05	MarkDuplicates	Read    10,000,000 records.  Elapsed time: 00:04:59s.  Time for last 1,000,000:   24s.  Last read position: chr11:32,296,928
INFO	2015-04-01 11:24:05	MarkDuplicates	Tracking 453138 as yet unmatched pairs. 299696 records in RAM.
INFO	2015-04-01 11:24:24	MarkDuplicates	Read    11,000,000 records.  Elapsed time: 00:05:19s.  Time for last 1,000,000:   19s.  Last read position: chr11:46,440,755
INFO	2015-04-01 11:24:24	MarkDuplicates	Tracking 651324 as yet unmatched pairs. 492354 records in RAM.
INFO	2015-04-01 11:24:47	MarkDuplicates	Read    12,000,000 records.  Elapsed time: 00:05:45s.  Time for last 1,000,000:   26s.  Last read position: chr11:65,706,988
INFO	2015-04-01 11:24:47	MarkDuplicates	Tracking 664512 as yet unmatched pairs. 498080 records in RAM.
INFO	2015-04-01 11:25:05	MarkDuplicates	Read    13,000,000 records.  Elapsed time: 00:06:01s.  Time for last 1,000,000:   16s.  Last read position: chr11:78,499,969
INFO	2015-04-01 11:25:05	MarkDuplicates	Tracking 674038 as yet unmatched pairs. 498137 records in RAM.
INFO	2015-04-01 11:25:35	MarkDuplicates	Read    14,000,000 records.  Elapsed time: 00:06:27s.  Time for last 1,000,000:   25s.  Last read position: chr11:97,187,874
INFO	2015-04-01 11:25:35	MarkDuplicates	Tracking 680305 as yet unmatched pairs. 495385 records in RAM.
INFO	2015-04-01 11:26:05	MarkDuplicates	Read    15,000,000 records.  Elapsed time: 00:07:03s.  Time for last 1,000,000:   35s.  Last read position: chr11:106,032,071
INFO	2015-04-01 11:26:05	MarkDuplicates	Tracking 691674 as yet unmatched pairs. 494886 records in RAM.
INFO	2015-04-01 11:26:25	MarkDuplicates	Read    16,000,000 records.  Elapsed time: 00:07:22s.  Time for last 1,000,000:   19s.  Last read position: chr11:120,763,987
INFO	2015-04-01 11:26:25	MarkDuplicates	Tracking 705536 as yet unmatched pairs. 494054 records in RAM.
INFO	2015-04-01 11:27:22	MarkDuplicates	Read    17,000,000 records.  Elapsed time: 00:08:19s.  Time for last 1,000,000:   56s.  Last read position: chr12:51,627,832
INFO	2015-04-01 11:27:22	MarkDuplicates	Tracking 725570 as yet unmatched pairs. 8410 records in RAM.
INFO	2015-04-01 11:27:49	MarkDuplicates	Read    18,000,000 records.  Elapsed time: 00:08:40s.  Time for last 1,000,000:   21s.  Last read position: chr12:85,171,781
INFO	2015-04-01 11:27:49	MarkDuplicates	Tracking 747404 as yet unmatched pairs. 6432 records in RAM.
INFO	2015-04-01 11:28:06	MarkDuplicates	Read    19,000,000 records.  Elapsed time: 00:08:59s.  Time for last 1,000,000:   18s.  Last read position: chr12:103,951,005
INFO	2015-04-01 11:28:06	MarkDuplicates	Tracking 766616 as yet unmatched pairs. 22149 records in RAM.
INFO	2015-04-01 11:28:43	MarkDuplicates	Read    20,000,000 records.  Elapsed time: 00:09:33s.  Time for last 1,000,000:   34s.  Last read position: chr13:17,988,901
INFO	2015-04-01 11:28:43	MarkDuplicates	Tracking 774323 as yet unmatched pairs. 13599 records in RAM.
INFO	2015-04-01 11:29:17	MarkDuplicates	Read    21,000,000 records.  Elapsed time: 00:10:06s.  Time for last 1,000,000:   32s.  Last read position: chr13:58,189,714
INFO	2015-04-01 11:29:17	MarkDuplicates	Tracking 791381 as yet unmatched pairs. 9875 records in RAM.
INFO	2015-04-01 11:29:52	MarkDuplicates	Read    22,000,000 records.  Elapsed time: 00:10:43s.  Time for last 1,000,000:   36s.  Last read position: chr13:100,780,082
INFO	2015-04-01 11:29:52	MarkDuplicates	Tracking 821976 as yet unmatched pairs. 2441 records in RAM.
INFO	2015-04-01 11:30:17	MarkDuplicates	Read    23,000,000 records.  Elapsed time: 00:11:11s.  Time for last 1,000,000:   28s.  Last read position: chr14:32,116,131
INFO	2015-04-01 11:30:17	MarkDuplicates	Tracking 841358 as yet unmatched pairs. 22937 records in RAM.
INFO	2015-04-01 11:30:34	MarkDuplicates	Read    24,000,000 records.  Elapsed time: 00:11:29s.  Time for last 1,000,000:   18s.  Last read position: chr14:64,757,542
INFO	2015-04-01 11:30:34	MarkDuplicates	Tracking 842761 as yet unmatched pairs. 11239 records in RAM.
INFO	2015-04-01 11:31:00	MarkDuplicates	Read    25,000,000 records.  Elapsed time: 00:11:55s.  Time for last 1,000,000:   25s.  Last read position: chr14:79,300,219
INFO	2015-04-01 11:31:00	MarkDuplicates	Tracking 847594 as yet unmatched pairs. 8897 records in RAM.
INFO	2015-04-01 11:31:33	MarkDuplicates	Read    26,000,000 records.  Elapsed time: 00:12:24s.  Time for last 1,000,000:   28s.  Last read position: chr15:51,962,776
INFO	2015-04-01 11:31:33	MarkDuplicates	Tracking 857561 as yet unmatched pairs. 9878 records in RAM.
INFO	2015-04-01 11:31:59	MarkDuplicates	Read    27,000,000 records.  Elapsed time: 00:12:48s.  Time for last 1,000,000:   24s.  Last read position: chr15:81,710,398
INFO	2015-04-01 11:31:59	MarkDuplicates	Tracking 856253 as yet unmatched pairs. 3612 records in RAM.
INFO	2015-04-01 11:32:35	MarkDuplicates	Read    28,000,000 records.  Elapsed time: 00:13:26s.  Time for last 1,000,000:   37s.  Last read position: chr15:99,104,532
INFO	2015-04-01 11:32:35	MarkDuplicates	Tracking 871262 as yet unmatched pairs. 11053 records in RAM.
INFO	2015-04-01 11:33:02	MarkDuplicates	Read    29,000,000 records.  Elapsed time: 00:14:00s.  Time for last 1,000,000:   33s.  Last read position: chr16:18,533,252
INFO	2015-04-01 11:33:02	MarkDuplicates	Tracking 882567 as yet unmatched pairs. 8416 records in RAM.
INFO	2015-04-01 11:33:26	MarkDuplicates	Read    30,000,000 records.  Elapsed time: 00:14:17s.  Time for last 1,000,000:   17s.  Last read position: chr16:46,153,249
INFO	2015-04-01 11:33:26	MarkDuplicates	Tracking 887454 as yet unmatched pairs. 4860 records in RAM.
INFO	2015-04-01 11:34:10	MarkDuplicates	Read    31,000,000 records.  Elapsed time: 00:14:59s.  Time for last 1,000,000:   42s.  Last read position: chr17:12,930,038
INFO	2015-04-01 11:34:10	MarkDuplicates	Tracking 898288 as yet unmatched pairs. 32505 records in RAM.
INFO	2015-04-01 11:34:35	MarkDuplicates	Read    32,000,000 records.  Elapsed time: 00:15:25s.  Time for last 1,000,000:   25s.  Last read position: chr17:28,748,192
INFO	2015-04-01 11:34:35	MarkDuplicates	Tracking 902328 as yet unmatched pairs. 20611 records in RAM.
INFO	2015-04-01 11:35:00	MarkDuplicates	Read    33,000,000 records.  Elapsed time: 00:15:54s.  Time for last 1,000,000:   29s.  Last read position: chr17:39,846,669
INFO	2015-04-01 11:35:00	MarkDuplicates	Tracking 902723 as yet unmatched pairs. 11754 records in RAM.
INFO	2015-04-01 11:35:21	MarkDuplicates	Read    34,000,000 records.  Elapsed time: 00:16:14s.  Time for last 1,000,000:   20s.  Last read position: chr17:74,703,106
INFO	2015-04-01 11:35:21	MarkDuplicates	Tracking 908739 as yet unmatched pairs. 4291 records in RAM.
INFO	2015-04-01 11:36:04	MarkDuplicates	Read    35,000,000 records.  Elapsed time: 00:16:55s.  Time for last 1,000,000:   40s.  Last read position: chr18:36,668,689
INFO	2015-04-01 11:36:04	MarkDuplicates	Tracking 909231 as yet unmatched pairs. 12116 records in RAM.
INFO	2015-04-01 11:36:27	MarkDuplicates	Read    36,000,000 records.  Elapsed time: 00:17:18s.  Time for last 1,000,000:   23s.  Last read position: chr18:78,100,527
INFO	2015-04-01 11:36:27	MarkDuplicates	Tracking 912354 as yet unmatched pairs. 3084 records in RAM.
INFO	2015-04-01 11:36:48	MarkDuplicates	Read    37,000,000 records.  Elapsed time: 00:17:41s.  Time for last 1,000,000:   23s.  Last read position: chr19:9,982,787
INFO	2015-04-01 11:36:48	MarkDuplicates	Tracking 916226 as yet unmatched pairs. 16174 records in RAM.
INFO	2015-04-01 11:37:05	MarkDuplicates	Read    38,000,000 records.  Elapsed time: 00:17:58s.  Time for last 1,000,000:   16s.  Last read position: chr19:44,304,655
INFO	2015-04-01 11:37:05	MarkDuplicates	Tracking 918285 as yet unmatched pairs. 9461 records in RAM.
INFO	2015-04-01 11:37:45	MarkDuplicates	Read    39,000,000 records.  Elapsed time: 00:18:36s.  Time for last 1,000,000:   37s.  Last read position: chr2:25,222,663
INFO	2015-04-01 11:37:45	MarkDuplicates	Tracking 918521 as yet unmatched pairs. 41026 records in RAM.
INFO	2015-04-01 11:38:05	MarkDuplicates	Read    40,000,000 records.  Elapsed time: 00:18:58s.  Time for last 1,000,000:   22s.  Last read position: chr2:39,001,598
INFO	2015-04-01 11:38:05	MarkDuplicates	Tracking 924484 as yet unmatched pairs. 32491 records in RAM.
INFO	2015-04-01 11:38:26	MarkDuplicates	Read    41,000,000 records.  Elapsed time: 00:19:23s.  Time for last 1,000,000:   25s.  Last read position: chr2:91,628,341
INFO	2015-04-01 11:38:26	MarkDuplicates	Tracking 926816 as yet unmatched pairs. 23615 records in RAM.
INFO	2015-04-01 11:38:43	MarkDuplicates	Read    42,000,000 records.  Elapsed time: 00:19:37s.  Time for last 1,000,000:   13s.  Last read position: chr2:126,892,333
INFO	2015-04-01 11:38:43	MarkDuplicates	Tracking 926852 as yet unmatched pairs. 17829 records in RAM.
INFO	2015-04-01 11:39:10	MarkDuplicates	Read    43,000,000 records.  Elapsed time: 00:20:00s.  Time for last 1,000,000:   23s.  Last read position: chr2:156,097,866
INFO	2015-04-01 11:39:10	MarkDuplicates	Tracking 920007 as yet unmatched pairs. 6841 records in RAM.
INFO	2015-04-01 11:39:53	MarkDuplicates	Read    44,000,000 records.  Elapsed time: 00:20:44s.  Time for last 1,000,000:   43s.  Last read position: chr2:180,720,690
INFO	2015-04-01 11:39:53	MarkDuplicates	Tracking 920709 as yet unmatched pairs. 1643 records in RAM.
INFO	2015-04-01 11:40:19	MarkDuplicates	Read    45,000,000 records.  Elapsed time: 00:21:09s.  Time for last 1,000,000:   25s.  Last read position: chr3:58,460,383
INFO	2015-04-01 11:40:19	MarkDuplicates	Tracking 907984 as yet unmatched pairs. 37571 records in RAM.
INFO	2015-04-01 11:40:42	MarkDuplicates	Read    46,000,000 records.  Elapsed time: 00:21:34s.  Time for last 1,000,000:   24s.  Last read position: chr3:90,087,559
INFO	2015-04-01 11:40:42	MarkDuplicates	Tracking 897800 as yet unmatched pairs. 23872 records in RAM.
INFO	2015-04-01 11:41:12	MarkDuplicates	Read    47,000,000 records.  Elapsed time: 00:22:02s.  Time for last 1,000,000:   27s.  Last read position: chr3:117,782,242
INFO	2015-04-01 11:41:12	MarkDuplicates	Tracking 892663 as yet unmatched pairs. 13034 records in RAM.
INFO	2015-04-01 11:41:32	MarkDuplicates	Read    48,000,000 records.  Elapsed time: 00:22:27s.  Time for last 1,000,000:   24s.  Last read position: chr4:12,143,694
INFO	2015-04-01 11:41:32	MarkDuplicates	Tracking 903533 as yet unmatched pairs. 49290 records in RAM.
INFO	2015-04-01 11:42:16	MarkDuplicates	Read    49,000,000 records.  Elapsed time: 00:23:12s.  Time for last 1,000,000:   45s.  Last read position: chr4:62,505,896
INFO	2015-04-01 11:42:16	MarkDuplicates	Tracking 897255 as yet unmatched pairs. 39041 records in RAM.
INFO	2015-04-01 11:42:30	MarkDuplicates	Read    50,000,000 records.  Elapsed time: 00:23:27s.  Time for last 1,000,000:   15s.  Last read position: chr4:118,226,028
INFO	2015-04-01 11:42:30	MarkDuplicates	Tracking 897950 as yet unmatched pairs. 30045 records in RAM.
INFO	2015-04-01 11:42:45	MarkDuplicates	Read    51,000,000 records.  Elapsed time: 00:23:40s.  Time for last 1,000,000:   13s.  Last read position: chr4:133,966,441
INFO	2015-04-01 11:42:45	MarkDuplicates	Tracking 895689 as yet unmatched pairs. 23256 records in RAM.
INFO	2015-04-01 11:43:12	MarkDuplicates	Read    52,000,000 records.  Elapsed time: 00:24:06s.  Time for last 1,000,000:   26s.  Last read position: chr4:154,023,854
INFO	2015-04-01 11:43:12	MarkDuplicates	Tracking 885003 as yet unmatched pairs. 6368 records in RAM.
INFO	2015-04-01 11:43:27	MarkDuplicates	Read    53,000,000 records.  Elapsed time: 00:24:23s.  Time for last 1,000,000:   16s.  Last read position: chr5:32,793,551
INFO	2015-04-01 11:43:27	MarkDuplicates	Tracking 895713 as yet unmatched pairs. 49131 records in RAM.
INFO	2015-04-01 11:43:39	MarkDuplicates	Read    54,000,000 records.  Elapsed time: 00:24:36s.  Time for last 1,000,000:   12s.  Last read position: chr5:90,464,873
INFO	2015-04-01 11:43:39	MarkDuplicates	Tracking 904529 as yet unmatched pairs. 55496 records in RAM.
INFO	2015-04-01 11:44:20	MarkDuplicates	Read    55,000,000 records.  Elapsed time: 00:25:14s.  Time for last 1,000,000:   38s.  Last read position: chr5:106,637,368
INFO	2015-04-01 11:44:20	MarkDuplicates	Tracking 890712 as yet unmatched pairs. 39332 records in RAM.
INFO	2015-04-01 11:44:37	MarkDuplicates	Read    56,000,000 records.  Elapsed time: 00:25:32s.  Time for last 1,000,000:   18s.  Last read position: chr5:123,821,435
INFO	2015-04-01 11:44:37	MarkDuplicates	Tracking 896909 as yet unmatched pairs. 24691 records in RAM.
INFO	2015-04-01 11:44:51	MarkDuplicates	Read    57,000,000 records.  Elapsed time: 00:25:47s.  Time for last 1,000,000:   15s.  Last read position: chr5:142,905,582
INFO	2015-04-01 11:44:51	MarkDuplicates	Tracking 894672 as yet unmatched pairs. 17847 records in RAM.
INFO	2015-04-01 11:45:08	MarkDuplicates	Read    58,000,000 records.  Elapsed time: 00:26:04s.  Time for last 1,000,000:   16s.  Last read position: chr6:38,608,157
INFO	2015-04-01 11:45:08	MarkDuplicates	Tracking 875838 as yet unmatched pairs. 41307 records in RAM.
INFO	2015-04-01 11:45:37	MarkDuplicates	Read    59,000,000 records.  Elapsed time: 00:26:30s.  Time for last 1,000,000:   26s.  Last read position: chr6:83,308,933
INFO	2015-04-01 11:45:37	MarkDuplicates	Tracking 870681 as yet unmatched pairs. 32207 records in RAM.
INFO	2015-04-01 11:45:52	MarkDuplicates	Read    60,000,000 records.  Elapsed time: 00:26:47s.  Time for last 1,000,000:   16s.  Last read position: chr6:121,195,000
INFO	2015-04-01 11:45:52	MarkDuplicates	Tracking 860160 as yet unmatched pairs. 19904 records in RAM.
INFO	2015-04-01 11:46:08	MarkDuplicates	Read    61,000,000 records.  Elapsed time: 00:27:05s.  Time for last 1,000,000:   18s.  Last read position: chr7:3,682,721
INFO	2015-04-01 11:46:08	MarkDuplicates	Tracking 848230 as yet unmatched pairs. 84577 records in RAM.
INFO	2015-04-01 11:46:53	MarkDuplicates	Read    62,000,000 records.  Elapsed time: 00:27:50s.  Time for last 1,000,000:   45s.  Last read position: chr7:28,813,897
INFO	2015-04-01 11:46:53	MarkDuplicates	Tracking 839128 as yet unmatched pairs. 73801 records in RAM.
INFO	2015-04-01 11:47:09	MarkDuplicates	Read    63,000,000 records.  Elapsed time: 00:28:01s.  Time for last 1,000,000:   10s.  Last read position: chr7:65,318,444
INFO	2015-04-01 11:47:09	MarkDuplicates	Tracking 816911 as yet unmatched pairs. 49628 records in RAM.
INFO	2015-04-01 11:47:22	MarkDuplicates	Read    64,000,000 records.  Elapsed time: 00:28:16s.  Time for last 1,000,000:   15s.  Last read position: chr7:103,812,739
INFO	2015-04-01 11:47:22	MarkDuplicates	Tracking 836729 as yet unmatched pairs. 67929 records in RAM.
INFO	2015-04-01 11:47:30	MarkDuplicates	Read    65,000,000 records.  Elapsed time: 00:28:27s.  Time for last 1,000,000:   11s.  Last read position: chr7:103,827,503
INFO	2015-04-01 11:47:30	MarkDuplicates	Tracking 1020227 as yet unmatched pairs. 250633 records in RAM.
INFO	2015-04-01 11:47:44	MarkDuplicates	Read    66,000,000 records.  Elapsed time: 00:28:38s.  Time for last 1,000,000:   10s.  Last read position: chr7:103,827,797
INFO	2015-04-01 11:47:44	MarkDuplicates	Tracking 1231455 as yet unmatched pairs. 461644 records in RAM.
INFO	2015-04-01 11:48:10	MarkDuplicates	Read    67,000,000 records.  Elapsed time: 00:29:05s.  Time for last 1,000,000:   26s.  Last read position: chr7:120,946,726
INFO	2015-04-01 11:48:10	MarkDuplicates	Tracking 1332299 as yet unmatched pairs. 561803 records in RAM.
INFO	2015-04-01 11:48:23	MarkDuplicates	Read    68,000,000 records.  Elapsed time: 00:29:20s.  Time for last 1,000,000:   14s.  Last read position: chr7:141,448,767
INFO	2015-04-01 11:48:23	MarkDuplicates	Tracking 1331935 as yet unmatched pairs. 557517 records in RAM.
INFO	2015-04-01 11:49:44	MarkDuplicates	Read    69,000,000 records.  Elapsed time: 00:30:41s.  Time for last 1,000,000:   81s.  Last read position: chr8:22,938,435
INFO	2015-04-01 11:49:44	MarkDuplicates	Tracking 1320006 as yet unmatched pairs. 61921 records in RAM.
INFO	2015-04-01 11:49:59	MarkDuplicates	Read    70,000,000 records.  Elapsed time: 00:30:54s.  Time for last 1,000,000:   12s.  Last read position: chr8:75,114,285
INFO	2015-04-01 11:49:59	MarkDuplicates	Tracking 1302868 as yet unmatched pairs. 42693 records in RAM.
INFO	2015-04-01 11:50:49	MarkDuplicates	Read    71,000,000 records.  Elapsed time: 00:31:45s.  Time for last 1,000,000:   51s.  Last read position: chr8:105,301,334
INFO	2015-04-01 11:50:49	MarkDuplicates	Tracking 1283590 as yet unmatched pairs. 22458 records in RAM.
INFO	2015-04-01 11:51:03	MarkDuplicates	Read    72,000,000 records.  Elapsed time: 00:31:59s.  Time for last 1,000,000:   14s.  Last read position: chr8:128,714,122
INFO	2015-04-01 11:51:03	MarkDuplicates	Tracking 1271339 as yet unmatched pairs. 2429 records in RAM.
INFO	2015-04-01 11:51:22	MarkDuplicates	Read    73,000,000 records.  Elapsed time: 00:32:16s.  Time for last 1,000,000:   16s.  Last read position: chr9:44,337,588
INFO	2015-04-01 11:51:22	MarkDuplicates	Tracking 1240072 as yet unmatched pairs. 81014 records in RAM.
INFO	2015-04-01 11:51:38	MarkDuplicates	Read    74,000,000 records.  Elapsed time: 00:32:32s.  Time for last 1,000,000:   16s.  Last read position: chr9:64,857,712
INFO	2015-04-01 11:51:38	MarkDuplicates	Tracking 1224226 as yet unmatched pairs. 58233 records in RAM.
INFO	2015-04-01 11:52:05	MarkDuplicates	Read    75,000,000 records.  Elapsed time: 00:33:01s.  Time for last 1,000,000:   28s.  Last read position: chr9:96,321,030
INFO	2015-04-01 11:52:05	MarkDuplicates	Tracking 1211337 as yet unmatched pairs. 45107 records in RAM.
INFO	2015-04-01 11:52:20	MarkDuplicates	Read    76,000,000 records.  Elapsed time: 00:33:15s.  Time for last 1,000,000:   13s.  Last read position: chr9:109,830,520
INFO	2015-04-01 11:52:20	MarkDuplicates	Tracking 1193639 as yet unmatched pairs. 27226 records in RAM.
INFO	2015-04-01 11:52:34	MarkDuplicates	Read    77,000,000 records.  Elapsed time: 00:33:30s.  Time for last 1,000,000:   15s.  Last read position: chrM:6,733
INFO	2015-04-01 11:52:34	MarkDuplicates	Tracking 1166433 as yet unmatched pairs. 19709 records in RAM.
INFO	2015-04-01 11:52:49	MarkDuplicates	Read    78,000,000 records.  Elapsed time: 00:33:45s.  Time for last 1,000,000:   14s.  Last read position: chrX:20,675,973
INFO	2015-04-01 11:52:49	MarkDuplicates	Tracking 1143222 as yet unmatched pairs. 43424 records in RAM.
INFO	2015-04-01 11:53:46	MarkDuplicates	Read    79,000,000 records.  Elapsed time: 00:34:43s.  Time for last 1,000,000:   58s.  Last read position: chrX:101,682,228
INFO	2015-04-01 11:53:46	MarkDuplicates	Tracking 1118468 as yet unmatched pairs. 18608 records in RAM.
INFO	2015-04-01 11:53:58	MarkDuplicates	Read 79981492 records. 1095870 pairs never matched.
INFO	2015-04-01 11:54:20	MarkDuplicates	After buildSortedReadEndLists freeMemory: 14154449760; totalMemory: 23345692672; maxMemory: 38177538048
INFO	2015-04-01 11:54:20	MarkDuplicates	Will retain up to 1193048064 duplicate indices before spilling to disk.
INFO	2015-04-01 11:54:24	MarkDuplicates	Traversing read pair information and detecting duplicates.
INFO	2015-04-01 11:55:03	MarkDuplicates	Traversing fragment information and detecting duplicates.
INFO	2015-04-01 11:56:06	MarkDuplicates	Sorting list of duplicate records.
INFO	2015-04-01 11:56:20	MarkDuplicates	After generateDuplicateIndexes freeMemory: 23143228744; totalMemory: 32865714176; maxMemory: 38177538048
INFO	2015-04-01 11:56:20	MarkDuplicates	Marking 1376284 records as duplicates.
INFO	2015-04-01 11:56:20	MarkDuplicates	Found 60613 optical duplicate clusters.
INFO	2015-04-01 12:01:21	MarkDuplicates	Written    10,000,000 records.  Elapsed time: 00:05:00s.  Time for last 10,000,000:  300s.  Last read position: chr11:32,296,928
INFO	2015-04-01 12:06:08	MarkDuplicates	Written    20,000,000 records.  Elapsed time: 00:09:44s.  Time for last 10,000,000:  284s.  Last read position: chr13:17,988,901
INFO	2015-04-01 12:11:03	MarkDuplicates	Written    30,000,000 records.  Elapsed time: 00:14:42s.  Time for last 10,000,000:  298s.  Last read position: chr16:46,153,249
INFO	2015-04-01 12:16:15	MarkDuplicates	Written    40,000,000 records.  Elapsed time: 00:19:54s.  Time for last 10,000,000:  311s.  Last read position: chr2:39,001,598
INFO	2015-04-01 12:22:19	MarkDuplicates	Written    50,000,000 records.  Elapsed time: 00:25:58s.  Time for last 10,000,000:  364s.  Last read position: chr4:118,226,028
INFO	2015-04-01 12:28:11	MarkDuplicates	Written    60,000,000 records.  Elapsed time: 00:31:50s.  Time for last 10,000,000:  352s.  Last read position: chr6:121,195,000
INFO	2015-04-01 12:34:47	MarkDuplicates	Written    70,000,000 records.  Elapsed time: 00:38:26s.  Time for last 10,000,000:  396s.  Last read position: chr8:75,114,285
INFO	2015-04-01 12:40:36	MarkDuplicates	Before output close freeMemory: 32404906536; totalMemory: 32677298176; maxMemory: 38177538048
INFO	2015-04-01 12:40:38	MarkDuplicates	After output close freeMemory: 32695251224; totalMemory: 32967557120; maxMemory: 38177538048
[Wed Apr 01 12:40:38 EDT 2015] net.sf.picard.sam.MarkDuplicates done. Elapsed time: 81.68 minutes.
Runtime.totalMemory()=32967557120
