[Wed Apr 01 10:32:09 EDT 2015] net.sf.picard.sam.MarkDuplicates INPUT=[/n/rinn_data1/users/agroff/seq/OtherMice/Diana/lincP21/bam/JR880/accepted_hits_sorted_picard.bam] OUTPUT=/n/rinn_data1/users/agroff/seq/OtherMice/Diana/lincP21/bam/JR880/accepted_hits_sorted_duplicates_marked.bam METRICS_FILE=dup_metrics.txt    PROGRAM_RECORD_ID=MarkDuplicates PROGRAM_GROUP_NAME=MarkDuplicates REMOVE_DUPLICATES=false ASSUME_SORTED=false MAX_SEQUENCES_FOR_DISK_READ_ENDS_MAP=50000 MAX_FILE_HANDLES_FOR_READ_ENDS_MAP=8000 SORTING_COLLECTION_SIZE_RATIO=0.25 READ_NAME_REGEX=[a-zA-Z0-9]+:[0-9]:([0-9]+):([0-9]+):([0-9]+).* OPTICAL_DUPLICATE_PIXEL_DISTANCE=100 VERBOSITY=INFO QUIET=false VALIDATION_STRINGENCY=STRICT COMPRESSION_LEVEL=5 MAX_RECORDS_IN_RAM=500000 CREATE_INDEX=false CREATE_MD5_FILE=false
[Wed Apr 01 10:32:09 EDT 2015] Executing as agroff@holy2a03303.rc.fas.harvard.edu on Linux 2.6.32-431.17.1.el6.x86_64 amd64; Java HotSpot(TM) 64-Bit Server VM 1.6.0_11-b03; Picard version: 1.98(1547)
INFO	2015-04-01 10:32:10	MarkDuplicates	Start of doWork freeMemory: 8551440; totalMemory: 9109504; maxMemory: 38177538048
INFO	2015-04-01 10:32:10	MarkDuplicates	Reading input file and constructing read end information.
INFO	2015-04-01 10:32:10	MarkDuplicates	Will retain up to 151498166 data points before spilling to disk.
INFO	2015-04-01 10:33:27	MarkDuplicates	Read     1,000,000 records.  Elapsed time: 00:01:09s.  Time for last 1,000,000:   69s.  Last read position: chr1:36,337,329
INFO	2015-04-01 10:33:27	MarkDuplicates	Tracking 35863 as yet unmatched pairs. 492 records in RAM.
INFO	2015-04-01 10:34:05	MarkDuplicates	Read     2,000,000 records.  Elapsed time: 00:01:47s.  Time for last 1,000,000:   38s.  Last read position: chr1:45,347,833
INFO	2015-04-01 10:34:05	MarkDuplicates	Tracking 54241 as yet unmatched pairs. 16163 records in RAM.
INFO	2015-04-01 10:34:39	MarkDuplicates	Read     3,000,000 records.  Elapsed time: 00:02:22s.  Time for last 1,000,000:   34s.  Last read position: chr1:65,165,111
INFO	2015-04-01 10:34:39	MarkDuplicates	Tracking 54057 as yet unmatched pairs. 854 records in RAM.
INFO	2015-04-01 10:35:11	MarkDuplicates	Read     4,000,000 records.  Elapsed time: 00:02:51s.  Time for last 1,000,000:   29s.  Last read position: chr1:86,357,281
INFO	2015-04-01 10:35:11	MarkDuplicates	Tracking 61535 as yet unmatched pairs. 3467 records in RAM.
INFO	2015-04-01 10:35:44	MarkDuplicates	Read     5,000,000 records.  Elapsed time: 00:03:24s.  Time for last 1,000,000:   32s.  Last read position: chr1:118,333,005
INFO	2015-04-01 10:35:44	MarkDuplicates	Tracking 75393 as yet unmatched pairs. 724 records in RAM.
INFO	2015-04-01 10:36:07	MarkDuplicates	Read     6,000,000 records.  Elapsed time: 00:03:48s.  Time for last 1,000,000:   23s.  Last read position: chr1:152,370,868
INFO	2015-04-01 10:36:07	MarkDuplicates	Tracking 86238 as yet unmatched pairs. 663 records in RAM.
INFO	2015-04-01 10:36:36	MarkDuplicates	Read     7,000,000 records.  Elapsed time: 00:04:19s.  Time for last 1,000,000:   31s.  Last read position: chr1:172,118,891
INFO	2015-04-01 10:36:36	MarkDuplicates	Tracking 95467 as yet unmatched pairs. 1055 records in RAM.
INFO	2015-04-01 10:37:06	MarkDuplicates	Read     8,000,000 records.  Elapsed time: 00:04:49s.  Time for last 1,000,000:   30s.  Last read position: chr1:192,850,982
INFO	2015-04-01 10:37:06	MarkDuplicates	Tracking 101629 as yet unmatched pairs. 290 records in RAM.
INFO	2015-04-01 10:37:37	MarkDuplicates	Read     9,000,000 records.  Elapsed time: 00:05:18s.  Time for last 1,000,000:   28s.  Last read position: chr10:30,907,257
INFO	2015-04-01 10:37:37	MarkDuplicates	Tracking 121405 as yet unmatched pairs. 5438 records in RAM.
INFO	2015-04-01 10:38:04	MarkDuplicates	Read    10,000,000 records.  Elapsed time: 00:05:47s.  Time for last 1,000,000:   28s.  Last read position: chr10:62,640,784
INFO	2015-04-01 10:38:04	MarkDuplicates	Tracking 128606 as yet unmatched pairs. 5477 records in RAM.
INFO	2015-04-01 10:38:22	MarkDuplicates	Read    11,000,000 records.  Elapsed time: 00:06:03s.  Time for last 1,000,000:   16s.  Last read position: chr10:80,154,045
INFO	2015-04-01 10:38:22	MarkDuplicates	Tracking 132811 as yet unmatched pairs. 5133 records in RAM.
INFO	2015-04-01 10:38:49	MarkDuplicates	Read    12,000,000 records.  Elapsed time: 00:06:32s.  Time for last 1,000,000:   28s.  Last read position: chr10:85,947,246
INFO	2015-04-01 10:38:49	MarkDuplicates	Tracking 137509 as yet unmatched pairs. 5230 records in RAM.
INFO	2015-04-01 10:39:13	MarkDuplicates	Read    13,000,000 records.  Elapsed time: 00:06:55s.  Time for last 1,000,000:   23s.  Last read position: chr10:112,927,571
INFO	2015-04-01 10:39:13	MarkDuplicates	Tracking 145267 as yet unmatched pairs. 1734 records in RAM.
INFO	2015-04-01 10:39:32	MarkDuplicates	Read    14,000,000 records.  Elapsed time: 00:07:14s.  Time for last 1,000,000:   18s.  Last read position: chr10:128,361,697
INFO	2015-04-01 10:39:32	MarkDuplicates	Tracking 147567 as yet unmatched pairs. 570 records in RAM.
INFO	2015-04-01 10:40:00	MarkDuplicates	Read    15,000,000 records.  Elapsed time: 00:07:42s.  Time for last 1,000,000:   28s.  Last read position: chr11:6,419,218
INFO	2015-04-01 10:40:00	MarkDuplicates	Tracking 179766 as yet unmatched pairs. 18854 records in RAM.
INFO	2015-04-01 10:40:27	MarkDuplicates	Read    16,000,000 records.  Elapsed time: 00:08:10s.  Time for last 1,000,000:   27s.  Last read position: chr11:30,110,736
INFO	2015-04-01 10:40:27	MarkDuplicates	Tracking 179931 as yet unmatched pairs. 8700 records in RAM.
INFO	2015-04-01 10:40:38	MarkDuplicates	Read    17,000,000 records.  Elapsed time: 00:08:19s.  Time for last 1,000,000:    9s.  Last read position: chr11:48,800,569
INFO	2015-04-01 10:40:38	MarkDuplicates	Tracking 193335 as yet unmatched pairs. 16893 records in RAM.
INFO	2015-04-01 10:41:04	MarkDuplicates	Read    18,000,000 records.  Elapsed time: 00:08:47s.  Time for last 1,000,000:   27s.  Last read position: chr11:55,395,240
INFO	2015-04-01 10:41:04	MarkDuplicates	Tracking 197087 as yet unmatched pairs. 15251 records in RAM.
INFO	2015-04-01 10:41:15	MarkDuplicates	Read    19,000,000 records.  Elapsed time: 00:08:56s.  Time for last 1,000,000:    9s.  Last read position: chr11:62,576,112
INFO	2015-04-01 10:41:15	MarkDuplicates	Tracking 192244 as yet unmatched pairs. 7336 records in RAM.
INFO	2015-04-01 10:41:32	MarkDuplicates	Read    20,000,000 records.  Elapsed time: 00:09:14s.  Time for last 1,000,000:   17s.  Last read position: chr11:70,662,374
INFO	2015-04-01 10:41:32	MarkDuplicates	Tracking 194782 as yet unmatched pairs. 6908 records in RAM.
INFO	2015-04-01 10:42:09	MarkDuplicates	Read    21,000,000 records.  Elapsed time: 00:09:52s.  Time for last 1,000,000:   37s.  Last read position: chr11:79,239,457
INFO	2015-04-01 10:42:09	MarkDuplicates	Tracking 200935 as yet unmatched pairs. 4647 records in RAM.
INFO	2015-04-01 10:42:28	MarkDuplicates	Read    22,000,000 records.  Elapsed time: 00:10:11s.  Time for last 1,000,000:   19s.  Last read position: chr11:94,939,459
INFO	2015-04-01 10:42:28	MarkDuplicates	Tracking 211699 as yet unmatched pairs. 8144 records in RAM.
INFO	2015-04-01 10:43:03	MarkDuplicates	Read    23,000,000 records.  Elapsed time: 00:10:45s.  Time for last 1,000,000:   34s.  Last read position: chr11:98,236,769
INFO	2015-04-01 10:43:03	MarkDuplicates	Tracking 210221 as yet unmatched pairs. 2602 records in RAM.
INFO	2015-04-01 10:43:17	MarkDuplicates	Read    24,000,000 records.  Elapsed time: 00:10:59s.  Time for last 1,000,000:   14s.  Last read position: chr11:103,065,931
INFO	2015-04-01 10:43:17	MarkDuplicates	Tracking 220068 as yet unmatched pairs. 2230 records in RAM.
INFO	2015-04-01 10:43:37	MarkDuplicates	Read    25,000,000 records.  Elapsed time: 00:11:19s.  Time for last 1,000,000:   19s.  Last read position: chr11:116,023,653
INFO	2015-04-01 10:43:37	MarkDuplicates	Tracking 233410 as yet unmatched pairs. 6206 records in RAM.
INFO	2015-04-01 10:44:05	MarkDuplicates	Read    26,000,000 records.  Elapsed time: 00:11:48s.  Time for last 1,000,000:   28s.  Last read position: chr11:120,962,053
INFO	2015-04-01 10:44:05	MarkDuplicates	Tracking 235540 as yet unmatched pairs. 791 records in RAM.
INFO	2015-04-01 10:44:20	MarkDuplicates	Read    27,000,000 records.  Elapsed time: 00:12:03s.  Time for last 1,000,000:   15s.  Last read position: chr12:28,634,246
INFO	2015-04-01 10:44:20	MarkDuplicates	Tracking 261596 as yet unmatched pairs. 25612 records in RAM.
INFO	2015-04-01 10:44:40	MarkDuplicates	Read    28,000,000 records.  Elapsed time: 00:12:23s.  Time for last 1,000,000:   19s.  Last read position: chr12:69,157,811
INFO	2015-04-01 10:44:40	MarkDuplicates	Tracking 275099 as yet unmatched pairs. 23676 records in RAM.
INFO	2015-04-01 10:45:16	MarkDuplicates	Read    29,000,000 records.  Elapsed time: 00:12:58s.  Time for last 1,000,000:   35s.  Last read position: chr12:85,816,179
INFO	2015-04-01 10:45:16	MarkDuplicates	Tracking 280436 as yet unmatched pairs. 12835 records in RAM.
INFO	2015-04-01 10:45:30	MarkDuplicates	Read    30,000,000 records.  Elapsed time: 00:13:12s.  Time for last 1,000,000:   13s.  Last read position: chr12:109,565,761
INFO	2015-04-01 10:45:30	MarkDuplicates	Tracking 281922 as yet unmatched pairs. 7086 records in RAM.
INFO	2015-04-01 10:45:55	MarkDuplicates	Read    31,000,000 records.  Elapsed time: 00:13:37s.  Time for last 1,000,000:   25s.  Last read position: chr13:14,009,851
INFO	2015-04-01 10:45:55	MarkDuplicates	Tracking 281146 as yet unmatched pairs. 13516 records in RAM.
INFO	2015-04-01 10:46:10	MarkDuplicates	Read    32,000,000 records.  Elapsed time: 00:13:52s.  Time for last 1,000,000:   14s.  Last read position: chr13:49,544,618
INFO	2015-04-01 10:46:10	MarkDuplicates	Tracking 291743 as yet unmatched pairs. 11370 records in RAM.
INFO	2015-04-01 10:46:57	MarkDuplicates	Read    33,000,000 records.  Elapsed time: 00:14:40s.  Time for last 1,000,000:   48s.  Last read position: chr13:63,523,012
INFO	2015-04-01 10:46:57	MarkDuplicates	Tracking 300023 as yet unmatched pairs. 9157 records in RAM.
INFO	2015-04-01 10:47:13	MarkDuplicates	Read    34,000,000 records.  Elapsed time: 00:14:56s.  Time for last 1,000,000:   15s.  Last read position: chr13:94,203,123
INFO	2015-04-01 10:47:13	MarkDuplicates	Tracking 316464 as yet unmatched pairs. 2300 records in RAM.
INFO	2015-04-01 10:47:37	MarkDuplicates	Read    35,000,000 records.  Elapsed time: 00:15:18s.  Time for last 1,000,000:   22s.  Last read position: chr14:6,739,472
INFO	2015-04-01 10:47:37	MarkDuplicates	Tracking 333196 as yet unmatched pairs. 31603 records in RAM.
INFO	2015-04-01 10:47:53	MarkDuplicates	Read    36,000,000 records.  Elapsed time: 00:15:35s.  Time for last 1,000,000:   16s.  Last read position: chr14:26,656,241
INFO	2015-04-01 10:47:53	MarkDuplicates	Tracking 340408 as yet unmatched pairs. 21571 records in RAM.
INFO	2015-04-01 10:48:27	MarkDuplicates	Read    37,000,000 records.  Elapsed time: 00:16:08s.  Time for last 1,000,000:   33s.  Last read position: chr14:52,160,762
INFO	2015-04-01 10:48:27	MarkDuplicates	Tracking 341747 as yet unmatched pairs. 12977 records in RAM.
INFO	2015-04-01 10:48:42	MarkDuplicates	Read    38,000,000 records.  Elapsed time: 00:16:23s.  Time for last 1,000,000:   14s.  Last read position: chr14:67,714,810
INFO	2015-04-01 10:48:42	MarkDuplicates	Tracking 348521 as yet unmatched pairs. 10895 records in RAM.
INFO	2015-04-01 10:48:56	MarkDuplicates	Read    39,000,000 records.  Elapsed time: 00:16:38s.  Time for last 1,000,000:   14s.  Last read position: chr14:99,040,577
INFO	2015-04-01 10:48:56	MarkDuplicates	Tracking 357339 as yet unmatched pairs. 5457 records in RAM.
INFO	2015-04-01 10:49:24	MarkDuplicates	Read    40,000,000 records.  Elapsed time: 00:17:05s.  Time for last 1,000,000:   27s.  Last read position: chr15:25,800,219
INFO	2015-04-01 10:49:24	MarkDuplicates	Tracking 359088 as yet unmatched pairs. 12260 records in RAM.
INFO	2015-04-01 10:49:37	MarkDuplicates	Read    41,000,000 records.  Elapsed time: 00:17:17s.  Time for last 1,000,000:   12s.  Last read position: chr15:58,447,617
INFO	2015-04-01 10:49:37	MarkDuplicates	Tracking 358593 as yet unmatched pairs. 5747 records in RAM.
INFO	2015-04-01 10:50:16	MarkDuplicates	Read    42,000,000 records.  Elapsed time: 00:17:56s.  Time for last 1,000,000:   38s.  Last read position: chr15:79,528,188
INFO	2015-04-01 10:50:16	MarkDuplicates	Tracking 361798 as yet unmatched pairs. 5783 records in RAM.
INFO	2015-04-01 10:50:30	MarkDuplicates	Read    43,000,000 records.  Elapsed time: 00:18:09s.  Time for last 1,000,000:   12s.  Last read position: chr15:89,300,372
INFO	2015-04-01 10:50:30	MarkDuplicates	Tracking 363034 as yet unmatched pairs. 2361 records in RAM.
INFO	2015-04-01 10:50:50	MarkDuplicates	Read    44,000,000 records.  Elapsed time: 00:18:23s.  Time for last 1,000,000:   14s.  Last read position: chr15:98,950,352
INFO	2015-04-01 10:50:50	MarkDuplicates	Tracking 391155 as yet unmatched pairs. 25708 records in RAM.
INFO	2015-04-01 10:51:25	MarkDuplicates	Read    45,000,000 records.  Elapsed time: 00:18:54s.  Time for last 1,000,000:   30s.  Last read position: chr15:102,542,674
INFO	2015-04-01 10:51:25	MarkDuplicates	Tracking 369441 as yet unmatched pairs. 490 records in RAM.
INFO	2015-04-01 10:51:53	MarkDuplicates	Read    46,000,000 records.  Elapsed time: 00:19:22s.  Time for last 1,000,000:   28s.  Last read position: chr16:17,176,429
INFO	2015-04-01 10:51:53	MarkDuplicates	Tracking 385387 as yet unmatched pairs. 11999 records in RAM.
INFO	2015-04-01 10:52:42	MarkDuplicates	Read    47,000,000 records.  Elapsed time: 00:20:17s.  Time for last 1,000,000:   54s.  Last read position: chr16:33,057,420
INFO	2015-04-01 10:52:42	MarkDuplicates	Tracking 399007 as yet unmatched pairs. 18703 records in RAM.
INFO	2015-04-01 10:53:08	MarkDuplicates	Read    48,000,000 records.  Elapsed time: 00:20:40s.  Time for last 1,000,000:   22s.  Last read position: chr16:65,534,164
INFO	2015-04-01 10:53:08	MarkDuplicates	Tracking 394544 as yet unmatched pairs. 3424 records in RAM.
INFO	2015-04-01 10:53:31	MarkDuplicates	Read    49,000,000 records.  Elapsed time: 00:21:08s.  Time for last 1,000,000:   27s.  Last read position: chr17:6,311,750
INFO	2015-04-01 10:53:31	MarkDuplicates	Tracking 404970 as yet unmatched pairs. 34477 records in RAM.
INFO	2015-04-01 10:54:02	MarkDuplicates	Read    50,000,000 records.  Elapsed time: 00:21:40s.  Time for last 1,000,000:   32s.  Last read position: chr17:24,595,914
INFO	2015-04-01 10:54:02	MarkDuplicates	Tracking 405117 as yet unmatched pairs. 28998 records in RAM.
INFO	2015-04-01 10:54:21	MarkDuplicates	Read    51,000,000 records.  Elapsed time: 00:21:58s.  Time for last 1,000,000:   18s.  Last read position: chr17:29,041,714
INFO	2015-04-01 10:54:21	MarkDuplicates	Tracking 409115 as yet unmatched pairs. 20214 records in RAM.
INFO	2015-04-01 10:54:39	MarkDuplicates	Read    52,000,000 records.  Elapsed time: 00:22:17s.  Time for last 1,000,000:   19s.  Last read position: chr17:35,244,240
INFO	2015-04-01 10:54:39	MarkDuplicates	Tracking 408921 as yet unmatched pairs. 13036 records in RAM.
INFO	2015-04-01 10:55:15	MarkDuplicates	Read    53,000,000 records.  Elapsed time: 00:22:58s.  Time for last 1,000,000:   40s.  Last read position: chr17:46,657,503
INFO	2015-04-01 10:55:15	MarkDuplicates	Tracking 415475 as yet unmatched pairs. 8528 records in RAM.
INFO	2015-04-01 10:55:37	MarkDuplicates	Read    54,000,000 records.  Elapsed time: 00:23:13s.  Time for last 1,000,000:   15s.  Last read position: chr17:74,367,387
INFO	2015-04-01 10:55:37	MarkDuplicates	Tracking 417870 as yet unmatched pairs. 3146 records in RAM.
INFO	2015-04-01 10:55:54	MarkDuplicates	Read    55,000,000 records.  Elapsed time: 00:23:30s.  Time for last 1,000,000:   16s.  Last read position: chr18:13,847,118
INFO	2015-04-01 10:55:54	MarkDuplicates	Tracking 416944 as yet unmatched pairs. 22557 records in RAM.
INFO	2015-04-01 10:56:11	MarkDuplicates	Read    56,000,000 records.  Elapsed time: 00:23:47s.  Time for last 1,000,000:   17s.  Last read position: chr18:37,937,295
INFO	2015-04-01 10:56:11	MarkDuplicates	Tracking 416911 as yet unmatched pairs. 13553 records in RAM.
INFO	2015-04-01 10:56:50	MarkDuplicates	Read    57,000,000 records.  Elapsed time: 00:24:28s.  Time for last 1,000,000:   40s.  Last read position: chr18:61,568,287
INFO	2015-04-01 10:56:50	MarkDuplicates	Tracking 418645 as yet unmatched pairs. 5121 records in RAM.
INFO	2015-04-01 10:57:07	MarkDuplicates	Read    58,000,000 records.  Elapsed time: 00:24:46s.  Time for last 1,000,000:   18s.  Last read position: chr19:3,897,396
INFO	2015-04-01 10:57:07	MarkDuplicates	Tracking 418410 as yet unmatched pairs. 19298 records in RAM.
INFO	2015-04-01 10:57:24	MarkDuplicates	Read    59,000,000 records.  Elapsed time: 00:25:03s.  Time for last 1,000,000:   16s.  Last read position: chr19:8,769,161
INFO	2015-04-01 10:57:24	MarkDuplicates	Tracking 416679 as yet unmatched pairs. 15094 records in RAM.
INFO	2015-04-01 10:58:13	MarkDuplicates	Read    60,000,000 records.  Elapsed time: 00:25:51s.  Time for last 1,000,000:   48s.  Last read position: chr19:27,390,295
INFO	2015-04-01 10:58:13	MarkDuplicates	Tracking 416663 as yet unmatched pairs. 9700 records in RAM.
INFO	2015-04-01 10:58:31	MarkDuplicates	Read    61,000,000 records.  Elapsed time: 00:26:09s.  Time for last 1,000,000:   18s.  Last read position: chr19:47,034,285
INFO	2015-04-01 10:58:31	MarkDuplicates	Tracking 422016 as yet unmatched pairs. 7003 records in RAM.
INFO	2015-04-01 10:58:50	MarkDuplicates	Read    62,000,000 records.  Elapsed time: 00:26:29s.  Time for last 1,000,000:   19s.  Last read position: chr2:18,046,395
INFO	2015-04-01 10:58:50	MarkDuplicates	Tracking 418260 as yet unmatched pairs. 43817 records in RAM.
INFO	2015-04-01 10:59:08	MarkDuplicates	Read    63,000,000 records.  Elapsed time: 00:26:47s.  Time for last 1,000,000:   17s.  Last read position: chr2:29,996,225
INFO	2015-04-01 10:59:08	MarkDuplicates	Tracking 427035 as yet unmatched pairs. 38737 records in RAM.
INFO	2015-04-01 10:59:34	MarkDuplicates	Read    64,000,000 records.  Elapsed time: 00:27:10s.  Time for last 1,000,000:   23s.  Last read position: chr2:39,001,745
INFO	2015-04-01 10:59:34	MarkDuplicates	Tracking 431786 as yet unmatched pairs. 38140 records in RAM.
INFO	2015-04-01 10:59:51	MarkDuplicates	Read    65,000,000 records.  Elapsed time: 00:27:27s.  Time for last 1,000,000:   16s.  Last read position: chr2:76,706,804
INFO	2015-04-01 10:59:51	MarkDuplicates	Tracking 429749 as yet unmatched pairs. 24946 records in RAM.
INFO	2015-04-01 11:00:09	MarkDuplicates	Read    66,000,000 records.  Elapsed time: 00:27:45s.  Time for last 1,000,000:   18s.  Last read position: chr2:105,389,058
INFO	2015-04-01 11:00:09	MarkDuplicates	Tracking 431760 as yet unmatched pairs. 23000 records in RAM.
INFO	2015-04-01 11:00:58	MarkDuplicates	Read    67,000,000 records.  Elapsed time: 00:28:41s.  Time for last 1,000,000:   56s.  Last read position: chr2:125,673,852
INFO	2015-04-01 11:00:58	MarkDuplicates	Tracking 433374 as yet unmatched pairs. 20160 records in RAM.
INFO	2015-04-01 11:01:24	MarkDuplicates	Read    68,000,000 records.  Elapsed time: 00:29:04s.  Time for last 1,000,000:   22s.  Last read position: chr2:150,827,129
INFO	2015-04-01 11:01:24	MarkDuplicates	Tracking 429307 as yet unmatched pairs. 12895 records in RAM.
INFO	2015-04-01 11:01:42	MarkDuplicates	Read    69,000,000 records.  Elapsed time: 00:29:20s.  Time for last 1,000,000:   16s.  Last read position: chr2:160,909,195
INFO	2015-04-01 11:01:42	MarkDuplicates	Tracking 425999 as yet unmatched pairs. 5133 records in RAM.
INFO	2015-04-01 11:01:59	MarkDuplicates	Read    70,000,000 records.  Elapsed time: 00:29:38s.  Time for last 1,000,000:   17s.  Last read position: chr2:175,199,933
INFO	2015-04-01 11:01:59	MarkDuplicates	Tracking 428194 as yet unmatched pairs. 4359 records in RAM.
INFO	2015-04-01 11:02:16	MarkDuplicates	Read    71,000,000 records.  Elapsed time: 00:29:57s.  Time for last 1,000,000:   19s.  Last read position: chr3:27,418,164
INFO	2015-04-01 11:02:16	MarkDuplicates	Tracking 429198 as yet unmatched pairs. 68197 records in RAM.
INFO	2015-04-01 11:03:01	MarkDuplicates	Read    72,000,000 records.  Elapsed time: 00:30:40s.  Time for last 1,000,000:   42s.  Last read position: chr3:54,482,044
INFO	2015-04-01 11:03:01	MarkDuplicates	Tracking 415953 as yet unmatched pairs. 47801 records in RAM.
INFO	2015-04-01 11:03:19	MarkDuplicates	Read    73,000,000 records.  Elapsed time: 00:30:56s.  Time for last 1,000,000:   16s.  Last read position: chr3:87,537,935
INFO	2015-04-01 11:03:19	MarkDuplicates	Tracking 402252 as yet unmatched pairs. 30031 records in RAM.
INFO	2015-04-01 11:03:37	MarkDuplicates	Read    74,000,000 records.  Elapsed time: 00:31:15s.  Time for last 1,000,000:   18s.  Last read position: chr3:95,338,503
INFO	2015-04-01 11:03:37	MarkDuplicates	Tracking 401125 as yet unmatched pairs. 23782 records in RAM.
INFO	2015-04-01 11:03:55	MarkDuplicates	Read    75,000,000 records.  Elapsed time: 00:31:33s.  Time for last 1,000,000:   18s.  Last read position: chr3:108,557,541
INFO	2015-04-01 11:03:55	MarkDuplicates	Tracking 395993 as yet unmatched pairs. 15708 records in RAM.
INFO	2015-04-01 11:05:16	MarkDuplicates	Read    76,000,000 records.  Elapsed time: 00:32:56s.  Time for last 1,000,000:   82s.  Last read position: chr3:137,935,659
INFO	2015-04-01 11:05:16	MarkDuplicates	Tracking 387461 as yet unmatched pairs. 2384 records in RAM.
INFO	2015-04-01 11:05:36	MarkDuplicates	Read    77,000,000 records.  Elapsed time: 00:33:15s.  Time for last 1,000,000:   19s.  Last read position: chr4:12,918,034
INFO	2015-04-01 11:05:36	MarkDuplicates	Tracking 402991 as yet unmatched pairs. 52216 records in RAM.
INFO	2015-04-01 11:05:50	MarkDuplicates	Read    78,000,000 records.  Elapsed time: 00:33:32s.  Time for last 1,000,000:   16s.  Last read position: chr4:46,115,662
INFO	2015-04-01 11:05:50	MarkDuplicates	Tracking 397188 as yet unmatched pairs. 43797 records in RAM.
INFO	2015-04-01 11:06:10	MarkDuplicates	Read    79,000,000 records.  Elapsed time: 00:33:48s.  Time for last 1,000,000:   15s.  Last read position: chr4:86,855,888
INFO	2015-04-01 11:06:10	MarkDuplicates	Tracking 407033 as yet unmatched pairs. 49770 records in RAM.
INFO	2015-04-01 11:06:38	MarkDuplicates	Read    80,000,000 records.  Elapsed time: 00:34:21s.  Time for last 1,000,000:   32s.  Last read position: chr4:117,154,334
INFO	2015-04-01 11:06:38	MarkDuplicates	Tracking 399071 as yet unmatched pairs. 37891 records in RAM.
INFO	2015-04-01 11:06:56	MarkDuplicates	Read    81,000,000 records.  Elapsed time: 00:34:34s.  Time for last 1,000,000:   13s.  Last read position: chr4:129,148,061
INFO	2015-04-01 11:06:56	MarkDuplicates	Tracking 393684 as yet unmatched pairs. 25294 records in RAM.
INFO	2015-04-01 11:07:13	MarkDuplicates	Read    82,000,000 records.  Elapsed time: 00:34:51s.  Time for last 1,000,000:   16s.  Last read position: chr4:135,214,887
INFO	2015-04-01 11:07:13	MarkDuplicates	Tracking 398379 as yet unmatched pairs. 21106 records in RAM.
INFO	2015-04-01 11:07:30	MarkDuplicates	Read    83,000,000 records.  Elapsed time: 00:35:08s.  Time for last 1,000,000:   17s.  Last read position: chr4:147,613,339
INFO	2015-04-01 11:07:30	MarkDuplicates	Tracking 393094 as yet unmatched pairs. 10462 records in RAM.
INFO	2015-04-01 11:07:47	MarkDuplicates	Read    84,000,000 records.  Elapsed time: 00:35:25s.  Time for last 1,000,000:   16s.  Last read position: chr5:5,781,947
INFO	2015-04-01 11:07:47	MarkDuplicates	Tracking 389868 as yet unmatched pairs. 68184 records in RAM.
INFO	2015-04-01 11:08:55	MarkDuplicates	Read    85,000,000 records.  Elapsed time: 00:36:34s.  Time for last 1,000,000:   68s.  Last read position: chr5:32,492,283
INFO	2015-04-01 11:08:55	MarkDuplicates	Tracking 397484 as yet unmatched pairs. 56277 records in RAM.
INFO	2015-04-01 11:09:12	MarkDuplicates	Read    86,000,000 records.  Elapsed time: 00:36:50s.  Time for last 1,000,000:   16s.  Last read position: chr5:65,829,506
INFO	2015-04-01 11:09:12	MarkDuplicates	Tracking 386681 as yet unmatched pairs. 43749 records in RAM.
INFO	2015-04-01 11:09:28	MarkDuplicates	Read    87,000,000 records.  Elapsed time: 00:37:07s.  Time for last 1,000,000:   16s.  Last read position: chr5:104,310,208
INFO	2015-04-01 11:09:28	MarkDuplicates	Tracking 384648 as yet unmatched pairs. 39988 records in RAM.
INFO	2015-04-01 11:09:45	MarkDuplicates	Read    88,000,000 records.  Elapsed time: 00:37:23s.  Time for last 1,000,000:   15s.  Last read position: chr5:115,560,968
INFO	2015-04-01 11:09:45	MarkDuplicates	Tracking 401077 as yet unmatched pairs. 40706 records in RAM.
INFO	2015-04-01 11:10:18	MarkDuplicates	Read    89,000,000 records.  Elapsed time: 00:37:58s.  Time for last 1,000,000:   35s.  Last read position: chr5:124,886,354
INFO	2015-04-01 11:10:18	MarkDuplicates	Tracking 388015 as yet unmatched pairs. 19819 records in RAM.
INFO	2015-04-01 11:10:34	MarkDuplicates	Read    90,000,000 records.  Elapsed time: 00:38:13s.  Time for last 1,000,000:   14s.  Last read position: chr5:135,242,417
INFO	2015-04-01 11:10:34	MarkDuplicates	Tracking 384956 as yet unmatched pairs. 15486 records in RAM.
INFO	2015-04-01 11:10:52	MarkDuplicates	Read    91,000,000 records.  Elapsed time: 00:38:31s.  Time for last 1,000,000:   18s.  Last read position: chr5:143,899,658
INFO	2015-04-01 11:10:52	MarkDuplicates	Tracking 381649 as yet unmatched pairs. 8674 records in RAM.
INFO	2015-04-01 11:11:09	MarkDuplicates	Read    92,000,000 records.  Elapsed time: 00:38:47s.  Time for last 1,000,000:   15s.  Last read position: chr6:4,540,698
INFO	2015-04-01 11:11:09	MarkDuplicates	Tracking 376632 as yet unmatched pairs. 58801 records in RAM.
INFO	2015-04-01 11:12:07	MarkDuplicates	Read    93,000,000 records.  Elapsed time: 00:39:50s.  Time for last 1,000,000:   62s.  Last read position: chr6:30,805,997
INFO	2015-04-01 11:12:07	MarkDuplicates	Tracking 363053 as yet unmatched pairs. 43143 records in RAM.
INFO	2015-04-01 11:12:24	MarkDuplicates	Read    94,000,000 records.  Elapsed time: 00:40:00s.  Time for last 1,000,000:   10s.  Last read position: chr6:52,232,805
INFO	2015-04-01 11:12:24	MarkDuplicates	Tracking 356671 as yet unmatched pairs. 35428 records in RAM.
INFO	2015-04-01 11:12:41	MarkDuplicates	Read    95,000,000 records.  Elapsed time: 00:40:20s.  Time for last 1,000,000:   19s.  Last read position: chr6:86,525,726
INFO	2015-04-01 11:12:41	MarkDuplicates	Tracking 355441 as yet unmatched pairs. 30769 records in RAM.
INFO	2015-04-01 11:13:01	MarkDuplicates	Read    96,000,000 records.  Elapsed time: 00:40:36s.  Time for last 1,000,000:   16s.  Last read position: chr6:115,807,162
INFO	2015-04-01 11:13:01	MarkDuplicates	Tracking 368835 as yet unmatched pairs. 43120 records in RAM.
INFO	2015-04-01 11:13:25	MarkDuplicates	Read    97,000,000 records.  Elapsed time: 00:40:59s.  Time for last 1,000,000:   22s.  Last read position: chr6:125,224,539
INFO	2015-04-01 11:13:25	MarkDuplicates	Tracking 342039 as yet unmatched pairs. 12744 records in RAM.
INFO	2015-04-01 11:13:51	MarkDuplicates	Read    98,000,000 records.  Elapsed time: 00:41:33s.  Time for last 1,000,000:   33s.  Last read position: chr7:3,705,823
INFO	2015-04-01 11:13:51	MarkDuplicates	Tracking 343048 as yet unmatched pairs. 93144 records in RAM.
INFO	2015-04-01 11:14:06	MarkDuplicates	Read    99,000,000 records.  Elapsed time: 00:41:43s.  Time for last 1,000,000:   10s.  Last read position: chr7:17,132,815
INFO	2015-04-01 11:14:06	MarkDuplicates	Tracking 328343 as yet unmatched pairs. 77394 records in RAM.
INFO	2015-04-01 11:14:20	MarkDuplicates	Read   100,000,000 records.  Elapsed time: 00:41:58s.  Time for last 1,000,000:   14s.  Last read position: chr7:29,400,762
INFO	2015-04-01 11:14:20	MarkDuplicates	Tracking 319982 as yet unmatched pairs. 68113 records in RAM.
INFO	2015-04-01 11:14:36	MarkDuplicates	Read   101,000,000 records.  Elapsed time: 00:42:15s.  Time for last 1,000,000:   17s.  Last read position: chr7:45,382,518
INFO	2015-04-01 11:14:36	MarkDuplicates	Tracking 317022 as yet unmatched pairs. 63481 records in RAM.
INFO	2015-04-01 11:15:46	MarkDuplicates	Read   102,000,000 records.  Elapsed time: 00:43:26s.  Time for last 1,000,000:   70s.  Last read position: chr7:80,310,855
INFO	2015-04-01 11:15:46	MarkDuplicates	Tracking 302427 as yet unmatched pairs. 47900 records in RAM.
INFO	2015-04-01 11:16:01	MarkDuplicates	Read   103,000,000 records.  Elapsed time: 00:43:42s.  Time for last 1,000,000:   15s.  Last read position: chr7:100,641,106
INFO	2015-04-01 11:16:01	MarkDuplicates	Tracking 289116 as yet unmatched pairs. 33625 records in RAM.
INFO	2015-04-01 11:16:17	MarkDuplicates	Read   104,000,000 records.  Elapsed time: 00:43:56s.  Time for last 1,000,000:   14s.  Last read position: chr7:111,072,174
INFO	2015-04-01 11:16:17	MarkDuplicates	Tracking 284280 as yet unmatched pairs. 28112 records in RAM.
INFO	2015-04-01 11:16:35	MarkDuplicates	Read   105,000,000 records.  Elapsed time: 00:44:13s.  Time for last 1,000,000:   16s.  Last read position: chr7:126,493,268
INFO	2015-04-01 11:16:35	MarkDuplicates	Tracking 270116 as yet unmatched pairs. 12735 records in RAM.
INFO	2015-04-01 11:17:00	MarkDuplicates	Read   106,000,000 records.  Elapsed time: 00:44:43s.  Time for last 1,000,000:   30s.  Last read position: chr7:140,882,437
INFO	2015-04-01 11:17:00	MarkDuplicates	Tracking 267161 as yet unmatched pairs. 6910 records in RAM.
INFO	2015-04-01 11:17:17	MarkDuplicates	Read   107,000,000 records.  Elapsed time: 00:44:55s.  Time for last 1,000,000:   12s.  Last read position: chr7:142,577,498
INFO	2015-04-01 11:17:17	MarkDuplicates	Tracking 283994 as yet unmatched pairs. 23361 records in RAM.
INFO	2015-04-01 11:17:31	MarkDuplicates	Read   108,000,000 records.  Elapsed time: 00:45:12s.  Time for last 1,000,000:   16s.  Last read position: chr7:143,460,359
INFO	2015-04-01 11:17:31	MarkDuplicates	Tracking 263096 as yet unmatched pairs. 2035 records in RAM.
INFO	2015-04-01 11:17:47	MarkDuplicates	Read   109,000,000 records.  Elapsed time: 00:45:28s.  Time for last 1,000,000:   16s.  Last read position: chr8:20,399,428
INFO	2015-04-01 11:17:47	MarkDuplicates	Tracking 260055 as yet unmatched pairs. 81077 records in RAM.
INFO	2015-04-01 11:18:00	MarkDuplicates	Read   110,000,000 records.  Elapsed time: 00:45:42s.  Time for last 1,000,000:   13s.  Last read position: chr8:58,294,163
INFO	2015-04-01 11:18:00	MarkDuplicates	Tracking 246545 as yet unmatched pairs. 66662 records in RAM.
INFO	2015-04-01 11:19:22	MarkDuplicates	Read   111,000,000 records.  Elapsed time: 00:47:03s.  Time for last 1,000,000:   81s.  Last read position: chr8:79,139,004
INFO	2015-04-01 11:19:22	MarkDuplicates	Tracking 227334 as yet unmatched pairs. 45482 records in RAM.
INFO	2015-04-01 11:19:35	MarkDuplicates	Read   112,000,000 records.  Elapsed time: 00:47:17s.  Time for last 1,000,000:   13s.  Last read position: chr8:95,741,863
INFO	2015-04-01 11:19:35	MarkDuplicates	Tracking 220647 as yet unmatched pairs. 38132 records in RAM.
INFO	2015-04-01 11:19:49	MarkDuplicates	Read   113,000,000 records.  Elapsed time: 00:47:31s.  Time for last 1,000,000:   14s.  Last read position: chr8:112,001,528
INFO	2015-04-01 11:19:49	MarkDuplicates	Tracking 204788 as yet unmatched pairs. 15254 records in RAM.
INFO	2015-04-01 11:20:05	MarkDuplicates	Read   114,000,000 records.  Elapsed time: 00:47:48s.  Time for last 1,000,000:   16s.  Last read position: chr9:7,203,788
INFO	2015-04-01 11:20:05	MarkDuplicates	Tracking 189022 as yet unmatched pairs. 117602 records in RAM.
INFO	2015-04-01 11:20:27	MarkDuplicates	Read   115,000,000 records.  Elapsed time: 00:48:10s.  Time for last 1,000,000:   22s.  Last read position: chr9:35,505,585
INFO	2015-04-01 11:20:27	MarkDuplicates	Tracking 180150 as yet unmatched pairs. 108461 records in RAM.
INFO	2015-04-01 11:20:40	MarkDuplicates	Read   116,000,000 records.  Elapsed time: 00:48:22s.  Time for last 1,000,000:   12s.  Last read position: chr9:45,967,829
INFO	2015-04-01 11:20:40	MarkDuplicates	Tracking 154469 as yet unmatched pairs. 82627 records in RAM.
INFO	2015-04-01 11:20:55	MarkDuplicates	Read   117,000,000 records.  Elapsed time: 00:48:37s.  Time for last 1,000,000:   14s.  Last read position: chr9:61,913,445
INFO	2015-04-01 11:20:55	MarkDuplicates	Tracking 166598 as yet unmatched pairs. 86096 records in RAM.
INFO	2015-04-01 11:21:08	MarkDuplicates	Read   118,000,000 records.  Elapsed time: 00:48:50s.  Time for last 1,000,000:   13s.  Last read position: chr9:71,483,721
INFO	2015-04-01 11:21:08	MarkDuplicates	Tracking 146176 as yet unmatched pairs. 65540 records in RAM.
INFO	2015-04-01 11:22:14	MarkDuplicates	Read   119,000,000 records.  Elapsed time: 00:49:57s.  Time for last 1,000,000:   67s.  Last read position: chr9:78,479,631
INFO	2015-04-01 11:22:14	MarkDuplicates	Tracking 170782 as yet unmatched pairs. 90010 records in RAM.
INFO	2015-04-01 11:22:28	MarkDuplicates	Read   120,000,000 records.  Elapsed time: 00:50:06s.  Time for last 1,000,000:    9s.  Last read position: chr9:90,205,084
INFO	2015-04-01 11:22:28	MarkDuplicates	Tracking 133023 as yet unmatched pairs. 52098 records in RAM.
INFO	2015-04-01 11:22:43	MarkDuplicates	Read   121,000,000 records.  Elapsed time: 00:50:20s.  Time for last 1,000,000:   14s.  Last read position: chr9:108,295,396
INFO	2015-04-01 11:22:43	MarkDuplicates	Tracking 113585 as yet unmatched pairs. 32518 records in RAM.
INFO	2015-04-01 11:22:59	MarkDuplicates	Read   122,000,000 records.  Elapsed time: 00:50:35s.  Time for last 1,000,000:   14s.  Last read position: chr9:120,131,480
INFO	2015-04-01 11:22:59	MarkDuplicates	Tracking 95603 as yet unmatched pairs. 14390 records in RAM.
INFO	2015-04-01 11:23:10	MarkDuplicates	Read   123,000,000 records.  Elapsed time: 00:50:51s.  Time for last 1,000,000:   15s.  Last read position: chrM:5,567
INFO	2015-04-01 11:23:10	MarkDuplicates	Tracking 102078 as yet unmatched pairs. 38631 records in RAM.
INFO	2015-04-01 11:23:31	MarkDuplicates	Read   124,000,000 records.  Elapsed time: 00:51:11s.  Time for last 1,000,000:   20s.  Last read position: chrM:7,366
INFO	2015-04-01 11:23:31	MarkDuplicates	Tracking 106555 as yet unmatched pairs. 43089 records in RAM.
INFO	2015-04-01 11:23:42	MarkDuplicates	Read   125,000,000 records.  Elapsed time: 00:51:23s.  Time for last 1,000,000:   12s.  Last read position: chrM:9,234
INFO	2015-04-01 11:23:42	MarkDuplicates	Tracking 112407 as yet unmatched pairs. 48911 records in RAM.
INFO	2015-04-01 11:23:54	MarkDuplicates	Read   126,000,000 records.  Elapsed time: 00:51:35s.  Time for last 1,000,000:   11s.  Last read position: chrX:7,156,697
INFO	2015-04-01 11:23:54	MarkDuplicates	Tracking 63146 as yet unmatched pairs. 58159 records in RAM.
INFO	2015-04-01 11:24:04	MarkDuplicates	Read   127,000,000 records.  Elapsed time: 00:51:47s.  Time for last 1,000,000:   11s.  Last read position: chrX:51,004,652
INFO	2015-04-01 11:24:04	MarkDuplicates	Tracking 51062 as yet unmatched pairs. 46014 records in RAM.
INFO	2015-04-01 11:25:44	MarkDuplicates	Read   128,000,000 records.  Elapsed time: 00:53:25s.  Time for last 1,000,000:   98s.  Last read position: chrX:75,816,117
INFO	2015-04-01 11:25:44	MarkDuplicates	Tracking 33993 as yet unmatched pairs. 28938 records in RAM.
INFO	2015-04-01 11:25:59	MarkDuplicates	Read   129,000,000 records.  Elapsed time: 00:53:40s.  Time for last 1,000,000:   14s.  Last read position: chrX:104,856,924
INFO	2015-04-01 11:25:59	MarkDuplicates	Tracking 28745 as yet unmatched pairs. 23680 records in RAM.
INFO	2015-04-01 11:26:17	MarkDuplicates	Read   130,000,000 records.  Elapsed time: 00:53:54s.  Time for last 1,000,000:   14s.  Last read position: chrX:143,807,415
INFO	2015-04-01 11:26:17	MarkDuplicates	Tracking 17395 as yet unmatched pairs. 12291 records in RAM.
INFO	2015-04-01 11:26:30	MarkDuplicates	Read 130915696 records. 0 pairs never matched.
INFO	2015-04-01 11:27:12	MarkDuplicates	After buildSortedReadEndLists freeMemory: 13953725328; totalMemory: 28056420352; maxMemory: 38177538048
INFO	2015-04-01 11:27:12	MarkDuplicates	Will retain up to 1193048064 duplicate indices before spilling to disk.
INFO	2015-04-01 11:27:15	MarkDuplicates	Traversing read pair information and detecting duplicates.
INFO	2015-04-01 11:28:19	MarkDuplicates	Traversing fragment information and detecting duplicates.
INFO	2015-04-01 11:30:16	MarkDuplicates	Sorting list of duplicate records.
INFO	2015-04-01 11:30:28	MarkDuplicates	After generateDuplicateIndexes freeMemory: 18326394816; totalMemory: 28056420352; maxMemory: 38177538048
INFO	2015-04-01 11:30:28	MarkDuplicates	Marking 24186515 records as duplicates.
INFO	2015-04-01 11:30:28	MarkDuplicates	Found 6993847 optical duplicate clusters.
INFO	2015-04-01 11:35:16	MarkDuplicates	Written    10,000,000 records.  Elapsed time: 00:04:44s.  Time for last 10,000,000:  284s.  Last read position: chr10:62,640,784
INFO	2015-04-01 11:40:08	MarkDuplicates	Written    20,000,000 records.  Elapsed time: 00:09:38s.  Time for last 10,000,000:  293s.  Last read position: chr11:70,662,374
INFO	2015-04-01 11:45:11	MarkDuplicates	Written    30,000,000 records.  Elapsed time: 00:14:41s.  Time for last 10,000,000:  302s.  Last read position: chr12:109,565,761
INFO	2015-04-01 11:50:47	MarkDuplicates	Written    40,000,000 records.  Elapsed time: 00:20:18s.  Time for last 10,000,000:  337s.  Last read position: chr15:25,800,219
INFO	2015-04-01 11:57:15	MarkDuplicates	Written    50,000,000 records.  Elapsed time: 00:26:45s.  Time for last 10,000,000:  386s.  Last read position: chr17:24,595,914
INFO	2015-04-01 12:04:23	MarkDuplicates	Written    60,000,000 records.  Elapsed time: 00:33:52s.  Time for last 10,000,000:  426s.  Last read position: chr19:27,390,295
INFO	2015-04-01 12:11:30	MarkDuplicates	Written    70,000,000 records.  Elapsed time: 00:41:01s.  Time for last 10,000,000:  429s.  Last read position: chr2:175,199,933
INFO	2015-04-01 12:18:11	MarkDuplicates	Written    80,000,000 records.  Elapsed time: 00:47:42s.  Time for last 10,000,000:  400s.  Last read position: chr4:117,154,334
INFO	2015-04-01 12:24:08	MarkDuplicates	Written    90,000,000 records.  Elapsed time: 00:53:39s.  Time for last 10,000,000:  357s.  Last read position: chr5:135,242,417
INFO	2015-04-01 12:30:43	MarkDuplicates	Written   100,000,000 records.  Elapsed time: 01:00:14s.  Time for last 10,000,000:  395s.  Last read position: chr7:29,400,762
INFO	2015-04-01 12:36:15	MarkDuplicates	Written   110,000,000 records.  Elapsed time: 01:05:46s.  Time for last 10,000,000:  331s.  Last read position: chr8:58,294,163
INFO	2015-04-01 12:42:30	MarkDuplicates	Written   120,000,000 records.  Elapsed time: 01:12:00s.  Time for last 10,000,000:  373s.  Last read position: chr9:90,205,084
INFO	2015-04-01 12:47:33	MarkDuplicates	Written   130,000,000 records.  Elapsed time: 01:17:03s.  Time for last 10,000,000:  302s.  Last read position: chrX:143,807,415
INFO	2015-04-01 12:48:03	MarkDuplicates	Before output close freeMemory: 27876626632; totalMemory: 28148563968; maxMemory: 38177538048
INFO	2015-04-01 12:48:10	MarkDuplicates	After output close freeMemory: 28088070528; totalMemory: 28359786496; maxMemory: 38177538048
[Wed Apr 01 12:48:10 EDT 2015] net.sf.picard.sam.MarkDuplicates done. Elapsed time: 136.01 minutes.
Runtime.totalMemory()=28359786496
