[Wed Apr 01 10:52:54 EDT 2015] net.sf.picard.sam.MarkDuplicates INPUT=[/n/rinn_data1/users/agroff/seq/OtherMice/Diana/lincP21/bam/JR917/accepted_hits_sorted_picard.bam] OUTPUT=/n/rinn_data1/users/agroff/seq/OtherMice/Diana/lincP21/bam/JR917/accepted_hits_sorted_duplicates_marked.bam METRICS_FILE=dup_metrics.txt    PROGRAM_RECORD_ID=MarkDuplicates PROGRAM_GROUP_NAME=MarkDuplicates REMOVE_DUPLICATES=false ASSUME_SORTED=false MAX_SEQUENCES_FOR_DISK_READ_ENDS_MAP=50000 MAX_FILE_HANDLES_FOR_READ_ENDS_MAP=8000 SORTING_COLLECTION_SIZE_RATIO=0.25 READ_NAME_REGEX=[a-zA-Z0-9]+:[0-9]:([0-9]+):([0-9]+):([0-9]+).* OPTICAL_DUPLICATE_PIXEL_DISTANCE=100 VERBOSITY=INFO QUIET=false VALIDATION_STRINGENCY=STRICT COMPRESSION_LEVEL=5 MAX_RECORDS_IN_RAM=500000 CREATE_INDEX=false CREATE_MD5_FILE=false
[Wed Apr 01 10:52:54 EDT 2015] Executing as agroff@holy2a04308.rc.fas.harvard.edu on Linux 2.6.32-431.17.1.el6.x86_64 amd64; Java HotSpot(TM) 64-Bit Server VM 1.6.0_11-b03; Picard version: 1.98(1547)
INFO	2015-04-01 10:52:54	MarkDuplicates	Start of doWork freeMemory: 8540168; totalMemory: 9109504; maxMemory: 38177538048
INFO	2015-04-01 10:52:54	MarkDuplicates	Reading input file and constructing read end information.
INFO	2015-04-01 10:52:54	MarkDuplicates	Will retain up to 151498166 data points before spilling to disk.
INFO	2015-04-01 10:53:49	MarkDuplicates	Read     1,000,000 records.  Elapsed time: 00:00:53s.  Time for last 1,000,000:   53s.  Last read position: chr1:55,081,130
INFO	2015-04-01 10:53:49	MarkDuplicates	Tracking 34090 as yet unmatched pairs. 4273 records in RAM.
INFO	2015-04-01 10:54:13	MarkDuplicates	Read     2,000,000 records.  Elapsed time: 00:01:17s.  Time for last 1,000,000:   23s.  Last read position: chr1:86,526,913
INFO	2015-04-01 10:54:13	MarkDuplicates	Tracking 48650 as yet unmatched pairs. 10709 records in RAM.
INFO	2015-04-01 10:54:39	MarkDuplicates	Read     3,000,000 records.  Elapsed time: 00:01:40s.  Time for last 1,000,000:   23s.  Last read position: chr1:134,424,800
INFO	2015-04-01 10:54:39	MarkDuplicates	Tracking 54613 as yet unmatched pairs. 1288 records in RAM.
INFO	2015-04-01 10:55:01	MarkDuplicates	Read     4,000,000 records.  Elapsed time: 00:02:05s.  Time for last 1,000,000:   24s.  Last read position: chr1:174,240,375
INFO	2015-04-01 10:55:01	MarkDuplicates	Tracking 65884 as yet unmatched pairs. 729 records in RAM.
INFO	2015-04-01 10:55:20	MarkDuplicates	Read     5,000,000 records.  Elapsed time: 00:02:24s.  Time for last 1,000,000:   19s.  Last read position: chr10:23,785,971
INFO	2015-04-01 10:55:20	MarkDuplicates	Tracking 92315 as yet unmatched pairs. 16063 records in RAM.
INFO	2015-04-01 10:55:42	MarkDuplicates	Read     6,000,000 records.  Elapsed time: 00:02:42s.  Time for last 1,000,000:   18s.  Last read position: chr10:72,674,104
INFO	2015-04-01 10:55:42	MarkDuplicates	Tracking 94764 as yet unmatched pairs. 3993 records in RAM.
INFO	2015-04-01 10:56:03	MarkDuplicates	Read     7,000,000 records.  Elapsed time: 00:03:04s.  Time for last 1,000,000:   21s.  Last read position: chr10:81,564,856
INFO	2015-04-01 10:56:03	MarkDuplicates	Tracking 98729 as yet unmatched pairs. 4404 records in RAM.
INFO	2015-04-01 10:56:28	MarkDuplicates	Read     8,000,000 records.  Elapsed time: 00:03:32s.  Time for last 1,000,000:   27s.  Last read position: chr10:127,302,850
INFO	2015-04-01 10:56:28	MarkDuplicates	Tracking 107549 as yet unmatched pairs. 733 records in RAM.
INFO	2015-04-01 10:56:46	MarkDuplicates	Read     9,000,000 records.  Elapsed time: 00:03:50s.  Time for last 1,000,000:   18s.  Last read position: chr11:6,419,256
INFO	2015-04-01 10:56:46	MarkDuplicates	Tracking 133890 as yet unmatched pairs. 14981 records in RAM.
INFO	2015-04-01 10:57:06	MarkDuplicates	Read    10,000,000 records.  Elapsed time: 00:04:10s.  Time for last 1,000,000:   19s.  Last read position: chr11:32,283,699
INFO	2015-04-01 10:57:06	MarkDuplicates	Tracking 260329 as yet unmatched pairs. 133119 records in RAM.
INFO	2015-04-01 10:57:15	MarkDuplicates	Read    11,000,000 records.  Elapsed time: 00:04:19s.  Time for last 1,000,000:    9s.  Last read position: chr11:32,283,753
INFO	2015-04-01 10:57:15	MarkDuplicates	Tracking 623604 as yet unmatched pairs. 496148 records in RAM.
INFO	2015-04-01 10:57:34	MarkDuplicates	Read    12,000,000 records.  Elapsed time: 00:04:35s.  Time for last 1,000,000:   15s.  Last read position: chr11:32,283,951
INFO	2015-04-01 10:57:34	MarkDuplicates	Tracking 666495 as yet unmatched pairs. 538602 records in RAM.
INFO	2015-04-01 10:57:47	MarkDuplicates	Read    13,000,000 records.  Elapsed time: 00:04:49s.  Time for last 1,000,000:   14s.  Last read position: chr11:32,284,037
INFO	2015-04-01 10:57:47	MarkDuplicates	Tracking 969358 as yet unmatched pairs. 841185 records in RAM.
INFO	2015-04-01 10:58:02	MarkDuplicates	Read    14,000,000 records.  Elapsed time: 00:05:06s.  Time for last 1,000,000:   16s.  Last read position: chr11:32,284,111
INFO	2015-04-01 10:58:02	MarkDuplicates	Tracking 1130396 as yet unmatched pairs. 1001844 records in RAM.
INFO	2015-04-01 10:58:17	MarkDuplicates	Read    15,000,000 records.  Elapsed time: 00:05:18s.  Time for last 1,000,000:   12s.  Last read position: chr11:32,284,341
INFO	2015-04-01 10:58:17	MarkDuplicates	Tracking 1184770 as yet unmatched pairs. 1055664 records in RAM.
INFO	2015-04-01 10:58:28	MarkDuplicates	Read    16,000,000 records.  Elapsed time: 00:05:32s.  Time for last 1,000,000:   14s.  Last read position: chr11:32,296,527
INFO	2015-04-01 10:58:28	MarkDuplicates	Tracking 1233484 as yet unmatched pairs. 1103933 records in RAM.
INFO	2015-04-01 10:58:47	MarkDuplicates	Read    17,000,000 records.  Elapsed time: 00:05:48s.  Time for last 1,000,000:   15s.  Last read position: chr11:32,296,747
INFO	2015-04-01 10:58:47	MarkDuplicates	Tracking 1093961 as yet unmatched pairs. 963987 records in RAM.
INFO	2015-04-01 10:58:59	MarkDuplicates	Read    18,000,000 records.  Elapsed time: 00:06:00s.  Time for last 1,000,000:   12s.  Last read position: chr11:32,296,806
INFO	2015-04-01 10:58:59	MarkDuplicates	Tracking 927346 as yet unmatched pairs. 797085 records in RAM.
INFO	2015-04-01 10:59:09	MarkDuplicates	Read    19,000,000 records.  Elapsed time: 00:06:13s.  Time for last 1,000,000:   12s.  Last read position: chr11:32,296,893
INFO	2015-04-01 10:59:09	MarkDuplicates	Tracking 816264 as yet unmatched pairs. 685632 records in RAM.
INFO	2015-04-01 10:59:20	MarkDuplicates	Read    20,000,000 records.  Elapsed time: 00:06:24s.  Time for last 1,000,000:   11s.  Last read position: chr11:32,297,101
INFO	2015-04-01 10:59:20	MarkDuplicates	Tracking 559325 as yet unmatched pairs. 428312 records in RAM.
INFO	2015-04-01 10:59:31	MarkDuplicates	Read    21,000,000 records.  Elapsed time: 00:06:35s.  Time for last 1,000,000:   11s.  Last read position: chr11:32,297,202
INFO	2015-04-01 10:59:31	MarkDuplicates	Tracking 204346 as yet unmatched pairs. 72967 records in RAM.
INFO	2015-04-01 10:59:51	MarkDuplicates	Read    22,000,000 records.  Elapsed time: 00:06:55s.  Time for last 1,000,000:   19s.  Last read position: chr11:54,840,716
INFO	2015-04-01 10:59:51	MarkDuplicates	Tracking 144984 as yet unmatched pairs. 5660 records in RAM.
INFO	2015-04-01 11:00:05	MarkDuplicates	Read    23,000,000 records.  Elapsed time: 00:07:05s.  Time for last 1,000,000:   10s.  Last read position: chr11:69,917,324
INFO	2015-04-01 11:00:05	MarkDuplicates	Tracking 154312 as yet unmatched pairs. 10730 records in RAM.
INFO	2015-04-01 11:00:21	MarkDuplicates	Read    24,000,000 records.  Elapsed time: 00:07:23s.  Time for last 1,000,000:   17s.  Last read position: chr11:82,764,366
INFO	2015-04-01 11:00:21	MarkDuplicates	Tracking 154690 as yet unmatched pairs. 3222 records in RAM.
INFO	2015-04-01 11:00:43	MarkDuplicates	Read    25,000,000 records.  Elapsed time: 00:07:46s.  Time for last 1,000,000:   23s.  Last read position: chr11:98,028,381
INFO	2015-04-01 11:00:43	MarkDuplicates	Tracking 171206 as yet unmatched pairs. 12381 records in RAM.
INFO	2015-04-01 11:00:59	MarkDuplicates	Read    26,000,000 records.  Elapsed time: 00:08:00s.  Time for last 1,000,000:   13s.  Last read position: chr11:104,424,297
INFO	2015-04-01 11:00:59	MarkDuplicates	Tracking 169674 as yet unmatched pairs. 1403 records in RAM.
INFO	2015-04-01 11:01:24	MarkDuplicates	Read    27,000,000 records.  Elapsed time: 00:08:25s.  Time for last 1,000,000:   25s.  Last read position: chr11:120,560,386
INFO	2015-04-01 11:01:24	MarkDuplicates	Tracking 180497 as yet unmatched pairs. 900 records in RAM.
INFO	2015-04-01 11:01:39	MarkDuplicates	Read    28,000,000 records.  Elapsed time: 00:08:42s.  Time for last 1,000,000:   16s.  Last read position: chr12:31,331,971
INFO	2015-04-01 11:01:39	MarkDuplicates	Tracking 198081 as yet unmatched pairs. 7421 records in RAM.
INFO	2015-04-01 11:01:52	MarkDuplicates	Read    29,000,000 records.  Elapsed time: 00:08:54s.  Time for last 1,000,000:   12s.  Last read position: chr12:79,174,715
INFO	2015-04-01 11:01:52	MarkDuplicates	Tracking 217736 as yet unmatched pairs. 5012 records in RAM.
INFO	2015-04-01 11:02:22	MarkDuplicates	Read    30,000,000 records.  Elapsed time: 00:09:24s.  Time for last 1,000,000:   29s.  Last read position: chr12:103,857,714
INFO	2015-04-01 11:02:22	MarkDuplicates	Tracking 234231 as yet unmatched pairs. 16169 records in RAM.
INFO	2015-04-01 11:02:34	MarkDuplicates	Read    31,000,000 records.  Elapsed time: 00:09:37s.  Time for last 1,000,000:   13s.  Last read position: chr12:118,232,603
INFO	2015-04-01 11:02:34	MarkDuplicates	Tracking 221112 as yet unmatched pairs. 36 records in RAM.
INFO	2015-04-01 11:02:46	MarkDuplicates	Read    32,000,000 records.  Elapsed time: 00:09:50s.  Time for last 1,000,000:   12s.  Last read position: chr13:48,934,011
INFO	2015-04-01 11:02:46	MarkDuplicates	Tracking 243020 as yet unmatched pairs. 8899 records in RAM.
INFO	2015-04-01 11:03:13	MarkDuplicates	Read    33,000,000 records.  Elapsed time: 00:10:14s.  Time for last 1,000,000:   24s.  Last read position: chr13:90,104,468
INFO	2015-04-01 11:03:13	MarkDuplicates	Tracking 263740 as yet unmatched pairs. 2715 records in RAM.
INFO	2015-04-01 11:03:30	MarkDuplicates	Read    34,000,000 records.  Elapsed time: 00:10:32s.  Time for last 1,000,000:   17s.  Last read position: chr14:20,391,450
INFO	2015-04-01 11:03:30	MarkDuplicates	Tracking 289108 as yet unmatched pairs. 21667 records in RAM.
INFO	2015-04-01 11:03:43	MarkDuplicates	Read    35,000,000 records.  Elapsed time: 00:10:44s.  Time for last 1,000,000:   12s.  Last read position: chr14:51,989,897
INFO	2015-04-01 11:03:43	MarkDuplicates	Tracking 285280 as yet unmatched pairs. 10531 records in RAM.
INFO	2015-04-01 11:04:10	MarkDuplicates	Read    36,000,000 records.  Elapsed time: 00:11:11s.  Time for last 1,000,000:   26s.  Last read position: chr14:69,621,246
INFO	2015-04-01 11:04:10	MarkDuplicates	Tracking 297491 as yet unmatched pairs. 14322 records in RAM.
INFO	2015-04-01 11:04:21	MarkDuplicates	Read    37,000,000 records.  Elapsed time: 00:11:24s.  Time for last 1,000,000:   13s.  Last read position: chr15:5,116,657
INFO	2015-04-01 11:04:21	MarkDuplicates	Tracking 301228 as yet unmatched pairs. 11822 records in RAM.
INFO	2015-04-01 11:04:41	MarkDuplicates	Read    38,000,000 records.  Elapsed time: 00:11:40s.  Time for last 1,000,000:   15s.  Last read position: chr15:66,930,291
INFO	2015-04-01 11:04:41	MarkDuplicates	Tracking 301953 as yet unmatched pairs. 3878 records in RAM.
INFO	2015-04-01 11:05:07	MarkDuplicates	Read    39,000,000 records.  Elapsed time: 00:12:11s.  Time for last 1,000,000:   31s.  Last read position: chr15:82,042,284
INFO	2015-04-01 11:05:07	MarkDuplicates	Tracking 305515 as yet unmatched pairs. 3561 records in RAM.
INFO	2015-04-01 11:05:20	MarkDuplicates	Read    40,000,000 records.  Elapsed time: 00:12:21s.  Time for last 1,000,000:   10s.  Last read position: chr15:99,037,185
INFO	2015-04-01 11:05:20	MarkDuplicates	Tracking 317293 as yet unmatched pairs. 10663 records in RAM.
INFO	2015-04-01 11:05:38	MarkDuplicates	Read    41,000,000 records.  Elapsed time: 00:12:42s.  Time for last 1,000,000:   20s.  Last read position: chr16:17,130,723
INFO	2015-04-01 11:05:38	MarkDuplicates	Tracking 317800 as yet unmatched pairs. 8131 records in RAM.
INFO	2015-04-01 11:05:50	MarkDuplicates	Read    42,000,000 records.  Elapsed time: 00:12:53s.  Time for last 1,000,000:   10s.  Last read position: chr16:36,046,441
INFO	2015-04-01 11:05:50	MarkDuplicates	Tracking 319114 as yet unmatched pairs. 4447 records in RAM.
INFO	2015-04-01 11:06:20	MarkDuplicates	Read    43,000,000 records.  Elapsed time: 00:13:21s.  Time for last 1,000,000:   28s.  Last read position: chr17:6,436,072
INFO	2015-04-01 11:06:20	MarkDuplicates	Tracking 331065 as yet unmatched pairs. 31698 records in RAM.
INFO	2015-04-01 11:06:34	MarkDuplicates	Read    44,000,000 records.  Elapsed time: 00:13:35s.  Time for last 1,000,000:   13s.  Last read position: chr17:25,883,829
INFO	2015-04-01 11:06:34	MarkDuplicates	Tracking 335908 as yet unmatched pairs. 23603 records in RAM.
INFO	2015-04-01 11:06:48	MarkDuplicates	Read    45,000,000 records.  Elapsed time: 00:13:49s.  Time for last 1,000,000:   14s.  Last read position: chr17:34,117,026
INFO	2015-04-01 11:06:48	MarkDuplicates	Tracking 331943 as yet unmatched pairs. 10305 records in RAM.
INFO	2015-04-01 11:07:06	MarkDuplicates	Read    46,000,000 records.  Elapsed time: 00:14:07s.  Time for last 1,000,000:   17s.  Last read position: chr17:47,621,449
INFO	2015-04-01 11:07:06	MarkDuplicates	Tracking 336321 as yet unmatched pairs. 7290 records in RAM.
INFO	2015-04-01 11:07:18	MarkDuplicates	Read    47,000,000 records.  Elapsed time: 00:14:21s.  Time for last 1,000,000:   13s.  Last read position: chr18:9,996,189
INFO	2015-04-01 11:07:18	MarkDuplicates	Tracking 335862 as yet unmatched pairs. 17291 records in RAM.
INFO	2015-04-01 11:07:49	MarkDuplicates	Read    48,000,000 records.  Elapsed time: 00:14:49s.  Time for last 1,000,000:   28s.  Last read position: chr18:60,558,537
INFO	2015-04-01 11:07:49	MarkDuplicates	Tracking 341287 as yet unmatched pairs. 8758 records in RAM.
INFO	2015-04-01 11:08:01	MarkDuplicates	Read    49,000,000 records.  Elapsed time: 00:15:03s.  Time for last 1,000,000:   13s.  Last read position: chr19:4,193,786
INFO	2015-04-01 11:08:01	MarkDuplicates	Tracking 337708 as yet unmatched pairs. 16707 records in RAM.
INFO	2015-04-01 11:08:24	MarkDuplicates	Read    50,000,000 records.  Elapsed time: 00:15:27s.  Time for last 1,000,000:   24s.  Last read position: chr19:10,091,829
INFO	2015-04-01 11:08:24	MarkDuplicates	Tracking 339365 as yet unmatched pairs. 12060 records in RAM.
INFO	2015-04-01 11:08:39	MarkDuplicates	Read    51,000,000 records.  Elapsed time: 00:15:39s.  Time for last 1,000,000:   11s.  Last read position: chr19:45,765,504
INFO	2015-04-01 11:08:39	MarkDuplicates	Tracking 342202 as yet unmatched pairs. 6982 records in RAM.
INFO	2015-04-01 11:08:54	MarkDuplicates	Read    52,000,000 records.  Elapsed time: 00:15:55s.  Time for last 1,000,000:   15s.  Last read position: chr2:25,354,232
INFO	2015-04-01 11:08:54	MarkDuplicates	Tracking 345117 as yet unmatched pairs. 34731 records in RAM.
INFO	2015-04-01 11:09:38	MarkDuplicates	Read    53,000,000 records.  Elapsed time: 00:16:39s.  Time for last 1,000,000:   44s.  Last read position: chr2:37,357,223
INFO	2015-04-01 11:09:38	MarkDuplicates	Tracking 349194 as yet unmatched pairs. 27674 records in RAM.
INFO	2015-04-01 11:09:50	MarkDuplicates	Read    54,000,000 records.  Elapsed time: 00:16:52s.  Time for last 1,000,000:   13s.  Last read position: chr2:91,013,275
INFO	2015-04-01 11:09:50	MarkDuplicates	Tracking 351765 as yet unmatched pairs. 20190 records in RAM.
INFO	2015-04-01 11:10:13	MarkDuplicates	Read    55,000,000 records.  Elapsed time: 00:17:14s.  Time for last 1,000,000:   22s.  Last read position: chr2:125,832,083
INFO	2015-04-01 11:10:13	MarkDuplicates	Tracking 352012 as yet unmatched pairs. 15366 records in RAM.
INFO	2015-04-01 11:10:27	MarkDuplicates	Read    56,000,000 records.  Elapsed time: 00:17:28s.  Time for last 1,000,000:   14s.  Last read position: chr2:155,151,476
INFO	2015-04-01 11:10:27	MarkDuplicates	Tracking 345366 as yet unmatched pairs. 5424 records in RAM.
INFO	2015-04-01 11:10:39	MarkDuplicates	Read    57,000,000 records.  Elapsed time: 00:17:41s.  Time for last 1,000,000:   12s.  Last read position: chr2:176,685,193
INFO	2015-04-01 11:10:39	MarkDuplicates	Tracking 347423 as yet unmatched pairs. 3009 records in RAM.
INFO	2015-04-01 11:11:18	MarkDuplicates	Read    58,000,000 records.  Elapsed time: 00:18:22s.  Time for last 1,000,000:   41s.  Last read position: chr3:51,240,376
INFO	2015-04-01 11:11:18	MarkDuplicates	Tracking 343854 as yet unmatched pairs. 46055 records in RAM.
INFO	2015-04-01 11:11:30	MarkDuplicates	Read    59,000,000 records.  Elapsed time: 00:18:32s.  Time for last 1,000,000:   10s.  Last read position: chr3:88,115,963
INFO	2015-04-01 11:11:30	MarkDuplicates	Tracking 326516 as yet unmatched pairs. 22964 records in RAM.
INFO	2015-04-01 11:11:40	MarkDuplicates	Read    60,000,000 records.  Elapsed time: 00:18:44s.  Time for last 1,000,000:   11s.  Last read position: chr3:104,653,111
INFO	2015-04-01 11:11:40	MarkDuplicates	Tracking 322459 as yet unmatched pairs. 14157 records in RAM.
INFO	2015-04-01 11:11:58	MarkDuplicates	Read    61,000,000 records.  Elapsed time: 00:19:00s.  Time for last 1,000,000:   16s.  Last read position: chr3:146,839,000
INFO	2015-04-01 11:11:58	MarkDuplicates	Tracking 315583 as yet unmatched pairs. 2201 records in RAM.
INFO	2015-04-01 11:12:12	MarkDuplicates	Read    62,000,000 records.  Elapsed time: 00:19:15s.  Time for last 1,000,000:   14s.  Last read position: chr4:44,992,445
INFO	2015-04-01 11:12:12	MarkDuplicates	Tracking 326529 as yet unmatched pairs. 37040 records in RAM.
INFO	2015-04-01 11:12:27	MarkDuplicates	Read    63,000,000 records.  Elapsed time: 00:19:27s.  Time for last 1,000,000:   12s.  Last read position: chr4:104,857,952
INFO	2015-04-01 11:12:27	MarkDuplicates	Tracking 321669 as yet unmatched pairs. 28499 records in RAM.
INFO	2015-04-01 11:13:01	MarkDuplicates	Read    64,000,000 records.  Elapsed time: 00:20:02s.  Time for last 1,000,000:   35s.  Last read position: chr4:123,297,921
INFO	2015-04-01 11:13:01	MarkDuplicates	Tracking 323827 as yet unmatched pairs. 23614 records in RAM.
INFO	2015-04-01 11:13:13	MarkDuplicates	Read    65,000,000 records.  Elapsed time: 00:20:15s.  Time for last 1,000,000:   12s.  Last read position: chr4:135,978,815
INFO	2015-04-01 11:13:13	MarkDuplicates	Tracking 322554 as yet unmatched pairs. 17690 records in RAM.
INFO	2015-04-01 11:13:26	MarkDuplicates	Read    66,000,000 records.  Elapsed time: 00:20:27s.  Time for last 1,000,000:   12s.  Last read position: chr4:155,808,691
INFO	2015-04-01 11:13:26	MarkDuplicates	Tracking 312621 as yet unmatched pairs. 537 records in RAM.
INFO	2015-04-01 11:13:42	MarkDuplicates	Read    67,000,000 records.  Elapsed time: 00:20:42s.  Time for last 1,000,000:   15s.  Last read position: chr5:33,027,777
INFO	2015-04-01 11:13:42	MarkDuplicates	Tracking 329593 as yet unmatched pairs. 43577 records in RAM.
INFO	2015-04-01 11:14:10	MarkDuplicates	Read    68,000,000 records.  Elapsed time: 00:21:11s.  Time for last 1,000,000:   28s.  Last read position: chr5:90,462,772
INFO	2015-04-01 11:14:10	MarkDuplicates	Tracking 353627 as yet unmatched pairs. 65815 records in RAM.
INFO	2015-04-01 11:14:22	MarkDuplicates	Read    69,000,000 records.  Elapsed time: 00:21:24s.  Time for last 1,000,000:   12s.  Last read position: chr5:90,475,271
INFO	2015-04-01 11:14:22	MarkDuplicates	Tracking 355991 as yet unmatched pairs. 67840 records in RAM.
INFO	2015-04-01 11:14:35	MarkDuplicates	Read    70,000,000 records.  Elapsed time: 00:21:36s.  Time for last 1,000,000:   12s.  Last read position: chr5:90,505,043
INFO	2015-04-01 11:14:35	MarkDuplicates	Tracking 362012 as yet unmatched pairs. 73607 records in RAM.
INFO	2015-04-01 11:15:14	MarkDuplicates	Read    71,000,000 records.  Elapsed time: 00:22:16s.  Time for last 1,000,000:   39s.  Last read position: chr5:115,111,672
INFO	2015-04-01 11:15:14	MarkDuplicates	Tracking 322180 as yet unmatched pairs. 25061 records in RAM.
INFO	2015-04-01 11:15:28	MarkDuplicates	Read    72,000,000 records.  Elapsed time: 00:22:29s.  Time for last 1,000,000:   13s.  Last read position: chr5:124,887,982
INFO	2015-04-01 11:15:28	MarkDuplicates	Tracking 324039 as yet unmatched pairs. 14606 records in RAM.
INFO	2015-04-01 11:15:42	MarkDuplicates	Read    73,000,000 records.  Elapsed time: 00:22:43s.  Time for last 1,000,000:   13s.  Last read position: chr5:140,442,921
INFO	2015-04-01 11:15:42	MarkDuplicates	Tracking 321660 as yet unmatched pairs. 9302 records in RAM.
INFO	2015-04-01 11:15:53	MarkDuplicates	Read    74,000,000 records.  Elapsed time: 00:22:56s.  Time for last 1,000,000:   13s.  Last read position: chr6:30,213,084
INFO	2015-04-01 11:15:53	MarkDuplicates	Tracking 307458 as yet unmatched pairs. 37676 records in RAM.
INFO	2015-04-01 11:16:12	MarkDuplicates	Read    75,000,000 records.  Elapsed time: 00:23:13s.  Time for last 1,000,000:   16s.  Last read position: chr6:70,766,175
INFO	2015-04-01 11:16:12	MarkDuplicates	Tracking 301926 as yet unmatched pairs. 30217 records in RAM.
INFO	2015-04-01 11:16:26	MarkDuplicates	Read    76,000,000 records.  Elapsed time: 00:23:26s.  Time for last 1,000,000:   13s.  Last read position: chr6:113,729,646
INFO	2015-04-01 11:16:26	MarkDuplicates	Tracking 299848 as yet unmatched pairs. 25124 records in RAM.
INFO	2015-04-01 11:16:40	MarkDuplicates	Read    77,000,000 records.  Elapsed time: 00:23:40s.  Time for last 1,000,000:   13s.  Last read position: chr6:128,326,778
INFO	2015-04-01 11:16:40	MarkDuplicates	Tracking 285140 as yet unmatched pairs. 4794 records in RAM.
INFO	2015-04-01 11:16:53	MarkDuplicates	Read    78,000,000 records.  Elapsed time: 00:23:55s.  Time for last 1,000,000:   14s.  Last read position: chr7:16,795,950
INFO	2015-04-01 11:16:53	MarkDuplicates	Tracking 279292 as yet unmatched pairs. 72416 records in RAM.
INFO	2015-04-01 11:17:35	MarkDuplicates	Read    79,000,000 records.  Elapsed time: 00:24:35s.  Time for last 1,000,000:   40s.  Last read position: chr7:37,961,440
INFO	2015-04-01 11:17:35	MarkDuplicates	Tracking 270768 as yet unmatched pairs. 62383 records in RAM.
INFO	2015-04-01 11:17:49	MarkDuplicates	Read    80,000,000 records.  Elapsed time: 00:24:49s.  Time for last 1,000,000:   14s.  Last read position: chr7:65,686,537
INFO	2015-04-01 11:17:49	MarkDuplicates	Tracking 250400 as yet unmatched pairs. 41067 records in RAM.
INFO	2015-04-01 11:18:01	MarkDuplicates	Read    81,000,000 records.  Elapsed time: 00:25:03s.  Time for last 1,000,000:   13s.  Last read position: chr7:103,812,569
INFO	2015-04-01 11:18:01	MarkDuplicates	Tracking 255875 as yet unmatched pairs. 45574 records in RAM.
INFO	2015-04-01 11:18:12	MarkDuplicates	Read    82,000,000 records.  Elapsed time: 00:25:14s.  Time for last 1,000,000:   11s.  Last read position: chr7:103,812,727
INFO	2015-04-01 11:18:12	MarkDuplicates	Tracking 590039 as yet unmatched pairs. 379655 records in RAM.
INFO	2015-04-01 11:18:28	MarkDuplicates	Read    83,000,000 records.  Elapsed time: 00:25:32s.  Time for last 1,000,000:   17s.  Last read position: chr7:103,812,780
INFO	2015-04-01 11:18:28	MarkDuplicates	Tracking 873036 as yet unmatched pairs. 662604 records in RAM.
INFO	2015-04-01 11:18:37	MarkDuplicates	Read    84,000,000 records.  Elapsed time: 00:25:41s.  Time for last 1,000,000:    9s.  Last read position: chr7:103,813,494
INFO	2015-04-01 11:18:37	MarkDuplicates	Tracking 1021010 as yet unmatched pairs. 810533 records in RAM.
INFO	2015-04-01 11:18:45	MarkDuplicates	Read    85,000,000 records.  Elapsed time: 00:25:49s.  Time for last 1,000,000:    8s.  Last read position: chr7:103,813,568
INFO	2015-04-01 11:18:45	MarkDuplicates	Tracking 1174266 as yet unmatched pairs. 963756 records in RAM.
INFO	2015-04-01 11:18:55	MarkDuplicates	Read    86,000,000 records.  Elapsed time: 00:25:58s.  Time for last 1,000,000:    8s.  Last read position: chr7:103,813,645
INFO	2015-04-01 11:18:55	MarkDuplicates	Tracking 1219431 as yet unmatched pairs. 1008878 records in RAM.
INFO	2015-04-01 11:19:07	MarkDuplicates	Read    87,000,000 records.  Elapsed time: 00:26:08s.  Time for last 1,000,000:   10s.  Last read position: chr7:103,826,659
INFO	2015-04-01 11:19:07	MarkDuplicates	Tracking 1264609 as yet unmatched pairs. 1053965 records in RAM.
INFO	2015-04-01 11:19:42	MarkDuplicates	Read    88,000,000 records.  Elapsed time: 00:26:45s.  Time for last 1,000,000:   37s.  Last read position: chr7:103,826,740
INFO	2015-04-01 11:19:42	MarkDuplicates	Tracking 1294919 as yet unmatched pairs. 1084206 records in RAM.
INFO	2015-04-01 11:19:54	MarkDuplicates	Read    89,000,000 records.  Elapsed time: 00:26:55s.  Time for last 1,000,000:    9s.  Last read position: chr7:103,827,470
INFO	2015-04-01 11:19:54	MarkDuplicates	Tracking 1074361 as yet unmatched pairs. 863595 records in RAM.
INFO	2015-04-01 11:20:01	MarkDuplicates	Read    90,000,000 records.  Elapsed time: 00:27:05s.  Time for last 1,000,000:   10s.  Last read position: chr7:103,827,512
INFO	2015-04-01 11:20:01	MarkDuplicates	Tracking 905944 as yet unmatched pairs. 695152 records in RAM.
INFO	2015-04-01 11:20:10	MarkDuplicates	Read    91,000,000 records.  Elapsed time: 00:27:13s.  Time for last 1,000,000:    7s.  Last read position: chr7:103,827,588
INFO	2015-04-01 11:20:10	MarkDuplicates	Tracking 783182 as yet unmatched pairs. 572352 records in RAM.
INFO	2015-04-01 11:20:19	MarkDuplicates	Read    92,000,000 records.  Elapsed time: 00:27:22s.  Time for last 1,000,000:    8s.  Last read position: chr7:103,827,789
INFO	2015-04-01 11:20:19	MarkDuplicates	Tracking 562020 as yet unmatched pairs. 351152 records in RAM.
INFO	2015-04-01 11:20:41	MarkDuplicates	Read    93,000,000 records.  Elapsed time: 00:27:42s.  Time for last 1,000,000:   19s.  Last read position: chr7:109,520,528
INFO	2015-04-01 11:20:41	MarkDuplicates	Tracking 241157 as yet unmatched pairs. 30082 records in RAM.
INFO	2015-04-01 11:20:54	MarkDuplicates	Read    94,000,000 records.  Elapsed time: 00:27:56s.  Time for last 1,000,000:   13s.  Last read position: chr7:127,752,420
INFO	2015-04-01 11:20:54	MarkDuplicates	Tracking 221029 as yet unmatched pairs. 7482 records in RAM.
INFO	2015-04-01 11:21:07	MarkDuplicates	Read    95,000,000 records.  Elapsed time: 00:28:09s.  Time for last 1,000,000:   13s.  Last read position: chr7:142,576,830
INFO	2015-04-01 11:21:07	MarkDuplicates	Tracking 234337 as yet unmatched pairs. 19410 records in RAM.
INFO	2015-04-01 11:21:19	MarkDuplicates	Read    96,000,000 records.  Elapsed time: 00:28:22s.  Time for last 1,000,000:   12s.  Last read position: chr8:22,550,839
INFO	2015-04-01 11:21:19	MarkDuplicates	Tracking 210073 as yet unmatched pairs. 56686 records in RAM.
INFO	2015-04-01 11:21:34	MarkDuplicates	Read    97,000,000 records.  Elapsed time: 00:28:35s.  Time for last 1,000,000:   13s.  Last read position: chr8:72,156,942
INFO	2015-04-01 11:21:34	MarkDuplicates	Tracking 195956 as yet unmatched pairs. 40798 records in RAM.
INFO	2015-04-01 11:22:00	MarkDuplicates	Read    98,000,000 records.  Elapsed time: 00:29:00s.  Time for last 1,000,000:   25s.  Last read position: chr8:94,173,494
INFO	2015-04-01 11:22:00	MarkDuplicates	Tracking 189780 as yet unmatched pairs. 34122 records in RAM.
INFO	2015-04-01 11:22:13	MarkDuplicates	Read    99,000,000 records.  Elapsed time: 00:29:15s.  Time for last 1,000,000:   14s.  Last read position: chr8:122,335,462
INFO	2015-04-01 11:22:13	MarkDuplicates	Tracking 169615 as yet unmatched pairs. 6725 records in RAM.
INFO	2015-04-01 11:22:26	MarkDuplicates	Read   100,000,000 records.  Elapsed time: 00:29:28s.  Time for last 1,000,000:   13s.  Last read position: chr9:35,216,259
INFO	2015-04-01 11:22:26	MarkDuplicates	Tracking 153577 as yet unmatched pairs. 96253 records in RAM.
INFO	2015-04-01 11:22:36	MarkDuplicates	Read   101,000,000 records.  Elapsed time: 00:29:40s.  Time for last 1,000,000:   11s.  Last read position: chr9:48,340,791
INFO	2015-04-01 11:22:36	MarkDuplicates	Tracking 123996 as yet unmatched pairs. 66591 records in RAM.
INFO	2015-04-01 11:23:20	MarkDuplicates	Read   102,000,000 records.  Elapsed time: 00:30:23s.  Time for last 1,000,000:   43s.  Last read position: chr9:65,893,466
INFO	2015-04-01 11:23:20	MarkDuplicates	Tracking 116243 as yet unmatched pairs. 52083 records in RAM.
INFO	2015-04-01 11:23:33	MarkDuplicates	Read   103,000,000 records.  Elapsed time: 00:30:34s.  Time for last 1,000,000:   10s.  Last read position: chr9:78,480,324
INFO	2015-04-01 11:23:33	MarkDuplicates	Tracking 150621 as yet unmatched pairs. 86383 records in RAM.
INFO	2015-04-01 11:23:45	MarkDuplicates	Read   104,000,000 records.  Elapsed time: 00:30:47s.  Time for last 1,000,000:   12s.  Last read position: chr9:104,237,625
INFO	2015-04-01 11:23:45	MarkDuplicates	Tracking 93727 as yet unmatched pairs. 29347 records in RAM.
INFO	2015-04-01 11:23:55	MarkDuplicates	Read   105,000,000 records.  Elapsed time: 00:30:59s.  Time for last 1,000,000:   12s.  Last read position: chr9:120,130,132
INFO	2015-04-01 11:23:55	MarkDuplicates	Tracking 88948 as yet unmatched pairs. 24455 records in RAM.
INFO	2015-04-01 11:24:20	MarkDuplicates	Read   106,000,000 records.  Elapsed time: 00:31:24s.  Time for last 1,000,000:   25s.  Last read position: chrM:5,839
INFO	2015-04-01 11:24:20	MarkDuplicates	Tracking 93243 as yet unmatched pairs. 46193 records in RAM.
INFO	2015-04-01 11:24:34	MarkDuplicates	Read   107,000,000 records.  Elapsed time: 00:31:35s.  Time for last 1,000,000:   10s.  Last read position: chrM:7,868
INFO	2015-04-01 11:24:34	MarkDuplicates	Tracking 90299 as yet unmatched pairs. 43230 records in RAM.
INFO	2015-04-01 11:24:44	MarkDuplicates	Read   108,000,000 records.  Elapsed time: 00:31:47s.  Time for last 1,000,000:   12s.  Last read position: chrM:12,999
INFO	2015-04-01 11:24:44	MarkDuplicates	Tracking 55266 as yet unmatched pairs. 8167 records in RAM.
INFO	2015-04-01 11:24:55	MarkDuplicates	Read   109,000,000 records.  Elapsed time: 00:31:59s.  Time for last 1,000,000:   11s.  Last read position: chrX:53,021,496
INFO	2015-04-01 11:24:55	MarkDuplicates	Tracking 38035 as yet unmatched pairs. 33062 records in RAM.
INFO	2015-04-01 11:25:09	MarkDuplicates	Read   110,000,000 records.  Elapsed time: 00:32:09s.  Time for last 1,000,000:    9s.  Last read position: chrX:108,791,188
INFO	2015-04-01 11:25:09	MarkDuplicates	Tracking 18771 as yet unmatched pairs. 13777 records in RAM.
INFO	2015-04-01 11:26:04	MarkDuplicates	Read 110853338 records. 0 pairs never matched.
INFO	2015-04-01 11:26:25	MarkDuplicates	After buildSortedReadEndLists freeMemory: 14387380488; totalMemory: 25467289600; maxMemory: 38177538048
INFO	2015-04-01 11:26:25	MarkDuplicates	Will retain up to 1193048064 duplicate indices before spilling to disk.
INFO	2015-04-01 11:26:28	MarkDuplicates	Traversing read pair information and detecting duplicates.
INFO	2015-04-01 11:27:22	MarkDuplicates	Traversing fragment information and detecting duplicates.
INFO	2015-04-01 11:28:57	MarkDuplicates	Sorting list of duplicate records.
INFO	2015-04-01 11:29:15	MarkDuplicates	After generateDuplicateIndexes freeMemory: 24683163176; totalMemory: 34409480192; maxMemory: 38177538048
INFO	2015-04-01 11:29:15	MarkDuplicates	Marking 26161345 records as duplicates.
INFO	2015-04-01 11:29:15	MarkDuplicates	Found 9352659 optical duplicate clusters.
INFO	2015-04-01 11:34:18	MarkDuplicates	Written    10,000,000 records.  Elapsed time: 00:05:02s.  Time for last 10,000,000:  302s.  Last read position: chr11:32,283,699
INFO	2015-04-01 11:39:01	MarkDuplicates	Written    20,000,000 records.  Elapsed time: 00:09:45s.  Time for last 10,000,000:  283s.  Last read position: chr11:32,297,101
INFO	2015-04-01 11:44:06	MarkDuplicates	Written    30,000,000 records.  Elapsed time: 00:14:50s.  Time for last 10,000,000:  304s.  Last read position: chr12:103,857,714
INFO	2015-04-01 11:49:16	MarkDuplicates	Written    40,000,000 records.  Elapsed time: 00:20:00s.  Time for last 10,000,000:  309s.  Last read position: chr15:99,037,185
INFO	2015-04-01 11:54:36	MarkDuplicates	Written    50,000,000 records.  Elapsed time: 00:25:20s.  Time for last 10,000,000:  320s.  Last read position: chr19:10,091,829
INFO	2015-04-01 12:00:15	MarkDuplicates	Written    60,000,000 records.  Elapsed time: 00:30:59s.  Time for last 10,000,000:  338s.  Last read position: chr3:104,653,111
INFO	2015-04-01 12:05:22	MarkDuplicates	Written    70,000,000 records.  Elapsed time: 00:36:06s.  Time for last 10,000,000:  307s.  Last read position: chr5:90,505,043
INFO	2015-04-01 12:11:26	MarkDuplicates	Written    80,000,000 records.  Elapsed time: 00:42:10s.  Time for last 10,000,000:  363s.  Last read position: chr7:65,686,537
INFO	2015-04-01 12:16:46	MarkDuplicates	Written    90,000,000 records.  Elapsed time: 00:47:30s.  Time for last 10,000,000:  319s.  Last read position: chr7:103,827,512
INFO	2015-04-01 12:23:40	MarkDuplicates	Written   100,000,000 records.  Elapsed time: 00:54:23s.  Time for last 10,000,000:  413s.  Last read position: chr9:35,216,259
INFO	2015-04-01 12:30:11	MarkDuplicates	Written   110,000,000 records.  Elapsed time: 01:00:42s.  Time for last 10,000,000:  378s.  Last read position: chrX:108,791,188
INFO	2015-04-01 12:30:53	MarkDuplicates	Before output close freeMemory: 34935338680; totalMemory: 35210657792; maxMemory: 38177538048
INFO	2015-04-01 12:31:02	MarkDuplicates	After output close freeMemory: 34708085360; totalMemory: 34983182336; maxMemory: 38177538048
[Wed Apr 01 12:31:02 EDT 2015] net.sf.picard.sam.MarkDuplicates done. Elapsed time: 98.13 minutes.
Runtime.totalMemory()=34983182336
