[Wed Apr 01 11:18:58 EDT 2015] net.sf.picard.sam.MarkDuplicates INPUT=[/n/rinn_data1/users/agroff/seq/OtherMice/Diana/lincP21/bam/JR926/rmdup_accepted_hits_sorted_picard.bam] OUTPUT=/n/rinn_data1/users/agroff/seq/OtherMice/Diana/lincP21/bam/JR926/rmdup_accepted_hits_sorted_duplicates_marked.bam METRICS_FILE=dup_metrics.txt    PROGRAM_RECORD_ID=MarkDuplicates PROGRAM_GROUP_NAME=MarkDuplicates REMOVE_DUPLICATES=false ASSUME_SORTED=false MAX_SEQUENCES_FOR_DISK_READ_ENDS_MAP=50000 MAX_FILE_HANDLES_FOR_READ_ENDS_MAP=8000 SORTING_COLLECTION_SIZE_RATIO=0.25 READ_NAME_REGEX=[a-zA-Z0-9]+:[0-9]:([0-9]+):([0-9]+):([0-9]+).* OPTICAL_DUPLICATE_PIXEL_DISTANCE=100 VERBOSITY=INFO QUIET=false VALIDATION_STRINGENCY=STRICT COMPRESSION_LEVEL=5 MAX_RECORDS_IN_RAM=500000 CREATE_INDEX=false CREATE_MD5_FILE=false
[Wed Apr 01 11:18:58 EDT 2015] Executing as agroff@holy2a03204.rc.fas.harvard.edu on Linux 2.6.32-431.17.1.el6.x86_64 amd64; Java HotSpot(TM) 64-Bit Server VM 1.6.0_11-b03; Picard version: 1.98(1547)
INFO	2015-04-01 11:18:58	MarkDuplicates	Start of doWork freeMemory: 8615960; totalMemory: 9109504; maxMemory: 38177538048
INFO	2015-04-01 11:18:58	MarkDuplicates	Reading input file and constructing read end information.
INFO	2015-04-01 11:18:58	MarkDuplicates	Will retain up to 151498166 data points before spilling to disk.
INFO	2015-04-01 11:20:22	MarkDuplicates	Read     1,000,000 records.  Elapsed time: 00:01:19s.  Time for last 1,000,000:   79s.  Last read position: chr1:58,421,237
INFO	2015-04-01 11:20:22	MarkDuplicates	Tracking 33749 as yet unmatched pairs. 827 records in RAM.
INFO	2015-04-01 11:21:01	MarkDuplicates	Read     2,000,000 records.  Elapsed time: 00:02:01s.  Time for last 1,000,000:   41s.  Last read position: chr1:93,421,728
INFO	2015-04-01 11:21:01	MarkDuplicates	Tracking 46558 as yet unmatched pairs. 1062 records in RAM.
INFO	2015-04-01 11:21:36	MarkDuplicates	Read     3,000,000 records.  Elapsed time: 00:02:31s.  Time for last 1,000,000:   30s.  Last read position: chr1:155,928,321
INFO	2015-04-01 11:21:36	MarkDuplicates	Tracking 66610 as yet unmatched pairs. 670 records in RAM.
INFO	2015-04-01 11:22:06	MarkDuplicates	Read     4,000,000 records.  Elapsed time: 00:03:03s.  Time for last 1,000,000:   32s.  Last read position: chr1:183,277,850
INFO	2015-04-01 11:22:06	MarkDuplicates	Tracking 78686 as yet unmatched pairs. 994 records in RAM.
INFO	2015-04-01 11:22:32	MarkDuplicates	Read     5,000,000 records.  Elapsed time: 00:03:30s.  Time for last 1,000,000:   26s.  Last read position: chr10:45,150,511
INFO	2015-04-01 11:22:32	MarkDuplicates	Tracking 103761 as yet unmatched pairs. 4094 records in RAM.
INFO	2015-04-01 11:23:00	MarkDuplicates	Read     6,000,000 records.  Elapsed time: 00:03:55s.  Time for last 1,000,000:   25s.  Last read position: chr10:80,569,557
INFO	2015-04-01 11:23:00	MarkDuplicates	Tracking 111533 as yet unmatched pairs. 3963 records in RAM.
INFO	2015-04-01 11:23:23	MarkDuplicates	Read     7,000,000 records.  Elapsed time: 00:04:22s.  Time for last 1,000,000:   26s.  Last read position: chr10:117,215,558
INFO	2015-04-01 11:23:23	MarkDuplicates	Tracking 122778 as yet unmatched pairs. 1436 records in RAM.
INFO	2015-04-01 11:23:57	MarkDuplicates	Read     8,000,000 records.  Elapsed time: 00:04:55s.  Time for last 1,000,000:   33s.  Last read position: chr11:6,418,261
INFO	2015-04-01 11:23:57	MarkDuplicates	Tracking 142748 as yet unmatched pairs. 10276 records in RAM.
INFO	2015-04-01 11:24:23	MarkDuplicates	Read     9,000,000 records.  Elapsed time: 00:05:22s.  Time for last 1,000,000:   27s.  Last read position: chr11:32,296,618
INFO	2015-04-01 11:24:23	MarkDuplicates	Tracking 200721 as yet unmatched pairs. 52674 records in RAM.
INFO	2015-04-01 11:24:41	MarkDuplicates	Read    10,000,000 records.  Elapsed time: 00:05:35s.  Time for last 1,000,000:   12s.  Last read position: chr11:32,297,098
INFO	2015-04-01 11:24:41	MarkDuplicates	Tracking 449868 as yet unmatched pairs. 300506 records in RAM.
INFO	2015-04-01 11:25:03	MarkDuplicates	Read    11,000,000 records.  Elapsed time: 00:06:02s.  Time for last 1,000,000:   27s.  Last read position: chr11:51,619,578
INFO	2015-04-01 11:25:03	MarkDuplicates	Tracking 581781 as yet unmatched pairs. 424563 records in RAM.
INFO	2015-04-01 11:25:27	MarkDuplicates	Read    12,000,000 records.  Elapsed time: 00:06:22s.  Time for last 1,000,000:   19s.  Last read position: chr11:69,917,303
INFO	2015-04-01 11:25:27	MarkDuplicates	Tracking 594895 as yet unmatched pairs. 431636 records in RAM.
INFO	2015-04-01 11:25:59	MarkDuplicates	Read    13,000,000 records.  Elapsed time: 00:06:55s.  Time for last 1,000,000:   32s.  Last read position: chr11:84,512,255
INFO	2015-04-01 11:25:59	MarkDuplicates	Tracking 599916 as yet unmatched pairs. 426333 records in RAM.
INFO	2015-04-01 11:26:19	MarkDuplicates	Read    14,000,000 records.  Elapsed time: 00:07:15s.  Time for last 1,000,000:   19s.  Last read position: chr11:99,010,125
INFO	2015-04-01 11:26:19	MarkDuplicates	Tracking 610678 as yet unmatched pairs. 425864 records in RAM.
INFO	2015-04-01 11:26:53	MarkDuplicates	Read    15,000,000 records.  Elapsed time: 00:07:46s.  Time for last 1,000,000:   31s.  Last read position: chr11:110,513,063
INFO	2015-04-01 11:26:53	MarkDuplicates	Tracking 622643 as yet unmatched pairs. 424439 records in RAM.
INFO	2015-04-01 11:28:16	MarkDuplicates	Read    16,000,000 records.  Elapsed time: 00:09:13s.  Time for last 1,000,000:   87s.  Last read position: chr12:8,284,408
INFO	2015-04-01 11:28:16	MarkDuplicates	Tracking 635542 as yet unmatched pairs. 8833 records in RAM.
INFO	2015-04-01 11:28:38	MarkDuplicates	Read    17,000,000 records.  Elapsed time: 00:09:35s.  Time for last 1,000,000:   21s.  Last read position: chr12:69,157,765
INFO	2015-04-01 11:28:38	MarkDuplicates	Tracking 659399 as yet unmatched pairs. 8455 records in RAM.
INFO	2015-04-01 11:29:18	MarkDuplicates	Read    18,000,000 records.  Elapsed time: 00:10:13s.  Time for last 1,000,000:   38s.  Last read position: chr12:103,653,935
INFO	2015-04-01 11:29:18	MarkDuplicates	Tracking 680231 as yet unmatched pairs. 9101 records in RAM.
INFO	2015-04-01 11:29:48	MarkDuplicates	Read    19,000,000 records.  Elapsed time: 00:10:43s.  Time for last 1,000,000:   29s.  Last read position: chr12:111,445,046
INFO	2015-04-01 11:29:48	MarkDuplicates	Tracking 686066 as yet unmatched pairs. 12170 records in RAM.
INFO	2015-04-01 11:30:30	MarkDuplicates	Read    20,000,000 records.  Elapsed time: 00:11:10s.  Time for last 1,000,000:   27s.  Last read position: chr13:44,869,616
INFO	2015-04-01 11:30:30	MarkDuplicates	Tracking 706852 as yet unmatched pairs. 10683 records in RAM.
INFO	2015-04-01 11:31:14	MarkDuplicates	Read    21,000,000 records.  Elapsed time: 00:12:07s.  Time for last 1,000,000:   56s.  Last read position: chr13:81,669,734
INFO	2015-04-01 11:31:14	MarkDuplicates	Tracking 725433 as yet unmatched pairs. 4674 records in RAM.
INFO	2015-04-01 11:31:57	MarkDuplicates	Read    22,000,000 records.  Elapsed time: 00:12:49s.  Time for last 1,000,000:   41s.  Last read position: chr14:20,464,624
INFO	2015-04-01 11:31:57	MarkDuplicates	Tracking 757003 as yet unmatched pairs. 24020 records in RAM.
INFO	2015-04-01 11:32:46	MarkDuplicates	Read    23,000,000 records.  Elapsed time: 00:13:18s.  Time for last 1,000,000:   29s.  Last read position: chr14:52,181,100
INFO	2015-04-01 11:32:46	MarkDuplicates	Tracking 755898 as yet unmatched pairs. 12990 records in RAM.
INFO	2015-04-01 11:33:46	MarkDuplicates	Read    24,000,000 records.  Elapsed time: 00:14:22s.  Time for last 1,000,000:   63s.  Last read position: chr14:70,137,428
INFO	2015-04-01 11:33:46	MarkDuplicates	Tracking 763551 as yet unmatched pairs. 11374 records in RAM.
INFO	2015-04-01 11:34:31	MarkDuplicates	Read    25,000,000 records.  Elapsed time: 00:15:15s.  Time for last 1,000,000:   53s.  Last read position: chr15:27,025,640
INFO	2015-04-01 11:34:31	MarkDuplicates	Tracking 774303 as yet unmatched pairs. 10840 records in RAM.
INFO	2015-04-01 11:35:08	MarkDuplicates	Read    26,000,000 records.  Elapsed time: 00:16:05s.  Time for last 1,000,000:   49s.  Last read position: chr15:77,915,730
INFO	2015-04-01 11:35:08	MarkDuplicates	Tracking 775659 as yet unmatched pairs. 4918 records in RAM.
INFO	2015-04-01 11:35:31	MarkDuplicates	Read    27,000,000 records.  Elapsed time: 00:16:28s.  Time for last 1,000,000:   23s.  Last read position: chr15:98,904,332
INFO	2015-04-01 11:35:31	MarkDuplicates	Tracking 778894 as yet unmatched pairs. 1393 records in RAM.
INFO	2015-04-01 11:36:00	MarkDuplicates	Read    28,000,000 records.  Elapsed time: 00:16:50s.  Time for last 1,000,000:   22s.  Last read position: chr16:10,530,663
INFO	2015-04-01 11:36:00	MarkDuplicates	Tracking 797546 as yet unmatched pairs. 12574 records in RAM.
INFO	2015-04-01 11:36:43	MarkDuplicates	Read    29,000,000 records.  Elapsed time: 00:17:30s.  Time for last 1,000,000:   40s.  Last read position: chr16:32,630,591
INFO	2015-04-01 11:36:43	MarkDuplicates	Tracking 804746 as yet unmatched pairs. 8299 records in RAM.
INFO	2015-04-01 11:37:03	MarkDuplicates	Read    30,000,000 records.  Elapsed time: 00:18:02s.  Time for last 1,000,000:   32s.  Last read position: chr16:94,694,768
INFO	2015-04-01 11:37:03	MarkDuplicates	Tracking 812499 as yet unmatched pairs. 1235 records in RAM.
INFO	2015-04-01 11:37:32	MarkDuplicates	Read    31,000,000 records.  Elapsed time: 00:18:16s.  Time for last 1,000,000:   13s.  Last read position: chr17:25,270,170
INFO	2015-04-01 11:37:32	MarkDuplicates	Tracking 820886 as yet unmatched pairs. 25009 records in RAM.
INFO	2015-04-01 11:38:09	MarkDuplicates	Read    32,000,000 records.  Elapsed time: 00:19:04s.  Time for last 1,000,000:   48s.  Last read position: chr17:35,053,081
INFO	2015-04-01 11:38:09	MarkDuplicates	Tracking 820973 as yet unmatched pairs. 13719 records in RAM.
INFO	2015-04-01 11:38:32	MarkDuplicates	Read    33,000,000 records.  Elapsed time: 00:19:23s.  Time for last 1,000,000:   18s.  Last read position: chr17:56,578,682
INFO	2015-04-01 11:38:32	MarkDuplicates	Tracking 832208 as yet unmatched pairs. 7958 records in RAM.
INFO	2015-04-01 11:38:55	MarkDuplicates	Read    34,000,000 records.  Elapsed time: 00:19:51s.  Time for last 1,000,000:   28s.  Last read position: chr18:24,012,685
INFO	2015-04-01 11:38:55	MarkDuplicates	Tracking 834055 as yet unmatched pairs. 17990 records in RAM.
INFO	2015-04-01 11:39:23	MarkDuplicates	Read    35,000,000 records.  Elapsed time: 00:20:10s.  Time for last 1,000,000:   19s.  Last read position: chr18:64,457,729
INFO	2015-04-01 11:39:23	MarkDuplicates	Tracking 835537 as yet unmatched pairs. 7317 records in RAM.
INFO	2015-04-01 11:40:12	MarkDuplicates	Read    36,000,000 records.  Elapsed time: 00:21:01s.  Time for last 1,000,000:   51s.  Last read position: chr19:6,058,529
INFO	2015-04-01 11:40:12	MarkDuplicates	Tracking 835732 as yet unmatched pairs. 18894 records in RAM.
INFO	2015-04-01 11:40:37	MarkDuplicates	Read    37,000,000 records.  Elapsed time: 00:21:36s.  Time for last 1,000,000:   34s.  Last read position: chr19:34,252,540
INFO	2015-04-01 11:40:37	MarkDuplicates	Tracking 840205 as yet unmatched pairs. 10038 records in RAM.
INFO	2015-04-01 11:40:54	MarkDuplicates	Read    38,000,000 records.  Elapsed time: 00:21:52s.  Time for last 1,000,000:   15s.  Last read position: chr2:5,795,399
INFO	2015-04-01 11:40:54	MarkDuplicates	Tracking 835668 as yet unmatched pairs. 43584 records in RAM.
INFO	2015-04-01 11:41:38	MarkDuplicates	Read    39,000,000 records.  Elapsed time: 00:22:33s.  Time for last 1,000,000:   41s.  Last read position: chr2:32,069,661
INFO	2015-04-01 11:41:38	MarkDuplicates	Tracking 846493 as yet unmatched pairs. 35832 records in RAM.
INFO	2015-04-01 11:42:01	MarkDuplicates	Read    40,000,000 records.  Elapsed time: 00:22:53s.  Time for last 1,000,000:   19s.  Last read position: chr2:79,672,145
INFO	2015-04-01 11:42:01	MarkDuplicates	Tracking 846736 as yet unmatched pairs. 24657 records in RAM.
INFO	2015-04-01 11:42:29	MarkDuplicates	Read    41,000,000 records.  Elapsed time: 00:23:24s.  Time for last 1,000,000:   31s.  Last read position: chr2:120,870,989
INFO	2015-04-01 11:42:29	MarkDuplicates	Tracking 847602 as yet unmatched pairs. 19447 records in RAM.
INFO	2015-04-01 11:42:49	MarkDuplicates	Read    42,000,000 records.  Elapsed time: 00:23:45s.  Time for last 1,000,000:   20s.  Last read position: chr2:152,316,490
INFO	2015-04-01 11:42:49	MarkDuplicates	Tracking 843070 as yet unmatched pairs. 9783 records in RAM.
INFO	2015-04-01 11:43:35	MarkDuplicates	Read    43,000,000 records.  Elapsed time: 00:24:33s.  Time for last 1,000,000:   47s.  Last read position: chr2:173,034,242
INFO	2015-04-01 11:43:35	MarkDuplicates	Tracking 841731 as yet unmatched pairs. 3546 records in RAM.
INFO	2015-04-01 11:43:56	MarkDuplicates	Read    44,000,000 records.  Elapsed time: 00:24:55s.  Time for last 1,000,000:   21s.  Last read position: chr3:37,715,063
INFO	2015-04-01 11:43:56	MarkDuplicates	Tracking 842077 as yet unmatched pairs. 54450 records in RAM.
INFO	2015-04-01 11:44:11	MarkDuplicates	Read    45,000,000 records.  Elapsed time: 00:25:10s.  Time for last 1,000,000:   15s.  Last read position: chr3:87,978,364
INFO	2015-04-01 11:44:11	MarkDuplicates	Tracking 820308 as yet unmatched pairs. 25313 records in RAM.
INFO	2015-04-01 11:44:47	MarkDuplicates	Read    46,000,000 records.  Elapsed time: 00:25:36s.  Time for last 1,000,000:   26s.  Last read position: chr3:104,823,272
INFO	2015-04-01 11:44:47	MarkDuplicates	Tracking 816800 as yet unmatched pairs. 16172 records in RAM.
INFO	2015-04-01 11:45:26	MarkDuplicates	Read    47,000,000 records.  Elapsed time: 00:26:13s.  Time for last 1,000,000:   36s.  Last read position: chr3:152,185,144
INFO	2015-04-01 11:45:26	MarkDuplicates	Tracking 823868 as yet unmatched pairs. 1561 records in RAM.
INFO	2015-04-01 11:46:17	MarkDuplicates	Read    48,000,000 records.  Elapsed time: 00:27:10s.  Time for last 1,000,000:   57s.  Last read position: chr4:46,460,213
INFO	2015-04-01 11:46:17	MarkDuplicates	Tracking 823742 as yet unmatched pairs. 43579 records in RAM.
INFO	2015-04-01 11:47:01	MarkDuplicates	Read    49,000,000 records.  Elapsed time: 00:27:53s.  Time for last 1,000,000:   42s.  Last read position: chr4:109,842,353
INFO	2015-04-01 11:47:01	MarkDuplicates	Tracking 816426 as yet unmatched pairs. 31493 records in RAM.
INFO	2015-04-01 11:47:21	MarkDuplicates	Read    50,000,000 records.  Elapsed time: 00:28:18s.  Time for last 1,000,000:   24s.  Last read position: chr4:129,607,869
INFO	2015-04-01 11:47:21	MarkDuplicates	Tracking 815146 as yet unmatched pairs. 22284 records in RAM.
INFO	2015-04-01 11:47:47	MarkDuplicates	Read    51,000,000 records.  Elapsed time: 00:28:42s.  Time for last 1,000,000:   24s.  Last read position: chr4:142,140,146
INFO	2015-04-01 11:47:47	MarkDuplicates	Tracking 812825 as yet unmatched pairs. 13888 records in RAM.
INFO	2015-04-01 11:48:12	MarkDuplicates	Read    52,000,000 records.  Elapsed time: 00:29:04s.  Time for last 1,000,000:   22s.  Last read position: chr5:23,919,420
INFO	2015-04-01 11:48:12	MarkDuplicates	Tracking 818730 as yet unmatched pairs. 51945 records in RAM.
INFO	2015-04-01 11:48:54	MarkDuplicates	Read    53,000,000 records.  Elapsed time: 00:29:50s.  Time for last 1,000,000:   45s.  Last read position: chr5:69,569,657
INFO	2015-04-01 11:48:54	MarkDuplicates	Tracking 809015 as yet unmatched pairs. 39001 records in RAM.
INFO	2015-04-01 11:49:13	MarkDuplicates	Read    54,000,000 records.  Elapsed time: 00:30:09s.  Time for last 1,000,000:   19s.  Last read position: chr5:90,768,621
INFO	2015-04-01 11:49:13	MarkDuplicates	Tracking 807964 as yet unmatched pairs. 36163 records in RAM.
INFO	2015-04-01 11:49:35	MarkDuplicates	Read    55,000,000 records.  Elapsed time: 00:30:27s.  Time for last 1,000,000:   18s.  Last read position: chr5:121,205,628
INFO	2015-04-01 11:49:35	MarkDuplicates	Tracking 821757 as yet unmatched pairs. 28668 records in RAM.
INFO	2015-04-01 11:49:59	MarkDuplicates	Read    56,000,000 records.  Elapsed time: 00:30:56s.  Time for last 1,000,000:   28s.  Last read position: chr5:136,122,232
INFO	2015-04-01 11:49:59	MarkDuplicates	Tracking 809420 as yet unmatched pairs. 13921 records in RAM.
INFO	2015-04-01 11:50:18	MarkDuplicates	Read    57,000,000 records.  Elapsed time: 00:31:16s.  Time for last 1,000,000:   19s.  Last read position: chr6:18,844,299
INFO	2015-04-01 11:50:18	MarkDuplicates	Tracking 790367 as yet unmatched pairs. 43673 records in RAM.
INFO	2015-04-01 11:50:38	MarkDuplicates	Read    58,000,000 records.  Elapsed time: 00:31:33s.  Time for last 1,000,000:   17s.  Last read position: chr6:58,665,227
INFO	2015-04-01 11:50:38	MarkDuplicates	Tracking 782263 as yet unmatched pairs. 32495 records in RAM.
INFO	2015-04-01 11:51:19	MarkDuplicates	Read    59,000,000 records.  Elapsed time: 00:32:17s.  Time for last 1,000,000:   43s.  Last read position: chr6:108,844,938
INFO	2015-04-01 11:51:19	MarkDuplicates	Tracking 778787 as yet unmatched pairs. 25758 records in RAM.
INFO	2015-04-01 11:51:34	MarkDuplicates	Read    60,000,000 records.  Elapsed time: 00:32:33s.  Time for last 1,000,000:   15s.  Last read position: chr6:129,540,547
INFO	2015-04-01 11:51:34	MarkDuplicates	Tracking 765512 as yet unmatched pairs. 6309 records in RAM.
INFO	2015-04-01 11:51:52	MarkDuplicates	Read    61,000,000 records.  Elapsed time: 00:32:51s.  Time for last 1,000,000:   17s.  Last read position: chr7:19,696,652
INFO	2015-04-01 11:51:52	MarkDuplicates	Tracking 758871 as yet unmatched pairs. 75715 records in RAM.
INFO	2015-04-01 11:52:15	MarkDuplicates	Read    62,000,000 records.  Elapsed time: 00:33:10s.  Time for last 1,000,000:   19s.  Last read position: chr7:45,381,938
INFO	2015-04-01 11:52:15	MarkDuplicates	Tracking 749076 as yet unmatched pairs. 64206 records in RAM.
INFO	2015-04-01 11:52:28	MarkDuplicates	Read    63,000,000 records.  Elapsed time: 00:33:27s.  Time for last 1,000,000:   16s.  Last read position: chr7:99,481,733
INFO	2015-04-01 11:52:28	MarkDuplicates	Tracking 727000 as yet unmatched pairs. 40651 records in RAM.
INFO	2015-04-01 11:52:50	MarkDuplicates	Read    64,000,000 records.  Elapsed time: 00:33:43s.  Time for last 1,000,000:   16s.  Last read position: chr7:103,827,450
INFO	2015-04-01 11:52:50	MarkDuplicates	Tracking 820879 as yet unmatched pairs. 133442 records in RAM.
INFO	2015-04-01 11:53:06	MarkDuplicates	Read    65,000,000 records.  Elapsed time: 00:33:59s.  Time for last 1,000,000:   15s.  Last read position: chr7:103,827,615
INFO	2015-04-01 11:53:06	MarkDuplicates	Tracking 1072248 as yet unmatched pairs. 384666 records in RAM.
INFO	2015-04-01 11:54:00	MarkDuplicates	Read    66,000,000 records.  Elapsed time: 00:34:55s.  Time for last 1,000,000:   56s.  Last read position: chr7:113,328,346
INFO	2015-04-01 11:54:00	MarkDuplicates	Tracking 1226837 as yet unmatched pairs. 538834 records in RAM.
INFO	2015-04-01 11:54:26	MarkDuplicates	Read    67,000,000 records.  Elapsed time: 00:35:15s.  Time for last 1,000,000:   19s.  Last read position: chr7:135,696,918
INFO	2015-04-01 11:54:26	MarkDuplicates	Tracking 1219572 as yet unmatched pairs. 527144 records in RAM.
INFO	2015-04-01 11:55:42	MarkDuplicates	Read    68,000,000 records.  Elapsed time: 00:36:41s.  Time for last 1,000,000:   86s.  Last read position: chr8:13,147,237
INFO	2015-04-01 11:55:42	MarkDuplicates	Tracking 1209138 as yet unmatched pairs. 65999 records in RAM.
INFO	2015-04-01 11:56:07	MarkDuplicates	Read    69,000,000 records.  Elapsed time: 00:37:03s.  Time for last 1,000,000:   21s.  Last read position: chr8:70,509,347
INFO	2015-04-01 11:56:07	MarkDuplicates	Tracking 1196814 as yet unmatched pairs. 51280 records in RAM.
INFO	2015-04-01 11:56:32	MarkDuplicates	Read    70,000,000 records.  Elapsed time: 00:37:21s.  Time for last 1,000,000:   17s.  Last read position: chr8:94,022,811
INFO	2015-04-01 11:56:32	MarkDuplicates	Tracking 1183283 as yet unmatched pairs. 36818 records in RAM.
INFO	2015-04-01 11:56:53	MarkDuplicates	Read    71,000,000 records.  Elapsed time: 00:37:48s.  Time for last 1,000,000:   26s.  Last read position: chr8:122,571,955
INFO	2015-04-01 11:56:53	MarkDuplicates	Tracking 1163253 as yet unmatched pairs. 8067 records in RAM.
INFO	2015-04-01 11:57:22	MarkDuplicates	Read    72,000,000 records.  Elapsed time: 00:38:09s.  Time for last 1,000,000:   20s.  Last read position: chr9:40,802,041
INFO	2015-04-01 11:57:22	MarkDuplicates	Tracking 1144851 as yet unmatched pairs. 103291 records in RAM.
INFO	2015-04-01 11:58:23	MarkDuplicates	Read    73,000,000 records.  Elapsed time: 00:39:20s.  Time for last 1,000,000:   71s.  Last read position: chr9:59,679,199
INFO	2015-04-01 11:58:23	MarkDuplicates	Tracking 1123950 as yet unmatched pairs. 75657 records in RAM.
INFO	2015-04-01 11:58:38	MarkDuplicates	Read    74,000,000 records.  Elapsed time: 00:39:34s.  Time for last 1,000,000:   13s.  Last read position: chr9:79,793,043
INFO	2015-04-01 11:58:38	MarkDuplicates	Tracking 1107077 as yet unmatched pairs. 58521 records in RAM.
INFO	2015-04-01 11:58:51	MarkDuplicates	Read    75,000,000 records.  Elapsed time: 00:39:48s.  Time for last 1,000,000:   13s.  Last read position: chr9:108,335,398
INFO	2015-04-01 11:58:51	MarkDuplicates	Tracking 1085174 as yet unmatched pairs. 36408 records in RAM.
INFO	2015-04-01 11:59:07	MarkDuplicates	Read    76,000,000 records.  Elapsed time: 00:40:03s.  Time for last 1,000,000:   15s.  Last read position: chrM:5,618
INFO	2015-04-01 11:59:07	MarkDuplicates	Tracking 1058051 as yet unmatched pairs. 26360 records in RAM.
INFO	2015-04-01 11:59:49	MarkDuplicates	Read    77,000,000 records.  Elapsed time: 00:40:36s.  Time for last 1,000,000:   32s.  Last read position: chrX:10,719,449
INFO	2015-04-01 11:59:49	MarkDuplicates	Tracking 1028881 as yet unmatched pairs. 44186 records in RAM.
INFO	2015-04-01 12:00:16	MarkDuplicates	Read    78,000,000 records.  Elapsed time: 00:41:05s.  Time for last 1,000,000:   29s.  Last read position: chrX:96,150,620
INFO	2015-04-01 12:00:16	MarkDuplicates	Tracking 1004095 as yet unmatched pairs. 19325 records in RAM.
INFO	2015-04-01 12:00:35	MarkDuplicates	Read    79,000,000 records.  Elapsed time: 00:41:32s.  Time for last 1,000,000:   26s.  Last read position: chrX:167,305,332
INFO	2015-04-01 12:00:35	MarkDuplicates	Tracking 986418 as yet unmatched pairs. 1609 records in RAM.
INFO	2015-04-01 12:00:37	MarkDuplicates	Read 79120075 records. 981104 pairs never matched.
INFO	2015-04-01 12:01:25	MarkDuplicates	After buildSortedReadEndLists freeMemory: 12881622584; totalMemory: 22002532352; maxMemory: 38177538048
INFO	2015-04-01 12:01:25	MarkDuplicates	Will retain up to 1193048064 duplicate indices before spilling to disk.
INFO	2015-04-01 12:01:29	MarkDuplicates	Traversing read pair information and detecting duplicates.
INFO	2015-04-01 12:02:10	MarkDuplicates	Traversing fragment information and detecting duplicates.
INFO	2015-04-01 12:03:34	MarkDuplicates	Sorting list of duplicate records.
INFO	2015-04-01 12:03:46	MarkDuplicates	After generateDuplicateIndexes freeMemory: 12295062440; totalMemory: 22002532352; maxMemory: 38177538048
INFO	2015-04-01 12:03:46	MarkDuplicates	Marking 1334303 records as duplicates.
INFO	2015-04-01 12:03:46	MarkDuplicates	Found 70446 optical duplicate clusters.
INFO	2015-04-01 12:10:26	MarkDuplicates	Written    10,000,000 records.  Elapsed time: 00:06:39s.  Time for last 10,000,000:  399s.  Last read position: chr11:32,297,098
INFO	2015-04-01 12:15:59	MarkDuplicates	Written    20,000,000 records.  Elapsed time: 00:12:12s.  Time for last 10,000,000:  332s.  Last read position: chr13:44,869,616
INFO	2015-04-01 12:21:50	MarkDuplicates	Written    30,000,000 records.  Elapsed time: 00:18:03s.  Time for last 10,000,000:  351s.  Last read position: chr16:94,694,768
INFO	2015-04-01 12:27:13	MarkDuplicates	Written    40,000,000 records.  Elapsed time: 00:23:26s.  Time for last 10,000,000:  323s.  Last read position: chr2:79,672,145
INFO	2015-04-01 12:34:20	MarkDuplicates	Written    50,000,000 records.  Elapsed time: 00:30:33s.  Time for last 10,000,000:  427s.  Last read position: chr4:129,607,869
INFO	2015-04-01 12:41:19	MarkDuplicates	Written    60,000,000 records.  Elapsed time: 00:37:32s.  Time for last 10,000,000:  418s.  Last read position: chr6:129,540,547
INFO	2015-04-01 12:47:51	MarkDuplicates	Written    70,000,000 records.  Elapsed time: 00:44:04s.  Time for last 10,000,000:  391s.  Last read position: chr8:94,022,811
INFO	2015-04-01 12:53:44	MarkDuplicates	Before output close freeMemory: 32175491096; totalMemory: 32450674688; maxMemory: 38177538048
INFO	2015-04-01 12:53:51	MarkDuplicates	After output close freeMemory: 32432064392; totalMemory: 32707248128; maxMemory: 38177538048
[Wed Apr 01 12:53:51 EDT 2015] net.sf.picard.sam.MarkDuplicates done. Elapsed time: 94.88 minutes.
Runtime.totalMemory()=32707248128
