[Wed Apr 01 11:05:02 EDT 2015] net.sf.picard.sam.MarkDuplicates INPUT=[/n/rinn_data1/users/agroff/seq/OtherMice/Diana/lincP21/bam/JR918/accepted_hits_sorted_picard.bam] OUTPUT=/n/rinn_data1/users/agroff/seq/OtherMice/Diana/lincP21/bam/JR918/accepted_hits_sorted_duplicates_marked.bam METRICS_FILE=dup_metrics.txt    PROGRAM_RECORD_ID=MarkDuplicates PROGRAM_GROUP_NAME=MarkDuplicates REMOVE_DUPLICATES=false ASSUME_SORTED=false MAX_SEQUENCES_FOR_DISK_READ_ENDS_MAP=50000 MAX_FILE_HANDLES_FOR_READ_ENDS_MAP=8000 SORTING_COLLECTION_SIZE_RATIO=0.25 READ_NAME_REGEX=[a-zA-Z0-9]+:[0-9]:([0-9]+):([0-9]+):([0-9]+).* OPTICAL_DUPLICATE_PIXEL_DISTANCE=100 VERBOSITY=INFO QUIET=false VALIDATION_STRINGENCY=STRICT COMPRESSION_LEVEL=5 MAX_RECORDS_IN_RAM=500000 CREATE_INDEX=false CREATE_MD5_FILE=false
[Wed Apr 01 11:05:02 EDT 2015] Executing as agroff@holy2a07107.rc.fas.harvard.edu on Linux 2.6.32-431.17.1.el6.x86_64 amd64; Java HotSpot(TM) 64-Bit Server VM 1.6.0_11-b03; Picard version: 1.98(1547)
INFO	2015-04-01 11:05:02	MarkDuplicates	Start of doWork freeMemory: 8629096; totalMemory: 9109504; maxMemory: 38177538048
INFO	2015-04-01 11:05:02	MarkDuplicates	Reading input file and constructing read end information.
INFO	2015-04-01 11:05:02	MarkDuplicates	Will retain up to 151498166 data points before spilling to disk.
INFO	2015-04-01 11:06:20	MarkDuplicates	Read     1,000,000 records.  Elapsed time: 00:01:10s.  Time for last 1,000,000:   70s.  Last read position: chr1:52,904,686
INFO	2015-04-01 11:06:20	MarkDuplicates	Tracking 33143 as yet unmatched pairs. 564 records in RAM.
INFO	2015-04-01 11:07:00	MarkDuplicates	Read     2,000,000 records.  Elapsed time: 00:01:47s.  Time for last 1,000,000:   37s.  Last read position: chr1:84,088,700
INFO	2015-04-01 11:07:00	MarkDuplicates	Tracking 41924 as yet unmatched pairs. 631 records in RAM.
INFO	2015-04-01 11:07:55	MarkDuplicates	Read     3,000,000 records.  Elapsed time: 00:02:36s.  Time for last 1,000,000:   48s.  Last read position: chr1:128,333,602
INFO	2015-04-01 11:07:55	MarkDuplicates	Tracking 60178 as yet unmatched pairs. 1709 records in RAM.
INFO	2015-04-01 11:08:45	MarkDuplicates	Read     4,000,000 records.  Elapsed time: 00:03:25s.  Time for last 1,000,000:   49s.  Last read position: chr1:161,036,215
INFO	2015-04-01 11:08:45	MarkDuplicates	Tracking 76244 as yet unmatched pairs. 3728 records in RAM.
INFO	2015-04-01 11:09:31	MarkDuplicates	Read     5,000,000 records.  Elapsed time: 00:04:21s.  Time for last 1,000,000:   56s.  Last read position: chr1:181,175,834
INFO	2015-04-01 11:09:31	MarkDuplicates	Tracking 81425 as yet unmatched pairs. 444 records in RAM.
INFO	2015-04-01 11:10:04	MarkDuplicates	Read     6,000,000 records.  Elapsed time: 00:04:59s.  Time for last 1,000,000:   37s.  Last read position: chr10:36,998,502
INFO	2015-04-01 11:10:04	MarkDuplicates	Tracking 109960 as yet unmatched pairs. 7447 records in RAM.
INFO	2015-04-01 11:10:35	MarkDuplicates	Read     7,000,000 records.  Elapsed time: 00:05:27s.  Time for last 1,000,000:   27s.  Last read position: chr10:75,938,248
INFO	2015-04-01 11:10:35	MarkDuplicates	Tracking 114212 as yet unmatched pairs. 4367 records in RAM.
INFO	2015-04-01 11:11:13	MarkDuplicates	Read     8,000,000 records.  Elapsed time: 00:05:54s.  Time for last 1,000,000:   27s.  Last read position: chr10:81,182,396
INFO	2015-04-01 11:11:13	MarkDuplicates	Tracking 118207 as yet unmatched pairs. 4708 records in RAM.
INFO	2015-04-01 11:11:50	MarkDuplicates	Read     9,000,000 records.  Elapsed time: 00:06:42s.  Time for last 1,000,000:   47s.  Last read position: chr10:120,220,933
INFO	2015-04-01 11:11:50	MarkDuplicates	Tracking 129206 as yet unmatched pairs. 924 records in RAM.
INFO	2015-04-01 11:12:34	MarkDuplicates	Read    10,000,000 records.  Elapsed time: 00:07:18s.  Time for last 1,000,000:   35s.  Last read position: chr11:4,484,923
INFO	2015-04-01 11:12:34	MarkDuplicates	Tracking 141463 as yet unmatched pairs. 8805 records in RAM.
INFO	2015-04-01 11:12:56	MarkDuplicates	Read    11,000,000 records.  Elapsed time: 00:07:48s.  Time for last 1,000,000:   30s.  Last read position: chr11:29,547,697
INFO	2015-04-01 11:12:56	MarkDuplicates	Tracking 163432 as yet unmatched pairs. 10608 records in RAM.
INFO	2015-04-01 11:13:24	MarkDuplicates	Read    12,000,000 records.  Elapsed time: 00:08:15s.  Time for last 1,000,000:   27s.  Last read position: chr11:32,283,707
INFO	2015-04-01 11:13:24	MarkDuplicates	Tracking 497240 as yet unmatched pairs. 343738 records in RAM.
INFO	2015-04-01 11:13:49	MarkDuplicates	Read    13,000,000 records.  Elapsed time: 00:08:36s.  Time for last 1,000,000:   20s.  Last read position: chr11:32,283,782
INFO	2015-04-01 11:13:49	MarkDuplicates	Tracking 841174 as yet unmatched pairs. 687128 records in RAM.
INFO	2015-04-01 11:14:12	MarkDuplicates	Read    14,000,000 records.  Elapsed time: 00:08:54s.  Time for last 1,000,000:   18s.  Last read position: chr11:32,283,947
INFO	2015-04-01 11:14:12	MarkDuplicates	Tracking 848950 as yet unmatched pairs. 694402 records in RAM.
INFO	2015-04-01 11:14:36	MarkDuplicates	Read    15,000,000 records.  Elapsed time: 00:09:31s.  Time for last 1,000,000:   36s.  Last read position: chr11:32,284,007
INFO	2015-04-01 11:14:36	MarkDuplicates	Tracking 1102643 as yet unmatched pairs. 947680 records in RAM.
INFO	2015-04-01 11:14:54	MarkDuplicates	Read    16,000,000 records.  Elapsed time: 00:09:45s.  Time for last 1,000,000:   14s.  Last read position: chr11:32,284,062
INFO	2015-04-01 11:14:54	MarkDuplicates	Tracking 1325215 as yet unmatched pairs. 1169801 records in RAM.
INFO	2015-04-01 11:15:22	MarkDuplicates	Read    17,000,000 records.  Elapsed time: 00:10:15s.  Time for last 1,000,000:   29s.  Last read position: chr11:32,284,117
INFO	2015-04-01 11:15:22	MarkDuplicates	Tracking 1432156 as yet unmatched pairs. 1276109 records in RAM.
INFO	2015-04-01 11:15:43	MarkDuplicates	Read    18,000,000 records.  Elapsed time: 00:10:32s.  Time for last 1,000,000:   17s.  Last read position: chr11:32,284,316
INFO	2015-04-01 11:15:43	MarkDuplicates	Tracking 1563063 as yet unmatched pairs. 1406430 records in RAM.
INFO	2015-04-01 11:15:56	MarkDuplicates	Read    19,000,000 records.  Elapsed time: 00:10:51s.  Time for last 1,000,000:   18s.  Last read position: chr11:32,284,439
INFO	2015-04-01 11:15:56	MarkDuplicates	Tracking 1354840 as yet unmatched pairs. 1197423 records in RAM.
INFO	2015-04-01 11:16:18	MarkDuplicates	Read    20,000,000 records.  Elapsed time: 00:11:06s.  Time for last 1,000,000:   14s.  Last read position: chr11:32,296,570
INFO	2015-04-01 11:16:18	MarkDuplicates	Tracking 1597840 as yet unmatched pairs. 1439786 records in RAM.
INFO	2015-04-01 11:16:49	MarkDuplicates	Read    21,000,000 records.  Elapsed time: 00:11:28s.  Time for last 1,000,000:   22s.  Last read position: chr11:32,296,749
INFO	2015-04-01 11:16:49	MarkDuplicates	Tracking 1342220 as yet unmatched pairs. 1183687 records in RAM.
INFO	2015-04-01 11:17:12	MarkDuplicates	Read    22,000,000 records.  Elapsed time: 00:12:05s.  Time for last 1,000,000:   36s.  Last read position: chr11:32,296,786
INFO	2015-04-01 11:17:12	MarkDuplicates	Tracking 1175122 as yet unmatched pairs. 1016236 records in RAM.
INFO	2015-04-01 11:17:37	MarkDuplicates	Read    23,000,000 records.  Elapsed time: 00:12:19s.  Time for last 1,000,000:   13s.  Last read position: chr11:32,296,866
INFO	2015-04-01 11:17:37	MarkDuplicates	Tracking 1118663 as yet unmatched pairs. 959275 records in RAM.
INFO	2015-04-01 11:17:58	MarkDuplicates	Read    24,000,000 records.  Elapsed time: 00:12:47s.  Time for last 1,000,000:   28s.  Last read position: chr11:32,296,913
INFO	2015-04-01 11:17:58	MarkDuplicates	Tracking 883018 as yet unmatched pairs. 723145 records in RAM.
INFO	2015-04-01 11:18:24	MarkDuplicates	Read    25,000,000 records.  Elapsed time: 00:13:05s.  Time for last 1,000,000:   17s.  Last read position: chr11:32,297,091
INFO	2015-04-01 11:18:24	MarkDuplicates	Tracking 703887 as yet unmatched pairs. 543501 records in RAM.
INFO	2015-04-01 11:18:42	MarkDuplicates	Read    26,000,000 records.  Elapsed time: 00:13:35s.  Time for last 1,000,000:   30s.  Last read position: chr11:32,297,186
INFO	2015-04-01 11:18:42	MarkDuplicates	Tracking 400152 as yet unmatched pairs. 239115 records in RAM.
INFO	2015-04-01 11:19:20	MarkDuplicates	Read    27,000,000 records.  Elapsed time: 00:13:59s.  Time for last 1,000,000:   23s.  Last read position: chr11:48,801,765
INFO	2015-04-01 11:19:20	MarkDuplicates	Tracking 184830 as yet unmatched pairs. 18001 records in RAM.
INFO	2015-04-01 11:20:04	MarkDuplicates	Read    28,000,000 records.  Elapsed time: 00:14:48s.  Time for last 1,000,000:   48s.  Last read position: chr11:61,258,782
INFO	2015-04-01 11:20:04	MarkDuplicates	Tracking 181158 as yet unmatched pairs. 7234 records in RAM.
INFO	2015-04-01 11:20:20	MarkDuplicates	Read    29,000,000 records.  Elapsed time: 00:15:12s.  Time for last 1,000,000:   24s.  Last read position: chr11:71,000,895
INFO	2015-04-01 11:20:20	MarkDuplicates	Tracking 184412 as yet unmatched pairs. 6731 records in RAM.
INFO	2015-04-01 11:20:48	MarkDuplicates	Read    30,000,000 records.  Elapsed time: 00:15:35s.  Time for last 1,000,000:   22s.  Last read position: chr11:84,511,570
INFO	2015-04-01 11:20:48	MarkDuplicates	Tracking 191737 as yet unmatched pairs. 4320 records in RAM.
INFO	2015-04-01 11:21:30	MarkDuplicates	Read    31,000,000 records.  Elapsed time: 00:16:16s.  Time for last 1,000,000:   40s.  Last read position: chr11:97,781,851
INFO	2015-04-01 11:21:30	MarkDuplicates	Tracking 203458 as yet unmatched pairs. 8182 records in RAM.
INFO	2015-04-01 11:21:57	MarkDuplicates	Read    32,000,000 records.  Elapsed time: 00:16:46s.  Time for last 1,000,000:   30s.  Last read position: chr11:102,356,879
INFO	2015-04-01 11:21:57	MarkDuplicates	Tracking 211203 as yet unmatched pairs. 5139 records in RAM.
INFO	2015-04-01 11:22:18	MarkDuplicates	Read    33,000,000 records.  Elapsed time: 00:17:08s.  Time for last 1,000,000:   21s.  Last read position: chr11:116,538,365
INFO	2015-04-01 11:22:18	MarkDuplicates	Tracking 217990 as yet unmatched pairs. 1275 records in RAM.
INFO	2015-04-01 11:22:56	MarkDuplicates	Read    34,000,000 records.  Elapsed time: 00:17:45s.  Time for last 1,000,000:   36s.  Last read position: chr12:10,899,598
INFO	2015-04-01 11:22:56	MarkDuplicates	Tracking 232375 as yet unmatched pairs. 9359 records in RAM.
INFO	2015-04-01 11:23:28	MarkDuplicates	Read    35,000,000 records.  Elapsed time: 00:18:12s.  Time for last 1,000,000:   26s.  Last read position: chr12:57,238,678
INFO	2015-04-01 11:23:28	MarkDuplicates	Tracking 248009 as yet unmatched pairs. 7524 records in RAM.
INFO	2015-04-01 11:24:02	MarkDuplicates	Read    36,000,000 records.  Elapsed time: 00:18:46s.  Time for last 1,000,000:   34s.  Last read position: chr12:85,816,187
INFO	2015-04-01 11:24:02	MarkDuplicates	Tracking 269258 as yet unmatched pairs. 6011 records in RAM.
INFO	2015-04-01 11:24:30	MarkDuplicates	Read    37,000,000 records.  Elapsed time: 00:19:12s.  Time for last 1,000,000:   26s.  Last read position: chr12:103,897,108
INFO	2015-04-01 11:24:30	MarkDuplicates	Tracking 284972 as yet unmatched pairs. 18333 records in RAM.
INFO	2015-04-01 11:25:22	MarkDuplicates	Read    38,000,000 records.  Elapsed time: 00:20:00s.  Time for last 1,000,000:   48s.  Last read position: chr12:112,654,119
INFO	2015-04-01 11:25:22	MarkDuplicates	Tracking 270586 as yet unmatched pairs. 420 records in RAM.
INFO	2015-04-01 11:25:43	MarkDuplicates	Read    39,000,000 records.  Elapsed time: 00:20:35s.  Time for last 1,000,000:   34s.  Last read position: chr13:41,018,369
INFO	2015-04-01 11:25:43	MarkDuplicates	Tracking 298265 as yet unmatched pairs. 14587 records in RAM.
INFO	2015-04-01 11:26:09	MarkDuplicates	Read    40,000,000 records.  Elapsed time: 00:20:59s.  Time for last 1,000,000:   23s.  Last read position: chr13:73,492,034
INFO	2015-04-01 11:26:09	MarkDuplicates	Tracking 304091 as yet unmatched pairs. 7017 records in RAM.
INFO	2015-04-01 11:26:35	MarkDuplicates	Read    41,000,000 records.  Elapsed time: 00:21:26s.  Time for last 1,000,000:   26s.  Last read position: chr13:107,135,306
INFO	2015-04-01 11:26:35	MarkDuplicates	Tracking 336045 as yet unmatched pairs. 680 records in RAM.
INFO	2015-04-01 11:27:30	MarkDuplicates	Read    42,000,000 records.  Elapsed time: 00:22:16s.  Time for last 1,000,000:   50s.  Last read position: chr14:31,134,805
INFO	2015-04-01 11:27:30	MarkDuplicates	Tracking 357672 as yet unmatched pairs. 25463 records in RAM.
INFO	2015-04-01 11:28:03	MarkDuplicates	Read    43,000,000 records.  Elapsed time: 00:22:50s.  Time for last 1,000,000:   33s.  Last read position: chr14:56,693,998
INFO	2015-04-01 11:28:03	MarkDuplicates	Tracking 352556 as yet unmatched pairs. 12449 records in RAM.
INFO	2015-04-01 11:28:29	MarkDuplicates	Read    44,000,000 records.  Elapsed time: 00:23:21s.  Time for last 1,000,000:   30s.  Last read position: chr14:69,682,307
INFO	2015-04-01 11:28:29	MarkDuplicates	Tracking 361240 as yet unmatched pairs. 12865 records in RAM.
INFO	2015-04-01 11:29:00	MarkDuplicates	Read    45,000,000 records.  Elapsed time: 00:23:40s.  Time for last 1,000,000:   19s.  Last read position: chr14:122,400,345
INFO	2015-04-01 11:29:00	MarkDuplicates	Tracking 368954 as yet unmatched pairs. 152 records in RAM.
INFO	2015-04-01 11:29:48	MarkDuplicates	Read    46,000,000 records.  Elapsed time: 00:24:33s.  Time for last 1,000,000:   53s.  Last read position: chr15:52,477,653
INFO	2015-04-01 11:29:48	MarkDuplicates	Tracking 375903 as yet unmatched pairs. 11239 records in RAM.
INFO	2015-04-01 11:30:08	MarkDuplicates	Read    47,000,000 records.  Elapsed time: 00:24:59s.  Time for last 1,000,000:   25s.  Last read position: chr15:79,825,612
INFO	2015-04-01 11:30:08	MarkDuplicates	Tracking 372258 as yet unmatched pairs. 3763 records in RAM.
INFO	2015-04-01 11:30:47	MarkDuplicates	Read    48,000,000 records.  Elapsed time: 00:25:27s.  Time for last 1,000,000:   27s.  Last read position: chr15:98,931,643
INFO	2015-04-01 11:30:47	MarkDuplicates	Tracking 380487 as yet unmatched pairs. 5857 records in RAM.
INFO	2015-04-01 11:31:30	MarkDuplicates	Read    49,000,000 records.  Elapsed time: 00:26:00s.  Time for last 1,000,000:   33s.  Last read position: chr15:102,154,324
INFO	2015-04-01 11:31:30	MarkDuplicates	Tracking 379676 as yet unmatched pairs. 609 records in RAM.
INFO	2015-04-01 11:32:09	MarkDuplicates	Read    50,000,000 records.  Elapsed time: 00:26:53s.  Time for last 1,000,000:   52s.  Last read position: chr16:18,475,603
INFO	2015-04-01 11:32:09	MarkDuplicates	Tracking 391047 as yet unmatched pairs. 9083 records in RAM.
INFO	2015-04-01 11:33:21	MarkDuplicates	Read    51,000,000 records.  Elapsed time: 00:27:58s.  Time for last 1,000,000:   65s.  Last read position: chr16:37,826,789
INFO	2015-04-01 11:33:21	MarkDuplicates	Tracking 392374 as yet unmatched pairs. 4975 records in RAM.
INFO	2015-04-01 11:34:04	MarkDuplicates	Read    52,000,000 records.  Elapsed time: 00:28:45s.  Time for last 1,000,000:   46s.  Last read position: chr16:97,491,005
INFO	2015-04-01 11:34:04	MarkDuplicates	Tracking 403581 as yet unmatched pairs. 378 records in RAM.
INFO	2015-04-01 11:34:55	MarkDuplicates	Read    53,000,000 records.  Elapsed time: 00:29:35s.  Time for last 1,000,000:   49s.  Last read position: chr17:24,721,259
INFO	2015-04-01 11:34:55	MarkDuplicates	Tracking 416840 as yet unmatched pairs. 38120 records in RAM.
INFO	2015-04-01 11:35:50	MarkDuplicates	Read    54,000,000 records.  Elapsed time: 00:30:30s.  Time for last 1,000,000:   55s.  Last read position: chr17:32,304,886
INFO	2015-04-01 11:35:50	MarkDuplicates	Tracking 408023 as yet unmatched pairs. 17931 records in RAM.
INFO	2015-04-01 11:36:23	MarkDuplicates	Read    55,000,000 records.  Elapsed time: 00:31:12s.  Time for last 1,000,000:   42s.  Last read position: chr17:36,877,355
INFO	2015-04-01 11:36:23	MarkDuplicates	Tracking 410810 as yet unmatched pairs. 12316 records in RAM.
INFO	2015-04-01 11:37:26	MarkDuplicates	Read    56,000,000 records.  Elapsed time: 00:32:05s.  Time for last 1,000,000:   53s.  Last read position: chr17:65,582,725
INFO	2015-04-01 11:37:26	MarkDuplicates	Tracking 416115 as yet unmatched pairs. 5950 records in RAM.
INFO	2015-04-01 11:38:08	MarkDuplicates	Read    57,000,000 records.  Elapsed time: 00:32:52s.  Time for last 1,000,000:   46s.  Last read position: chr18:27,598,946
INFO	2015-04-01 11:38:08	MarkDuplicates	Tracking 415781 as yet unmatched pairs. 17626 records in RAM.
INFO	2015-04-01 11:38:44	MarkDuplicates	Read    58,000,000 records.  Elapsed time: 00:33:31s.  Time for last 1,000,000:   38s.  Last read position: chr18:61,259,308
INFO	2015-04-01 11:38:44	MarkDuplicates	Tracking 420937 as yet unmatched pairs. 9333 records in RAM.
INFO	2015-04-01 11:39:25	MarkDuplicates	Read    59,000,000 records.  Elapsed time: 00:34:17s.  Time for last 1,000,000:   45s.  Last read position: chr19:4,153,738
INFO	2015-04-01 11:39:25	MarkDuplicates	Tracking 416709 as yet unmatched pairs. 19635 records in RAM.
INFO	2015-04-01 11:40:01	MarkDuplicates	Read    60,000,000 records.  Elapsed time: 00:34:46s.  Time for last 1,000,000:   28s.  Last read position: chr19:9,882,395
INFO	2015-04-01 11:40:01	MarkDuplicates	Tracking 419333 as yet unmatched pairs. 14960 records in RAM.
INFO	2015-04-01 11:40:41	MarkDuplicates	Read    61,000,000 records.  Elapsed time: 00:35:21s.  Time for last 1,000,000:   35s.  Last read position: chr19:40,305,146
INFO	2015-04-01 11:40:41	MarkDuplicates	Tracking 422589 as yet unmatched pairs. 9225 records in RAM.
INFO	2015-04-01 11:41:42	MarkDuplicates	Read    62,000,000 records.  Elapsed time: 00:36:38s.  Time for last 1,000,000:   76s.  Last read position: chr2:10,097,077
INFO	2015-04-01 11:41:42	MarkDuplicates	Tracking 421727 as yet unmatched pairs. 49260 records in RAM.
INFO	2015-04-01 11:42:02	MarkDuplicates	Read    63,000,000 records.  Elapsed time: 00:36:54s.  Time for last 1,000,000:   16s.  Last read position: chr2:30,070,252
INFO	2015-04-01 11:42:02	MarkDuplicates	Tracking 435119 as yet unmatched pairs. 42624 records in RAM.
INFO	2015-04-01 11:42:23	MarkDuplicates	Read    64,000,000 records.  Elapsed time: 00:37:16s.  Time for last 1,000,000:   21s.  Last read position: chr2:70,690,715
INFO	2015-04-01 11:42:23	MarkDuplicates	Tracking 427653 as yet unmatched pairs. 28713 records in RAM.
INFO	2015-04-01 11:42:49	MarkDuplicates	Read    65,000,000 records.  Elapsed time: 00:37:37s.  Time for last 1,000,000:   20s.  Last read position: chr2:103,092,565
INFO	2015-04-01 11:42:49	MarkDuplicates	Tracking 432669 as yet unmatched pairs. 23569 records in RAM.
INFO	2015-04-01 11:43:14	MarkDuplicates	Read    66,000,000 records.  Elapsed time: 00:38:06s.  Time for last 1,000,000:   28s.  Last read position: chr2:127,233,328
INFO	2015-04-01 11:43:14	MarkDuplicates	Tracking 432833 as yet unmatched pairs. 18053 records in RAM.
INFO	2015-04-01 11:43:29	MarkDuplicates	Read    67,000,000 records.  Elapsed time: 00:38:22s.  Time for last 1,000,000:   15s.  Last read position: chr2:154,873,557
INFO	2015-04-01 11:43:29	MarkDuplicates	Tracking 428800 as yet unmatched pairs. 10744 records in RAM.
INFO	2015-04-01 11:43:44	MarkDuplicates	Read    68,000,000 records.  Elapsed time: 00:38:38s.  Time for last 1,000,000:   16s.  Last read position: chr2:173,034,298
INFO	2015-04-01 11:43:44	MarkDuplicates	Tracking 425745 as yet unmatched pairs. 3004 records in RAM.
INFO	2015-04-01 11:44:34	MarkDuplicates	Read    69,000,000 records.  Elapsed time: 00:39:25s.  Time for last 1,000,000:   46s.  Last read position: chr3:28,727,565
INFO	2015-04-01 11:44:34	MarkDuplicates	Tracking 428279 as yet unmatched pairs. 60791 records in RAM.
INFO	2015-04-01 11:44:52	MarkDuplicates	Read    70,000,000 records.  Elapsed time: 00:39:40s.  Time for last 1,000,000:   14s.  Last read position: chr3:83,010,570
INFO	2015-04-01 11:44:52	MarkDuplicates	Tracking 415798 as yet unmatched pairs. 39670 records in RAM.
INFO	2015-04-01 11:45:13	MarkDuplicates	Read    71,000,000 records.  Elapsed time: 00:40:01s.  Time for last 1,000,000:   21s.  Last read position: chr3:95,182,357
INFO	2015-04-01 11:45:13	MarkDuplicates	Tracking 404346 as yet unmatched pairs. 23518 records in RAM.
INFO	2015-04-01 11:45:31	MarkDuplicates	Read    72,000,000 records.  Elapsed time: 00:40:22s.  Time for last 1,000,000:   20s.  Last read position: chr3:121,990,995
INFO	2015-04-01 11:45:31	MarkDuplicates	Tracking 397932 as yet unmatched pairs. 13552 records in RAM.
INFO	2015-04-01 11:45:53	MarkDuplicates	Read    73,000,000 records.  Elapsed time: 00:40:47s.  Time for last 1,000,000:   25s.  Last read position: chr3:158,026,832
INFO	2015-04-01 11:45:53	MarkDuplicates	Tracking 408278 as yet unmatched pairs. 354 records in RAM.
INFO	2015-04-01 11:46:13	MarkDuplicates	Read    74,000,000 records.  Elapsed time: 00:41:04s.  Time for last 1,000,000:   17s.  Last read position: chr4:46,396,162
INFO	2015-04-01 11:46:13	MarkDuplicates	Tracking 409883 as yet unmatched pairs. 48416 records in RAM.
INFO	2015-04-01 11:46:31	MarkDuplicates	Read    75,000,000 records.  Elapsed time: 00:41:21s.  Time for last 1,000,000:   17s.  Last read position: chr4:106,388,582
INFO	2015-04-01 11:46:31	MarkDuplicates	Tracking 401497 as yet unmatched pairs. 35976 records in RAM.
INFO	2015-04-01 11:46:48	MarkDuplicates	Read    76,000,000 records.  Elapsed time: 00:41:39s.  Time for last 1,000,000:   17s.  Last read position: chr4:119,284,496
INFO	2015-04-01 11:46:48	MarkDuplicates	Tracking 408437 as yet unmatched pairs. 34657 records in RAM.
INFO	2015-04-01 11:47:37	MarkDuplicates	Read    77,000,000 records.  Elapsed time: 00:42:32s.  Time for last 1,000,000:   52s.  Last read position: chr4:133,965,048
INFO	2015-04-01 11:47:37	MarkDuplicates	Tracking 402032 as yet unmatched pairs. 25061 records in RAM.
INFO	2015-04-01 11:47:54	MarkDuplicates	Read    78,000,000 records.  Elapsed time: 00:42:45s.  Time for last 1,000,000:   12s.  Last read position: chr4:148,617,876
INFO	2015-04-01 11:47:54	MarkDuplicates	Tracking 396313 as yet unmatched pairs. 11193 records in RAM.
INFO	2015-04-01 11:48:12	MarkDuplicates	Read    79,000,000 records.  Elapsed time: 00:43:03s.  Time for last 1,000,000:   18s.  Last read position: chr5:16,730,579
INFO	2015-04-01 11:48:12	MarkDuplicates	Tracking 413383 as yet unmatched pairs. 60737 records in RAM.
INFO	2015-04-01 11:48:31	MarkDuplicates	Read    80,000,000 records.  Elapsed time: 00:43:20s.  Time for last 1,000,000:   17s.  Last read position: chr5:45,443,541
INFO	2015-04-01 11:48:31	MarkDuplicates	Tracking 407023 as yet unmatched pairs. 50132 records in RAM.
INFO	2015-04-01 11:48:56	MarkDuplicates	Read    81,000,000 records.  Elapsed time: 00:43:50s.  Time for last 1,000,000:   29s.  Last read position: chr5:90,465,969
INFO	2015-04-01 11:48:56	MarkDuplicates	Tracking 435261 as yet unmatched pairs. 76745 records in RAM.
INFO	2015-04-01 11:49:14	MarkDuplicates	Read    82,000,000 records.  Elapsed time: 00:44:06s.  Time for last 1,000,000:   16s.  Last read position: chr5:90,495,966
INFO	2015-04-01 11:49:14	MarkDuplicates	Tracking 437552 as yet unmatched pairs. 78449 records in RAM.
INFO	2015-04-01 11:49:29	MarkDuplicates	Read    83,000,000 records.  Elapsed time: 00:44:23s.  Time for last 1,000,000:   16s.  Last read position: chr5:90,507,714
INFO	2015-04-01 11:49:29	MarkDuplicates	Tracking 456277 as yet unmatched pairs. 96711 records in RAM.
INFO	2015-04-01 11:49:45	MarkDuplicates	Read    84,000,000 records.  Elapsed time: 00:44:39s.  Time for last 1,000,000:   16s.  Last read position: chr5:115,298,629
INFO	2015-04-01 11:49:45	MarkDuplicates	Tracking 402480 as yet unmatched pairs. 33006 records in RAM.
INFO	2015-04-01 11:50:48	MarkDuplicates	Read    85,000,000 records.  Elapsed time: 00:45:42s.  Time for last 1,000,000:   63s.  Last read position: chr5:124,460,816
INFO	2015-04-01 11:50:48	MarkDuplicates	Tracking 402716 as yet unmatched pairs. 18392 records in RAM.
INFO	2015-04-01 11:51:04	MarkDuplicates	Read    86,000,000 records.  Elapsed time: 00:45:55s.  Time for last 1,000,000:   12s.  Last read position: chr5:137,530,735
INFO	2015-04-01 11:51:04	MarkDuplicates	Tracking 397635 as yet unmatched pairs. 11207 records in RAM.
INFO	2015-04-01 11:51:26	MarkDuplicates	Read    87,000,000 records.  Elapsed time: 00:46:16s.  Time for last 1,000,000:   21s.  Last read position: chr6:6,041,709
INFO	2015-04-01 11:51:26	MarkDuplicates	Tracking 386349 as yet unmatched pairs. 53130 records in RAM.
INFO	2015-04-01 11:51:42	MarkDuplicates	Read    88,000,000 records.  Elapsed time: 00:46:34s.  Time for last 1,000,000:   17s.  Last read position: chr6:50,198,380
INFO	2015-04-01 11:51:42	MarkDuplicates	Tracking 380013 as yet unmatched pairs. 43549 records in RAM.
INFO	2015-04-01 11:51:59	MarkDuplicates	Read    89,000,000 records.  Elapsed time: 00:46:51s.  Time for last 1,000,000:   17s.  Last read position: chr6:85,467,758
INFO	2015-04-01 11:51:59	MarkDuplicates	Tracking 377041 as yet unmatched pairs. 37348 records in RAM.
INFO	2015-04-01 11:52:31	MarkDuplicates	Read    90,000,000 records.  Elapsed time: 00:47:17s.  Time for last 1,000,000:   25s.  Last read position: chr6:117,925,320
INFO	2015-04-01 11:52:31	MarkDuplicates	Tracking 366433 as yet unmatched pairs. 25100 records in RAM.
INFO	2015-04-01 11:52:48	MarkDuplicates	Read    91,000,000 records.  Elapsed time: 00:47:37s.  Time for last 1,000,000:   19s.  Last read position: chr6:131,370,377
INFO	2015-04-01 11:52:48	MarkDuplicates	Tracking 354584 as yet unmatched pairs. 6275 records in RAM.
INFO	2015-04-01 11:53:05	MarkDuplicates	Read    92,000,000 records.  Elapsed time: 00:47:56s.  Time for last 1,000,000:   19s.  Last read position: chr7:16,436,771
INFO	2015-04-01 11:53:05	MarkDuplicates	Tracking 346617 as yet unmatched pairs. 95678 records in RAM.
INFO	2015-04-01 11:53:21	MarkDuplicates	Read    93,000,000 records.  Elapsed time: 00:48:13s.  Time for last 1,000,000:   16s.  Last read position: chr7:30,562,835
INFO	2015-04-01 11:53:21	MarkDuplicates	Tracking 337284 as yet unmatched pairs. 85159 records in RAM.
INFO	2015-04-01 11:54:25	MarkDuplicates	Read    94,000,000 records.  Elapsed time: 00:49:18s.  Time for last 1,000,000:   65s.  Last read position: chr7:45,524,255
INFO	2015-04-01 11:54:25	MarkDuplicates	Tracking 314365 as yet unmatched pairs. 60816 records in RAM.
INFO	2015-04-01 11:54:49	MarkDuplicates	Read    95,000,000 records.  Elapsed time: 00:49:38s.  Time for last 1,000,000:   19s.  Last read position: chr7:98,494,304
INFO	2015-04-01 11:54:49	MarkDuplicates	Tracking 296619 as yet unmatched pairs. 41710 records in RAM.
INFO	2015-04-01 11:55:04	MarkDuplicates	Read    96,000,000 records.  Elapsed time: 00:49:57s.  Time for last 1,000,000:   19s.  Last read position: chr7:103,812,665
INFO	2015-04-01 11:55:04	MarkDuplicates	Tracking 550000 as yet unmatched pairs. 294577 records in RAM.
INFO	2015-04-01 11:55:16	MarkDuplicates	Read    97,000,000 records.  Elapsed time: 00:50:11s.  Time for last 1,000,000:   13s.  Last read position: chr7:103,812,729
INFO	2015-04-01 11:55:16	MarkDuplicates	Tracking 811086 as yet unmatched pairs. 555570 records in RAM.
INFO	2015-04-01 11:55:27	MarkDuplicates	Read    98,000,000 records.  Elapsed time: 00:50:23s.  Time for last 1,000,000:   11s.  Last read position: chr7:103,812,770
INFO	2015-04-01 11:55:27	MarkDuplicates	Tracking 1112154 as yet unmatched pairs. 856553 records in RAM.
INFO	2015-04-01 11:55:47	MarkDuplicates	Read    99,000,000 records.  Elapsed time: 00:50:40s.  Time for last 1,000,000:   17s.  Last read position: chr7:103,813,477
INFO	2015-04-01 11:55:47	MarkDuplicates	Tracking 1260313 as yet unmatched pairs. 1004622 records in RAM.
INFO	2015-04-01 11:56:07	MarkDuplicates	Read   100,000,000 records.  Elapsed time: 00:50:55s.  Time for last 1,000,000:   14s.  Last read position: chr7:103,813,517
INFO	2015-04-01 11:56:07	MarkDuplicates	Tracking 1436594 as yet unmatched pairs. 1180827 records in RAM.
INFO	2015-04-01 11:56:38	MarkDuplicates	Read   101,000,000 records.  Elapsed time: 00:51:17s.  Time for last 1,000,000:   22s.  Last read position: chr7:103,813,573
INFO	2015-04-01 11:56:38	MarkDuplicates	Tracking 1640571 as yet unmatched pairs. 1384729 records in RAM.
INFO	2015-04-01 11:56:55	MarkDuplicates	Read   102,000,000 records.  Elapsed time: 00:51:44s.  Time for last 1,000,000:   27s.  Last read position: chr7:103,813,645
INFO	2015-04-01 11:56:55	MarkDuplicates	Tracking 1690623 as yet unmatched pairs. 1434704 records in RAM.
INFO	2015-04-01 11:57:56	MarkDuplicates	Read   103,000,000 records.  Elapsed time: 00:52:51s.  Time for last 1,000,000:   66s.  Last read position: chr7:103,826,597
INFO	2015-04-01 11:57:56	MarkDuplicates	Tracking 1689426 as yet unmatched pairs. 1433337 records in RAM.
INFO	2015-04-01 11:58:16	MarkDuplicates	Read   104,000,000 records.  Elapsed time: 00:53:04s.  Time for last 1,000,000:   13s.  Last read position: chr7:103,826,713
INFO	2015-04-01 11:58:16	MarkDuplicates	Tracking 1790011 as yet unmatched pairs. 1533776 records in RAM.
INFO	2015-04-01 11:58:33	MarkDuplicates	Read   105,000,000 records.  Elapsed time: 00:53:25s.  Time for last 1,000,000:   20s.  Last read position: chr7:103,826,765
INFO	2015-04-01 11:58:33	MarkDuplicates	Tracking 1700352 as yet unmatched pairs. 1444018 records in RAM.
INFO	2015-04-01 11:58:49	MarkDuplicates	Read   106,000,000 records.  Elapsed time: 00:53:39s.  Time for last 1,000,000:   14s.  Last read position: chr7:103,827,474
INFO	2015-04-01 11:58:49	MarkDuplicates	Tracking 1499431 as yet unmatched pairs. 1243027 records in RAM.
INFO	2015-04-01 11:59:02	MarkDuplicates	Read   107,000,000 records.  Elapsed time: 00:53:55s.  Time for last 1,000,000:   15s.  Last read position: chr7:103,827,510
INFO	2015-04-01 11:59:02	MarkDuplicates	Tracking 1312301 as yet unmatched pairs. 1055812 records in RAM.
INFO	2015-04-01 11:59:24	MarkDuplicates	Read   108,000,000 records.  Elapsed time: 00:54:19s.  Time for last 1,000,000:   24s.  Last read position: chr7:103,827,574
INFO	2015-04-01 11:59:24	MarkDuplicates	Tracking 1084024 as yet unmatched pairs. 827455 records in RAM.
INFO	2015-04-01 11:59:34	MarkDuplicates	Read   109,000,000 records.  Elapsed time: 00:54:27s.  Time for last 1,000,000:    7s.  Last read position: chr7:103,827,620
INFO	2015-04-01 11:59:34	MarkDuplicates	Tracking 914820 as yet unmatched pairs. 658183 records in RAM.
INFO	2015-04-01 11:59:42	MarkDuplicates	Read   110,000,000 records.  Elapsed time: 00:54:37s.  Time for last 1,000,000:   10s.  Last read position: chr7:103,827,805
INFO	2015-04-01 11:59:42	MarkDuplicates	Tracking 628936 as yet unmatched pairs. 372207 records in RAM.
INFO	2015-04-01 11:59:56	MarkDuplicates	Read   111,000,000 records.  Elapsed time: 00:54:48s.  Time for last 1,000,000:   10s.  Last read position: chr7:109,519,605
INFO	2015-04-01 11:59:56	MarkDuplicates	Tracking 290281 as yet unmatched pairs. 33265 records in RAM.
INFO	2015-04-01 12:00:11	MarkDuplicates	Read   112,000,000 records.  Elapsed time: 00:55:03s.  Time for last 1,000,000:   15s.  Last read position: chr7:126,796,654
INFO	2015-04-01 12:00:11	MarkDuplicates	Tracking 271014 as yet unmatched pairs. 12462 records in RAM.
INFO	2015-04-01 12:01:11	MarkDuplicates	Read   113,000,000 records.  Elapsed time: 00:56:01s.  Time for last 1,000,000:   57s.  Last read position: chr7:141,631,335
INFO	2015-04-01 12:01:11	MarkDuplicates	Tracking 265027 as yet unmatched pairs. 3210 records in RAM.
INFO	2015-04-01 12:01:26	MarkDuplicates	Read   114,000,000 records.  Elapsed time: 00:56:20s.  Time for last 1,000,000:   19s.  Last read position: chr8:3,584,109
INFO	2015-04-01 12:01:26	MarkDuplicates	Tracking 260495 as yet unmatched pairs. 74586 records in RAM.
INFO	2015-04-01 12:01:59	MarkDuplicates	Read   115,000,000 records.  Elapsed time: 00:56:44s.  Time for last 1,000,000:   24s.  Last read position: chr8:57,524,952
INFO	2015-04-01 12:01:59	MarkDuplicates	Tracking 251105 as yet unmatched pairs. 63918 records in RAM.
INFO	2015-04-01 12:02:29	MarkDuplicates	Read   116,000,000 records.  Elapsed time: 00:57:10s.  Time for last 1,000,000:   25s.  Last read position: chr8:83,609,829
INFO	2015-04-01 12:02:29	MarkDuplicates	Tracking 232954 as yet unmatched pairs. 43709 records in RAM.
INFO	2015-04-01 12:02:50	MarkDuplicates	Read   117,000,000 records.  Elapsed time: 00:57:39s.  Time for last 1,000,000:   28s.  Last read position: chr8:102,865,501
INFO	2015-04-01 12:02:50	MarkDuplicates	Tracking 220434 as yet unmatched pairs. 30444 records in RAM.
INFO	2015-04-01 12:03:22	MarkDuplicates	Read   118,000,000 records.  Elapsed time: 00:58:14s.  Time for last 1,000,000:   35s.  Last read position: chr8:122,895,131
INFO	2015-04-01 12:03:22	MarkDuplicates	Tracking 206310 as yet unmatched pairs. 7537 records in RAM.
INFO	2015-04-01 12:03:41	MarkDuplicates	Read   119,000,000 records.  Elapsed time: 00:58:34s.  Time for last 1,000,000:   19s.  Last read position: chr9:27,089,332
INFO	2015-04-01 12:03:41	MarkDuplicates	Tracking 188425 as yet unmatched pairs. 121286 records in RAM.
INFO	2015-04-01 12:03:58	MarkDuplicates	Read   120,000,000 records.  Elapsed time: 00:58:52s.  Time for last 1,000,000:   18s.  Last read position: chr9:44,825,417
INFO	2015-04-01 12:03:58	MarkDuplicates	Tracking 152872 as yet unmatched pairs. 85608 records in RAM.
INFO	2015-04-01 12:04:29	MarkDuplicates	Read   121,000,000 records.  Elapsed time: 00:59:11s.  Time for last 1,000,000:   18s.  Last read position: chr9:62,841,685
INFO	2015-04-01 12:04:29	MarkDuplicates	Tracking 142817 as yet unmatched pairs. 67536 records in RAM.
INFO	2015-04-01 12:05:42	MarkDuplicates	Read   122,000,000 records.  Elapsed time: 01:00:33s.  Time for last 1,000,000:   82s.  Last read position: chr9:78,478,829
INFO	2015-04-01 12:05:42	MarkDuplicates	Tracking 172579 as yet unmatched pairs. 97113 records in RAM.
INFO	2015-04-01 12:06:02	MarkDuplicates	Read   123,000,000 records.  Elapsed time: 01:00:53s.  Time for last 1,000,000:   19s.  Last read position: chr9:96,895,634
INFO	2015-04-01 12:06:02	MarkDuplicates	Tracking 125648 as yet unmatched pairs. 50028 records in RAM.
INFO	2015-04-01 12:06:23	MarkDuplicates	Read   124,000,000 records.  Elapsed time: 01:01:11s.  Time for last 1,000,000:   18s.  Last read position: chr9:108,327,637
INFO	2015-04-01 12:06:23	MarkDuplicates	Tracking 107602 as yet unmatched pairs. 31858 records in RAM.
INFO	2015-04-01 12:06:42	MarkDuplicates	Read   125,000,000 records.  Elapsed time: 01:01:31s.  Time for last 1,000,000:   20s.  Last read position: chr9:120,572,810
INFO	2015-04-01 12:06:42	MarkDuplicates	Tracking 92588 as yet unmatched pairs. 16702 records in RAM.
INFO	2015-04-01 12:07:15	MarkDuplicates	Read   126,000,000 records.  Elapsed time: 01:02:10s.  Time for last 1,000,000:   38s.  Last read position: chrM:6,084
INFO	2015-04-01 12:07:15	MarkDuplicates	Tracking 114981 as yet unmatched pairs. 58170 records in RAM.
INFO	2015-04-01 12:07:38	MarkDuplicates	Read   127,000,000 records.  Elapsed time: 01:02:23s.  Time for last 1,000,000:   13s.  Last read position: chrM:8,167
INFO	2015-04-01 12:07:38	MarkDuplicates	Tracking 99766 as yet unmatched pairs. 42929 records in RAM.
INFO	2015-04-01 12:07:59	MarkDuplicates	Read   128,000,000 records.  Elapsed time: 01:02:50s.  Time for last 1,000,000:   26s.  Last read position: chrM:14,731
INFO	2015-04-01 12:07:59	MarkDuplicates	Tracking 73076 as yet unmatched pairs. 16190 records in RAM.
INFO	2015-04-01 12:08:16	MarkDuplicates	Read   129,000,000 records.  Elapsed time: 01:03:05s.  Time for last 1,000,000:   15s.  Last read position: chrX:71,421,121
INFO	2015-04-01 12:08:16	MarkDuplicates	Tracking 41824 as yet unmatched pairs. 35984 records in RAM.
INFO	2015-04-01 12:08:39	MarkDuplicates	Read   130,000,000 records.  Elapsed time: 01:03:26s.  Time for last 1,000,000:   20s.  Last read position: chrX:106,203,304
INFO	2015-04-01 12:08:39	MarkDuplicates	Tracking 24587 as yet unmatched pairs. 18724 records in RAM.
INFO	2015-04-01 12:09:50	MarkDuplicates	Read   131,000,000 records.  Elapsed time: 01:04:46s.  Time for last 1,000,000:   79s.  Last read position: chrY:58,548,977
INFO	2015-04-01 12:09:50	MarkDuplicates	Tracking 2273 as yet unmatched pairs. 2273 records in RAM.
INFO	2015-04-01 12:09:51	MarkDuplicates	Read 131034766 records. 0 pairs never matched.
INFO	2015-04-01 12:10:19	MarkDuplicates	After buildSortedReadEndLists freeMemory: 13941714128; totalMemory: 26349535232; maxMemory: 38177538048
INFO	2015-04-01 12:10:19	MarkDuplicates	Will retain up to 1193048064 duplicate indices before spilling to disk.
INFO	2015-04-01 12:10:23	MarkDuplicates	Traversing read pair information and detecting duplicates.
INFO	2015-04-01 12:11:58	MarkDuplicates	Traversing fragment information and detecting duplicates.
INFO	2015-04-01 12:14:02	MarkDuplicates	Sorting list of duplicate records.
INFO	2015-04-01 12:17:18	MarkDuplicates	After generateDuplicateIndexes freeMemory: 26599560176; totalMemory: 36327391232; maxMemory: 38177538048
INFO	2015-04-01 12:17:18	MarkDuplicates	Marking 32251685 records as duplicates.
INFO	2015-04-01 12:17:18	MarkDuplicates	Found 11632654 optical duplicate clusters.
INFO	2015-04-01 12:23:54	MarkDuplicates	Written    10,000,000 records.  Elapsed time: 00:06:28s.  Time for last 10,000,000:  388s.  Last read position: chr11:4,484,923
INFO	2015-04-01 12:30:07	MarkDuplicates	Written    20,000,000 records.  Elapsed time: 00:12:39s.  Time for last 10,000,000:  370s.  Last read position: chr11:32,296,570
INFO	2015-04-01 12:35:58	MarkDuplicates	Written    30,000,000 records.  Elapsed time: 00:18:33s.  Time for last 10,000,000:  354s.  Last read position: chr11:84,511,570
INFO	2015-04-01 12:42:39	MarkDuplicates	Written    40,000,000 records.  Elapsed time: 00:25:00s.  Time for last 10,000,000:  386s.  Last read position: chr13:73,492,034
INFO	2015-04-01 12:50:44	MarkDuplicates	Written    50,000,000 records.  Elapsed time: 00:33:19s.  Time for last 10,000,000:  499s.  Last read position: chr16:18,475,603
INFO	2015-04-01 12:58:09	MarkDuplicates	Written    60,000,000 records.  Elapsed time: 00:40:44s.  Time for last 10,000,000:  445s.  Last read position: chr19:9,882,395
INFO	2015-04-01 13:05:43	MarkDuplicates	Written    70,000,000 records.  Elapsed time: 00:48:18s.  Time for last 10,000,000:  453s.  Last read position: chr3:83,010,570
INFO	2015-04-01 13:13:22	MarkDuplicates	Written    80,000,000 records.  Elapsed time: 00:55:57s.  Time for last 10,000,000:  458s.  Last read position: chr5:45,443,541
INFO	2015-04-01 13:20:48	MarkDuplicates	Written    90,000,000 records.  Elapsed time: 01:03:18s.  Time for last 10,000,000:  441s.  Last read position: chr6:117,925,320
INFO	2015-04-01 13:27:41	MarkDuplicates	Written   100,000,000 records.  Elapsed time: 01:10:16s.  Time for last 10,000,000:  417s.  Last read position: chr7:103,813,517
INFO	2015-04-01 13:34:08	MarkDuplicates	Written   110,000,000 records.  Elapsed time: 01:16:42s.  Time for last 10,000,000:  385s.  Last read position: chr7:103,827,805
INFO	2015-04-01 13:39:39	MarkDuplicates	Written   120,000,000 records.  Elapsed time: 01:22:14s.  Time for last 10,000,000:  331s.  Last read position: chr9:44,825,417
INFO	2015-04-01 13:44:34	MarkDuplicates	Written   130,000,000 records.  Elapsed time: 01:27:09s.  Time for last 10,000,000:  294s.  Last read position: chrX:106,203,304
INFO	2015-04-01 13:44:56	MarkDuplicates	Before output close freeMemory: 35979683400; totalMemory: 36253204480; maxMemory: 38177538048
INFO	2015-04-01 13:45:07	MarkDuplicates	After output close freeMemory: 36145056256; totalMemory: 36418355200; maxMemory: 38177538048
[Wed Apr 01 13:45:07 EDT 2015] net.sf.picard.sam.MarkDuplicates done. Elapsed time: 160.08 minutes.
Runtime.totalMemory()=36418355200
