[Wed Apr 01 10:52:56 EDT 2015] net.sf.picard.sam.MarkDuplicates INPUT=[/n/rinn_data1/users/agroff/seq/OtherMice/Diana/lincP21/bam/JR917/rmdup_accepted_hits_sorted_picard.bam] OUTPUT=/n/rinn_data1/users/agroff/seq/OtherMice/Diana/lincP21/bam/JR917/rmdup_accepted_hits_sorted_duplicates_marked.bam METRICS_FILE=dup_metrics.txt    PROGRAM_RECORD_ID=MarkDuplicates PROGRAM_GROUP_NAME=MarkDuplicates REMOVE_DUPLICATES=false ASSUME_SORTED=false MAX_SEQUENCES_FOR_DISK_READ_ENDS_MAP=50000 MAX_FILE_HANDLES_FOR_READ_ENDS_MAP=8000 SORTING_COLLECTION_SIZE_RATIO=0.25 READ_NAME_REGEX=[a-zA-Z0-9]+:[0-9]:([0-9]+):([0-9]+):([0-9]+).* OPTICAL_DUPLICATE_PIXEL_DISTANCE=100 VERBOSITY=INFO QUIET=false VALIDATION_STRINGENCY=STRICT COMPRESSION_LEVEL=5 MAX_RECORDS_IN_RAM=500000 CREATE_INDEX=false CREATE_MD5_FILE=false
[Wed Apr 01 10:52:56 EDT 2015] Executing as agroff@holy2a02107.rc.fas.harvard.edu on Linux 2.6.32-431.17.1.el6.x86_64 amd64; Java HotSpot(TM) 64-Bit Server VM 1.6.0_11-b03; Picard version: 1.98(1547)
INFO	2015-04-01 10:52:56	MarkDuplicates	Start of doWork freeMemory: 8576192; totalMemory: 9109504; maxMemory: 38177538048
INFO	2015-04-01 10:52:56	MarkDuplicates	Reading input file and constructing read end information.
INFO	2015-04-01 10:52:56	MarkDuplicates	Will retain up to 151498166 data points before spilling to disk.
INFO	2015-04-01 10:54:05	MarkDuplicates	Read     1,000,000 records.  Elapsed time: 00:01:06s.  Time for last 1,000,000:   66s.  Last read position: chr1:58,921,782
INFO	2015-04-01 10:54:05	MarkDuplicates	Tracking 34155 as yet unmatched pairs. 795 records in RAM.
INFO	2015-04-01 10:54:39	MarkDuplicates	Read     2,000,000 records.  Elapsed time: 00:01:37s.  Time for last 1,000,000:   31s.  Last read position: chr1:98,643,612
INFO	2015-04-01 10:54:39	MarkDuplicates	Tracking 48073 as yet unmatched pairs. 606 records in RAM.
INFO	2015-04-01 10:55:08	MarkDuplicates	Read     3,000,000 records.  Elapsed time: 00:02:09s.  Time for last 1,000,000:   32s.  Last read position: chr1:162,841,006
INFO	2015-04-01 10:55:08	MarkDuplicates	Tracking 63501 as yet unmatched pairs. 689 records in RAM.
INFO	2015-04-01 10:55:36	MarkDuplicates	Read     4,000,000 records.  Elapsed time: 00:02:37s.  Time for last 1,000,000:   27s.  Last read position: chr10:9,758,066
INFO	2015-04-01 10:55:36	MarkDuplicates	Tracking 72809 as yet unmatched pairs. 4068 records in RAM.
INFO	2015-04-01 10:56:03	MarkDuplicates	Read     5,000,000 records.  Elapsed time: 00:03:03s.  Time for last 1,000,000:   26s.  Last read position: chr10:70,189,340
INFO	2015-04-01 10:56:03	MarkDuplicates	Tracking 95215 as yet unmatched pairs. 3839 records in RAM.
INFO	2015-04-01 10:56:28	MarkDuplicates	Read     6,000,000 records.  Elapsed time: 00:03:29s.  Time for last 1,000,000:   25s.  Last read position: chr10:86,695,495
INFO	2015-04-01 10:56:28	MarkDuplicates	Tracking 102058 as yet unmatched pairs. 5106 records in RAM.
INFO	2015-04-01 10:56:52	MarkDuplicates	Read     7,000,000 records.  Elapsed time: 00:03:53s.  Time for last 1,000,000:   23s.  Last read position: chr10:128,492,723
INFO	2015-04-01 10:56:52	MarkDuplicates	Tracking 110883 as yet unmatched pairs. 2169 records in RAM.
INFO	2015-04-01 10:57:19	MarkDuplicates	Read     8,000,000 records.  Elapsed time: 00:04:17s.  Time for last 1,000,000:   23s.  Last read position: chr11:32,206,975
INFO	2015-04-01 10:57:19	MarkDuplicates	Tracking 135071 as yet unmatched pairs. 6438 records in RAM.
INFO	2015-04-01 10:57:39	MarkDuplicates	Read     9,000,000 records.  Elapsed time: 00:04:41s.  Time for last 1,000,000:   24s.  Last read position: chr11:32,296,845
INFO	2015-04-01 10:57:39	MarkDuplicates	Tracking 342101 as yet unmatched pairs. 210193 records in RAM.
INFO	2015-04-01 10:57:51	MarkDuplicates	Read    10,000,000 records.  Elapsed time: 00:04:52s.  Time for last 1,000,000:   11s.  Last read position: chr11:32,297,212
INFO	2015-04-01 10:57:51	MarkDuplicates	Tracking 579113 as yet unmatched pairs. 446192 records in RAM.
INFO	2015-04-01 10:58:18	MarkDuplicates	Read    11,000,000 records.  Elapsed time: 00:05:16s.  Time for last 1,000,000:   23s.  Last read position: chr11:60,950,051
INFO	2015-04-01 10:58:18	MarkDuplicates	Tracking 589909 as yet unmatched pairs. 446882 records in RAM.
INFO	2015-04-01 10:58:44	MarkDuplicates	Read    12,000,000 records.  Elapsed time: 00:05:45s.  Time for last 1,000,000:   29s.  Last read position: chr11:77,532,796
INFO	2015-04-01 10:58:44	MarkDuplicates	Tracking 598758 as yet unmatched pairs. 450744 records in RAM.
INFO	2015-04-01 10:59:11	MarkDuplicates	Read    13,000,000 records.  Elapsed time: 00:06:12s.  Time for last 1,000,000:   26s.  Last read position: chr11:96,939,655
INFO	2015-04-01 10:59:11	MarkDuplicates	Tracking 609506 as yet unmatched pairs. 450325 records in RAM.
INFO	2015-04-01 10:59:30	MarkDuplicates	Read    14,000,000 records.  Elapsed time: 00:06:30s.  Time for last 1,000,000:   18s.  Last read position: chr11:106,167,896
INFO	2015-04-01 10:59:30	MarkDuplicates	Tracking 618400 as yet unmatched pairs. 447845 records in RAM.
INFO	2015-04-01 10:59:59	MarkDuplicates	Read    15,000,000 records.  Elapsed time: 00:06:57s.  Time for last 1,000,000:   27s.  Last read position: chr11:121,244,619
INFO	2015-04-01 10:59:59	MarkDuplicates	Tracking 633047 as yet unmatched pairs. 447426 records in RAM.
INFO	2015-04-01 11:00:58	MarkDuplicates	Read    16,000,000 records.  Elapsed time: 00:07:58s.  Time for last 1,000,000:   61s.  Last read position: chr12:57,241,519
INFO	2015-04-01 11:00:58	MarkDuplicates	Tracking 650263 as yet unmatched pairs. 6424 records in RAM.
INFO	2015-04-01 11:01:14	MarkDuplicates	Read    17,000,000 records.  Elapsed time: 00:08:15s.  Time for last 1,000,000:   16s.  Last read position: chr12:103,646,799
INFO	2015-04-01 11:01:14	MarkDuplicates	Tracking 674761 as yet unmatched pairs. 8599 records in RAM.
INFO	2015-04-01 11:01:38	MarkDuplicates	Read    18,000,000 records.  Elapsed time: 00:08:38s.  Time for last 1,000,000:   23s.  Last read position: chr12:112,658,418
INFO	2015-04-01 11:01:38	MarkDuplicates	Tracking 675803 as yet unmatched pairs. 6789 records in RAM.
INFO	2015-04-01 11:01:55	MarkDuplicates	Read    19,000,000 records.  Elapsed time: 00:08:55s.  Time for last 1,000,000:   16s.  Last read position: chr13:49,672,788
INFO	2015-04-01 11:01:55	MarkDuplicates	Tracking 697508 as yet unmatched pairs. 8698 records in RAM.
INFO	2015-04-01 11:02:23	MarkDuplicates	Read    20,000,000 records.  Elapsed time: 00:09:22s.  Time for last 1,000,000:   26s.  Last read position: chr13:95,682,931
INFO	2015-04-01 11:02:23	MarkDuplicates	Tracking 723503 as yet unmatched pairs. 2072 records in RAM.
INFO	2015-04-01 11:02:46	MarkDuplicates	Read    21,000,000 records.  Elapsed time: 00:09:45s.  Time for last 1,000,000:   23s.  Last read position: chr14:31,076,853
INFO	2015-04-01 11:02:46	MarkDuplicates	Tracking 745434 as yet unmatched pairs. 20102 records in RAM.
INFO	2015-04-01 11:03:15	MarkDuplicates	Read    22,000,000 records.  Elapsed time: 00:10:17s.  Time for last 1,000,000:   31s.  Last read position: chr14:63,198,987
INFO	2015-04-01 11:03:15	MarkDuplicates	Tracking 747272 as yet unmatched pairs. 9742 records in RAM.
INFO	2015-04-01 11:03:29	MarkDuplicates	Read    23,000,000 records.  Elapsed time: 00:10:31s.  Time for last 1,000,000:   13s.  Last read position: chr14:105,298,098
INFO	2015-04-01 11:03:29	MarkDuplicates	Tracking 758892 as yet unmatched pairs. 5531 records in RAM.
INFO	2015-04-01 11:03:49	MarkDuplicates	Read    24,000,000 records.  Elapsed time: 00:10:51s.  Time for last 1,000,000:   19s.  Last read position: chr15:65,872,607
INFO	2015-04-01 11:03:49	MarkDuplicates	Tracking 758390 as yet unmatched pairs. 3898 records in RAM.
INFO	2015-04-01 11:04:20	MarkDuplicates	Read    25,000,000 records.  Elapsed time: 00:11:21s.  Time for last 1,000,000:   29s.  Last read position: chr15:88,701,883
INFO	2015-04-01 11:04:20	MarkDuplicates	Tracking 761757 as yet unmatched pairs. 2093 records in RAM.
INFO	2015-04-01 11:04:37	MarkDuplicates	Read    26,000,000 records.  Elapsed time: 00:11:39s.  Time for last 1,000,000:   18s.  Last read position: chr15:103,244,020
INFO	2015-04-01 11:04:37	MarkDuplicates	Tracking 782002 as yet unmatched pairs. 10022 records in RAM.
INFO	2015-04-01 11:04:56	MarkDuplicates	Read    27,000,000 records.  Elapsed time: 00:11:54s.  Time for last 1,000,000:   15s.  Last read position: chr16:31,455,112
INFO	2015-04-01 11:04:56	MarkDuplicates	Tracking 782771 as yet unmatched pairs. 5288 records in RAM.
INFO	2015-04-01 11:05:32	MarkDuplicates	Read    28,000,000 records.  Elapsed time: 00:12:32s.  Time for last 1,000,000:   38s.  Last read position: chr16:93,887,172
INFO	2015-04-01 11:05:32	MarkDuplicates	Tracking 790915 as yet unmatched pairs. 1013 records in RAM.
INFO	2015-04-01 11:06:00	MarkDuplicates	Read    29,000,000 records.  Elapsed time: 00:12:57s.  Time for last 1,000,000:   25s.  Last read position: chr17:25,931,543
INFO	2015-04-01 11:06:00	MarkDuplicates	Tracking 800818 as yet unmatched pairs. 23578 records in RAM.
INFO	2015-04-01 11:06:17	MarkDuplicates	Read    30,000,000 records.  Elapsed time: 00:13:16s.  Time for last 1,000,000:   18s.  Last read position: chr17:35,429,991
INFO	2015-04-01 11:06:17	MarkDuplicates	Tracking 798442 as yet unmatched pairs. 10701 records in RAM.
INFO	2015-04-01 11:06:54	MarkDuplicates	Read    31,000,000 records.  Elapsed time: 00:13:50s.  Time for last 1,000,000:   33s.  Last read position: chr17:70,975,472
INFO	2015-04-01 11:06:54	MarkDuplicates	Tracking 803765 as yet unmatched pairs. 4785 records in RAM.
INFO	2015-04-01 11:07:16	MarkDuplicates	Read    32,000,000 records.  Elapsed time: 00:14:15s.  Time for last 1,000,000:   25s.  Last read position: chr18:35,587,734
INFO	2015-04-01 11:07:16	MarkDuplicates	Tracking 802446 as yet unmatched pairs. 11097 records in RAM.
INFO	2015-04-01 11:07:32	MarkDuplicates	Read    33,000,000 records.  Elapsed time: 00:14:31s.  Time for last 1,000,000:   15s.  Last read position: chr18:78,350,120
INFO	2015-04-01 11:07:32	MarkDuplicates	Tracking 804468 as yet unmatched pairs. 2345 records in RAM.
INFO	2015-04-01 11:08:14	MarkDuplicates	Read    34,000,000 records.  Elapsed time: 00:15:12s.  Time for last 1,000,000:   40s.  Last read position: chr19:10,034,580
INFO	2015-04-01 11:08:14	MarkDuplicates	Tracking 806775 as yet unmatched pairs. 12639 records in RAM.
INFO	2015-04-01 11:08:31	MarkDuplicates	Read    35,000,000 records.  Elapsed time: 00:15:29s.  Time for last 1,000,000:   17s.  Last read position: chr19:47,079,295
INFO	2015-04-01 11:08:31	MarkDuplicates	Tracking 809596 as yet unmatched pairs. 7141 records in RAM.
INFO	2015-04-01 11:08:53	MarkDuplicates	Read    36,000,000 records.  Elapsed time: 00:15:54s.  Time for last 1,000,000:   24s.  Last read position: chr2:26,920,395
INFO	2015-04-01 11:08:53	MarkDuplicates	Tracking 816595 as yet unmatched pairs. 32609 records in RAM.
INFO	2015-04-01 11:09:13	MarkDuplicates	Read    37,000,000 records.  Elapsed time: 00:16:08s.  Time for last 1,000,000:   14s.  Last read position: chr2:73,100,189
INFO	2015-04-01 11:09:13	MarkDuplicates	Tracking 814442 as yet unmatched pairs. 23525 records in RAM.
INFO	2015-04-01 11:09:52	MarkDuplicates	Read    38,000,000 records.  Elapsed time: 00:16:51s.  Time for last 1,000,000:   43s.  Last read position: chr2:119,121,503
INFO	2015-04-01 11:09:52	MarkDuplicates	Tracking 819499 as yet unmatched pairs. 17987 records in RAM.
INFO	2015-04-01 11:10:10	MarkDuplicates	Read    39,000,000 records.  Elapsed time: 00:17:07s.  Time for last 1,000,000:   15s.  Last read position: chr2:150,811,313
INFO	2015-04-01 11:10:10	MarkDuplicates	Tracking 815227 as yet unmatched pairs. 9126 records in RAM.
INFO	2015-04-01 11:10:34	MarkDuplicates	Read    40,000,000 records.  Elapsed time: 00:17:26s.  Time for last 1,000,000:   19s.  Last read position: chr2:173,033,586
INFO	2015-04-01 11:10:34	MarkDuplicates	Tracking 814276 as yet unmatched pairs. 3486 records in RAM.
INFO	2015-04-01 11:10:48	MarkDuplicates	Read    41,000,000 records.  Elapsed time: 00:17:48s.  Time for last 1,000,000:   21s.  Last read position: chr3:51,242,309
INFO	2015-04-01 11:10:48	MarkDuplicates	Tracking 811190 as yet unmatched pairs. 43893 records in RAM.
INFO	2015-04-01 11:11:28	MarkDuplicates	Read    42,000,000 records.  Elapsed time: 00:18:28s.  Time for last 1,000,000:   40s.  Last read position: chr3:89,175,440
INFO	2015-04-01 11:11:28	MarkDuplicates	Tracking 794390 as yet unmatched pairs. 22191 records in RAM.
INFO	2015-04-01 11:11:46	MarkDuplicates	Read    43,000,000 records.  Elapsed time: 00:18:44s.  Time for last 1,000,000:   16s.  Last read position: chr3:116,905,173
INFO	2015-04-01 11:11:46	MarkDuplicates	Tracking 789173 as yet unmatched pairs. 11998 records in RAM.
INFO	2015-04-01 11:12:11	MarkDuplicates	Read    44,000,000 records.  Elapsed time: 00:19:07s.  Time for last 1,000,000:   22s.  Last read position: chr4:21,759,647
INFO	2015-04-01 11:12:11	MarkDuplicates	Tracking 799451 as yet unmatched pairs. 42600 records in RAM.
INFO	2015-04-01 11:12:32	MarkDuplicates	Read    45,000,000 records.  Elapsed time: 00:19:30s.  Time for last 1,000,000:   22s.  Last read position: chr4:86,576,328
INFO	2015-04-01 11:12:32	MarkDuplicates	Tracking 793431 as yet unmatched pairs. 32381 records in RAM.
INFO	2015-04-01 11:12:52	MarkDuplicates	Read    46,000,000 records.  Elapsed time: 00:19:49s.  Time for last 1,000,000:   18s.  Last read position: chr4:122,788,043
INFO	2015-04-01 11:12:52	MarkDuplicates	Tracking 795096 as yet unmatched pairs. 26097 records in RAM.
INFO	2015-04-01 11:13:39	MarkDuplicates	Read    47,000,000 records.  Elapsed time: 00:20:37s.  Time for last 1,000,000:   48s.  Last read position: chr4:136,052,624
INFO	2015-04-01 11:13:39	MarkDuplicates	Tracking 790459 as yet unmatched pairs. 16281 records in RAM.
INFO	2015-04-01 11:13:59	MarkDuplicates	Read    48,000,000 records.  Elapsed time: 00:20:58s.  Time for last 1,000,000:   20s.  Last read position: chr5:5,782,121
INFO	2015-04-01 11:13:59	MarkDuplicates	Tracking 791322 as yet unmatched pairs. 55135 records in RAM.
INFO	2015-04-01 11:14:22	MarkDuplicates	Read    49,000,000 records.  Elapsed time: 00:21:18s.  Time for last 1,000,000:   20s.  Last read position: chr5:49,964,125
INFO	2015-04-01 11:14:22	MarkDuplicates	Tracking 797880 as yet unmatched pairs. 40305 records in RAM.
INFO	2015-04-01 11:14:45	MarkDuplicates	Read    50,000,000 records.  Elapsed time: 00:21:44s.  Time for last 1,000,000:   25s.  Last read position: chr5:90,503,978
INFO	2015-04-01 11:14:45	MarkDuplicates	Tracking 805322 as yet unmatched pairs. 46077 records in RAM.
INFO	2015-04-01 11:15:07	MarkDuplicates	Read    51,000,000 records.  Elapsed time: 00:22:03s.  Time for last 1,000,000:   19s.  Last read position: chr5:117,375,854
INFO	2015-04-01 11:15:07	MarkDuplicates	Tracking 806142 as yet unmatched pairs. 26621 records in RAM.
INFO	2015-04-01 11:15:53	MarkDuplicates	Read    52,000,000 records.  Elapsed time: 00:22:50s.  Time for last 1,000,000:   46s.  Last read position: chr5:135,785,935
INFO	2015-04-01 11:15:53	MarkDuplicates	Tracking 796071 as yet unmatched pairs. 14349 records in RAM.
INFO	2015-04-01 11:16:10	MarkDuplicates	Read    53,000,000 records.  Elapsed time: 00:23:10s.  Time for last 1,000,000:   19s.  Last read position: chr6:28,243,867
INFO	2015-04-01 11:16:10	MarkDuplicates	Tracking 783015 as yet unmatched pairs. 38442 records in RAM.
INFO	2015-04-01 11:16:36	MarkDuplicates	Read    54,000,000 records.  Elapsed time: 00:23:27s.  Time for last 1,000,000:   17s.  Last read position: chr6:71,560,926
INFO	2015-04-01 11:16:36	MarkDuplicates	Tracking 776854 as yet unmatched pairs. 30172 records in RAM.
INFO	2015-04-01 11:17:03	MarkDuplicates	Read    55,000,000 records.  Elapsed time: 00:24:03s.  Time for last 1,000,000:   35s.  Last read position: chr6:117,174,214
INFO	2015-04-01 11:17:03	MarkDuplicates	Tracking 773406 as yet unmatched pairs. 23348 records in RAM.
INFO	2015-04-01 11:17:28	MarkDuplicates	Read    56,000,000 records.  Elapsed time: 00:24:18s.  Time for last 1,000,000:   14s.  Last read position: chr6:146,618,659
INFO	2015-04-01 11:17:28	MarkDuplicates	Tracking 759196 as yet unmatched pairs. 3012 records in RAM.
INFO	2015-04-01 11:17:51	MarkDuplicates	Read    57,000,000 records.  Elapsed time: 00:24:44s.  Time for last 1,000,000:   26s.  Last read position: chr7:28,352,247
INFO	2015-04-01 11:17:51	MarkDuplicates	Tracking 752536 as yet unmatched pairs. 68620 records in RAM.
INFO	2015-04-01 11:18:55	MarkDuplicates	Read    58,000,000 records.  Elapsed time: 00:25:48s.  Time for last 1,000,000:   63s.  Last read position: chr7:64,326,793
INFO	2015-04-01 11:18:55	MarkDuplicates	Tracking 727945 as yet unmatched pairs. 42354 records in RAM.
INFO	2015-04-01 11:19:12	MarkDuplicates	Read    59,000,000 records.  Elapsed time: 00:26:08s.  Time for last 1,000,000:   20s.  Last read position: chr7:103,813,442
INFO	2015-04-01 11:19:12	MarkDuplicates	Tracking 755707 as yet unmatched pairs. 68997 records in RAM.
INFO	2015-04-01 11:19:29	MarkDuplicates	Read    60,000,000 records.  Elapsed time: 00:26:29s.  Time for last 1,000,000:   20s.  Last read position: chr7:103,827,532
INFO	2015-04-01 11:19:29	MarkDuplicates	Tracking 946334 as yet unmatched pairs. 259268 records in RAM.
INFO	2015-04-01 11:19:42	MarkDuplicates	Read    61,000,000 records.  Elapsed time: 00:26:41s.  Time for last 1,000,000:   12s.  Last read position: chr7:103,827,855
INFO	2015-04-01 11:19:42	MarkDuplicates	Tracking 1169312 as yet unmatched pairs. 482124 records in RAM.
INFO	2015-04-01 11:20:14	MarkDuplicates	Read    62,000,000 records.  Elapsed time: 00:27:08s.  Time for last 1,000,000:   27s.  Last read position: chr7:127,802,790
INFO	2015-04-01 11:20:14	MarkDuplicates	Tracking 1159654 as yet unmatched pairs. 469842 records in RAM.
INFO	2015-04-01 11:20:30	MarkDuplicates	Read    63,000,000 records.  Elapsed time: 00:27:27s.  Time for last 1,000,000:   19s.  Last read position: chr7:143,848,065
INFO	2015-04-01 11:20:30	MarkDuplicates	Tracking 1155066 as yet unmatched pairs. 463669 records in RAM.
INFO	2015-04-01 11:21:39	MarkDuplicates	Read    64,000,000 records.  Elapsed time: 00:28:31s.  Time for last 1,000,000:   63s.  Last read position: chr8:69,820,459
INFO	2015-04-01 11:21:39	MarkDuplicates	Tracking 1141083 as yet unmatched pairs. 47209 records in RAM.
INFO	2015-04-01 11:22:27	MarkDuplicates	Read    65,000,000 records.  Elapsed time: 00:29:25s.  Time for last 1,000,000:   54s.  Last read position: chr8:88,333,846
INFO	2015-04-01 11:22:27	MarkDuplicates	Tracking 1130654 as yet unmatched pairs. 35354 records in RAM.
INFO	2015-04-01 11:22:46	MarkDuplicates	Read    66,000,000 records.  Elapsed time: 00:29:42s.  Time for last 1,000,000:   16s.  Last read position: chr8:122,575,019
INFO	2015-04-01 11:22:46	MarkDuplicates	Tracking 1110567 as yet unmatched pairs. 7959 records in RAM.
INFO	2015-04-01 11:23:10	MarkDuplicates	Read    67,000,000 records.  Elapsed time: 00:30:06s.  Time for last 1,000,000:   23s.  Last read position: chr9:40,803,280
INFO	2015-04-01 11:23:10	MarkDuplicates	Tracking 1085089 as yet unmatched pairs. 86913 records in RAM.
INFO	2015-04-01 11:23:35	MarkDuplicates	Read    68,000,000 records.  Elapsed time: 00:30:34s.  Time for last 1,000,000:   28s.  Last read position: chr9:62,792,456
INFO	2015-04-01 11:23:35	MarkDuplicates	Tracking 1058539 as yet unmatched pairs. 53590 records in RAM.
INFO	2015-04-01 11:23:55	MarkDuplicates	Read    69,000,000 records.  Elapsed time: 00:30:53s.  Time for last 1,000,000:   18s.  Last read position: chr9:90,075,798
INFO	2015-04-01 11:23:55	MarkDuplicates	Tracking 1045048 as yet unmatched pairs. 39926 records in RAM.
INFO	2015-04-01 11:24:11	MarkDuplicates	Read    70,000,000 records.  Elapsed time: 00:31:11s.  Time for last 1,000,000:   18s.  Last read position: chr9:110,238,320
INFO	2015-04-01 11:24:11	MarkDuplicates	Tracking 1027762 as yet unmatched pairs. 22482 records in RAM.
INFO	2015-04-01 11:24:33	MarkDuplicates	Read    71,000,000 records.  Elapsed time: 00:31:26s.  Time for last 1,000,000:   15s.  Last read position: chrM:7,598
INFO	2015-04-01 11:24:33	MarkDuplicates	Tracking 1001354 as yet unmatched pairs. 12646 records in RAM.
INFO	2015-04-01 11:25:37	MarkDuplicates	Read    72,000,000 records.  Elapsed time: 00:32:33s.  Time for last 1,000,000:   67s.  Last read position: chrX:41,725,337
INFO	2015-04-01 11:25:37	MarkDuplicates	Tracking 980135 as yet unmatched pairs. 33523 records in RAM.
INFO	2015-04-01 11:25:55	MarkDuplicates	Read    73,000,000 records.  Elapsed time: 00:32:54s.  Time for last 1,000,000:   20s.  Last read position: chrX:134,061,109
INFO	2015-04-01 11:25:55	MarkDuplicates	Tracking 957303 as yet unmatched pairs. 10632 records in RAM.
INFO	2015-04-01 11:26:02	MarkDuplicates	Read 73670563 records. 942607 pairs never matched.
INFO	2015-04-01 11:26:35	MarkDuplicates	After buildSortedReadEndLists freeMemory: 12839863608; totalMemory: 21498232832; maxMemory: 38177538048
INFO	2015-04-01 11:26:35	MarkDuplicates	Will retain up to 1193048064 duplicate indices before spilling to disk.
INFO	2015-04-01 11:26:39	MarkDuplicates	Traversing read pair information and detecting duplicates.
INFO	2015-04-01 11:27:19	MarkDuplicates	Traversing fragment information and detecting duplicates.
INFO	2015-04-01 11:28:33	MarkDuplicates	Sorting list of duplicate records.
INFO	2015-04-01 11:28:54	MarkDuplicates	After generateDuplicateIndexes freeMemory: 22704683368; totalMemory: 32427278336; maxMemory: 38177538048
INFO	2015-04-01 11:28:54	MarkDuplicates	Marking 1391832 records as duplicates.
INFO	2015-04-01 11:28:54	MarkDuplicates	Found 55113 optical duplicate clusters.
INFO	2015-04-01 11:35:26	MarkDuplicates	Written    10,000,000 records.  Elapsed time: 00:06:30s.  Time for last 10,000,000:  390s.  Last read position: chr11:32,297,212
INFO	2015-04-01 11:41:15	MarkDuplicates	Written    20,000,000 records.  Elapsed time: 00:12:20s.  Time for last 10,000,000:  349s.  Last read position: chr13:95,682,931
INFO	2015-04-01 11:47:25	MarkDuplicates	Written    30,000,000 records.  Elapsed time: 00:18:30s.  Time for last 10,000,000:  370s.  Last read position: chr17:35,429,991
INFO	2015-04-01 11:54:21	MarkDuplicates	Written    40,000,000 records.  Elapsed time: 00:25:26s.  Time for last 10,000,000:  416s.  Last read position: chr2:173,033,586
INFO	2015-04-01 12:01:09	MarkDuplicates	Written    50,000,000 records.  Elapsed time: 00:32:15s.  Time for last 10,000,000:  408s.  Last read position: chr5:90,503,978
INFO	2015-04-01 12:08:04	MarkDuplicates	Written    60,000,000 records.  Elapsed time: 00:39:09s.  Time for last 10,000,000:  414s.  Last read position: chr7:103,827,532
INFO	2015-04-01 12:14:55	MarkDuplicates	Written    70,000,000 records.  Elapsed time: 00:46:00s.  Time for last 10,000,000:  410s.  Last read position: chr9:110,238,320
INFO	2015-04-01 12:17:08	MarkDuplicates	Before output close freeMemory: 32244580000; totalMemory: 32520142848; maxMemory: 38177538048
INFO	2015-04-01 12:17:11	MarkDuplicates	After output close freeMemory: 31969852944; totalMemory: 32245415936; maxMemory: 38177538048
[Wed Apr 01 12:17:11 EDT 2015] net.sf.picard.sam.MarkDuplicates done. Elapsed time: 84.26 minutes.
Runtime.totalMemory()=32245415936
