[Wed Apr 01 10:31:58 EDT 2015] net.sf.picard.sam.MarkDuplicates INPUT=[/n/rinn_data1/users/agroff/seq/OtherMice/Diana/lincP21/bam/JR881/rmdup_accepted_hits_sorted_picard.bam] OUTPUT=/n/rinn_data1/users/agroff/seq/OtherMice/Diana/lincP21/bam/JR881/rmdup_accepted_hits_sorted_duplicates_marked.bam METRICS_FILE=dup_metrics.txt    PROGRAM_RECORD_ID=MarkDuplicates PROGRAM_GROUP_NAME=MarkDuplicates REMOVE_DUPLICATES=false ASSUME_SORTED=false MAX_SEQUENCES_FOR_DISK_READ_ENDS_MAP=50000 MAX_FILE_HANDLES_FOR_READ_ENDS_MAP=8000 SORTING_COLLECTION_SIZE_RATIO=0.25 READ_NAME_REGEX=[a-zA-Z0-9]+:[0-9]:([0-9]+):([0-9]+):([0-9]+).* OPTICAL_DUPLICATE_PIXEL_DISTANCE=100 VERBOSITY=INFO QUIET=false VALIDATION_STRINGENCY=STRICT COMPRESSION_LEVEL=5 MAX_RECORDS_IN_RAM=500000 CREATE_INDEX=false CREATE_MD5_FILE=false
[Wed Apr 01 10:31:58 EDT 2015] Executing as agroff@holy2a11201.rc.fas.harvard.edu on Linux 2.6.32-431.17.1.el6.x86_64 amd64; Java HotSpot(TM) 64-Bit Server VM 1.6.0_11-b03; Picard version: 1.98(1547)
INFO	2015-04-01 10:31:58	MarkDuplicates	Start of doWork freeMemory: 8625000; totalMemory: 9109504; maxMemory: 38177538048
INFO	2015-04-01 10:31:58	MarkDuplicates	Reading input file and constructing read end information.
INFO	2015-04-01 10:31:58	MarkDuplicates	Will retain up to 151498166 data points before spilling to disk.
INFO	2015-04-01 10:33:12	MarkDuplicates	Read     1,000,000 records.  Elapsed time: 00:01:07s.  Time for last 1,000,000:   67s.  Last read position: chr1:45,335,172
INFO	2015-04-01 10:33:12	MarkDuplicates	Tracking 32760 as yet unmatched pairs. 4505 records in RAM.
INFO	2015-04-01 10:33:59	MarkDuplicates	Read     2,000,000 records.  Elapsed time: 00:01:43s.  Time for last 1,000,000:   36s.  Last read position: chr1:72,860,669
INFO	2015-04-01 10:33:59	MarkDuplicates	Tracking 42985 as yet unmatched pairs. 1669 records in RAM.
INFO	2015-04-01 10:34:42	MarkDuplicates	Read     3,000,000 records.  Elapsed time: 00:02:24s.  Time for last 1,000,000:   41s.  Last read position: chr1:97,025,671
INFO	2015-04-01 10:34:42	MarkDuplicates	Tracking 53813 as yet unmatched pairs. 963 records in RAM.
INFO	2015-04-01 10:35:12	MarkDuplicates	Read     4,000,000 records.  Elapsed time: 00:03:05s.  Time for last 1,000,000:   41s.  Last read position: chr1:156,366,307
INFO	2015-04-01 10:35:12	MarkDuplicates	Tracking 70627 as yet unmatched pairs. 1489 records in RAM.
INFO	2015-04-01 10:35:45	MarkDuplicates	Read     5,000,000 records.  Elapsed time: 00:03:39s.  Time for last 1,000,000:   33s.  Last read position: chr1:183,321,224
INFO	2015-04-01 10:35:45	MarkDuplicates	Tracking 78586 as yet unmatched pairs. 1157 records in RAM.
INFO	2015-04-01 10:36:13	MarkDuplicates	Read     6,000,000 records.  Elapsed time: 00:04:05s.  Time for last 1,000,000:   26s.  Last read position: chr10:37,136,551
INFO	2015-04-01 10:36:13	MarkDuplicates	Tracking 99201 as yet unmatched pairs. 5916 records in RAM.
INFO	2015-04-01 10:36:55	MarkDuplicates	Read     7,000,000 records.  Elapsed time: 00:04:36s.  Time for last 1,000,000:   31s.  Last read position: chr10:77,269,229
INFO	2015-04-01 10:36:55	MarkDuplicates	Tracking 104022 as yet unmatched pairs. 4438 records in RAM.
INFO	2015-04-01 10:37:31	MarkDuplicates	Read     8,000,000 records.  Elapsed time: 00:05:20s.  Time for last 1,000,000:   43s.  Last read position: chr10:86,695,916
INFO	2015-04-01 10:37:31	MarkDuplicates	Tracking 109815 as yet unmatched pairs. 5674 records in RAM.
INFO	2015-04-01 10:38:06	MarkDuplicates	Read     9,000,000 records.  Elapsed time: 00:05:55s.  Time for last 1,000,000:   35s.  Last read position: chr10:127,092,745
INFO	2015-04-01 10:38:06	MarkDuplicates	Tracking 115783 as yet unmatched pairs. 1216 records in RAM.
INFO	2015-04-01 10:38:39	MarkDuplicates	Read    10,000,000 records.  Elapsed time: 00:06:31s.  Time for last 1,000,000:   35s.  Last read position: chr11:6,472,678
INFO	2015-04-01 10:38:39	MarkDuplicates	Tracking 139259 as yet unmatched pairs. 6251 records in RAM.
INFO	2015-04-01 10:39:11	MarkDuplicates	Read    11,000,000 records.  Elapsed time: 00:06:59s.  Time for last 1,000,000:   27s.  Last read position: chr11:44,564,343
INFO	2015-04-01 10:39:11	MarkDuplicates	Tracking 153201 as yet unmatched pairs. 12667 records in RAM.
INFO	2015-04-01 10:39:45	MarkDuplicates	Read    12,000,000 records.  Elapsed time: 00:07:36s.  Time for last 1,000,000:   37s.  Last read position: chr11:59,960,893
INFO	2015-04-01 10:39:45	MarkDuplicates	Tracking 158680 as yet unmatched pairs. 12780 records in RAM.
INFO	2015-04-01 10:40:04	MarkDuplicates	Read    13,000,000 records.  Elapsed time: 00:08:01s.  Time for last 1,000,000:   24s.  Last read position: chr11:70,644,794
INFO	2015-04-01 10:40:04	MarkDuplicates	Tracking 167871 as yet unmatched pairs. 18491 records in RAM.
INFO	2015-04-01 10:40:34	MarkDuplicates	Read    14,000,000 records.  Elapsed time: 00:08:28s.  Time for last 1,000,000:   27s.  Last read position: chr11:86,207,498
INFO	2015-04-01 10:40:34	MarkDuplicates	Tracking 174728 as yet unmatched pairs. 16385 records in RAM.
INFO	2015-04-01 10:40:58	MarkDuplicates	Read    15,000,000 records.  Elapsed time: 00:08:56s.  Time for last 1,000,000:   27s.  Last read position: chr11:98,106,079
INFO	2015-04-01 10:40:58	MarkDuplicates	Tracking 179901 as yet unmatched pairs. 15572 records in RAM.
INFO	2015-04-01 10:41:22	MarkDuplicates	Read    16,000,000 records.  Elapsed time: 00:09:15s.  Time for last 1,000,000:   18s.  Last read position: chr11:106,782,166
INFO	2015-04-01 10:41:22	MarkDuplicates	Tracking 191100 as yet unmatched pairs. 17004 records in RAM.
INFO	2015-04-01 10:41:50	MarkDuplicates	Read    17,000,000 records.  Elapsed time: 00:09:47s.  Time for last 1,000,000:   32s.  Last read position: chr11:120,597,644
INFO	2015-04-01 10:41:50	MarkDuplicates	Tracking 199639 as yet unmatched pairs. 14799 records in RAM.
INFO	2015-04-01 10:42:10	MarkDuplicates	Read    18,000,000 records.  Elapsed time: 00:10:09s.  Time for last 1,000,000:   21s.  Last read position: chr12:37,179,113
INFO	2015-04-01 10:42:10	MarkDuplicates	Tracking 219005 as yet unmatched pairs. 12175 records in RAM.
INFO	2015-04-01 10:42:39	MarkDuplicates	Read    19,000,000 records.  Elapsed time: 00:10:35s.  Time for last 1,000,000:   26s.  Last read position: chr12:83,668,274
INFO	2015-04-01 10:42:39	MarkDuplicates	Tracking 236751 as yet unmatched pairs. 10654 records in RAM.
INFO	2015-04-01 10:43:06	MarkDuplicates	Read    20,000,000 records.  Elapsed time: 00:10:57s.  Time for last 1,000,000:   21s.  Last read position: chr12:110,659,194
INFO	2015-04-01 10:43:06	MarkDuplicates	Tracking 235087 as yet unmatched pairs. 1588 records in RAM.
INFO	2015-04-01 10:43:41	MarkDuplicates	Read    21,000,000 records.  Elapsed time: 00:11:32s.  Time for last 1,000,000:   35s.  Last read position: chr13:38,187,777
INFO	2015-04-01 10:43:41	MarkDuplicates	Tracking 244634 as yet unmatched pairs. 9311 records in RAM.
INFO	2015-04-01 10:44:09	MarkDuplicates	Read    22,000,000 records.  Elapsed time: 00:11:55s.  Time for last 1,000,000:   22s.  Last read position: chr13:66,900,737
INFO	2015-04-01 10:44:09	MarkDuplicates	Tracking 256440 as yet unmatched pairs. 8017 records in RAM.
INFO	2015-04-01 10:44:31	MarkDuplicates	Read    23,000,000 records.  Elapsed time: 00:12:26s.  Time for last 1,000,000:   31s.  Last read position: chr13:108,048,258
INFO	2015-04-01 10:44:31	MarkDuplicates	Tracking 272892 as yet unmatched pairs. 1406 records in RAM.
INFO	2015-04-01 10:45:08	MarkDuplicates	Read    24,000,000 records.  Elapsed time: 00:12:55s.  Time for last 1,000,000:   28s.  Last read position: chr14:27,105,833
INFO	2015-04-01 10:45:08	MarkDuplicates	Tracking 286130 as yet unmatched pairs. 15932 records in RAM.
INFO	2015-04-01 10:45:30	MarkDuplicates	Read    25,000,000 records.  Elapsed time: 00:13:25s.  Time for last 1,000,000:   30s.  Last read position: chr14:55,866,043
INFO	2015-04-01 10:45:30	MarkDuplicates	Tracking 288675 as yet unmatched pairs. 10062 records in RAM.
INFO	2015-04-01 10:45:58	MarkDuplicates	Read    26,000,000 records.  Elapsed time: 00:13:45s.  Time for last 1,000,000:   19s.  Last read position: chr14:99,035,457
INFO	2015-04-01 10:45:58	MarkDuplicates	Tracking 301563 as yet unmatched pairs. 5549 records in RAM.
INFO	2015-04-01 10:46:36	MarkDuplicates	Read    27,000,000 records.  Elapsed time: 00:14:32s.  Time for last 1,000,000:   47s.  Last read position: chr15:36,772,539
INFO	2015-04-01 10:46:36	MarkDuplicates	Tracking 306273 as yet unmatched pairs. 10404 records in RAM.
INFO	2015-04-01 10:46:59	MarkDuplicates	Read    28,000,000 records.  Elapsed time: 00:14:53s.  Time for last 1,000,000:   20s.  Last read position: chr15:79,240,753
INFO	2015-04-01 10:46:59	MarkDuplicates	Tracking 303385 as yet unmatched pairs. 3463 records in RAM.
INFO	2015-04-01 10:47:23	MarkDuplicates	Read    29,000,000 records.  Elapsed time: 00:15:16s.  Time for last 1,000,000:   23s.  Last read position: chr15:98,042,358
INFO	2015-04-01 10:47:23	MarkDuplicates	Tracking 307072 as yet unmatched pairs. 1612 records in RAM.
INFO	2015-04-01 10:48:03	MarkDuplicates	Read    30,000,000 records.  Elapsed time: 00:15:52s.  Time for last 1,000,000:   35s.  Last read position: chr15:103,011,626
INFO	2015-04-01 10:48:03	MarkDuplicates	Tracking 321447 as yet unmatched pairs. 7222 records in RAM.
INFO	2015-04-01 10:48:23	MarkDuplicates	Read    31,000,000 records.  Elapsed time: 00:16:21s.  Time for last 1,000,000:   29s.  Last read position: chr16:20,689,619
INFO	2015-04-01 10:48:23	MarkDuplicates	Tracking 332614 as yet unmatched pairs. 7254 records in RAM.
INFO	2015-04-01 10:48:48	MarkDuplicates	Read    32,000,000 records.  Elapsed time: 00:16:38s.  Time for last 1,000,000:   17s.  Last read position: chr16:57,572,581
INFO	2015-04-01 10:48:48	MarkDuplicates	Tracking 338807 as yet unmatched pairs. 2865 records in RAM.
INFO	2015-04-01 10:49:31	MarkDuplicates	Read    33,000,000 records.  Elapsed time: 00:17:23s.  Time for last 1,000,000:   44s.  Last read position: chr17:12,943,755
INFO	2015-04-01 10:49:31	MarkDuplicates	Tracking 347069 as yet unmatched pairs. 26095 records in RAM.
INFO	2015-04-01 10:50:10	MarkDuplicates	Read    34,000,000 records.  Elapsed time: 00:17:46s.  Time for last 1,000,000:   23s.  Last read position: chr17:28,728,360
INFO	2015-04-01 10:50:10	MarkDuplicates	Tracking 351982 as yet unmatched pairs. 17502 records in RAM.
INFO	2015-04-01 10:50:30	MarkDuplicates	Read    35,000,000 records.  Elapsed time: 00:18:25s.  Time for last 1,000,000:   38s.  Last read position: chr17:39,846,773
INFO	2015-04-01 10:50:30	MarkDuplicates	Tracking 352980 as yet unmatched pairs. 10432 records in RAM.
INFO	2015-04-01 10:51:13	MarkDuplicates	Read    36,000,000 records.  Elapsed time: 00:18:46s.  Time for last 1,000,000:   21s.  Last read position: chr17:70,994,720
INFO	2015-04-01 10:51:13	MarkDuplicates	Tracking 363053 as yet unmatched pairs. 5337 records in RAM.
INFO	2015-04-01 10:52:24	MarkDuplicates	Read    37,000,000 records.  Elapsed time: 00:20:01s.  Time for last 1,000,000:   75s.  Last read position: chr18:27,599,582
INFO	2015-04-01 10:52:24	MarkDuplicates	Tracking 358711 as yet unmatched pairs. 13403 records in RAM.
INFO	2015-04-01 10:52:53	MarkDuplicates	Read    38,000,000 records.  Elapsed time: 00:20:41s.  Time for last 1,000,000:   40s.  Last read position: chr18:58,673,255
INFO	2015-04-01 10:52:53	MarkDuplicates	Tracking 364882 as yet unmatched pairs. 8780 records in RAM.
INFO	2015-04-01 10:53:20	MarkDuplicates	Read    39,000,000 records.  Elapsed time: 00:21:09s.  Time for last 1,000,000:   27s.  Last read position: chr19:4,757,302
INFO	2015-04-01 10:53:20	MarkDuplicates	Tracking 362007 as yet unmatched pairs. 15192 records in RAM.
INFO	2015-04-01 10:53:56	MarkDuplicates	Read    40,000,000 records.  Elapsed time: 00:21:40s.  Time for last 1,000,000:   30s.  Last read position: chr19:10,861,617
INFO	2015-04-01 10:53:56	MarkDuplicates	Tracking 362252 as yet unmatched pairs. 11536 records in RAM.
INFO	2015-04-01 10:55:00	MarkDuplicates	Read    41,000,000 records.  Elapsed time: 00:22:41s.  Time for last 1,000,000:   61s.  Last read position: chr19:47,107,125
INFO	2015-04-01 10:55:00	MarkDuplicates	Tracking 365537 as yet unmatched pairs. 6314 records in RAM.
INFO	2015-04-01 10:55:28	MarkDuplicates	Read    42,000,000 records.  Elapsed time: 00:23:18s.  Time for last 1,000,000:   36s.  Last read position: chr2:26,415,663
INFO	2015-04-01 10:55:28	MarkDuplicates	Tracking 365664 as yet unmatched pairs. 31853 records in RAM.
INFO	2015-04-01 10:55:52	MarkDuplicates	Read    43,000,000 records.  Elapsed time: 00:23:47s.  Time for last 1,000,000:   28s.  Last read position: chr2:36,116,114
INFO	2015-04-01 10:55:52	MarkDuplicates	Tracking 368479 as yet unmatched pairs. 25318 records in RAM.
INFO	2015-04-01 10:56:19	MarkDuplicates	Read    44,000,000 records.  Elapsed time: 00:24:10s.  Time for last 1,000,000:   22s.  Last read position: chr2:85,063,247
INFO	2015-04-01 10:56:19	MarkDuplicates	Tracking 370940 as yet unmatched pairs. 17961 records in RAM.
INFO	2015-04-01 10:57:24	MarkDuplicates	Read    45,000,000 records.  Elapsed time: 00:25:06s.  Time for last 1,000,000:   55s.  Last read position: chr2:121,436,362
INFO	2015-04-01 10:57:24	MarkDuplicates	Tracking 373916 as yet unmatched pairs. 16968 records in RAM.
INFO	2015-04-01 10:57:55	MarkDuplicates	Read    46,000,000 records.  Elapsed time: 00:25:39s.  Time for last 1,000,000:   33s.  Last read position: chr2:152,394,168
INFO	2015-04-01 10:57:55	MarkDuplicates	Tracking 371383 as yet unmatched pairs. 9465 records in RAM.
INFO	2015-04-01 10:58:27	MarkDuplicates	Read    47,000,000 records.  Elapsed time: 00:26:14s.  Time for last 1,000,000:   35s.  Last read position: chr2:168,183,120
INFO	2015-04-01 10:58:27	MarkDuplicates	Tracking 370646 as yet unmatched pairs. 3838 records in RAM.
INFO	2015-04-01 10:59:05	MarkDuplicates	Read    48,000,000 records.  Elapsed time: 00:26:50s.  Time for last 1,000,000:   35s.  Last read position: chr3:30,819,601
INFO	2015-04-01 10:59:10	MarkDuplicates	Tracking 373409 as yet unmatched pairs. 53481 records in RAM.
INFO	2015-04-01 10:59:43	MarkDuplicates	Read    49,000,000 records.  Elapsed time: 00:27:29s.  Time for last 1,000,000:   39s.  Last read position: chr3:69,558,316
INFO	2015-04-01 10:59:43	MarkDuplicates	Tracking 360574 as yet unmatched pairs. 34271 records in RAM.
INFO	2015-04-01 11:00:48	MarkDuplicates	Read    50,000,000 records.  Elapsed time: 00:28:28s.  Time for last 1,000,000:   59s.  Last read position: chr3:95,254,429
INFO	2015-04-01 11:00:48	MarkDuplicates	Tracking 351016 as yet unmatched pairs. 19314 records in RAM.
INFO	2015-04-01 11:01:06	MarkDuplicates	Read    51,000,000 records.  Elapsed time: 00:29:01s.  Time for last 1,000,000:   32s.  Last read position: chr3:122,014,466
INFO	2015-04-01 11:01:06	MarkDuplicates	Tracking 346086 as yet unmatched pairs. 11761 records in RAM.
INFO	2015-04-01 11:01:24	MarkDuplicates	Read    52,000,000 records.  Elapsed time: 00:29:21s.  Time for last 1,000,000:   20s.  Last read position: chr4:9,669,035
INFO	2015-04-01 11:01:24	MarkDuplicates	Tracking 354150 as yet unmatched pairs. 40500 records in RAM.
INFO	2015-04-01 11:02:12	MarkDuplicates	Read    53,000,000 records.  Elapsed time: 00:29:51s.  Time for last 1,000,000:   30s.  Last read position: chr4:55,527,680
INFO	2015-04-01 11:02:12	MarkDuplicates	Tracking 349043 as yet unmatched pairs. 32971 records in RAM.
INFO	2015-04-01 11:02:39	MarkDuplicates	Read    54,000,000 records.  Elapsed time: 00:30:28s.  Time for last 1,000,000:   37s.  Last read position: chr4:116,092,973
INFO	2015-04-01 11:02:39	MarkDuplicates	Tracking 343797 as yet unmatched pairs. 24015 records in RAM.
INFO	2015-04-01 11:03:22	MarkDuplicates	Read    55,000,000 records.  Elapsed time: 00:31:05s.  Time for last 1,000,000:   37s.  Last read position: chr4:129,820,789
INFO	2015-04-01 11:03:22	MarkDuplicates	Tracking 346795 as yet unmatched pairs. 18872 records in RAM.
INFO	2015-04-01 11:04:15	MarkDuplicates	Read    56,000,000 records.  Elapsed time: 00:32:09s.  Time for last 1,000,000:   63s.  Last read position: chr4:141,000,792
INFO	2015-04-01 11:04:15	MarkDuplicates	Tracking 348399 as yet unmatched pairs. 12588 records in RAM.
INFO	2015-04-01 11:04:39	MarkDuplicates	Read    57,000,000 records.  Elapsed time: 00:32:31s.  Time for last 1,000,000:   21s.  Last read position: chr5:8,408,234
INFO	2015-04-01 11:04:39	MarkDuplicates	Tracking 357650 as yet unmatched pairs. 51949 records in RAM.
INFO	2015-04-01 11:05:12	MarkDuplicates	Read    58,000,000 records.  Elapsed time: 00:33:00s.  Time for last 1,000,000:   29s.  Last read position: chr5:43,994,487
INFO	2015-04-01 11:05:12	MarkDuplicates	Tracking 350913 as yet unmatched pairs. 41499 records in RAM.
INFO	2015-04-01 11:05:59	MarkDuplicates	Read    59,000,000 records.  Elapsed time: 00:33:43s.  Time for last 1,000,000:   42s.  Last read position: chr5:104,092,845
INFO	2015-04-01 11:05:59	MarkDuplicates	Tracking 343813 as yet unmatched pairs. 32592 records in RAM.
INFO	2015-04-01 11:06:23	MarkDuplicates	Read    60,000,000 records.  Elapsed time: 00:34:12s.  Time for last 1,000,000:   29s.  Last read position: chr5:121,685,165
INFO	2015-04-01 11:06:23	MarkDuplicates	Tracking 350544 as yet unmatched pairs. 19718 records in RAM.
INFO	2015-04-01 11:06:57	MarkDuplicates	Read    61,000,000 records.  Elapsed time: 00:34:41s.  Time for last 1,000,000:   29s.  Last read position: chr5:135,784,218
INFO	2015-04-01 11:06:57	MarkDuplicates	Tracking 347772 as yet unmatched pairs. 15387 records in RAM.
INFO	2015-04-01 11:07:57	MarkDuplicates	Read    62,000,000 records.  Elapsed time: 00:35:56s.  Time for last 1,000,000:   74s.  Last read position: chr6:4,077,989
INFO	2015-04-01 11:07:57	MarkDuplicates	Tracking 329804 as yet unmatched pairs. 38929 records in RAM.
INFO	2015-04-01 11:08:12	MarkDuplicates	Read    63,000,000 records.  Elapsed time: 00:36:09s.  Time for last 1,000,000:   12s.  Last read position: chr6:37,327,642
INFO	2015-04-01 11:08:12	MarkDuplicates	Tracking 326812 as yet unmatched pairs. 34097 records in RAM.
INFO	2015-04-01 11:08:35	MarkDuplicates	Read    64,000,000 records.  Elapsed time: 00:36:24s.  Time for last 1,000,000:   14s.  Last read position: chr6:83,195,992
INFO	2015-04-01 11:08:35	MarkDuplicates	Tracking 322175 as yet unmatched pairs. 26116 records in RAM.
INFO	2015-04-01 11:09:36	MarkDuplicates	Read    65,000,000 records.  Elapsed time: 00:37:16s.  Time for last 1,000,000:   52s.  Last read position: chr6:117,843,312
INFO	2015-04-01 11:09:36	MarkDuplicates	Tracking 317597 as yet unmatched pairs. 20354 records in RAM.
INFO	2015-04-01 11:09:54	MarkDuplicates	Read    66,000,000 records.  Elapsed time: 00:37:51s.  Time for last 1,000,000:   34s.  Last read position: chr6:141,405,195
INFO	2015-04-01 11:09:54	MarkDuplicates	Tracking 307318 as yet unmatched pairs. 4456 records in RAM.
INFO	2015-04-01 11:10:20	MarkDuplicates	Read    67,000,000 records.  Elapsed time: 00:38:12s.  Time for last 1,000,000:   21s.  Last read position: chr7:19,351,606
INFO	2015-04-01 11:10:20	MarkDuplicates	Tracking 300751 as yet unmatched pairs. 59542 records in RAM.
INFO	2015-04-01 11:11:16	MarkDuplicates	Read    68,000,000 records.  Elapsed time: 00:39:09s.  Time for last 1,000,000:   56s.  Last read position: chr7:44,251,399
INFO	2015-04-01 11:11:16	MarkDuplicates	Tracking 293537 as yet unmatched pairs. 50704 records in RAM.
INFO	2015-04-01 11:12:20	MarkDuplicates	Read    69,000,000 records.  Elapsed time: 00:39:45s.  Time for last 1,000,000:   35s.  Last read position: chr7:80,723,092
INFO	2015-04-01 11:12:20	MarkDuplicates	Tracking 283648 as yet unmatched pairs. 39815 records in RAM.
INFO	2015-04-01 11:12:52	MarkDuplicates	Read    70,000,000 records.  Elapsed time: 00:40:45s.  Time for last 1,000,000:   60s.  Last read position: chr7:109,521,607
INFO	2015-04-01 11:12:52	MarkDuplicates	Tracking 273568 as yet unmatched pairs. 28614 records in RAM.
INFO	2015-04-01 11:13:18	MarkDuplicates	Read    71,000,000 records.  Elapsed time: 00:41:08s.  Time for last 1,000,000:   22s.  Last read position: chr7:127,596,815
INFO	2015-04-01 11:13:18	MarkDuplicates	Tracking 261711 as yet unmatched pairs. 14877 records in RAM.
INFO	2015-04-01 11:13:59	MarkDuplicates	Read    72,000,000 records.  Elapsed time: 00:41:50s.  Time for last 1,000,000:   42s.  Last read position: chr7:142,652,059
INFO	2015-04-01 11:13:59	MarkDuplicates	Tracking 266505 as yet unmatched pairs. 17388 records in RAM.
INFO	2015-04-01 11:14:53	MarkDuplicates	Read    73,000,000 records.  Elapsed time: 00:42:29s.  Time for last 1,000,000:   39s.  Last read position: chr8:20,579,276
INFO	2015-04-01 11:14:53	MarkDuplicates	Tracking 256439 as yet unmatched pairs. 60926 records in RAM.
INFO	2015-04-01 11:15:24	MarkDuplicates	Read    74,000,000 records.  Elapsed time: 00:43:10s.  Time for last 1,000,000:   40s.  Last read position: chr8:70,895,480
INFO	2015-04-01 11:15:24	MarkDuplicates	Tracking 246083 as yet unmatched pairs. 48804 records in RAM.
INFO	2015-04-01 11:15:45	MarkDuplicates	Read    75,000,000 records.  Elapsed time: 00:43:38s.  Time for last 1,000,000:   28s.  Last read position: chr8:94,909,756
INFO	2015-04-01 11:15:45	MarkDuplicates	Tracking 230310 as yet unmatched pairs. 32266 records in RAM.
INFO	2015-04-01 11:16:38	MarkDuplicates	Read    76,000,000 records.  Elapsed time: 00:44:33s.  Time for last 1,000,000:   54s.  Last read position: chr8:122,411,697
INFO	2015-04-01 11:16:38	MarkDuplicates	Tracking 211555 as yet unmatched pairs. 7559 records in RAM.
INFO	2015-04-01 11:16:57	MarkDuplicates	Read    77,000,000 records.  Elapsed time: 00:44:55s.  Time for last 1,000,000:   21s.  Last read position: chr9:25,307,704
INFO	2015-04-01 11:16:57	MarkDuplicates	Tracking 197979 as yet unmatched pairs. 94654 records in RAM.
INFO	2015-04-01 11:17:21	MarkDuplicates	Read    78,000,000 records.  Elapsed time: 00:45:12s.  Time for last 1,000,000:   17s.  Last read position: chr9:52,086,896
INFO	2015-04-01 11:17:21	MarkDuplicates	Tracking 179446 as yet unmatched pairs. 68751 records in RAM.
INFO	2015-04-01 11:17:41	MarkDuplicates	Read    79,000,000 records.  Elapsed time: 00:45:34s.  Time for last 1,000,000:   21s.  Last read position: chr9:69,476,090
INFO	2015-04-01 11:17:41	MarkDuplicates	Tracking 169745 as yet unmatched pairs. 58897 records in RAM.
INFO	2015-04-01 11:18:11	MarkDuplicates	Read    80,000,000 records.  Elapsed time: 00:46:05s.  Time for last 1,000,000:   31s.  Last read position: chr9:92,542,309
INFO	2015-04-01 11:18:11	MarkDuplicates	Tracking 157736 as yet unmatched pairs. 46668 records in RAM.
INFO	2015-04-01 11:18:27	MarkDuplicates	Read    81,000,000 records.  Elapsed time: 00:46:22s.  Time for last 1,000,000:   17s.  Last read position: chr9:110,726,464
INFO	2015-04-01 11:18:27	MarkDuplicates	Tracking 139638 as yet unmatched pairs. 28402 records in RAM.
INFO	2015-04-01 11:18:56	MarkDuplicates	Read    82,000,000 records.  Elapsed time: 00:46:42s.  Time for last 1,000,000:   19s.  Last read position: chrM:6,714
INFO	2015-04-01 11:18:56	MarkDuplicates	Tracking 114982 as yet unmatched pairs. 16233 records in RAM.
INFO	2015-04-01 11:19:18	MarkDuplicates	Read    83,000,000 records.  Elapsed time: 00:47:08s.  Time for last 1,000,000:   26s.  Last read position: chrX:21,487,249
INFO	2015-04-01 11:19:18	MarkDuplicates	Tracking 95006 as yet unmatched pairs. 42718 records in RAM.
INFO	2015-04-01 11:20:24	MarkDuplicates	Read    84,000,000 records.  Elapsed time: 00:48:23s.  Time for last 1,000,000:   74s.  Last read position: chrX:88,759,695
INFO	2015-04-01 11:20:24	MarkDuplicates	Tracking 73979 as yet unmatched pairs. 21640 records in RAM.
INFO	2015-04-01 11:20:57	MarkDuplicates	Read    85,000,000 records.  Elapsed time: 00:48:48s.  Time for last 1,000,000:   24s.  Last read position: chrX:139,824,542
INFO	2015-04-01 11:20:57	MarkDuplicates	Tracking 62452 as yet unmatched pairs. 10084 records in RAM.
INFO	2015-04-01 11:21:09	MarkDuplicates	Read 85714110 records. 49920 pairs never matched.
INFO	2015-04-01 11:21:46	MarkDuplicates	After buildSortedReadEndLists freeMemory: 14305731968; totalMemory: 24450564096; maxMemory: 38177538048
INFO	2015-04-01 11:21:46	MarkDuplicates	Will retain up to 1193048064 duplicate indices before spilling to disk.
INFO	2015-04-01 11:21:51	MarkDuplicates	Traversing read pair information and detecting duplicates.
INFO	2015-04-01 11:22:40	MarkDuplicates	Traversing fragment information and detecting duplicates.
INFO	2015-04-01 11:24:09	MarkDuplicates	Sorting list of duplicate records.
INFO	2015-04-01 11:24:24	MarkDuplicates	After generateDuplicateIndexes freeMemory: 24246246200; totalMemory: 33967308800; maxMemory: 38177538048
INFO	2015-04-01 11:24:24	MarkDuplicates	Marking 1215068 records as duplicates.
INFO	2015-04-01 11:24:24	MarkDuplicates	Found 60066 optical duplicate clusters.
INFO	2015-04-01 11:31:15	MarkDuplicates	Written    10,000,000 records.  Elapsed time: 00:06:46s.  Time for last 10,000,000:  406s.  Last read position: chr11:6,472,678
INFO	2015-04-01 11:37:02	MarkDuplicates	Written    20,000,000 records.  Elapsed time: 00:12:38s.  Time for last 10,000,000:  351s.  Last read position: chr12:110,659,194
INFO	2015-04-01 11:44:45	MarkDuplicates	Written    30,000,000 records.  Elapsed time: 00:20:20s.  Time for last 10,000,000:  462s.  Last read position: chr15:103,011,626
INFO	2015-04-01 11:50:40	MarkDuplicates	Written    40,000,000 records.  Elapsed time: 00:26:12s.  Time for last 10,000,000:  352s.  Last read position: chr19:10,861,617
INFO	2015-04-01 11:56:38	MarkDuplicates	Written    50,000,000 records.  Elapsed time: 00:32:13s.  Time for last 10,000,000:  360s.  Last read position: chr3:95,254,429
INFO	2015-04-01 12:02:44	MarkDuplicates	Written    60,000,000 records.  Elapsed time: 00:38:18s.  Time for last 10,000,000:  365s.  Last read position: chr5:121,685,165
INFO	2015-04-01 12:10:41	MarkDuplicates	Written    70,000,000 records.  Elapsed time: 00:46:12s.  Time for last 10,000,000:  474s.  Last read position: chr7:109,521,607
INFO	2015-04-01 12:18:18	MarkDuplicates	Written    80,000,000 records.  Elapsed time: 00:53:44s.  Time for last 10,000,000:  451s.  Last read position: chr9:92,542,309
INFO	2015-04-01 12:23:27	MarkDuplicates	Before output close freeMemory: 33816657272; totalMemory: 34090123264; maxMemory: 38177538048
INFO	2015-04-01 12:23:27	MarkDuplicates	After output close freeMemory: 33535769832; totalMemory: 33809235968; maxMemory: 38177538048
[Wed Apr 01 12:23:27 EDT 2015] net.sf.picard.sam.MarkDuplicates done. Elapsed time: 111.50 minutes.
Runtime.totalMemory()=33809235968
