[Wed Apr 01 10:32:09 EDT 2015] net.sf.picard.sam.MarkDuplicates INPUT=[/n/rinn_data1/users/agroff/seq/OtherMice/Diana/lincP21/bam/JR880/rmdup_accepted_hits_sorted_picard.bam] OUTPUT=/n/rinn_data1/users/agroff/seq/OtherMice/Diana/lincP21/bam/JR880/rmdup_accepted_hits_sorted_duplicates_marked.bam METRICS_FILE=dup_metrics.txt    PROGRAM_RECORD_ID=MarkDuplicates PROGRAM_GROUP_NAME=MarkDuplicates REMOVE_DUPLICATES=false ASSUME_SORTED=false MAX_SEQUENCES_FOR_DISK_READ_ENDS_MAP=50000 MAX_FILE_HANDLES_FOR_READ_ENDS_MAP=8000 SORTING_COLLECTION_SIZE_RATIO=0.25 READ_NAME_REGEX=[a-zA-Z0-9]+:[0-9]:([0-9]+):([0-9]+):([0-9]+).* OPTICAL_DUPLICATE_PIXEL_DISTANCE=100 VERBOSITY=INFO QUIET=false VALIDATION_STRINGENCY=STRICT COMPRESSION_LEVEL=5 MAX_RECORDS_IN_RAM=500000 CREATE_INDEX=false CREATE_MD5_FILE=false
[Wed Apr 01 10:32:09 EDT 2015] Executing as agroff@holy2a04205.rc.fas.harvard.edu on Linux 2.6.32-431.17.1.el6.x86_64 amd64; Java HotSpot(TM) 64-Bit Server VM 1.6.0_11-b03; Picard version: 1.98(1547)
INFO	2015-04-01 10:32:10	MarkDuplicates	Start of doWork freeMemory: 8629056; totalMemory: 9109504; maxMemory: 38177538048
INFO	2015-04-01 10:32:10	MarkDuplicates	Reading input file and constructing read end information.
INFO	2015-04-01 10:32:10	MarkDuplicates	Will retain up to 151498166 data points before spilling to disk.
INFO	2015-04-01 10:33:01	MarkDuplicates	Read     1,000,000 records.  Elapsed time: 00:00:50s.  Time for last 1,000,000:   50s.  Last read position: chr1:39,620,408
INFO	2015-04-01 10:33:01	MarkDuplicates	Tracking 37081 as yet unmatched pairs. 454 records in RAM.
INFO	2015-04-01 10:33:30	MarkDuplicates	Read     2,000,000 records.  Elapsed time: 00:01:18s.  Time for last 1,000,000:   28s.  Last read position: chr1:58,988,580
INFO	2015-04-01 10:33:30	MarkDuplicates	Tracking 53117 as yet unmatched pairs. 1288 records in RAM.
INFO	2015-04-01 10:33:53	MarkDuplicates	Read     3,000,000 records.  Elapsed time: 00:01:39s.  Time for last 1,000,000:   20s.  Last read position: chr1:86,277,090
INFO	2015-04-01 10:33:53	MarkDuplicates	Tracking 59240 as yet unmatched pairs. 1441 records in RAM.
INFO	2015-04-01 10:34:20	MarkDuplicates	Read     4,000,000 records.  Elapsed time: 00:02:04s.  Time for last 1,000,000:   25s.  Last read position: chr1:128,259,474
INFO	2015-04-01 10:34:20	MarkDuplicates	Tracking 78206 as yet unmatched pairs. 1871 records in RAM.
INFO	2015-04-01 10:34:43	MarkDuplicates	Read     5,000,000 records.  Elapsed time: 00:02:28s.  Time for last 1,000,000:   24s.  Last read position: chr1:156,806,354
INFO	2015-04-01 10:34:43	MarkDuplicates	Tracking 91091 as yet unmatched pairs. 1517 records in RAM.
INFO	2015-04-01 10:35:04	MarkDuplicates	Read     6,000,000 records.  Elapsed time: 00:02:50s.  Time for last 1,000,000:   22s.  Last read position: chr1:180,802,812
INFO	2015-04-01 10:35:04	MarkDuplicates	Tracking 101462 as yet unmatched pairs. 3999 records in RAM.
INFO	2015-04-01 10:35:24	MarkDuplicates	Read     7,000,000 records.  Elapsed time: 00:03:11s.  Time for last 1,000,000:   21s.  Last read position: chr10:18,091,648
INFO	2015-04-01 10:35:24	MarkDuplicates	Tracking 110447 as yet unmatched pairs. 6126 records in RAM.
INFO	2015-04-01 10:35:48	MarkDuplicates	Read     8,000,000 records.  Elapsed time: 00:03:31s.  Time for last 1,000,000:   19s.  Last read position: chr10:60,295,017
INFO	2015-04-01 10:35:48	MarkDuplicates	Tracking 130598 as yet unmatched pairs. 7039 records in RAM.
INFO	2015-04-01 10:36:09	MarkDuplicates	Read     9,000,000 records.  Elapsed time: 00:03:51s.  Time for last 1,000,000:   19s.  Last read position: chr10:79,984,009
INFO	2015-04-01 10:36:09	MarkDuplicates	Tracking 134696 as yet unmatched pairs. 5658 records in RAM.
INFO	2015-04-01 10:36:39	MarkDuplicates	Read    10,000,000 records.  Elapsed time: 00:04:21s.  Time for last 1,000,000:   29s.  Last read position: chr10:88,164,218
INFO	2015-04-01 10:36:39	MarkDuplicates	Tracking 139995 as yet unmatched pairs. 5651 records in RAM.
INFO	2015-04-01 10:37:26	MarkDuplicates	Read    11,000,000 records.  Elapsed time: 00:05:10s.  Time for last 1,000,000:   49s.  Last read position: chr10:122,995,714
INFO	2015-04-01 10:37:26	MarkDuplicates	Tracking 148525 as yet unmatched pairs. 1917 records in RAM.
INFO	2015-04-01 10:38:11	MarkDuplicates	Read    12,000,000 records.  Elapsed time: 00:05:54s.  Time for last 1,000,000:   44s.  Last read position: chr11:4,902,135
INFO	2015-04-01 10:38:11	MarkDuplicates	Tracking 164131 as yet unmatched pairs. 8217 records in RAM.
INFO	2015-04-01 10:38:30	MarkDuplicates	Read    13,000,000 records.  Elapsed time: 00:06:18s.  Time for last 1,000,000:   23s.  Last read position: chr11:29,736,483
INFO	2015-04-01 10:38:30	MarkDuplicates	Tracking 182939 as yet unmatched pairs. 8915 records in RAM.
INFO	2015-04-01 10:38:50	MarkDuplicates	Read    14,000,000 records.  Elapsed time: 00:06:35s.  Time for last 1,000,000:   16s.  Last read position: chr11:51,602,610
INFO	2015-04-01 10:38:50	MarkDuplicates	Tracking 200195 as yet unmatched pairs. 16995 records in RAM.
INFO	2015-04-01 10:39:56	MarkDuplicates	Read    15,000,000 records.  Elapsed time: 00:07:42s.  Time for last 1,000,000:   67s.  Last read position: chr11:62,514,388
INFO	2015-04-01 10:39:56	MarkDuplicates	Tracking 202036 as yet unmatched pairs. 14522 records in RAM.
INFO	2015-04-01 10:40:13	MarkDuplicates	Read    16,000,000 records.  Elapsed time: 00:07:57s.  Time for last 1,000,000:   14s.  Last read position: chr11:70,920,949
INFO	2015-04-01 10:40:13	MarkDuplicates	Tracking 209895 as yet unmatched pairs. 19001 records in RAM.
INFO	2015-04-01 10:40:32	MarkDuplicates	Read    17,000,000 records.  Elapsed time: 00:08:16s.  Time for last 1,000,000:   19s.  Last read position: chr11:83,226,406
INFO	2015-04-01 10:40:32	MarkDuplicates	Tracking 217480 as yet unmatched pairs. 16447 records in RAM.
INFO	2015-04-01 10:42:02	MarkDuplicates	Read    18,000,000 records.  Elapsed time: 00:09:50s.  Time for last 1,000,000:   93s.  Last read position: chr11:95,671,511
INFO	2015-04-01 10:42:02	MarkDuplicates	Tracking 223410 as yet unmatched pairs. 15944 records in RAM.
INFO	2015-04-01 10:42:18	MarkDuplicates	Read    19,000,000 records.  Elapsed time: 00:10:04s.  Time for last 1,000,000:   14s.  Last read position: chr11:101,443,526
INFO	2015-04-01 10:42:18	MarkDuplicates	Tracking 235918 as yet unmatched pairs. 17585 records in RAM.
INFO	2015-04-01 10:42:37	MarkDuplicates	Read    20,000,000 records.  Elapsed time: 00:10:24s.  Time for last 1,000,000:   19s.  Last read position: chr11:115,605,028
INFO	2015-04-01 10:42:37	MarkDuplicates	Tracking 244615 as yet unmatched pairs. 14666 records in RAM.
INFO	2015-04-01 10:42:55	MarkDuplicates	Read    21,000,000 records.  Elapsed time: 00:10:43s.  Time for last 1,000,000:   19s.  Last read position: chr12:3,501,869
INFO	2015-04-01 10:42:55	MarkDuplicates	Tracking 254344 as yet unmatched pairs. 16884 records in RAM.
INFO	2015-04-01 10:44:01	MarkDuplicates	Read    22,000,000 records.  Elapsed time: 00:11:47s.  Time for last 1,000,000:   64s.  Last read position: chr12:36,376,691
INFO	2015-04-01 10:44:01	MarkDuplicates	Tracking 272816 as yet unmatched pairs. 15784 records in RAM.
INFO	2015-04-01 10:44:19	MarkDuplicates	Read    23,000,000 records.  Elapsed time: 00:12:05s.  Time for last 1,000,000:   17s.  Last read position: chr12:76,801,603
INFO	2015-04-01 10:44:19	MarkDuplicates	Tracking 294230 as yet unmatched pairs. 13882 records in RAM.
INFO	2015-04-01 10:44:37	MarkDuplicates	Read    24,000,000 records.  Elapsed time: 00:12:23s.  Time for last 1,000,000:   17s.  Last read position: chr12:108,818,162
INFO	2015-04-01 10:44:37	MarkDuplicates	Tracking 300395 as yet unmatched pairs. 12792 records in RAM.
INFO	2015-04-01 10:44:57	MarkDuplicates	Read    25,000,000 records.  Elapsed time: 00:12:43s.  Time for last 1,000,000:   20s.  Last read position: chr13:8,987,309
INFO	2015-04-01 10:44:57	MarkDuplicates	Tracking 298489 as yet unmatched pairs. 13667 records in RAM.
INFO	2015-04-01 10:45:20	MarkDuplicates	Read    26,000,000 records.  Elapsed time: 00:13:06s.  Time for last 1,000,000:   22s.  Last read position: chr13:48,888,632
INFO	2015-04-01 10:45:20	MarkDuplicates	Tracking 309456 as yet unmatched pairs. 11364 records in RAM.
INFO	2015-04-01 10:45:53	MarkDuplicates	Read    27,000,000 records.  Elapsed time: 00:13:40s.  Time for last 1,000,000:   34s.  Last read position: chr13:67,668,351
INFO	2015-04-01 10:45:53	MarkDuplicates	Tracking 319764 as yet unmatched pairs. 9408 records in RAM.
INFO	2015-04-01 10:48:18	MarkDuplicates	Read    28,000,000 records.  Elapsed time: 00:16:06s.  Time for last 1,000,000:  146s.  Last read position: chr13:99,424,515
INFO	2015-04-01 10:48:18	MarkDuplicates	Tracking 340951 as yet unmatched pairs. 2166 records in RAM.
INFO	2015-04-01 10:48:44	MarkDuplicates	Read    29,000,000 records.  Elapsed time: 00:16:27s.  Time for last 1,000,000:   21s.  Last read position: chr14:20,364,702
INFO	2015-04-01 10:48:44	MarkDuplicates	Tracking 363140 as yet unmatched pairs. 28137 records in RAM.
INFO	2015-04-01 10:49:11	MarkDuplicates	Read    30,000,000 records.  Elapsed time: 00:16:51s.  Time for last 1,000,000:   24s.  Last read position: chr14:43,807,802
INFO	2015-04-01 10:49:11	MarkDuplicates	Tracking 355949 as yet unmatched pairs. 14245 records in RAM.
INFO	2015-04-01 10:49:31	MarkDuplicates	Read    31,000,000 records.  Elapsed time: 00:17:12s.  Time for last 1,000,000:   20s.  Last read position: chr14:61,630,876
INFO	2015-04-01 10:49:31	MarkDuplicates	Tracking 367100 as yet unmatched pairs. 11607 records in RAM.
INFO	2015-04-01 10:50:24	MarkDuplicates	Read    32,000,000 records.  Elapsed time: 00:18:06s.  Time for last 1,000,000:   54s.  Last read position: chr14:100,384,167
INFO	2015-04-01 10:50:24	MarkDuplicates	Tracking 376895 as yet unmatched pairs. 6257 records in RAM.
INFO	2015-04-01 10:51:24	MarkDuplicates	Read    33,000,000 records.  Elapsed time: 00:19:06s.  Time for last 1,000,000:   59s.  Last read position: chr15:33,033,479
INFO	2015-04-01 10:51:24	MarkDuplicates	Tracking 380161 as yet unmatched pairs. 11966 records in RAM.
INFO	2015-04-01 10:52:25	MarkDuplicates	Read    34,000,000 records.  Elapsed time: 00:20:08s.  Time for last 1,000,000:   61s.  Last read position: chr15:76,329,561
INFO	2015-04-01 10:52:25	MarkDuplicates	Tracking 379598 as yet unmatched pairs. 5276 records in RAM.
INFO	2015-04-01 10:52:49	MarkDuplicates	Read    35,000,000 records.  Elapsed time: 00:20:37s.  Time for last 1,000,000:   29s.  Last read position: chr15:83,116,463
INFO	2015-04-01 10:52:49	MarkDuplicates	Tracking 382896 as yet unmatched pairs. 3901 records in RAM.
INFO	2015-04-01 10:53:10	MarkDuplicates	Read    36,000,000 records.  Elapsed time: 00:20:53s.  Time for last 1,000,000:   15s.  Last read position: chr15:98,934,352
INFO	2015-04-01 10:53:10	MarkDuplicates	Tracking 401813 as yet unmatched pairs. 16839 records in RAM.
INFO	2015-04-01 10:53:45	MarkDuplicates	Read    37,000,000 records.  Elapsed time: 00:21:29s.  Time for last 1,000,000:   35s.  Last read position: chr15:103,244,512
INFO	2015-04-01 10:53:45	MarkDuplicates	Tracking 411110 as yet unmatched pairs. 11295 records in RAM.
INFO	2015-04-01 10:54:04	MarkDuplicates	Read    38,000,000 records.  Elapsed time: 00:21:48s.  Time for last 1,000,000:   18s.  Last read position: chr16:20,546,119
INFO	2015-04-01 10:54:04	MarkDuplicates	Tracking 415870 as yet unmatched pairs. 9434 records in RAM.
INFO	2015-04-01 10:54:47	MarkDuplicates	Read    39,000,000 records.  Elapsed time: 00:22:31s.  Time for last 1,000,000:   43s.  Last read position: chr16:44,365,680
INFO	2015-04-01 10:54:47	MarkDuplicates	Tracking 420609 as yet unmatched pairs. 5756 records in RAM.
INFO	2015-04-01 10:55:08	MarkDuplicates	Read    40,000,000 records.  Elapsed time: 00:22:53s.  Time for last 1,000,000:   22s.  Last read position: chr16:94,459,786
INFO	2015-04-01 10:55:08	MarkDuplicates	Tracking 427943 as yet unmatched pairs. 1900 records in RAM.
INFO	2015-04-01 10:55:23	MarkDuplicates	Read    41,000,000 records.  Elapsed time: 00:23:07s.  Time for last 1,000,000:   13s.  Last read position: chr17:23,807,093
INFO	2015-04-01 10:55:23	MarkDuplicates	Tracking 433968 as yet unmatched pairs. 30001 records in RAM.
INFO	2015-04-01 10:56:06	MarkDuplicates	Read    42,000,000 records.  Elapsed time: 00:23:51s.  Time for last 1,000,000:   43s.  Last read position: chr17:29,188,353
INFO	2015-04-01 10:56:06	MarkDuplicates	Tracking 436677 as yet unmatched pairs. 18237 records in RAM.
INFO	2015-04-01 10:56:23	MarkDuplicates	Read    43,000,000 records.  Elapsed time: 00:24:11s.  Time for last 1,000,000:   20s.  Last read position: chr17:35,875,125
INFO	2015-04-01 10:56:23	MarkDuplicates	Tracking 438458 as yet unmatched pairs. 12156 records in RAM.
INFO	2015-04-01 10:56:34	MarkDuplicates	Read    44,000,000 records.  Elapsed time: 00:24:22s.  Time for last 1,000,000:   11s.  Last read position: chr17:56,714,551
INFO	2015-04-01 10:56:34	MarkDuplicates	Tracking 448222 as yet unmatched pairs. 6871 records in RAM.
INFO	2015-04-01 10:58:18	MarkDuplicates	Read    45,000,000 records.  Elapsed time: 00:26:07s.  Time for last 1,000,000:  104s.  Last read position: chr18:5,062,245
INFO	2015-04-01 10:58:18	MarkDuplicates	Tracking 450983 as yet unmatched pairs. 27189 records in RAM.
INFO	2015-04-01 10:58:33	MarkDuplicates	Read    46,000,000 records.  Elapsed time: 00:26:19s.  Time for last 1,000,000:   11s.  Last read position: chr18:35,656,966
INFO	2015-04-01 10:58:33	MarkDuplicates	Tracking 447212 as yet unmatched pairs. 13345 records in RAM.
INFO	2015-04-01 10:58:54	MarkDuplicates	Read    47,000,000 records.  Elapsed time: 00:26:41s.  Time for last 1,000,000:   22s.  Last read position: chr18:61,259,434
INFO	2015-04-01 10:58:54	MarkDuplicates	Tracking 451012 as yet unmatched pairs. 6586 records in RAM.
INFO	2015-04-01 10:59:12	MarkDuplicates	Read    48,000,000 records.  Elapsed time: 00:26:55s.  Time for last 1,000,000:   14s.  Last read position: chr19:4,346,702
INFO	2015-04-01 10:59:12	MarkDuplicates	Tracking 450040 as yet unmatched pairs. 18643 records in RAM.
INFO	2015-04-01 10:59:28	MarkDuplicates	Read    49,000,000 records.  Elapsed time: 00:27:16s.  Time for last 1,000,000:   20s.  Last read position: chr19:9,012,574
INFO	2015-04-01 10:59:28	MarkDuplicates	Tracking 449953 as yet unmatched pairs. 15791 records in RAM.
INFO	2015-04-01 10:59:49	MarkDuplicates	Read    50,000,000 records.  Elapsed time: 00:27:31s.  Time for last 1,000,000:   14s.  Last read position: chr19:41,238,745
INFO	2015-04-01 10:59:49	MarkDuplicates	Tracking 454791 as yet unmatched pairs. 9104 records in RAM.
INFO	2015-04-01 11:00:14	MarkDuplicates	Read    51,000,000 records.  Elapsed time: 00:27:59s.  Time for last 1,000,000:   28s.  Last read position: chr2:5,379,250
INFO	2015-04-01 11:00:14	MarkDuplicates	Tracking 451117 as yet unmatched pairs. 45824 records in RAM.
INFO	2015-04-01 11:00:33	MarkDuplicates	Read    52,000,000 records.  Elapsed time: 00:28:15s.  Time for last 1,000,000:   15s.  Last read position: chr2:28,011,092
INFO	2015-04-01 11:00:33	MarkDuplicates	Tracking 460591 as yet unmatched pairs. 39860 records in RAM.
INFO	2015-04-01 11:01:27	MarkDuplicates	Read    53,000,000 records.  Elapsed time: 00:29:12s.  Time for last 1,000,000:   56s.  Last read position: chr2:38,633,882
INFO	2015-04-01 11:01:27	MarkDuplicates	Tracking 460527 as yet unmatched pairs. 34221 records in RAM.
INFO	2015-04-01 11:01:44	MarkDuplicates	Read    54,000,000 records.  Elapsed time: 00:29:27s.  Time for last 1,000,000:   15s.  Last read position: chr2:82,674,641
INFO	2015-04-01 11:01:44	MarkDuplicates	Tracking 463218 as yet unmatched pairs. 25113 records in RAM.
INFO	2015-04-01 11:02:13	MarkDuplicates	Read    55,000,000 records.  Elapsed time: 00:30:02s.  Time for last 1,000,000:   34s.  Last read position: chr2:118,120,912
INFO	2015-04-01 11:02:13	MarkDuplicates	Tracking 463864 as yet unmatched pairs. 21635 records in RAM.
INFO	2015-04-01 11:02:29	MarkDuplicates	Read    56,000,000 records.  Elapsed time: 00:30:14s.  Time for last 1,000,000:   11s.  Last read position: chr2:130,404,160
INFO	2015-04-01 11:02:29	MarkDuplicates	Tracking 464983 as yet unmatched pairs. 17819 records in RAM.
INFO	2015-04-01 11:02:44	MarkDuplicates	Read    57,000,000 records.  Elapsed time: 00:30:29s.  Time for last 1,000,000:   14s.  Last read position: chr2:156,072,197
INFO	2015-04-01 11:02:44	MarkDuplicates	Tracking 461557 as yet unmatched pairs. 10867 records in RAM.
INFO	2015-04-01 11:04:35	MarkDuplicates	Read    58,000,000 records.  Elapsed time: 00:32:22s.  Time for last 1,000,000:  113s.  Last read position: chr2:173,280,572
INFO	2015-04-01 11:04:35	MarkDuplicates	Tracking 460492 as yet unmatched pairs. 4329 records in RAM.
INFO	2015-04-01 11:04:49	MarkDuplicates	Read    59,000,000 records.  Elapsed time: 00:32:37s.  Time for last 1,000,000:   15s.  Last read position: chr3:19,132,420
INFO	2015-04-01 11:04:49	MarkDuplicates	Tracking 460576 as yet unmatched pairs. 70320 records in RAM.
INFO	2015-04-01 11:05:35	MarkDuplicates	Read    60,000,000 records.  Elapsed time: 00:33:20s.  Time for last 1,000,000:   43s.  Last read position: chr3:54,696,499
INFO	2015-04-01 11:05:35	MarkDuplicates	Tracking 448785 as yet unmatched pairs. 45355 records in RAM.
INFO	2015-04-01 11:05:58	MarkDuplicates	Read    61,000,000 records.  Elapsed time: 00:33:40s.  Time for last 1,000,000:   19s.  Last read position: chr3:88,537,796
INFO	2015-04-01 11:05:58	MarkDuplicates	Tracking 436731 as yet unmatched pairs. 29645 records in RAM.
INFO	2015-04-01 11:06:21	MarkDuplicates	Read    62,000,000 records.  Elapsed time: 00:34:03s.  Time for last 1,000,000:   23s.  Last read position: chr3:98,319,730
INFO	2015-04-01 11:06:21	MarkDuplicates	Tracking 433027 as yet unmatched pairs. 19992 records in RAM.
INFO	2015-04-01 11:07:18	MarkDuplicates	Read    63,000,000 records.  Elapsed time: 00:35:01s.  Time for last 1,000,000:   58s.  Last read position: chr3:123,353,443
INFO	2015-04-01 11:07:18	MarkDuplicates	Tracking 428079 as yet unmatched pairs. 10295 records in RAM.
INFO	2015-04-01 11:07:48	MarkDuplicates	Read    64,000,000 records.  Elapsed time: 00:35:33s.  Time for last 1,000,000:   31s.  Last read position: chr4:3,973,287
INFO	2015-04-01 11:07:48	MarkDuplicates	Tracking 437913 as yet unmatched pairs. 53805 records in RAM.
INFO	2015-04-01 11:09:23	MarkDuplicates	Read    65,000,000 records.  Elapsed time: 00:37:05s.  Time for last 1,000,000:   92s.  Last read position: chr4:43,944,059
INFO	2015-04-01 11:09:23	MarkDuplicates	Tracking 435946 as yet unmatched pairs. 47565 records in RAM.
INFO	2015-04-01 11:10:03	MarkDuplicates	Read    66,000,000 records.  Elapsed time: 00:37:30s.  Time for last 1,000,000:   24s.  Last read position: chr4:86,856,181
INFO	2015-04-01 11:10:03	MarkDuplicates	Tracking 434023 as yet unmatched pairs. 41376 records in RAM.
INFO	2015-04-01 11:10:49	MarkDuplicates	Read    67,000,000 records.  Elapsed time: 00:38:09s.  Time for last 1,000,000:   39s.  Last read position: chr4:118,436,523
INFO	2015-04-01 11:10:49	MarkDuplicates	Tracking 432249 as yet unmatched pairs. 29912 records in RAM.
INFO	2015-04-01 11:11:33	MarkDuplicates	Read    68,000,000 records.  Elapsed time: 00:39:10s.  Time for last 1,000,000:   60s.  Last read position: chr4:130,747,015
INFO	2015-04-01 11:11:33	MarkDuplicates	Tracking 427881 as yet unmatched pairs. 23371 records in RAM.
INFO	2015-04-01 11:12:15	MarkDuplicates	Read    69,000,000 records.  Elapsed time: 00:39:43s.  Time for last 1,000,000:   33s.  Last read position: chr4:138,315,514
INFO	2015-04-01 11:12:15	MarkDuplicates	Tracking 430705 as yet unmatched pairs. 16562 records in RAM.
INFO	2015-04-01 11:12:52	MarkDuplicates	Read    70,000,000 records.  Elapsed time: 00:40:32s.  Time for last 1,000,000:   49s.  Last read position: chr4:155,760,811
INFO	2015-04-01 11:12:52	MarkDuplicates	Tracking 422472 as yet unmatched pairs. 2797 records in RAM.
INFO	2015-04-01 11:14:30	MarkDuplicates	Read    71,000,000 records.  Elapsed time: 00:42:01s.  Time for last 1,000,000:   88s.  Last read position: chr5:31,157,249
INFO	2015-04-01 11:14:30	MarkDuplicates	Tracking 434657 as yet unmatched pairs. 55968 records in RAM.
INFO	2015-04-01 11:15:10	MarkDuplicates	Read    72,000,000 records.  Elapsed time: 00:42:42s.  Time for last 1,000,000:   41s.  Last read position: chr5:66,298,819
INFO	2015-04-01 11:15:10	MarkDuplicates	Tracking 424348 as yet unmatched pairs. 43726 records in RAM.
INFO	2015-04-01 11:15:57	MarkDuplicates	Read    73,000,000 records.  Elapsed time: 00:43:22s.  Time for last 1,000,000:   39s.  Last read position: chr5:107,215,071
INFO	2015-04-01 11:15:57	MarkDuplicates	Tracking 421165 as yet unmatched pairs. 38523 records in RAM.
INFO	2015-04-01 11:16:42	MarkDuplicates	Read    74,000,000 records.  Elapsed time: 00:44:20s.  Time for last 1,000,000:   58s.  Last read position: chr5:121,206,720
INFO	2015-04-01 11:16:42	MarkDuplicates	Tracking 438156 as yet unmatched pairs. 33180 records in RAM.
INFO	2015-04-01 11:17:05	MarkDuplicates	Read    75,000,000 records.  Elapsed time: 00:44:44s.  Time for last 1,000,000:   24s.  Last read position: chr5:129,985,100
INFO	2015-04-01 11:17:05	MarkDuplicates	Tracking 425299 as yet unmatched pairs. 18541 records in RAM.
INFO	2015-04-01 11:17:24	MarkDuplicates	Read    76,000,000 records.  Elapsed time: 00:45:06s.  Time for last 1,000,000:   21s.  Last read position: chr5:142,972,350
INFO	2015-04-01 11:17:24	MarkDuplicates	Tracking 423096 as yet unmatched pairs. 12617 records in RAM.
INFO	2015-04-01 11:18:34	MarkDuplicates	Read    77,000,000 records.  Elapsed time: 00:46:09s.  Time for last 1,000,000:   62s.  Last read position: chr6:13,582,200
INFO	2015-04-01 11:18:34	MarkDuplicates	Tracking 405410 as yet unmatched pairs. 46233 records in RAM.
INFO	2015-04-01 11:19:05	MarkDuplicates	Read    78,000,000 records.  Elapsed time: 00:46:42s.  Time for last 1,000,000:   33s.  Last read position: chr6:43,283,089
INFO	2015-04-01 11:19:05	MarkDuplicates	Tracking 402489 as yet unmatched pairs. 40906 records in RAM.
INFO	2015-04-01 11:19:22	MarkDuplicates	Read    79,000,000 records.  Elapsed time: 00:47:06s.  Time for last 1,000,000:   24s.  Last read position: chr6:83,138,074
INFO	2015-04-01 11:19:22	MarkDuplicates	Tracking 397393 as yet unmatched pairs. 32061 records in RAM.
INFO	2015-04-01 11:19:50	MarkDuplicates	Read    80,000,000 records.  Elapsed time: 00:47:38s.  Time for last 1,000,000:   32s.  Last read position: chr6:113,337,277
INFO	2015-04-01 11:19:50	MarkDuplicates	Tracking 393749 as yet unmatched pairs. 27270 records in RAM.
INFO	2015-04-01 11:20:27	MarkDuplicates	Read    81,000,000 records.  Elapsed time: 00:47:51s.  Time for last 1,000,000:   12s.  Last read position: chr6:127,088,028
INFO	2015-04-01 11:20:27	MarkDuplicates	Tracking 381685 as yet unmatched pairs. 11335 records in RAM.
INFO	2015-04-01 11:20:59	MarkDuplicates	Read    82,000,000 records.  Elapsed time: 00:48:34s.  Time for last 1,000,000:   43s.  Last read position: chr7:6,160,166
INFO	2015-04-01 11:20:59	MarkDuplicates	Tracking 374113 as yet unmatched pairs. 81422 records in RAM.
INFO	2015-04-01 11:21:22	MarkDuplicates	Read    83,000,000 records.  Elapsed time: 00:49:05s.  Time for last 1,000,000:   31s.  Last read position: chr7:25,750,920
INFO	2015-04-01 11:21:22	MarkDuplicates	Tracking 366330 as yet unmatched pairs. 72463 records in RAM.
INFO	2015-04-01 11:22:21	MarkDuplicates	Read    84,000,000 records.  Elapsed time: 00:50:06s.  Time for last 1,000,000:   60s.  Last read position: chr7:44,981,865
INFO	2015-04-01 11:22:21	MarkDuplicates	Tracking 361148 as yet unmatched pairs. 65451 records in RAM.
INFO	2015-04-01 11:22:57	MarkDuplicates	Read    85,000,000 records.  Elapsed time: 00:50:31s.  Time for last 1,000,000:   25s.  Last read position: chr7:79,928,306
INFO	2015-04-01 11:22:57	MarkDuplicates	Tracking 346193 as yet unmatched pairs. 49343 records in RAM.
INFO	2015-04-01 11:23:33	MarkDuplicates	Read    86,000,000 records.  Elapsed time: 00:51:05s.  Time for last 1,000,000:   33s.  Last read position: chr7:103,812,742
INFO	2015-04-01 11:23:33	MarkDuplicates	Tracking 336384 as yet unmatched pairs. 38145 records in RAM.
INFO	2015-04-01 11:24:09	MarkDuplicates	Read    87,000,000 records.  Elapsed time: 00:51:43s.  Time for last 1,000,000:   37s.  Last read position: chr7:120,887,878
INFO	2015-04-01 11:24:09	MarkDuplicates	Tracking 320247 as yet unmatched pairs. 21355 records in RAM.
INFO	2015-04-01 11:24:52	MarkDuplicates	Read    88,000,000 records.  Elapsed time: 00:52:30s.  Time for last 1,000,000:   47s.  Last read position: chr7:135,707,375
INFO	2015-04-01 11:24:52	MarkDuplicates	Tracking 318540 as yet unmatched pairs. 16082 records in RAM.
INFO	2015-04-01 11:25:27	MarkDuplicates	Read    89,000,000 records.  Elapsed time: 00:52:59s.  Time for last 1,000,000:   28s.  Last read position: chr7:143,459,836
INFO	2015-04-01 11:25:27	MarkDuplicates	Tracking 318959 as yet unmatched pairs. 15566 records in RAM.
INFO	2015-04-01 11:26:06	MarkDuplicates	Read    90,000,000 records.  Elapsed time: 00:53:36s.  Time for last 1,000,000:   37s.  Last read position: chr8:20,585,151
INFO	2015-04-01 11:26:06	MarkDuplicates	Tracking 308472 as yet unmatched pairs. 76323 records in RAM.
INFO	2015-04-01 11:26:45	MarkDuplicates	Read    91,000,000 records.  Elapsed time: 00:54:19s.  Time for last 1,000,000:   42s.  Last read position: chr8:69,828,082
INFO	2015-04-01 11:26:45	MarkDuplicates	Tracking 294583 as yet unmatched pairs. 60946 records in RAM.
INFO	2015-04-01 11:27:56	MarkDuplicates	Read    92,000,000 records.  Elapsed time: 00:55:42s.  Time for last 1,000,000:   82s.  Last read position: chr8:84,844,602
INFO	2015-04-01 11:27:56	MarkDuplicates	Tracking 282140 as yet unmatched pairs. 46930 records in RAM.
INFO	2015-04-01 11:28:21	MarkDuplicates	Read    93,000,000 records.  Elapsed time: 00:55:59s.  Time for last 1,000,000:   17s.  Last read position: chr8:106,917,672
INFO	2015-04-01 11:28:21	MarkDuplicates	Tracking 266004 as yet unmatched pairs. 23503 records in RAM.
INFO	2015-04-01 11:29:00	MarkDuplicates	Read    94,000,000 records.  Elapsed time: 00:56:34s.  Time for last 1,000,000:   34s.  Last read position: chr8:124,344,752
INFO	2015-04-01 11:29:00	MarkDuplicates	Tracking 246444 as yet unmatched pairs. 3375 records in RAM.
INFO	2015-04-01 11:29:54	MarkDuplicates	Read    95,000,000 records.  Elapsed time: 00:57:19s.  Time for last 1,000,000:   45s.  Last read position: chr9:30,427,524
INFO	2015-04-01 11:29:54	MarkDuplicates	Tracking 234932 as yet unmatched pairs. 108553 records in RAM.
INFO	2015-04-01 11:30:43	MarkDuplicates	Read    96,000,000 records.  Elapsed time: 00:58:25s.  Time for last 1,000,000:   65s.  Last read position: chr9:49,032,344
INFO	2015-04-01 11:30:43	MarkDuplicates	Tracking 207663 as yet unmatched pairs. 81075 records in RAM.
INFO	2015-04-01 11:31:32	MarkDuplicates	Read    97,000,000 records.  Elapsed time: 00:59:04s.  Time for last 1,000,000:   39s.  Last read position: chr9:64,177,763
INFO	2015-04-01 11:31:32	MarkDuplicates	Tracking 207043 as yet unmatched pairs. 71759 records in RAM.
INFO	2015-04-01 11:32:19	MarkDuplicates	Read    98,000,000 records.  Elapsed time: 00:59:53s.  Time for last 1,000,000:   48s.  Last read position: chr9:78,479,330
INFO	2015-04-01 11:32:19	MarkDuplicates	Tracking 208247 as yet unmatched pairs. 72745 records in RAM.
INFO	2015-04-01 11:33:11	MarkDuplicates	Read    99,000,000 records.  Elapsed time: 01:00:37s.  Time for last 1,000,000:   43s.  Last read position: chr9:103,354,980
INFO	2015-04-01 11:33:11	MarkDuplicates	Tracking 174779 as yet unmatched pairs. 39032 records in RAM.
INFO	2015-04-01 11:34:37	MarkDuplicates	Read   100,000,000 records.  Elapsed time: 01:02:19s.  Time for last 1,000,000:  102s.  Last read position: chr9:116,574,650
INFO	2015-04-01 11:34:37	MarkDuplicates	Tracking 160287 as yet unmatched pairs. 24367 records in RAM.
INFO	2015-04-01 11:35:07	MarkDuplicates	Read   101,000,000 records.  Elapsed time: 01:02:42s.  Time for last 1,000,000:   22s.  Last read position: chrM:7,064
INFO	2015-04-01 11:35:07	MarkDuplicates	Tracking 136702 as yet unmatched pairs. 17341 records in RAM.
INFO	2015-04-01 11:35:32	MarkDuplicates	Read   102,000,000 records.  Elapsed time: 01:03:10s.  Time for last 1,000,000:   28s.  Last read position: chrX:13,293,504
INFO	2015-04-01 11:35:32	MarkDuplicates	Tracking 116286 as yet unmatched pairs. 55393 records in RAM.
INFO	2015-04-01 11:36:04	MarkDuplicates	Read   103,000,000 records.  Elapsed time: 01:03:43s.  Time for last 1,000,000:   32s.  Last read position: chrX:73,781,017
INFO	2015-04-01 11:36:04	MarkDuplicates	Tracking 101296 as yet unmatched pairs. 40345 records in RAM.
INFO	2015-04-01 11:36:51	MarkDuplicates	Read   104,000,000 records.  Elapsed time: 01:04:21s.  Time for last 1,000,000:   38s.  Last read position: chrX:103,465,800
INFO	2015-04-01 11:36:51	MarkDuplicates	Tracking 85045 as yet unmatched pairs. 24080 records in RAM.
INFO	2015-04-01 11:37:08	MarkDuplicates	Read   105,000,000 records.  Elapsed time: 01:04:51s.  Time for last 1,000,000:   30s.  Last read position: chrX:145,449,008
INFO	2015-04-01 11:37:08	MarkDuplicates	Tracking 71925 as yet unmatched pairs. 10920 records in RAM.
INFO	2015-04-01 11:37:17	MarkDuplicates	Read 105724490 records. 57603 pairs never matched.
INFO	2015-04-01 11:38:06	MarkDuplicates	After buildSortedReadEndLists freeMemory: 13765826440; totalMemory: 25644171264; maxMemory: 38177538048
INFO	2015-04-01 11:38:06	MarkDuplicates	Will retain up to 1193048064 duplicate indices before spilling to disk.
INFO	2015-04-01 11:38:10	MarkDuplicates	Traversing read pair information and detecting duplicates.
INFO	2015-04-01 11:39:06	MarkDuplicates	Traversing fragment information and detecting duplicates.
INFO	2015-04-01 11:41:01	MarkDuplicates	Sorting list of duplicate records.
INFO	2015-04-01 11:41:09	MarkDuplicates	After generateDuplicateIndexes freeMemory: 15930116808; totalMemory: 25644171264; maxMemory: 38177538048
INFO	2015-04-01 11:41:09	MarkDuplicates	Marking 1483848 records as duplicates.
INFO	2015-04-01 11:41:09	MarkDuplicates	Found 71530 optical duplicate clusters.
INFO	2015-04-01 11:47:20	MarkDuplicates	Written    10,000,000 records.  Elapsed time: 00:06:11s.  Time for last 10,000,000:  371s.  Last read position: chr10:88,164,218
INFO	2015-04-01 11:53:36	MarkDuplicates	Written    20,000,000 records.  Elapsed time: 00:12:25s.  Time for last 10,000,000:  374s.  Last read position: chr11:115,605,028
INFO	2015-04-01 12:00:04	MarkDuplicates	Written    30,000,000 records.  Elapsed time: 00:18:55s.  Time for last 10,000,000:  389s.  Last read position: chr14:43,807,802
INFO	2015-04-01 12:06:35	MarkDuplicates	Written    40,000,000 records.  Elapsed time: 00:25:25s.  Time for last 10,000,000:  390s.  Last read position: chr16:94,459,786
INFO	2015-04-01 12:13:31	MarkDuplicates	Written    50,000,000 records.  Elapsed time: 00:32:21s.  Time for last 10,000,000:  415s.  Last read position: chr19:41,238,745
INFO	2015-04-01 12:19:02	MarkDuplicates	Written    60,000,000 records.  Elapsed time: 00:37:52s.  Time for last 10,000,000:  331s.  Last read position: chr3:54,696,499
INFO	2015-04-01 12:24:11	MarkDuplicates	Written    70,000,000 records.  Elapsed time: 00:43:02s.  Time for last 10,000,000:  309s.  Last read position: chr4:155,760,811
INFO	2015-04-01 12:30:18	MarkDuplicates	Written    80,000,000 records.  Elapsed time: 00:49:08s.  Time for last 10,000,000:  366s.  Last read position: chr6:113,337,277
INFO	2015-04-01 12:36:30	MarkDuplicates	Written    90,000,000 records.  Elapsed time: 00:55:21s.  Time for last 10,000,000:  372s.  Last read position: chr8:20,585,151
INFO	2015-04-01 12:44:32	MarkDuplicates	Written   100,000,000 records.  Elapsed time: 01:03:23s.  Time for last 10,000,000:  482s.  Last read position: chr9:116,574,650
INFO	2015-04-01 12:48:55	MarkDuplicates	Before output close freeMemory: 25339228400; totalMemory: 25604128768; maxMemory: 38177538048
INFO	2015-04-01 12:49:09	MarkDuplicates	After output close freeMemory: 25001677224; totalMemory: 25266356224; maxMemory: 38177538048
[Wed Apr 01 12:49:10 EDT 2015] net.sf.picard.sam.MarkDuplicates done. Elapsed time: 137.01 minutes.
Runtime.totalMemory()=25266356224
