[Wed Apr 01 10:53:35 EDT 2015] net.sf.picard.sam.MarkDuplicates INPUT=[/n/rinn_data1/users/agroff/seq/OtherMice/Diana/lincP21/bam/JR883/accepted_hits_sorted_picard.bam] OUTPUT=/n/rinn_data1/users/agroff/seq/OtherMice/Diana/lincP21/bam/JR883/accepted_hits_sorted_duplicates_marked.bam METRICS_FILE=dup_metrics.txt    PROGRAM_RECORD_ID=MarkDuplicates PROGRAM_GROUP_NAME=MarkDuplicates REMOVE_DUPLICATES=false ASSUME_SORTED=false MAX_SEQUENCES_FOR_DISK_READ_ENDS_MAP=50000 MAX_FILE_HANDLES_FOR_READ_ENDS_MAP=8000 SORTING_COLLECTION_SIZE_RATIO=0.25 READ_NAME_REGEX=[a-zA-Z0-9]+:[0-9]:([0-9]+):([0-9]+):([0-9]+).* OPTICAL_DUPLICATE_PIXEL_DISTANCE=100 VERBOSITY=INFO QUIET=false VALIDATION_STRINGENCY=STRICT COMPRESSION_LEVEL=5 MAX_RECORDS_IN_RAM=500000 CREATE_INDEX=false CREATE_MD5_FILE=false
[Wed Apr 01 10:53:35 EDT 2015] Executing as agroff@holy2a06106.rc.fas.harvard.edu on Linux 2.6.32-431.17.1.el6.x86_64 amd64; Java HotSpot(TM) 64-Bit Server VM 1.6.0_11-b03; Picard version: 1.98(1547)
INFO	2015-04-01 10:53:35	MarkDuplicates	Start of doWork freeMemory: 8624976; totalMemory: 9109504; maxMemory: 38177538048
INFO	2015-04-01 10:53:35	MarkDuplicates	Reading input file and constructing read end information.
INFO	2015-04-01 10:53:35	MarkDuplicates	Will retain up to 151498166 data points before spilling to disk.
INFO	2015-04-01 10:55:27	MarkDuplicates	Read     1,000,000 records.  Elapsed time: 00:01:29s.  Time for last 1,000,000:   89s.  Last read position: chr1:36,104,645
INFO	2015-04-01 10:55:27	MarkDuplicates	Tracking 39299 as yet unmatched pairs. 574 records in RAM.
INFO	2015-04-01 10:56:25	MarkDuplicates	Read     2,000,000 records.  Elapsed time: 00:02:21s.  Time for last 1,000,000:   51s.  Last read position: chr1:45,347,239
INFO	2015-04-01 10:56:29	MarkDuplicates	Tracking 56404 as yet unmatched pairs. 14571 records in RAM.
INFO	2015-04-01 10:57:20	MarkDuplicates	Read     3,000,000 records.  Elapsed time: 00:03:19s.  Time for last 1,000,000:   58s.  Last read position: chr1:63,179,256
INFO	2015-04-01 10:57:25	MarkDuplicates	Tracking 66367 as yet unmatched pairs. 9909 records in RAM.
INFO	2015-04-01 10:58:18	MarkDuplicates	Read     4,000,000 records.  Elapsed time: 00:04:15s.  Time for last 1,000,000:   56s.  Last read position: chr1:86,350,992
INFO	2015-04-01 10:58:23	MarkDuplicates	Tracking 65826 as yet unmatched pairs. 4125 records in RAM.
INFO	2015-04-01 10:59:18	MarkDuplicates	Read     5,000,000 records.  Elapsed time: 00:05:14s.  Time for last 1,000,000:   58s.  Last read position: chr1:100,229,792
INFO	2015-04-01 10:59:23	MarkDuplicates	Tracking 75872 as yet unmatched pairs. 661 records in RAM.
INFO	2015-04-01 11:00:21	MarkDuplicates	Read     6,000,000 records.  Elapsed time: 00:06:24s.  Time for last 1,000,000:   69s.  Last read position: chr1:151,354,648
INFO	2015-04-01 11:00:21	MarkDuplicates	Tracking 91541 as yet unmatched pairs. 1487 records in RAM.
INFO	2015-04-01 11:01:10	MarkDuplicates	Read     7,000,000 records.  Elapsed time: 00:07:09s.  Time for last 1,000,000:   45s.  Last read position: chr1:171,294,932
INFO	2015-04-01 11:01:15	MarkDuplicates	Tracking 99041 as yet unmatched pairs. 349 records in RAM.
INFO	2015-04-01 11:02:05	MarkDuplicates	Read     8,000,000 records.  Elapsed time: 00:08:09s.  Time for last 1,000,000:   60s.  Last read position: chr1:191,025,069
INFO	2015-04-01 11:02:05	MarkDuplicates	Tracking 106061 as yet unmatched pairs. 134 records in RAM.
INFO	2015-04-01 11:02:56	MarkDuplicates	Read     9,000,000 records.  Elapsed time: 00:08:59s.  Time for last 1,000,000:   49s.  Last read position: chr10:26,002,493
INFO	2015-04-01 11:02:56	MarkDuplicates	Tracking 122986 as yet unmatched pairs. 5813 records in RAM.
INFO	2015-04-01 11:03:47	MarkDuplicates	Read    10,000,000 records.  Elapsed time: 00:09:50s.  Time for last 1,000,000:   51s.  Last read position: chr10:61,692,353
INFO	2015-04-01 11:03:47	MarkDuplicates	Tracking 135462 as yet unmatched pairs. 6222 records in RAM.
INFO	2015-04-01 11:04:43	MarkDuplicates	Read    11,000,000 records.  Elapsed time: 00:10:45s.  Time for last 1,000,000:   54s.  Last read position: chr10:79,897,666
INFO	2015-04-01 11:04:43	MarkDuplicates	Tracking 139744 as yet unmatched pairs. 5320 records in RAM.
INFO	2015-04-01 11:05:35	MarkDuplicates	Read    12,000,000 records.  Elapsed time: 00:11:42s.  Time for last 1,000,000:   57s.  Last read position: chr10:83,576,171
INFO	2015-04-01 11:05:35	MarkDuplicates	Tracking 142621 as yet unmatched pairs. 4868 records in RAM.
INFO	2015-04-01 11:06:24	MarkDuplicates	Read    13,000,000 records.  Elapsed time: 00:12:24s.  Time for last 1,000,000:   42s.  Last read position: chr10:111,126,642
INFO	2015-04-01 11:06:29	MarkDuplicates	Tracking 155013 as yet unmatched pairs. 4839 records in RAM.
INFO	2015-04-01 11:07:18	MarkDuplicates	Read    14,000,000 records.  Elapsed time: 00:13:22s.  Time for last 1,000,000:   57s.  Last read position: chr10:128,086,146
INFO	2015-04-01 11:07:18	MarkDuplicates	Tracking 158464 as yet unmatched pairs. 4342 records in RAM.
INFO	2015-04-01 11:08:14	MarkDuplicates	Read    15,000,000 records.  Elapsed time: 00:14:19s.  Time for last 1,000,000:   56s.  Last read position: chr11:6,265,730
INFO	2015-04-01 11:08:21	MarkDuplicates	Tracking 170787 as yet unmatched pairs. 8707 records in RAM.
INFO	2015-04-01 11:09:30	MarkDuplicates	Read    16,000,000 records.  Elapsed time: 00:15:27s.  Time for last 1,000,000:   68s.  Last read position: chr11:29,531,975
INFO	2015-04-01 11:09:38	MarkDuplicates	Tracking 188155 as yet unmatched pairs. 8533 records in RAM.
INFO	2015-04-01 11:10:32	MarkDuplicates	Read    17,000,000 records.  Elapsed time: 00:16:39s.  Time for last 1,000,000:   71s.  Last read position: chr11:35,819,945
INFO	2015-04-01 11:10:39	MarkDuplicates	Tracking 193022 as yet unmatched pairs. 8723 records in RAM.
INFO	2015-04-01 11:11:41	MarkDuplicates	Read    18,000,000 records.  Elapsed time: 00:17:40s.  Time for last 1,000,000:   61s.  Last read position: chr11:54,122,881
INFO	2015-04-01 11:11:49	MarkDuplicates	Tracking 198864 as yet unmatched pairs. 8164 records in RAM.
INFO	2015-04-01 11:13:02	MarkDuplicates	Read    19,000,000 records.  Elapsed time: 00:19:01s.  Time for last 1,000,000:   80s.  Last read position: chr11:62,552,415
INFO	2015-04-01 11:13:02	MarkDuplicates	Tracking 216716 as yet unmatched pairs. 22384 records in RAM.
INFO	2015-04-01 11:13:48	MarkDuplicates	Read    20,000,000 records.  Elapsed time: 00:19:51s.  Time for last 1,000,000:   50s.  Last read position: chr11:69,917,255
INFO	2015-04-01 11:13:48	MarkDuplicates	Tracking 208140 as yet unmatched pairs. 10811 records in RAM.
INFO	2015-04-01 11:14:31	MarkDuplicates	Read    21,000,000 records.  Elapsed time: 00:20:29s.  Time for last 1,000,000:   37s.  Last read position: chr11:78,181,445
INFO	2015-04-01 11:14:31	MarkDuplicates	Tracking 219093 as yet unmatched pairs. 15578 records in RAM.
INFO	2015-04-01 11:15:15	MarkDuplicates	Read    22,000,000 records.  Elapsed time: 00:21:26s.  Time for last 1,000,000:   57s.  Last read position: chr11:93,955,499
INFO	2015-04-01 11:15:15	MarkDuplicates	Tracking 221757 as yet unmatched pairs. 8153 records in RAM.
INFO	2015-04-01 11:15:54	MarkDuplicates	Read    23,000,000 records.  Elapsed time: 00:22:00s.  Time for last 1,000,000:   34s.  Last read position: chr11:97,451,971
INFO	2015-04-01 11:15:54	MarkDuplicates	Tracking 220000 as yet unmatched pairs. 2849 records in RAM.
INFO	2015-04-01 11:16:29	MarkDuplicates	Read    24,000,000 records.  Elapsed time: 00:22:50s.  Time for last 1,000,000:   50s.  Last read position: chr11:101,322,985
INFO	2015-04-01 11:16:29	MarkDuplicates	Tracking 227742 as yet unmatched pairs. 2643 records in RAM.
INFO	2015-04-01 11:17:05	MarkDuplicates	Read    25,000,000 records.  Elapsed time: 00:23:18s.  Time for last 1,000,000:   27s.  Last read position: chr11:113,657,442
INFO	2015-04-01 11:17:05	MarkDuplicates	Tracking 238741 as yet unmatched pairs. 1421 records in RAM.
INFO	2015-04-01 11:17:31	MarkDuplicates	Read    26,000,000 records.  Elapsed time: 00:23:40s.  Time for last 1,000,000:   21s.  Last read position: chr11:120,484,695
INFO	2015-04-01 11:17:31	MarkDuplicates	Tracking 245660 as yet unmatched pairs. 780 records in RAM.
INFO	2015-04-01 11:18:24	MarkDuplicates	Read    27,000,000 records.  Elapsed time: 00:24:33s.  Time for last 1,000,000:   53s.  Last read position: chr12:20,207,758
INFO	2015-04-01 11:18:24	MarkDuplicates	Tracking 260824 as yet unmatched pairs. 20626 records in RAM.
INFO	2015-04-01 11:19:01	MarkDuplicates	Read    28,000,000 records.  Elapsed time: 00:25:12s.  Time for last 1,000,000:   38s.  Last read position: chr12:55,245,970
INFO	2015-04-01 11:19:01	MarkDuplicates	Tracking 275547 as yet unmatched pairs. 19959 records in RAM.
INFO	2015-04-01 11:19:17	MarkDuplicates	Read    29,000,000 records.  Elapsed time: 00:25:37s.  Time for last 1,000,000:   24s.  Last read position: chr12:80,948,573
INFO	2015-04-01 11:19:17	MarkDuplicates	Tracking 294086 as yet unmatched pairs. 16946 records in RAM.
INFO	2015-04-01 11:19:54	MarkDuplicates	Read    30,000,000 records.  Elapsed time: 00:26:10s.  Time for last 1,000,000:   33s.  Last read position: chr12:109,459,848
INFO	2015-04-01 11:19:54	MarkDuplicates	Tracking 301653 as yet unmatched pairs. 17620 records in RAM.
INFO	2015-04-01 11:20:12	MarkDuplicates	Read    31,000,000 records.  Elapsed time: 00:26:30s.  Time for last 1,000,000:   20s.  Last read position: chr12:113,070,336
INFO	2015-04-01 11:20:12	MarkDuplicates	Tracking 290837 as yet unmatched pairs. 306 records in RAM.
INFO	2015-04-01 11:20:36	MarkDuplicates	Read    32,000,000 records.  Elapsed time: 00:26:56s.  Time for last 1,000,000:   25s.  Last read position: chr13:37,978,748
INFO	2015-04-01 11:20:36	MarkDuplicates	Tracking 303569 as yet unmatched pairs. 12202 records in RAM.
INFO	2015-04-01 11:21:09	MarkDuplicates	Read    33,000,000 records.  Elapsed time: 00:27:31s.  Time for last 1,000,000:   34s.  Last read position: chr13:56,630,550
INFO	2015-04-01 11:21:09	MarkDuplicates	Tracking 312430 as yet unmatched pairs. 10921 records in RAM.
INFO	2015-04-01 11:21:26	MarkDuplicates	Read    34,000,000 records.  Elapsed time: 00:27:43s.  Time for last 1,000,000:   11s.  Last read position: chr13:89,608,490
INFO	2015-04-01 11:21:26	MarkDuplicates	Tracking 325925 as yet unmatched pairs. 4732 records in RAM.
INFO	2015-04-01 11:21:45	MarkDuplicates	Read    35,000,000 records.  Elapsed time: 00:28:07s.  Time for last 1,000,000:   23s.  Last read position: chr13:108,671,078
INFO	2015-04-01 11:21:45	MarkDuplicates	Tracking 345313 as yet unmatched pairs. 1180 records in RAM.
INFO	2015-04-01 11:22:02	MarkDuplicates	Read    36,000,000 records.  Elapsed time: 00:28:21s.  Time for last 1,000,000:   13s.  Last read position: chr14:21,423,578
INFO	2015-04-01 11:22:02	MarkDuplicates	Tracking 363128 as yet unmatched pairs. 28771 records in RAM.
INFO	2015-04-01 11:22:40	MarkDuplicates	Read    37,000,000 records.  Elapsed time: 00:29:02s.  Time for last 1,000,000:   41s.  Last read position: chr14:36,890,387
INFO	2015-04-01 11:22:40	MarkDuplicates	Tracking 356080 as yet unmatched pairs. 15123 records in RAM.
INFO	2015-04-01 11:22:57	MarkDuplicates	Read    38,000,000 records.  Elapsed time: 00:29:16s.  Time for last 1,000,000:   14s.  Last read position: chr14:57,843,241
INFO	2015-04-01 11:22:57	MarkDuplicates	Tracking 363140 as yet unmatched pairs. 12531 records in RAM.
INFO	2015-04-01 11:23:15	MarkDuplicates	Read    39,000,000 records.  Elapsed time: 00:29:33s.  Time for last 1,000,000:   17s.  Last read position: chr14:75,847,286
INFO	2015-04-01 11:23:15	MarkDuplicates	Tracking 394675 as yet unmatched pairs. 34891 records in RAM.
INFO	2015-04-01 11:23:44	MarkDuplicates	Read    40,000,000 records.  Elapsed time: 00:30:02s.  Time for last 1,000,000:   28s.  Last read position: chr15:4,091,255
INFO	2015-04-01 11:23:44	MarkDuplicates	Tracking 378286 as yet unmatched pairs. 16305 records in RAM.
INFO	2015-04-01 11:24:03	MarkDuplicates	Read    41,000,000 records.  Elapsed time: 00:30:21s.  Time for last 1,000,000:   18s.  Last read position: chr15:38,488,639
INFO	2015-04-01 11:24:03	MarkDuplicates	Tracking 383051 as yet unmatched pairs. 12342 records in RAM.
INFO	2015-04-01 11:24:36	MarkDuplicates	Read    42,000,000 records.  Elapsed time: 00:30:52s.  Time for last 1,000,000:   31s.  Last read position: chr15:76,905,016
INFO	2015-04-01 11:24:36	MarkDuplicates	Tracking 389426 as yet unmatched pairs. 14245 records in RAM.
INFO	2015-04-01 11:24:53	MarkDuplicates	Read    43,000,000 records.  Elapsed time: 00:31:09s.  Time for last 1,000,000:   17s.  Last read position: chr15:81,913,775
INFO	2015-04-01 11:24:53	MarkDuplicates	Tracking 383129 as yet unmatched pairs. 4432 records in RAM.
INFO	2015-04-01 11:25:11	MarkDuplicates	Read    44,000,000 records.  Elapsed time: 00:31:33s.  Time for last 1,000,000:   23s.  Last read position: chr15:98,739,913
INFO	2015-04-01 11:25:11	MarkDuplicates	Tracking 386154 as yet unmatched pairs. 1730 records in RAM.
INFO	2015-04-01 11:25:24	MarkDuplicates	Read    45,000,000 records.  Elapsed time: 00:31:45s.  Time for last 1,000,000:   12s.  Last read position: chr15:99,735,750
INFO	2015-04-01 11:25:24	MarkDuplicates	Tracking 390268 as yet unmatched pairs. 1264 records in RAM.
INFO	2015-04-01 11:25:41	MarkDuplicates	Read    46,000,000 records.  Elapsed time: 00:32:02s.  Time for last 1,000,000:   17s.  Last read position: chr16:5,018,435
INFO	2015-04-01 11:25:41	MarkDuplicates	Tracking 402895 as yet unmatched pairs. 15182 records in RAM.
INFO	2015-04-01 11:26:25	MarkDuplicates	Read    47,000,000 records.  Elapsed time: 00:32:45s.  Time for last 1,000,000:   42s.  Last read position: chr16:21,220,843
INFO	2015-04-01 11:26:25	MarkDuplicates	Tracking 407907 as yet unmatched pairs. 9126 records in RAM.
INFO	2015-04-01 11:26:41	MarkDuplicates	Read    48,000,000 records.  Elapsed time: 00:32:59s.  Time for last 1,000,000:   14s.  Last read position: chr16:44,139,997
INFO	2015-04-01 11:26:41	MarkDuplicates	Tracking 413738 as yet unmatched pairs. 6463 records in RAM.
INFO	2015-04-01 11:26:56	MarkDuplicates	Read    49,000,000 records.  Elapsed time: 00:33:15s.  Time for last 1,000,000:   15s.  Last read position: chr16:91,671,579
INFO	2015-04-01 11:26:56	MarkDuplicates	Tracking 420119 as yet unmatched pairs. 1655 records in RAM.
INFO	2015-04-01 11:27:19	MarkDuplicates	Read    50,000,000 records.  Elapsed time: 00:33:37s.  Time for last 1,000,000:   22s.  Last read position: chr17:14,666,859
INFO	2015-04-01 11:27:19	MarkDuplicates	Tracking 426135 as yet unmatched pairs. 33056 records in RAM.
INFO	2015-04-01 11:27:30	MarkDuplicates	Read    51,000,000 records.  Elapsed time: 00:33:52s.  Time for last 1,000,000:   14s.  Last read position: chr17:26,082,131
INFO	2015-04-01 11:27:30	MarkDuplicates	Tracking 430763 as yet unmatched pairs. 26306 records in RAM.
INFO	2015-04-01 11:27:40	MarkDuplicates	Read    52,000,000 records.  Elapsed time: 00:34:02s.  Time for last 1,000,000:   10s.  Last read position: chr17:33,823,076
INFO	2015-04-01 11:27:40	MarkDuplicates	Tracking 430401 as yet unmatched pairs. 17878 records in RAM.
INFO	2015-04-01 11:28:39	MarkDuplicates	Read    53,000,000 records.  Elapsed time: 00:35:00s.  Time for last 1,000,000:   57s.  Last read position: chr17:39,847,001
INFO	2015-04-01 11:28:39	MarkDuplicates	Tracking 432293 as yet unmatched pairs. 12003 records in RAM.
INFO	2015-04-01 11:28:52	MarkDuplicates	Read    54,000,000 records.  Elapsed time: 00:35:13s.  Time for last 1,000,000:   13s.  Last read position: chr17:56,566,600
INFO	2015-04-01 11:28:52	MarkDuplicates	Tracking 439720 as yet unmatched pairs. 7103 records in RAM.
INFO	2015-04-01 11:29:08	MarkDuplicates	Read    55,000,000 records.  Elapsed time: 00:35:26s.  Time for last 1,000,000:   12s.  Last read position: chr17:87,135,608
INFO	2015-04-01 11:29:08	MarkDuplicates	Tracking 441230 as yet unmatched pairs. 2263 records in RAM.
INFO	2015-04-01 11:29:33	MarkDuplicates	Read    56,000,000 records.  Elapsed time: 00:35:52s.  Time for last 1,000,000:   26s.  Last read position: chr18:33,438,109
INFO	2015-04-01 11:29:33	MarkDuplicates	Tracking 437618 as yet unmatched pairs. 17005 records in RAM.
INFO	2015-04-01 11:29:46	MarkDuplicates	Read    57,000,000 records.  Elapsed time: 00:36:07s.  Time for last 1,000,000:   14s.  Last read position: chr18:53,194,507
INFO	2015-04-01 11:29:46	MarkDuplicates	Tracking 443319 as yet unmatched pairs. 11446 records in RAM.
INFO	2015-04-01 11:29:55	MarkDuplicates	Read    58,000,000 records.  Elapsed time: 00:36:17s.  Time for last 1,000,000:   10s.  Last read position: chr18:70,625,836
INFO	2015-04-01 11:29:55	MarkDuplicates	Tracking 439986 as yet unmatched pairs. 1843 records in RAM.
INFO	2015-04-01 11:30:46	MarkDuplicates	Read    59,000,000 records.  Elapsed time: 00:37:05s.  Time for last 1,000,000:   47s.  Last read position: chr19:5,493,488
INFO	2015-04-01 11:30:46	MarkDuplicates	Tracking 442991 as yet unmatched pairs. 22404 records in RAM.
INFO	2015-04-01 11:31:00	MarkDuplicates	Read    60,000,000 records.  Elapsed time: 00:37:19s.  Time for last 1,000,000:   14s.  Last read position: chr19:9,833,307
INFO	2015-04-01 11:31:00	MarkDuplicates	Tracking 439914 as yet unmatched pairs. 14879 records in RAM.
INFO	2015-04-01 11:31:14	MarkDuplicates	Read    61,000,000 records.  Elapsed time: 00:37:32s.  Time for last 1,000,000:   13s.  Last read position: chr19:38,725,005
INFO	2015-04-01 11:31:14	MarkDuplicates	Tracking 443168 as yet unmatched pairs. 8801 records in RAM.
INFO	2015-04-01 11:31:28	MarkDuplicates	Read    62,000,000 records.  Elapsed time: 00:37:46s.  Time for last 1,000,000:   13s.  Last read position: chr19:59,322,534
INFO	2015-04-01 11:31:28	MarkDuplicates	Tracking 446059 as yet unmatched pairs. 7397 records in RAM.
INFO	2015-04-01 11:31:57	MarkDuplicates	Read    63,000,000 records.  Elapsed time: 00:38:16s.  Time for last 1,000,000:   30s.  Last read position: chr2:26,209,705
INFO	2015-04-01 11:31:57	MarkDuplicates	Tracking 444683 as yet unmatched pairs. 42931 records in RAM.
INFO	2015-04-01 11:32:11	MarkDuplicates	Read    64,000,000 records.  Elapsed time: 00:38:30s.  Time for last 1,000,000:   14s.  Last read position: chr2:32,232,847
INFO	2015-04-01 11:32:11	MarkDuplicates	Tracking 450509 as yet unmatched pairs. 39133 records in RAM.
INFO	2015-04-01 11:32:23	MarkDuplicates	Read    65,000,000 records.  Elapsed time: 00:38:43s.  Time for last 1,000,000:   12s.  Last read position: chr2:60,759,228
INFO	2015-04-01 11:32:23	MarkDuplicates	Tracking 445712 as yet unmatched pairs. 30078 records in RAM.
INFO	2015-04-01 11:33:17	MarkDuplicates	Read    66,000,000 records.  Elapsed time: 00:39:36s.  Time for last 1,000,000:   52s.  Last read position: chr2:90,751,462
INFO	2015-04-01 11:33:17	MarkDuplicates	Tracking 452423 as yet unmatched pairs. 24470 records in RAM.
INFO	2015-04-01 11:33:30	MarkDuplicates	Read    67,000,000 records.  Elapsed time: 00:39:49s.  Time for last 1,000,000:   12s.  Last read position: chr2:118,882,331
INFO	2015-04-01 11:33:30	MarkDuplicates	Tracking 452461 as yet unmatched pairs. 21239 records in RAM.
INFO	2015-04-01 11:33:44	MarkDuplicates	Read    68,000,000 records.  Elapsed time: 00:40:05s.  Time for last 1,000,000:   15s.  Last read position: chr2:130,171,866
INFO	2015-04-01 11:33:44	MarkDuplicates	Tracking 454513 as yet unmatched pairs. 18318 records in RAM.
INFO	2015-04-01 11:33:59	MarkDuplicates	Read    69,000,000 records.  Elapsed time: 00:40:19s.  Time for last 1,000,000:   14s.  Last read position: chr2:154,861,931
INFO	2015-04-01 11:33:59	MarkDuplicates	Tracking 452569 as yet unmatched pairs. 13030 records in RAM.
INFO	2015-04-01 11:34:22	MarkDuplicates	Read    70,000,000 records.  Elapsed time: 00:40:43s.  Time for last 1,000,000:   23s.  Last read position: chr2:166,072,824
INFO	2015-04-01 11:34:22	MarkDuplicates	Tracking 448558 as yet unmatched pairs. 4531 records in RAM.
INFO	2015-04-01 11:34:34	MarkDuplicates	Read    71,000,000 records.  Elapsed time: 00:40:53s.  Time for last 1,000,000:   10s.  Last read position: chr2:179,913,034
INFO	2015-04-01 11:34:34	MarkDuplicates	Tracking 449921 as yet unmatched pairs. 1002 records in RAM.
INFO	2015-04-01 11:34:46	MarkDuplicates	Read    72,000,000 records.  Elapsed time: 00:41:07s.  Time for last 1,000,000:   13s.  Last read position: chr3:36,964,998
INFO	2015-04-01 11:34:46	MarkDuplicates	Tracking 452529 as yet unmatched pairs. 68907 records in RAM.
INFO	2015-04-01 11:34:58	MarkDuplicates	Read    73,000,000 records.  Elapsed time: 00:41:17s.  Time for last 1,000,000:   10s.  Last read position: chr3:63,382,072
INFO	2015-04-01 11:34:58	MarkDuplicates	Tracking 435953 as yet unmatched pairs. 45237 records in RAM.
INFO	2015-04-01 11:35:45	MarkDuplicates	Read    74,000,000 records.  Elapsed time: 00:42:04s.  Time for last 1,000,000:   46s.  Last read position: chr3:88,724,001
INFO	2015-04-01 11:35:45	MarkDuplicates	Tracking 423720 as yet unmatched pairs. 29926 records in RAM.
INFO	2015-04-01 11:36:00	MarkDuplicates	Read    75,000,000 records.  Elapsed time: 00:42:20s.  Time for last 1,000,000:   15s.  Last read position: chr3:97,248,344
INFO	2015-04-01 11:36:00	MarkDuplicates	Tracking 419495 as yet unmatched pairs. 19845 records in RAM.
INFO	2015-04-01 11:36:15	MarkDuplicates	Read    76,000,000 records.  Elapsed time: 00:42:35s.  Time for last 1,000,000:   15s.  Last read position: chr3:121,451,495
INFO	2015-04-01 11:36:15	MarkDuplicates	Tracking 418943 as yet unmatched pairs. 16710 records in RAM.
INFO	2015-04-01 11:36:29	MarkDuplicates	Read    77,000,000 records.  Elapsed time: 00:42:50s.  Time for last 1,000,000:   14s.  Last read position: chr3:148,852,615
INFO	2015-04-01 11:36:29	MarkDuplicates	Tracking 410936 as yet unmatched pairs. 1288 records in RAM.
INFO	2015-04-01 11:36:48	MarkDuplicates	Read    78,000,000 records.  Elapsed time: 00:43:07s.  Time for last 1,000,000:   17s.  Last read position: chr4:34,805,270
INFO	2015-04-01 11:36:48	MarkDuplicates	Tracking 424558 as yet unmatched pairs. 53076 records in RAM.
INFO	2015-04-01 11:37:18	MarkDuplicates	Read    79,000,000 records.  Elapsed time: 00:43:38s.  Time for last 1,000,000:   30s.  Last read position: chr4:55,530,631
INFO	2015-04-01 11:37:18	MarkDuplicates	Tracking 418153 as yet unmatched pairs. 44680 records in RAM.
INFO	2015-04-01 11:37:30	MarkDuplicates	Read    80,000,000 records.  Elapsed time: 00:43:51s.  Time for last 1,000,000:   12s.  Last read position: chr4:101,656,292
INFO	2015-04-01 11:37:30	MarkDuplicates	Tracking 412916 as yet unmatched pairs. 35527 records in RAM.
INFO	2015-04-01 11:37:43	MarkDuplicates	Read    81,000,000 records.  Elapsed time: 00:44:03s.  Time for last 1,000,000:   12s.  Last read position: chr4:119,279,183
INFO	2015-04-01 11:37:43	MarkDuplicates	Tracking 421612 as yet unmatched pairs. 34520 records in RAM.
INFO	2015-04-01 11:37:55	MarkDuplicates	Read    82,000,000 records.  Elapsed time: 00:44:14s.  Time for last 1,000,000:   11s.  Last read position: chr4:130,079,275
INFO	2015-04-01 11:37:55	MarkDuplicates	Tracking 413630 as yet unmatched pairs. 24405 records in RAM.
INFO	2015-04-01 11:38:51	MarkDuplicates	Read    83,000,000 records.  Elapsed time: 00:45:12s.  Time for last 1,000,000:   57s.  Last read position: chr4:136,548,157
INFO	2015-04-01 11:38:51	MarkDuplicates	Tracking 415144 as yet unmatched pairs. 16365 records in RAM.
INFO	2015-04-01 11:39:04	MarkDuplicates	Read    84,000,000 records.  Elapsed time: 00:45:25s.  Time for last 1,000,000:   13s.  Last read position: chr4:150,247,518
INFO	2015-04-01 11:39:04	MarkDuplicates	Tracking 410726 as yet unmatched pairs. 6256 records in RAM.
INFO	2015-04-01 11:39:23	MarkDuplicates	Read    85,000,000 records.  Elapsed time: 00:45:44s.  Time for last 1,000,000:   18s.  Last read position: chr5:20,760,266
INFO	2015-04-01 11:39:24	MarkDuplicates	Tracking 424550 as yet unmatched pairs. 64777 records in RAM.
INFO	2015-04-01 11:39:38	MarkDuplicates	Read    86,000,000 records.  Elapsed time: 00:45:58s.  Time for last 1,000,000:   14s.  Last read position: chr5:34,809,383
INFO	2015-04-01 11:39:38	MarkDuplicates	Tracking 418437 as yet unmatched pairs. 54681 records in RAM.
INFO	2015-04-01 11:39:55	MarkDuplicates	Read    87,000,000 records.  Elapsed time: 00:46:14s.  Time for last 1,000,000:   16s.  Last read position: chr5:76,207,904
INFO	2015-04-01 11:39:55	MarkDuplicates	Tracking 410479 as yet unmatched pairs. 45147 records in RAM.
INFO	2015-04-01 11:40:25	MarkDuplicates	Read    88,000,000 records.  Elapsed time: 00:46:45s.  Time for last 1,000,000:   31s.  Last read position: chr5:107,924,655
INFO	2015-04-01 11:40:25	MarkDuplicates	Tracking 416493 as yet unmatched pairs. 39230 records in RAM.
INFO	2015-04-01 11:40:42	MarkDuplicates	Read    89,000,000 records.  Elapsed time: 00:47:02s.  Time for last 1,000,000:   16s.  Last read position: chr5:118,264,174
INFO	2015-04-01 11:40:42	MarkDuplicates	Tracking 422884 as yet unmatched pairs. 32200 records in RAM.
INFO	2015-04-01 11:40:59	MarkDuplicates	Read    90,000,000 records.  Elapsed time: 00:47:17s.  Time for last 1,000,000:   15s.  Last read position: chr5:125,387,421
INFO	2015-04-01 11:40:59	MarkDuplicates	Tracking 417728 as yet unmatched pairs. 25974 records in RAM.
INFO	2015-04-01 11:41:15	MarkDuplicates	Read    91,000,000 records.  Elapsed time: 00:47:34s.  Time for last 1,000,000:   16s.  Last read position: chr5:137,518,586
INFO	2015-04-01 11:41:15	MarkDuplicates	Tracking 408584 as yet unmatched pairs. 15032 records in RAM.
INFO	2015-04-01 11:42:17	MarkDuplicates	Read    92,000,000 records.  Elapsed time: 00:48:36s.  Time for last 1,000,000:   62s.  Last read position: chr5:146,835,602
INFO	2015-04-01 11:42:17	MarkDuplicates	Tracking 411158 as yet unmatched pairs. 13911 records in RAM.
INFO	2015-04-01 11:42:36	MarkDuplicates	Read    93,000,000 records.  Elapsed time: 00:48:54s.  Time for last 1,000,000:   18s.  Last read position: chr6:10,312,306
INFO	2015-04-01 11:42:36	MarkDuplicates	Tracking 388660 as yet unmatched pairs. 49126 records in RAM.
INFO	2015-04-01 11:42:53	MarkDuplicates	Read    94,000,000 records.  Elapsed time: 00:49:11s.  Time for last 1,000,000:   17s.  Last read position: chr6:36,741,289
INFO	2015-04-01 11:42:53	MarkDuplicates	Tracking 390188 as yet unmatched pairs. 48638 records in RAM.
INFO	2015-04-01 11:43:10	MarkDuplicates	Read    95,000,000 records.  Elapsed time: 00:49:28s.  Time for last 1,000,000:   16s.  Last read position: chr6:57,739,134
INFO	2015-04-01 11:43:10	MarkDuplicates	Tracking 378978 as yet unmatched pairs. 36017 records in RAM.
INFO	2015-04-01 11:43:39	MarkDuplicates	Read    96,000,000 records.  Elapsed time: 00:49:58s.  Time for last 1,000,000:   29s.  Last read position: chr6:87,999,577
INFO	2015-04-01 11:43:39	MarkDuplicates	Tracking 377721 as yet unmatched pairs. 31153 records in RAM.
INFO	2015-04-01 11:43:56	MarkDuplicates	Read    97,000,000 records.  Elapsed time: 00:50:14s.  Time for last 1,000,000:   15s.  Last read position: chr6:117,925,199
INFO	2015-04-01 11:43:56	MarkDuplicates	Tracking 372072 as yet unmatched pairs. 24228 records in RAM.
INFO	2015-04-01 11:44:13	MarkDuplicates	Read    98,000,000 records.  Elapsed time: 00:50:30s.  Time for last 1,000,000:   15s.  Last read position: chr6:128,202,646
INFO	2015-04-01 11:44:13	MarkDuplicates	Tracking 361106 as yet unmatched pairs. 9584 records in RAM.
INFO	2015-04-01 11:44:30	MarkDuplicates	Read    99,000,000 records.  Elapsed time: 00:50:48s.  Time for last 1,000,000:   18s.  Last read position: chr7:4,794,488
INFO	2015-04-01 11:44:30	MarkDuplicates	Tracking 354830 as yet unmatched pairs. 87484 records in RAM.
INFO	2015-04-01 11:44:47	MarkDuplicates	Read   100,000,000 records.  Elapsed time: 00:51:04s.  Time for last 1,000,000:   16s.  Last read position: chr7:19,697,479
INFO	2015-04-01 11:44:47	MarkDuplicates	Tracking 350258 as yet unmatched pairs. 81623 records in RAM.
INFO	2015-04-01 11:46:28	MarkDuplicates	Read   101,000,000 records.  Elapsed time: 00:52:31s.  Time for last 1,000,000:   86s.  Last read position: chr7:30,562,075
INFO	2015-04-01 11:46:28	MarkDuplicates	Tracking 340829 as yet unmatched pairs. 71316 records in RAM.
INFO	2015-04-01 11:47:01	MarkDuplicates	Read   102,000,000 records.  Elapsed time: 00:53:13s.  Time for last 1,000,000:   42s.  Last read position: chr7:45,459,595
INFO	2015-04-01 11:47:01	MarkDuplicates	Tracking 337566 as yet unmatched pairs. 66484 records in RAM.
INFO	2015-04-01 11:47:33	MarkDuplicates	Read   103,000,000 records.  Elapsed time: 00:53:47s.  Time for last 1,000,000:   33s.  Last read position: chr7:81,342,789
INFO	2015-04-01 11:47:33	MarkDuplicates	Tracking 326060 as yet unmatched pairs. 53845 records in RAM.
INFO	2015-04-01 11:48:04	MarkDuplicates	Read   104,000,000 records.  Elapsed time: 00:54:13s.  Time for last 1,000,000:   26s.  Last read position: chr7:102,013,306
INFO	2015-04-01 11:48:04	MarkDuplicates	Tracking 308890 as yet unmatched pairs. 35678 records in RAM.
INFO	2015-04-01 11:48:49	MarkDuplicates	Read   105,000,000 records.  Elapsed time: 00:54:55s.  Time for last 1,000,000:   42s.  Last read position: chr7:111,080,210
INFO	2015-04-01 11:48:49	MarkDuplicates	Tracking 302580 as yet unmatched pairs. 28610 records in RAM.
INFO	2015-04-01 11:49:28	MarkDuplicates	Read   106,000,000 records.  Elapsed time: 00:55:29s.  Time for last 1,000,000:   33s.  Last read position: chr7:126,797,772
INFO	2015-04-01 11:49:28	MarkDuplicates	Tracking 289766 as yet unmatched pairs. 14487 records in RAM.
INFO	2015-04-01 11:50:04	MarkDuplicates	Read   107,000,000 records.  Elapsed time: 00:56:07s.  Time for last 1,000,000:   38s.  Last read position: chr7:141,433,962
INFO	2015-04-01 11:50:04	MarkDuplicates	Tracking 285384 as yet unmatched pairs. 6821 records in RAM.
INFO	2015-04-01 11:50:33	MarkDuplicates	Read   108,000,000 records.  Elapsed time: 00:56:39s.  Time for last 1,000,000:   32s.  Last read position: chr7:142,577,757
INFO	2015-04-01 11:50:33	MarkDuplicates	Tracking 297121 as yet unmatched pairs. 18198 records in RAM.
INFO	2015-04-01 11:51:50	MarkDuplicates	Read   109,000,000 records.  Elapsed time: 00:58:09s.  Time for last 1,000,000:   90s.  Last read position: chr7:144,445,831
INFO	2015-04-01 11:51:50	MarkDuplicates	Tracking 280560 as yet unmatched pairs. 983 records in RAM.
INFO	2015-04-01 11:52:19	MarkDuplicates	Read   110,000,000 records.  Elapsed time: 00:58:32s.  Time for last 1,000,000:   22s.  Last read position: chr8:20,580,976
INFO	2015-04-01 11:52:19	MarkDuplicates	Tracking 274097 as yet unmatched pairs. 79879 records in RAM.
INFO	2015-04-01 11:52:57	MarkDuplicates	Read   111,000,000 records.  Elapsed time: 00:59:02s.  Time for last 1,000,000:   29s.  Last read position: chr8:65,028,385
INFO	2015-04-01 11:52:57	MarkDuplicates	Tracking 261486 as yet unmatched pairs. 66001 records in RAM.
INFO	2015-04-01 11:53:27	MarkDuplicates	Read   112,000,000 records.  Elapsed time: 00:59:36s.  Time for last 1,000,000:   34s.  Last read position: chr8:80,765,456
INFO	2015-04-01 11:53:27	MarkDuplicates	Tracking 244522 as yet unmatched pairs. 47433 records in RAM.
INFO	2015-04-01 11:53:56	MarkDuplicates	Read   113,000,000 records.  Elapsed time: 01:00:04s.  Time for last 1,000,000:   28s.  Last read position: chr8:102,647,480
INFO	2015-04-01 11:53:56	MarkDuplicates	Tracking 237603 as yet unmatched pairs. 39425 records in RAM.
INFO	2015-04-01 11:54:44	MarkDuplicates	Read   114,000,000 records.  Elapsed time: 01:00:48s.  Time for last 1,000,000:   43s.  Last read position: chr8:112,842,549
INFO	2015-04-01 11:54:44	MarkDuplicates	Tracking 215465 as yet unmatched pairs. 10821 records in RAM.
INFO	2015-04-01 11:55:27	MarkDuplicates	Read   115,000,000 records.  Elapsed time: 01:01:32s.  Time for last 1,000,000:   44s.  Last read position: chr9:7,851,455
INFO	2015-04-01 11:55:27	MarkDuplicates	Tracking 203587 as yet unmatched pairs. 126103 records in RAM.
INFO	2015-04-01 11:56:05	MarkDuplicates	Read   116,000,000 records.  Elapsed time: 01:02:10s.  Time for last 1,000,000:   37s.  Last read position: chr9:37,222,913
INFO	2015-04-01 11:56:05	MarkDuplicates	Tracking 194150 as yet unmatched pairs. 116418 records in RAM.
INFO	2015-04-01 11:56:47	MarkDuplicates	Read   117,000,000 records.  Elapsed time: 01:02:47s.  Time for last 1,000,000:   37s.  Last read position: chr9:46,050,830
INFO	2015-04-01 11:56:47	MarkDuplicates	Tracking 164315 as yet unmatched pairs. 86411 records in RAM.
INFO	2015-04-01 11:58:18	MarkDuplicates	Read   118,000,000 records.  Elapsed time: 01:04:37s.  Time for last 1,000,000:  109s.  Last read position: chr9:61,913,492
INFO	2015-04-01 11:58:18	MarkDuplicates	Tracking 175860 as yet unmatched pairs. 89150 records in RAM.
INFO	2015-04-01 11:58:41	MarkDuplicates	Read   119,000,000 records.  Elapsed time: 01:04:57s.  Time for last 1,000,000:   20s.  Last read position: chr9:71,626,776
INFO	2015-04-01 11:58:41	MarkDuplicates	Tracking 154719 as yet unmatched pairs. 67851 records in RAM.
INFO	2015-04-01 11:59:05	MarkDuplicates	Read   120,000,000 records.  Elapsed time: 01:05:17s.  Time for last 1,000,000:   19s.  Last read position: chr9:78,479,660
INFO	2015-04-01 11:59:05	MarkDuplicates	Tracking 181526 as yet unmatched pairs. 94498 records in RAM.
INFO	2015-04-01 11:59:28	MarkDuplicates	Read   121,000,000 records.  Elapsed time: 01:05:43s.  Time for last 1,000,000:   25s.  Last read position: chr9:90,229,022
INFO	2015-04-01 11:59:28	MarkDuplicates	Tracking 142148 as yet unmatched pairs. 54952 records in RAM.
INFO	2015-04-01 11:59:55	MarkDuplicates	Read   122,000,000 records.  Elapsed time: 01:06:17s.  Time for last 1,000,000:   34s.  Last read position: chr9:108,208,955
INFO	2015-04-01 11:59:55	MarkDuplicates	Tracking 121887 as yet unmatched pairs. 34517 records in RAM.
INFO	2015-04-01 12:00:17	MarkDuplicates	Read   123,000,000 records.  Elapsed time: 01:06:30s.  Time for last 1,000,000:   13s.  Last read position: chr9:120,131,060
INFO	2015-04-01 12:00:17	MarkDuplicates	Tracking 107573 as yet unmatched pairs. 20017 records in RAM.
INFO	2015-04-01 12:00:44	MarkDuplicates	Read   124,000,000 records.  Elapsed time: 01:06:54s.  Time for last 1,000,000:   23s.  Last read position: chrM:5,433
INFO	2015-04-01 12:00:44	MarkDuplicates	Tracking 114717 as yet unmatched pairs. 47927 records in RAM.
INFO	2015-04-01 12:01:03	MarkDuplicates	Read   125,000,000 records.  Elapsed time: 01:07:19s.  Time for last 1,000,000:   25s.  Last read position: chrM:7,236
INFO	2015-04-01 12:01:03	MarkDuplicates	Tracking 126146 as yet unmatched pairs. 59320 records in RAM.
INFO	2015-04-01 12:01:22	MarkDuplicates	Read   126,000,000 records.  Elapsed time: 01:07:36s.  Time for last 1,000,000:   16s.  Last read position: chrM:9,080
INFO	2015-04-01 12:01:22	MarkDuplicates	Tracking 123548 as yet unmatched pairs. 56684 records in RAM.
INFO	2015-04-01 12:02:58	MarkDuplicates	Read   127,000,000 records.  Elapsed time: 01:09:06s.  Time for last 1,000,000:   90s.  Last read position: chrM:14,735
INFO	2015-04-01 12:02:58	MarkDuplicates	Tracking 88941 as yet unmatched pairs. 22010 records in RAM.
INFO	2015-04-01 12:03:24	MarkDuplicates	Read   128,000,000 records.  Elapsed time: 01:09:35s.  Time for last 1,000,000:   29s.  Last read position: chrX:38,717,908
INFO	2015-04-01 12:03:24	MarkDuplicates	Tracking 54775 as yet unmatched pairs. 49407 records in RAM.
INFO	2015-04-01 12:03:58	MarkDuplicates	Read   129,000,000 records.  Elapsed time: 01:10:06s.  Time for last 1,000,000:   30s.  Last read position: chrX:74,272,744
INFO	2015-04-01 12:03:58	MarkDuplicates	Tracking 45771 as yet unmatched pairs. 40387 records in RAM.
INFO	2015-04-01 12:04:24	MarkDuplicates	Read   130,000,000 records.  Elapsed time: 01:10:35s.  Time for last 1,000,000:   28s.  Last read position: chrX:105,877,399
INFO	2015-04-01 12:04:24	MarkDuplicates	Tracking 30316 as yet unmatched pairs. 24909 records in RAM.
INFO	2015-04-01 12:05:06	MarkDuplicates	Read   131,000,000 records.  Elapsed time: 01:11:13s.  Time for last 1,000,000:   38s.  Last read position: chrX:144,352,659
INFO	2015-04-01 12:05:06	MarkDuplicates	Tracking 15341 as yet unmatched pairs. 9891 records in RAM.
INFO	2015-04-01 12:05:20	MarkDuplicates	Read 131874762 records. 0 pairs never matched.
INFO	2015-04-01 12:06:13	MarkDuplicates	After buildSortedReadEndLists freeMemory: 14024709776; totalMemory: 28196012032; maxMemory: 38177538048
INFO	2015-04-01 12:06:13	MarkDuplicates	Will retain up to 1193048064 duplicate indices before spilling to disk.
INFO	2015-04-01 12:06:21	MarkDuplicates	Traversing read pair information and detecting duplicates.
INFO	2015-04-01 12:07:28	MarkDuplicates	Traversing fragment information and detecting duplicates.
INFO	2015-04-01 12:09:48	MarkDuplicates	Sorting list of duplicate records.
INFO	2015-04-01 12:10:04	MarkDuplicates	After generateDuplicateIndexes freeMemory: 18467327880; totalMemory: 28196012032; maxMemory: 38177538048
INFO	2015-04-01 12:10:04	MarkDuplicates	Marking 23136304 records as duplicates.
INFO	2015-04-01 12:10:04	MarkDuplicates	Found 6652962 optical duplicate clusters.
INFO	2015-04-01 12:15:52	MarkDuplicates	Written    10,000,000 records.  Elapsed time: 00:05:47s.  Time for last 10,000,000:  347s.  Last read position: chr10:61,692,353
INFO	2015-04-01 12:22:15	MarkDuplicates	Written    20,000,000 records.  Elapsed time: 00:12:10s.  Time for last 10,000,000:  383s.  Last read position: chr11:69,917,255
INFO	2015-04-01 12:28:23	MarkDuplicates	Written    30,000,000 records.  Elapsed time: 00:18:18s.  Time for last 10,000,000:  367s.  Last read position: chr12:109,459,848
INFO	2015-04-01 12:33:50	MarkDuplicates	Written    40,000,000 records.  Elapsed time: 00:23:45s.  Time for last 10,000,000:  327s.  Last read position: chr15:4,091,255
INFO	2015-04-01 12:39:29	MarkDuplicates	Written    50,000,000 records.  Elapsed time: 00:29:24s.  Time for last 10,000,000:  338s.  Last read position: chr17:14,666,859
INFO	2015-04-01 12:44:36	MarkDuplicates	Written    60,000,000 records.  Elapsed time: 00:34:31s.  Time for last 10,000,000:  306s.  Last read position: chr19:9,833,307
INFO	2015-04-01 12:49:39	MarkDuplicates	Written    70,000,000 records.  Elapsed time: 00:39:34s.  Time for last 10,000,000:  303s.  Last read position: chr2:166,072,824
INFO	2015-04-01 12:54:40	MarkDuplicates	Written    80,000,000 records.  Elapsed time: 00:44:35s.  Time for last 10,000,000:  300s.  Last read position: chr4:101,656,292
INFO	2015-04-01 12:59:27	MarkDuplicates	Written    90,000,000 records.  Elapsed time: 00:49:22s.  Time for last 10,000,000:  287s.  Last read position: chr5:125,387,421
INFO	2015-04-01 13:04:25	MarkDuplicates	Written   100,000,000 records.  Elapsed time: 00:54:21s.  Time for last 10,000,000:  298s.  Last read position: chr7:19,697,479
INFO	2015-04-01 13:09:41	MarkDuplicates	Written   110,000,000 records.  Elapsed time: 00:59:36s.  Time for last 10,000,000:  315s.  Last read position: chr8:20,580,976
INFO	2015-04-01 13:15:18	MarkDuplicates	Written   120,000,000 records.  Elapsed time: 01:05:13s.  Time for last 10,000,000:  336s.  Last read position: chr9:78,479,660
INFO	2015-04-01 13:20:59	MarkDuplicates	Written   130,000,000 records.  Elapsed time: 01:10:54s.  Time for last 10,000,000:  340s.  Last read position: chrX:105,877,399
INFO	2015-04-01 13:22:05	MarkDuplicates	Before output close freeMemory: 27796417864; totalMemory: 28069658624; maxMemory: 38177538048
INFO	2015-04-01 13:22:13	MarkDuplicates	After output close freeMemory: 27984637112; totalMemory: 28257878016; maxMemory: 38177538048
[Wed Apr 01 13:22:13 EDT 2015] net.sf.picard.sam.MarkDuplicates done. Elapsed time: 148.63 minutes.
Runtime.totalMemory()=28257878016
