[Wed Apr 01 11:18:58 EDT 2015] net.sf.picard.sam.MarkDuplicates INPUT=[/n/rinn_data1/users/agroff/seq/OtherMice/Diana/lincP21/bam/JR928/rmdup_accepted_hits_sorted_picard.bam] OUTPUT=/n/rinn_data1/users/agroff/seq/OtherMice/Diana/lincP21/bam/JR928/rmdup_accepted_hits_sorted_duplicates_marked.bam METRICS_FILE=dup_metrics.txt    PROGRAM_RECORD_ID=MarkDuplicates PROGRAM_GROUP_NAME=MarkDuplicates REMOVE_DUPLICATES=false ASSUME_SORTED=false MAX_SEQUENCES_FOR_DISK_READ_ENDS_MAP=50000 MAX_FILE_HANDLES_FOR_READ_ENDS_MAP=8000 SORTING_COLLECTION_SIZE_RATIO=0.25 READ_NAME_REGEX=[a-zA-Z0-9]+:[0-9]:([0-9]+):([0-9]+):([0-9]+).* OPTICAL_DUPLICATE_PIXEL_DISTANCE=100 VERBOSITY=INFO QUIET=false VALIDATION_STRINGENCY=STRICT COMPRESSION_LEVEL=5 MAX_RECORDS_IN_RAM=500000 CREATE_INDEX=false CREATE_MD5_FILE=false
[Wed Apr 01 11:18:58 EDT 2015] Executing as agroff@holy2a08104.rc.fas.harvard.edu on Linux 2.6.32-431.17.1.el6.x86_64 amd64; Java HotSpot(TM) 64-Bit Server VM 1.6.0_11-b03; Picard version: 1.98(1547)
INFO	2015-04-01 11:18:58	MarkDuplicates	Start of doWork freeMemory: 8625056; totalMemory: 9109504; maxMemory: 38177538048
INFO	2015-04-01 11:18:58	MarkDuplicates	Reading input file and constructing read end information.
INFO	2015-04-01 11:18:58	MarkDuplicates	Will retain up to 151498166 data points before spilling to disk.
INFO	2015-04-01 11:20:04	MarkDuplicates	Read     1,000,000 records.  Elapsed time: 00:01:04s.  Time for last 1,000,000:   64s.  Last read position: chr1:55,081,704
INFO	2015-04-01 11:20:04	MarkDuplicates	Tracking 48647 as yet unmatched pairs. 2213 records in RAM.
INFO	2015-04-01 11:20:30	MarkDuplicates	Read     2,000,000 records.  Elapsed time: 00:01:30s.  Time for last 1,000,000:   25s.  Last read position: chr1:88,270,846
INFO	2015-04-01 11:20:30	MarkDuplicates	Tracking 59062 as yet unmatched pairs. 652 records in RAM.
INFO	2015-04-01 11:20:56	MarkDuplicates	Read     3,000,000 records.  Elapsed time: 00:01:56s.  Time for last 1,000,000:   26s.  Last read position: chr1:135,840,912
INFO	2015-04-01 11:20:56	MarkDuplicates	Tracking 82749 as yet unmatched pairs. 7614 records in RAM.
INFO	2015-04-01 11:21:20	MarkDuplicates	Read     4,000,000 records.  Elapsed time: 00:02:21s.  Time for last 1,000,000:   24s.  Last read position: chr1:172,121,310
INFO	2015-04-01 11:21:20	MarkDuplicates	Tracking 88276 as yet unmatched pairs. 3710 records in RAM.
INFO	2015-04-01 11:21:39	MarkDuplicates	Read     5,000,000 records.  Elapsed time: 00:02:39s.  Time for last 1,000,000:   18s.  Last read position: chr10:20,342,159
INFO	2015-04-01 11:21:39	MarkDuplicates	Tracking 100757 as yet unmatched pairs. 3559 records in RAM.
INFO	2015-04-01 11:22:04	MarkDuplicates	Read     6,000,000 records.  Elapsed time: 00:03:04s.  Time for last 1,000,000:   25s.  Last read position: chr10:69,338,882
INFO	2015-04-01 11:22:04	MarkDuplicates	Tracking 115749 as yet unmatched pairs. 4383 records in RAM.
INFO	2015-04-01 11:22:23	MarkDuplicates	Read     7,000,000 records.  Elapsed time: 00:03:23s.  Time for last 1,000,000:   18s.  Last read position: chr10:83,366,272
INFO	2015-04-01 11:22:23	MarkDuplicates	Tracking 119308 as yet unmatched pairs. 3618 records in RAM.
INFO	2015-04-01 11:22:43	MarkDuplicates	Read     8,000,000 records.  Elapsed time: 00:03:43s.  Time for last 1,000,000:   19s.  Last read position: chr10:128,042,200
INFO	2015-04-01 11:22:43	MarkDuplicates	Tracking 135672 as yet unmatched pairs. 4422 records in RAM.
INFO	2015-04-01 11:23:09	MarkDuplicates	Read     9,000,000 records.  Elapsed time: 00:04:06s.  Time for last 1,000,000:   23s.  Last read position: chr11:11,806,166
INFO	2015-04-01 11:23:09	MarkDuplicates	Tracking 160669 as yet unmatched pairs. 5634 records in RAM.
INFO	2015-04-01 11:23:23	MarkDuplicates	Read    10,000,000 records.  Elapsed time: 00:04:21s.  Time for last 1,000,000:   14s.  Last read position: chr11:33,156,695
INFO	2015-04-01 11:23:23	MarkDuplicates	Tracking 204878 as yet unmatched pairs. 46129 records in RAM.
INFO	2015-04-01 11:23:42	MarkDuplicates	Read    11,000,000 records.  Elapsed time: 00:04:42s.  Time for last 1,000,000:   21s.  Last read position: chr11:59,464,145
INFO	2015-04-01 11:23:42	MarkDuplicates	Tracking 209447 as yet unmatched pairs. 43479 records in RAM.
INFO	2015-04-01 11:24:04	MarkDuplicates	Read    12,000,000 records.  Elapsed time: 00:05:03s.  Time for last 1,000,000:   20s.  Last read position: chr11:72,795,359
INFO	2015-04-01 11:24:04	MarkDuplicates	Tracking 223600 as yet unmatched pairs. 52937 records in RAM.
INFO	2015-04-01 11:24:19	MarkDuplicates	Read    13,000,000 records.  Elapsed time: 00:05:16s.  Time for last 1,000,000:   13s.  Last read position: chr11:94,067,919
INFO	2015-04-01 11:24:19	MarkDuplicates	Tracking 231041 as yet unmatched pairs. 50850 records in RAM.
INFO	2015-04-01 11:24:38	MarkDuplicates	Read    14,000,000 records.  Elapsed time: 00:05:37s.  Time for last 1,000,000:   20s.  Last read position: chr11:103,046,436
INFO	2015-04-01 11:24:38	MarkDuplicates	Tracking 241751 as yet unmatched pairs. 50734 records in RAM.
INFO	2015-04-01 11:25:02	MarkDuplicates	Read    15,000,000 records.  Elapsed time: 00:06:02s.  Time for last 1,000,000:   25s.  Last read position: chr11:120,497,081
INFO	2015-04-01 11:25:02	MarkDuplicates	Tracking 253548 as yet unmatched pairs. 49995 records in RAM.
INFO	2015-04-01 11:25:33	MarkDuplicates	Read    16,000,000 records.  Elapsed time: 00:06:31s.  Time for last 1,000,000:   28s.  Last read position: chr12:51,744,079
INFO	2015-04-01 11:25:33	MarkDuplicates	Tracking 279491 as yet unmatched pairs. 3397 records in RAM.
INFO	2015-04-01 11:25:59	MarkDuplicates	Read    17,000,000 records.  Elapsed time: 00:06:58s.  Time for last 1,000,000:   27s.  Last read position: chr12:86,057,170
INFO	2015-04-01 11:25:59	MarkDuplicates	Tracking 295139 as yet unmatched pairs. 2343 records in RAM.
INFO	2015-04-01 11:26:13	MarkDuplicates	Read    18,000,000 records.  Elapsed time: 00:07:13s.  Time for last 1,000,000:   15s.  Last read position: chr13:12,301,016
INFO	2015-04-01 11:26:13	MarkDuplicates	Tracking 303221 as yet unmatched pairs. 12162 records in RAM.
INFO	2015-04-01 11:26:27	MarkDuplicates	Read    19,000,000 records.  Elapsed time: 00:07:27s.  Time for last 1,000,000:   13s.  Last read position: chr13:55,593,335
INFO	2015-04-01 11:26:27	MarkDuplicates	Tracking 322499 as yet unmatched pairs. 9477 records in RAM.
INFO	2015-04-01 11:26:57	MarkDuplicates	Read    20,000,000 records.  Elapsed time: 00:07:54s.  Time for last 1,000,000:   27s.  Last read position: chr13:98,867,085
INFO	2015-04-01 11:26:57	MarkDuplicates	Tracking 343431 as yet unmatched pairs. 1916 records in RAM.
INFO	2015-04-01 11:27:15	MarkDuplicates	Read    21,000,000 records.  Elapsed time: 00:08:13s.  Time for last 1,000,000:   19s.  Last read position: chr14:24,490,719
INFO	2015-04-01 11:27:15	MarkDuplicates	Tracking 369304 as yet unmatched pairs. 24384 records in RAM.
INFO	2015-04-01 11:27:40	MarkDuplicates	Read    22,000,000 records.  Elapsed time: 00:08:38s.  Time for last 1,000,000:   24s.  Last read position: chr14:54,468,240
INFO	2015-04-01 11:27:40	MarkDuplicates	Tracking 367186 as yet unmatched pairs. 10492 records in RAM.
INFO	2015-04-01 11:27:51	MarkDuplicates	Read    23,000,000 records.  Elapsed time: 00:08:49s.  Time for last 1,000,000:   10s.  Last read position: chr14:66,987,595
INFO	2015-04-01 11:27:51	MarkDuplicates	Tracking 379334 as yet unmatched pairs. 15392 records in RAM.
INFO	2015-04-01 11:28:08	MarkDuplicates	Read    24,000,000 records.  Elapsed time: 00:09:05s.  Time for last 1,000,000:   15s.  Last read position: chr15:12,321,783
INFO	2015-04-01 11:28:08	MarkDuplicates	Tracking 385003 as yet unmatched pairs. 9576 records in RAM.
INFO	2015-04-01 11:28:36	MarkDuplicates	Read    25,000,000 records.  Elapsed time: 00:09:33s.  Time for last 1,000,000:   27s.  Last read position: chr15:77,016,961
INFO	2015-04-01 11:28:36	MarkDuplicates	Tracking 390456 as yet unmatched pairs. 7819 records in RAM.
INFO	2015-04-01 11:28:47	MarkDuplicates	Read    26,000,000 records.  Elapsed time: 00:09:46s.  Time for last 1,000,000:   12s.  Last read position: chr15:97,009,033
INFO	2015-04-01 11:28:47	MarkDuplicates	Tracking 390741 as yet unmatched pairs. 1792 records in RAM.
INFO	2015-04-01 11:29:06	MarkDuplicates	Read    27,000,000 records.  Elapsed time: 00:10:05s.  Time for last 1,000,000:   18s.  Last read position: chr16:4,480,349
INFO	2015-04-01 11:29:06	MarkDuplicates	Tracking 411617 as yet unmatched pairs. 11332 records in RAM.
INFO	2015-04-01 11:29:38	MarkDuplicates	Read    28,000,000 records.  Elapsed time: 00:10:36s.  Time for last 1,000,000:   31s.  Last read position: chr16:33,058,689
INFO	2015-04-01 11:29:38	MarkDuplicates	Tracking 421942 as yet unmatched pairs. 9299 records in RAM.
INFO	2015-04-01 11:29:50	MarkDuplicates	Read    29,000,000 records.  Elapsed time: 00:10:48s.  Time for last 1,000,000:   12s.  Last read position: chr16:94,456,721
INFO	2015-04-01 11:29:50	MarkDuplicates	Tracking 427223 as yet unmatched pairs. 1091 records in RAM.
INFO	2015-04-01 11:30:05	MarkDuplicates	Read    30,000,000 records.  Elapsed time: 00:11:04s.  Time for last 1,000,000:   15s.  Last read position: chr17:24,720,568
INFO	2015-04-01 11:30:05	MarkDuplicates	Tracking 434742 as yet unmatched pairs. 24260 records in RAM.
INFO	2015-04-01 11:30:19	MarkDuplicates	Read    31,000,000 records.  Elapsed time: 00:11:17s.  Time for last 1,000,000:   13s.  Last read position: chr17:35,052,900
INFO	2015-04-01 11:30:19	MarkDuplicates	Tracking 436779 as yet unmatched pairs. 13777 records in RAM.
INFO	2015-04-01 11:30:59	MarkDuplicates	Read    32,000,000 records.  Elapsed time: 00:11:54s.  Time for last 1,000,000:   36s.  Last read position: chr17:56,711,508
INFO	2015-04-01 11:30:59	MarkDuplicates	Tracking 448270 as yet unmatched pairs. 6781 records in RAM.
INFO	2015-04-01 11:31:14	MarkDuplicates	Read    33,000,000 records.  Elapsed time: 00:12:10s.  Time for last 1,000,000:   15s.  Last read position: chr18:10,065,412
INFO	2015-04-01 11:31:14	MarkDuplicates	Tracking 448433 as yet unmatched pairs. 18311 records in RAM.
INFO	2015-04-01 11:31:33	MarkDuplicates	Read    34,000,000 records.  Elapsed time: 00:12:31s.  Time for last 1,000,000:   20s.  Last read position: chr18:50,160,147
INFO	2015-04-01 11:31:33	MarkDuplicates	Tracking 457119 as yet unmatched pairs. 10351 records in RAM.
INFO	2015-04-01 11:31:50	MarkDuplicates	Read    35,000,000 records.  Elapsed time: 00:12:45s.  Time for last 1,000,000:   13s.  Last read position: chr19:4,065,948
INFO	2015-04-01 11:31:50	MarkDuplicates	Tracking 454917 as yet unmatched pairs. 14201 records in RAM.
INFO	2015-04-01 11:32:32	MarkDuplicates	Read    36,000,000 records.  Elapsed time: 00:13:28s.  Time for last 1,000,000:   43s.  Last read position: chr19:18,581,149
INFO	2015-04-01 11:32:32	MarkDuplicates	Tracking 454905 as yet unmatched pairs. 9687 records in RAM.
INFO	2015-04-01 11:32:47	MarkDuplicates	Read    37,000,000 records.  Elapsed time: 00:13:45s.  Time for last 1,000,000:   16s.  Last read position: chr19:53,631,629
INFO	2015-04-01 11:32:47	MarkDuplicates	Tracking 461672 as yet unmatched pairs. 4914 records in RAM.
INFO	2015-04-01 11:33:06	MarkDuplicates	Read    38,000,000 records.  Elapsed time: 00:14:06s.  Time for last 1,000,000:   21s.  Last read position: chr2:27,459,523
INFO	2015-04-01 11:33:06	MarkDuplicates	Tracking 470397 as yet unmatched pairs. 26329 records in RAM.
INFO	2015-04-01 11:33:23	MarkDuplicates	Read    39,000,000 records.  Elapsed time: 00:14:19s.  Time for last 1,000,000:   12s.  Last read position: chr2:70,713,542
INFO	2015-04-01 11:33:23	MarkDuplicates	Tracking 468875 as yet unmatched pairs. 19468 records in RAM.
INFO	2015-04-01 11:33:37	MarkDuplicates	Read    40,000,000 records.  Elapsed time: 00:14:34s.  Time for last 1,000,000:   14s.  Last read position: chr2:103,767,331
INFO	2015-04-01 11:33:37	MarkDuplicates	Tracking 473796 as yet unmatched pairs. 15587 records in RAM.
INFO	2015-04-01 11:34:11	MarkDuplicates	Read    41,000,000 records.  Elapsed time: 00:15:09s.  Time for last 1,000,000:   35s.  Last read position: chr2:129,284,870
INFO	2015-04-01 11:34:11	MarkDuplicates	Tracking 475663 as yet unmatched pairs. 12170 records in RAM.
INFO	2015-04-01 11:34:28	MarkDuplicates	Read    42,000,000 records.  Elapsed time: 00:15:23s.  Time for last 1,000,000:   13s.  Last read position: chr2:157,060,391
INFO	2015-04-01 11:34:28	MarkDuplicates	Tracking 472415 as yet unmatched pairs. 5048 records in RAM.
INFO	2015-04-01 11:34:44	MarkDuplicates	Read    43,000,000 records.  Elapsed time: 00:15:42s.  Time for last 1,000,000:   19s.  Last read position: chr2:181,384,999
INFO	2015-04-01 11:34:44	MarkDuplicates	Tracking 473626 as yet unmatched pairs. 1656 records in RAM.
INFO	2015-04-01 11:34:57	MarkDuplicates	Read    44,000,000 records.  Elapsed time: 00:15:55s.  Time for last 1,000,000:   13s.  Last read position: chr3:57,646,650
INFO	2015-04-01 11:34:57	MarkDuplicates	Tracking 464346 as yet unmatched pairs. 33614 records in RAM.
INFO	2015-04-01 11:35:12	MarkDuplicates	Read    45,000,000 records.  Elapsed time: 00:16:08s.  Time for last 1,000,000:   12s.  Last read position: chr3:95,236,083
INFO	2015-04-01 11:35:12	MarkDuplicates	Tracking 456338 as yet unmatched pairs. 19215 records in RAM.
INFO	2015-04-01 11:36:00	MarkDuplicates	Read    46,000,000 records.  Elapsed time: 00:16:58s.  Time for last 1,000,000:   49s.  Last read position: chr3:122,257,140
INFO	2015-04-01 11:36:00	MarkDuplicates	Tracking 450263 as yet unmatched pairs. 9286 records in RAM.
INFO	2015-04-01 11:36:12	MarkDuplicates	Read    47,000,000 records.  Elapsed time: 00:17:12s.  Time for last 1,000,000:   14s.  Last read position: chr4:11,513,207
INFO	2015-04-01 11:36:12	MarkDuplicates	Tracking 459956 as yet unmatched pairs. 42752 records in RAM.
INFO	2015-04-01 11:36:24	MarkDuplicates	Read    48,000,000 records.  Elapsed time: 00:17:24s.  Time for last 1,000,000:   11s.  Last read position: chr4:75,277,440
INFO	2015-04-01 11:36:24	MarkDuplicates	Tracking 454820 as yet unmatched pairs. 33637 records in RAM.
INFO	2015-04-01 11:36:48	MarkDuplicates	Read    49,000,000 records.  Elapsed time: 00:17:45s.  Time for last 1,000,000:   21s.  Last read position: chr4:123,292,954
INFO	2015-04-01 11:36:48	MarkDuplicates	Tracking 457169 as yet unmatched pairs. 26422 records in RAM.
INFO	2015-04-01 11:37:01	MarkDuplicates	Read    50,000,000 records.  Elapsed time: 00:17:58s.  Time for last 1,000,000:   12s.  Last read position: chr4:136,892,414
INFO	2015-04-01 11:37:01	MarkDuplicates	Tracking 453147 as yet unmatched pairs. 14933 records in RAM.
INFO	2015-04-01 11:37:12	MarkDuplicates	Read    51,000,000 records.  Elapsed time: 00:18:11s.  Time for last 1,000,000:   12s.  Last read position: chr4:155,990,560
INFO	2015-04-01 11:37:12	MarkDuplicates	Tracking 444318 as yet unmatched pairs. 2046 records in RAM.
INFO	2015-04-01 11:38:09	MarkDuplicates	Read    52,000,000 records.  Elapsed time: 00:19:07s.  Time for last 1,000,000:   55s.  Last read position: chr5:35,079,473
INFO	2015-04-01 11:38:09	MarkDuplicates	Tracking 454641 as yet unmatched pairs. 37992 records in RAM.
INFO	2015-04-01 11:38:23	MarkDuplicates	Read    53,000,000 records.  Elapsed time: 00:19:22s.  Time for last 1,000,000:   15s.  Last read position: chr5:107,580,176
INFO	2015-04-01 11:38:23	MarkDuplicates	Tracking 447899 as yet unmatched pairs. 29115 records in RAM.
INFO	2015-04-01 11:38:38	MarkDuplicates	Read    54,000,000 records.  Elapsed time: 00:19:38s.  Time for last 1,000,000:   15s.  Last read position: chr5:122,459,621
INFO	2015-04-01 11:38:38	MarkDuplicates	Tracking 457757 as yet unmatched pairs. 21724 records in RAM.
INFO	2015-04-01 11:39:06	MarkDuplicates	Read    55,000,000 records.  Elapsed time: 00:20:03s.  Time for last 1,000,000:   25s.  Last read position: chr5:137,782,434
INFO	2015-04-01 11:39:06	MarkDuplicates	Tracking 453998 as yet unmatched pairs. 15643 records in RAM.
INFO	2015-04-01 11:39:24	MarkDuplicates	Read    56,000,000 records.  Elapsed time: 00:20:22s.  Time for last 1,000,000:   18s.  Last read position: chr6:24,603,780
INFO	2015-04-01 11:39:24	MarkDuplicates	Tracking 428136 as yet unmatched pairs. 49141 records in RAM.
INFO	2015-04-01 11:39:38	MarkDuplicates	Read    57,000,000 records.  Elapsed time: 00:20:37s.  Time for last 1,000,000:   14s.  Last read position: chr6:58,672,073
INFO	2015-04-01 11:39:38	MarkDuplicates	Tracking 418981 as yet unmatched pairs. 37917 records in RAM.
INFO	2015-04-01 11:39:55	MarkDuplicates	Read    58,000,000 records.  Elapsed time: 00:20:51s.  Time for last 1,000,000:   14s.  Last read position: chr6:113,615,813
INFO	2015-04-01 11:39:55	MarkDuplicates	Tracking 418764 as yet unmatched pairs. 33224 records in RAM.
INFO	2015-04-01 11:40:52	MarkDuplicates	Read    59,000,000 records.  Elapsed time: 00:21:48s.  Time for last 1,000,000:   57s.  Last read position: chr6:128,203,103
INFO	2015-04-01 11:40:52	MarkDuplicates	Tracking 400491 as yet unmatched pairs. 8127 records in RAM.
INFO	2015-04-01 11:41:09	MarkDuplicates	Read    60,000,000 records.  Elapsed time: 00:22:07s.  Time for last 1,000,000:   18s.  Last read position: chr7:16,917,094
INFO	2015-04-01 11:41:09	MarkDuplicates	Tracking 396262 as yet unmatched pairs. 61452 records in RAM.
INFO	2015-04-01 11:41:23	MarkDuplicates	Read    61,000,000 records.  Elapsed time: 00:22:22s.  Time for last 1,000,000:   14s.  Last read position: chr7:41,630,372
INFO	2015-04-01 11:41:23	MarkDuplicates	Tracking 387014 as yet unmatched pairs. 49376 records in RAM.
INFO	2015-04-01 11:41:55	MarkDuplicates	Read    62,000,000 records.  Elapsed time: 00:22:52s.  Time for last 1,000,000:   29s.  Last read position: chr7:80,348,159
INFO	2015-04-01 11:41:55	MarkDuplicates	Tracking 375693 as yet unmatched pairs. 36664 records in RAM.
INFO	2015-04-01 11:42:11	MarkDuplicates	Read    63,000,000 records.  Elapsed time: 00:23:07s.  Time for last 1,000,000:   15s.  Last read position: chr7:103,827,846
INFO	2015-04-01 11:42:11	MarkDuplicates	Tracking 401140 as yet unmatched pairs. 61100 records in RAM.
INFO	2015-04-01 11:42:25	MarkDuplicates	Read    64,000,000 records.  Elapsed time: 00:23:23s.  Time for last 1,000,000:   16s.  Last read position: chr7:126,797,490
INFO	2015-04-01 11:42:25	MarkDuplicates	Tracking 392913 as yet unmatched pairs. 51387 records in RAM.
INFO	2015-04-01 11:42:40	MarkDuplicates	Read    65,000,000 records.  Elapsed time: 00:23:39s.  Time for last 1,000,000:   15s.  Last read position: chr7:142,650,954
INFO	2015-04-01 11:42:40	MarkDuplicates	Tracking 392773 as yet unmatched pairs. 47360 records in RAM.
INFO	2015-04-01 11:43:45	MarkDuplicates	Read    66,000,000 records.  Elapsed time: 00:24:45s.  Time for last 1,000,000:   66s.  Last read position: chr8:23,246,798
INFO	2015-04-01 11:43:45	MarkDuplicates	Tracking 378156 as yet unmatched pairs. 55369 records in RAM.
INFO	2015-04-01 11:44:02	MarkDuplicates	Read    67,000,000 records.  Elapsed time: 00:24:58s.  Time for last 1,000,000:   12s.  Last read position: chr8:70,776,981
INFO	2015-04-01 11:44:02	MarkDuplicates	Tracking 366512 as yet unmatched pairs. 41692 records in RAM.
INFO	2015-04-01 11:44:16	MarkDuplicates	Read    68,000,000 records.  Elapsed time: 00:25:14s.  Time for last 1,000,000:   16s.  Last read position: chr8:95,866,944
INFO	2015-04-01 11:44:16	MarkDuplicates	Tracking 353212 as yet unmatched pairs. 27566 records in RAM.
INFO	2015-04-01 11:44:31	MarkDuplicates	Read    69,000,000 records.  Elapsed time: 00:25:29s.  Time for last 1,000,000:   14s.  Last read position: chr8:127,371,730
INFO	2015-04-01 11:44:31	MarkDuplicates	Tracking 333381 as yet unmatched pairs. 1952 records in RAM.
INFO	2015-04-01 11:44:50	MarkDuplicates	Read    70,000,000 records.  Elapsed time: 00:25:46s.  Time for last 1,000,000:   17s.  Last read position: chr9:44,408,005
INFO	2015-04-01 11:44:50	MarkDuplicates	Tracking 312599 as yet unmatched pairs. 83549 records in RAM.
INFO	2015-04-01 11:45:21	MarkDuplicates	Read    71,000,000 records.  Elapsed time: 00:26:17s.  Time for last 1,000,000:   30s.  Last read position: chr9:64,176,119
INFO	2015-04-01 11:45:21	MarkDuplicates	Tracking 302676 as yet unmatched pairs. 67076 records in RAM.
INFO	2015-04-01 11:45:34	MarkDuplicates	Read    72,000,000 records.  Elapsed time: 00:26:31s.  Time for last 1,000,000:   13s.  Last read position: chr9:79,770,305
INFO	2015-04-01 11:45:34	MarkDuplicates	Tracking 294698 as yet unmatched pairs. 58791 records in RAM.
INFO	2015-04-01 11:45:47	MarkDuplicates	Read    73,000,000 records.  Elapsed time: 00:26:44s.  Time for last 1,000,000:   12s.  Last read position: chr9:108,942,157
INFO	2015-04-01 11:45:47	MarkDuplicates	Tracking 273198 as yet unmatched pairs. 37037 records in RAM.
INFO	2015-04-01 11:45:59	MarkDuplicates	Read    74,000,000 records.  Elapsed time: 00:26:59s.  Time for last 1,000,000:   14s.  Last read position: chrM:3,490
INFO	2015-04-01 11:45:59	MarkDuplicates	Tracking 246881 as yet unmatched pairs. 61486 records in RAM.
INFO	2015-04-01 11:47:03	MarkDuplicates	Read    75,000,000 records.  Elapsed time: 00:28:02s.  Time for last 1,000,000:   63s.  Last read position: chrM:8,929
INFO	2015-04-01 11:47:03	MarkDuplicates	Tracking 233764 as yet unmatched pairs. 48192 records in RAM.
INFO	2015-04-01 11:47:16	MarkDuplicates	Read    76,000,000 records.  Elapsed time: 00:28:14s.  Time for last 1,000,000:   11s.  Last read position: chrX:12,716,077
INFO	2015-04-01 11:47:16	MarkDuplicates	Tracking 183546 as yet unmatched pairs. 47421 records in RAM.
INFO	2015-04-01 11:47:28	MarkDuplicates	Read    77,000,000 records.  Elapsed time: 00:28:27s.  Time for last 1,000,000:   13s.  Last read position: chrX:85,739,661
INFO	2015-04-01 11:47:28	MarkDuplicates	Tracking 164497 as yet unmatched pairs. 28315 records in RAM.
INFO	2015-04-01 11:47:45	MarkDuplicates	Read    78,000,000 records.  Elapsed time: 00:28:41s.  Time for last 1,000,000:   13s.  Last read position: chrX:143,820,331
INFO	2015-04-01 11:47:45	MarkDuplicates	Tracking 144552 as yet unmatched pairs. 8341 records in RAM.
INFO	2015-04-01 11:47:50	MarkDuplicates	Read 78530830 records. 134060 pairs never matched.
INFO	2015-04-01 11:48:39	MarkDuplicates	After buildSortedReadEndLists freeMemory: 13782621200; totalMemory: 23174119424; maxMemory: 38177538048
INFO	2015-04-01 11:48:39	MarkDuplicates	Will retain up to 1193048064 duplicate indices before spilling to disk.
INFO	2015-04-01 11:48:42	MarkDuplicates	Traversing read pair information and detecting duplicates.
INFO	2015-04-01 11:49:10	MarkDuplicates	Traversing fragment information and detecting duplicates.
INFO	2015-04-01 11:50:06	MarkDuplicates	Sorting list of duplicate records.
INFO	2015-04-01 11:50:12	MarkDuplicates	After generateDuplicateIndexes freeMemory: 13454869656; totalMemory: 23174119424; maxMemory: 38177538048
INFO	2015-04-01 11:50:12	MarkDuplicates	Marking 1548865 records as duplicates.
INFO	2015-04-01 11:50:12	MarkDuplicates	Found 77006 optical duplicate clusters.
INFO	2015-04-01 11:55:22	MarkDuplicates	Written    10,000,000 records.  Elapsed time: 00:05:09s.  Time for last 10,000,000:  309s.  Last read position: chr11:33,156,695
INFO	2015-04-01 12:00:59	MarkDuplicates	Written    20,000,000 records.  Elapsed time: 00:10:43s.  Time for last 10,000,000:  333s.  Last read position: chr13:98,867,085
INFO	2015-04-01 12:06:11	MarkDuplicates	Written    30,000,000 records.  Elapsed time: 00:15:57s.  Time for last 10,000,000:  314s.  Last read position: chr17:24,720,568
INFO	2015-04-01 12:11:30	MarkDuplicates	Written    40,000,000 records.  Elapsed time: 00:21:18s.  Time for last 10,000,000:  320s.  Last read position: chr2:103,767,331
INFO	2015-04-01 12:18:24	MarkDuplicates	Written    50,000,000 records.  Elapsed time: 00:28:09s.  Time for last 10,000,000:  410s.  Last read position: chr4:136,892,414
INFO	2015-04-01 12:25:31	MarkDuplicates	Written    60,000,000 records.  Elapsed time: 00:35:05s.  Time for last 10,000,000:  416s.  Last read position: chr7:16,917,094
INFO	2015-04-01 12:33:05	MarkDuplicates	Written    70,000,000 records.  Elapsed time: 00:42:35s.  Time for last 10,000,000:  449s.  Last read position: chr9:44,408,005
INFO	2015-04-01 12:38:49	MarkDuplicates	Before output close freeMemory: 32203949256; totalMemory: 32475709440; maxMemory: 38177538048
INFO	2015-04-01 12:39:11	MarkDuplicates	After output close freeMemory: 32540731344; totalMemory: 32812826624; maxMemory: 38177538048
[Wed Apr 01 12:39:11 EDT 2015] net.sf.picard.sam.MarkDuplicates done. Elapsed time: 80.22 minutes.
Runtime.totalMemory()=32812826624
slurmstepd: error: slurm_receive_msg: Transport endpoint is not connected
