[Wed Apr 01 11:04:59 EDT 2015] net.sf.picard.sam.MarkDuplicates INPUT=[/n/rinn_data1/users/agroff/seq/OtherMice/Diana/lincP21/bam/JR918/rmdup_accepted_hits_sorted_picard.bam] OUTPUT=/n/rinn_data1/users/agroff/seq/OtherMice/Diana/lincP21/bam/JR918/rmdup_accepted_hits_sorted_duplicates_marked.bam METRICS_FILE=dup_metrics.txt    PROGRAM_RECORD_ID=MarkDuplicates PROGRAM_GROUP_NAME=MarkDuplicates REMOVE_DUPLICATES=false ASSUME_SORTED=false MAX_SEQUENCES_FOR_DISK_READ_ENDS_MAP=50000 MAX_FILE_HANDLES_FOR_READ_ENDS_MAP=8000 SORTING_COLLECTION_SIZE_RATIO=0.25 READ_NAME_REGEX=[a-zA-Z0-9]+:[0-9]:([0-9]+):([0-9]+):([0-9]+).* OPTICAL_DUPLICATE_PIXEL_DISTANCE=100 VERBOSITY=INFO QUIET=false VALIDATION_STRINGENCY=STRICT COMPRESSION_LEVEL=5 MAX_RECORDS_IN_RAM=500000 CREATE_INDEX=false CREATE_MD5_FILE=false
[Wed Apr 01 11:04:59 EDT 2015] Executing as agroff@holy2a04205.rc.fas.harvard.edu on Linux 2.6.32-431.17.1.el6.x86_64 amd64; Java HotSpot(TM) 64-Bit Server VM 1.6.0_11-b03; Picard version: 1.98(1547)
INFO	2015-04-01 11:05:00	MarkDuplicates	Start of doWork freeMemory: 8629056; totalMemory: 9109504; maxMemory: 38177538048
INFO	2015-04-01 11:05:00	MarkDuplicates	Reading input file and constructing read end information.
INFO	2015-04-01 11:05:00	MarkDuplicates	Will retain up to 151498166 data points before spilling to disk.
INFO	2015-04-01 11:06:21	MarkDuplicates	Read     1,000,000 records.  Elapsed time: 00:01:09s.  Time for last 1,000,000:   69s.  Last read position: chr1:58,403,659
INFO	2015-04-01 11:06:21	MarkDuplicates	Tracking 36431 as yet unmatched pairs. 1800 records in RAM.
INFO	2015-04-01 11:07:04	MarkDuplicates	Read     2,000,000 records.  Elapsed time: 00:01:57s.  Time for last 1,000,000:   48s.  Last read position: chr1:90,801,483
INFO	2015-04-01 11:07:04	MarkDuplicates	Tracking 48221 as yet unmatched pairs. 762 records in RAM.
INFO	2015-04-01 11:07:41	MarkDuplicates	Read     3,000,000 records.  Elapsed time: 00:02:33s.  Time for last 1,000,000:   35s.  Last read position: chr1:150,443,244
INFO	2015-04-01 11:07:41	MarkDuplicates	Tracking 67990 as yet unmatched pairs. 1027 records in RAM.
INFO	2015-04-01 11:08:12	MarkDuplicates	Read     4,000,000 records.  Elapsed time: 00:03:10s.  Time for last 1,000,000:   37s.  Last read position: chr1:180,594,774
INFO	2015-04-01 11:08:12	MarkDuplicates	Tracking 80603 as yet unmatched pairs. 1143 records in RAM.
INFO	2015-04-01 11:08:41	MarkDuplicates	Read     5,000,000 records.  Elapsed time: 00:03:34s.  Time for last 1,000,000:   23s.  Last read position: chr10:40,225,364
INFO	2015-04-01 11:08:41	MarkDuplicates	Tracking 110586 as yet unmatched pairs. 6940 records in RAM.
INFO	2015-04-01 11:09:23	MarkDuplicates	Read     6,000,000 records.  Elapsed time: 00:04:09s.  Time for last 1,000,000:   35s.  Last read position: chr10:79,711,696
INFO	2015-04-01 11:09:23	MarkDuplicates	Tracking 119135 as yet unmatched pairs. 6800 records in RAM.
INFO	2015-04-01 11:10:03	MarkDuplicates	Read     7,000,000 records.  Elapsed time: 00:04:49s.  Time for last 1,000,000:   39s.  Last read position: chr10:93,861,227
INFO	2015-04-01 11:10:03	MarkDuplicates	Tracking 123872 as yet unmatched pairs. 5228 records in RAM.
INFO	2015-04-01 11:10:49	MarkDuplicates	Read     8,000,000 records.  Elapsed time: 00:05:39s.  Time for last 1,000,000:   50s.  Last read position: chr10:128,625,232
INFO	2015-04-01 11:10:49	MarkDuplicates	Tracking 143675 as yet unmatched pairs. 5018 records in RAM.
INFO	2015-04-01 11:11:33	MarkDuplicates	Read     9,000,000 records.  Elapsed time: 00:06:14s.  Time for last 1,000,000:   35s.  Last read position: chr11:30,977,008
INFO	2015-04-01 11:11:33	MarkDuplicates	Tracking 163239 as yet unmatched pairs. 8412 records in RAM.
INFO	2015-04-01 11:12:15	MarkDuplicates	Read    10,000,000 records.  Elapsed time: 00:06:58s.  Time for last 1,000,000:   43s.  Last read position: chr11:32,296,767
INFO	2015-04-01 11:12:15	MarkDuplicates	Tracking 353487 as yet unmatched pairs. 193007 records in RAM.
INFO	2015-04-01 11:12:52	MarkDuplicates	Read    11,000,000 records.  Elapsed time: 00:07:30s.  Time for last 1,000,000:   32s.  Last read position: chr11:32,297,086
INFO	2015-04-01 11:12:52	MarkDuplicates	Tracking 595791 as yet unmatched pairs. 433717 records in RAM.
INFO	2015-04-01 11:13:20	MarkDuplicates	Read    12,000,000 records.  Elapsed time: 00:08:13s.  Time for last 1,000,000:   43s.  Last read position: chr11:45,893,948
INFO	2015-04-01 11:13:20	MarkDuplicates	Tracking 804358 as yet unmatched pairs. 636123 records in RAM.
INFO	2015-04-01 11:13:54	MarkDuplicates	Read    13,000,000 records.  Elapsed time: 00:08:47s.  Time for last 1,000,000:   33s.  Last read position: chr11:62,552,499
INFO	2015-04-01 11:13:54	MarkDuplicates	Tracking 818092 as yet unmatched pairs. 642047 records in RAM.
INFO	2015-04-01 11:14:30	MarkDuplicates	Read    14,000,000 records.  Elapsed time: 00:09:12s.  Time for last 1,000,000:   25s.  Last read position: chr11:77,509,194
INFO	2015-04-01 11:14:30	MarkDuplicates	Tracking 822960 as yet unmatched pairs. 640776 records in RAM.
INFO	2015-04-01 11:15:10	MarkDuplicates	Read    15,000,000 records.  Elapsed time: 00:10:03s.  Time for last 1,000,000:   50s.  Last read position: chr11:95,667,035
INFO	2015-04-01 11:15:10	MarkDuplicates	Tracking 831584 as yet unmatched pairs. 637814 records in RAM.
INFO	2015-04-01 11:15:57	MarkDuplicates	Read    16,000,000 records.  Elapsed time: 00:10:41s.  Time for last 1,000,000:   37s.  Last read position: chr11:102,356,113
INFO	2015-04-01 11:15:57	MarkDuplicates	Tracking 848442 as yet unmatched pairs. 640679 records in RAM.
INFO	2015-04-01 11:16:42	MarkDuplicates	Read    17,000,000 records.  Elapsed time: 00:11:30s.  Time for last 1,000,000:   49s.  Last read position: chr11:117,825,778
INFO	2015-04-01 11:16:42	MarkDuplicates	Tracking 856870 as yet unmatched pairs. 636339 records in RAM.
INFO	2015-04-01 11:18:11	MarkDuplicates	Read    18,000,000 records.  Elapsed time: 00:13:09s.  Time for last 1,000,000:   99s.  Last read position: chr12:24,713,240
INFO	2015-04-01 11:18:11	MarkDuplicates	Tracking 876009 as yet unmatched pairs. 9836 records in RAM.
INFO	2015-04-01 11:18:34	MarkDuplicates	Read    19,000,000 records.  Elapsed time: 00:13:31s.  Time for last 1,000,000:   21s.  Last read position: chr12:76,596,805
INFO	2015-04-01 11:18:34	MarkDuplicates	Tracking 903480 as yet unmatched pairs. 6918 records in RAM.
INFO	2015-04-01 11:19:05	MarkDuplicates	Read    20,000,000 records.  Elapsed time: 00:13:49s.  Time for last 1,000,000:   18s.  Last read position: chr12:103,857,608
INFO	2015-04-01 11:19:05	MarkDuplicates	Tracking 922426 as yet unmatched pairs. 18508 records in RAM.
INFO	2015-04-01 11:19:50	MarkDuplicates	Read    21,000,000 records.  Elapsed time: 00:14:34s.  Time for last 1,000,000:   44s.  Last read position: chr13:3,556,398
INFO	2015-04-01 11:19:50	MarkDuplicates	Tracking 926159 as yet unmatched pairs. 15510 records in RAM.
INFO	2015-04-01 11:20:27	MarkDuplicates	Read    22,000,000 records.  Elapsed time: 00:15:20s.  Time for last 1,000,000:   45s.  Last read position: chr13:51,649,624
INFO	2015-04-01 11:20:27	MarkDuplicates	Tracking 945207 as yet unmatched pairs. 12035 records in RAM.
INFO	2015-04-01 11:21:16	MarkDuplicates	Read    23,000,000 records.  Elapsed time: 00:15:58s.  Time for last 1,000,000:   38s.  Last read position: chr13:91,670,420
INFO	2015-04-01 11:21:16	MarkDuplicates	Tracking 976602 as yet unmatched pairs. 2712 records in RAM.
INFO	2015-04-01 11:21:45	MarkDuplicates	Read    24,000,000 records.  Elapsed time: 00:16:40s.  Time for last 1,000,000:   42s.  Last read position: chr14:24,492,106
INFO	2015-04-01 11:21:45	MarkDuplicates	Tracking 1008881 as yet unmatched pairs. 31053 records in RAM.
INFO	2015-04-01 11:22:03	MarkDuplicates	Read    25,000,000 records.  Elapsed time: 00:16:58s.  Time for last 1,000,000:   17s.  Last read position: chr14:54,895,859
INFO	2015-04-01 11:22:03	MarkDuplicates	Tracking 1001008 as yet unmatched pairs. 13649 records in RAM.
INFO	2015-04-01 11:22:57	MarkDuplicates	Read    26,000,000 records.  Elapsed time: 00:17:43s.  Time for last 1,000,000:   45s.  Last read position: chr14:70,604,288
INFO	2015-04-01 11:22:57	MarkDuplicates	Tracking 1009075 as yet unmatched pairs. 12495 records in RAM.
INFO	2015-04-01 11:23:33	MarkDuplicates	Read    27,000,000 records.  Elapsed time: 00:18:26s.  Time for last 1,000,000:   43s.  Last read position: chr15:25,776,063
INFO	2015-04-01 11:23:33	MarkDuplicates	Tracking 1020177 as yet unmatched pairs. 12036 records in RAM.
INFO	2015-04-01 11:24:16	MarkDuplicates	Read    28,000,000 records.  Elapsed time: 00:19:13s.  Time for last 1,000,000:   46s.  Last read position: chr15:76,904,558
INFO	2015-04-01 11:24:16	MarkDuplicates	Tracking 1026325 as yet unmatched pairs. 9603 records in RAM.
INFO	2015-04-01 11:24:52	MarkDuplicates	Read    29,000,000 records.  Elapsed time: 00:19:32s.  Time for last 1,000,000:   19s.  Last read position: chr15:96,417,036
INFO	2015-04-01 11:24:52	MarkDuplicates	Tracking 1025268 as yet unmatched pairs. 2055 records in RAM.
INFO	2015-04-01 11:25:27	MarkDuplicates	Read    30,000,000 records.  Elapsed time: 00:20:15s.  Time for last 1,000,000:   42s.  Last read position: chr15:103,242,221
INFO	2015-04-01 11:25:27	MarkDuplicates	Tracking 1048515 as yet unmatched pairs. 12911 records in RAM.
INFO	2015-04-01 11:26:06	MarkDuplicates	Read    31,000,000 records.  Elapsed time: 00:20:50s.  Time for last 1,000,000:   35s.  Last read position: chr16:23,058,544
INFO	2015-04-01 11:26:06	MarkDuplicates	Tracking 1052772 as yet unmatched pairs. 8592 records in RAM.
INFO	2015-04-01 11:26:45	MarkDuplicates	Read    32,000,000 records.  Elapsed time: 00:21:40s.  Time for last 1,000,000:   49s.  Last read position: chr16:84,831,422
INFO	2015-04-01 11:26:45	MarkDuplicates	Tracking 1063574 as yet unmatched pairs. 3976 records in RAM.
INFO	2015-04-01 11:27:08	MarkDuplicates	Read    33,000,000 records.  Elapsed time: 00:22:06s.  Time for last 1,000,000:   26s.  Last read position: chr17:24,399,968
INFO	2015-04-01 11:27:08	MarkDuplicates	Tracking 1067432 as yet unmatched pairs. 34261 records in RAM.
INFO	2015-04-01 11:27:31	MarkDuplicates	Read    34,000,000 records.  Elapsed time: 00:22:24s.  Time for last 1,000,000:   17s.  Last read position: chr17:32,197,220
INFO	2015-04-01 11:27:31	MarkDuplicates	Tracking 1069827 as yet unmatched pairs. 18832 records in RAM.
INFO	2015-04-01 11:28:21	MarkDuplicates	Read    35,000,000 records.  Elapsed time: 00:23:05s.  Time for last 1,000,000:   41s.  Last read position: chr17:45,569,050
INFO	2015-04-01 11:28:21	MarkDuplicates	Tracking 1077218 as yet unmatched pairs. 13474 records in RAM.
INFO	2015-04-01 11:29:00	MarkDuplicates	Read    36,000,000 records.  Elapsed time: 00:23:41s.  Time for last 1,000,000:   35s.  Last read position: chr17:84,732,996
INFO	2015-04-01 11:29:00	MarkDuplicates	Tracking 1079007 as yet unmatched pairs. 4527 records in RAM.
INFO	2015-04-01 11:29:54	MarkDuplicates	Read    37,000,000 records.  Elapsed time: 00:24:36s.  Time for last 1,000,000:   55s.  Last read position: chr18:38,451,558
INFO	2015-04-01 11:29:54	MarkDuplicates	Tracking 1076676 as yet unmatched pairs. 12463 records in RAM.
INFO	2015-04-01 11:30:43	MarkDuplicates	Read    38,000,000 records.  Elapsed time: 00:25:12s.  Time for last 1,000,000:   35s.  Last read position: chr18:80,212,492
INFO	2015-04-01 11:30:43	MarkDuplicates	Tracking 1081500 as yet unmatched pairs. 2869 records in RAM.
INFO	2015-04-01 11:31:32	MarkDuplicates	Read    39,000,000 records.  Elapsed time: 00:26:21s.  Time for last 1,000,000:   68s.  Last read position: chr19:9,283,288
INFO	2015-04-01 11:31:32	MarkDuplicates	Tracking 1078450 as yet unmatched pairs. 15135 records in RAM.
INFO	2015-04-01 11:32:19	MarkDuplicates	Read    40,000,000 records.  Elapsed time: 00:26:56s.  Time for last 1,000,000:   35s.  Last read position: chr19:44,142,166
INFO	2015-04-01 11:32:19	MarkDuplicates	Tracking 1086637 as yet unmatched pairs. 9160 records in RAM.
INFO	2015-04-01 11:33:11	MarkDuplicates	Read    41,000,000 records.  Elapsed time: 00:27:54s.  Time for last 1,000,000:   57s.  Last read position: chr2:25,117,686
INFO	2015-04-01 11:33:11	MarkDuplicates	Tracking 1085026 as yet unmatched pairs. 43265 records in RAM.
INFO	2015-04-01 11:33:44	MarkDuplicates	Read    42,000,000 records.  Elapsed time: 00:28:34s.  Time for last 1,000,000:   40s.  Last read position: chr2:35,182,267
INFO	2015-04-01 11:33:44	MarkDuplicates	Tracking 1095311 as yet unmatched pairs. 34670 records in RAM.
INFO	2015-04-01 11:34:09	MarkDuplicates	Read    43,000,000 records.  Elapsed time: 00:29:02s.  Time for last 1,000,000:   27s.  Last read position: chr2:90,853,062
INFO	2015-04-01 11:34:09	MarkDuplicates	Tracking 1097091 as yet unmatched pairs. 25220 records in RAM.
INFO	2015-04-01 11:35:07	MarkDuplicates	Read    44,000,000 records.  Elapsed time: 00:29:56s.  Time for last 1,000,000:   54s.  Last read position: chr2:122,264,367
INFO	2015-04-01 11:35:07	MarkDuplicates	Tracking 1096831 as yet unmatched pairs. 19381 records in RAM.
INFO	2015-04-01 11:35:32	MarkDuplicates	Read    45,000,000 records.  Elapsed time: 00:30:23s.  Time for last 1,000,000:   27s.  Last read position: chr2:154,857,276
INFO	2015-04-01 11:35:32	MarkDuplicates	Tracking 1093309 as yet unmatched pairs. 11360 records in RAM.
INFO	2015-04-01 11:36:04	MarkDuplicates	Read    46,000,000 records.  Elapsed time: 00:30:54s.  Time for last 1,000,000:   30s.  Last read position: chr2:174,461,133
INFO	2015-04-01 11:36:04	MarkDuplicates	Tracking 1090242 as yet unmatched pairs. 3359 records in RAM.
INFO	2015-04-01 11:36:26	MarkDuplicates	Read    47,000,000 records.  Elapsed time: 00:31:19s.  Time for last 1,000,000:   25s.  Last read position: chr3:51,242,022
INFO	2015-04-01 11:36:26	MarkDuplicates	Tracking 1088626 as yet unmatched pairs. 51772 records in RAM.
INFO	2015-04-01 11:36:51	MarkDuplicates	Read    48,000,000 records.  Elapsed time: 00:31:45s.  Time for last 1,000,000:   25s.  Last read position: chr3:88,837,144
INFO	2015-04-01 11:36:51	MarkDuplicates	Tracking 1070919 as yet unmatched pairs. 28106 records in RAM.
INFO	2015-04-01 11:37:41	MarkDuplicates	Read    49,000,000 records.  Elapsed time: 00:32:37s.  Time for last 1,000,000:   51s.  Last read position: chr3:106,034,733
INFO	2015-04-01 11:37:41	MarkDuplicates	Tracking 1065370 as yet unmatched pairs. 16601 records in RAM.
INFO	2015-04-01 11:37:55	MarkDuplicates	Read    50,000,000 records.  Elapsed time: 00:32:54s.  Time for last 1,000,000:   16s.  Last read position: chr3:153,908,722
INFO	2015-04-01 11:37:55	MarkDuplicates	Tracking 1074552 as yet unmatched pairs. 1607 records in RAM.
INFO	2015-04-01 11:38:24	MarkDuplicates	Read    51,000,000 records.  Elapsed time: 00:33:19s.  Time for last 1,000,000:   25s.  Last read position: chr4:46,854,310
INFO	2015-04-01 11:38:24	MarkDuplicates	Tracking 1072827 as yet unmatched pairs. 45348 records in RAM.
INFO	2015-04-01 11:38:39	MarkDuplicates	Read    52,000,000 records.  Elapsed time: 00:33:35s.  Time for last 1,000,000:   15s.  Last read position: chr4:115,071,068
INFO	2015-04-01 11:38:39	MarkDuplicates	Tracking 1067578 as yet unmatched pairs. 35494 records in RAM.
INFO	2015-04-01 11:38:53	MarkDuplicates	Read    53,000,000 records.  Elapsed time: 00:33:51s.  Time for last 1,000,000:   15s.  Last read position: chr4:129,526,067
INFO	2015-04-01 11:38:53	MarkDuplicates	Tracking 1066846 as yet unmatched pairs. 25480 records in RAM.
INFO	2015-04-01 11:40:50	MarkDuplicates	Read    54,000,000 records.  Elapsed time: 00:35:45s.  Time for last 1,000,000:  114s.  Last read position: chr4:140,722,572
INFO	2015-04-01 11:40:50	MarkDuplicates	Tracking 1064676 as yet unmatched pairs. 16904 records in RAM.
INFO	2015-04-01 11:41:09	MarkDuplicates	Read    55,000,000 records.  Elapsed time: 00:36:07s.  Time for last 1,000,000:   22s.  Last read position: chr5:7,180,400
INFO	2015-04-01 11:41:09	MarkDuplicates	Tracking 1082187 as yet unmatched pairs. 62136 records in RAM.
INFO	2015-04-01 11:41:23	MarkDuplicates	Read    56,000,000 records.  Elapsed time: 00:36:20s.  Time for last 1,000,000:   12s.  Last read position: chr5:48,406,117
INFO	2015-04-01 11:41:23	MarkDuplicates	Tracking 1074903 as yet unmatched pairs. 49870 records in RAM.
INFO	2015-04-01 11:41:47	MarkDuplicates	Read    57,000,000 records.  Elapsed time: 00:36:41s.  Time for last 1,000,000:   20s.  Last read position: chr5:90,501,431
INFO	2015-04-01 11:41:47	MarkDuplicates	Tracking 1080221 as yet unmatched pairs. 52866 records in RAM.
INFO	2015-04-01 11:42:04	MarkDuplicates	Read    58,000,000 records.  Elapsed time: 00:36:59s.  Time for last 1,000,000:   18s.  Last read position: chr5:115,560,801
INFO	2015-04-01 11:42:04	MarkDuplicates	Tracking 1076942 as yet unmatched pairs. 36553 records in RAM.
INFO	2015-04-01 11:42:21	MarkDuplicates	Read    59,000,000 records.  Elapsed time: 00:37:16s.  Time for last 1,000,000:   16s.  Last read position: chr5:129,623,203
INFO	2015-04-01 11:42:21	MarkDuplicates	Tracking 1072333 as yet unmatched pairs. 19232 records in RAM.
INFO	2015-04-01 11:43:29	MarkDuplicates	Read    60,000,000 records.  Elapsed time: 00:38:26s.  Time for last 1,000,000:   70s.  Last read position: chr5:146,833,161
INFO	2015-04-01 11:43:29	MarkDuplicates	Tracking 1066978 as yet unmatched pairs. 9297 records in RAM.
INFO	2015-04-01 11:43:50	MarkDuplicates	Read    61,000,000 records.  Elapsed time: 00:38:45s.  Time for last 1,000,000:   18s.  Last read position: chr6:41,699,997
INFO	2015-04-01 11:43:50	MarkDuplicates	Tracking 1053349 as yet unmatched pairs. 45935 records in RAM.
INFO	2015-04-01 11:44:03	MarkDuplicates	Read    62,000,000 records.  Elapsed time: 00:39:02s.  Time for last 1,000,000:   16s.  Last read position: chr6:85,945,368
INFO	2015-04-01 11:44:03	MarkDuplicates	Tracking 1047153 as yet unmatched pairs. 36071 records in RAM.
INFO	2015-04-01 11:44:19	MarkDuplicates	Read    63,000,000 records.  Elapsed time: 00:39:14s.  Time for last 1,000,000:   12s.  Last read position: chr6:122,887,887
INFO	2015-04-01 11:44:19	MarkDuplicates	Tracking 1035373 as yet unmatched pairs. 22268 records in RAM.
INFO	2015-04-01 11:44:48	MarkDuplicates	Read    64,000,000 records.  Elapsed time: 00:39:46s.  Time for last 1,000,000:   31s.  Last read position: chr7:3,704,666
INFO	2015-04-01 11:44:48	MarkDuplicates	Tracking 1027517 as yet unmatched pairs. 104499 records in RAM.
INFO	2015-04-01 11:45:05	MarkDuplicates	Read    65,000,000 records.  Elapsed time: 00:39:59s.  Time for last 1,000,000:   13s.  Last read position: chr7:28,306,007
INFO	2015-04-01 11:45:05	MarkDuplicates	Tracking 1012058 as yet unmatched pairs. 87248 records in RAM.
INFO	2015-04-01 11:45:27	MarkDuplicates	Read    66,000,000 records.  Elapsed time: 00:40:16s.  Time for last 1,000,000:   16s.  Last read position: chr7:46,702,496
INFO	2015-04-01 11:45:27	MarkDuplicates	Tracking 984717 as yet unmatched pairs. 58190 records in RAM.
INFO	2015-04-01 11:46:02	MarkDuplicates	Read    67,000,000 records.  Elapsed time: 00:40:59s.  Time for last 1,000,000:   42s.  Last read position: chr7:101,346,125
INFO	2015-04-01 11:46:02	MarkDuplicates	Tracking 969999 as yet unmatched pairs. 41992 records in RAM.
INFO	2015-04-01 11:46:15	MarkDuplicates	Read    68,000,000 records.  Elapsed time: 00:41:11s.  Time for last 1,000,000:   12s.  Last read position: chr7:103,827,465
INFO	2015-04-01 11:46:15	MarkDuplicates	Tracking 1107711 as yet unmatched pairs. 178414 records in RAM.
INFO	2015-04-01 11:46:29	MarkDuplicates	Read    69,000,000 records.  Elapsed time: 00:41:23s.  Time for last 1,000,000:   11s.  Last read position: chr7:103,827,604
INFO	2015-04-01 11:46:29	MarkDuplicates	Tracking 1362439 as yet unmatched pairs. 432907 records in RAM.
INFO	2015-04-01 11:46:40	MarkDuplicates	Read    70,000,000 records.  Elapsed time: 00:41:37s.  Time for last 1,000,000:   14s.  Last read position: chr7:105,743,861
INFO	2015-04-01 11:46:40	MarkDuplicates	Tracking 1581930 as yet unmatched pairs. 652111 records in RAM.
INFO	2015-04-01 11:47:35	MarkDuplicates	Read    71,000,000 records.  Elapsed time: 00:42:30s.  Time for last 1,000,000:   52s.  Last read position: chr7:127,796,164
INFO	2015-04-01 11:47:35	MarkDuplicates	Tracking 1564718 as yet unmatched pairs. 631613 records in RAM.
INFO	2015-04-01 11:47:48	MarkDuplicates	Read    72,000,000 records.  Elapsed time: 00:42:44s.  Time for last 1,000,000:   14s.  Last read position: chr7:142,653,116
INFO	2015-04-01 11:47:48	MarkDuplicates	Tracking 1562095 as yet unmatched pairs. 627091 records in RAM.
INFO	2015-04-01 11:48:52	MarkDuplicates	Read    73,000,000 records.  Elapsed time: 00:43:48s.  Time for last 1,000,000:   64s.  Last read position: chr8:47,547,803
INFO	2015-04-01 11:48:52	MarkDuplicates	Tracking 1549029 as yet unmatched pairs. 65274 records in RAM.
INFO	2015-04-01 11:49:09	MarkDuplicates	Read    74,000,000 records.  Elapsed time: 00:44:03s.  Time for last 1,000,000:   14s.  Last read position: chr8:84,676,402
INFO	2015-04-01 11:49:09	MarkDuplicates	Tracking 1530089 as yet unmatched pairs. 44149 records in RAM.
INFO	2015-04-01 11:49:44	MarkDuplicates	Read    75,000,000 records.  Elapsed time: 00:44:39s.  Time for last 1,000,000:   36s.  Last read position: chr8:107,417,043
INFO	2015-04-01 11:49:44	MarkDuplicates	Tracking 1513378 as yet unmatched pairs. 18419 records in RAM.
INFO	2015-04-01 11:49:59	MarkDuplicates	Read    76,000,000 records.  Elapsed time: 00:44:57s.  Time for last 1,000,000:   18s.  Last read position: chr9:14,781,398
INFO	2015-04-01 11:49:59	MarkDuplicates	Tracking 1493422 as yet unmatched pairs. 128515 records in RAM.
INFO	2015-04-01 11:50:10	MarkDuplicates	Read    77,000,000 records.  Elapsed time: 00:45:09s.  Time for last 1,000,000:   11s.  Last read position: chr9:44,408,005
INFO	2015-04-01 11:50:10	MarkDuplicates	Tracking 1454840 as yet unmatched pairs. 89726 records in RAM.
INFO	2015-04-01 11:50:30	MarkDuplicates	Read    78,000,000 records.  Elapsed time: 00:45:21s.  Time for last 1,000,000:   11s.  Last read position: chr9:64,979,811
INFO	2015-04-01 11:50:30	MarkDuplicates	Tracking 1438341 as yet unmatched pairs. 65159 records in RAM.
INFO	2015-04-01 11:53:19	MarkDuplicates	Read    79,000,000 records.  Elapsed time: 00:48:14s.  Time for last 1,000,000:  173s.  Last read position: chr9:96,295,067
INFO	2015-04-01 11:53:19	MarkDuplicates	Tracking 1423665 as yet unmatched pairs. 50190 records in RAM.
INFO	2015-04-01 11:53:36	MarkDuplicates	Read    80,000,000 records.  Elapsed time: 00:48:29s.  Time for last 1,000,000:   15s.  Last read position: chr9:109,091,741
INFO	2015-04-01 11:53:36	MarkDuplicates	Tracking 1403788 as yet unmatched pairs. 30130 records in RAM.
INFO	2015-04-01 11:53:51	MarkDuplicates	Read    81,000,000 records.  Elapsed time: 00:48:48s.  Time for last 1,000,000:   18s.  Last read position: chrM:6,647
INFO	2015-04-01 11:53:51	MarkDuplicates	Tracking 1380338 as yet unmatched pairs. 24586 records in RAM.
INFO	2015-04-01 11:54:08	MarkDuplicates	Read    82,000,000 records.  Elapsed time: 00:49:03s.  Time for last 1,000,000:   15s.  Last read position: chrX:20,927,334
INFO	2015-04-01 11:54:08	MarkDuplicates	Tracking 1351274 as yet unmatched pairs. 46549 records in RAM.
INFO	2015-04-01 11:54:50	MarkDuplicates	Read    83,000,000 records.  Elapsed time: 00:49:45s.  Time for last 1,000,000:   41s.  Last read position: chrX:102,144,081
INFO	2015-04-01 11:54:50	MarkDuplicates	Tracking 1324837 as yet unmatched pairs. 20041 records in RAM.
INFO	2015-04-01 11:55:02	MarkDuplicates	Read    84,000,000 records.  Elapsed time: 00:50:00s.  Time for last 1,000,000:   15s.  Last read position: chrY:58,754,099
INFO	2015-04-01 11:55:02	MarkDuplicates	Tracking 1302166 as yet unmatched pairs. 2187 records in RAM.
INFO	2015-04-01 11:55:03	MarkDuplicates	Read 84033171 records. 1299996 pairs never matched.
INFO	2015-04-01 11:57:07	MarkDuplicates	After buildSortedReadEndLists freeMemory: 13595958112; totalMemory: 23086628864; maxMemory: 38177538048
INFO	2015-04-01 11:57:07	MarkDuplicates	Will retain up to 1193048064 duplicate indices before spilling to disk.
INFO	2015-04-01 11:57:10	MarkDuplicates	Traversing read pair information and detecting duplicates.
INFO	2015-04-01 11:57:40	MarkDuplicates	Traversing fragment information and detecting duplicates.
INFO	2015-04-01 11:58:38	MarkDuplicates	Sorting list of duplicate records.
INFO	2015-04-01 11:58:48	MarkDuplicates	After generateDuplicateIndexes freeMemory: 13369407280; totalMemory: 23086628864; maxMemory: 38177538048
INFO	2015-04-01 11:58:48	MarkDuplicates	Marking 1713403 records as duplicates.
INFO	2015-04-01 11:58:48	MarkDuplicates	Found 74093 optical duplicate clusters.
INFO	2015-04-01 12:04:33	MarkDuplicates	Written    10,000,000 records.  Elapsed time: 00:05:44s.  Time for last 10,000,000:  344s.  Last read position: chr11:32,296,767
INFO	2015-04-01 12:11:07	MarkDuplicates	Written    20,000,000 records.  Elapsed time: 00:12:18s.  Time for last 10,000,000:  393s.  Last read position: chr12:103,857,608
INFO	2015-04-01 12:17:34	MarkDuplicates	Written    30,000,000 records.  Elapsed time: 00:18:45s.  Time for last 10,000,000:  387s.  Last read position: chr15:103,242,221
INFO	2015-04-01 12:22:18	MarkDuplicates	Written    40,000,000 records.  Elapsed time: 00:23:29s.  Time for last 10,000,000:  283s.  Last read position: chr19:44,142,166
INFO	2015-04-01 12:27:55	MarkDuplicates	Written    50,000,000 records.  Elapsed time: 00:29:07s.  Time for last 10,000,000:  337s.  Last read position: chr3:153,908,722
INFO	2015-04-01 12:34:41	MarkDuplicates	Written    60,000,000 records.  Elapsed time: 00:35:52s.  Time for last 10,000,000:  405s.  Last read position: chr5:146,833,161
INFO	2015-04-01 12:42:00	MarkDuplicates	Written    70,000,000 records.  Elapsed time: 00:43:12s.  Time for last 10,000,000:  440s.  Last read position: chr7:105,743,861
INFO	2015-04-01 12:50:08	MarkDuplicates	Written    80,000,000 records.  Elapsed time: 00:51:20s.  Time for last 10,000,000:  487s.  Last read position: chr9:109,091,741
INFO	2015-04-01 12:52:57	MarkDuplicates	Before output close freeMemory: 32019653672; totalMemory: 32287555584; maxMemory: 38177538048
INFO	2015-04-01 12:53:06	MarkDuplicates	After output close freeMemory: 32338813848; totalMemory: 32606715904; maxMemory: 38177538048
[Wed Apr 01 12:53:06 EDT 2015] net.sf.picard.sam.MarkDuplicates done. Elapsed time: 108.11 minutes.
Runtime.totalMemory()=32606715904
