[Wed Apr 01 11:33:26 EDT 2015] net.sf.picard.sam.MarkDuplicates INPUT=[/n/rinn_data1/users/agroff/seq/OtherMice/Diana/lincP21/bam/JR933/rmdup_accepted_hits_sorted_picard.bam] OUTPUT=/n/rinn_data1/users/agroff/seq/OtherMice/Diana/lincP21/bam/JR933/rmdup_accepted_hits_sorted_duplicates_marked.bam METRICS_FILE=dup_metrics.txt    PROGRAM_RECORD_ID=MarkDuplicates PROGRAM_GROUP_NAME=MarkDuplicates REMOVE_DUPLICATES=false ASSUME_SORTED=false MAX_SEQUENCES_FOR_DISK_READ_ENDS_MAP=50000 MAX_FILE_HANDLES_FOR_READ_ENDS_MAP=8000 SORTING_COLLECTION_SIZE_RATIO=0.25 READ_NAME_REGEX=[a-zA-Z0-9]+:[0-9]:([0-9]+):([0-9]+):([0-9]+).* OPTICAL_DUPLICATE_PIXEL_DISTANCE=100 VERBOSITY=INFO QUIET=false VALIDATION_STRINGENCY=STRICT COMPRESSION_LEVEL=5 MAX_RECORDS_IN_RAM=500000 CREATE_INDEX=false CREATE_MD5_FILE=false
[Wed Apr 01 11:33:26 EDT 2015] Executing as agroff@holy2a07308.rc.fas.harvard.edu on Linux 2.6.32-431.17.1.el6.x86_64 amd64; Java HotSpot(TM) 64-Bit Server VM 1.6.0_11-b03; Picard version: 1.98(1547)
INFO	2015-04-01 11:33:27	MarkDuplicates	Start of doWork freeMemory: 8593360; totalMemory: 9109504; maxMemory: 38177538048
INFO	2015-04-01 11:33:27	MarkDuplicates	Reading input file and constructing read end information.
INFO	2015-04-01 11:33:27	MarkDuplicates	Will retain up to 151498166 data points before spilling to disk.
INFO	2015-04-01 11:34:34	MarkDuplicates	Read     1,000,000 records.  Elapsed time: 00:01:05s.  Time for last 1,000,000:   65s.  Last read position: chr1:63,178,558
INFO	2015-04-01 11:34:34	MarkDuplicates	Tracking 34950 as yet unmatched pairs. 4138 records in RAM.
INFO	2015-04-01 11:35:15	MarkDuplicates	Read     2,000,000 records.  Elapsed time: 00:01:37s.  Time for last 1,000,000:   32s.  Last read position: chr1:131,645,204
INFO	2015-04-01 11:35:15	MarkDuplicates	Tracking 48622 as yet unmatched pairs. 884 records in RAM.
INFO	2015-04-01 11:35:46	MarkDuplicates	Read     3,000,000 records.  Elapsed time: 00:02:13s.  Time for last 1,000,000:   36s.  Last read position: chr1:175,901,085
INFO	2015-04-01 11:35:46	MarkDuplicates	Tracking 61359 as yet unmatched pairs. 591 records in RAM.
INFO	2015-04-01 11:36:14	MarkDuplicates	Read     4,000,000 records.  Elapsed time: 00:02:45s.  Time for last 1,000,000:   31s.  Last read position: chr10:43,439,811
INFO	2015-04-01 11:36:14	MarkDuplicates	Tracking 86684 as yet unmatched pairs. 3720 records in RAM.
INFO	2015-04-01 11:36:44	MarkDuplicates	Read     5,000,000 records.  Elapsed time: 00:03:14s.  Time for last 1,000,000:   29s.  Last read position: chr10:80,900,113
INFO	2015-04-01 11:36:44	MarkDuplicates	Tracking 94387 as yet unmatched pairs. 4106 records in RAM.
INFO	2015-04-01 11:37:09	MarkDuplicates	Read     6,000,000 records.  Elapsed time: 00:03:39s.  Time for last 1,000,000:   24s.  Last read position: chr10:128,035,669
INFO	2015-04-01 11:37:09	MarkDuplicates	Tracking 106151 as yet unmatched pairs. 2278 records in RAM.
INFO	2015-04-01 11:37:38	MarkDuplicates	Read     7,000,000 records.  Elapsed time: 00:04:05s.  Time for last 1,000,000:   25s.  Last read position: chr11:28,336,986
INFO	2015-04-01 11:37:38	MarkDuplicates	Tracking 130923 as yet unmatched pairs. 6356 records in RAM.
INFO	2015-04-01 11:38:02	MarkDuplicates	Read     8,000,000 records.  Elapsed time: 00:04:31s.  Time for last 1,000,000:   25s.  Last read position: chr11:32,296,821
INFO	2015-04-01 11:38:02	MarkDuplicates	Tracking 309994 as yet unmatched pairs. 179716 records in RAM.
INFO	2015-04-01 11:38:21	MarkDuplicates	Read     9,000,000 records.  Elapsed time: 00:04:51s.  Time for last 1,000,000:   20s.  Last read position: chr11:32,518,541
INFO	2015-04-01 11:38:21	MarkDuplicates	Tracking 533229 as yet unmatched pairs. 401067 records in RAM.
INFO	2015-04-01 11:38:44	MarkDuplicates	Read    10,000,000 records.  Elapsed time: 00:05:08s.  Time for last 1,000,000:   16s.  Last read position: chr11:62,552,662
INFO	2015-04-01 11:38:44	MarkDuplicates	Tracking 549776 as yet unmatched pairs. 407261 records in RAM.
INFO	2015-04-01 11:39:11	MarkDuplicates	Read    11,000,000 records.  Elapsed time: 00:05:41s.  Time for last 1,000,000:   33s.  Last read position: chr11:80,108,580
INFO	2015-04-01 11:39:11	MarkDuplicates	Tracking 556104 as yet unmatched pairs. 404410 records in RAM.
INFO	2015-04-01 11:39:35	MarkDuplicates	Read    12,000,000 records.  Elapsed time: 00:06:02s.  Time for last 1,000,000:   20s.  Last read position: chr11:100,320,754
INFO	2015-04-01 11:39:35	MarkDuplicates	Tracking 568494 as yet unmatched pairs. 405191 records in RAM.
INFO	2015-04-01 11:40:08	MarkDuplicates	Read    13,000,000 records.  Elapsed time: 00:06:34s.  Time for last 1,000,000:   31s.  Last read position: chr11:116,537,912
INFO	2015-04-01 11:40:08	MarkDuplicates	Tracking 580072 as yet unmatched pairs. 402855 records in RAM.
INFO	2015-04-01 11:41:18	MarkDuplicates	Read    14,000,000 records.  Elapsed time: 00:07:47s.  Time for last 1,000,000:   73s.  Last read position: chr12:31,351,334
INFO	2015-04-01 11:41:18	MarkDuplicates	Tracking 600152 as yet unmatched pairs. 6129 records in RAM.
INFO	2015-04-01 11:41:35	MarkDuplicates	Read    15,000,000 records.  Elapsed time: 00:08:06s.  Time for last 1,000,000:   18s.  Last read position: chr12:87,209,029
INFO	2015-04-01 11:41:35	MarkDuplicates	Tracking 620969 as yet unmatched pairs. 4169 records in RAM.
INFO	2015-04-01 11:42:00	MarkDuplicates	Read    16,000,000 records.  Elapsed time: 00:08:27s.  Time for last 1,000,000:   21s.  Last read position: chr12:111,112,335
INFO	2015-04-01 11:42:00	MarkDuplicates	Tracking 627437 as yet unmatched pairs. 5820 records in RAM.
INFO	2015-04-01 11:42:23	MarkDuplicates	Read    17,000,000 records.  Elapsed time: 00:08:53s.  Time for last 1,000,000:   26s.  Last read position: chr13:51,649,625
INFO	2015-04-01 11:42:23	MarkDuplicates	Tracking 649041 as yet unmatched pairs. 10136 records in RAM.
INFO	2015-04-01 11:42:56	MarkDuplicates	Read    18,000,000 records.  Elapsed time: 00:09:23s.  Time for last 1,000,000:   29s.  Last read position: chr13:100,212,412
INFO	2015-04-01 11:42:56	MarkDuplicates	Tracking 674669 as yet unmatched pairs. 1439 records in RAM.
INFO	2015-04-01 11:43:27	MarkDuplicates	Read    19,000,000 records.  Elapsed time: 00:09:50s.  Time for last 1,000,000:   27s.  Last read position: chr14:34,343,675
INFO	2015-04-01 11:43:27	MarkDuplicates	Tracking 687750 as yet unmatched pairs. 13359 records in RAM.
INFO	2015-04-01 11:43:55	MarkDuplicates	Read    20,000,000 records.  Elapsed time: 00:10:24s.  Time for last 1,000,000:   33s.  Last read position: chr14:69,631,093
INFO	2015-04-01 11:43:55	MarkDuplicates	Tracking 698171 as yet unmatched pairs. 12466 records in RAM.
INFO	2015-04-01 11:44:22	MarkDuplicates	Read    21,000,000 records.  Elapsed time: 00:10:50s.  Time for last 1,000,000:   26s.  Last read position: chr15:36,177,737
INFO	2015-04-01 11:44:22	MarkDuplicates	Tracking 706841 as yet unmatched pairs. 9082 records in RAM.
INFO	2015-04-01 11:44:52	MarkDuplicates	Read    22,000,000 records.  Elapsed time: 00:11:21s.  Time for last 1,000,000:   30s.  Last read position: chr15:80,651,046
INFO	2015-04-01 11:44:52	MarkDuplicates	Tracking 706689 as yet unmatched pairs. 2938 records in RAM.
INFO	2015-04-01 11:45:13	MarkDuplicates	Read    23,000,000 records.  Elapsed time: 00:11:42s.  Time for last 1,000,000:   21s.  Last read position: chr15:102,090,054
INFO	2015-04-01 11:45:13	MarkDuplicates	Tracking 719377 as yet unmatched pairs. 8144 records in RAM.
INFO	2015-04-01 11:45:44	MarkDuplicates	Read    24,000,000 records.  Elapsed time: 00:12:11s.  Time for last 1,000,000:   28s.  Last read position: chr16:24,988,976
INFO	2015-04-01 11:45:44	MarkDuplicates	Tracking 729205 as yet unmatched pairs. 5319 records in RAM.
INFO	2015-04-01 11:46:14	MarkDuplicates	Read    25,000,000 records.  Elapsed time: 00:12:45s.  Time for last 1,000,000:   34s.  Last read position: chr16:97,490,224
INFO	2015-04-01 11:46:14	MarkDuplicates	Tracking 738039 as yet unmatched pairs. 825 records in RAM.
INFO	2015-04-01 11:46:31	MarkDuplicates	Read    26,000,000 records.  Elapsed time: 00:13:02s.  Time for last 1,000,000:   16s.  Last read position: chr17:26,925,613
INFO	2015-04-01 11:46:31	MarkDuplicates	Tracking 747546 as yet unmatched pairs. 21953 records in RAM.
INFO	2015-04-01 11:46:53	MarkDuplicates	Read    27,000,000 records.  Elapsed time: 00:13:16s.  Time for last 1,000,000:   14s.  Last read position: chr17:39,846,573
INFO	2015-04-01 11:46:53	MarkDuplicates	Tracking 746577 as yet unmatched pairs. 10985 records in RAM.
INFO	2015-04-01 11:47:38	MarkDuplicates	Read    28,000,000 records.  Elapsed time: 00:13:59s.  Time for last 1,000,000:   42s.  Last read position: chr17:87,991,411
INFO	2015-04-01 11:47:38	MarkDuplicates	Tracking 753245 as yet unmatched pairs. 3419 records in RAM.
INFO	2015-04-01 11:48:06	MarkDuplicates	Read    29,000,000 records.  Elapsed time: 00:14:35s.  Time for last 1,000,000:   36s.  Last read position: chr18:61,132,206
INFO	2015-04-01 11:48:06	MarkDuplicates	Tracking 755499 as yet unmatched pairs. 9531 records in RAM.
INFO	2015-04-01 11:48:20	MarkDuplicates	Read    30,000,000 records.  Elapsed time: 00:14:51s.  Time for last 1,000,000:   15s.  Last read position: chr19:6,335,712
INFO	2015-04-01 11:48:20	MarkDuplicates	Tracking 749496 as yet unmatched pairs. 13350 records in RAM.
INFO	2015-04-01 11:49:03	MarkDuplicates	Read    31,000,000 records.  Elapsed time: 00:15:23s.  Time for last 1,000,000:   31s.  Last read position: chr19:41,217,350
INFO	2015-04-01 11:49:03	MarkDuplicates	Tracking 757802 as yet unmatched pairs. 8504 records in RAM.
INFO	2015-04-01 11:49:27	MarkDuplicates	Read    32,000,000 records.  Elapsed time: 00:15:55s.  Time for last 1,000,000:   32s.  Last read position: chr2:26,010,579
INFO	2015-04-01 11:49:27	MarkDuplicates	Tracking 760777 as yet unmatched pairs. 35132 records in RAM.
INFO	2015-04-01 11:49:48	MarkDuplicates	Read    33,000,000 records.  Elapsed time: 00:16:16s.  Time for last 1,000,000:   20s.  Last read position: chr2:71,524,905
INFO	2015-04-01 11:49:48	MarkDuplicates	Tracking 760557 as yet unmatched pairs. 22430 records in RAM.
INFO	2015-04-01 11:50:36	MarkDuplicates	Read    34,000,000 records.  Elapsed time: 00:16:58s.  Time for last 1,000,000:   42s.  Last read position: chr2:119,964,939
INFO	2015-04-01 11:50:36	MarkDuplicates	Tracking 765364 as yet unmatched pairs. 16736 records in RAM.
INFO	2015-04-01 11:50:59	MarkDuplicates	Read    35,000,000 records.  Elapsed time: 00:17:22s.  Time for last 1,000,000:   23s.  Last read position: chr2:154,691,253
INFO	2015-04-01 11:50:59	MarkDuplicates	Tracking 761309 as yet unmatched pairs. 8082 records in RAM.
INFO	2015-04-01 11:51:30	MarkDuplicates	Read    36,000,000 records.  Elapsed time: 00:17:51s.  Time for last 1,000,000:   29s.  Last read position: chr2:181,390,345
INFO	2015-04-01 11:51:30	MarkDuplicates	Tracking 759730 as yet unmatched pairs. 1005 records in RAM.
INFO	2015-04-01 11:51:56	MarkDuplicates	Read    37,000,000 records.  Elapsed time: 00:18:21s.  Time for last 1,000,000:   30s.  Last read position: chr3:75,517,540
INFO	2015-04-01 11:51:56	MarkDuplicates	Tracking 752871 as yet unmatched pairs. 33639 records in RAM.
INFO	2015-04-01 11:52:37	MarkDuplicates	Read    38,000,000 records.  Elapsed time: 00:19:04s.  Time for last 1,000,000:   42s.  Last read position: chr3:100,944,753
INFO	2015-04-01 11:52:37	MarkDuplicates	Tracking 739674 as yet unmatched pairs. 14666 records in RAM.
INFO	2015-04-01 11:52:50	MarkDuplicates	Read    39,000,000 records.  Elapsed time: 00:19:19s.  Time for last 1,000,000:   15s.  Last read position: chr3:152,448,920
INFO	2015-04-01 11:52:50	MarkDuplicates	Tracking 747501 as yet unmatched pairs. 826 records in RAM.
INFO	2015-04-01 11:53:12	MarkDuplicates	Read    40,000,000 records.  Elapsed time: 00:19:41s.  Time for last 1,000,000:   22s.  Last read position: chr4:59,475,390
INFO	2015-04-01 11:53:12	MarkDuplicates	Tracking 746017 as yet unmatched pairs. 31143 records in RAM.
INFO	2015-04-01 11:53:45	MarkDuplicates	Read    41,000,000 records.  Elapsed time: 00:20:08s.  Time for last 1,000,000:   26s.  Last read position: chr4:119,278,173
INFO	2015-04-01 11:53:45	MarkDuplicates	Tracking 749101 as yet unmatched pairs. 25157 records in RAM.
INFO	2015-04-01 11:54:26	MarkDuplicates	Read    42,000,000 records.  Elapsed time: 00:20:54s.  Time for last 1,000,000:   45s.  Last read position: chr4:136,340,154
INFO	2015-04-01 11:54:26	MarkDuplicates	Tracking 742641 as yet unmatched pairs. 12924 records in RAM.
INFO	2015-04-01 11:54:51	MarkDuplicates	Read    43,000,000 records.  Elapsed time: 00:21:15s.  Time for last 1,000,000:   21s.  Last read position: chr5:21,022,057
INFO	2015-04-01 11:54:51	MarkDuplicates	Tracking 753442 as yet unmatched pairs. 48313 records in RAM.
INFO	2015-04-01 11:55:58	MarkDuplicates	Read    44,000,000 records.  Elapsed time: 00:22:29s.  Time for last 1,000,000:   73s.  Last read position: chr5:77,284,614
INFO	2015-04-01 11:55:58	MarkDuplicates	Tracking 743861 as yet unmatched pairs. 35258 records in RAM.
INFO	2015-04-01 11:56:15	MarkDuplicates	Read    45,000,000 records.  Elapsed time: 00:22:43s.  Time for last 1,000,000:   14s.  Last read position: chr5:108,100,848
INFO	2015-04-01 11:56:15	MarkDuplicates	Tracking 751718 as yet unmatched pairs. 33412 records in RAM.
INFO	2015-04-01 11:56:32	MarkDuplicates	Read    46,000,000 records.  Elapsed time: 00:23:00s.  Time for last 1,000,000:   16s.  Last read position: chr5:125,388,011
INFO	2015-04-01 11:56:32	MarkDuplicates	Tracking 750181 as yet unmatched pairs. 20259 records in RAM.
INFO	2015-04-01 11:57:24	MarkDuplicates	Read    47,000,000 records.  Elapsed time: 00:23:50s.  Time for last 1,000,000:   50s.  Last read position: chr5:149,050,733
INFO	2015-04-01 11:57:24	MarkDuplicates	Tracking 740933 as yet unmatched pairs. 6963 records in RAM.
INFO	2015-04-01 11:57:50	MarkDuplicates	Read    48,000,000 records.  Elapsed time: 00:24:10s.  Time for last 1,000,000:   19s.  Last read position: chr6:58,684,738
INFO	2015-04-01 11:57:50	MarkDuplicates	Tracking 727837 as yet unmatched pairs. 28691 records in RAM.
INFO	2015-04-01 11:59:18	MarkDuplicates	Read    49,000,000 records.  Elapsed time: 00:25:45s.  Time for last 1,000,000:   95s.  Last read position: chr6:116,133,915
INFO	2015-04-01 11:59:18	MarkDuplicates	Tracking 723269 as yet unmatched pairs. 20672 records in RAM.
INFO	2015-04-01 11:59:40	MarkDuplicates	Read    50,000,000 records.  Elapsed time: 00:26:09s.  Time for last 1,000,000:   23s.  Last read position: chr7:3,705,872
INFO	2015-04-01 11:59:40	MarkDuplicates	Tracking 714414 as yet unmatched pairs. 80829 records in RAM.
INFO	2015-04-01 12:00:16	MarkDuplicates	Read    51,000,000 records.  Elapsed time: 00:26:27s.  Time for last 1,000,000:   18s.  Last read position: chr7:34,141,011
INFO	2015-04-01 12:00:16	MarkDuplicates	Tracking 700524 as yet unmatched pairs. 65390 records in RAM.
INFO	2015-04-01 12:01:46	MarkDuplicates	Read    52,000,000 records.  Elapsed time: 00:27:55s.  Time for last 1,000,000:   87s.  Last read position: chr7:90,207,637
INFO	2015-04-01 12:01:53	MarkDuplicates	Tracking 679998 as yet unmatched pairs. 42907 records in RAM.
INFO	2015-04-01 12:02:27	MarkDuplicates	Read    53,000,000 records.  Elapsed time: 00:28:41s.  Time for last 1,000,000:   46s.  Last read position: chr7:103,826,727
INFO	2015-04-01 12:02:27	MarkDuplicates	Tracking 756934 as yet unmatched pairs. 118468 records in RAM.
INFO	2015-04-01 12:03:13	MarkDuplicates	Read    54,000,000 records.  Elapsed time: 00:29:25s.  Time for last 1,000,000:   43s.  Last read position: chr7:103,827,594
INFO	2015-04-01 12:03:13	MarkDuplicates	Tracking 990737 as yet unmatched pairs. 351949 records in RAM.
INFO	2015-04-01 12:03:41	MarkDuplicates	Read    55,000,000 records.  Elapsed time: 00:30:06s.  Time for last 1,000,000:   40s.  Last read position: chr7:111,071,976
INFO	2015-04-01 12:03:41	MarkDuplicates	Tracking 1156720 as yet unmatched pairs. 517501 records in RAM.
INFO	2015-04-01 12:04:03	MarkDuplicates	Read    56,000,000 records.  Elapsed time: 00:30:29s.  Time for last 1,000,000:   23s.  Last read position: chr7:140,040,342
INFO	2015-04-01 12:04:03	MarkDuplicates	Tracking 1146543 as yet unmatched pairs. 503686 records in RAM.
INFO	2015-04-01 12:05:41	MarkDuplicates	Read    57,000,000 records.  Elapsed time: 00:31:55s.  Time for last 1,000,000:   85s.  Last read position: chr8:25,673,464
INFO	2015-04-01 12:05:41	MarkDuplicates	Tracking 1137105 as yet unmatched pairs. 53957 records in RAM.
INFO	2015-04-01 12:06:34	MarkDuplicates	Read    58,000,000 records.  Elapsed time: 00:32:57s.  Time for last 1,000,000:   61s.  Last read position: chr8:84,674,816
INFO	2015-04-01 12:06:34	MarkDuplicates	Tracking 1121502 as yet unmatched pairs. 36455 records in RAM.
INFO	2015-04-01 12:07:21	MarkDuplicates	Read    59,000,000 records.  Elapsed time: 00:33:33s.  Time for last 1,000,000:   35s.  Last read position: chr8:116,957,305
INFO	2015-04-01 12:07:21	MarkDuplicates	Tracking 1103667 as yet unmatched pairs. 10651 records in RAM.
INFO	2015-04-01 12:07:56	MarkDuplicates	Read    60,000,000 records.  Elapsed time: 00:34:15s.  Time for last 1,000,000:   41s.  Last read position: chr9:40,207,217
INFO	2015-04-01 12:07:56	MarkDuplicates	Tracking 1083647 as yet unmatched pairs. 96241 records in RAM.
INFO	2015-04-01 12:08:16	MarkDuplicates	Read    61,000,000 records.  Elapsed time: 00:34:43s.  Time for last 1,000,000:   28s.  Last read position: chr9:62,850,965
INFO	2015-04-01 12:08:16	MarkDuplicates	Tracking 1051086 as yet unmatched pairs. 56575 records in RAM.
INFO	2015-04-01 12:10:57	MarkDuplicates	Read    62,000,000 records.  Elapsed time: 00:37:07s.  Time for last 1,000,000:  144s.  Last read position: chr9:96,895,778
INFO	2015-04-01 12:11:03	MarkDuplicates	Tracking 1037287 as yet unmatched pairs. 42512 records in RAM.
INFO	2015-04-01 12:11:52	MarkDuplicates	Read    63,000,000 records.  Elapsed time: 00:38:06s.  Time for last 1,000,000:   58s.  Last read position: chr9:120,130,343
INFO	2015-04-01 12:11:52	MarkDuplicates	Tracking 1013135 as yet unmatched pairs. 18137 records in RAM.
INFO	2015-04-01 12:12:53	MarkDuplicates	Read    64,000,000 records.  Elapsed time: 00:38:59s.  Time for last 1,000,000:   53s.  Last read position: chrM:10,528
INFO	2015-04-01 12:12:53	MarkDuplicates	Tracking 985511 as yet unmatched pairs. 8130 records in RAM.
INFO	2015-04-01 12:13:52	MarkDuplicates	Read    65,000,000 records.  Elapsed time: 00:40:11s.  Time for last 1,000,000:   72s.  Last read position: chrX:74,255,804
INFO	2015-04-01 12:13:52	MarkDuplicates	Tracking 963514 as yet unmatched pairs. 27326 records in RAM.
INFO	2015-04-01 12:14:26	MarkDuplicates	Read    66,000,000 records.  Elapsed time: 00:40:39s.  Time for last 1,000,000:   27s.  Last read position: chrX:152,059,476
INFO	2015-04-01 12:14:26	MarkDuplicates	Tracking 942600 as yet unmatched pairs. 6377 records in RAM.
INFO	2015-04-01 12:15:11	MarkDuplicates	Read 66270250 records. 933338 pairs never matched.
INFO	2015-04-01 12:19:10	MarkDuplicates	After buildSortedReadEndLists freeMemory: 10912877192; totalMemory: 18926600192; maxMemory: 38177538048
INFO	2015-04-01 12:22:46	MarkDuplicates	Will retain up to 1193048064 duplicate indices before spilling to disk.
INFO	2015-04-01 12:26:35	MarkDuplicates	Traversing read pair information and detecting duplicates.
INFO	2015-04-01 12:30:49	MarkDuplicates	Traversing fragment information and detecting duplicates.
INFO	2015-04-01 12:33:55	MarkDuplicates	Sorting list of duplicate records.
INFO	2015-04-01 12:37:32	MarkDuplicates	After generateDuplicateIndexes freeMemory: 9237312168; totalMemory: 18926600192; maxMemory: 38177538048
INFO	2015-04-01 12:40:16	MarkDuplicates	Marking 1280880 records as duplicates.
INFO	2015-04-01 12:40:16	MarkDuplicates	Found 60550 optical duplicate clusters.
INFO	2015-04-01 13:16:49	MarkDuplicates	Written    10,000,000 records.  Elapsed time: 00:19:59s.  Time for last 10,000,000: 1,199s.  Last read position: chr11:62,552,662
INFO	2015-04-01 13:22:01	MarkDuplicates	Written    20,000,000 records.  Elapsed time: 00:25:12s.  Time for last 10,000,000:  312s.  Last read position: chr14:69,631,093
INFO	2015-04-01 13:27:22	MarkDuplicates	Written    30,000,000 records.  Elapsed time: 00:30:34s.  Time for last 10,000,000:  322s.  Last read position: chr19:6,335,712
INFO	2015-04-01 13:33:41	MarkDuplicates	Written    40,000,000 records.  Elapsed time: 00:36:52s.  Time for last 10,000,000:  377s.  Last read position: chr4:59,475,390
INFO	2015-04-01 13:41:40	MarkDuplicates	Written    50,000,000 records.  Elapsed time: 00:44:43s.  Time for last 10,000,000:  470s.  Last read position: chr7:3,705,872
INFO	2015-04-01 13:49:22	MarkDuplicates	Written    60,000,000 records.  Elapsed time: 00:52:34s.  Time for last 10,000,000:  470s.  Last read position: chr9:40,207,217
INFO	2015-04-01 13:54:16	MarkDuplicates	Before output close freeMemory: 30189487624; totalMemory: 30445469696; maxMemory: 38177538048
INFO	2015-04-01 13:54:23	MarkDuplicates	After output close freeMemory: 29928981880; totalMemory: 30184964096; maxMemory: 38177538048
[Wed Apr 01 13:54:23 EDT 2015] net.sf.picard.sam.MarkDuplicates done. Elapsed time: 140.94 minutes.
Runtime.totalMemory()=30184964096
