[Wed Apr 01 11:33:13 EDT 2015] net.sf.picard.sam.MarkDuplicates INPUT=[/n/rinn_data1/users/agroff/seq/OtherMice/Diana/lincP21/bam/JR931/accepted_hits_sorted_picard.bam] OUTPUT=/n/rinn_data1/users/agroff/seq/OtherMice/Diana/lincP21/bam/JR931/accepted_hits_sorted_duplicates_marked.bam METRICS_FILE=dup_metrics.txt    PROGRAM_RECORD_ID=MarkDuplicates PROGRAM_GROUP_NAME=MarkDuplicates REMOVE_DUPLICATES=false ASSUME_SORTED=false MAX_SEQUENCES_FOR_DISK_READ_ENDS_MAP=50000 MAX_FILE_HANDLES_FOR_READ_ENDS_MAP=8000 SORTING_COLLECTION_SIZE_RATIO=0.25 READ_NAME_REGEX=[a-zA-Z0-9]+:[0-9]:([0-9]+):([0-9]+):([0-9]+).* OPTICAL_DUPLICATE_PIXEL_DISTANCE=100 VERBOSITY=INFO QUIET=false VALIDATION_STRINGENCY=STRICT COMPRESSION_LEVEL=5 MAX_RECORDS_IN_RAM=500000 CREATE_INDEX=false CREATE_MD5_FILE=false
[Wed Apr 01 11:33:13 EDT 2015] Executing as agroff@holy2a03201.rc.fas.harvard.edu on Linux 2.6.32-431.17.1.el6.x86_64 amd64; Java HotSpot(TM) 64-Bit Server VM 1.6.0_11-b03; Picard version: 1.98(1547)
INFO	2015-04-01 11:33:13	MarkDuplicates	Start of doWork freeMemory: 8563352; totalMemory: 9109504; maxMemory: 38177538048
INFO	2015-04-01 11:33:13	MarkDuplicates	Reading input file and constructing read end information.
INFO	2015-04-01 11:33:13	MarkDuplicates	Will retain up to 151498166 data points before spilling to disk.
INFO	2015-04-01 11:34:22	MarkDuplicates	Read     1,000,000 records.  Elapsed time: 00:01:06s.  Time for last 1,000,000:   66s.  Last read position: chr1:36,150,088
INFO	2015-04-01 11:34:22	MarkDuplicates	Tracking 42277 as yet unmatched pairs. 543 records in RAM.
INFO	2015-04-01 11:34:56	MarkDuplicates	Read     2,000,000 records.  Elapsed time: 00:01:40s.  Time for last 1,000,000:   33s.  Last read position: chr1:52,233,088
INFO	2015-04-01 11:34:56	MarkDuplicates	Tracking 48279 as yet unmatched pairs. 636 records in RAM.
INFO	2015-04-01 11:35:26	MarkDuplicates	Read     3,000,000 records.  Elapsed time: 00:02:11s.  Time for last 1,000,000:   30s.  Last read position: chr1:72,861,449
INFO	2015-04-01 11:35:26	MarkDuplicates	Tracking 64284 as yet unmatched pairs. 2621 records in RAM.
INFO	2015-04-01 11:35:55	MarkDuplicates	Read     4,000,000 records.  Elapsed time: 00:02:36s.  Time for last 1,000,000:   24s.  Last read position: chr1:90,789,048
INFO	2015-04-01 11:35:55	MarkDuplicates	Tracking 71956 as yet unmatched pairs. 1013 records in RAM.
INFO	2015-04-01 11:36:26	MarkDuplicates	Read     5,000,000 records.  Elapsed time: 00:03:08s.  Time for last 1,000,000:   32s.  Last read position: chr1:134,630,470
INFO	2015-04-01 11:36:26	MarkDuplicates	Tracking 85151 as yet unmatched pairs. 854 records in RAM.
INFO	2015-04-01 11:36:53	MarkDuplicates	Read     6,000,000 records.  Elapsed time: 00:03:36s.  Time for last 1,000,000:   27s.  Last read position: chr1:165,663,090
INFO	2015-04-01 11:36:53	MarkDuplicates	Tracking 97447 as yet unmatched pairs. 420 records in RAM.
INFO	2015-04-01 11:37:15	MarkDuplicates	Read     7,000,000 records.  Elapsed time: 00:04:00s.  Time for last 1,000,000:   23s.  Last read position: chr1:186,736,180
INFO	2015-04-01 11:37:15	MarkDuplicates	Tracking 105763 as yet unmatched pairs. 402 records in RAM.
INFO	2015-04-01 11:37:39	MarkDuplicates	Read     8,000,000 records.  Elapsed time: 00:04:20s.  Time for last 1,000,000:   20s.  Last read position: chr10:26,917,746
INFO	2015-04-01 11:37:39	MarkDuplicates	Tracking 122081 as yet unmatched pairs. 5619 records in RAM.
INFO	2015-04-01 11:37:59	MarkDuplicates	Read     9,000,000 records.  Elapsed time: 00:04:41s.  Time for last 1,000,000:   20s.  Last read position: chr10:67,063,044
INFO	2015-04-01 11:37:59	MarkDuplicates	Tracking 133975 as yet unmatched pairs. 5088 records in RAM.
INFO	2015-04-01 11:38:22	MarkDuplicates	Read    10,000,000 records.  Elapsed time: 00:05:06s.  Time for last 1,000,000:   25s.  Last read position: chr10:80,638,466
INFO	2015-04-01 11:38:22	MarkDuplicates	Tracking 139362 as yet unmatched pairs. 5610 records in RAM.
INFO	2015-04-01 11:38:41	MarkDuplicates	Read    11,000,000 records.  Elapsed time: 00:05:25s.  Time for last 1,000,000:   18s.  Last read position: chr10:88,773,071
INFO	2015-04-01 11:38:41	MarkDuplicates	Tracking 143990 as yet unmatched pairs. 4306 records in RAM.
INFO	2015-04-01 11:39:05	MarkDuplicates	Read    12,000,000 records.  Elapsed time: 00:05:46s.  Time for last 1,000,000:   21s.  Last read position: chr10:126,996,875
INFO	2015-04-01 11:39:05	MarkDuplicates	Tracking 153616 as yet unmatched pairs. 1551 records in RAM.
INFO	2015-04-01 11:39:22	MarkDuplicates	Read    13,000,000 records.  Elapsed time: 00:06:04s.  Time for last 1,000,000:   17s.  Last read position: chr11:3,516,920
INFO	2015-04-01 11:39:22	MarkDuplicates	Tracking 165470 as yet unmatched pairs. 9383 records in RAM.
INFO	2015-04-01 11:39:44	MarkDuplicates	Read    14,000,000 records.  Elapsed time: 00:06:29s.  Time for last 1,000,000:   24s.  Last read position: chr11:20,064,028
INFO	2015-04-01 11:39:44	MarkDuplicates	Tracking 183066 as yet unmatched pairs. 8965 records in RAM.
INFO	2015-04-01 11:40:06	MarkDuplicates	Read    15,000,000 records.  Elapsed time: 00:06:48s.  Time for last 1,000,000:   19s.  Last read position: chr11:32,296,847
INFO	2015-04-01 11:40:06	MarkDuplicates	Tracking 213972 as yet unmatched pairs. 36896 records in RAM.
INFO	2015-04-01 11:40:22	MarkDuplicates	Read    16,000,000 records.  Elapsed time: 00:07:04s.  Time for last 1,000,000:   15s.  Last read position: chr11:51,643,805
INFO	2015-04-01 11:40:22	MarkDuplicates	Tracking 194732 as yet unmatched pairs. 8441 records in RAM.
INFO	2015-04-01 11:40:43	MarkDuplicates	Read    17,000,000 records.  Elapsed time: 00:07:26s.  Time for last 1,000,000:   22s.  Last read position: chr11:61,575,366
INFO	2015-04-01 11:40:43	MarkDuplicates	Tracking 199163 as yet unmatched pairs. 7970 records in RAM.
INFO	2015-04-01 11:40:58	MarkDuplicates	Read    18,000,000 records.  Elapsed time: 00:07:40s.  Time for last 1,000,000:   14s.  Last read position: chr11:69,353,844
INFO	2015-04-01 11:40:58	MarkDuplicates	Tracking 202780 as yet unmatched pairs. 8209 records in RAM.
INFO	2015-04-01 11:41:18	MarkDuplicates	Read    19,000,000 records.  Elapsed time: 00:08:03s.  Time for last 1,000,000:   22s.  Last read position: chr11:76,233,228
INFO	2015-04-01 11:41:18	MarkDuplicates	Tracking 206427 as yet unmatched pairs. 7161 records in RAM.
INFO	2015-04-01 11:41:33	MarkDuplicates	Read    20,000,000 records.  Elapsed time: 00:08:18s.  Time for last 1,000,000:   15s.  Last read position: chr11:88,893,913
INFO	2015-04-01 11:41:33	MarkDuplicates	Tracking 213935 as yet unmatched pairs. 3843 records in RAM.
INFO	2015-04-01 11:42:01	MarkDuplicates	Read    21,000,000 records.  Elapsed time: 00:08:42s.  Time for last 1,000,000:   23s.  Last read position: chr11:98,029,421
INFO	2015-04-01 11:42:01	MarkDuplicates	Tracking 228130 as yet unmatched pairs. 12117 records in RAM.
INFO	2015-04-01 11:42:14	MarkDuplicates	Read    22,000,000 records.  Elapsed time: 00:08:55s.  Time for last 1,000,000:   13s.  Last read position: chr11:104,584,015
INFO	2015-04-01 11:42:14	MarkDuplicates	Tracking 232408 as yet unmatched pairs. 5047 records in RAM.
INFO	2015-04-01 11:42:33	MarkDuplicates	Read    23,000,000 records.  Elapsed time: 00:09:15s.  Time for last 1,000,000:   19s.  Last read position: chr11:116,861,625
INFO	2015-04-01 11:42:33	MarkDuplicates	Tracking 238508 as yet unmatched pairs. 1095 records in RAM.
INFO	2015-04-01 11:43:04	MarkDuplicates	Read    24,000,000 records.  Elapsed time: 00:09:48s.  Time for last 1,000,000:   33s.  Last read position: chr12:8,499,381
INFO	2015-04-01 11:43:04	MarkDuplicates	Tracking 250079 as yet unmatched pairs. 25222 records in RAM.
INFO	2015-04-01 11:43:25	MarkDuplicates	Read    25,000,000 records.  Elapsed time: 00:10:09s.  Time for last 1,000,000:   20s.  Last read position: chr12:51,623,183
INFO	2015-04-01 11:43:25	MarkDuplicates	Tracking 267667 as yet unmatched pairs. 23370 records in RAM.
INFO	2015-04-01 11:43:43	MarkDuplicates	Read    26,000,000 records.  Elapsed time: 00:10:24s.  Time for last 1,000,000:   15s.  Last read position: chr12:80,183,596
INFO	2015-04-01 11:43:43	MarkDuplicates	Tracking 283736 as yet unmatched pairs. 21415 records in RAM.
INFO	2015-04-01 11:44:17	MarkDuplicates	Read    27,000,000 records.  Elapsed time: 00:11:00s.  Time for last 1,000,000:   35s.  Last read position: chr12:109,459,967
INFO	2015-04-01 11:44:17	MarkDuplicates	Tracking 296560 as yet unmatched pairs. 26937 records in RAM.
INFO	2015-04-01 11:44:38	MarkDuplicates	Read    28,000,000 records.  Elapsed time: 00:11:20s.  Time for last 1,000,000:   20s.  Last read position: chr12:110,646,205
INFO	2015-04-01 11:44:38	MarkDuplicates	Tracking 279600 as yet unmatched pairs. 715 records in RAM.
INFO	2015-04-01 11:44:51	MarkDuplicates	Read    29,000,000 records.  Elapsed time: 00:11:34s.  Time for last 1,000,000:   13s.  Last read position: chr13:24,841,117
INFO	2015-04-01 11:44:51	MarkDuplicates	Tracking 290240 as yet unmatched pairs. 11109 records in RAM.
INFO	2015-04-01 11:45:21	MarkDuplicates	Read    30,000,000 records.  Elapsed time: 00:12:05s.  Time for last 1,000,000:   30s.  Last read position: chr13:55,499,169
INFO	2015-04-01 11:45:21	MarkDuplicates	Tracking 298644 as yet unmatched pairs. 9812 records in RAM.
INFO	2015-04-01 11:45:32	MarkDuplicates	Read    31,000,000 records.  Elapsed time: 00:12:16s.  Time for last 1,000,000:   11s.  Last read position: chr13:86,046,666
INFO	2015-04-01 11:45:32	MarkDuplicates	Tracking 312974 as yet unmatched pairs. 5920 records in RAM.
INFO	2015-04-01 11:45:51	MarkDuplicates	Read    32,000,000 records.  Elapsed time: 00:12:33s.  Time for last 1,000,000:   16s.  Last read position: chr13:112,507,326
INFO	2015-04-01 11:45:51	MarkDuplicates	Tracking 330050 as yet unmatched pairs. 692 records in RAM.
INFO	2015-04-01 11:46:05	MarkDuplicates	Read    33,000,000 records.  Elapsed time: 00:12:47s.  Time for last 1,000,000:   13s.  Last read position: chr14:25,663,215
INFO	2015-04-01 11:46:05	MarkDuplicates	Tracking 339144 as yet unmatched pairs. 19048 records in RAM.
INFO	2015-04-01 11:46:39	MarkDuplicates	Read    34,000,000 records.  Elapsed time: 00:13:21s.  Time for last 1,000,000:   34s.  Last read position: chr14:50,925,562
INFO	2015-04-01 11:46:39	MarkDuplicates	Tracking 341487 as yet unmatched pairs. 12860 records in RAM.
INFO	2015-04-01 11:46:53	MarkDuplicates	Read    35,000,000 records.  Elapsed time: 00:13:37s.  Time for last 1,000,000:   16s.  Last read position: chr14:67,072,301
INFO	2015-04-01 11:46:53	MarkDuplicates	Tracking 349767 as yet unmatched pairs. 10179 records in RAM.
INFO	2015-04-01 11:47:14	MarkDuplicates	Read    36,000,000 records.  Elapsed time: 00:13:58s.  Time for last 1,000,000:   20s.  Last read position: chr14:103,814,910
INFO	2015-04-01 11:47:14	MarkDuplicates	Tracking 358898 as yet unmatched pairs. 4886 records in RAM.
INFO	2015-04-01 11:47:31	MarkDuplicates	Read    37,000,000 records.  Elapsed time: 00:14:13s.  Time for last 1,000,000:   14s.  Last read position: chr15:35,937,237
INFO	2015-04-01 11:47:31	MarkDuplicates	Tracking 363349 as yet unmatched pairs. 13644 records in RAM.
INFO	2015-04-01 11:48:08	MarkDuplicates	Read    38,000,000 records.  Elapsed time: 00:14:50s.  Time for last 1,000,000:   37s.  Last read position: chr15:76,666,326
INFO	2015-04-01 11:48:08	MarkDuplicates	Tracking 361303 as yet unmatched pairs. 5448 records in RAM.
INFO	2015-04-01 11:48:20	MarkDuplicates	Read    39,000,000 records.  Elapsed time: 00:15:03s.  Time for last 1,000,000:   12s.  Last read position: chr15:81,903,932
INFO	2015-04-01 11:48:20	MarkDuplicates	Tracking 363979 as yet unmatched pairs. 4377 records in RAM.
INFO	2015-04-01 11:48:38	MarkDuplicates	Read    40,000,000 records.  Elapsed time: 00:15:21s.  Time for last 1,000,000:   18s.  Last read position: chr15:98,932,047
INFO	2015-04-01 11:48:38	MarkDuplicates	Tracking 382201 as yet unmatched pairs. 16340 records in RAM.
INFO	2015-04-01 11:48:49	MarkDuplicates	Read    41,000,000 records.  Elapsed time: 00:15:31s.  Time for last 1,000,000:    9s.  Last read position: chr15:101,284,475
INFO	2015-04-01 11:48:49	MarkDuplicates	Tracking 371353 as yet unmatched pairs. 983 records in RAM.
INFO	2015-04-01 11:49:02	MarkDuplicates	Read    42,000,000 records.  Elapsed time: 00:15:45s.  Time for last 1,000,000:   13s.  Last read position: chr16:14,152,026
INFO	2015-04-01 11:49:02	MarkDuplicates	Tracking 384109 as yet unmatched pairs. 12146 records in RAM.
INFO	2015-04-01 11:49:35	MarkDuplicates	Read    43,000,000 records.  Elapsed time: 00:16:19s.  Time for last 1,000,000:   34s.  Last read position: chr16:32,626,641
INFO	2015-04-01 11:49:35	MarkDuplicates	Tracking 387459 as yet unmatched pairs. 6735 records in RAM.
INFO	2015-04-01 11:49:49	MarkDuplicates	Read    44,000,000 records.  Elapsed time: 00:16:31s.  Time for last 1,000,000:   11s.  Last read position: chr16:78,941,456
INFO	2015-04-01 11:49:49	MarkDuplicates	Tracking 396562 as yet unmatched pairs. 2802 records in RAM.
INFO	2015-04-01 11:50:12	MarkDuplicates	Read    45,000,000 records.  Elapsed time: 00:16:54s.  Time for last 1,000,000:   22s.  Last read position: chr17:10,208,500
INFO	2015-04-01 11:50:12	MarkDuplicates	Tracking 402177 as yet unmatched pairs. 31886 records in RAM.
INFO	2015-04-01 11:50:23	MarkDuplicates	Read    46,000,000 records.  Elapsed time: 00:17:07s.  Time for last 1,000,000:   12s.  Last read position: chr17:24,896,950
INFO	2015-04-01 11:50:23	MarkDuplicates	Tracking 407183 as yet unmatched pairs. 25706 records in RAM.
INFO	2015-04-01 11:50:34	MarkDuplicates	Read    47,000,000 records.  Elapsed time: 00:17:18s.  Time for last 1,000,000:   11s.  Last read position: chr17:32,767,281
INFO	2015-04-01 11:50:34	MarkDuplicates	Tracking 405606 as yet unmatched pairs. 16247 records in RAM.
INFO	2015-04-01 11:51:18	MarkDuplicates	Read    48,000,000 records.  Elapsed time: 00:18:03s.  Time for last 1,000,000:   44s.  Last read position: chr17:37,002,806
INFO	2015-04-01 11:51:18	MarkDuplicates	Tracking 406930 as yet unmatched pairs. 10524 records in RAM.
INFO	2015-04-01 11:51:33	MarkDuplicates	Read    49,000,000 records.  Elapsed time: 00:18:17s.  Time for last 1,000,000:   14s.  Last read position: chr17:56,613,658
INFO	2015-04-01 11:51:33	MarkDuplicates	Tracking 422971 as yet unmatched pairs. 14527 records in RAM.
INFO	2015-04-01 11:51:56	MarkDuplicates	Read    50,000,000 records.  Elapsed time: 00:18:40s.  Time for last 1,000,000:   22s.  Last read position: chr17:94,876,490
INFO	2015-04-01 11:51:56	MarkDuplicates	Tracking 415970 as yet unmatched pairs. 85 records in RAM.
INFO	2015-04-01 11:52:09	MarkDuplicates	Read    51,000,000 records.  Elapsed time: 00:18:52s.  Time for last 1,000,000:   11s.  Last read position: chr18:35,572,528
INFO	2015-04-01 11:52:09	MarkDuplicates	Tracking 413842 as yet unmatched pairs. 13081 records in RAM.
INFO	2015-04-01 11:52:21	MarkDuplicates	Read    52,000,000 records.  Elapsed time: 00:19:04s.  Time for last 1,000,000:   12s.  Last read position: chr18:61,133,990
INFO	2015-04-01 11:52:21	MarkDuplicates	Tracking 419654 as yet unmatched pairs. 8089 records in RAM.
INFO	2015-04-01 11:52:31	MarkDuplicates	Read    53,000,000 records.  Elapsed time: 00:19:16s.  Time for last 1,000,000:   11s.  Last read position: chr19:4,035,504
INFO	2015-04-01 11:52:31	MarkDuplicates	Tracking 417899 as yet unmatched pairs. 20275 records in RAM.
INFO	2015-04-01 11:53:15	MarkDuplicates	Read    54,000,000 records.  Elapsed time: 00:19:57s.  Time for last 1,000,000:   40s.  Last read position: chr19:8,911,642
INFO	2015-04-01 11:53:15	MarkDuplicates	Tracking 416106 as yet unmatched pairs. 15257 records in RAM.
INFO	2015-04-01 11:53:27	MarkDuplicates	Read    55,000,000 records.  Elapsed time: 00:20:10s.  Time for last 1,000,000:   13s.  Last read position: chr19:34,248,436
INFO	2015-04-01 11:53:27	MarkDuplicates	Tracking 423013 as yet unmatched pairs. 11353 records in RAM.
INFO	2015-04-01 11:53:37	MarkDuplicates	Read    56,000,000 records.  Elapsed time: 00:20:22s.  Time for last 1,000,000:   11s.  Last read position: chr19:58,454,533
INFO	2015-04-01 11:53:37	MarkDuplicates	Tracking 422642 as yet unmatched pairs. 6114 records in RAM.
INFO	2015-04-01 11:54:07	MarkDuplicates	Read    57,000,000 records.  Elapsed time: 00:20:48s.  Time for last 1,000,000:   26s.  Last read position: chr2:26,911,110
INFO	2015-04-01 11:54:07	MarkDuplicates	Tracking 426840 as yet unmatched pairs. 46080 records in RAM.
INFO	2015-04-01 11:54:28	MarkDuplicates	Read    58,000,000 records.  Elapsed time: 00:21:06s.  Time for last 1,000,000:   17s.  Last read position: chr2:32,963,826
INFO	2015-04-01 11:54:28	MarkDuplicates	Tracking 426413 as yet unmatched pairs. 35250 records in RAM.
INFO	2015-04-01 11:54:47	MarkDuplicates	Read    59,000,000 records.  Elapsed time: 00:21:25s.  Time for last 1,000,000:   18s.  Last read position: chr2:73,909,337
INFO	2015-04-01 11:54:47	MarkDuplicates	Tracking 426067 as yet unmatched pairs. 30686 records in RAM.
INFO	2015-04-01 11:55:41	MarkDuplicates	Read    60,000,000 records.  Elapsed time: 00:22:23s.  Time for last 1,000,000:   58s.  Last read position: chr2:102,814,309
INFO	2015-04-01 11:55:41	MarkDuplicates	Tracking 428061 as yet unmatched pairs. 23272 records in RAM.
INFO	2015-04-01 11:55:58	MarkDuplicates	Read    61,000,000 records.  Elapsed time: 00:22:39s.  Time for last 1,000,000:   16s.  Last read position: chr2:121,494,820
INFO	2015-04-01 11:55:58	MarkDuplicates	Tracking 430296 as yet unmatched pairs. 20689 records in RAM.
INFO	2015-04-01 11:56:19	MarkDuplicates	Read    62,000,000 records.  Elapsed time: 00:22:59s.  Time for last 1,000,000:   19s.  Last read position: chr2:150,116,876
INFO	2015-04-01 11:56:19	MarkDuplicates	Tracking 427138 as yet unmatched pairs. 13300 records in RAM.
INFO	2015-04-01 11:56:43	MarkDuplicates	Read    63,000,000 records.  Elapsed time: 00:23:20s.  Time for last 1,000,000:   21s.  Last read position: chr2:162,934,935
INFO	2015-04-01 11:56:43	MarkDuplicates	Tracking 424800 as yet unmatched pairs. 6310 records in RAM.
INFO	2015-04-01 11:57:13	MarkDuplicates	Read    64,000,000 records.  Elapsed time: 00:23:53s.  Time for last 1,000,000:   32s.  Last read position: chr2:175,788,568
INFO	2015-04-01 11:57:13	MarkDuplicates	Tracking 430216 as yet unmatched pairs. 7463 records in RAM.
INFO	2015-04-01 11:57:35	MarkDuplicates	Read    65,000,000 records.  Elapsed time: 00:24:15s.  Time for last 1,000,000:   22s.  Last read position: chr3:33,811,826
INFO	2015-04-01 11:57:35	MarkDuplicates	Tracking 428261 as yet unmatched pairs. 60523 records in RAM.
INFO	2015-04-01 11:57:56	MarkDuplicates	Read    66,000,000 records.  Elapsed time: 00:24:37s.  Time for last 1,000,000:   21s.  Last read position: chr3:65,380,852
INFO	2015-04-01 11:57:56	MarkDuplicates	Tracking 415485 as yet unmatched pairs. 41796 records in RAM.
INFO	2015-04-01 11:58:25	MarkDuplicates	Read    67,000,000 records.  Elapsed time: 00:25:00s.  Time for last 1,000,000:   23s.  Last read position: chr3:89,468,612
INFO	2015-04-01 11:58:25	MarkDuplicates	Tracking 404008 as yet unmatched pairs. 26868 records in RAM.
INFO	2015-04-01 11:59:39	MarkDuplicates	Read    68,000,000 records.  Elapsed time: 00:26:20s.  Time for last 1,000,000:   79s.  Last read position: chr3:103,178,443
INFO	2015-04-01 11:59:39	MarkDuplicates	Tracking 400608 as yet unmatched pairs. 17195 records in RAM.
INFO	2015-04-01 11:59:57	MarkDuplicates	Read    69,000,000 records.  Elapsed time: 00:26:38s.  Time for last 1,000,000:   18s.  Last read position: chr3:131,564,886
INFO	2015-04-01 11:59:57	MarkDuplicates	Tracking 394033 as yet unmatched pairs. 6238 records in RAM.
INFO	2015-04-01 12:00:14	MarkDuplicates	Read    70,000,000 records.  Elapsed time: 00:26:58s.  Time for last 1,000,000:   20s.  Last read position: chr4:8,577,993
INFO	2015-04-01 12:00:14	MarkDuplicates	Tracking 407628 as yet unmatched pairs. 52680 records in RAM.
INFO	2015-04-01 12:00:33	MarkDuplicates	Read    71,000,000 records.  Elapsed time: 00:27:13s.  Time for last 1,000,000:   14s.  Last read position: chr4:44,126,722
INFO	2015-04-01 12:00:33	MarkDuplicates	Tracking 401970 as yet unmatched pairs. 44204 records in RAM.
INFO	2015-04-01 12:01:06	MarkDuplicates	Read    72,000,000 records.  Elapsed time: 00:27:48s.  Time for last 1,000,000:   34s.  Last read position: chr4:86,983,787
INFO	2015-04-01 12:01:06	MarkDuplicates	Tracking 398421 as yet unmatched pairs. 36357 records in RAM.
INFO	2015-04-01 12:01:20	MarkDuplicates	Read    73,000,000 records.  Elapsed time: 00:28:02s.  Time for last 1,000,000:   14s.  Last read position: chr4:118,475,829
INFO	2015-04-01 12:01:20	MarkDuplicates	Tracking 400094 as yet unmatched pairs. 29705 records in RAM.
INFO	2015-04-01 12:01:33	MarkDuplicates	Read    74,000,000 records.  Elapsed time: 00:28:16s.  Time for last 1,000,000:   14s.  Last read position: chr4:130,260,683
INFO	2015-04-01 12:01:33	MarkDuplicates	Tracking 395809 as yet unmatched pairs. 22921 records in RAM.
INFO	2015-04-01 12:01:50	MarkDuplicates	Read    75,000,000 records.  Elapsed time: 00:28:30s.  Time for last 1,000,000:   13s.  Last read position: chr4:138,125,843
INFO	2015-04-01 12:01:50	MarkDuplicates	Tracking 396252 as yet unmatched pairs. 14690 records in RAM.
INFO	2015-04-01 12:02:51	MarkDuplicates	Read    76,000,000 records.  Elapsed time: 00:29:33s.  Time for last 1,000,000:   62s.  Last read position: chr4:155,086,238
INFO	2015-04-01 12:02:51	MarkDuplicates	Tracking 387671 as yet unmatched pairs. 1275 records in RAM.
INFO	2015-04-01 12:03:11	MarkDuplicates	Read    77,000,000 records.  Elapsed time: 00:29:53s.  Time for last 1,000,000:   20s.  Last read position: chr5:29,451,864
INFO	2015-04-01 12:03:11	MarkDuplicates	Tracking 403189 as yet unmatched pairs. 56926 records in RAM.
INFO	2015-04-01 12:03:25	MarkDuplicates	Read    78,000,000 records.  Elapsed time: 00:30:08s.  Time for last 1,000,000:   15s.  Last read position: chr5:58,129,936
INFO	2015-04-01 12:03:25	MarkDuplicates	Tracking 398694 as yet unmatched pairs. 50253 records in RAM.
INFO	2015-04-01 12:03:42	MarkDuplicates	Read    79,000,000 records.  Elapsed time: 00:30:22s.  Time for last 1,000,000:   14s.  Last read position: chr5:100,665,175
INFO	2015-04-01 12:03:42	MarkDuplicates	Tracking 390704 as yet unmatched pairs. 40078 records in RAM.
INFO	2015-04-01 12:03:58	MarkDuplicates	Read    80,000,000 records.  Elapsed time: 00:30:41s.  Time for last 1,000,000:   18s.  Last read position: chr5:115,561,243
INFO	2015-04-01 12:03:58	MarkDuplicates	Tracking 411021 as yet unmatched pairs. 44919 records in RAM.
INFO	2015-04-01 12:04:30	MarkDuplicates	Read    81,000,000 records.  Elapsed time: 00:31:11s.  Time for last 1,000,000:   30s.  Last read position: chr5:125,386,311
INFO	2015-04-01 12:04:30	MarkDuplicates	Tracking 394967 as yet unmatched pairs. 22511 records in RAM.
INFO	2015-04-01 12:04:45	MarkDuplicates	Read    82,000,000 records.  Elapsed time: 00:31:24s.  Time for last 1,000,000:   13s.  Last read position: chr5:136,747,023
INFO	2015-04-01 12:04:45	MarkDuplicates	Tracking 389112 as yet unmatched pairs. 14845 records in RAM.
INFO	2015-04-01 12:05:04	MarkDuplicates	Read    83,000,000 records.  Elapsed time: 00:31:43s.  Time for last 1,000,000:   18s.  Last read position: chr5:146,835,015
INFO	2015-04-01 12:05:04	MarkDuplicates	Tracking 392150 as yet unmatched pairs. 14260 records in RAM.
INFO	2015-04-01 12:05:22	MarkDuplicates	Read    84,000,000 records.  Elapsed time: 00:32:01s.  Time for last 1,000,000:   18s.  Last read position: chr6:29,372,637
INFO	2015-04-01 12:05:22	MarkDuplicates	Tracking 372160 as yet unmatched pairs. 48200 records in RAM.
INFO	2015-04-01 12:06:25	MarkDuplicates	Read    85,000,000 records.  Elapsed time: 00:33:03s.  Time for last 1,000,000:   61s.  Last read position: chr6:47,576,562
INFO	2015-04-01 12:06:25	MarkDuplicates	Tracking 367575 as yet unmatched pairs. 41655 records in RAM.
INFO	2015-04-01 12:06:45	MarkDuplicates	Read    86,000,000 records.  Elapsed time: 00:33:24s.  Time for last 1,000,000:   21s.  Last read position: chr6:83,118,122
INFO	2015-04-01 12:06:45	MarkDuplicates	Tracking 362983 as yet unmatched pairs. 33014 records in RAM.
INFO	2015-04-01 12:07:04	MarkDuplicates	Read    87,000,000 records.  Elapsed time: 00:33:44s.  Time for last 1,000,000:   20s.  Last read position: chr6:113,151,612
INFO	2015-04-01 12:07:04	MarkDuplicates	Tracking 358722 as yet unmatched pairs. 27377 records in RAM.
INFO	2015-04-01 12:07:22	MarkDuplicates	Read    88,000,000 records.  Elapsed time: 00:34:03s.  Time for last 1,000,000:   18s.  Last read position: chr6:125,162,625
INFO	2015-04-01 12:07:22	MarkDuplicates	Tracking 356440 as yet unmatched pairs. 21821 records in RAM.
INFO	2015-04-01 12:07:55	MarkDuplicates	Read    89,000,000 records.  Elapsed time: 00:34:40s.  Time for last 1,000,000:   36s.  Last read position: chr7:3,705,742
INFO	2015-04-01 12:07:55	MarkDuplicates	Tracking 350607 as yet unmatched pairs. 98835 records in RAM.
INFO	2015-04-01 12:08:18	MarkDuplicates	Read    90,000,000 records.  Elapsed time: 00:34:57s.  Time for last 1,000,000:   17s.  Last read position: chr7:16,997,124
INFO	2015-04-01 12:08:18	MarkDuplicates	Tracking 335257 as yet unmatched pairs. 82355 records in RAM.
INFO	2015-04-01 12:08:39	MarkDuplicates	Read    91,000,000 records.  Elapsed time: 00:35:18s.  Time for last 1,000,000:   21s.  Last read position: chr7:29,862,942
INFO	2015-04-01 12:08:39	MarkDuplicates	Tracking 324209 as yet unmatched pairs. 70096 records in RAM.
INFO	2015-04-01 12:08:59	MarkDuplicates	Read    92,000,000 records.  Elapsed time: 00:35:40s.  Time for last 1,000,000:   21s.  Last read position: chr7:45,458,261
INFO	2015-04-01 12:08:59	MarkDuplicates	Tracking 321567 as yet unmatched pairs. 65631 records in RAM.
INFO	2015-04-01 12:09:17	MarkDuplicates	Read    93,000,000 records.  Elapsed time: 00:35:57s.  Time for last 1,000,000:   17s.  Last read position: chr7:81,788,472
INFO	2015-04-01 12:09:17	MarkDuplicates	Tracking 306286 as yet unmatched pairs. 48835 records in RAM.
INFO	2015-04-01 12:10:40	MarkDuplicates	Read    94,000,000 records.  Elapsed time: 00:37:15s.  Time for last 1,000,000:   77s.  Last read position: chr7:103,813,535
INFO	2015-04-01 12:10:40	MarkDuplicates	Tracking 309983 as yet unmatched pairs. 51444 records in RAM.
INFO	2015-04-01 12:10:55	MarkDuplicates	Read    95,000,000 records.  Elapsed time: 00:37:36s.  Time for last 1,000,000:   21s.  Last read position: chr7:114,223,278
INFO	2015-04-01 12:10:55	MarkDuplicates	Tracking 286636 as yet unmatched pairs. 27538 records in RAM.
INFO	2015-04-01 12:11:18	MarkDuplicates	Read    96,000,000 records.  Elapsed time: 00:37:55s.  Time for last 1,000,000:   19s.  Last read position: chr7:127,343,307
INFO	2015-04-01 12:11:18	MarkDuplicates	Tracking 276094 as yet unmatched pairs. 14550 records in RAM.
INFO	2015-04-01 12:11:38	MarkDuplicates	Read    97,000,000 records.  Elapsed time: 00:38:15s.  Time for last 1,000,000:   19s.  Last read position: chr7:142,575,815
INFO	2015-04-01 12:11:38	MarkDuplicates	Tracking 314763 as yet unmatched pairs. 51125 records in RAM.
INFO	2015-04-01 12:12:12	MarkDuplicates	Read    98,000,000 records.  Elapsed time: 00:38:50s.  Time for last 1,000,000:   34s.  Last read position: chr7:142,578,019
INFO	2015-04-01 12:12:12	MarkDuplicates	Tracking 275443 as yet unmatched pairs. 11309 records in RAM.
INFO	2015-04-01 12:12:34	MarkDuplicates	Read    99,000,000 records.  Elapsed time: 00:39:13s.  Time for last 1,000,000:   22s.  Last read position: chr8:4,191,614
INFO	2015-04-01 12:12:34	MarkDuplicates	Tracking 262157 as yet unmatched pairs. 77552 records in RAM.
INFO	2015-04-01 12:12:54	MarkDuplicates	Read   100,000,000 records.  Elapsed time: 00:39:33s.  Time for last 1,000,000:   20s.  Last read position: chr8:25,720,981
INFO	2015-04-01 12:12:54	MarkDuplicates	Tracking 256769 as yet unmatched pairs. 71284 records in RAM.
INFO	2015-04-01 12:13:14	MarkDuplicates	Read   101,000,000 records.  Elapsed time: 00:39:54s.  Time for last 1,000,000:   21s.  Last read position: chr8:70,768,428
INFO	2015-04-01 12:13:14	MarkDuplicates	Tracking 242036 as yet unmatched pairs. 54263 records in RAM.
INFO	2015-04-01 12:14:35	MarkDuplicates	Read   102,000,000 records.  Elapsed time: 00:41:19s.  Time for last 1,000,000:   84s.  Last read position: chr8:85,092,992
INFO	2015-04-01 12:14:35	MarkDuplicates	Tracking 229049 as yet unmatched pairs. 40583 records in RAM.
INFO	2015-04-01 12:14:58	MarkDuplicates	Read   103,000,000 records.  Elapsed time: 00:41:37s.  Time for last 1,000,000:   17s.  Last read position: chr8:107,586,627
INFO	2015-04-01 12:14:58	MarkDuplicates	Tracking 211708 as yet unmatched pairs. 16432 records in RAM.
INFO	2015-04-01 12:15:19	MarkDuplicates	Read   104,000,000 records.  Elapsed time: 00:41:57s.  Time for last 1,000,000:   19s.  Last read position: chr8:124,839,787
INFO	2015-04-01 12:15:19	MarkDuplicates	Tracking 197589 as yet unmatched pairs. 1694 records in RAM.
INFO	2015-04-01 12:15:40	MarkDuplicates	Read   105,000,000 records.  Elapsed time: 00:42:19s.  Time for last 1,000,000:   22s.  Last read position: chr9:31,073,991
INFO	2015-04-01 12:15:40	MarkDuplicates	Tracking 186319 as yet unmatched pairs. 108152 records in RAM.
INFO	2015-04-01 12:15:59	MarkDuplicates	Read   106,000,000 records.  Elapsed time: 00:42:38s.  Time for last 1,000,000:   18s.  Last read position: chr9:45,395,714
INFO	2015-04-01 12:15:59	MarkDuplicates	Tracking 159912 as yet unmatched pairs. 81563 records in RAM.
INFO	2015-04-01 12:16:31	MarkDuplicates	Read   107,000,000 records.  Elapsed time: 00:43:10s.  Time for last 1,000,000:   32s.  Last read position: chr9:61,913,517
INFO	2015-04-01 12:16:31	MarkDuplicates	Tracking 167616 as yet unmatched pairs. 81017 records in RAM.
INFO	2015-04-01 12:16:49	MarkDuplicates	Read   108,000,000 records.  Elapsed time: 00:43:30s.  Time for last 1,000,000:   19s.  Last read position: chr9:72,532,592
INFO	2015-04-01 12:16:49	MarkDuplicates	Tracking 147786 as yet unmatched pairs. 60991 records in RAM.
INFO	2015-04-01 12:17:06	MarkDuplicates	Read   109,000,000 records.  Elapsed time: 00:43:48s.  Time for last 1,000,000:   17s.  Last read position: chr9:78,480,058
INFO	2015-04-01 12:17:06	MarkDuplicates	Tracking 181072 as yet unmatched pairs. 94121 records in RAM.
INFO	2015-04-01 12:17:23	MarkDuplicates	Read   110,000,000 records.  Elapsed time: 00:44:03s.  Time for last 1,000,000:   15s.  Last read position: chr9:98,587,254
INFO	2015-04-01 12:17:23	MarkDuplicates	Tracking 125551 as yet unmatched pairs. 38341 records in RAM.
INFO	2015-04-01 12:18:37	MarkDuplicates	Read   111,000,000 records.  Elapsed time: 00:45:16s.  Time for last 1,000,000:   73s.  Last read position: chr9:110,722,460
INFO	2015-04-01 12:18:37	MarkDuplicates	Tracking 113933 as yet unmatched pairs. 26506 records in RAM.
INFO	2015-04-01 12:18:57	MarkDuplicates	Read   112,000,000 records.  Elapsed time: 00:45:35s.  Time for last 1,000,000:   19s.  Last read position: chrM:1,948
INFO	2015-04-01 12:18:57	MarkDuplicates	Tracking 88289 as yet unmatched pairs. 20649 records in RAM.
INFO	2015-04-01 12:19:17	MarkDuplicates	Read   113,000,000 records.  Elapsed time: 00:45:54s.  Time for last 1,000,000:   18s.  Last read position: chrM:6,686
INFO	2015-04-01 12:19:17	MarkDuplicates	Tracking 122017 as yet unmatched pairs. 54303 records in RAM.
INFO	2015-04-01 12:19:33	MarkDuplicates	Read   114,000,000 records.  Elapsed time: 00:46:16s.  Time for last 1,000,000:   21s.  Last read position: chrM:9,235
INFO	2015-04-01 12:19:33	MarkDuplicates	Tracking 105127 as yet unmatched pairs. 37321 records in RAM.
INFO	2015-04-01 12:20:05	MarkDuplicates	Read   115,000,000 records.  Elapsed time: 00:46:49s.  Time for last 1,000,000:   33s.  Last read position: chrX:8,142,666
INFO	2015-04-01 12:20:05	MarkDuplicates	Tracking 68339 as yet unmatched pairs. 64299 records in RAM.
INFO	2015-04-01 12:20:23	MarkDuplicates	Read   116,000,000 records.  Elapsed time: 00:47:04s.  Time for last 1,000,000:   14s.  Last read position: chrX:56,493,458
INFO	2015-04-01 12:20:23	MarkDuplicates	Tracking 52534 as yet unmatched pairs. 48431 records in RAM.
INFO	2015-04-01 12:20:46	MarkDuplicates	Read   117,000,000 records.  Elapsed time: 00:47:25s.  Time for last 1,000,000:   20s.  Last read position: chrX:96,470,822
INFO	2015-04-01 12:20:46	MarkDuplicates	Tracking 29206 as yet unmatched pairs. 25090 records in RAM.
INFO	2015-04-01 12:21:07	MarkDuplicates	Read   118,000,000 records.  Elapsed time: 00:47:46s.  Time for last 1,000,000:   21s.  Last read position: chrX:114,680,763
INFO	2015-04-01 12:21:07	MarkDuplicates	Tracking 23136 as yet unmatched pairs. 19013 records in RAM.
INFO	2015-04-01 12:21:27	MarkDuplicates	Read   119,000,000 records.  Elapsed time: 00:48:04s.  Time for last 1,000,000:   18s.  Last read position: chrX:152,909,650
INFO	2015-04-01 12:21:27	MarkDuplicates	Tracking 11210 as yet unmatched pairs. 7062 records in RAM.
INFO	2015-04-01 12:22:20	MarkDuplicates	Read 119495496 records. 0 pairs never matched.
INFO	2015-04-01 12:22:49	MarkDuplicates	After buildSortedReadEndLists freeMemory: 14455909192; totalMemory: 27476492288; maxMemory: 38177538048
INFO	2015-04-01 12:22:49	MarkDuplicates	Will retain up to 1193048064 duplicate indices before spilling to disk.
INFO	2015-04-01 12:22:53	MarkDuplicates	Traversing read pair information and detecting duplicates.
INFO	2015-04-01 12:24:14	MarkDuplicates	Traversing fragment information and detecting duplicates.
INFO	2015-04-01 12:26:39	MarkDuplicates	Sorting list of duplicate records.
INFO	2015-04-01 12:26:57	MarkDuplicates	After generateDuplicateIndexes freeMemory: 26708280728; totalMemory: 36436180992; maxMemory: 38177538048
INFO	2015-04-01 12:26:57	MarkDuplicates	Marking 21815458 records as duplicates.
INFO	2015-04-01 12:26:57	MarkDuplicates	Found 6400244 optical duplicate clusters.
INFO	2015-04-01 12:34:17	MarkDuplicates	Written    10,000,000 records.  Elapsed time: 00:07:20s.  Time for last 10,000,000:  440s.  Last read position: chr10:80,638,466
INFO	2015-04-01 12:41:35	MarkDuplicates	Written    20,000,000 records.  Elapsed time: 00:14:37s.  Time for last 10,000,000:  437s.  Last read position: chr11:88,893,913
INFO	2015-04-01 12:49:02	MarkDuplicates	Written    30,000,000 records.  Elapsed time: 00:22:04s.  Time for last 10,000,000:  447s.  Last read position: chr13:55,499,169
INFO	2015-04-01 12:54:30	MarkDuplicates	Written    40,000,000 records.  Elapsed time: 00:27:32s.  Time for last 10,000,000:  327s.  Last read position: chr15:98,932,047
INFO	2015-04-01 12:59:37	MarkDuplicates	Written    50,000,000 records.  Elapsed time: 00:32:39s.  Time for last 10,000,000:  307s.  Last read position: chr17:94,876,490
INFO	2015-04-01 13:06:53	MarkDuplicates	Written    60,000,000 records.  Elapsed time: 00:39:55s.  Time for last 10,000,000:  435s.  Last read position: chr2:102,814,309
INFO	2015-04-01 13:14:16	MarkDuplicates	Written    70,000,000 records.  Elapsed time: 00:47:18s.  Time for last 10,000,000:  443s.  Last read position: chr4:8,577,993
INFO	2015-04-01 13:21:51	MarkDuplicates	Written    80,000,000 records.  Elapsed time: 00:54:53s.  Time for last 10,000,000:  454s.  Last read position: chr5:115,561,243
INFO	2015-04-01 13:29:10	MarkDuplicates	Written    90,000,000 records.  Elapsed time: 01:02:13s.  Time for last 10,000,000:  439s.  Last read position: chr7:16,997,124
INFO	2015-04-01 13:36:28	MarkDuplicates	Written   100,000,000 records.  Elapsed time: 01:09:30s.  Time for last 10,000,000:  437s.  Last read position: chr8:25,720,981
INFO	2015-04-01 13:43:53	MarkDuplicates	Written   110,000,000 records.  Elapsed time: 01:16:55s.  Time for last 10,000,000:  445s.  Last read position: chr9:98,587,254
INFO	2015-04-01 13:50:41	MarkDuplicates	Before output close freeMemory: 36653015720; totalMemory: 36925931520; maxMemory: 38177538048
INFO	2015-04-01 13:50:45	MarkDuplicates	After output close freeMemory: 36864369176; totalMemory: 37137285120; maxMemory: 38177538048
[Wed Apr 01 13:50:45 EDT 2015] net.sf.picard.sam.MarkDuplicates done. Elapsed time: 137.54 minutes.
Runtime.totalMemory()=37137285120
