[Wed Apr 01 10:31:58 EDT 2015] net.sf.picard.sam.MarkDuplicates INPUT=[/n/rinn_data1/users/agroff/seq/OtherMice/Diana/lincP21/bam/JR882/accepted_hits_sorted_picard.bam] OUTPUT=/n/rinn_data1/users/agroff/seq/OtherMice/Diana/lincP21/bam/JR882/accepted_hits_sorted_duplicates_marked.bam METRICS_FILE=dup_metrics.txt    PROGRAM_RECORD_ID=MarkDuplicates PROGRAM_GROUP_NAME=MarkDuplicates REMOVE_DUPLICATES=false ASSUME_SORTED=false MAX_SEQUENCES_FOR_DISK_READ_ENDS_MAP=50000 MAX_FILE_HANDLES_FOR_READ_ENDS_MAP=8000 SORTING_COLLECTION_SIZE_RATIO=0.25 READ_NAME_REGEX=[a-zA-Z0-9]+:[0-9]:([0-9]+):([0-9]+):([0-9]+).* OPTICAL_DUPLICATE_PIXEL_DISTANCE=100 VERBOSITY=INFO QUIET=false VALIDATION_STRINGENCY=STRICT COMPRESSION_LEVEL=5 MAX_RECORDS_IN_RAM=500000 CREATE_INDEX=false CREATE_MD5_FILE=false
[Wed Apr 01 10:31:58 EDT 2015] Executing as agroff@holy2a11201.rc.fas.harvard.edu on Linux 2.6.32-431.17.1.el6.x86_64 amd64; Java HotSpot(TM) 64-Bit Server VM 1.6.0_11-b03; Picard version: 1.98(1547)
INFO	2015-04-01 10:31:58	MarkDuplicates	Start of doWork freeMemory: 8614376; totalMemory: 9109504; maxMemory: 38177538048
INFO	2015-04-01 10:31:58	MarkDuplicates	Reading input file and constructing read end information.
INFO	2015-04-01 10:31:58	MarkDuplicates	Will retain up to 151498166 data points before spilling to disk.
INFO	2015-04-01 10:33:12	MarkDuplicates	Read     1,000,000 records.  Elapsed time: 00:01:06s.  Time for last 1,000,000:   66s.  Last read position: chr1:30,940,685
INFO	2015-04-01 10:33:12	MarkDuplicates	Tracking 43255 as yet unmatched pairs. 463 records in RAM.
INFO	2015-04-01 10:33:59	MarkDuplicates	Read     2,000,000 records.  Elapsed time: 00:01:44s.  Time for last 1,000,000:   38s.  Last read position: chr1:45,341,003
INFO	2015-04-01 10:33:59	MarkDuplicates	Tracking 56751 as yet unmatched pairs. 9955 records in RAM.
INFO	2015-04-01 10:34:42	MarkDuplicates	Read     3,000,000 records.  Elapsed time: 00:02:30s.  Time for last 1,000,000:   45s.  Last read position: chr1:58,646,959
INFO	2015-04-01 10:34:42	MarkDuplicates	Tracking 61800 as yet unmatched pairs. 836 records in RAM.
INFO	2015-04-01 10:35:12	MarkDuplicates	Read     4,000,000 records.  Elapsed time: 00:03:06s.  Time for last 1,000,000:   36s.  Last read position: chr1:75,315,412
INFO	2015-04-01 10:35:12	MarkDuplicates	Tracking 68145 as yet unmatched pairs. 938 records in RAM.
INFO	2015-04-01 10:35:45	MarkDuplicates	Read     5,000,000 records.  Elapsed time: 00:03:34s.  Time for last 1,000,000:   27s.  Last read position: chr1:90,792,465
INFO	2015-04-01 10:35:45	MarkDuplicates	Tracking 79165 as yet unmatched pairs. 1354 records in RAM.
INFO	2015-04-01 10:36:17	MarkDuplicates	Read     6,000,000 records.  Elapsed time: 00:04:11s.  Time for last 1,000,000:   36s.  Last read position: chr1:131,935,037
INFO	2015-04-01 10:36:17	MarkDuplicates	Tracking 99201 as yet unmatched pairs. 1321 records in RAM.
INFO	2015-04-01 10:36:55	MarkDuplicates	Read     7,000,000 records.  Elapsed time: 00:04:45s.  Time for last 1,000,000:   34s.  Last read position: chr1:155,803,749
INFO	2015-04-01 10:36:55	MarkDuplicates	Tracking 109405 as yet unmatched pairs. 724 records in RAM.
INFO	2015-04-01 10:37:31	MarkDuplicates	Read     8,000,000 records.  Elapsed time: 00:05:18s.  Time for last 1,000,000:   33s.  Last read position: chr1:172,149,262
INFO	2015-04-01 10:37:31	MarkDuplicates	Tracking 118951 as yet unmatched pairs. 804 records in RAM.
INFO	2015-04-01 10:38:06	MarkDuplicates	Read     9,000,000 records.  Elapsed time: 00:05:55s.  Time for last 1,000,000:   36s.  Last read position: chr1:190,950,080
INFO	2015-04-01 10:38:06	MarkDuplicates	Tracking 125011 as yet unmatched pairs. 274 records in RAM.
INFO	2015-04-01 10:38:39	MarkDuplicates	Read    10,000,000 records.  Elapsed time: 00:06:30s.  Time for last 1,000,000:   35s.  Last read position: chr10:23,786,004
INFO	2015-04-01 10:38:39	MarkDuplicates	Tracking 161353 as yet unmatched pairs. 25836 records in RAM.
INFO	2015-04-01 10:39:11	MarkDuplicates	Read    11,000,000 records.  Elapsed time: 00:06:57s.  Time for last 1,000,000:   26s.  Last read position: chr10:58,478,967
INFO	2015-04-01 10:39:11	MarkDuplicates	Tracking 157007 as yet unmatched pairs. 6404 records in RAM.
INFO	2015-04-01 10:39:37	MarkDuplicates	Read    12,000,000 records.  Elapsed time: 00:07:31s.  Time for last 1,000,000:   34s.  Last read position: chr10:76,714,669
INFO	2015-04-01 10:39:37	MarkDuplicates	Tracking 163474 as yet unmatched pairs. 7062 records in RAM.
INFO	2015-04-01 10:40:04	MarkDuplicates	Read    13,000,000 records.  Elapsed time: 00:07:59s.  Time for last 1,000,000:   28s.  Last read position: chr10:81,046,483
INFO	2015-04-01 10:40:04	MarkDuplicates	Tracking 165270 as yet unmatched pairs. 5836 records in RAM.
INFO	2015-04-01 10:40:26	MarkDuplicates	Read    14,000,000 records.  Elapsed time: 00:08:19s.  Time for last 1,000,000:   20s.  Last read position: chr10:88,674,902
INFO	2015-04-01 10:40:26	MarkDuplicates	Tracking 169754 as yet unmatched pairs. 5155 records in RAM.
INFO	2015-04-01 10:40:54	MarkDuplicates	Read    15,000,000 records.  Elapsed time: 00:08:52s.  Time for last 1,000,000:   33s.  Last read position: chr10:112,928,255
INFO	2015-04-01 10:40:54	MarkDuplicates	Tracking 179069 as yet unmatched pairs. 1591 records in RAM.
INFO	2015-04-01 10:41:18	MarkDuplicates	Read    16,000,000 records.  Elapsed time: 00:09:08s.  Time for last 1,000,000:   16s.  Last read position: chr10:128,086,093
INFO	2015-04-01 10:41:18	MarkDuplicates	Tracking 184716 as yet unmatched pairs. 3905 records in RAM.
INFO	2015-04-01 10:41:50	MarkDuplicates	Read    17,000,000 records.  Elapsed time: 00:09:46s.  Time for last 1,000,000:   37s.  Last read position: chr11:5,071,048
INFO	2015-04-01 10:41:50	MarkDuplicates	Tracking 200522 as yet unmatched pairs. 10558 records in RAM.
INFO	2015-04-01 10:42:23	MarkDuplicates	Read    18,000,000 records.  Elapsed time: 00:10:15s.  Time for last 1,000,000:   28s.  Last read position: chr11:20,825,086
INFO	2015-04-01 10:42:23	MarkDuplicates	Tracking 218811 as yet unmatched pairs. 9364 records in RAM.
INFO	2015-04-01 10:42:39	MarkDuplicates	Read    19,000,000 records.  Elapsed time: 00:10:37s.  Time for last 1,000,000:   21s.  Last read position: chr11:32,284,337
INFO	2015-04-01 10:42:39	MarkDuplicates	Tracking 269119 as yet unmatched pairs. 57202 records in RAM.
INFO	2015-04-01 10:43:06	MarkDuplicates	Read    20,000,000 records.  Elapsed time: 00:10:54s.  Time for last 1,000,000:   17s.  Last read position: chr11:48,801,818
INFO	2015-04-01 10:43:06	MarkDuplicates	Tracking 237472 as yet unmatched pairs. 19412 records in RAM.
INFO	2015-04-01 10:43:41	MarkDuplicates	Read    21,000,000 records.  Elapsed time: 00:11:34s.  Time for last 1,000,000:   39s.  Last read position: chr11:54,991,406
INFO	2015-04-01 10:43:41	MarkDuplicates	Tracking 234766 as yet unmatched pairs. 10853 records in RAM.
INFO	2015-04-01 10:44:09	MarkDuplicates	Read    22,000,000 records.  Elapsed time: 00:12:01s.  Time for last 1,000,000:   26s.  Last read position: chr11:62,552,228
INFO	2015-04-01 10:44:09	MarkDuplicates	Tracking 249002 as yet unmatched pairs. 21507 records in RAM.
INFO	2015-04-01 10:44:45	MarkDuplicates	Read    23,000,000 records.  Elapsed time: 00:12:38s.  Time for last 1,000,000:   37s.  Last read position: chr11:69,668,038
INFO	2015-04-01 10:44:45	MarkDuplicates	Tracking 244451 as yet unmatched pairs. 14147 records in RAM.
INFO	2015-04-01 10:45:08	MarkDuplicates	Read    24,000,000 records.  Elapsed time: 00:12:58s.  Time for last 1,000,000:   20s.  Last read position: chr11:75,755,640
INFO	2015-04-01 10:45:08	MarkDuplicates	Tracking 244677 as yet unmatched pairs. 10709 records in RAM.
INFO	2015-04-01 10:45:42	MarkDuplicates	Read    25,000,000 records.  Elapsed time: 00:13:35s.  Time for last 1,000,000:   36s.  Last read position: chr11:84,994,552
INFO	2015-04-01 10:45:42	MarkDuplicates	Tracking 248869 as yet unmatched pairs. 4715 records in RAM.
INFO	2015-04-01 10:46:02	MarkDuplicates	Read    26,000,000 records.  Elapsed time: 00:13:58s.  Time for last 1,000,000:   22s.  Last read position: chr11:94,950,306
INFO	2015-04-01 10:46:02	MarkDuplicates	Tracking 259835 as yet unmatched pairs. 9730 records in RAM.
INFO	2015-04-01 10:46:18	MarkDuplicates	Read    27,000,000 records.  Elapsed time: 00:14:17s.  Time for last 1,000,000:   18s.  Last read position: chr11:98,827,827
INFO	2015-04-01 10:46:18	MarkDuplicates	Tracking 261626 as yet unmatched pairs. 2976 records in RAM.
INFO	2015-04-01 10:46:53	MarkDuplicates	Read    28,000,000 records.  Elapsed time: 00:14:52s.  Time for last 1,000,000:   35s.  Last read position: chr11:102,403,186
INFO	2015-04-01 10:46:53	MarkDuplicates	Tracking 269011 as yet unmatched pairs. 2670 records in RAM.
INFO	2015-04-01 10:47:23	MarkDuplicates	Read    29,000,000 records.  Elapsed time: 00:15:10s.  Time for last 1,000,000:   17s.  Last read position: chr11:114,671,839
INFO	2015-04-01 10:47:23	MarkDuplicates	Tracking 281139 as yet unmatched pairs. 4257 records in RAM.
INFO	2015-04-01 10:47:47	MarkDuplicates	Read    30,000,000 records.  Elapsed time: 00:15:41s.  Time for last 1,000,000:   31s.  Last read position: chr11:120,347,067
INFO	2015-04-01 10:47:47	MarkDuplicates	Tracking 294535 as yet unmatched pairs. 9892 records in RAM.
INFO	2015-04-01 10:48:33	MarkDuplicates	Read    31,000,000 records.  Elapsed time: 00:16:26s.  Time for last 1,000,000:   45s.  Last read position: chr12:10,900,048
INFO	2015-04-01 10:48:33	MarkDuplicates	Tracking 299428 as yet unmatched pairs. 18952 records in RAM.
INFO	2015-04-01 10:48:59	MarkDuplicates	Read    32,000,000 records.  Elapsed time: 00:16:49s.  Time for last 1,000,000:   22s.  Last read position: chr12:36,109,853
INFO	2015-04-01 10:48:59	MarkDuplicates	Tracking 315199 as yet unmatched pairs. 18411 records in RAM.
INFO	2015-04-01 10:49:31	MarkDuplicates	Read    33,000,000 records.  Elapsed time: 00:17:17s.  Time for last 1,000,000:   28s.  Last read position: chr12:70,013,557
INFO	2015-04-01 10:49:31	MarkDuplicates	Tracking 329427 as yet unmatched pairs. 15794 records in RAM.
INFO	2015-04-01 10:50:10	MarkDuplicates	Read    34,000,000 records.  Elapsed time: 00:17:52s.  Time for last 1,000,000:   35s.  Last read position: chr12:85,350,826
INFO	2015-04-01 10:50:10	MarkDuplicates	Tracking 346838 as yet unmatched pairs. 14983 records in RAM.
INFO	2015-04-01 10:51:13	MarkDuplicates	Read    35,000,000 records.  Elapsed time: 00:18:55s.  Time for last 1,000,000:   62s.  Last read position: chr12:109,547,146
INFO	2015-04-01 10:51:13	MarkDuplicates	Tracking 352260 as yet unmatched pairs. 11833 records in RAM.
INFO	2015-04-01 10:51:40	MarkDuplicates	Read    36,000,000 records.  Elapsed time: 00:19:32s.  Time for last 1,000,000:   36s.  Last read position: chr13:3,574,419
INFO	2015-04-01 10:51:40	MarkDuplicates	Tracking 345651 as yet unmatched pairs. 17609 records in RAM.
INFO	2015-04-01 10:52:24	MarkDuplicates	Read    37,000,000 records.  Elapsed time: 00:20:04s.  Time for last 1,000,000:   32s.  Last read position: chr13:38,059,989
INFO	2015-04-01 10:52:24	MarkDuplicates	Tracking 356288 as yet unmatched pairs. 14642 records in RAM.
INFO	2015-04-01 10:53:20	MarkDuplicates	Read    38,000,000 records.  Elapsed time: 00:21:08s.  Time for last 1,000,000:   64s.  Last read position: chr13:55,622,218
INFO	2015-04-01 10:53:20	MarkDuplicates	Tracking 368420 as yet unmatched pairs. 13365 records in RAM.
INFO	2015-04-01 10:53:56	MarkDuplicates	Read    39,000,000 records.  Elapsed time: 00:21:43s.  Time for last 1,000,000:   34s.  Last read position: chr13:74,058,340
INFO	2015-04-01 10:53:56	MarkDuplicates	Tracking 372567 as yet unmatched pairs. 6817 records in RAM.
INFO	2015-04-01 10:54:23	MarkDuplicates	Read    40,000,000 records.  Elapsed time: 00:22:21s.  Time for last 1,000,000:   38s.  Last read position: chr13:97,760,500
INFO	2015-04-01 10:54:23	MarkDuplicates	Tracking 398485 as yet unmatched pairs. 3770 records in RAM.
INFO	2015-04-01 10:55:00	MarkDuplicates	Read    41,000,000 records.  Elapsed time: 00:22:44s.  Time for last 1,000,000:   23s.  Last read position: chr14:6,875,870
INFO	2015-04-01 10:55:00	MarkDuplicates	Tracking 412705 as yet unmatched pairs. 38600 records in RAM.
INFO	2015-04-01 10:55:28	MarkDuplicates	Read    42,000,000 records.  Elapsed time: 00:23:15s.  Time for last 1,000,000:   31s.  Last read position: chr14:25,888,479
INFO	2015-04-01 10:55:28	MarkDuplicates	Tracking 420557 as yet unmatched pairs. 25392 records in RAM.
INFO	2015-04-01 10:56:19	MarkDuplicates	Read    43,000,000 records.  Elapsed time: 00:24:03s.  Time for last 1,000,000:   48s.  Last read position: chr14:46,775,759
INFO	2015-04-01 10:56:19	MarkDuplicates	Tracking 421054 as yet unmatched pairs. 17544 records in RAM.
INFO	2015-04-01 10:56:46	MarkDuplicates	Read    44,000,000 records.  Elapsed time: 00:24:43s.  Time for last 1,000,000:   39s.  Last read position: chr14:57,820,270
INFO	2015-04-01 10:56:46	MarkDuplicates	Tracking 426354 as yet unmatched pairs. 14883 records in RAM.
INFO	2015-04-01 10:57:24	MarkDuplicates	Read    45,000,000 records.  Elapsed time: 00:25:08s.  Time for last 1,000,000:   24s.  Last read position: chr14:75,845,452
INFO	2015-04-01 10:57:24	MarkDuplicates	Tracking 463341 as yet unmatched pairs. 41638 records in RAM.
INFO	2015-04-01 10:57:55	MarkDuplicates	Read    46,000,000 records.  Elapsed time: 00:25:39s.  Time for last 1,000,000:   31s.  Last read position: chr14:105,682,087
INFO	2015-04-01 10:57:55	MarkDuplicates	Tracking 445313 as yet unmatched pairs. 6826 records in RAM.
INFO	2015-04-01 10:58:49	MarkDuplicates	Read    47,000,000 records.  Elapsed time: 00:26:43s.  Time for last 1,000,000:   63s.  Last read position: chr15:31,456,262
INFO	2015-04-01 10:58:49	MarkDuplicates	Tracking 446975 as yet unmatched pairs. 14508 records in RAM.
INFO	2015-04-01 10:59:10	MarkDuplicates	Read    48,000,000 records.  Elapsed time: 00:27:07s.  Time for last 1,000,000:   24s.  Last read position: chr15:55,647,420
INFO	2015-04-01 10:59:10	MarkDuplicates	Tracking 445282 as yet unmatched pairs. 7048 records in RAM.
INFO	2015-04-01 10:59:43	MarkDuplicates	Read    49,000,000 records.  Elapsed time: 00:27:27s.  Time for last 1,000,000:   20s.  Last read position: chr15:78,928,023
INFO	2015-04-01 10:59:43	MarkDuplicates	Tracking 468240 as yet unmatched pairs. 26437 records in RAM.
INFO	2015-04-01 11:00:10	MarkDuplicates	Read    50,000,000 records.  Elapsed time: 00:28:06s.  Time for last 1,000,000:   38s.  Last read position: chr15:82,347,002
INFO	2015-04-01 11:00:10	MarkDuplicates	Tracking 451077 as yet unmatched pairs. 5381 records in RAM.
INFO	2015-04-01 11:00:27	MarkDuplicates	Read    51,000,000 records.  Elapsed time: 00:28:23s.  Time for last 1,000,000:   17s.  Last read position: chr15:98,843,473
INFO	2015-04-01 11:00:27	MarkDuplicates	Tracking 453093 as yet unmatched pairs. 1579 records in RAM.
INFO	2015-04-01 11:01:19	MarkDuplicates	Read    52,000,000 records.  Elapsed time: 00:29:15s.  Time for last 1,000,000:   51s.  Last read position: chr15:99,037,888
INFO	2015-04-01 11:01:19	MarkDuplicates	Tracking 459892 as yet unmatched pairs. 3842 records in RAM.
INFO	2015-04-01 11:01:45	MarkDuplicates	Read    53,000,000 records.  Elapsed time: 00:29:37s.  Time for last 1,000,000:   21s.  Last read position: chr15:103,242,278
INFO	2015-04-01 11:01:45	MarkDuplicates	Tracking 473378 as yet unmatched pairs. 4763 records in RAM.
INFO	2015-04-01 11:02:12	MarkDuplicates	Read    54,000,000 records.  Elapsed time: 00:30:05s.  Time for last 1,000,000:   28s.  Last read position: chr16:17,486,935
INFO	2015-04-01 11:02:12	MarkDuplicates	Tracking 481160 as yet unmatched pairs. 14141 records in RAM.
INFO	2015-04-01 11:02:44	MarkDuplicates	Read    55,000,000 records.  Elapsed time: 00:30:36s.  Time for last 1,000,000:   31s.  Last read position: chr16:32,149,499
INFO	2015-04-01 11:02:44	MarkDuplicates	Tracking 483210 as yet unmatched pairs. 9381 records in RAM.
INFO	2015-04-01 11:03:22	MarkDuplicates	Read    56,000,000 records.  Elapsed time: 00:31:05s.  Time for last 1,000,000:   29s.  Last read position: chr16:55,967,147
INFO	2015-04-01 11:03:22	MarkDuplicates	Tracking 500624 as yet unmatched pairs. 15662 records in RAM.
INFO	2015-04-01 11:03:41	MarkDuplicates	Read    57,000,000 records.  Elapsed time: 00:31:35s.  Time for last 1,000,000:   29s.  Last read position: chr16:92,085,856
INFO	2015-04-01 11:03:41	MarkDuplicates	Tracking 497974 as yet unmatched pairs. 1666 records in RAM.
INFO	2015-04-01 11:04:39	MarkDuplicates	Read    58,000,000 records.  Elapsed time: 00:32:26s.  Time for last 1,000,000:   51s.  Last read position: chr17:12,967,231
INFO	2015-04-01 11:04:39	MarkDuplicates	Tracking 504240 as yet unmatched pairs. 38936 records in RAM.
INFO	2015-04-01 11:05:12	MarkDuplicates	Read    59,000,000 records.  Elapsed time: 00:32:58s.  Time for last 1,000,000:   31s.  Last read position: chr17:24,890,735
INFO	2015-04-01 11:05:12	MarkDuplicates	Tracking 509395 as yet unmatched pairs. 32162 records in RAM.
INFO	2015-04-01 11:05:37	MarkDuplicates	Read    60,000,000 records.  Elapsed time: 00:33:24s.  Time for last 1,000,000:   25s.  Last read position: chr17:29,685,912
INFO	2015-04-01 11:05:37	MarkDuplicates	Tracking 507599 as yet unmatched pairs. 22146 records in RAM.
INFO	2015-04-01 11:06:23	MarkDuplicates	Read    61,000,000 records.  Elapsed time: 00:34:08s.  Time for last 1,000,000:   43s.  Last read position: chr17:35,146,851
INFO	2015-04-01 11:06:23	MarkDuplicates	Tracking 508440 as yet unmatched pairs. 15467 records in RAM.
INFO	2015-04-01 11:06:57	MarkDuplicates	Read    62,000,000 records.  Elapsed time: 00:34:41s.  Time for last 1,000,000:   33s.  Last read position: chr17:45,568,350
INFO	2015-04-01 11:06:57	MarkDuplicates	Tracking 530977 as yet unmatched pairs. 17883 records in RAM.
INFO	2015-04-01 11:07:14	MarkDuplicates	Read    63,000,000 records.  Elapsed time: 00:35:13s.  Time for last 1,000,000:   32s.  Last read position: chr17:56,618,327
INFO	2015-04-01 11:07:14	MarkDuplicates	Tracking 527843 as yet unmatched pairs. 7129 records in RAM.
INFO	2015-04-01 11:07:38	MarkDuplicates	Read    64,000,000 records.  Elapsed time: 00:35:37s.  Time for last 1,000,000:   24s.  Last read position: chr17:84,636,274
INFO	2015-04-01 11:07:38	MarkDuplicates	Tracking 530570 as yet unmatched pairs. 2661 records in RAM.
INFO	2015-04-01 11:08:53	MarkDuplicates	Read    65,000,000 records.  Elapsed time: 00:36:44s.  Time for last 1,000,000:   66s.  Last read position: chr18:24,615,957
INFO	2015-04-01 11:08:53	MarkDuplicates	Tracking 531803 as yet unmatched pairs. 27715 records in RAM.
INFO	2015-04-01 11:09:11	MarkDuplicates	Read    66,000,000 records.  Elapsed time: 00:37:06s.  Time for last 1,000,000:   22s.  Last read position: chr18:39,413,231
INFO	2015-04-01 11:09:11	MarkDuplicates	Tracking 526593 as yet unmatched pairs. 17643 records in RAM.
INFO	2015-04-01 11:09:36	MarkDuplicates	Read    67,000,000 records.  Elapsed time: 00:37:30s.  Time for last 1,000,000:   24s.  Last read position: chr18:61,259,063
INFO	2015-04-01 11:09:36	MarkDuplicates	Tracking 532869 as yet unmatched pairs. 12125 records in RAM.
INFO	2015-04-01 11:10:20	MarkDuplicates	Read    68,000,000 records.  Elapsed time: 00:38:02s.  Time for last 1,000,000:   31s.  Last read position: chr18:77,781,089
INFO	2015-04-01 11:10:20	MarkDuplicates	Tracking 534000 as yet unmatched pairs. 6550 records in RAM.
INFO	2015-04-01 11:10:58	MarkDuplicates	Read    69,000,000 records.  Elapsed time: 00:38:49s.  Time for last 1,000,000:   46s.  Last read position: chr19:5,802,099
INFO	2015-04-01 11:10:58	MarkDuplicates	Tracking 528772 as yet unmatched pairs. 22472 records in RAM.
INFO	2015-04-01 11:11:40	MarkDuplicates	Read    70,000,000 records.  Elapsed time: 00:39:11s.  Time for last 1,000,000:   22s.  Last read position: chr19:9,832,369
INFO	2015-04-01 11:11:40	MarkDuplicates	Tracking 528515 as yet unmatched pairs. 17599 records in RAM.
INFO	2015-04-01 11:12:20	MarkDuplicates	Read    71,000,000 records.  Elapsed time: 00:40:10s.  Time for last 1,000,000:   59s.  Last read position: chr19:36,072,657
INFO	2015-04-01 11:12:20	MarkDuplicates	Tracking 532352 as yet unmatched pairs. 11040 records in RAM.
INFO	2015-04-01 11:13:59	MarkDuplicates	Read    72,000,000 records.  Elapsed time: 00:41:42s.  Time for last 1,000,000:   92s.  Last read position: chr19:51,142,699
INFO	2015-04-01 11:13:59	MarkDuplicates	Tracking 534071 as yet unmatched pairs. 8780 records in RAM.
INFO	2015-04-01 11:14:53	MarkDuplicates	Read    73,000,000 records.  Elapsed time: 00:42:46s.  Time for last 1,000,000:   63s.  Last read position: chr2:14,229,554
INFO	2015-04-01 11:14:53	MarkDuplicates	Tracking 527617 as yet unmatched pairs. 53753 records in RAM.
INFO	2015-04-01 11:15:24	MarkDuplicates	Read    74,000,000 records.  Elapsed time: 00:43:12s.  Time for last 1,000,000:   26s.  Last read position: chr2:28,009,139
INFO	2015-04-01 11:15:24	MarkDuplicates	Tracking 538738 as yet unmatched pairs. 46512 records in RAM.
INFO	2015-04-01 11:15:58	MarkDuplicates	Read    75,000,000 records.  Elapsed time: 00:43:47s.  Time for last 1,000,000:   34s.  Last read position: chr2:34,676,609
INFO	2015-04-01 11:15:58	MarkDuplicates	Tracking 537400 as yet unmatched pairs. 39349 records in RAM.
INFO	2015-04-01 11:16:14	MarkDuplicates	Read    76,000,000 records.  Elapsed time: 00:44:10s.  Time for last 1,000,000:   23s.  Last read position: chr2:70,714,104
INFO	2015-04-01 11:16:14	MarkDuplicates	Tracking 534728 as yet unmatched pairs. 32879 records in RAM.
INFO	2015-04-01 11:16:28	MarkDuplicates	Read    77,000,000 records.  Elapsed time: 00:44:27s.  Time for last 1,000,000:   16s.  Last read position: chr2:90,863,632
INFO	2015-04-01 11:16:28	MarkDuplicates	Tracking 542901 as yet unmatched pairs. 27644 records in RAM.
INFO	2015-04-01 11:16:57	MarkDuplicates	Read    78,000,000 records.  Elapsed time: 00:44:42s.  Time for last 1,000,000:   15s.  Last read position: chr2:117,267,886
INFO	2015-04-01 11:16:57	MarkDuplicates	Tracking 543093 as yet unmatched pairs. 24293 records in RAM.
INFO	2015-04-01 11:17:41	MarkDuplicates	Read    79,000,000 records.  Elapsed time: 00:45:36s.  Time for last 1,000,000:   54s.  Last read position: chr2:126,830,202
INFO	2015-04-01 11:17:41	MarkDuplicates	Tracking 544318 as yet unmatched pairs. 20576 records in RAM.
INFO	2015-04-01 11:18:56	MarkDuplicates	Read    80,000,000 records.  Elapsed time: 00:46:48s.  Time for last 1,000,000:   72s.  Last read position: chr2:148,875,251
INFO	2015-04-01 11:18:56	MarkDuplicates	Tracking 542593 as yet unmatched pairs. 16182 records in RAM.
INFO	2015-04-01 11:19:18	MarkDuplicates	Read    81,000,000 records.  Elapsed time: 00:47:09s.  Time for last 1,000,000:   21s.  Last read position: chr2:157,302,507
INFO	2015-04-01 11:19:18	MarkDuplicates	Tracking 539126 as yet unmatched pairs. 7376 records in RAM.
INFO	2015-04-01 11:19:43	MarkDuplicates	Read    82,000,000 records.  Elapsed time: 00:47:35s.  Time for last 1,000,000:   25s.  Last read position: chr2:174,285,087
INFO	2015-04-01 11:19:43	MarkDuplicates	Tracking 539105 as yet unmatched pairs. 3716 records in RAM.
INFO	2015-04-01 11:19:58	MarkDuplicates	Read    83,000,000 records.  Elapsed time: 00:47:53s.  Time for last 1,000,000:   18s.  Last read position: chr2:181,549,507
INFO	2015-04-01 11:19:58	MarkDuplicates	Tracking 540316 as yet unmatched pairs. 525 records in RAM.
INFO	2015-04-01 11:20:24	MarkDuplicates	Read    84,000,000 records.  Elapsed time: 00:48:21s.  Time for last 1,000,000:   28s.  Last read position: chr3:37,715,026
INFO	2015-04-01 11:20:24	MarkDuplicates	Tracking 541507 as yet unmatched pairs. 82876 records in RAM.
INFO	2015-04-01 11:20:57	MarkDuplicates	Read    85,000,000 records.  Elapsed time: 00:48:48s.  Time for last 1,000,000:   26s.  Last read position: chr3:60,627,497
INFO	2015-04-01 11:20:57	MarkDuplicates	Tracking 521291 as yet unmatched pairs. 55368 records in RAM.
INFO	2015-04-01 11:21:13	MarkDuplicates	Read    86,000,000 records.  Elapsed time: 00:49:09s.  Time for last 1,000,000:   21s.  Last read position: chr3:87,978,532
INFO	2015-04-01 11:21:13	MarkDuplicates	Tracking 506107 as yet unmatched pairs. 35988 records in RAM.
INFO	2015-04-01 11:21:29	MarkDuplicates	Read    87,000,000 records.  Elapsed time: 00:49:25s.  Time for last 1,000,000:   15s.  Last read position: chr3:95,122,599
INFO	2015-04-01 11:21:29	MarkDuplicates	Tracking 504923 as yet unmatched pairs. 28983 records in RAM.
INFO	2015-04-01 11:22:29	MarkDuplicates	Read    88,000,000 records.  Elapsed time: 00:50:28s.  Time for last 1,000,000:   62s.  Last read position: chr3:105,943,856
INFO	2015-04-01 11:22:29	MarkDuplicates	Tracking 501901 as yet unmatched pairs. 22796 records in RAM.
INFO	2015-04-01 11:22:50	MarkDuplicates	Read    89,000,000 records.  Elapsed time: 00:50:46s.  Time for last 1,000,000:   18s.  Last read position: chr3:130,726,921
INFO	2015-04-01 11:22:50	MarkDuplicates	Tracking 499792 as yet unmatched pairs. 16127 records in RAM.
INFO	2015-04-01 11:23:08	MarkDuplicates	Read    90,000,000 records.  Elapsed time: 00:51:04s.  Time for last 1,000,000:   17s.  Last read position: chr3:153,932,331
INFO	2015-04-01 11:23:08	MarkDuplicates	Tracking 505347 as yet unmatched pairs. 616 records in RAM.
INFO	2015-04-01 11:23:27	MarkDuplicates	Read    91,000,000 records.  Elapsed time: 00:51:23s.  Time for last 1,000,000:   18s.  Last read position: chr4:40,198,093
INFO	2015-04-01 11:23:27	MarkDuplicates	Tracking 507612 as yet unmatched pairs. 60290 records in RAM.
INFO	2015-04-01 11:23:42	MarkDuplicates	Read    92,000,000 records.  Elapsed time: 00:51:38s.  Time for last 1,000,000:   15s.  Last read position: chr4:52,488,007
INFO	2015-04-01 11:23:42	MarkDuplicates	Tracking 500733 as yet unmatched pairs. 51685 records in RAM.
INFO	2015-04-01 11:24:09	MarkDuplicates	Read    93,000,000 records.  Elapsed time: 00:52:06s.  Time for last 1,000,000:   27s.  Last read position: chr4:86,856,831
INFO	2015-04-01 11:24:09	MarkDuplicates	Tracking 504119 as yet unmatched pairs. 50834 records in RAM.
INFO	2015-04-01 11:24:24	MarkDuplicates	Read    94,000,000 records.  Elapsed time: 00:52:21s.  Time for last 1,000,000:   15s.  Last read position: chr4:116,687,414
INFO	2015-04-01 11:24:24	MarkDuplicates	Tracking 495131 as yet unmatched pairs. 39011 records in RAM.
INFO	2015-04-01 11:24:40	MarkDuplicates	Read    95,000,000 records.  Elapsed time: 00:52:37s.  Time for last 1,000,000:   15s.  Last read position: chr4:126,312,842
INFO	2015-04-01 11:24:40	MarkDuplicates	Tracking 497540 as yet unmatched pairs. 31176 records in RAM.
INFO	2015-04-01 11:24:54	MarkDuplicates	Read    96,000,000 records.  Elapsed time: 00:52:51s.  Time for last 1,000,000:   14s.  Last read position: chr4:133,266,851
INFO	2015-04-01 11:24:54	MarkDuplicates	Tracking 495140 as yet unmatched pairs. 26338 records in RAM.
INFO	2015-04-01 11:25:53	MarkDuplicates	Read    97,000,000 records.  Elapsed time: 00:53:49s.  Time for last 1,000,000:   57s.  Last read position: chr4:138,097,324
INFO	2015-04-01 11:25:53	MarkDuplicates	Tracking 496048 as yet unmatched pairs. 17530 records in RAM.
INFO	2015-04-01 11:26:06	MarkDuplicates	Read    98,000,000 records.  Elapsed time: 00:54:02s.  Time for last 1,000,000:   12s.  Last read position: chr4:150,619,041
INFO	2015-04-01 11:26:06	MarkDuplicates	Tracking 486335 as yet unmatched pairs. 2000 records in RAM.
INFO	2015-04-01 11:26:22	MarkDuplicates	Read    99,000,000 records.  Elapsed time: 00:54:17s.  Time for last 1,000,000:   15s.  Last read position: chr5:13,599,782
INFO	2015-04-01 11:26:22	MarkDuplicates	Tracking 506160 as yet unmatched pairs. 79575 records in RAM.
INFO	2015-04-01 11:26:39	MarkDuplicates	Read   100,000,000 records.  Elapsed time: 00:54:33s.  Time for last 1,000,000:   15s.  Last read position: chr5:33,266,960
INFO	2015-04-01 11:26:39	MarkDuplicates	Tracking 497769 as yet unmatched pairs. 66717 records in RAM.
INFO	2015-04-01 11:27:08	MarkDuplicates	Read   101,000,000 records.  Elapsed time: 00:55:05s.  Time for last 1,000,000:   32s.  Last read position: chr5:65,565,994
INFO	2015-04-01 11:27:08	MarkDuplicates	Tracking 488015 as yet unmatched pairs. 55232 records in RAM.
INFO	2015-04-01 11:27:25	MarkDuplicates	Read   102,000,000 records.  Elapsed time: 00:55:21s.  Time for last 1,000,000:   16s.  Last read position: chr5:100,037,216
INFO	2015-04-01 11:27:25	MarkDuplicates	Tracking 486197 as yet unmatched pairs. 51739 records in RAM.
INFO	2015-04-01 11:27:42	MarkDuplicates	Read   103,000,000 records.  Elapsed time: 00:55:38s.  Time for last 1,000,000:   17s.  Last read position: chr5:114,893,888
INFO	2015-04-01 11:27:42	MarkDuplicates	Tracking 491072 as yet unmatched pairs. 42782 records in RAM.
INFO	2015-04-01 11:28:02	MarkDuplicates	Read   104,000,000 records.  Elapsed time: 00:55:55s.  Time for last 1,000,000:   17s.  Last read position: chr5:121,452,214
INFO	2015-04-01 11:28:02	MarkDuplicates	Tracking 494165 as yet unmatched pairs. 30349 records in RAM.
INFO	2015-04-01 11:28:24	MarkDuplicates	Read   105,000,000 records.  Elapsed time: 00:56:12s.  Time for last 1,000,000:   16s.  Last read position: chr5:125,388,260
INFO	2015-04-01 11:28:24	MarkDuplicates	Tracking 489817 as yet unmatched pairs. 25139 records in RAM.
INFO	2015-04-01 11:29:31	MarkDuplicates	Read   106,000,000 records.  Elapsed time: 00:57:27s.  Time for last 1,000,000:   74s.  Last read position: chr5:137,369,863
INFO	2015-04-01 11:29:31	MarkDuplicates	Tracking 485193 as yet unmatched pairs. 18641 records in RAM.
INFO	2015-04-01 11:29:50	MarkDuplicates	Read   107,000,000 records.  Elapsed time: 00:57:44s.  Time for last 1,000,000:   17s.  Last read position: chr5:145,181,272
INFO	2015-04-01 11:29:50	MarkDuplicates	Tracking 481473 as yet unmatched pairs. 11184 records in RAM.
INFO	2015-04-01 11:30:11	MarkDuplicates	Read   108,000,000 records.  Elapsed time: 00:58:04s.  Time for last 1,000,000:   20s.  Last read position: chr6:4,540,753
INFO	2015-04-01 11:30:11	MarkDuplicates	Tracking 464871 as yet unmatched pairs. 69887 records in RAM.
INFO	2015-04-01 11:30:27	MarkDuplicates	Read   109,000,000 records.  Elapsed time: 00:58:22s.  Time for last 1,000,000:   17s.  Last read position: chr6:30,747,744
INFO	2015-04-01 11:30:27	MarkDuplicates	Tracking 454432 as yet unmatched pairs. 57202 records in RAM.
INFO	2015-04-01 11:31:05	MarkDuplicates	Read   110,000,000 records.  Elapsed time: 00:58:58s.  Time for last 1,000,000:   35s.  Last read position: chr6:51,463,019
INFO	2015-04-01 11:31:05	MarkDuplicates	Tracking 450360 as yet unmatched pairs. 51498 records in RAM.
INFO	2015-04-01 11:31:25	MarkDuplicates	Read   111,000,000 records.  Elapsed time: 00:59:17s.  Time for last 1,000,000:   19s.  Last read position: chr6:79,818,298
INFO	2015-04-01 11:31:25	MarkDuplicates	Tracking 440900 as yet unmatched pairs. 38066 records in RAM.
INFO	2015-04-01 11:31:44	MarkDuplicates	Read   112,000,000 records.  Elapsed time: 00:59:38s.  Time for last 1,000,000:   21s.  Last read position: chr6:93,201,526
INFO	2015-04-01 11:31:44	MarkDuplicates	Tracking 438021 as yet unmatched pairs. 34228 records in RAM.
INFO	2015-04-01 11:32:03	MarkDuplicates	Read   113,000,000 records.  Elapsed time: 00:59:57s.  Time for last 1,000,000:   19s.  Last read position: chr6:120,935,822
INFO	2015-04-01 11:32:03	MarkDuplicates	Tracking 429317 as yet unmatched pairs. 23837 records in RAM.
INFO	2015-04-01 11:33:22	MarkDuplicates	Read   114,000,000 records.  Elapsed time: 01:01:16s.  Time for last 1,000,000:   78s.  Last read position: chr6:128,202,922
INFO	2015-04-01 11:33:22	MarkDuplicates	Tracking 419898 as yet unmatched pairs. 10462 records in RAM.
INFO	2015-04-01 11:33:46	MarkDuplicates	Read   115,000,000 records.  Elapsed time: 01:01:36s.  Time for last 1,000,000:   20s.  Last read position: chr7:3,706,712
INFO	2015-04-01 11:33:46	MarkDuplicates	Tracking 429623 as yet unmatched pairs. 111942 records in RAM.
INFO	2015-04-01 11:34:13	MarkDuplicates	Read   116,000,000 records.  Elapsed time: 01:02:04s.  Time for last 1,000,000:   28s.  Last read position: chr7:16,916,134
INFO	2015-04-01 11:34:13	MarkDuplicates	Tracking 411825 as yet unmatched pairs. 93144 records in RAM.
INFO	2015-04-01 11:34:31	MarkDuplicates	Read   117,000,000 records.  Elapsed time: 01:02:24s.  Time for last 1,000,000:   19s.  Last read position: chr7:28,352,203
INFO	2015-04-01 11:34:31	MarkDuplicates	Tracking 411742 as yet unmatched pairs. 91921 records in RAM.
INFO	2015-04-01 11:34:50	MarkDuplicates	Read   118,000,000 records.  Elapsed time: 01:02:44s.  Time for last 1,000,000:   19s.  Last read position: chr7:44,863,436
INFO	2015-04-01 11:34:50	MarkDuplicates	Tracking 396643 as yet unmatched pairs. 74959 records in RAM.
INFO	2015-04-01 11:35:21	MarkDuplicates	Read   119,000,000 records.  Elapsed time: 01:03:15s.  Time for last 1,000,000:   31s.  Last read position: chr7:46,991,045
INFO	2015-04-01 11:35:21	MarkDuplicates	Tracking 382739 as yet unmatched pairs. 60539 records in RAM.
INFO	2015-04-01 11:35:37	MarkDuplicates	Read   120,000,000 records.  Elapsed time: 01:03:29s.  Time for last 1,000,000:   13s.  Last read position: chr7:84,617,256
INFO	2015-04-01 11:35:37	MarkDuplicates	Tracking 374748 as yet unmatched pairs. 51154 records in RAM.
INFO	2015-04-01 11:35:54	MarkDuplicates	Read   121,000,000 records.  Elapsed time: 01:03:49s.  Time for last 1,000,000:   19s.  Last read position: chr7:102,436,472
INFO	2015-04-01 11:35:54	MarkDuplicates	Tracking 362983 as yet unmatched pairs. 38604 records in RAM.
INFO	2015-04-01 11:36:07	MarkDuplicates	Read   122,000,000 records.  Elapsed time: 01:04:02s.  Time for last 1,000,000:   12s.  Last read position: chr7:109,919,382
INFO	2015-04-01 11:36:07	MarkDuplicates	Tracking 355238 as yet unmatched pairs. 30164 records in RAM.
INFO	2015-04-01 11:37:22	MarkDuplicates	Read   123,000,000 records.  Elapsed time: 01:05:19s.  Time for last 1,000,000:   77s.  Last read position: chr7:120,729,003
INFO	2015-04-01 11:37:22	MarkDuplicates	Tracking 340688 as yet unmatched pairs. 15093 records in RAM.
INFO	2015-04-01 11:37:36	MarkDuplicates	Read   124,000,000 records.  Elapsed time: 01:05:32s.  Time for last 1,000,000:   13s.  Last read position: chr7:130,544,590
INFO	2015-04-01 11:37:36	MarkDuplicates	Tracking 339948 as yet unmatched pairs. 11817 records in RAM.
INFO	2015-04-01 11:37:50	MarkDuplicates	Read   125,000,000 records.  Elapsed time: 01:05:46s.  Time for last 1,000,000:   14s.  Last read position: chr7:142,575,979
INFO	2015-04-01 11:37:50	MarkDuplicates	Tracking 366219 as yet unmatched pairs. 34763 records in RAM.
INFO	2015-04-01 11:38:04	MarkDuplicates	Read   126,000,000 records.  Elapsed time: 01:06:00s.  Time for last 1,000,000:   13s.  Last read position: chr7:142,651,855
INFO	2015-04-01 11:38:04	MarkDuplicates	Tracking 346347 as yet unmatched pairs. 14643 records in RAM.
INFO	2015-04-01 11:38:31	MarkDuplicates	Read   127,000,000 records.  Elapsed time: 01:06:27s.  Time for last 1,000,000:   27s.  Last read position: chr8:8,681,457
INFO	2015-04-01 11:38:31	MarkDuplicates	Tracking 328003 as yet unmatched pairs. 98698 records in RAM.
INFO	2015-04-01 11:38:46	MarkDuplicates	Read   128,000,000 records.  Elapsed time: 01:06:41s.  Time for last 1,000,000:   14s.  Last read position: chr8:22,638,141
INFO	2015-04-01 11:38:46	MarkDuplicates	Tracking 321078 as yet unmatched pairs. 90774 records in RAM.
INFO	2015-04-01 11:39:02	MarkDuplicates	Read   129,000,000 records.  Elapsed time: 01:06:57s.  Time for last 1,000,000:   15s.  Last read position: chr8:60,900,114
INFO	2015-04-01 11:39:02	MarkDuplicates	Tracking 310399 as yet unmatched pairs. 78720 records in RAM.
INFO	2015-04-01 11:39:18	MarkDuplicates	Read   130,000,000 records.  Elapsed time: 01:07:13s.  Time for last 1,000,000:   16s.  Last read position: chr8:72,567,480
INFO	2015-04-01 11:39:18	MarkDuplicates	Tracking 292125 as yet unmatched pairs. 58680 records in RAM.
INFO	2015-04-01 11:39:34	MarkDuplicates	Read   131,000,000 records.  Elapsed time: 01:07:26s.  Time for last 1,000,000:   13s.  Last read position: chr8:90,891,149
INFO	2015-04-01 11:39:34	MarkDuplicates	Tracking 283690 as yet unmatched pairs. 49431 records in RAM.
INFO	2015-04-01 11:41:01	MarkDuplicates	Read   132,000,000 records.  Elapsed time: 01:08:53s.  Time for last 1,000,000:   86s.  Last read position: chr8:107,093,819
INFO	2015-04-01 11:41:01	MarkDuplicates	Tracking 270322 as yet unmatched pairs. 27064 records in RAM.
INFO	2015-04-01 11:41:13	MarkDuplicates	Read   133,000,000 records.  Elapsed time: 01:09:12s.  Time for last 1,000,000:   18s.  Last read position: chr8:123,073,932
INFO	2015-04-01 11:41:13	MarkDuplicates	Tracking 253349 as yet unmatched pairs. 9576 records in RAM.
INFO	2015-04-01 11:41:46	MarkDuplicates	Read   134,000,000 records.  Elapsed time: 01:09:45s.  Time for last 1,000,000:   33s.  Last read position: chr9:18,304,371
INFO	2015-04-01 11:41:46	MarkDuplicates	Tracking 236649 as yet unmatched pairs. 147695 records in RAM.
INFO	2015-04-01 11:42:02	MarkDuplicates	Read   135,000,000 records.  Elapsed time: 01:09:58s.  Time for last 1,000,000:   12s.  Last read position: chr9:40,778,479
INFO	2015-04-01 11:42:02	MarkDuplicates	Tracking 229674 as yet unmatched pairs. 140502 records in RAM.
INFO	2015-04-01 11:42:51	MarkDuplicates	Read   136,000,000 records.  Elapsed time: 01:10:37s.  Time for last 1,000,000:   39s.  Last read position: chr9:45,967,287
INFO	2015-04-01 11:42:51	MarkDuplicates	Tracking 200229 as yet unmatched pairs. 110906 records in RAM.
INFO	2015-04-01 11:43:19	MarkDuplicates	Read   137,000,000 records.  Elapsed time: 01:11:12s.  Time for last 1,000,000:   34s.  Last read position: chr9:59,670,635
INFO	2015-04-01 11:43:19	MarkDuplicates	Tracking 208286 as yet unmatched pairs. 108188 records in RAM.
INFO	2015-04-01 11:43:38	MarkDuplicates	Read   138,000,000 records.  Elapsed time: 01:11:27s.  Time for last 1,000,000:   15s.  Last read position: chr9:66,411,022
INFO	2015-04-01 11:43:38	MarkDuplicates	Tracking 190292 as yet unmatched pairs. 90061 records in RAM.
INFO	2015-04-01 11:44:14	MarkDuplicates	Read   139,000,000 records.  Elapsed time: 01:12:09s.  Time for last 1,000,000:   41s.  Last read position: chr9:78,478,529
INFO	2015-04-01 11:44:14	MarkDuplicates	Tracking 202404 as yet unmatched pairs. 102016 records in RAM.
INFO	2015-04-01 11:45:33	MarkDuplicates	Read   140,000,000 records.  Elapsed time: 01:13:32s.  Time for last 1,000,000:   83s.  Last read position: chr9:78,480,322
INFO	2015-04-01 11:45:33	MarkDuplicates	Tracking 258387 as yet unmatched pairs. 157949 records in RAM.
INFO	2015-04-01 11:45:50	MarkDuplicates	Read   141,000,000 records.  Elapsed time: 01:13:44s.  Time for last 1,000,000:   12s.  Last read position: chr9:96,895,929
INFO	2015-04-01 11:45:50	MarkDuplicates	Tracking 171157 as yet unmatched pairs. 70514 records in RAM.
INFO	2015-04-01 11:46:05	MarkDuplicates	Read   142,000,000 records.  Elapsed time: 01:14:01s.  Time for last 1,000,000:   16s.  Last read position: chr9:108,336,751
INFO	2015-04-01 11:46:05	MarkDuplicates	Tracking 153183 as yet unmatched pairs. 52423 records in RAM.
INFO	2015-04-01 11:46:22	MarkDuplicates	Read   143,000,000 records.  Elapsed time: 01:14:18s.  Time for last 1,000,000:   16s.  Last read position: chr9:120,130,121
INFO	2015-04-01 11:46:22	MarkDuplicates	Tracking 146156 as yet unmatched pairs. 45143 records in RAM.
INFO	2015-04-01 11:46:38	MarkDuplicates	Read   144,000,000 records.  Elapsed time: 01:14:34s.  Time for last 1,000,000:   16s.  Last read position: chrM:3,169
INFO	2015-04-01 11:46:38	MarkDuplicates	Tracking 124963 as yet unmatched pairs. 48541 records in RAM.
INFO	2015-04-01 11:47:03	MarkDuplicates	Read   145,000,000 records.  Elapsed time: 01:14:56s.  Time for last 1,000,000:   22s.  Last read position: chrM:6,239
INFO	2015-04-01 11:47:03	MarkDuplicates	Tracking 152884 as yet unmatched pairs. 76418 records in RAM.
INFO	2015-04-01 11:47:24	MarkDuplicates	Read   146,000,000 records.  Elapsed time: 01:15:15s.  Time for last 1,000,000:   18s.  Last read position: chrM:7,788
INFO	2015-04-01 11:47:24	MarkDuplicates	Tracking 109431 as yet unmatched pairs. 32947 records in RAM.
INFO	2015-04-01 11:47:44	MarkDuplicates	Read   147,000,000 records.  Elapsed time: 01:15:34s.  Time for last 1,000,000:   19s.  Last read position: chrM:9,042
INFO	2015-04-01 11:47:44	MarkDuplicates	Tracking 146048 as yet unmatched pairs. 69539 records in RAM.
INFO	2015-04-01 11:47:57	MarkDuplicates	Read   148,000,000 records.  Elapsed time: 01:15:52s.  Time for last 1,000,000:   18s.  Last read position: chrM:13,439
INFO	2015-04-01 11:47:57	MarkDuplicates	Tracking 86733 as yet unmatched pairs. 10201 records in RAM.
INFO	2015-04-01 11:49:30	MarkDuplicates	Read   149,000,000 records.  Elapsed time: 01:17:21s.  Time for last 1,000,000:   88s.  Last read position: chrX:18,262,244
INFO	2015-04-01 11:49:30	MarkDuplicates	Tracking 70309 as yet unmatched pairs. 65075 records in RAM.
INFO	2015-04-01 11:49:45	MarkDuplicates	Read   150,000,000 records.  Elapsed time: 01:17:38s.  Time for last 1,000,000:   16s.  Last read position: chrX:56,588,280
INFO	2015-04-01 11:49:45	MarkDuplicates	Tracking 57063 as yet unmatched pairs. 51791 records in RAM.
INFO	2015-04-01 11:50:12	MarkDuplicates	Read   151,000,000 records.  Elapsed time: 01:18:01s.  Time for last 1,000,000:   23s.  Last read position: chrX:94,188,965
INFO	2015-04-01 11:50:12	MarkDuplicates	Tracking 35486 as yet unmatched pairs. 30188 records in RAM.
INFO	2015-04-01 11:50:36	MarkDuplicates	Read   152,000,000 records.  Elapsed time: 01:18:22s.  Time for last 1,000,000:   20s.  Last read position: chrX:103,479,510
INFO	2015-04-01 11:50:36	MarkDuplicates	Tracking 36416 as yet unmatched pairs. 31116 records in RAM.
INFO	2015-04-01 11:50:59	MarkDuplicates	Read   153,000,000 records.  Elapsed time: 01:18:46s.  Time for last 1,000,000:   23s.  Last read position: chrX:139,236,693
INFO	2015-04-01 11:50:59	MarkDuplicates	Tracking 23084 as yet unmatched pairs. 17757 records in RAM.
INFO	2015-04-01 11:51:34	MarkDuplicates	Read   154,000,000 records.  Elapsed time: 01:19:30s.  Time for last 1,000,000:   44s.  Last read position: chrX:167,207,409
INFO	2015-04-01 11:51:34	MarkDuplicates	Tracking 16886 as yet unmatched pairs. 11547 records in RAM.
INFO	2015-04-01 11:51:37	MarkDuplicates	Read 154225615 records. 0 pairs never matched.
INFO	2015-04-01 11:52:37	MarkDuplicates	After buildSortedReadEndLists freeMemory: 13824756784; totalMemory: 29864034304; maxMemory: 38177538048
INFO	2015-04-01 11:52:37	MarkDuplicates	Will retain up to 1193048064 duplicate indices before spilling to disk.
INFO	2015-04-01 11:52:41	MarkDuplicates	Traversing read pair information and detecting duplicates.
INFO	2015-04-01 11:53:57	MarkDuplicates	Traversing fragment information and detecting duplicates.
INFO	2015-04-01 11:57:32	MarkDuplicates	Sorting list of duplicate records.
INFO	2015-04-01 11:57:56	MarkDuplicates	After generateDuplicateIndexes freeMemory: 25006253512; totalMemory: 34674769920; maxMemory: 38177538048
INFO	2015-04-01 11:57:56	MarkDuplicates	Marking 31962279 records as duplicates.
INFO	2015-04-01 11:57:56	MarkDuplicates	Found 9421055 optical duplicate clusters.
INFO	2015-04-01 12:05:01	MarkDuplicates	Written    10,000,000 records.  Elapsed time: 00:06:51s.  Time for last 10,000,000:  411s.  Last read position: chr10:23,786,004
INFO	2015-04-01 12:12:46	MarkDuplicates	Written    20,000,000 records.  Elapsed time: 00:14:40s.  Time for last 10,000,000:  469s.  Last read position: chr11:48,801,818
INFO	2015-04-01 12:19:56	MarkDuplicates	Written    30,000,000 records.  Elapsed time: 00:21:47s.  Time for last 10,000,000:  427s.  Last read position: chr11:120,347,067
INFO	2015-04-01 12:26:31	MarkDuplicates	Written    40,000,000 records.  Elapsed time: 00:28:23s.  Time for last 10,000,000:  395s.  Last read position: chr13:97,760,500
INFO	2015-04-01 12:31:36	MarkDuplicates	Written    50,000,000 records.  Elapsed time: 00:33:27s.  Time for last 10,000,000:  304s.  Last read position: chr15:82,347,002
INFO	2015-04-01 12:36:59	MarkDuplicates	Written    60,000,000 records.  Elapsed time: 00:38:52s.  Time for last 10,000,000:  325s.  Last read position: chr17:29,685,912
INFO	2015-04-01 12:42:53	MarkDuplicates	Written    70,000,000 records.  Elapsed time: 00:44:45s.  Time for last 10,000,000:  352s.  Last read position: chr19:9,832,369
INFO	2015-04-01 12:48:40	MarkDuplicates	Written    80,000,000 records.  Elapsed time: 00:50:34s.  Time for last 10,000,000:  349s.  Last read position: chr2:148,875,251
INFO	2015-04-01 12:53:59	MarkDuplicates	Written    90,000,000 records.  Elapsed time: 00:55:53s.  Time for last 10,000,000:  318s.  Last read position: chr3:153,932,331
INFO	2015-04-01 12:59:03	MarkDuplicates	Written   100,000,000 records.  Elapsed time: 01:00:57s.  Time for last 10,000,000:  304s.  Last read position: chr5:33,266,960
INFO	2015-04-01 13:03:56	MarkDuplicates	Written   110,000,000 records.  Elapsed time: 01:05:49s.  Time for last 10,000,000:  292s.  Last read position: chr6:51,463,019
INFO	2015-04-01 13:09:00	MarkDuplicates	Written   120,000,000 records.  Elapsed time: 01:10:52s.  Time for last 10,000,000:  303s.  Last read position: chr7:84,617,256
INFO	2015-04-01 13:14:18	MarkDuplicates	Written   130,000,000 records.  Elapsed time: 01:16:10s.  Time for last 10,000,000:  317s.  Last read position: chr8:72,567,480
INFO	2015-04-01 13:19:22	MarkDuplicates	Written   140,000,000 records.  Elapsed time: 01:21:16s.  Time for last 10,000,000:  306s.  Last read position: chr9:78,480,322
INFO	2015-04-01 13:24:17	MarkDuplicates	Written   150,000,000 records.  Elapsed time: 01:26:09s.  Time for last 10,000,000:  292s.  Last read position: chrX:56,588,280
INFO	2015-04-01 13:26:26	MarkDuplicates	Before output close freeMemory: 34234064216; totalMemory: 34505293824; maxMemory: 38177538048
INFO	2015-04-01 13:26:28	MarkDuplicates	After output close freeMemory: 34365660360; totalMemory: 34636890112; maxMemory: 38177538048
[Wed Apr 01 13:26:29 EDT 2015] net.sf.picard.sam.MarkDuplicates done. Elapsed time: 174.52 minutes.
Runtime.totalMemory()=34636890112
