[Wed Apr 01 10:32:09 EDT 2015] net.sf.picard.sam.MarkDuplicates INPUT=[/n/rinn_data1/users/agroff/seq/OtherMice/Diana/lincP21/bam/JR879/accepted_hits_sorted_picard.bam] OUTPUT=/n/rinn_data1/users/agroff/seq/OtherMice/Diana/lincP21/bam/JR879/accepted_hits_sorted_duplicates_marked.bam METRICS_FILE=dup_metrics.txt    PROGRAM_RECORD_ID=MarkDuplicates PROGRAM_GROUP_NAME=MarkDuplicates REMOVE_DUPLICATES=false ASSUME_SORTED=false MAX_SEQUENCES_FOR_DISK_READ_ENDS_MAP=50000 MAX_FILE_HANDLES_FOR_READ_ENDS_MAP=8000 SORTING_COLLECTION_SIZE_RATIO=0.25 READ_NAME_REGEX=[a-zA-Z0-9]+:[0-9]:([0-9]+):([0-9]+):([0-9]+).* OPTICAL_DUPLICATE_PIXEL_DISTANCE=100 VERBOSITY=INFO QUIET=false VALIDATION_STRINGENCY=STRICT COMPRESSION_LEVEL=5 MAX_RECORDS_IN_RAM=500000 CREATE_INDEX=false CREATE_MD5_FILE=false
[Wed Apr 01 10:32:09 EDT 2015] Executing as agroff@holy2a07204.rc.fas.harvard.edu on Linux 2.6.32-431.17.1.el6.x86_64 amd64; Java HotSpot(TM) 64-Bit Server VM 1.6.0_11-b03; Picard version: 1.98(1547)
INFO	2015-04-01 10:32:09	MarkDuplicates	Start of doWork freeMemory: 8629096; totalMemory: 9109504; maxMemory: 38177538048
INFO	2015-04-01 10:32:09	MarkDuplicates	Reading input file and constructing read end information.
INFO	2015-04-01 10:32:09	MarkDuplicates	Will retain up to 151498166 data points before spilling to disk.
INFO	2015-04-01 10:33:03	MarkDuplicates	Read     1,000,000 records.  Elapsed time: 00:00:50s.  Time for last 1,000,000:   50s.  Last read position: chr1:37,417,237
INFO	2015-04-01 10:33:03	MarkDuplicates	Tracking 35588 as yet unmatched pairs. 543 records in RAM.
INFO	2015-04-01 10:33:32	MarkDuplicates	Read     2,000,000 records.  Elapsed time: 00:01:19s.  Time for last 1,000,000:   28s.  Last read position: chr1:45,390,057
INFO	2015-04-01 10:33:32	MarkDuplicates	Tracking 38515 as yet unmatched pairs. 1547 records in RAM.
INFO	2015-04-01 10:33:58	MarkDuplicates	Read     3,000,000 records.  Elapsed time: 00:01:44s.  Time for last 1,000,000:   24s.  Last read position: chr1:72,713,516
INFO	2015-04-01 10:33:58	MarkDuplicates	Tracking 58656 as yet unmatched pairs. 5441 records in RAM.
INFO	2015-04-01 10:34:23	MarkDuplicates	Read     4,000,000 records.  Elapsed time: 00:02:09s.  Time for last 1,000,000:   24s.  Last read position: chr1:88,265,590
INFO	2015-04-01 10:34:23	MarkDuplicates	Tracking 63162 as yet unmatched pairs. 1060 records in RAM.
INFO	2015-04-01 10:34:45	MarkDuplicates	Read     5,000,000 records.  Elapsed time: 00:02:33s.  Time for last 1,000,000:   24s.  Last read position: chr1:133,658,260
INFO	2015-04-01 10:34:45	MarkDuplicates	Tracking 80475 as yet unmatched pairs. 800 records in RAM.
INFO	2015-04-01 10:35:08	MarkDuplicates	Read     6,000,000 records.  Elapsed time: 00:02:57s.  Time for last 1,000,000:   23s.  Last read position: chr1:163,312,830
INFO	2015-04-01 10:35:08	MarkDuplicates	Tracking 92900 as yet unmatched pairs. 540 records in RAM.
INFO	2015-04-01 10:35:29	MarkDuplicates	Read     7,000,000 records.  Elapsed time: 00:03:16s.  Time for last 1,000,000:   18s.  Last read position: chr1:183,304,744
INFO	2015-04-01 10:35:29	MarkDuplicates	Tracking 99451 as yet unmatched pairs. 459 records in RAM.
INFO	2015-04-01 10:35:48	MarkDuplicates	Read     8,000,000 records.  Elapsed time: 00:03:35s.  Time for last 1,000,000:   19s.  Last read position: chr10:23,785,990
INFO	2015-04-01 10:35:48	MarkDuplicates	Tracking 124743 as yet unmatched pairs. 16508 records in RAM.
INFO	2015-04-01 10:36:08	MarkDuplicates	Read     9,000,000 records.  Elapsed time: 00:03:55s.  Time for last 1,000,000:   19s.  Last read position: chr10:61,659,477
INFO	2015-04-01 10:36:08	MarkDuplicates	Tracking 127101 as yet unmatched pairs. 5052 records in RAM.
INFO	2015-04-01 10:36:27	MarkDuplicates	Read    10,000,000 records.  Elapsed time: 00:04:14s.  Time for last 1,000,000:   19s.  Last read position: chr10:80,145,436
INFO	2015-04-01 10:36:27	MarkDuplicates	Tracking 132489 as yet unmatched pairs. 5911 records in RAM.
INFO	2015-04-01 10:36:47	MarkDuplicates	Read    11,000,000 records.  Elapsed time: 00:04:35s.  Time for last 1,000,000:   21s.  Last read position: chr10:86,694,454
INFO	2015-04-01 10:36:47	MarkDuplicates	Tracking 138230 as yet unmatched pairs. 7518 records in RAM.
INFO	2015-04-01 10:37:01	MarkDuplicates	Read    12,000,000 records.  Elapsed time: 00:04:48s.  Time for last 1,000,000:   12s.  Last read position: chr10:117,684,810
INFO	2015-04-01 10:37:01	MarkDuplicates	Tracking 142466 as yet unmatched pairs. 653 records in RAM.
INFO	2015-04-01 10:37:22	MarkDuplicates	Read    13,000,000 records.  Elapsed time: 00:05:11s.  Time for last 1,000,000:   23s.  Last read position: chr10:128,624,596
INFO	2015-04-01 10:37:22	MarkDuplicates	Tracking 155414 as yet unmatched pairs. 5584 records in RAM.
INFO	2015-04-01 10:37:43	MarkDuplicates	Read    14,000,000 records.  Elapsed time: 00:05:29s.  Time for last 1,000,000:   18s.  Last read position: chr11:11,933,152
INFO	2015-04-01 10:37:43	MarkDuplicates	Tracking 175936 as yet unmatched pairs. 9594 records in RAM.
INFO	2015-04-01 10:37:56	MarkDuplicates	Read    15,000,000 records.  Elapsed time: 00:05:45s.  Time for last 1,000,000:   15s.  Last read position: chr11:32,284,388
INFO	2015-04-01 10:37:56	MarkDuplicates	Tracking 201718 as yet unmatched pairs. 31650 records in RAM.
INFO	2015-04-01 10:38:13	MarkDuplicates	Read    16,000,000 records.  Elapsed time: 00:06:02s.  Time for last 1,000,000:   16s.  Last read position: chr11:50,379,866
INFO	2015-04-01 10:38:13	MarkDuplicates	Tracking 186959 as yet unmatched pairs. 8929 records in RAM.
INFO	2015-04-01 10:38:27	MarkDuplicates	Read    17,000,000 records.  Elapsed time: 00:06:15s.  Time for last 1,000,000:   13s.  Last read position: chr11:59,824,024
INFO	2015-04-01 10:38:27	MarkDuplicates	Tracking 188254 as yet unmatched pairs. 7211 records in RAM.
INFO	2015-04-01 10:38:46	MarkDuplicates	Read    18,000,000 records.  Elapsed time: 00:06:33s.  Time for last 1,000,000:   17s.  Last read position: chr11:69,393,623
INFO	2015-04-01 10:38:46	MarkDuplicates	Tracking 190604 as yet unmatched pairs. 6317 records in RAM.
INFO	2015-04-01 10:38:59	MarkDuplicates	Read    19,000,000 records.  Elapsed time: 00:06:46s.  Time for last 1,000,000:   13s.  Last read position: chr11:76,966,751
INFO	2015-04-01 10:38:59	MarkDuplicates	Tracking 193978 as yet unmatched pairs. 6264 records in RAM.
INFO	2015-04-01 10:39:21	MarkDuplicates	Read    20,000,000 records.  Elapsed time: 00:07:07s.  Time for last 1,000,000:   21s.  Last read position: chr11:93,944,856
INFO	2015-04-01 10:39:21	MarkDuplicates	Tracking 201815 as yet unmatched pairs. 2942 records in RAM.
INFO	2015-04-01 10:39:35	MarkDuplicates	Read    21,000,000 records.  Elapsed time: 00:07:22s.  Time for last 1,000,000:   15s.  Last read position: chr11:98,028,455
INFO	2015-04-01 10:39:35	MarkDuplicates	Tracking 214647 as yet unmatched pairs. 11975 records in RAM.
INFO	2015-04-01 10:40:02	MarkDuplicates	Read    22,000,000 records.  Elapsed time: 00:07:46s.  Time for last 1,000,000:   23s.  Last read position: chr11:103,220,730
INFO	2015-04-01 10:40:02	MarkDuplicates	Tracking 215044 as yet unmatched pairs. 1676 records in RAM.
INFO	2015-04-01 10:40:17	MarkDuplicates	Read    23,000,000 records.  Elapsed time: 00:08:04s.  Time for last 1,000,000:   17s.  Last read position: chr11:116,539,509
INFO	2015-04-01 10:40:17	MarkDuplicates	Tracking 224169 as yet unmatched pairs. 796 records in RAM.
INFO	2015-04-01 10:40:40	MarkDuplicates	Read    24,000,000 records.  Elapsed time: 00:08:27s.  Time for last 1,000,000:   23s.  Last read position: chr12:4,777,975
INFO	2015-04-01 10:40:40	MarkDuplicates	Tracking 234038 as yet unmatched pairs. 14165 records in RAM.
INFO	2015-04-01 10:40:55	MarkDuplicates	Read    25,000,000 records.  Elapsed time: 00:08:40s.  Time for last 1,000,000:   12s.  Last read position: chr12:36,020,525
INFO	2015-04-01 10:40:55	MarkDuplicates	Tracking 250360 as yet unmatched pairs. 13527 records in RAM.
INFO	2015-04-01 10:41:15	MarkDuplicates	Read    26,000,000 records.  Elapsed time: 00:09:00s.  Time for last 1,000,000:   19s.  Last read position: chr12:73,313,767
INFO	2015-04-01 10:41:15	MarkDuplicates	Tracking 267544 as yet unmatched pairs. 11374 records in RAM.
INFO	2015-04-01 10:41:39	MarkDuplicates	Read    27,000,000 records.  Elapsed time: 00:09:25s.  Time for last 1,000,000:   25s.  Last read position: chr12:104,773,821
INFO	2015-04-01 10:41:39	MarkDuplicates	Tracking 275771 as yet unmatched pairs. 10011 records in RAM.
INFO	2015-04-01 10:41:52	MarkDuplicates	Read    28,000,000 records.  Elapsed time: 00:09:41s.  Time for last 1,000,000:   16s.  Last read position: chr12:113,134,887
INFO	2015-04-01 10:41:52	MarkDuplicates	Tracking 271337 as yet unmatched pairs. 319 records in RAM.
INFO	2015-04-01 10:42:03	MarkDuplicates	Read    29,000,000 records.  Elapsed time: 00:09:52s.  Time for last 1,000,000:   10s.  Last read position: chr13:41,022,240
INFO	2015-04-01 10:42:03	MarkDuplicates	Tracking 281884 as yet unmatched pairs. 11561 records in RAM.
INFO	2015-04-01 10:42:28	MarkDuplicates	Read    30,000,000 records.  Elapsed time: 00:10:16s.  Time for last 1,000,000:   23s.  Last read position: chr13:58,586,694
INFO	2015-04-01 10:42:28	MarkDuplicates	Tracking 294812 as yet unmatched pairs. 10250 records in RAM.
INFO	2015-04-01 10:42:44	MarkDuplicates	Read    31,000,000 records.  Elapsed time: 00:10:33s.  Time for last 1,000,000:   17s.  Last read position: chr13:92,261,074
INFO	2015-04-01 10:42:44	MarkDuplicates	Tracking 310802 as yet unmatched pairs. 2782 records in RAM.
INFO	2015-04-01 10:42:56	MarkDuplicates	Read    32,000,000 records.  Elapsed time: 00:10:45s.  Time for last 1,000,000:   11s.  Last read position: chr14:5,017,489
INFO	2015-04-01 10:42:56	MarkDuplicates	Tracking 329515 as yet unmatched pairs. 33531 records in RAM.
INFO	2015-04-01 10:43:28	MarkDuplicates	Read    33,000,000 records.  Elapsed time: 00:11:15s.  Time for last 1,000,000:   30s.  Last read position: chr14:26,924,323
INFO	2015-04-01 10:43:28	MarkDuplicates	Tracking 334403 as yet unmatched pairs. 20304 records in RAM.
INFO	2015-04-01 10:43:42	MarkDuplicates	Read    34,000,000 records.  Elapsed time: 00:11:28s.  Time for last 1,000,000:   12s.  Last read position: chr14:54,439,120
INFO	2015-04-01 10:43:42	MarkDuplicates	Tracking 337559 as yet unmatched pairs. 13984 records in RAM.
INFO	2015-04-01 10:43:58	MarkDuplicates	Read    35,000,000 records.  Elapsed time: 00:11:43s.  Time for last 1,000,000:   15s.  Last read position: chr14:70,703,300
INFO	2015-04-01 10:43:58	MarkDuplicates	Tracking 344090 as yet unmatched pairs. 11380 records in RAM.
INFO	2015-04-01 10:44:11	MarkDuplicates	Read    36,000,000 records.  Elapsed time: 00:11:57s.  Time for last 1,000,000:   13s.  Last read position: chr14:105,896,789
INFO	2015-04-01 10:44:11	MarkDuplicates	Tracking 348157 as yet unmatched pairs. 610 records in RAM.
INFO	2015-04-01 10:44:37	MarkDuplicates	Read    37,000,000 records.  Elapsed time: 00:12:23s.  Time for last 1,000,000:   26s.  Last read position: chr15:35,937,218
INFO	2015-04-01 10:44:37	MarkDuplicates	Tracking 357399 as yet unmatched pairs. 13852 records in RAM.
INFO	2015-04-01 10:44:51	MarkDuplicates	Read    38,000,000 records.  Elapsed time: 00:12:37s.  Time for last 1,000,000:   13s.  Last read position: chr15:76,562,491
INFO	2015-04-01 10:44:51	MarkDuplicates	Tracking 353846 as yet unmatched pairs. 4399 records in RAM.
INFO	2015-04-01 10:45:07	MarkDuplicates	Read    39,000,000 records.  Elapsed time: 00:12:53s.  Time for last 1,000,000:   16s.  Last read position: chr15:81,826,517
INFO	2015-04-01 10:45:07	MarkDuplicates	Tracking 355587 as yet unmatched pairs. 3289 records in RAM.
INFO	2015-04-01 10:45:22	MarkDuplicates	Read    40,000,000 records.  Elapsed time: 00:13:07s.  Time for last 1,000,000:   13s.  Last read position: chr15:98,931,915
INFO	2015-04-01 10:45:22	MarkDuplicates	Tracking 369071 as yet unmatched pairs. 10875 records in RAM.
INFO	2015-04-01 10:45:56	MarkDuplicates	Read    41,000,000 records.  Elapsed time: 00:13:44s.  Time for last 1,000,000:   37s.  Last read position: chr15:101,710,780
INFO	2015-04-01 10:45:56	MarkDuplicates	Tracking 365350 as yet unmatched pairs. 3192 records in RAM.
INFO	2015-04-01 10:46:09	MarkDuplicates	Read    42,000,000 records.  Elapsed time: 00:13:57s.  Time for last 1,000,000:   12s.  Last read position: chr16:13,835,471
INFO	2015-04-01 10:46:09	MarkDuplicates	Tracking 377403 as yet unmatched pairs. 12597 records in RAM.
INFO	2015-04-01 10:46:31	MarkDuplicates	Read    43,000,000 records.  Elapsed time: 00:14:15s.  Time for last 1,000,000:   18s.  Last read position: chr16:32,230,671
INFO	2015-04-01 10:46:31	MarkDuplicates	Tracking 383343 as yet unmatched pairs. 7179 records in RAM.
INFO	2015-04-01 10:46:46	MarkDuplicates	Read    44,000,000 records.  Elapsed time: 00:14:30s.  Time for last 1,000,000:   14s.  Last read position: chr16:62,919,541
INFO	2015-04-01 10:46:46	MarkDuplicates	Tracking 391448 as yet unmatched pairs. 3193 records in RAM.
INFO	2015-04-01 10:47:28	MarkDuplicates	Read    45,000,000 records.  Elapsed time: 00:15:13s.  Time for last 1,000,000:   43s.  Last read position: chr17:6,451,960
INFO	2015-04-01 10:47:28	MarkDuplicates	Tracking 403354 as yet unmatched pairs. 35334 records in RAM.
INFO	2015-04-01 10:47:39	MarkDuplicates	Read    46,000,000 records.  Elapsed time: 00:15:27s.  Time for last 1,000,000:   13s.  Last read position: chr17:24,721,085
INFO	2015-04-01 10:47:39	MarkDuplicates	Tracking 405103 as yet unmatched pairs. 28964 records in RAM.
INFO	2015-04-01 10:47:50	MarkDuplicates	Read    47,000,000 records.  Elapsed time: 00:15:39s.  Time for last 1,000,000:   11s.  Last read position: chr17:32,310,631
INFO	2015-04-01 10:47:50	MarkDuplicates	Tracking 403231 as yet unmatched pairs. 17249 records in RAM.
INFO	2015-04-01 10:48:07	MarkDuplicates	Read    48,000,000 records.  Elapsed time: 00:15:53s.  Time for last 1,000,000:   14s.  Last read position: chr17:36,857,015
INFO	2015-04-01 10:48:07	MarkDuplicates	Tracking 403527 as yet unmatched pairs. 10543 records in RAM.
INFO	2015-04-01 10:48:20	MarkDuplicates	Read    49,000,000 records.  Elapsed time: 00:16:07s.  Time for last 1,000,000:   13s.  Last read position: chr17:56,069,544
INFO	2015-04-01 10:48:20	MarkDuplicates	Tracking 420682 as yet unmatched pairs. 6655 records in RAM.
INFO	2015-04-01 10:48:51	MarkDuplicates	Read    50,000,000 records.  Elapsed time: 00:16:38s.  Time for last 1,000,000:   31s.  Last read position: chr17:86,999,774
INFO	2015-04-01 10:48:51	MarkDuplicates	Tracking 422531 as yet unmatched pairs. 2247 records in RAM.
INFO	2015-04-01 10:49:03	MarkDuplicates	Read    51,000,000 records.  Elapsed time: 00:16:51s.  Time for last 1,000,000:   12s.  Last read position: chr18:34,473,676
INFO	2015-04-01 10:49:03	MarkDuplicates	Tracking 417133 as yet unmatched pairs. 15170 records in RAM.
INFO	2015-04-01 10:49:13	MarkDuplicates	Read    52,000,000 records.  Elapsed time: 00:17:02s.  Time for last 1,000,000:   11s.  Last read position: chr18:57,900,925
INFO	2015-04-01 10:49:13	MarkDuplicates	Tracking 423751 as yet unmatched pairs. 10214 records in RAM.
INFO	2015-04-01 10:49:29	MarkDuplicates	Read    53,000,000 records.  Elapsed time: 00:17:17s.  Time for last 1,000,000:   14s.  Last read position: chr18:77,774,102
INFO	2015-04-01 10:49:29	MarkDuplicates	Tracking 424579 as yet unmatched pairs. 5187 records in RAM.
INFO	2015-04-01 10:49:41	MarkDuplicates	Read    54,000,000 records.  Elapsed time: 00:17:29s.  Time for last 1,000,000:   11s.  Last read position: chr19:6,393,887
INFO	2015-04-01 10:49:41	MarkDuplicates	Tracking 417786 as yet unmatched pairs. 15215 records in RAM.
INFO	2015-04-01 10:50:10	MarkDuplicates	Read    55,000,000 records.  Elapsed time: 00:17:59s.  Time for last 1,000,000:   30s.  Last read position: chr19:21,597,845
INFO	2015-04-01 10:50:10	MarkDuplicates	Tracking 419797 as yet unmatched pairs. 13141 records in RAM.
INFO	2015-04-01 10:50:22	MarkDuplicates	Read    56,000,000 records.  Elapsed time: 00:18:10s.  Time for last 1,000,000:   10s.  Last read position: chr19:46,379,454
INFO	2015-04-01 10:50:22	MarkDuplicates	Tracking 424383 as yet unmatched pairs. 7955 records in RAM.
INFO	2015-04-01 10:50:37	MarkDuplicates	Read    57,000,000 records.  Elapsed time: 00:18:22s.  Time for last 1,000,000:   12s.  Last read position: chr2:18,207,546
INFO	2015-04-01 10:50:37	MarkDuplicates	Tracking 419386 as yet unmatched pairs. 42091 records in RAM.
INFO	2015-04-01 10:50:53	MarkDuplicates	Read    58,000,000 records.  Elapsed time: 00:18:42s.  Time for last 1,000,000:   19s.  Last read position: chr2:30,134,838
INFO	2015-04-01 10:50:53	MarkDuplicates	Tracking 429500 as yet unmatched pairs. 35452 records in RAM.
INFO	2015-04-01 10:51:04	MarkDuplicates	Read    59,000,000 records.  Elapsed time: 00:18:52s.  Time for last 1,000,000:    9s.  Last read position: chr2:52,401,527
INFO	2015-04-01 10:51:04	MarkDuplicates	Tracking 424400 as yet unmatched pairs. 26459 records in RAM.
INFO	2015-04-01 10:51:16	MarkDuplicates	Read    60,000,000 records.  Elapsed time: 00:19:04s.  Time for last 1,000,000:   12s.  Last read position: chr2:85,046,429
INFO	2015-04-01 10:51:16	MarkDuplicates	Tracking 431123 as yet unmatched pairs. 22264 records in RAM.
INFO	2015-04-01 10:52:04	MarkDuplicates	Read    61,000,000 records.  Elapsed time: 00:19:49s.  Time for last 1,000,000:   45s.  Last read position: chr2:119,603,914
INFO	2015-04-01 10:52:04	MarkDuplicates	Tracking 431479 as yet unmatched pairs. 18573 records in RAM.
INFO	2015-04-01 10:52:19	MarkDuplicates	Read    62,000,000 records.  Elapsed time: 00:20:04s.  Time for last 1,000,000:   15s.  Last read position: chr2:131,178,076
INFO	2015-04-01 10:52:19	MarkDuplicates	Tracking 432554 as yet unmatched pairs. 15203 records in RAM.
INFO	2015-04-01 10:52:33	MarkDuplicates	Read    63,000,000 records.  Elapsed time: 00:20:18s.  Time for last 1,000,000:   14s.  Last read position: chr2:156,174,921
INFO	2015-04-01 10:52:33	MarkDuplicates	Tracking 429379 as yet unmatched pairs. 9046 records in RAM.
INFO	2015-04-01 10:52:48	MarkDuplicates	Read    64,000,000 records.  Elapsed time: 00:20:33s.  Time for last 1,000,000:   14s.  Last read position: chr2:174,334,236
INFO	2015-04-01 10:52:48	MarkDuplicates	Tracking 434540 as yet unmatched pairs. 9475 records in RAM.
INFO	2015-04-01 10:53:13	MarkDuplicates	Read    65,000,000 records.  Elapsed time: 00:20:58s.  Time for last 1,000,000:   25s.  Last read position: chr3:10,016,237
INFO	2015-04-01 10:53:13	MarkDuplicates	Tracking 427344 as yet unmatched pairs. 70344 records in RAM.
INFO	2015-04-01 10:53:28	MarkDuplicates	Read    66,000,000 records.  Elapsed time: 00:21:12s.  Time for last 1,000,000:   13s.  Last read position: chr3:54,376,987
INFO	2015-04-01 10:53:28	MarkDuplicates	Tracking 422343 as yet unmatched pairs. 52930 records in RAM.
INFO	2015-04-01 10:53:39	MarkDuplicates	Read    67,000,000 records.  Elapsed time: 00:21:27s.  Time for last 1,000,000:   14s.  Last read position: chr3:86,141,408
INFO	2015-04-01 10:53:39	MarkDuplicates	Tracking 413100 as yet unmatched pairs. 38681 records in RAM.
INFO	2015-04-01 10:54:31	MarkDuplicates	Read    68,000,000 records.  Elapsed time: 00:22:16s.  Time for last 1,000,000:   49s.  Last read position: chr3:95,410,873
INFO	2015-04-01 10:54:31	MarkDuplicates	Tracking 401559 as yet unmatched pairs. 21899 records in RAM.
INFO	2015-04-01 10:54:46	MarkDuplicates	Read    69,000,000 records.  Elapsed time: 00:22:31s.  Time for last 1,000,000:   14s.  Last read position: chr3:114,181,363
INFO	2015-04-01 10:54:46	MarkDuplicates	Tracking 397606 as yet unmatched pairs. 15439 records in RAM.
INFO	2015-04-01 10:55:00	MarkDuplicates	Read    70,000,000 records.  Elapsed time: 00:22:45s.  Time for last 1,000,000:   14s.  Last read position: chr3:145,893,109
INFO	2015-04-01 10:55:00	MarkDuplicates	Tracking 388741 as yet unmatched pairs. 1804 records in RAM.
INFO	2015-04-01 10:55:17	MarkDuplicates	Read    71,000,000 records.  Elapsed time: 00:23:01s.  Time for last 1,000,000:   16s.  Last read position: chr4:33,027,376
INFO	2015-04-01 10:55:17	MarkDuplicates	Tracking 405440 as yet unmatched pairs. 47042 records in RAM.
INFO	2015-04-01 10:55:37	MarkDuplicates	Read    72,000,000 records.  Elapsed time: 00:23:22s.  Time for last 1,000,000:   20s.  Last read position: chr4:57,262,641
INFO	2015-04-01 10:55:37	MarkDuplicates	Tracking 398575 as yet unmatched pairs. 37912 records in RAM.
INFO	2015-04-01 10:55:52	MarkDuplicates	Read    73,000,000 records.  Elapsed time: 00:23:36s.  Time for last 1,000,000:   14s.  Last read position: chr4:107,048,262
INFO	2015-04-01 10:55:52	MarkDuplicates	Tracking 393956 as yet unmatched pairs. 29693 records in RAM.
INFO	2015-04-01 10:56:06	MarkDuplicates	Read    74,000,000 records.  Elapsed time: 00:23:51s.  Time for last 1,000,000:   14s.  Last read position: chr4:123,350,235
INFO	2015-04-01 10:56:06	MarkDuplicates	Tracking 398454 as yet unmatched pairs. 24977 records in RAM.
INFO	2015-04-01 10:56:20	MarkDuplicates	Read    75,000,000 records.  Elapsed time: 00:24:04s.  Time for last 1,000,000:   13s.  Last read position: chr4:133,370,877
INFO	2015-04-01 10:56:20	MarkDuplicates	Tracking 396044 as yet unmatched pairs. 20345 records in RAM.
INFO	2015-04-01 10:56:59	MarkDuplicates	Read    76,000,000 records.  Elapsed time: 00:24:44s.  Time for last 1,000,000:   39s.  Last read position: chr4:141,015,715
INFO	2015-04-01 10:56:59	MarkDuplicates	Tracking 397796 as yet unmatched pairs. 13683 records in RAM.
INFO	2015-04-01 10:57:13	MarkDuplicates	Read    77,000,000 records.  Elapsed time: 00:24:59s.  Time for last 1,000,000:   14s.  Last read position: chr5:3,809,667
INFO	2015-04-01 10:57:13	MarkDuplicates	Tracking 388732 as yet unmatched pairs. 64206 records in RAM.
INFO	2015-04-01 10:57:28	MarkDuplicates	Read    78,000,000 records.  Elapsed time: 00:25:13s.  Time for last 1,000,000:   14s.  Last read position: chr5:32,487,613
INFO	2015-04-01 10:57:28	MarkDuplicates	Tracking 403734 as yet unmatched pairs. 54048 records in RAM.
INFO	2015-04-01 10:57:43	MarkDuplicates	Read    79,000,000 records.  Elapsed time: 00:25:27s.  Time for last 1,000,000:   14s.  Last read position: chr5:72,159,425
INFO	2015-04-01 10:57:43	MarkDuplicates	Tracking 393089 as yet unmatched pairs. 41799 records in RAM.
INFO	2015-04-01 10:58:05	MarkDuplicates	Read    80,000,000 records.  Elapsed time: 00:25:51s.  Time for last 1,000,000:   23s.  Last read position: chr5:107,903,760
INFO	2015-04-01 10:58:05	MarkDuplicates	Tracking 400265 as yet unmatched pairs. 42725 records in RAM.
INFO	2015-04-01 10:58:16	MarkDuplicates	Read    81,000,000 records.  Elapsed time: 00:26:05s.  Time for last 1,000,000:   13s.  Last read position: chr5:118,262,760
INFO	2015-04-01 10:58:16	MarkDuplicates	Tracking 406352 as yet unmatched pairs. 30123 records in RAM.
INFO	2015-04-01 10:58:31	MarkDuplicates	Read    82,000,000 records.  Elapsed time: 00:26:14s.  Time for last 1,000,000:    9s.  Last read position: chr5:125,387,976
INFO	2015-04-01 10:58:31	MarkDuplicates	Tracking 398950 as yet unmatched pairs. 21853 records in RAM.
INFO	2015-04-01 10:58:45	MarkDuplicates	Read    83,000,000 records.  Elapsed time: 00:26:30s.  Time for last 1,000,000:   15s.  Last read position: chr5:139,337,993
INFO	2015-04-01 10:58:45	MarkDuplicates	Tracking 393436 as yet unmatched pairs. 13933 records in RAM.
INFO	2015-04-01 10:59:38	MarkDuplicates	Read    84,000,000 records.  Elapsed time: 00:27:24s.  Time for last 1,000,000:   54s.  Last read position: chr6:3,201,491
INFO	2015-04-01 10:59:38	MarkDuplicates	Tracking 374087 as yet unmatched pairs. 52528 records in RAM.
INFO	2015-04-01 10:59:52	MarkDuplicates	Read    85,000,000 records.  Elapsed time: 00:27:37s.  Time for last 1,000,000:   12s.  Last read position: chr6:30,374,880
INFO	2015-04-01 10:59:52	MarkDuplicates	Tracking 364820 as yet unmatched pairs. 41319 records in RAM.
INFO	2015-04-01 11:00:07	MarkDuplicates	Read    86,000,000 records.  Elapsed time: 00:27:51s.  Time for last 1,000,000:   13s.  Last read position: chr6:51,463,309
INFO	2015-04-01 11:00:07	MarkDuplicates	Tracking 365868 as yet unmatched pairs. 41077 records in RAM.
INFO	2015-04-01 11:00:21	MarkDuplicates	Read    87,000,000 records.  Elapsed time: 00:28:06s.  Time for last 1,000,000:   15s.  Last read position: chr6:86,369,879
INFO	2015-04-01 11:00:21	MarkDuplicates	Tracking 357742 as yet unmatched pairs. 29466 records in RAM.
INFO	2015-04-01 11:00:36	MarkDuplicates	Read    88,000,000 records.  Elapsed time: 00:28:20s.  Time for last 1,000,000:   14s.  Last read position: chr6:115,808,698
INFO	2015-04-01 11:00:36	MarkDuplicates	Tracking 354585 as yet unmatched pairs. 25326 records in RAM.
INFO	2015-04-01 11:00:56	MarkDuplicates	Read    89,000,000 records.  Elapsed time: 00:28:41s.  Time for last 1,000,000:   21s.  Last read position: chr6:127,136,637
INFO	2015-04-01 11:00:56	MarkDuplicates	Tracking 346030 as yet unmatched pairs. 13312 records in RAM.
INFO	2015-04-01 11:01:11	MarkDuplicates	Read    90,000,000 records.  Elapsed time: 00:28:57s.  Time for last 1,000,000:   15s.  Last read position: chr7:4,808,228
INFO	2015-04-01 11:01:11	MarkDuplicates	Tracking 337527 as yet unmatched pairs. 79113 records in RAM.
INFO	2015-04-01 11:01:27	MarkDuplicates	Read    91,000,000 records.  Elapsed time: 00:29:10s.  Time for last 1,000,000:   13s.  Last read position: chr7:24,884,660
INFO	2015-04-01 11:01:27	MarkDuplicates	Tracking 333831 as yet unmatched pairs. 74124 records in RAM.
INFO	2015-04-01 11:01:42	MarkDuplicates	Read    92,000,000 records.  Elapsed time: 00:29:26s.  Time for last 1,000,000:   16s.  Last read position: chr7:35,628,803
INFO	2015-04-01 11:01:42	MarkDuplicates	Tracking 324141 as yet unmatched pairs. 63053 records in RAM.
INFO	2015-04-01 11:02:41	MarkDuplicates	Read    93,000,000 records.  Elapsed time: 00:30:25s.  Time for last 1,000,000:   59s.  Last read position: chr7:46,999,853
INFO	2015-04-01 11:02:41	MarkDuplicates	Tracking 310623 as yet unmatched pairs. 48888 records in RAM.
INFO	2015-04-01 11:02:55	MarkDuplicates	Read    94,000,000 records.  Elapsed time: 00:30:39s.  Time for last 1,000,000:   14s.  Last read position: chr7:97,699,421
INFO	2015-04-01 11:02:55	MarkDuplicates	Tracking 296235 as yet unmatched pairs. 33202 records in RAM.
INFO	2015-04-01 11:03:06	MarkDuplicates	Read    95,000,000 records.  Elapsed time: 00:30:53s.  Time for last 1,000,000:   13s.  Last read position: chr7:103,827,789
INFO	2015-04-01 11:03:06	MarkDuplicates	Tracking 308613 as yet unmatched pairs. 44959 records in RAM.
INFO	2015-04-01 11:03:18	MarkDuplicates	Read    96,000,000 records.  Elapsed time: 00:31:04s.  Time for last 1,000,000:   10s.  Last read position: chr7:118,119,723
INFO	2015-04-01 11:03:18	MarkDuplicates	Tracking 276875 as yet unmatched pairs. 12734 records in RAM.
INFO	2015-04-01 11:03:34	MarkDuplicates	Read    97,000,000 records.  Elapsed time: 00:31:23s.  Time for last 1,000,000:   18s.  Last read position: chr7:132,561,889
INFO	2015-04-01 11:03:34	MarkDuplicates	Tracking 275772 as yet unmatched pairs. 7028 records in RAM.
INFO	2015-04-01 11:03:46	MarkDuplicates	Read    98,000,000 records.  Elapsed time: 00:31:33s.  Time for last 1,000,000:   10s.  Last read position: chr7:142,577,033
INFO	2015-04-01 11:03:46	MarkDuplicates	Tracking 305218 as yet unmatched pairs. 36025 records in RAM.
INFO	2015-04-01 11:03:58	MarkDuplicates	Read    99,000,000 records.  Elapsed time: 00:31:44s.  Time for last 1,000,000:   11s.  Last read position: chr7:143,459,135
INFO	2015-04-01 11:03:58	MarkDuplicates	Tracking 277729 as yet unmatched pairs. 8194 records in RAM.
INFO	2015-04-01 11:04:13	MarkDuplicates	Read   100,000,000 records.  Elapsed time: 00:31:58s.  Time for last 1,000,000:   13s.  Last read position: chr8:20,579,546
INFO	2015-04-01 11:04:13	MarkDuplicates	Tracking 264651 as yet unmatched pairs. 74626 records in RAM.
INFO	2015-04-01 11:04:27	MarkDuplicates	Read   101,000,000 records.  Elapsed time: 00:32:12s.  Time for last 1,000,000:   13s.  Last read position: chr8:69,765,778
INFO	2015-04-01 11:04:27	MarkDuplicates	Tracking 249878 as yet unmatched pairs. 58569 records in RAM.
INFO	2015-04-01 11:05:15	MarkDuplicates	Read   102,000,000 records.  Elapsed time: 00:33:01s.  Time for last 1,000,000:   49s.  Last read position: chr8:84,246,477
INFO	2015-04-01 11:05:15	MarkDuplicates	Tracking 235707 as yet unmatched pairs. 42875 records in RAM.
INFO	2015-04-01 11:05:29	MarkDuplicates	Read   103,000,000 records.  Elapsed time: 00:33:14s.  Time for last 1,000,000:   12s.  Last read position: chr8:105,885,868
INFO	2015-04-01 11:05:29	MarkDuplicates	Tracking 215593 as yet unmatched pairs. 21788 records in RAM.
INFO	2015-04-01 11:05:43	MarkDuplicates	Read   104,000,000 records.  Elapsed time: 00:33:28s.  Time for last 1,000,000:   13s.  Last read position: chr8:123,103,262
INFO	2015-04-01 11:05:43	MarkDuplicates	Tracking 216947 as yet unmatched pairs. 16092 records in RAM.
INFO	2015-04-01 11:05:58	MarkDuplicates	Read   105,000,000 records.  Elapsed time: 00:33:44s.  Time for last 1,000,000:   16s.  Last read position: chr9:21,660,862
INFO	2015-04-01 11:05:58	MarkDuplicates	Tracking 192712 as yet unmatched pairs. 121194 records in RAM.
INFO	2015-04-01 11:06:24	MarkDuplicates	Read   106,000,000 records.  Elapsed time: 00:34:11s.  Time for last 1,000,000:   26s.  Last read position: chr9:44,385,285
INFO	2015-04-01 11:06:24	MarkDuplicates	Tracking 166981 as yet unmatched pairs. 95270 records in RAM.
INFO	2015-04-01 11:06:37	MarkDuplicates	Read   107,000,000 records.  Elapsed time: 00:34:24s.  Time for last 1,000,000:   12s.  Last read position: chr9:58,889,094
INFO	2015-04-01 11:06:37	MarkDuplicates	Tracking 168767 as yet unmatched pairs. 87811 records in RAM.
INFO	2015-04-01 11:06:51	MarkDuplicates	Read   108,000,000 records.  Elapsed time: 00:34:37s.  Time for last 1,000,000:   13s.  Last read position: chr9:67,220,978
INFO	2015-04-01 11:06:51	MarkDuplicates	Tracking 156455 as yet unmatched pairs. 75378 records in RAM.
INFO	2015-04-01 11:07:05	MarkDuplicates	Read   109,000,000 records.  Elapsed time: 00:34:50s.  Time for last 1,000,000:   13s.  Last read position: chr9:78,479,161
INFO	2015-04-01 11:07:05	MarkDuplicates	Tracking 201655 as yet unmatched pairs. 120454 records in RAM.
INFO	2015-04-01 11:07:49	MarkDuplicates	Read   110,000,000 records.  Elapsed time: 00:35:38s.  Time for last 1,000,000:   47s.  Last read position: chr9:88,370,442
INFO	2015-04-01 11:07:49	MarkDuplicates	Tracking 144968 as yet unmatched pairs. 63638 records in RAM.
INFO	2015-04-01 11:08:01	MarkDuplicates	Read   111,000,000 records.  Elapsed time: 00:35:48s.  Time for last 1,000,000:    9s.  Last read position: chr9:107,747,468
INFO	2015-04-01 11:08:01	MarkDuplicates	Tracking 125229 as yet unmatched pairs. 43757 records in RAM.
INFO	2015-04-01 11:08:13	MarkDuplicates	Read   112,000,000 records.  Elapsed time: 00:36:00s.  Time for last 1,000,000:   12s.  Last read position: chr9:120,131,073
INFO	2015-04-01 11:08:13	MarkDuplicates	Tracking 109273 as yet unmatched pairs. 27656 records in RAM.
INFO	2015-04-01 11:08:24	MarkDuplicates	Read   113,000,000 records.  Elapsed time: 00:36:12s.  Time for last 1,000,000:   12s.  Last read position: chrM:4,619
INFO	2015-04-01 11:08:24	MarkDuplicates	Tracking 94776 as yet unmatched pairs. 34711 records in RAM.
INFO	2015-04-01 11:08:34	MarkDuplicates	Read   114,000,000 records.  Elapsed time: 00:36:23s.  Time for last 1,000,000:   10s.  Last read position: chrM:6,646
INFO	2015-04-01 11:08:34	MarkDuplicates	Tracking 137622 as yet unmatched pairs. 77533 records in RAM.
INFO	2015-04-01 11:08:55	MarkDuplicates	Read   115,000,000 records.  Elapsed time: 00:36:42s.  Time for last 1,000,000:   19s.  Last read position: chrM:8,257
INFO	2015-04-01 11:08:55	MarkDuplicates	Tracking 110072 as yet unmatched pairs. 49944 records in RAM.
INFO	2015-04-01 11:09:05	MarkDuplicates	Read   116,000,000 records.  Elapsed time: 00:36:54s.  Time for last 1,000,000:   11s.  Last read position: chrM:10,776
INFO	2015-04-01 11:09:05	MarkDuplicates	Tracking 78987 as yet unmatched pairs. 18836 records in RAM.
INFO	2015-04-01 11:09:16	MarkDuplicates	Read   117,000,000 records.  Elapsed time: 00:37:05s.  Time for last 1,000,000:   11s.  Last read position: chrX:8,142,495
INFO	2015-04-01 11:09:16	MarkDuplicates	Tracking 60442 as yet unmatched pairs. 56320 records in RAM.
INFO	2015-04-01 11:09:27	MarkDuplicates	Read   118,000,000 records.  Elapsed time: 00:37:15s.  Time for last 1,000,000:    9s.  Last read position: chrX:53,353,396
INFO	2015-04-01 11:09:27	MarkDuplicates	Tracking 47346 as yet unmatched pairs. 43165 records in RAM.
INFO	2015-04-01 11:10:15	MarkDuplicates	Read   119,000,000 records.  Elapsed time: 00:38:02s.  Time for last 1,000,000:   47s.  Last read position: chrX:95,955,893
INFO	2015-04-01 11:10:15	MarkDuplicates	Tracking 26293 as yet unmatched pairs. 22086 records in RAM.
INFO	2015-04-01 11:10:29	MarkDuplicates	Read   120,000,000 records.  Elapsed time: 00:38:14s.  Time for last 1,000,000:   11s.  Last read position: chrX:114,560,381
INFO	2015-04-01 11:10:29	MarkDuplicates	Tracking 22481 as yet unmatched pairs. 18268 records in RAM.
INFO	2015-04-01 11:10:41	MarkDuplicates	Read   121,000,000 records.  Elapsed time: 00:38:28s.  Time for last 1,000,000:   13s.  Last read position: chrX:155,334,856
INFO	2015-04-01 11:10:41	MarkDuplicates	Tracking 7510 as yet unmatched pairs. 3257 records in RAM.
INFO	2015-04-01 11:10:45	MarkDuplicates	Read 121421662 records. 0 pairs never matched.
INFO	2015-04-01 11:11:15	MarkDuplicates	After buildSortedReadEndLists freeMemory: 14042975816; totalMemory: 27275100160; maxMemory: 38177538048
INFO	2015-04-01 11:11:15	MarkDuplicates	Will retain up to 1193048064 duplicate indices before spilling to disk.
INFO	2015-04-01 11:11:19	MarkDuplicates	Traversing read pair information and detecting duplicates.
INFO	2015-04-01 11:12:22	MarkDuplicates	Traversing fragment information and detecting duplicates.
INFO	2015-04-01 11:14:13	MarkDuplicates	Sorting list of duplicate records.
INFO	2015-04-01 11:14:30	MarkDuplicates	After generateDuplicateIndexes freeMemory: 27383072576; totalMemory: 37110808576; maxMemory: 38177538048
INFO	2015-04-01 11:14:30	MarkDuplicates	Marking 23663427 records as duplicates.
INFO	2015-04-01 11:14:30	MarkDuplicates	Found 7085483 optical duplicate clusters.
INFO	2015-04-01 11:20:10	MarkDuplicates	Written    10,000,000 records.  Elapsed time: 00:05:39s.  Time for last 10,000,000:  339s.  Last read position: chr10:80,145,436
INFO	2015-04-01 11:26:02	MarkDuplicates	Written    20,000,000 records.  Elapsed time: 00:11:29s.  Time for last 10,000,000:  350s.  Last read position: chr11:93,944,856
INFO	2015-04-01 11:32:04	MarkDuplicates	Written    30,000,000 records.  Elapsed time: 00:17:33s.  Time for last 10,000,000:  364s.  Last read position: chr13:58,586,694
INFO	2015-04-01 11:38:41	MarkDuplicates	Written    40,000,000 records.  Elapsed time: 00:24:09s.  Time for last 10,000,000:  395s.  Last read position: chr15:98,931,915
INFO	2015-04-01 11:45:07	MarkDuplicates	Written    50,000,000 records.  Elapsed time: 00:30:36s.  Time for last 10,000,000:  386s.  Last read position: chr17:86,999,774
INFO	2015-04-01 11:51:35	MarkDuplicates	Written    60,000,000 records.  Elapsed time: 00:37:04s.  Time for last 10,000,000:  387s.  Last read position: chr2:85,046,429
INFO	2015-04-01 11:58:03	MarkDuplicates	Written    70,000,000 records.  Elapsed time: 00:43:30s.  Time for last 10,000,000:  386s.  Last read position: chr3:145,893,109
INFO	2015-04-01 12:04:49	MarkDuplicates	Written    80,000,000 records.  Elapsed time: 00:50:18s.  Time for last 10,000,000:  408s.  Last read position: chr5:107,903,760
INFO	2015-04-01 12:11:30	MarkDuplicates	Written    90,000,000 records.  Elapsed time: 00:56:58s.  Time for last 10,000,000:  399s.  Last read position: chr7:4,808,228
INFO	2015-04-01 12:18:15	MarkDuplicates	Written   100,000,000 records.  Elapsed time: 01:03:44s.  Time for last 10,000,000:  405s.  Last read position: chr8:20,579,546
INFO	2015-04-01 12:26:01	MarkDuplicates	Written   110,000,000 records.  Elapsed time: 01:11:30s.  Time for last 10,000,000:  466s.  Last read position: chr9:88,370,442
INFO	2015-04-01 12:33:03	MarkDuplicates	Written   120,000,000 records.  Elapsed time: 01:18:25s.  Time for last 10,000,000:  415s.  Last read position: chrX:114,560,381
INFO	2015-04-01 12:34:02	MarkDuplicates	Before output close freeMemory: 36642967632; totalMemory: 36913676288; maxMemory: 38177538048
INFO	2015-04-01 12:34:05	MarkDuplicates	After output close freeMemory: 36845014976; totalMemory: 37115723776; maxMemory: 38177538048
[Wed Apr 01 12:34:05 EDT 2015] net.sf.picard.sam.MarkDuplicates done. Elapsed time: 121.94 minutes.
Runtime.totalMemory()=37115723776
slurmstepd: error: slurm_receive_msg: Socket timed out on send/recv operation
slurmstepd: error: slurm_receive_msg: Socket timed out on send/recv operation
slurmstepd: error: slurm_receive_msg: Transport endpoint is not connected
