[Wed Apr 01 11:04:58 EDT 2015] net.sf.picard.sam.MarkDuplicates INPUT=[/n/rinn_data1/users/agroff/seq/OtherMice/Diana/lincP21/bam/JR919/accepted_hits_sorted_picard.bam] OUTPUT=/n/rinn_data1/users/agroff/seq/OtherMice/Diana/lincP21/bam/JR919/accepted_hits_sorted_duplicates_marked.bam METRICS_FILE=dup_metrics.txt    PROGRAM_RECORD_ID=MarkDuplicates PROGRAM_GROUP_NAME=MarkDuplicates REMOVE_DUPLICATES=false ASSUME_SORTED=false MAX_SEQUENCES_FOR_DISK_READ_ENDS_MAP=50000 MAX_FILE_HANDLES_FOR_READ_ENDS_MAP=8000 SORTING_COLLECTION_SIZE_RATIO=0.25 READ_NAME_REGEX=[a-zA-Z0-9]+:[0-9]:([0-9]+):([0-9]+):([0-9]+).* OPTICAL_DUPLICATE_PIXEL_DISTANCE=100 VERBOSITY=INFO QUIET=false VALIDATION_STRINGENCY=STRICT COMPRESSION_LEVEL=5 MAX_RECORDS_IN_RAM=500000 CREATE_INDEX=false CREATE_MD5_FILE=false
[Wed Apr 01 11:04:58 EDT 2015] Executing as agroff@holy2a02107.rc.fas.harvard.edu on Linux 2.6.32-431.17.1.el6.x86_64 amd64; Java HotSpot(TM) 64-Bit Server VM 1.6.0_11-b03; Picard version: 1.98(1547)
INFO	2015-04-01 11:04:58	MarkDuplicates	Start of doWork freeMemory: 8625056; totalMemory: 9109504; maxMemory: 38177538048
INFO	2015-04-01 11:04:58	MarkDuplicates	Reading input file and constructing read end information.
INFO	2015-04-01 11:04:58	MarkDuplicates	Will retain up to 151498166 data points before spilling to disk.
INFO	2015-04-01 11:06:17	MarkDuplicates	Read     1,000,000 records.  Elapsed time: 00:01:13s.  Time for last 1,000,000:   73s.  Last read position: chr1:39,989,027
INFO	2015-04-01 11:06:17	MarkDuplicates	Tracking 42653 as yet unmatched pairs. 673 records in RAM.
INFO	2015-04-01 11:06:55	MarkDuplicates	Read     2,000,000 records.  Elapsed time: 00:01:53s.  Time for last 1,000,000:   40s.  Last read position: chr1:65,274,694
INFO	2015-04-01 11:06:55	MarkDuplicates	Tracking 53742 as yet unmatched pairs. 546 records in RAM.
INFO	2015-04-01 11:07:32	MarkDuplicates	Read     3,000,000 records.  Elapsed time: 00:02:22s.  Time for last 1,000,000:   28s.  Last read position: chr1:86,530,146
INFO	2015-04-01 11:07:32	MarkDuplicates	Tracking 65402 as yet unmatched pairs. 6438 records in RAM.
INFO	2015-04-01 11:08:05	MarkDuplicates	Read     4,000,000 records.  Elapsed time: 00:03:03s.  Time for last 1,000,000:   41s.  Last read position: chr1:128,189,673
INFO	2015-04-01 11:08:05	MarkDuplicates	Tracking 72834 as yet unmatched pairs. 630 records in RAM.
INFO	2015-04-01 11:08:31	MarkDuplicates	Read     5,000,000 records.  Elapsed time: 00:03:26s.  Time for last 1,000,000:   22s.  Last read position: chr1:135,848,027
INFO	2015-04-01 11:08:31	MarkDuplicates	Tracking 115272 as yet unmatched pairs. 37392 records in RAM.
INFO	2015-04-01 11:09:09	MarkDuplicates	Read     6,000,000 records.  Elapsed time: 00:03:59s.  Time for last 1,000,000:   33s.  Last read position: chr1:162,672,919
INFO	2015-04-01 11:09:09	MarkDuplicates	Tracking 85859 as yet unmatched pairs. 516 records in RAM.
INFO	2015-04-01 11:09:37	MarkDuplicates	Read     7,000,000 records.  Elapsed time: 00:04:36s.  Time for last 1,000,000:   36s.  Last read position: chr1:180,803,202
INFO	2015-04-01 11:09:37	MarkDuplicates	Tracking 101520 as yet unmatched pairs. 7373 records in RAM.
INFO	2015-04-01 11:10:07	MarkDuplicates	Read     8,000,000 records.  Elapsed time: 00:05:00s.  Time for last 1,000,000:   23s.  Last read position: chr10:19,869,371
INFO	2015-04-01 11:10:07	MarkDuplicates	Tracking 104183 as yet unmatched pairs. 4600 records in RAM.
INFO	2015-04-01 11:10:34	MarkDuplicates	Read     9,000,000 records.  Elapsed time: 00:05:31s.  Time for last 1,000,000:   31s.  Last read position: chr10:56,389,337
INFO	2015-04-01 11:10:34	MarkDuplicates	Tracking 118769 as yet unmatched pairs. 5702 records in RAM.
INFO	2015-04-01 11:11:02	MarkDuplicates	Read    10,000,000 records.  Elapsed time: 00:05:58s.  Time for last 1,000,000:   26s.  Last read position: chr10:79,320,791
INFO	2015-04-01 11:11:02	MarkDuplicates	Tracking 123859 as yet unmatched pairs. 4064 records in RAM.
INFO	2015-04-01 11:11:32	MarkDuplicates	Read    11,000,000 records.  Elapsed time: 00:06:26s.  Time for last 1,000,000:   27s.  Last read position: chr10:81,565,977
INFO	2015-04-01 11:11:32	MarkDuplicates	Tracking 128279 as yet unmatched pairs. 6248 records in RAM.
INFO	2015-04-01 11:12:00	MarkDuplicates	Read    12,000,000 records.  Elapsed time: 00:06:51s.  Time for last 1,000,000:   25s.  Last read position: chr10:111,493,427
INFO	2015-04-01 11:12:00	MarkDuplicates	Tracking 140535 as yet unmatched pairs. 2943 records in RAM.
INFO	2015-04-01 11:12:29	MarkDuplicates	Read    13,000,000 records.  Elapsed time: 00:07:24s.  Time for last 1,000,000:   32s.  Last read position: chr10:128,089,063
INFO	2015-04-01 11:12:29	MarkDuplicates	Tracking 158786 as yet unmatched pairs. 18142 records in RAM.
INFO	2015-04-01 11:12:52	MarkDuplicates	Read    14,000,000 records.  Elapsed time: 00:07:45s.  Time for last 1,000,000:   21s.  Last read position: chr11:5,898,483
INFO	2015-04-01 11:12:52	MarkDuplicates	Tracking 160155 as yet unmatched pairs. 10002 records in RAM.
INFO	2015-04-01 11:13:23	MarkDuplicates	Read    15,000,000 records.  Elapsed time: 00:08:21s.  Time for last 1,000,000:   35s.  Last read position: chr11:23,004,099
INFO	2015-04-01 11:13:23	MarkDuplicates	Tracking 173261 as yet unmatched pairs. 6914 records in RAM.
INFO	2015-04-01 11:13:42	MarkDuplicates	Read    16,000,000 records.  Elapsed time: 00:08:39s.  Time for last 1,000,000:   17s.  Last read position: chr11:32,296,885
INFO	2015-04-01 11:13:42	MarkDuplicates	Tracking 202979 as yet unmatched pairs. 34762 records in RAM.
INFO	2015-04-01 11:14:09	MarkDuplicates	Read    17,000,000 records.  Elapsed time: 00:09:04s.  Time for last 1,000,000:   25s.  Last read position: chr11:52,245,034
INFO	2015-04-01 11:14:09	MarkDuplicates	Tracking 184285 as yet unmatched pairs. 8475 records in RAM.
INFO	2015-04-01 11:14:29	MarkDuplicates	Read    18,000,000 records.  Elapsed time: 00:09:25s.  Time for last 1,000,000:   21s.  Last read position: chr11:61,366,541
INFO	2015-04-01 11:14:29	MarkDuplicates	Tracking 185686 as yet unmatched pairs. 6461 records in RAM.
INFO	2015-04-01 11:14:56	MarkDuplicates	Read    19,000,000 records.  Elapsed time: 00:09:45s.  Time for last 1,000,000:   19s.  Last read position: chr11:69,920,222
INFO	2015-04-01 11:14:56	MarkDuplicates	Tracking 191115 as yet unmatched pairs. 7807 records in RAM.
INFO	2015-04-01 11:15:23	MarkDuplicates	Read    20,000,000 records.  Elapsed time: 00:10:21s.  Time for last 1,000,000:   36s.  Last read position: chr11:78,182,949
INFO	2015-04-01 11:15:23	MarkDuplicates	Tracking 197400 as yet unmatched pairs. 7436 records in RAM.
INFO	2015-04-01 11:15:43	MarkDuplicates	Read    21,000,000 records.  Elapsed time: 00:10:40s.  Time for last 1,000,000:   18s.  Last read position: chr11:94,944,363
INFO	2015-04-01 11:15:43	MarkDuplicates	Tracking 200155 as yet unmatched pairs. 2986 records in RAM.
INFO	2015-04-01 11:16:17	MarkDuplicates	Read    22,000,000 records.  Elapsed time: 00:11:11s.  Time for last 1,000,000:   31s.  Last read position: chr11:100,958,039
INFO	2015-04-01 11:16:17	MarkDuplicates	Tracking 209654 as yet unmatched pairs. 3277 records in RAM.
INFO	2015-04-01 11:16:36	MarkDuplicates	Read    23,000,000 records.  Elapsed time: 00:11:34s.  Time for last 1,000,000:   22s.  Last read position: chr11:106,990,769
INFO	2015-04-01 11:16:36	MarkDuplicates	Tracking 215180 as yet unmatched pairs. 1972 records in RAM.
INFO	2015-04-01 11:17:10	MarkDuplicates	Read    24,000,000 records.  Elapsed time: 00:12:05s.  Time for last 1,000,000:   31s.  Last read position: chr11:120,466,740
INFO	2015-04-01 11:17:10	MarkDuplicates	Tracking 225288 as yet unmatched pairs. 546 records in RAM.
INFO	2015-04-01 11:17:37	MarkDuplicates	Read    25,000,000 records.  Elapsed time: 00:12:31s.  Time for last 1,000,000:   25s.  Last read position: chr12:22,683,964
INFO	2015-04-01 11:17:37	MarkDuplicates	Tracking 250366 as yet unmatched pairs. 7747 records in RAM.
INFO	2015-04-01 11:17:57	MarkDuplicates	Read    26,000,000 records.  Elapsed time: 00:12:53s.  Time for last 1,000,000:   21s.  Last read position: chr12:59,081,618
INFO	2015-04-01 11:17:57	MarkDuplicates	Tracking 261103 as yet unmatched pairs. 4368 records in RAM.
INFO	2015-04-01 11:18:40	MarkDuplicates	Read    27,000,000 records.  Elapsed time: 00:13:38s.  Time for last 1,000,000:   45s.  Last read position: chr12:85,343,133
INFO	2015-04-01 11:18:40	MarkDuplicates	Tracking 276175 as yet unmatched pairs. 3404 records in RAM.
INFO	2015-04-01 11:19:02	MarkDuplicates	Read    28,000,000 records.  Elapsed time: 00:13:58s.  Time for last 1,000,000:   20s.  Last read position: chr12:112,044,295
INFO	2015-04-01 11:19:02	MarkDuplicates	Tracking 279319 as yet unmatched pairs. 140 records in RAM.
INFO	2015-04-01 11:19:42	MarkDuplicates	Read    29,000,000 records.  Elapsed time: 00:14:36s.  Time for last 1,000,000:   38s.  Last read position: chr13:30,540,891
INFO	2015-04-01 11:19:42	MarkDuplicates	Tracking 291682 as yet unmatched pairs. 13059 records in RAM.
INFO	2015-04-01 11:20:02	MarkDuplicates	Read    30,000,000 records.  Elapsed time: 00:14:56s.  Time for last 1,000,000:   19s.  Last read position: chr13:55,699,947
INFO	2015-04-01 11:20:02	MarkDuplicates	Tracking 301746 as yet unmatched pairs. 9653 records in RAM.
INFO	2015-04-01 11:20:30	MarkDuplicates	Read    31,000,000 records.  Elapsed time: 00:15:19s.  Time for last 1,000,000:   23s.  Last read position: chr13:89,657,568
INFO	2015-04-01 11:20:30	MarkDuplicates	Tracking 316935 as yet unmatched pairs. 4307 records in RAM.
INFO	2015-04-01 11:20:46	MarkDuplicates	Read    32,000,000 records.  Elapsed time: 00:15:44s.  Time for last 1,000,000:   25s.  Last read position: chr13:119,396,863
INFO	2015-04-01 11:20:46	MarkDuplicates	Tracking 336330 as yet unmatched pairs. 750 records in RAM.
INFO	2015-04-01 11:21:22	MarkDuplicates	Read    33,000,000 records.  Elapsed time: 00:16:19s.  Time for last 1,000,000:   34s.  Last read position: chr14:21,033,351
INFO	2015-04-01 11:21:22	MarkDuplicates	Tracking 359888 as yet unmatched pairs. 28071 records in RAM.
INFO	2015-04-01 11:21:47	MarkDuplicates	Read    34,000,000 records.  Elapsed time: 00:16:42s.  Time for last 1,000,000:   23s.  Last read position: chr14:34,544,155
INFO	2015-04-01 11:21:47	MarkDuplicates	Tracking 353550 as yet unmatched pairs. 15152 records in RAM.
INFO	2015-04-01 11:22:05	MarkDuplicates	Read    35,000,000 records.  Elapsed time: 00:17:01s.  Time for last 1,000,000:   19s.  Last read position: chr14:54,957,210
INFO	2015-04-01 11:22:05	MarkDuplicates	Tracking 392404 as yet unmatched pairs. 42815 records in RAM.
INFO	2015-04-01 11:22:46	MarkDuplicates	Read    36,000,000 records.  Elapsed time: 00:17:35s.  Time for last 1,000,000:   33s.  Last read position: chr14:55,870,858
INFO	2015-04-01 11:22:46	MarkDuplicates	Tracking 360232 as yet unmatched pairs. 9466 records in RAM.
INFO	2015-04-01 11:23:10	MarkDuplicates	Read    37,000,000 records.  Elapsed time: 00:17:58s.  Time for last 1,000,000:   23s.  Last read position: chr14:75,846,390
INFO	2015-04-01 11:23:10	MarkDuplicates	Tracking 390831 as yet unmatched pairs. 31836 records in RAM.
INFO	2015-04-01 11:23:31	MarkDuplicates	Read    38,000,000 records.  Elapsed time: 00:18:29s.  Time for last 1,000,000:   30s.  Last read position: chr15:10,574,672
INFO	2015-04-01 11:23:31	MarkDuplicates	Tracking 372514 as yet unmatched pairs. 11213 records in RAM.
INFO	2015-04-01 11:23:52	MarkDuplicates	Read    39,000,000 records.  Elapsed time: 00:18:44s.  Time for last 1,000,000:   14s.  Last read position: chr15:58,937,458
INFO	2015-04-01 11:23:52	MarkDuplicates	Tracking 374637 as yet unmatched pairs. 7365 records in RAM.
INFO	2015-04-01 11:24:33	MarkDuplicates	Read    40,000,000 records.  Elapsed time: 00:19:23s.  Time for last 1,000,000:   39s.  Last read position: chr15:79,828,062
INFO	2015-04-01 11:24:33	MarkDuplicates	Tracking 374371 as yet unmatched pairs. 3765 records in RAM.
INFO	2015-04-01 11:24:50	MarkDuplicates	Read    41,000,000 records.  Elapsed time: 00:19:46s.  Time for last 1,000,000:   22s.  Last read position: chr15:96,690,100
INFO	2015-04-01 11:24:50	MarkDuplicates	Tracking 378844 as yet unmatched pairs. 1887 records in RAM.
INFO	2015-04-01 11:25:16	MarkDuplicates	Read    42,000,000 records.  Elapsed time: 00:20:11s.  Time for last 1,000,000:   25s.  Last read position: chr15:99,037,338
INFO	2015-04-01 11:25:16	MarkDuplicates	Tracking 392899 as yet unmatched pairs. 11708 records in RAM.
INFO	2015-04-01 11:25:33	MarkDuplicates	Read    43,000,000 records.  Elapsed time: 00:20:27s.  Time for last 1,000,000:   15s.  Last read position: chr16:5,055,120
INFO	2015-04-01 11:25:33	MarkDuplicates	Tracking 394357 as yet unmatched pairs. 13115 records in RAM.
INFO	2015-04-01 11:26:17	MarkDuplicates	Read    44,000,000 records.  Elapsed time: 00:21:14s.  Time for last 1,000,000:   46s.  Last read position: chr16:24,988,579
INFO	2015-04-01 11:26:17	MarkDuplicates	Tracking 398676 as yet unmatched pairs. 8198 records in RAM.
INFO	2015-04-01 11:26:30	MarkDuplicates	Read    45,000,000 records.  Elapsed time: 00:21:29s.  Time for last 1,000,000:   15s.  Last read position: chr16:55,971,354
INFO	2015-04-01 11:26:30	MarkDuplicates	Tracking 404523 as yet unmatched pairs. 5889 records in RAM.
INFO	2015-04-01 11:26:58	MarkDuplicates	Read    46,000,000 records.  Elapsed time: 00:21:53s.  Time for last 1,000,000:   24s.  Last read position: chr16:96,224,559
INFO	2015-04-01 11:26:58	MarkDuplicates	Tracking 411004 as yet unmatched pairs. 4465 records in RAM.
INFO	2015-04-01 11:27:12	MarkDuplicates	Read    47,000,000 records.  Elapsed time: 00:22:08s.  Time for last 1,000,000:   14s.  Last read position: chr17:22,338,897
INFO	2015-04-01 11:27:12	MarkDuplicates	Tracking 411052 as yet unmatched pairs. 26290 records in RAM.
INFO	2015-04-01 11:27:26	MarkDuplicates	Read    48,000,000 records.  Elapsed time: 00:22:22s.  Time for last 1,000,000:   14s.  Last read position: chr17:27,905,728
INFO	2015-04-01 11:27:26	MarkDuplicates	Tracking 416806 as yet unmatched pairs. 19769 records in RAM.
INFO	2015-04-01 11:28:08	MarkDuplicates	Read    49,000,000 records.  Elapsed time: 00:23:05s.  Time for last 1,000,000:   42s.  Last read position: chr17:35,249,962
INFO	2015-04-01 11:28:08	MarkDuplicates	Tracking 416209 as yet unmatched pairs. 12832 records in RAM.
INFO	2015-04-01 11:28:19	MarkDuplicates	Read    50,000,000 records.  Elapsed time: 00:23:17s.  Time for last 1,000,000:   12s.  Last read position: chr17:47,599,100
INFO	2015-04-01 11:28:19	MarkDuplicates	Tracking 422658 as yet unmatched pairs. 10379 records in RAM.
INFO	2015-04-01 11:28:41	MarkDuplicates	Read    51,000,000 records.  Elapsed time: 00:23:36s.  Time for last 1,000,000:   18s.  Last read position: chr17:74,419,573
INFO	2015-04-01 11:28:41	MarkDuplicates	Tracking 421887 as yet unmatched pairs. 2969 records in RAM.
INFO	2015-04-01 11:28:54	MarkDuplicates	Read    52,000,000 records.  Elapsed time: 00:23:50s.  Time for last 1,000,000:   14s.  Last read position: chr18:12,155,419
INFO	2015-04-01 11:28:54	MarkDuplicates	Tracking 421660 as yet unmatched pairs. 18337 records in RAM.
INFO	2015-04-01 11:29:06	MarkDuplicates	Read    53,000,000 records.  Elapsed time: 00:24:02s.  Time for last 1,000,000:   12s.  Last read position: chr18:37,944,155
INFO	2015-04-01 11:29:06	MarkDuplicates	Tracking 421842 as yet unmatched pairs. 10298 records in RAM.
INFO	2015-04-01 11:29:45	MarkDuplicates	Read    54,000,000 records.  Elapsed time: 00:24:42s.  Time for last 1,000,000:   39s.  Last read position: chr18:65,981,193
INFO	2015-04-01 11:29:45	MarkDuplicates	Tracking 429718 as yet unmatched pairs. 3038 records in RAM.
INFO	2015-04-01 11:29:56	MarkDuplicates	Read    55,000,000 records.  Elapsed time: 00:24:54s.  Time for last 1,000,000:   11s.  Last read position: chr19:4,329,179
INFO	2015-04-01 11:29:56	MarkDuplicates	Tracking 430283 as yet unmatched pairs. 16061 records in RAM.
INFO	2015-04-01 11:30:11	MarkDuplicates	Read    56,000,000 records.  Elapsed time: 00:25:07s.  Time for last 1,000,000:   13s.  Last read position: chr19:8,973,053
INFO	2015-04-01 11:30:11	MarkDuplicates	Tracking 432153 as yet unmatched pairs. 15431 records in RAM.
INFO	2015-04-01 11:30:37	MarkDuplicates	Read    57,000,000 records.  Elapsed time: 00:25:35s.  Time for last 1,000,000:   27s.  Last read position: chr19:36,112,389
INFO	2015-04-01 11:30:37	MarkDuplicates	Tracking 439017 as yet unmatched pairs. 10584 records in RAM.
INFO	2015-04-01 11:30:50	MarkDuplicates	Read    58,000,000 records.  Elapsed time: 00:25:49s.  Time for last 1,000,000:   13s.  Last read position: chr19:53,383,679
INFO	2015-04-01 11:30:50	MarkDuplicates	Tracking 436311 as yet unmatched pairs. 4622 records in RAM.
INFO	2015-04-01 11:31:41	MarkDuplicates	Read    59,000,000 records.  Elapsed time: 00:26:39s.  Time for last 1,000,000:   50s.  Last read position: chr2:23,509,422
INFO	2015-04-01 11:31:41	MarkDuplicates	Tracking 441180 as yet unmatched pairs. 36950 records in RAM.
INFO	2015-04-01 11:31:58	MarkDuplicates	Read    60,000,000 records.  Elapsed time: 00:26:54s.  Time for last 1,000,000:   14s.  Last read position: chr2:32,618,529
INFO	2015-04-01 11:31:58	MarkDuplicates	Tracking 448339 as yet unmatched pairs. 33280 records in RAM.
INFO	2015-04-01 11:32:13	MarkDuplicates	Read    61,000,000 records.  Elapsed time: 00:27:09s.  Time for last 1,000,000:   15s.  Last read position: chr2:71,248,793
INFO	2015-04-01 11:32:13	MarkDuplicates	Tracking 446009 as yet unmatched pairs. 26261 records in RAM.
INFO	2015-04-01 11:32:26	MarkDuplicates	Read    62,000,000 records.  Elapsed time: 00:27:23s.  Time for last 1,000,000:   14s.  Last read position: chr2:90,865,690
INFO	2015-04-01 11:32:26	MarkDuplicates	Tracking 449226 as yet unmatched pairs. 21031 records in RAM.
INFO	2015-04-01 11:32:52	MarkDuplicates	Read    63,000,000 records.  Elapsed time: 00:27:50s.  Time for last 1,000,000:   26s.  Last read position: chr2:114,047,587
INFO	2015-04-01 11:32:52	MarkDuplicates	Tracking 495140 as yet unmatched pairs. 64765 records in RAM.
INFO	2015-04-01 11:33:05	MarkDuplicates	Read    64,000,000 records.  Elapsed time: 00:28:03s.  Time for last 1,000,000:   13s.  Last read position: chr2:120,450,854
INFO	2015-04-01 11:33:05	MarkDuplicates	Tracking 449168 as yet unmatched pairs. 17597 records in RAM.
INFO	2015-04-01 11:33:21	MarkDuplicates	Read    65,000,000 records.  Elapsed time: 00:28:17s.  Time for last 1,000,000:   13s.  Last read position: chr2:137,089,051
INFO	2015-04-01 11:33:21	MarkDuplicates	Tracking 449273 as yet unmatched pairs. 11998 records in RAM.
INFO	2015-04-01 11:34:14	MarkDuplicates	Read    66,000,000 records.  Elapsed time: 00:29:10s.  Time for last 1,000,000:   53s.  Last read position: chr2:156,388,559
INFO	2015-04-01 11:34:14	MarkDuplicates	Tracking 448225 as yet unmatched pairs. 7285 records in RAM.
INFO	2015-04-01 11:34:24	MarkDuplicates	Read    67,000,000 records.  Elapsed time: 00:29:23s.  Time for last 1,000,000:   12s.  Last read position: chr2:174,120,998
INFO	2015-04-01 11:34:24	MarkDuplicates	Tracking 447253 as yet unmatched pairs. 2624 records in RAM.
INFO	2015-04-01 11:34:35	MarkDuplicates	Read    68,000,000 records.  Elapsed time: 00:29:34s.  Time for last 1,000,000:   11s.  Last read position: chr3:19,674,166
INFO	2015-04-01 11:34:35	MarkDuplicates	Tracking 448113 as yet unmatched pairs. 59315 records in RAM.
INFO	2015-04-01 11:34:50	MarkDuplicates	Read    69,000,000 records.  Elapsed time: 00:29:44s.  Time for last 1,000,000:    9s.  Last read position: chr3:54,390,465
INFO	2015-04-01 11:34:50	MarkDuplicates	Tracking 441674 as yet unmatched pairs. 43961 records in RAM.
INFO	2015-04-01 11:35:18	MarkDuplicates	Read    70,000,000 records.  Elapsed time: 00:30:13s.  Time for last 1,000,000:   29s.  Last read position: chr3:88,355,587
INFO	2015-04-01 11:35:18	MarkDuplicates	Tracking 428935 as yet unmatched pairs. 26825 records in RAM.
INFO	2015-04-01 11:35:29	MarkDuplicates	Read    71,000,000 records.  Elapsed time: 00:30:27s.  Time for last 1,000,000:   13s.  Last read position: chr3:98,149,503
INFO	2015-04-01 11:35:29	MarkDuplicates	Tracking 425132 as yet unmatched pairs. 18443 records in RAM.
INFO	2015-04-01 11:35:40	MarkDuplicates	Read    72,000,000 records.  Elapsed time: 00:30:39s.  Time for last 1,000,000:   11s.  Last read position: chr3:122,256,863
INFO	2015-04-01 11:35:40	MarkDuplicates	Tracking 423077 as yet unmatched pairs. 13854 records in RAM.
INFO	2015-04-01 11:36:35	MarkDuplicates	Read    73,000,000 records.  Elapsed time: 00:31:30s.  Time for last 1,000,000:   51s.  Last read position: chr3:152,233,901
INFO	2015-04-01 11:36:35	MarkDuplicates	Tracking 426193 as yet unmatched pairs. 846 records in RAM.
INFO	2015-04-01 11:36:49	MarkDuplicates	Read    74,000,000 records.  Elapsed time: 00:31:46s.  Time for last 1,000,000:   16s.  Last read position: chr4:40,976,792
INFO	2015-04-01 11:36:49	MarkDuplicates	Tracking 428567 as yet unmatched pairs. 52801 records in RAM.
INFO	2015-04-01 11:37:02	MarkDuplicates	Read    75,000,000 records.  Elapsed time: 00:31:59s.  Time for last 1,000,000:   12s.  Last read position: chr4:70,249,297
INFO	2015-04-01 11:37:02	MarkDuplicates	Tracking 422020 as yet unmatched pairs. 43597 records in RAM.
INFO	2015-04-01 11:37:16	MarkDuplicates	Read    76,000,000 records.  Elapsed time: 00:32:12s.  Time for last 1,000,000:   12s.  Last read position: chr4:116,641,097
INFO	2015-04-01 11:37:16	MarkDuplicates	Tracking 420327 as yet unmatched pairs. 36929 records in RAM.
INFO	2015-04-01 11:37:44	MarkDuplicates	Read    77,000,000 records.  Elapsed time: 00:32:41s.  Time for last 1,000,000:   29s.  Last read position: chr4:129,322,222
INFO	2015-04-01 11:37:44	MarkDuplicates	Tracking 422806 as yet unmatched pairs. 31357 records in RAM.
INFO	2015-04-01 11:37:58	MarkDuplicates	Read    78,000,000 records.  Elapsed time: 00:32:54s.  Time for last 1,000,000:   13s.  Last read position: chr4:136,051,679
INFO	2015-04-01 11:37:58	MarkDuplicates	Tracking 425006 as yet unmatched pairs. 25501 records in RAM.
INFO	2015-04-01 11:38:10	MarkDuplicates	Read    79,000,000 records.  Elapsed time: 00:33:07s.  Time for last 1,000,000:   12s.  Last read position: chr4:148,465,128
INFO	2015-04-01 11:38:10	MarkDuplicates	Tracking 417527 as yet unmatched pairs. 13482 records in RAM.
INFO	2015-04-01 11:38:23	MarkDuplicates	Read    80,000,000 records.  Elapsed time: 00:33:22s.  Time for last 1,000,000:   14s.  Last read position: chr5:5,782,496
INFO	2015-04-01 11:38:23	MarkDuplicates	Tracking 418036 as yet unmatched pairs. 58960 records in RAM.
INFO	2015-04-01 11:39:38	MarkDuplicates	Read    81,000,000 records.  Elapsed time: 00:34:34s.  Time for last 1,000,000:   72s.  Last read position: chr5:32,655,966
INFO	2015-04-01 11:39:38	MarkDuplicates	Tracking 420773 as yet unmatched pairs. 46595 records in RAM.
INFO	2015-04-01 11:39:52	MarkDuplicates	Read    82,000,000 records.  Elapsed time: 00:34:49s.  Time for last 1,000,000:   14s.  Last read position: chr5:74,318,125
INFO	2015-04-01 11:39:52	MarkDuplicates	Tracking 412711 as yet unmatched pairs. 36839 records in RAM.
INFO	2015-04-01 11:40:05	MarkDuplicates	Read    83,000,000 records.  Elapsed time: 00:35:02s.  Time for last 1,000,000:   13s.  Last read position: chr5:110,127,878
INFO	2015-04-01 11:40:05	MarkDuplicates	Tracking 416670 as yet unmatched pairs. 30256 records in RAM.
INFO	2015-04-01 11:40:17	MarkDuplicates	Read    84,000,000 records.  Elapsed time: 00:35:16s.  Time for last 1,000,000:   13s.  Last read position: chr5:121,679,300
INFO	2015-04-01 11:40:17	MarkDuplicates	Tracking 415950 as yet unmatched pairs. 19468 records in RAM.
INFO	2015-04-01 11:40:29	MarkDuplicates	Read    85,000,000 records.  Elapsed time: 00:35:27s.  Time for last 1,000,000:   11s.  Last read position: chr5:123,730,494
INFO	2015-04-01 11:40:29	MarkDuplicates	Tracking 415452 as yet unmatched pairs. 18090 records in RAM.
INFO	2015-04-01 11:40:54	MarkDuplicates	Read    86,000,000 records.  Elapsed time: 00:35:52s.  Time for last 1,000,000:   25s.  Last read position: chr5:135,244,408
INFO	2015-04-01 11:40:54	MarkDuplicates	Tracking 411386 as yet unmatched pairs. 12250 records in RAM.
INFO	2015-04-01 11:41:09	MarkDuplicates	Read    87,000,000 records.  Elapsed time: 00:36:05s.  Time for last 1,000,000:   13s.  Last read position: chr5:146,835,020
INFO	2015-04-01 11:41:09	MarkDuplicates	Tracking 415113 as yet unmatched pairs. 12254 records in RAM.
INFO	2015-04-01 11:41:26	MarkDuplicates	Read    88,000,000 records.  Elapsed time: 00:36:23s.  Time for last 1,000,000:   17s.  Last read position: chr6:29,927,328
INFO	2015-04-01 11:41:26	MarkDuplicates	Tracking 389937 as yet unmatched pairs. 61368 records in RAM.
INFO	2015-04-01 11:41:40	MarkDuplicates	Read    89,000,000 records.  Elapsed time: 00:36:37s.  Time for last 1,000,000:   14s.  Last read position: chr6:50,565,373
INFO	2015-04-01 11:41:40	MarkDuplicates	Tracking 387802 as yet unmatched pairs. 57150 records in RAM.
INFO	2015-04-01 11:42:55	MarkDuplicates	Read    90,000,000 records.  Elapsed time: 00:37:53s.  Time for last 1,000,000:   75s.  Last read position: chr6:83,801,154
INFO	2015-04-01 11:42:55	MarkDuplicates	Tracking 381780 as yet unmatched pairs. 46986 records in RAM.
INFO	2015-04-01 11:43:08	MarkDuplicates	Read    91,000,000 records.  Elapsed time: 00:38:03s.  Time for last 1,000,000:   10s.  Last read position: chr6:115,807,070
INFO	2015-04-01 11:43:08	MarkDuplicates	Tracking 387455 as yet unmatched pairs. 51580 records in RAM.
INFO	2015-04-01 11:43:21	MarkDuplicates	Read    92,000,000 records.  Elapsed time: 00:38:17s.  Time for last 1,000,000:   13s.  Last read position: chr6:125,162,479
INFO	2015-04-01 11:43:21	MarkDuplicates	Tracking 383403 as yet unmatched pairs. 44693 records in RAM.
INFO	2015-04-01 11:43:32	MarkDuplicates	Read    93,000,000 records.  Elapsed time: 00:38:30s.  Time for last 1,000,000:   13s.  Last read position: chr6:135,020,621
INFO	2015-04-01 11:43:32	MarkDuplicates	Tracking 351885 as yet unmatched pairs. 4328 records in RAM.
INFO	2015-04-01 11:43:46	MarkDuplicates	Read    94,000,000 records.  Elapsed time: 00:38:42s.  Time for last 1,000,000:   12s.  Last read position: chr7:7,289,087
INFO	2015-04-01 11:43:46	MarkDuplicates	Tracking 346215 as yet unmatched pairs. 76543 records in RAM.
INFO	2015-04-01 11:44:18	MarkDuplicates	Read    95,000,000 records.  Elapsed time: 00:39:13s.  Time for last 1,000,000:   31s.  Last read position: chr7:27,910,756
INFO	2015-04-01 11:44:18	MarkDuplicates	Tracking 336998 as yet unmatched pairs. 66198 records in RAM.
INFO	2015-04-01 11:44:31	MarkDuplicates	Read    96,000,000 records.  Elapsed time: 00:39:30s.  Time for last 1,000,000:   16s.  Last read position: chr7:44,983,831
INFO	2015-04-01 11:44:31	MarkDuplicates	Tracking 333043 as yet unmatched pairs. 59183 records in RAM.
INFO	2015-04-01 11:44:45	MarkDuplicates	Read    97,000,000 records.  Elapsed time: 00:39:44s.  Time for last 1,000,000:   13s.  Last read position: chr7:59,229,223
INFO	2015-04-01 11:44:45	MarkDuplicates	Tracking 319392 as yet unmatched pairs. 44838 records in RAM.
INFO	2015-04-01 11:45:01	MarkDuplicates	Read    98,000,000 records.  Elapsed time: 00:39:56s.  Time for last 1,000,000:   12s.  Last read position: chr7:97,407,641
INFO	2015-04-01 11:45:01	MarkDuplicates	Tracking 308825 as yet unmatched pairs. 32844 records in RAM.
INFO	2015-04-01 11:46:20	MarkDuplicates	Read    99,000,000 records.  Elapsed time: 00:41:16s.  Time for last 1,000,000:   80s.  Last read position: chr7:103,852,843
INFO	2015-04-01 11:46:20	MarkDuplicates	Tracking 318478 as yet unmatched pairs. 41821 records in RAM.
INFO	2015-04-01 11:46:35	MarkDuplicates	Read   100,000,000 records.  Elapsed time: 00:41:31s.  Time for last 1,000,000:   15s.  Last read position: chr7:118,120,383
INFO	2015-04-01 11:46:35	MarkDuplicates	Tracking 291722 as yet unmatched pairs. 14557 records in RAM.
INFO	2015-04-01 11:46:50	MarkDuplicates	Read   101,000,000 records.  Elapsed time: 00:41:47s.  Time for last 1,000,000:   15s.  Last read position: chr7:130,539,832
INFO	2015-04-01 11:46:50	MarkDuplicates	Tracking 289887 as yet unmatched pairs. 10032 records in RAM.
INFO	2015-04-01 11:47:04	MarkDuplicates	Read   102,000,000 records.  Elapsed time: 00:42:02s.  Time for last 1,000,000:   14s.  Last read position: chr7:142,576,249
INFO	2015-04-01 11:47:04	MarkDuplicates	Tracking 334461 as yet unmatched pairs. 53263 records in RAM.
INFO	2015-04-01 11:47:32	MarkDuplicates	Read   103,000,000 records.  Elapsed time: 00:42:29s.  Time for last 1,000,000:   27s.  Last read position: chr7:142,651,162
INFO	2015-04-01 11:47:32	MarkDuplicates	Tracking 296130 as yet unmatched pairs. 14674 records in RAM.
INFO	2015-04-01 11:47:49	MarkDuplicates	Read   104,000,000 records.  Elapsed time: 00:42:46s.  Time for last 1,000,000:   16s.  Last read position: chr8:11,613,260
INFO	2015-04-01 11:47:49	MarkDuplicates	Tracking 277009 as yet unmatched pairs. 73459 records in RAM.
INFO	2015-04-01 11:48:01	MarkDuplicates	Read   105,000,000 records.  Elapsed time: 00:43:00s.  Time for last 1,000,000:   13s.  Last read position: chr8:34,165,252
INFO	2015-04-01 11:48:01	MarkDuplicates	Tracking 271773 as yet unmatched pairs. 67474 records in RAM.
INFO	2015-04-01 11:48:14	MarkDuplicates	Read   106,000,000 records.  Elapsed time: 00:43:13s.  Time for last 1,000,000:   13s.  Last read position: chr8:69,936,004
INFO	2015-04-01 11:48:14	MarkDuplicates	Tracking 259752 as yet unmatched pairs. 54225 records in RAM.
INFO	2015-04-01 11:48:30	MarkDuplicates	Read   107,000,000 records.  Elapsed time: 00:43:26s.  Time for last 1,000,000:   13s.  Last read position: chr8:84,670,931
INFO	2015-04-01 11:48:30	MarkDuplicates	Tracking 243493 as yet unmatched pairs. 36263 records in RAM.
INFO	2015-04-01 11:49:27	MarkDuplicates	Read   108,000,000 records.  Elapsed time: 00:44:24s.  Time for last 1,000,000:   58s.  Last read position: chr8:105,700,733
INFO	2015-04-01 11:49:27	MarkDuplicates	Tracking 227722 as yet unmatched pairs. 19771 records in RAM.
INFO	2015-04-01 11:49:37	MarkDuplicates	Read   109,000,000 records.  Elapsed time: 00:44:35s.  Time for last 1,000,000:   10s.  Last read position: chr8:123,231,643
INFO	2015-04-01 11:49:37	MarkDuplicates	Tracking 215663 as yet unmatched pairs. 2073 records in RAM.
INFO	2015-04-01 11:49:53	MarkDuplicates	Read   110,000,000 records.  Elapsed time: 00:44:48s.  Time for last 1,000,000:   12s.  Last read position: chr9:22,247,561
INFO	2015-04-01 11:49:53	MarkDuplicates	Tracking 207012 as yet unmatched pairs. 103703 records in RAM.
INFO	2015-04-01 11:50:06	MarkDuplicates	Read   111,000,000 records.  Elapsed time: 00:45:02s.  Time for last 1,000,000:   14s.  Last read position: chr9:44,743,010
INFO	2015-04-01 11:50:06	MarkDuplicates	Tracking 182761 as yet unmatched pairs. 79297 records in RAM.
INFO	2015-04-01 11:50:30	MarkDuplicates	Read   112,000,000 records.  Elapsed time: 00:45:26s.  Time for last 1,000,000:   24s.  Last read position: chr9:59,656,571
INFO	2015-04-01 11:50:30	MarkDuplicates	Tracking 178676 as yet unmatched pairs. 68315 records in RAM.
INFO	2015-04-01 11:50:40	MarkDuplicates	Read   113,000,000 records.  Elapsed time: 00:45:39s.  Time for last 1,000,000:   12s.  Last read position: chr9:67,031,488
INFO	2015-04-01 11:50:40	MarkDuplicates	Tracking 190642 as yet unmatched pairs. 80117 records in RAM.
INFO	2015-04-01 11:50:51	MarkDuplicates	Read   114,000,000 records.  Elapsed time: 00:45:48s.  Time for last 1,000,000:    9s.  Last read position: chr9:78,478,805
INFO	2015-04-01 11:50:51	MarkDuplicates	Tracking 206922 as yet unmatched pairs. 96240 records in RAM.
INFO	2015-04-01 11:51:03	MarkDuplicates	Read   115,000,000 records.  Elapsed time: 00:45:59s.  Time for last 1,000,000:   10s.  Last read position: chr9:86,757,625
INFO	2015-04-01 11:51:03	MarkDuplicates	Tracking 158847 as yet unmatched pairs. 48086 records in RAM.
INFO	2015-04-01 11:52:17	MarkDuplicates	Read   116,000,000 records.  Elapsed time: 00:47:16s.  Time for last 1,000,000:   76s.  Last read position: chr9:107,616,513
INFO	2015-04-01 11:52:17	MarkDuplicates	Tracking 140357 as yet unmatched pairs. 29373 records in RAM.
INFO	2015-04-01 11:52:27	MarkDuplicates	Read   117,000,000 records.  Elapsed time: 00:47:25s.  Time for last 1,000,000:    9s.  Last read position: chr9:118,049,413
INFO	2015-04-01 11:52:27	MarkDuplicates	Tracking 129379 as yet unmatched pairs. 18223 records in RAM.
INFO	2015-04-01 11:52:37	MarkDuplicates	Read   118,000,000 records.  Elapsed time: 00:47:36s.  Time for last 1,000,000:   10s.  Last read position: chrM:3,116
INFO	2015-04-01 11:52:37	MarkDuplicates	Tracking 141072 as yet unmatched pairs. 73957 records in RAM.
INFO	2015-04-01 11:52:50	MarkDuplicates	Read   119,000,000 records.  Elapsed time: 00:47:47s.  Time for last 1,000,000:   10s.  Last read position: chrM:5,653
INFO	2015-04-01 11:52:50	MarkDuplicates	Tracking 198991 as yet unmatched pairs. 131847 records in RAM.
INFO	2015-04-01 11:53:04	MarkDuplicates	Read   120,000,000 records.  Elapsed time: 00:48:02s.  Time for last 1,000,000:   15s.  Last read position: chrM:6,316
INFO	2015-04-01 11:53:04	MarkDuplicates	Tracking 213571 as yet unmatched pairs. 146401 records in RAM.
INFO	2015-04-01 11:53:33	MarkDuplicates	Read   121,000,000 records.  Elapsed time: 00:48:30s.  Time for last 1,000,000:   27s.  Last read position: chrM:7,108
INFO	2015-04-01 11:53:33	MarkDuplicates	Tracking 197155 as yet unmatched pairs. 129970 records in RAM.
INFO	2015-04-01 11:53:46	MarkDuplicates	Read   122,000,000 records.  Elapsed time: 00:48:45s.  Time for last 1,000,000:   15s.  Last read position: chrM:8,031
INFO	2015-04-01 11:53:46	MarkDuplicates	Tracking 179404 as yet unmatched pairs. 112187 records in RAM.
INFO	2015-04-01 11:53:55	MarkDuplicates	Read   123,000,000 records.  Elapsed time: 00:48:54s.  Time for last 1,000,000:    9s.  Last read position: chrM:9,073
INFO	2015-04-01 11:53:55	MarkDuplicates	Tracking 160461 as yet unmatched pairs. 93221 records in RAM.
INFO	2015-04-01 11:54:05	MarkDuplicates	Read   124,000,000 records.  Elapsed time: 00:49:03s.  Time for last 1,000,000:    8s.  Last read position: chrM:11,380
INFO	2015-04-01 11:54:05	MarkDuplicates	Tracking 97933 as yet unmatched pairs. 30668 records in RAM.
INFO	2015-04-01 11:55:27	MarkDuplicates	Read   125,000,000 records.  Elapsed time: 00:50:23s.  Time for last 1,000,000:   80s.  Last read position: chrM:14,721
INFO	2015-04-01 11:55:27	MarkDuplicates	Tracking 113389 as yet unmatched pairs. 46080 records in RAM.
INFO	2015-04-01 11:55:40	MarkDuplicates	Read   126,000,000 records.  Elapsed time: 00:50:36s.  Time for last 1,000,000:   13s.  Last read position: chrX:37,084,069
INFO	2015-04-01 11:55:40	MarkDuplicates	Tracking 62323 as yet unmatched pairs. 56942 records in RAM.
INFO	2015-04-01 11:55:53	MarkDuplicates	Read   127,000,000 records.  Elapsed time: 00:50:49s.  Time for last 1,000,000:   12s.  Last read position: chrX:75,108,967
INFO	2015-04-01 11:55:53	MarkDuplicates	Tracking 41380 as yet unmatched pairs. 35972 records in RAM.
INFO	2015-04-01 11:56:04	MarkDuplicates	Read   128,000,000 records.  Elapsed time: 00:51:02s.  Time for last 1,000,000:   12s.  Last read position: chrX:106,203,415
INFO	2015-04-01 11:56:04	MarkDuplicates	Tracking 28408 as yet unmatched pairs. 22980 records in RAM.
INFO	2015-04-01 11:56:33	MarkDuplicates	Read   129,000,000 records.  Elapsed time: 00:51:31s.  Time for last 1,000,000:   29s.  Last read position: chrX:157,446,092
INFO	2015-04-01 11:56:33	MarkDuplicates	Tracking 8182 as yet unmatched pairs. 2698 records in RAM.
INFO	2015-04-01 11:56:38	MarkDuplicates	Read 129528112 records. 0 pairs never matched.
INFO	2015-04-01 11:57:40	MarkDuplicates	After buildSortedReadEndLists freeMemory: 14163222512; totalMemory: 28079751168; maxMemory: 38177538048
INFO	2015-04-01 11:57:40	MarkDuplicates	Will retain up to 1193048064 duplicate indices before spilling to disk.
INFO	2015-04-01 11:57:44	MarkDuplicates	Traversing read pair information and detecting duplicates.
INFO	2015-04-01 11:59:09	MarkDuplicates	Traversing fragment information and detecting duplicates.
INFO	2015-04-01 12:01:40	MarkDuplicates	Sorting list of duplicate records.
INFO	2015-04-01 12:01:56	MarkDuplicates	After generateDuplicateIndexes freeMemory: 18350300488; totalMemory: 28079751168; maxMemory: 38177538048
INFO	2015-04-01 12:01:56	MarkDuplicates	Marking 30186570 records as duplicates.
INFO	2015-04-01 12:01:56	MarkDuplicates	Found 9484899 optical duplicate clusters.
INFO	2015-04-01 12:07:53	MarkDuplicates	Written    10,000,000 records.  Elapsed time: 00:05:56s.  Time for last 10,000,000:  356s.  Last read position: chr10:79,320,791
INFO	2015-04-01 12:14:00	MarkDuplicates	Written    20,000,000 records.  Elapsed time: 00:12:04s.  Time for last 10,000,000:  367s.  Last read position: chr11:78,182,949
INFO	2015-04-01 12:20:19	MarkDuplicates	Written    30,000,000 records.  Elapsed time: 00:18:22s.  Time for last 10,000,000:  378s.  Last read position: chr13:55,699,947
INFO	2015-04-01 12:26:26	MarkDuplicates	Written    40,000,000 records.  Elapsed time: 00:24:30s.  Time for last 10,000,000:  367s.  Last read position: chr15:79,828,062
INFO	2015-04-01 12:32:26	MarkDuplicates	Written    50,000,000 records.  Elapsed time: 00:30:30s.  Time for last 10,000,000:  359s.  Last read position: chr17:47,599,100
INFO	2015-04-01 12:38:43	MarkDuplicates	Written    60,000,000 records.  Elapsed time: 00:36:47s.  Time for last 10,000,000:  376s.  Last read position: chr2:32,618,529
INFO	2015-04-01 12:44:30	MarkDuplicates	Written    70,000,000 records.  Elapsed time: 00:42:33s.  Time for last 10,000,000:  346s.  Last read position: chr3:88,355,587
INFO	2015-04-01 12:50:12	MarkDuplicates	Written    80,000,000 records.  Elapsed time: 00:48:16s.  Time for last 10,000,000:  342s.  Last read position: chr5:5,782,496
INFO	2015-04-01 12:56:15	MarkDuplicates	Written    90,000,000 records.  Elapsed time: 00:54:19s.  Time for last 10,000,000:  363s.  Last read position: chr6:83,801,154
INFO	2015-04-01 13:02:08	MarkDuplicates	Written   100,000,000 records.  Elapsed time: 01:00:12s.  Time for last 10,000,000:  352s.  Last read position: chr7:118,120,383
INFO	2015-04-01 13:08:00	MarkDuplicates	Written   110,000,000 records.  Elapsed time: 01:06:04s.  Time for last 10,000,000:  352s.  Last read position: chr9:22,247,561
INFO	2015-04-01 13:13:42	MarkDuplicates	Written   120,000,000 records.  Elapsed time: 01:11:46s.  Time for last 10,000,000:  342s.  Last read position: chrM:6,316
INFO	2015-04-01 13:19:12	MarkDuplicates	Before output close freeMemory: 27744007744; totalMemory: 28013559808; maxMemory: 38177538048
INFO	2015-04-01 13:19:16	MarkDuplicates	After output close freeMemory: 27528944120; totalMemory: 27798274048; maxMemory: 38177538048
[Wed Apr 01 13:19:17 EDT 2015] net.sf.picard.sam.MarkDuplicates done. Elapsed time: 134.31 minutes.
Runtime.totalMemory()=27798274048
