[Wed Apr 01 11:04:56 EDT 2015] net.sf.picard.sam.MarkDuplicates INPUT=[/n/rinn_data1/users/agroff/seq/OtherMice/Diana/lincP21/bam/JR920/accepted_hits_sorted_picard.bam] OUTPUT=/n/rinn_data1/users/agroff/seq/OtherMice/Diana/lincP21/bam/JR920/accepted_hits_sorted_duplicates_marked.bam METRICS_FILE=dup_metrics.txt    PROGRAM_RECORD_ID=MarkDuplicates PROGRAM_GROUP_NAME=MarkDuplicates REMOVE_DUPLICATES=false ASSUME_SORTED=false MAX_SEQUENCES_FOR_DISK_READ_ENDS_MAP=50000 MAX_FILE_HANDLES_FOR_READ_ENDS_MAP=8000 SORTING_COLLECTION_SIZE_RATIO=0.25 READ_NAME_REGEX=[a-zA-Z0-9]+:[0-9]:([0-9]+):([0-9]+):([0-9]+).* OPTICAL_DUPLICATE_PIXEL_DISTANCE=100 VERBOSITY=INFO QUIET=false VALIDATION_STRINGENCY=STRICT COMPRESSION_LEVEL=5 MAX_RECORDS_IN_RAM=500000 CREATE_INDEX=false CREATE_MD5_FILE=false
[Wed Apr 01 11:04:56 EDT 2015] Executing as agroff@holy2a02108.rc.fas.harvard.edu on Linux 2.6.32-431.17.1.el6.x86_64 amd64; Java HotSpot(TM) 64-Bit Server VM 1.6.0_11-b03; Picard version: 1.98(1547)
INFO	2015-04-01 11:04:57	MarkDuplicates	Start of doWork freeMemory: 8556744; totalMemory: 9109504; maxMemory: 38177538048
INFO	2015-04-01 11:04:57	MarkDuplicates	Reading input file and constructing read end information.
INFO	2015-04-01 11:04:57	MarkDuplicates	Will retain up to 151498166 data points before spilling to disk.
INFO	2015-04-01 11:06:18	MarkDuplicates	Read     1,000,000 records.  Elapsed time: 00:01:19s.  Time for last 1,000,000:   79s.  Last read position: chr1:45,335,152
INFO	2015-04-01 11:06:18	MarkDuplicates	Tracking 36030 as yet unmatched pairs. 1766 records in RAM.
INFO	2015-04-01 11:06:49	MarkDuplicates	Read     2,000,000 records.  Elapsed time: 00:01:50s.  Time for last 1,000,000:   31s.  Last read position: chr1:72,863,896
INFO	2015-04-01 11:06:49	MarkDuplicates	Tracking 45657 as yet unmatched pairs. 1594 records in RAM.
INFO	2015-04-01 11:07:18	MarkDuplicates	Read     3,000,000 records.  Elapsed time: 00:02:18s.  Time for last 1,000,000:   27s.  Last read position: chr1:93,422,116
INFO	2015-04-01 11:07:18	MarkDuplicates	Tracking 52902 as yet unmatched pairs. 1201 records in RAM.
INFO	2015-04-01 11:07:47	MarkDuplicates	Read     4,000,000 records.  Elapsed time: 00:02:46s.  Time for last 1,000,000:   28s.  Last read position: chr1:135,799,462
INFO	2015-04-01 11:07:47	MarkDuplicates	Tracking 71567 as yet unmatched pairs. 6429 records in RAM.
INFO	2015-04-01 11:08:25	MarkDuplicates	Read     5,000,000 records.  Elapsed time: 00:03:14s.  Time for last 1,000,000:   28s.  Last read position: chr1:153,332,338
INFO	2015-04-01 11:08:25	MarkDuplicates	Tracking 69305 as yet unmatched pairs. 509 records in RAM.
INFO	2015-04-01 11:09:04	MarkDuplicates	Read     6,000,000 records.  Elapsed time: 00:03:52s.  Time for last 1,000,000:   37s.  Last read position: chr1:178,330,751
INFO	2015-04-01 11:09:04	MarkDuplicates	Tracking 77881 as yet unmatched pairs. 1879 records in RAM.
INFO	2015-04-01 11:09:44	MarkDuplicates	Read     7,000,000 records.  Elapsed time: 00:04:33s.  Time for last 1,000,000:   40s.  Last read position: chr10:14,403,945
INFO	2015-04-01 11:09:44	MarkDuplicates	Tracking 86558 as yet unmatched pairs. 4068 records in RAM.
INFO	2015-04-01 11:10:23	MarkDuplicates	Read     8,000,000 records.  Elapsed time: 00:05:16s.  Time for last 1,000,000:   42s.  Last read position: chr10:57,517,248
INFO	2015-04-01 11:10:23	MarkDuplicates	Tracking 101380 as yet unmatched pairs. 4572 records in RAM.
INFO	2015-04-01 11:11:02	MarkDuplicates	Read     9,000,000 records.  Elapsed time: 00:05:52s.  Time for last 1,000,000:   35s.  Last read position: chr10:79,866,928
INFO	2015-04-01 11:11:02	MarkDuplicates	Tracking 106716 as yet unmatched pairs. 3627 records in RAM.
INFO	2015-04-01 11:11:42	MarkDuplicates	Read    10,000,000 records.  Elapsed time: 00:06:40s.  Time for last 1,000,000:   47s.  Last read position: chr10:86,349,171
INFO	2015-04-01 11:11:42	MarkDuplicates	Tracking 110345 as yet unmatched pairs. 3473 records in RAM.
INFO	2015-04-01 11:12:16	MarkDuplicates	Read    11,000,000 records.  Elapsed time: 00:07:06s.  Time for last 1,000,000:   26s.  Last read position: chr10:122,995,587
INFO	2015-04-01 11:12:16	MarkDuplicates	Tracking 119899 as yet unmatched pairs. 925 records in RAM.
INFO	2015-04-01 11:12:51	MarkDuplicates	Read    12,000,000 records.  Elapsed time: 00:07:48s.  Time for last 1,000,000:   41s.  Last read position: chr10:128,911,586
INFO	2015-04-01 11:12:51	MarkDuplicates	Tracking 127833 as yet unmatched pairs. 914 records in RAM.
INFO	2015-04-01 11:13:29	MarkDuplicates	Read    13,000,000 records.  Elapsed time: 00:08:16s.  Time for last 1,000,000:   28s.  Last read position: chr11:11,970,497
INFO	2015-04-01 11:13:29	MarkDuplicates	Tracking 148018 as yet unmatched pairs. 7631 records in RAM.
INFO	2015-04-01 11:14:04	MarkDuplicates	Read    14,000,000 records.  Elapsed time: 00:08:54s.  Time for last 1,000,000:   37s.  Last read position: chr11:32,284,348
INFO	2015-04-01 11:14:04	MarkDuplicates	Tracking 188940 as yet unmatched pairs. 45465 records in RAM.
INFO	2015-04-01 11:14:39	MarkDuplicates	Read    15,000,000 records.  Elapsed time: 00:09:33s.  Time for last 1,000,000:   38s.  Last read position: chr11:51,275,442
INFO	2015-04-01 11:14:39	MarkDuplicates	Tracking 155553 as yet unmatched pairs. 5931 records in RAM.
INFO	2015-04-01 11:15:13	MarkDuplicates	Read    16,000,000 records.  Elapsed time: 00:10:01s.  Time for last 1,000,000:   28s.  Last read position: chr11:60,731,800
INFO	2015-04-01 11:15:14	MarkDuplicates	Tracking 158711 as yet unmatched pairs. 5516 records in RAM.
INFO	2015-04-01 11:15:47	MarkDuplicates	Read    17,000,000 records.  Elapsed time: 00:10:46s.  Time for last 1,000,000:   44s.  Last read position: chr11:69,991,656
INFO	2015-04-01 11:15:47	MarkDuplicates	Tracking 162378 as yet unmatched pairs. 5545 records in RAM.
INFO	2015-04-01 11:16:32	MarkDuplicates	Read    18,000,000 records.  Elapsed time: 00:11:10s.  Time for last 1,000,000:   24s.  Last read position: chr11:79,014,573
INFO	2015-04-01 11:16:32	MarkDuplicates	Tracking 166743 as yet unmatched pairs. 3477 records in RAM.
INFO	2015-04-01 11:17:11	MarkDuplicates	Read    19,000,000 records.  Elapsed time: 00:12:02s.  Time for last 1,000,000:   52s.  Last read position: chr11:97,137,342
INFO	2015-04-01 11:17:11	MarkDuplicates	Tracking 173211 as yet unmatched pairs. 2230 records in RAM.
INFO	2015-04-01 11:17:51	MarkDuplicates	Read    20,000,000 records.  Elapsed time: 00:12:36s.  Time for last 1,000,000:   34s.  Last read position: chr11:102,685,139
INFO	2015-04-01 11:17:51	MarkDuplicates	Tracking 181781 as yet unmatched pairs. 1671 records in RAM.
INFO	2015-04-01 11:18:20	MarkDuplicates	Read    21,000,000 records.  Elapsed time: 00:13:17s.  Time for last 1,000,000:   40s.  Last read position: chr11:116,023,362
INFO	2015-04-01 11:18:20	MarkDuplicates	Tracking 191158 as yet unmatched pairs. 1869 records in RAM.
INFO	2015-04-01 11:19:05	MarkDuplicates	Read    22,000,000 records.  Elapsed time: 00:13:43s.  Time for last 1,000,000:   25s.  Last read position: chr12:8,938,382
INFO	2015-04-01 11:19:05	MarkDuplicates	Tracking 199970 as yet unmatched pairs. 6037 records in RAM.
INFO	2015-04-01 11:19:46	MarkDuplicates	Read    23,000,000 records.  Elapsed time: 00:14:44s.  Time for last 1,000,000:   60s.  Last read position: chr12:54,861,117
INFO	2015-04-01 11:19:46	MarkDuplicates	Tracking 222980 as yet unmatched pairs. 4889 records in RAM.
INFO	2015-04-01 11:20:21	MarkDuplicates	Read    24,000,000 records.  Elapsed time: 00:15:07s.  Time for last 1,000,000:   23s.  Last read position: chr12:84,016,885
INFO	2015-04-01 11:20:21	MarkDuplicates	Tracking 236557 as yet unmatched pairs. 2734 records in RAM.
INFO	2015-04-01 11:20:56	MarkDuplicates	Read    25,000,000 records.  Elapsed time: 00:15:42s.  Time for last 1,000,000:   35s.  Last read position: chr12:111,790,271
INFO	2015-04-01 11:20:56	MarkDuplicates	Tracking 239943 as yet unmatched pairs. 509 records in RAM.
INFO	2015-04-01 11:21:39	MarkDuplicates	Read    26,000,000 records.  Elapsed time: 00:16:28s.  Time for last 1,000,000:   45s.  Last read position: chr13:34,076,184
INFO	2015-04-01 11:21:39	MarkDuplicates	Tracking 250214 as yet unmatched pairs. 11190 records in RAM.
INFO	2015-04-01 11:22:20	MarkDuplicates	Read    27,000,000 records.  Elapsed time: 00:17:11s.  Time for last 1,000,000:   43s.  Last read position: chr13:58,394,585
INFO	2015-04-01 11:22:20	MarkDuplicates	Tracking 262728 as yet unmatched pairs. 10265 records in RAM.
INFO	2015-04-01 11:22:56	MarkDuplicates	Read    28,000,000 records.  Elapsed time: 00:17:40s.  Time for last 1,000,000:   29s.  Last read position: chr13:95,602,658
INFO	2015-04-01 11:22:56	MarkDuplicates	Tracking 277580 as yet unmatched pairs. 2389 records in RAM.
INFO	2015-04-01 11:23:53	MarkDuplicates	Read    29,000,000 records.  Elapsed time: 00:18:30s.  Time for last 1,000,000:   49s.  Last read position: chr14:11,280,759
INFO	2015-04-01 11:23:53	MarkDuplicates	Tracking 291636 as yet unmatched pairs. 26036 records in RAM.
INFO	2015-04-01 11:24:14	MarkDuplicates	Read    30,000,000 records.  Elapsed time: 00:19:07s.  Time for last 1,000,000:   36s.  Last read position: chr14:31,138,450
INFO	2015-04-01 11:24:14	MarkDuplicates	Tracking 306887 as yet unmatched pairs. 17319 records in RAM.
INFO	2015-04-01 11:24:52	MarkDuplicates	Read    31,000,000 records.  Elapsed time: 00:19:40s.  Time for last 1,000,000:   32s.  Last read position: chr14:54,428,604
INFO	2015-04-01 11:24:52	MarkDuplicates	Tracking 312029 as yet unmatched pairs. 10273 records in RAM.
INFO	2015-04-01 11:25:34	MarkDuplicates	Read    32,000,000 records.  Elapsed time: 00:20:19s.  Time for last 1,000,000:   39s.  Last read position: chr14:54,986,517
INFO	2015-04-01 11:25:34	MarkDuplicates	Tracking 324697 as yet unmatched pairs. 21621 records in RAM.
INFO	2015-04-01 11:26:18	MarkDuplicates	Read    33,000,000 records.  Elapsed time: 00:21:06s.  Time for last 1,000,000:   46s.  Last read position: chr14:73,162,084
INFO	2015-04-01 11:26:18	MarkDuplicates	Tracking 317014 as yet unmatched pairs. 7114 records in RAM.
INFO	2015-04-01 11:27:08	MarkDuplicates	Read    34,000,000 records.  Elapsed time: 00:21:52s.  Time for last 1,000,000:   46s.  Last read position: chr15:5,117,378
INFO	2015-04-01 11:27:08	MarkDuplicates	Tracking 329428 as yet unmatched pairs. 18524 records in RAM.
INFO	2015-04-01 11:27:52	MarkDuplicates	Read    35,000,000 records.  Elapsed time: 00:22:42s.  Time for last 1,000,000:   50s.  Last read position: chr15:58,875,033
INFO	2015-04-01 11:27:52	MarkDuplicates	Tracking 322806 as yet unmatched pairs. 4629 records in RAM.
INFO	2015-04-01 11:28:49	MarkDuplicates	Read    36,000,000 records.  Elapsed time: 00:23:37s.  Time for last 1,000,000:   54s.  Last read position: chr15:80,080,909
INFO	2015-04-01 11:28:49	MarkDuplicates	Tracking 330948 as yet unmatched pairs. 9226 records in RAM.
INFO	2015-04-01 11:29:10	MarkDuplicates	Read    37,000,000 records.  Elapsed time: 00:24:06s.  Time for last 1,000,000:   29s.  Last read position: chr15:98,645,436
INFO	2015-04-01 11:29:10	MarkDuplicates	Tracking 328709 as yet unmatched pairs. 1341 records in RAM.
INFO	2015-04-01 11:29:52	MarkDuplicates	Read    38,000,000 records.  Elapsed time: 00:24:42s.  Time for last 1,000,000:   35s.  Last read position: chr15:100,618,097
INFO	2015-04-01 11:29:52	MarkDuplicates	Tracking 332611 as yet unmatched pairs. 1111 records in RAM.
INFO	2015-04-01 11:30:09	MarkDuplicates	Read    39,000,000 records.  Elapsed time: 00:25:08s.  Time for last 1,000,000:   25s.  Last read position: chr16:16,453,995
INFO	2015-04-01 11:30:09	MarkDuplicates	Tracking 344134 as yet unmatched pairs. 10574 records in RAM.
INFO	2015-04-01 11:30:49	MarkDuplicates	Read    40,000,000 records.  Elapsed time: 00:25:33s.  Time for last 1,000,000:   25s.  Last read position: chr16:36,891,792
INFO	2015-04-01 11:30:49	MarkDuplicates	Tracking 347427 as yet unmatched pairs. 6196 records in RAM.
INFO	2015-04-01 11:31:21	MarkDuplicates	Read    41,000,000 records.  Elapsed time: 00:26:14s.  Time for last 1,000,000:   41s.  Last read position: chr16:91,563,008
INFO	2015-04-01 11:31:21	MarkDuplicates	Tracking 353664 as yet unmatched pairs. 1420 records in RAM.
INFO	2015-04-01 11:32:12	MarkDuplicates	Read    42,000,000 records.  Elapsed time: 00:26:59s.  Time for last 1,000,000:   44s.  Last read position: chr17:12,820,296
INFO	2015-04-01 11:32:12	MarkDuplicates	Tracking 357210 as yet unmatched pairs. 24411 records in RAM.
INFO	2015-04-01 11:32:38	MarkDuplicates	Read    43,000,000 records.  Elapsed time: 00:27:31s.  Time for last 1,000,000:   31s.  Last read position: chr17:26,655,992
INFO	2015-04-01 11:32:38	MarkDuplicates	Tracking 361635 as yet unmatched pairs. 18417 records in RAM.
INFO	2015-04-01 11:33:03	MarkDuplicates	Read    44,000,000 records.  Elapsed time: 00:27:54s.  Time for last 1,000,000:   22s.  Last read position: chr17:35,060,224
INFO	2015-04-01 11:33:03	MarkDuplicates	Tracking 361699 as yet unmatched pairs. 11385 records in RAM.
INFO	2015-04-01 11:33:27	MarkDuplicates	Read    45,000,000 records.  Elapsed time: 00:28:27s.  Time for last 1,000,000:   32s.  Last read position: chr17:47,488,850
INFO	2015-04-01 11:33:27	MarkDuplicates	Tracking 365761 as yet unmatched pairs. 7613 records in RAM.
INFO	2015-04-01 11:33:39	MarkDuplicates	Read    46,000,000 records.  Elapsed time: 00:28:40s.  Time for last 1,000,000:   13s.  Last read position: chr17:78,655,082
INFO	2015-04-01 11:33:39	MarkDuplicates	Tracking 367632 as yet unmatched pairs. 2533 records in RAM.
INFO	2015-04-01 11:34:27	MarkDuplicates	Read    47,000,000 records.  Elapsed time: 00:29:21s.  Time for last 1,000,000:   41s.  Last read position: chr18:23,893,168
INFO	2015-04-01 11:34:27	MarkDuplicates	Tracking 368442 as yet unmatched pairs. 15144 records in RAM.
INFO	2015-04-01 11:35:09	MarkDuplicates	Read    48,000,000 records.  Elapsed time: 00:29:51s.  Time for last 1,000,000:   29s.  Last read position: chr18:48,047,236
INFO	2015-04-01 11:35:09	MarkDuplicates	Tracking 371705 as yet unmatched pairs. 9950 records in RAM.
INFO	2015-04-01 11:36:09	MarkDuplicates	Read    49,000,000 records.  Elapsed time: 00:30:56s.  Time for last 1,000,000:   64s.  Last read position: chr18:77,777,624
INFO	2015-04-01 11:36:09	MarkDuplicates	Tracking 382560 as yet unmatched pairs. 8668 records in RAM.
INFO	2015-04-01 11:36:49	MarkDuplicates	Read    50,000,000 records.  Elapsed time: 00:31:44s.  Time for last 1,000,000:   48s.  Last read position: chr19:6,364,056
INFO	2015-04-01 11:36:49	MarkDuplicates	Tracking 373476 as yet unmatched pairs. 11804 records in RAM.
INFO	2015-04-01 11:37:20	MarkDuplicates	Read    51,000,000 records.  Elapsed time: 00:32:15s.  Time for last 1,000,000:   31s.  Last read position: chr19:25,422,321
INFO	2015-04-01 11:37:20	MarkDuplicates	Tracking 375682 as yet unmatched pairs. 7064 records in RAM.
INFO	2015-04-01 11:38:21	MarkDuplicates	Read    52,000,000 records.  Elapsed time: 00:33:18s.  Time for last 1,000,000:   62s.  Last read position: chr19:46,313,174
INFO	2015-04-01 11:38:21	MarkDuplicates	Tracking 378826 as yet unmatched pairs. 4334 records in RAM.
INFO	2015-04-01 11:38:58	MarkDuplicates	Read    53,000,000 records.  Elapsed time: 00:33:53s.  Time for last 1,000,000:   34s.  Last read position: chr2:18,672,510
INFO	2015-04-01 11:38:58	MarkDuplicates	Tracking 377526 as yet unmatched pairs. 33881 records in RAM.
INFO	2015-04-01 11:39:45	MarkDuplicates	Read    54,000,000 records.  Elapsed time: 00:34:20s.  Time for last 1,000,000:   27s.  Last read position: chr2:32,307,160
INFO	2015-04-01 11:39:45	MarkDuplicates	Tracking 388899 as yet unmatched pairs. 28969 records in RAM.
INFO	2015-04-01 11:40:15	MarkDuplicates	Read    55,000,000 records.  Elapsed time: 00:35:08s.  Time for last 1,000,000:   47s.  Last read position: chr2:71,901,043
INFO	2015-04-01 11:40:15	MarkDuplicates	Tracking 386502 as yet unmatched pairs. 22362 records in RAM.
INFO	2015-04-01 11:40:51	MarkDuplicates	Read    56,000,000 records.  Elapsed time: 00:35:40s.  Time for last 1,000,000:   32s.  Last read position: chr2:91,131,602
INFO	2015-04-01 11:40:51	MarkDuplicates	Tracking 392782 as yet unmatched pairs. 21343 records in RAM.
INFO	2015-04-01 11:41:10	MarkDuplicates	Read    57,000,000 records.  Elapsed time: 00:36:07s.  Time for last 1,000,000:   26s.  Last read position: chr2:114,049,573
INFO	2015-04-01 11:41:10	MarkDuplicates	Tracking 420153 as yet unmatched pairs. 46720 records in RAM.
INFO	2015-04-01 11:42:03	MarkDuplicates	Read    58,000,000 records.  Elapsed time: 00:37:00s.  Time for last 1,000,000:   52s.  Last read position: chr2:125,673,747
INFO	2015-04-01 11:42:03	MarkDuplicates	Tracking 393555 as yet unmatched pairs. 15888 records in RAM.
INFO	2015-04-01 11:42:18	MarkDuplicates	Read    59,000,000 records.  Elapsed time: 00:37:18s.  Time for last 1,000,000:   18s.  Last read position: chr2:152,829,972
INFO	2015-04-01 11:42:18	MarkDuplicates	Tracking 389793 as yet unmatched pairs. 8943 records in RAM.
INFO	2015-04-01 11:42:32	MarkDuplicates	Read    60,000,000 records.  Elapsed time: 00:37:33s.  Time for last 1,000,000:   14s.  Last read position: chr2:164,896,297
INFO	2015-04-01 11:42:32	MarkDuplicates	Tracking 387949 as yet unmatched pairs. 3668 records in RAM.
INFO	2015-04-01 11:42:58	MarkDuplicates	Read    61,000,000 records.  Elapsed time: 00:37:51s.  Time for last 1,000,000:   17s.  Last read position: chr2:181,853,115
INFO	2015-04-01 11:42:58	MarkDuplicates	Tracking 389479 as yet unmatched pairs. 306 records in RAM.
INFO	2015-04-01 11:43:28	MarkDuplicates	Read    62,000,000 records.  Elapsed time: 00:38:28s.  Time for last 1,000,000:   36s.  Last read position: chr3:54,365,964
INFO	2015-04-01 11:43:28	MarkDuplicates	Tracking 383677 as yet unmatched pairs. 36801 records in RAM.
INFO	2015-04-01 11:43:55	MarkDuplicates	Read    63,000,000 records.  Elapsed time: 00:38:45s.  Time for last 1,000,000:   17s.  Last read position: chr3:88,636,095
INFO	2015-04-01 11:43:55	MarkDuplicates	Tracking 373154 as yet unmatched pairs. 22243 records in RAM.
INFO	2015-04-01 11:44:15	MarkDuplicates	Read    64,000,000 records.  Elapsed time: 00:39:09s.  Time for last 1,000,000:   23s.  Last read position: chr3:101,590,509
INFO	2015-04-01 11:44:15	MarkDuplicates	Tracking 371507 as yet unmatched pairs. 15984 records in RAM.
INFO	2015-04-01 11:45:23	MarkDuplicates	Read    65,000,000 records.  Elapsed time: 00:40:11s.  Time for last 1,000,000:   62s.  Last read position: chr3:131,235,564
INFO	2015-04-01 11:45:23	MarkDuplicates	Tracking 365477 as yet unmatched pairs. 6138 records in RAM.
INFO	2015-04-01 11:45:45	MarkDuplicates	Read    66,000,000 records.  Elapsed time: 00:40:43s.  Time for last 1,000,000:   31s.  Last read position: chr4:8,169,653
INFO	2015-04-01 11:45:45	MarkDuplicates	Tracking 374028 as yet unmatched pairs. 48947 records in RAM.
INFO	2015-04-01 11:46:25	MarkDuplicates	Read    67,000,000 records.  Elapsed time: 00:41:04s.  Time for last 1,000,000:   21s.  Last read position: chr4:48,219,492
INFO	2015-04-01 11:46:26	MarkDuplicates	Tracking 369752 as yet unmatched pairs. 41913 records in RAM.
INFO	2015-04-01 11:47:17	MarkDuplicates	Read    68,000,000 records.  Elapsed time: 00:41:59s.  Time for last 1,000,000:   55s.  Last read position: chr4:108,718,057
INFO	2015-04-01 11:47:17	MarkDuplicates	Tracking 366071 as yet unmatched pairs. 32871 records in RAM.
INFO	2015-04-01 11:47:57	MarkDuplicates	Read    69,000,000 records.  Elapsed time: 00:42:54s.  Time for last 1,000,000:   54s.  Last read position: chr4:126,677,816
INFO	2015-04-01 11:47:57	MarkDuplicates	Tracking 368203 as yet unmatched pairs. 28084 records in RAM.
INFO	2015-04-01 11:48:37	MarkDuplicates	Read    70,000,000 records.  Elapsed time: 00:43:20s.  Time for last 1,000,000:   26s.  Last read position: chr4:136,010,264
INFO	2015-04-01 11:48:37	MarkDuplicates	Tracking 368585 as yet unmatched pairs. 21320 records in RAM.
INFO	2015-04-01 11:49:10	MarkDuplicates	Read    71,000,000 records.  Elapsed time: 00:44:00s.  Time for last 1,000,000:   39s.  Last read position: chr4:148,616,775
INFO	2015-04-01 11:49:10	MarkDuplicates	Tracking 364213 as yet unmatched pairs. 12491 records in RAM.
INFO	2015-04-01 11:50:12	MarkDuplicates	Read    72,000,000 records.  Elapsed time: 00:45:13s.  Time for last 1,000,000:   72s.  Last read position: chr5:12,586,080
INFO	2015-04-01 11:50:12	MarkDuplicates	Tracking 368843 as yet unmatched pairs. 47915 records in RAM.
INFO	2015-04-01 11:50:25	MarkDuplicates	Read    73,000,000 records.  Elapsed time: 00:45:24s.  Time for last 1,000,000:   11s.  Last read position: chr5:35,091,971
INFO	2015-04-01 11:50:25	MarkDuplicates	Tracking 364940 as yet unmatched pairs. 38949 records in RAM.
INFO	2015-04-01 11:50:40	MarkDuplicates	Read    74,000,000 records.  Elapsed time: 00:45:37s.  Time for last 1,000,000:   12s.  Last read position: chr5:92,444,213
INFO	2015-04-01 11:50:40	MarkDuplicates	Tracking 358642 as yet unmatched pairs. 31022 records in RAM.
INFO	2015-04-01 11:51:02	MarkDuplicates	Read    75,000,000 records.  Elapsed time: 00:45:58s.  Time for last 1,000,000:   21s.  Last read position: chr5:115,560,791
INFO	2015-04-01 11:51:02	MarkDuplicates	Tracking 368827 as yet unmatched pairs. 31287 records in RAM.
INFO	2015-04-01 11:51:25	MarkDuplicates	Read    76,000,000 records.  Elapsed time: 00:46:20s.  Time for last 1,000,000:   21s.  Last read position: chr5:122,321,490
INFO	2015-04-01 11:51:25	MarkDuplicates	Tracking 361477 as yet unmatched pairs. 16703 records in RAM.
INFO	2015-04-01 11:51:54	MarkDuplicates	Read    77,000,000 records.  Elapsed time: 00:46:53s.  Time for last 1,000,000:   32s.  Last read position: chr5:129,899,376
INFO	2015-04-01 11:51:54	MarkDuplicates	Tracking 359917 as yet unmatched pairs. 13573 records in RAM.
INFO	2015-04-01 11:52:13	MarkDuplicates	Read    78,000,000 records.  Elapsed time: 00:47:09s.  Time for last 1,000,000:   16s.  Last read position: chr5:143,709,177
INFO	2015-04-01 11:52:13	MarkDuplicates	Tracking 356097 as yet unmatched pairs. 6219 records in RAM.
INFO	2015-04-01 11:52:35	MarkDuplicates	Read    79,000,000 records.  Elapsed time: 00:47:27s.  Time for last 1,000,000:   17s.  Last read position: chr6:29,414,903
INFO	2015-04-01 11:52:35	MarkDuplicates	Tracking 339422 as yet unmatched pairs. 54586 records in RAM.
INFO	2015-04-01 11:52:58	MarkDuplicates	Read    80,000,000 records.  Elapsed time: 00:47:52s.  Time for last 1,000,000:   25s.  Last read position: chr6:50,565,517
INFO	2015-04-01 11:52:58	MarkDuplicates	Tracking 337557 as yet unmatched pairs. 50725 records in RAM.
INFO	2015-04-01 11:53:55	MarkDuplicates	Read    81,000,000 records.  Elapsed time: 00:48:54s.  Time for last 1,000,000:   61s.  Last read position: chr6:86,387,637
INFO	2015-04-01 11:53:55	MarkDuplicates	Tracking 331399 as yet unmatched pairs. 40991 records in RAM.
INFO	2015-04-01 11:54:15	MarkDuplicates	Read    82,000,000 records.  Elapsed time: 00:49:11s.  Time for last 1,000,000:   17s.  Last read position: chr6:118,588,460
INFO	2015-04-01 11:54:15	MarkDuplicates	Tracking 325153 as yet unmatched pairs. 33535 records in RAM.
INFO	2015-04-01 11:54:38	MarkDuplicates	Read    83,000,000 records.  Elapsed time: 00:49:31s.  Time for last 1,000,000:   20s.  Last read position: chr6:125,163,248
INFO	2015-04-01 11:54:38	MarkDuplicates	Tracking 334069 as yet unmatched pairs. 36446 records in RAM.
INFO	2015-04-01 11:55:03	MarkDuplicates	Read    84,000,000 records.  Elapsed time: 00:49:55s.  Time for last 1,000,000:   24s.  Last read position: chr7:3,111,312
INFO	2015-04-01 11:55:03	MarkDuplicates	Tracking 302811 as yet unmatched pairs. 69178 records in RAM.
INFO	2015-04-01 11:55:30	MarkDuplicates	Read    85,000,000 records.  Elapsed time: 00:50:31s.  Time for last 1,000,000:   36s.  Last read position: chr7:19,637,099
INFO	2015-04-01 11:55:30	MarkDuplicates	Tracking 297762 as yet unmatched pairs. 63042 records in RAM.
INFO	2015-04-01 11:55:53	MarkDuplicates	Read    86,000,000 records.  Elapsed time: 00:50:52s.  Time for last 1,000,000:   20s.  Last read position: chr7:34,230,092
INFO	2015-04-01 11:55:53	MarkDuplicates	Tracking 294630 as yet unmatched pairs. 57008 records in RAM.
INFO	2015-04-01 11:56:18	MarkDuplicates	Read    87,000,000 records.  Elapsed time: 00:51:13s.  Time for last 1,000,000:   20s.  Last read position: chr7:46,855,252
INFO	2015-04-01 11:56:18	MarkDuplicates	Tracking 287142 as yet unmatched pairs. 48718 records in RAM.
INFO	2015-04-01 11:56:45	MarkDuplicates	Read    88,000,000 records.  Elapsed time: 00:51:40s.  Time for last 1,000,000:   27s.  Last read position: chr7:90,455,516
INFO	2015-04-01 11:56:45	MarkDuplicates	Tracking 272374 as yet unmatched pairs. 32558 records in RAM.
INFO	2015-04-01 11:57:11	MarkDuplicates	Read    89,000,000 records.  Elapsed time: 00:52:03s.  Time for last 1,000,000:   23s.  Last read position: chr7:105,555,352
INFO	2015-04-01 11:57:11	MarkDuplicates	Tracking 265314 as yet unmatched pairs. 24801 records in RAM.
INFO	2015-04-01 11:58:52	MarkDuplicates	Read    90,000,000 records.  Elapsed time: 00:53:40s.  Time for last 1,000,000:   96s.  Last read position: chr7:122,012,204
INFO	2015-04-01 11:58:52	MarkDuplicates	Tracking 252624 as yet unmatched pairs. 11569 records in RAM.
INFO	2015-04-01 11:59:18	MarkDuplicates	Read    91,000,000 records.  Elapsed time: 00:54:11s.  Time for last 1,000,000:   30s.  Last read position: chr7:139,579,195
INFO	2015-04-01 11:59:18	MarkDuplicates	Tracking 251003 as yet unmatched pairs. 6597 records in RAM.
INFO	2015-04-01 11:59:40	MarkDuplicates	Read    92,000,000 records.  Elapsed time: 00:54:34s.  Time for last 1,000,000:   22s.  Last read position: chr7:142,577,170
INFO	2015-04-01 11:59:40	MarkDuplicates	Tracking 275003 as yet unmatched pairs. 30210 records in RAM.
INFO	2015-04-01 12:00:00	MarkDuplicates	Read    93,000,000 records.  Elapsed time: 00:54:52s.  Time for last 1,000,000:   18s.  Last read position: chr7:143,067,466
INFO	2015-04-01 12:00:00	MarkDuplicates	Tracking 248527 as yet unmatched pairs. 3355 records in RAM.
INFO	2015-04-01 12:00:38	MarkDuplicates	Read    94,000,000 records.  Elapsed time: 00:55:29s.  Time for last 1,000,000:   36s.  Last read position: chr8:22,938,414
INFO	2015-04-01 12:00:38	MarkDuplicates	Tracking 237137 as yet unmatched pairs. 61007 records in RAM.
INFO	2015-04-01 12:01:04	MarkDuplicates	Read    95,000,000 records.  Elapsed time: 00:55:55s.  Time for last 1,000,000:   26s.  Last read position: chr8:61,226,204
INFO	2015-04-01 12:01:04	MarkDuplicates	Tracking 228130 as yet unmatched pairs. 50940 records in RAM.
INFO	2015-04-01 12:01:29	MarkDuplicates	Read    96,000,000 records.  Elapsed time: 00:56:21s.  Time for last 1,000,000:   26s.  Last read position: chr8:83,611,346
INFO	2015-04-01 12:01:29	MarkDuplicates	Tracking 211126 as yet unmatched pairs. 32264 records in RAM.
INFO	2015-04-01 12:01:57	MarkDuplicates	Read    97,000,000 records.  Elapsed time: 00:56:50s.  Time for last 1,000,000:   29s.  Last read position: chr8:105,670,284
INFO	2015-04-01 12:01:57	MarkDuplicates	Tracking 196795 as yet unmatched pairs. 17228 records in RAM.
INFO	2015-04-01 12:03:19	MarkDuplicates	Read    98,000,000 records.  Elapsed time: 00:58:12s.  Time for last 1,000,000:   81s.  Last read position: chr8:123,938,206
INFO	2015-04-01 12:03:19	MarkDuplicates	Tracking 186018 as yet unmatched pairs. 1351 records in RAM.
INFO	2015-04-01 12:03:43	MarkDuplicates	Read    99,000,000 records.  Elapsed time: 00:58:37s.  Time for last 1,000,000:   25s.  Last read position: chr9:30,943,439
INFO	2015-04-01 12:03:43	MarkDuplicates	Tracking 177688 as yet unmatched pairs. 91622 records in RAM.
INFO	2015-04-01 12:04:05	MarkDuplicates	Read   100,000,000 records.  Elapsed time: 00:59:03s.  Time for last 1,000,000:   25s.  Last read position: chr9:50,596,392
INFO	2015-04-01 12:04:05	MarkDuplicates	Tracking 159471 as yet unmatched pairs. 67892 records in RAM.
INFO	2015-04-01 12:04:16	MarkDuplicates	Read   101,000,000 records.  Elapsed time: 00:59:17s.  Time for last 1,000,000:   14s.  Last read position: chr9:62,373,669
INFO	2015-04-01 12:04:16	MarkDuplicates	Tracking 147623 as yet unmatched pairs. 55823 records in RAM.
INFO	2015-04-01 12:04:29	MarkDuplicates	Read   102,000,000 records.  Elapsed time: 00:59:27s.  Time for last 1,000,000:    9s.  Last read position: chr9:72,721,539
INFO	2015-04-01 12:04:29	MarkDuplicates	Tracking 144792 as yet unmatched pairs. 52833 records in RAM.
INFO	2015-04-01 12:04:54	MarkDuplicates	Read   103,000,000 records.  Elapsed time: 00:59:53s.  Time for last 1,000,000:   26s.  Last read position: chr9:78,480,417
INFO	2015-04-01 12:04:54	MarkDuplicates	Tracking 186247 as yet unmatched pairs. 94167 records in RAM.
INFO	2015-04-01 12:05:09	MarkDuplicates	Read   104,000,000 records.  Elapsed time: 01:00:07s.  Time for last 1,000,000:   14s.  Last read position: chr9:106,431,140
INFO	2015-04-01 12:05:09	MarkDuplicates	Tracking 123319 as yet unmatched pairs. 31022 records in RAM.
INFO	2015-04-01 12:05:23	MarkDuplicates	Read   105,000,000 records.  Elapsed time: 01:00:23s.  Time for last 1,000,000:   15s.  Last read position: chr9:114,914,392
INFO	2015-04-01 12:05:23	MarkDuplicates	Tracking 112309 as yet unmatched pairs. 19828 records in RAM.
INFO	2015-04-01 12:05:34	MarkDuplicates	Read   106,000,000 records.  Elapsed time: 01:00:34s.  Time for last 1,000,000:   11s.  Last read position: chrM:3,318
INFO	2015-04-01 12:05:34	MarkDuplicates	Tracking 122012 as yet unmatched pairs. 64297 records in RAM.
INFO	2015-04-01 12:06:33	MarkDuplicates	Read   107,000,000 records.  Elapsed time: 01:01:34s.  Time for last 1,000,000:   59s.  Last read position: chrM:5,956
INFO	2015-04-01 12:06:33	MarkDuplicates	Tracking 161082 as yet unmatched pairs. 103327 records in RAM.
INFO	2015-04-01 12:06:50	MarkDuplicates	Read   108,000,000 records.  Elapsed time: 01:01:49s.  Time for last 1,000,000:   15s.  Last read position: chrM:6,734
INFO	2015-04-01 12:06:50	MarkDuplicates	Tracking 151892 as yet unmatched pairs. 94104 records in RAM.
INFO	2015-04-01 12:07:00	MarkDuplicates	Read   109,000,000 records.  Elapsed time: 01:02:01s.  Time for last 1,000,000:   12s.  Last read position: chrM:8,043
INFO	2015-04-01 12:07:00	MarkDuplicates	Tracking 148445 as yet unmatched pairs. 90624 records in RAM.
INFO	2015-04-01 12:07:11	MarkDuplicates	Read   110,000,000 records.  Elapsed time: 01:02:11s.  Time for last 1,000,000:    9s.  Last read position: chrM:9,902
INFO	2015-04-01 12:07:11	MarkDuplicates	Tracking 77687 as yet unmatched pairs. 19848 records in RAM.
INFO	2015-04-01 12:07:30	MarkDuplicates	Read   111,000,000 records.  Elapsed time: 01:02:32s.  Time for last 1,000,000:   20s.  Last read position: chrM:14,027
INFO	2015-04-01 12:07:30	MarkDuplicates	Tracking 66838 as yet unmatched pairs. 8942 records in RAM.
INFO	2015-04-01 12:07:44	MarkDuplicates	Read   112,000,000 records.  Elapsed time: 01:02:44s.  Time for last 1,000,000:   12s.  Last read position: chrX:25,391,692
INFO	2015-04-01 12:07:44	MarkDuplicates	Tracking 52706 as yet unmatched pairs. 47803 records in RAM.
INFO	2015-04-01 12:07:56	MarkDuplicates	Read   113,000,000 records.  Elapsed time: 01:02:58s.  Time for last 1,000,000:   13s.  Last read position: chrX:74,331,373
INFO	2015-04-01 12:07:56	MarkDuplicates	Tracking 36259 as yet unmatched pairs. 31312 records in RAM.
INFO	2015-04-01 12:08:10	MarkDuplicates	Read   114,000,000 records.  Elapsed time: 01:03:11s.  Time for last 1,000,000:   13s.  Last read position: chrX:114,474,677
INFO	2015-04-01 12:08:10	MarkDuplicates	Tracking 20824 as yet unmatched pairs. 15853 records in RAM.
INFO	2015-04-01 12:08:23	MarkDuplicates	Read   115,000,000 records.  Elapsed time: 01:03:24s.  Time for last 1,000,000:   13s.  Last read position: chrX:164,454,878
INFO	2015-04-01 12:08:23	MarkDuplicates	Tracking 5814 as yet unmatched pairs. 801 records in RAM.
INFO	2015-04-01 12:08:26	MarkDuplicates	Read 115234817 records. 0 pairs never matched.
INFO	2015-04-01 12:09:27	MarkDuplicates	After buildSortedReadEndLists freeMemory: 13749991416; totalMemory: 26444496896; maxMemory: 38177538048
INFO	2015-04-01 12:09:27	MarkDuplicates	Will retain up to 1193048064 duplicate indices before spilling to disk.
INFO	2015-04-01 12:09:30	MarkDuplicates	Traversing read pair information and detecting duplicates.
INFO	2015-04-01 12:10:24	MarkDuplicates	Traversing fragment information and detecting duplicates.
INFO	2015-04-01 12:11:52	MarkDuplicates	Sorting list of duplicate records.
INFO	2015-04-01 12:12:03	MarkDuplicates	After generateDuplicateIndexes freeMemory: 16716160736; totalMemory: 26444496896; maxMemory: 38177538048
INFO	2015-04-01 12:12:03	MarkDuplicates	Marking 24518602 records as duplicates.
INFO	2015-04-01 12:12:03	MarkDuplicates	Found 7562556 optical duplicate clusters.
INFO	2015-04-01 12:18:20	MarkDuplicates	Written    10,000,000 records.  Elapsed time: 00:06:12s.  Time for last 10,000,000:  372s.  Last read position: chr10:86,349,171
INFO	2015-04-01 12:25:42	MarkDuplicates	Written    20,000,000 records.  Elapsed time: 00:13:39s.  Time for last 10,000,000:  446s.  Last read position: chr11:102,685,139
INFO	2015-04-01 12:31:59	MarkDuplicates	Written    30,000,000 records.  Elapsed time: 00:19:52s.  Time for last 10,000,000:  373s.  Last read position: chr14:31,138,450
INFO	2015-04-01 12:37:52	MarkDuplicates	Written    40,000,000 records.  Elapsed time: 00:25:48s.  Time for last 10,000,000:  355s.  Last read position: chr16:36,891,792
INFO	2015-04-01 12:44:35	MarkDuplicates	Written    50,000,000 records.  Elapsed time: 00:32:21s.  Time for last 10,000,000:  392s.  Last read position: chr19:6,364,056
INFO	2015-04-01 12:50:45	MarkDuplicates	Written    60,000,000 records.  Elapsed time: 00:38:41s.  Time for last 10,000,000:  380s.  Last read position: chr2:164,896,297
INFO	2015-04-01 12:57:25	MarkDuplicates	Written    70,000,000 records.  Elapsed time: 00:45:17s.  Time for last 10,000,000:  396s.  Last read position: chr4:136,010,264
INFO	2015-04-01 13:03:46	MarkDuplicates	Written    80,000,000 records.  Elapsed time: 00:51:42s.  Time for last 10,000,000:  384s.  Last read position: chr6:50,565,517
INFO	2015-04-01 13:10:31	MarkDuplicates	Written    90,000,000 records.  Elapsed time: 00:58:28s.  Time for last 10,000,000:  405s.  Last read position: chr7:122,012,204
INFO	2015-04-01 13:15:23	MarkDuplicates	Written   100,000,000 records.  Elapsed time: 01:03:20s.  Time for last 10,000,000:  291s.  Last read position: chr9:50,596,392
INFO	2015-04-01 13:20:28	MarkDuplicates	Written   110,000,000 records.  Elapsed time: 01:08:21s.  Time for last 10,000,000:  301s.  Last read position: chrM:9,902
INFO	2015-04-01 13:23:10	MarkDuplicates	Before output close freeMemory: 26133878424; totalMemory: 26403667968; maxMemory: 38177538048
INFO	2015-04-01 13:23:19	MarkDuplicates	After output close freeMemory: 25878156808; totalMemory: 26147946496; maxMemory: 38177538048
[Wed Apr 01 13:23:19 EDT 2015] net.sf.picard.sam.MarkDuplicates done. Elapsed time: 138.37 minutes.
Runtime.totalMemory()=26147946496
