[Wed Apr 01 11:05:01 EDT 2015] net.sf.picard.sam.MarkDuplicates INPUT=[/n/rinn_data1/users/agroff/seq/OtherMice/Diana/lincP21/bam/JR920/rmdup_accepted_hits_sorted_picard.bam] OUTPUT=/n/rinn_data1/users/agroff/seq/OtherMice/Diana/lincP21/bam/JR920/rmdup_accepted_hits_sorted_duplicates_marked.bam METRICS_FILE=dup_metrics.txt    PROGRAM_RECORD_ID=MarkDuplicates PROGRAM_GROUP_NAME=MarkDuplicates REMOVE_DUPLICATES=false ASSUME_SORTED=false MAX_SEQUENCES_FOR_DISK_READ_ENDS_MAP=50000 MAX_FILE_HANDLES_FOR_READ_ENDS_MAP=8000 SORTING_COLLECTION_SIZE_RATIO=0.25 READ_NAME_REGEX=[a-zA-Z0-9]+:[0-9]:([0-9]+):([0-9]+):([0-9]+).* OPTICAL_DUPLICATE_PIXEL_DISTANCE=100 VERBOSITY=INFO QUIET=false VALIDATION_STRINGENCY=STRICT COMPRESSION_LEVEL=5 MAX_RECORDS_IN_RAM=500000 CREATE_INDEX=false CREATE_MD5_FILE=false
[Wed Apr 01 11:05:01 EDT 2015] Executing as agroff@holy2a09102.rc.fas.harvard.edu on Linux 2.6.32-431.17.1.el6.x86_64 amd64; Java HotSpot(TM) 64-Bit Server VM 1.6.0_11-b03; Picard version: 1.98(1547)
INFO	2015-04-01 11:05:01	MarkDuplicates	Start of doWork freeMemory: 8608880; totalMemory: 9109504; maxMemory: 38177538048
INFO	2015-04-01 11:05:01	MarkDuplicates	Reading input file and constructing read end information.
INFO	2015-04-01 11:05:01	MarkDuplicates	Will retain up to 151498166 data points before spilling to disk.
INFO	2015-04-01 11:06:34	MarkDuplicates	Read     1,000,000 records.  Elapsed time: 00:01:31s.  Time for last 1,000,000:   91s.  Last read position: chr1:52,795,737
INFO	2015-04-01 11:06:34	MarkDuplicates	Tracking 36861 as yet unmatched pairs. 567 records in RAM.
INFO	2015-04-01 11:07:06	MarkDuplicates	Read     2,000,000 records.  Elapsed time: 00:02:03s.  Time for last 1,000,000:   32s.  Last read position: chr1:82,287,603
INFO	2015-04-01 11:07:06	MarkDuplicates	Tracking 46492 as yet unmatched pairs. 694 records in RAM.
INFO	2015-04-01 11:07:35	MarkDuplicates	Read     3,000,000 records.  Elapsed time: 00:02:29s.  Time for last 1,000,000:   26s.  Last read position: chr1:128,334,874
INFO	2015-04-01 11:07:35	MarkDuplicates	Tracking 62067 as yet unmatched pairs. 1158 records in RAM.
INFO	2015-04-01 11:08:02	MarkDuplicates	Read     4,000,000 records.  Elapsed time: 00:02:59s.  Time for last 1,000,000:   30s.  Last read position: chr1:155,221,350
INFO	2015-04-01 11:08:02	MarkDuplicates	Tracking 72373 as yet unmatched pairs. 3243 records in RAM.
INFO	2015-04-01 11:08:27	MarkDuplicates	Read     5,000,000 records.  Elapsed time: 00:03:19s.  Time for last 1,000,000:   20s.  Last read position: chr1:180,811,893
INFO	2015-04-01 11:08:27	MarkDuplicates	Tracking 85958 as yet unmatched pairs. 5951 records in RAM.
INFO	2015-04-01 11:08:55	MarkDuplicates	Read     6,000,000 records.  Elapsed time: 00:03:52s.  Time for last 1,000,000:   32s.  Last read position: chr10:29,699,287
INFO	2015-04-01 11:08:55	MarkDuplicates	Tracking 99613 as yet unmatched pairs. 4364 records in RAM.
INFO	2015-04-01 11:09:17	MarkDuplicates	Read     7,000,000 records.  Elapsed time: 00:04:14s.  Time for last 1,000,000:   21s.  Last read position: chr10:71,330,713
INFO	2015-04-01 11:09:17	MarkDuplicates	Tracking 107396 as yet unmatched pairs. 4048 records in RAM.
INFO	2015-04-01 11:09:39	MarkDuplicates	Read     8,000,000 records.  Elapsed time: 00:04:36s.  Time for last 1,000,000:   21s.  Last read position: chr10:81,531,329
INFO	2015-04-01 11:09:39	MarkDuplicates	Tracking 112097 as yet unmatched pairs. 4200 records in RAM.
INFO	2015-04-01 11:09:57	MarkDuplicates	Read     9,000,000 records.  Elapsed time: 00:04:51s.  Time for last 1,000,000:   15s.  Last read position: chr10:120,229,025
INFO	2015-04-01 11:09:57	MarkDuplicates	Tracking 123681 as yet unmatched pairs. 1917 records in RAM.
INFO	2015-04-01 11:10:20	MarkDuplicates	Read    10,000,000 records.  Elapsed time: 00:05:17s.  Time for last 1,000,000:   25s.  Last read position: chr11:5,105,268
INFO	2015-04-01 11:10:20	MarkDuplicates	Tracking 138687 as yet unmatched pairs. 6317 records in RAM.
INFO	2015-04-01 11:10:41	MarkDuplicates	Read    11,000,000 records.  Elapsed time: 00:05:37s.  Time for last 1,000,000:   20s.  Last read position: chr11:31,920,536
INFO	2015-04-01 11:10:41	MarkDuplicates	Tracking 154066 as yet unmatched pairs. 6289 records in RAM.
INFO	2015-04-01 11:11:00	MarkDuplicates	Read    12,000,000 records.  Elapsed time: 00:05:52s.  Time for last 1,000,000:   14s.  Last read position: chr11:53,420,774
INFO	2015-04-01 11:11:00	MarkDuplicates	Tracking 181664 as yet unmatched pairs. 26651 records in RAM.
INFO	2015-04-01 11:11:25	MarkDuplicates	Read    13,000,000 records.  Elapsed time: 00:06:21s.  Time for last 1,000,000:   28s.  Last read position: chr11:68,801,651
INFO	2015-04-01 11:11:25	MarkDuplicates	Tracking 196413 as yet unmatched pairs. 36415 records in RAM.
INFO	2015-04-01 11:11:47	MarkDuplicates	Read    14,000,000 records.  Elapsed time: 00:06:43s.  Time for last 1,000,000:   22s.  Last read position: chr11:78,057,752
INFO	2015-04-01 11:11:47	MarkDuplicates	Tracking 200805 as yet unmatched pairs. 36252 records in RAM.
INFO	2015-04-01 11:12:07	MarkDuplicates	Read    15,000,000 records.  Elapsed time: 00:07:00s.  Time for last 1,000,000:   16s.  Last read position: chr11:96,073,610
INFO	2015-04-01 11:12:07	MarkDuplicates	Tracking 211940 as yet unmatched pairs. 36968 records in RAM.
INFO	2015-04-01 11:12:38	MarkDuplicates	Read    16,000,000 records.  Elapsed time: 00:07:32s.  Time for last 1,000,000:   31s.  Last read position: chr11:104,577,488
INFO	2015-04-01 11:12:38	MarkDuplicates	Tracking 225439 as yet unmatched pairs. 40292 records in RAM.
INFO	2015-04-01 11:12:55	MarkDuplicates	Read    17,000,000 records.  Elapsed time: 00:07:50s.  Time for last 1,000,000:   18s.  Last read position: chr11:120,346,236
INFO	2015-04-01 11:12:55	MarkDuplicates	Tracking 231631 as yet unmatched pairs. 35081 records in RAM.
INFO	2015-04-01 11:13:25	MarkDuplicates	Read    18,000,000 records.  Elapsed time: 00:08:18s.  Time for last 1,000,000:   27s.  Last read position: chr12:30,002,851
INFO	2015-04-01 11:13:25	MarkDuplicates	Tracking 255448 as yet unmatched pairs. 4932 records in RAM.
INFO	2015-04-01 11:13:41	MarkDuplicates	Read    19,000,000 records.  Elapsed time: 00:08:37s.  Time for last 1,000,000:   19s.  Last read position: chr12:76,921,165
INFO	2015-04-01 11:13:41	MarkDuplicates	Tracking 271482 as yet unmatched pairs. 3233 records in RAM.
INFO	2015-04-01 11:13:55	MarkDuplicates	Read    20,000,000 records.  Elapsed time: 00:08:49s.  Time for last 1,000,000:   12s.  Last read position: chr12:110,693,469
INFO	2015-04-01 11:13:55	MarkDuplicates	Tracking 278384 as yet unmatched pairs. 2590 records in RAM.
INFO	2015-04-01 11:14:24	MarkDuplicates	Read    21,000,000 records.  Elapsed time: 00:09:16s.  Time for last 1,000,000:   26s.  Last read position: chr13:34,075,127
INFO	2015-04-01 11:14:24	MarkDuplicates	Tracking 287140 as yet unmatched pairs. 10709 records in RAM.
INFO	2015-04-01 11:14:43	MarkDuplicates	Read    22,000,000 records.  Elapsed time: 00:09:36s.  Time for last 1,000,000:   20s.  Last read position: chr13:62,175,114
INFO	2015-04-01 11:14:43	MarkDuplicates	Tracking 300405 as yet unmatched pairs. 8171 records in RAM.
INFO	2015-04-01 11:15:11	MarkDuplicates	Read    23,000,000 records.  Elapsed time: 00:10:06s.  Time for last 1,000,000:   29s.  Last read position: chr13:100,779,710
INFO	2015-04-01 11:15:11	MarkDuplicates	Tracking 322103 as yet unmatched pairs. 2108 records in RAM.
INFO	2015-04-01 11:15:25	MarkDuplicates	Read    24,000,000 records.  Elapsed time: 00:10:21s.  Time for last 1,000,000:   15s.  Last read position: chr14:20,531,009
INFO	2015-04-01 11:15:25	MarkDuplicates	Tracking 347763 as yet unmatched pairs. 23446 records in RAM.
INFO	2015-04-01 11:15:43	MarkDuplicates	Read    25,000,000 records.  Elapsed time: 00:10:35s.  Time for last 1,000,000:   13s.  Last read position: chr14:45,595,287
INFO	2015-04-01 11:15:43	MarkDuplicates	Tracking 346225 as yet unmatched pairs. 10628 records in RAM.
INFO	2015-04-01 11:16:14	MarkDuplicates	Read    26,000,000 records.  Elapsed time: 00:11:07s.  Time for last 1,000,000:   32s.  Last read position: chr14:54,989,047
INFO	2015-04-01 11:16:14	MarkDuplicates	Tracking 366828 as yet unmatched pairs. 25606 records in RAM.
INFO	2015-04-01 11:16:29	MarkDuplicates	Read    27,000,000 records.  Elapsed time: 00:11:24s.  Time for last 1,000,000:   16s.  Last read position: chr14:76,237,053
INFO	2015-04-01 11:16:29	MarkDuplicates	Tracking 370889 as yet unmatched pairs. 20174 records in RAM.
INFO	2015-04-01 11:16:48	MarkDuplicates	Read    28,000,000 records.  Elapsed time: 00:11:43s.  Time for last 1,000,000:   19s.  Last read position: chr15:36,600,870
INFO	2015-04-01 11:16:48	MarkDuplicates	Tracking 378654 as yet unmatched pairs. 10582 records in RAM.
INFO	2015-04-01 11:17:17	MarkDuplicates	Read    29,000,000 records.  Elapsed time: 00:12:10s.  Time for last 1,000,000:   27s.  Last read position: chr15:79,077,023
INFO	2015-04-01 11:17:17	MarkDuplicates	Tracking 376628 as yet unmatched pairs. 4217 records in RAM.
INFO	2015-04-01 11:17:33	MarkDuplicates	Read    30,000,000 records.  Elapsed time: 00:12:26s.  Time for last 1,000,000:   15s.  Last read position: chr15:97,698,962
INFO	2015-04-01 11:17:33	MarkDuplicates	Tracking 380301 as yet unmatched pairs. 1599 records in RAM.
INFO	2015-04-01 11:17:50	MarkDuplicates	Read    31,000,000 records.  Elapsed time: 00:12:44s.  Time for last 1,000,000:   17s.  Last read position: chr15:103,198,815
INFO	2015-04-01 11:17:50	MarkDuplicates	Tracking 400582 as yet unmatched pairs. 12493 records in RAM.
INFO	2015-04-01 11:18:06	MarkDuplicates	Read    32,000,000 records.  Elapsed time: 00:13:01s.  Time for last 1,000,000:   17s.  Last read position: chr16:20,684,418
INFO	2015-04-01 11:18:06	MarkDuplicates	Tracking 410024 as yet unmatched pairs. 8380 records in RAM.
INFO	2015-04-01 11:18:38	MarkDuplicates	Read    33,000,000 records.  Elapsed time: 00:13:31s.  Time for last 1,000,000:   30s.  Last read position: chr16:57,391,560
INFO	2015-04-01 11:18:38	MarkDuplicates	Tracking 415806 as yet unmatched pairs. 4997 records in RAM.
INFO	2015-04-01 11:18:53	MarkDuplicates	Read    34,000,000 records.  Elapsed time: 00:13:48s.  Time for last 1,000,000:   16s.  Last read position: chr17:7,300,993
INFO	2015-04-01 11:18:53	MarkDuplicates	Tracking 423272 as yet unmatched pairs. 27021 records in RAM.
INFO	2015-04-01 11:19:11	MarkDuplicates	Read    35,000,000 records.  Elapsed time: 00:14:05s.  Time for last 1,000,000:   17s.  Last read position: chr17:25,851,865
INFO	2015-04-01 11:19:11	MarkDuplicates	Tracking 426177 as yet unmatched pairs. 20052 records in RAM.
INFO	2015-04-01 11:19:27	MarkDuplicates	Read    36,000,000 records.  Elapsed time: 00:14:20s.  Time for last 1,000,000:   15s.  Last read position: chr17:35,244,263
INFO	2015-04-01 11:19:27	MarkDuplicates	Tracking 427211 as yet unmatched pairs. 12535 records in RAM.
INFO	2015-04-01 11:20:00	MarkDuplicates	Read    37,000,000 records.  Elapsed time: 00:14:55s.  Time for last 1,000,000:   34s.  Last read position: chr17:56,714,441
INFO	2015-04-01 11:20:00	MarkDuplicates	Tracking 431902 as yet unmatched pairs. 6496 records in RAM.
INFO	2015-04-01 11:20:13	MarkDuplicates	Read    38,000,000 records.  Elapsed time: 00:15:09s.  Time for last 1,000,000:   14s.  Last read position: chr18:3,512,360
INFO	2015-04-01 11:20:13	MarkDuplicates	Tracking 434304 as yet unmatched pairs. 20192 records in RAM.
INFO	2015-04-01 11:20:35	MarkDuplicates	Read    39,000,000 records.  Elapsed time: 00:15:27s.  Time for last 1,000,000:   18s.  Last read position: chr18:36,756,622
INFO	2015-04-01 11:20:35	MarkDuplicates	Tracking 432884 as yet unmatched pairs. 9668 records in RAM.
INFO	2015-04-01 11:20:47	MarkDuplicates	Read    40,000,000 records.  Elapsed time: 00:15:44s.  Time for last 1,000,000:   16s.  Last read position: chr18:73,638,968
INFO	2015-04-01 11:20:47	MarkDuplicates	Tracking 441236 as yet unmatched pairs. 1912 records in RAM.
INFO	2015-04-01 11:21:18	MarkDuplicates	Read    41,000,000 records.  Elapsed time: 00:16:12s.  Time for last 1,000,000:   28s.  Last read position: chr19:6,912,827
INFO	2015-04-01 11:21:18	MarkDuplicates	Tracking 440317 as yet unmatched pairs. 11829 records in RAM.
INFO	2015-04-01 11:21:35	MarkDuplicates	Read    42,000,000 records.  Elapsed time: 00:16:27s.  Time for last 1,000,000:   15s.  Last read position: chr19:34,246,120
INFO	2015-04-01 11:21:35	MarkDuplicates	Tracking 449305 as yet unmatched pairs. 10229 records in RAM.
INFO	2015-04-01 11:21:54	MarkDuplicates	Read    43,000,000 records.  Elapsed time: 00:16:48s.  Time for last 1,000,000:   20s.  Last read position: chr19:60,761,328
INFO	2015-04-01 11:21:54	MarkDuplicates	Tracking 444527 as yet unmatched pairs. 1164 records in RAM.
INFO	2015-04-01 11:22:08	MarkDuplicates	Read    44,000,000 records.  Elapsed time: 00:17:04s.  Time for last 1,000,000:   16s.  Last read position: chr2:29,063,313
INFO	2015-04-01 11:22:08	MarkDuplicates	Tracking 454759 as yet unmatched pairs. 29790 records in RAM.
INFO	2015-04-01 11:22:41	MarkDuplicates	Read    45,000,000 records.  Elapsed time: 00:17:38s.  Time for last 1,000,000:   34s.  Last read position: chr2:60,751,225
INFO	2015-04-01 11:22:41	MarkDuplicates	Tracking 453539 as yet unmatched pairs. 23561 records in RAM.
INFO	2015-04-01 11:22:55	MarkDuplicates	Read    46,000,000 records.  Elapsed time: 00:17:50s.  Time for last 1,000,000:   11s.  Last read position: chr2:91,119,295
INFO	2015-04-01 11:22:55	MarkDuplicates	Tracking 458834 as yet unmatched pairs. 20408 records in RAM.
INFO	2015-04-01 11:23:08	MarkDuplicates	Read    47,000,000 records.  Elapsed time: 00:18:03s.  Time for last 1,000,000:   13s.  Last read position: chr2:119,675,247
INFO	2015-04-01 11:23:08	MarkDuplicates	Tracking 457783 as yet unmatched pairs. 16551 records in RAM.
INFO	2015-04-01 11:23:28	MarkDuplicates	Read    48,000,000 records.  Elapsed time: 00:18:21s.  Time for last 1,000,000:   17s.  Last read position: chr2:145,931,417
INFO	2015-04-01 11:23:28	MarkDuplicates	Tracking 457976 as yet unmatched pairs. 11026 records in RAM.
INFO	2015-04-01 11:23:43	MarkDuplicates	Read    49,000,000 records.  Elapsed time: 00:18:37s.  Time for last 1,000,000:   16s.  Last read position: chr2:163,721,212
INFO	2015-04-01 11:23:43	MarkDuplicates	Tracking 456916 as yet unmatched pairs. 5778 records in RAM.
INFO	2015-04-01 11:24:21	MarkDuplicates	Read    50,000,000 records.  Elapsed time: 00:19:17s.  Time for last 1,000,000:   40s.  Last read position: chr3:5,860,469
INFO	2015-04-01 11:24:21	MarkDuplicates	Tracking 458631 as yet unmatched pairs. 51448 records in RAM.
INFO	2015-04-01 11:24:33	MarkDuplicates	Read    51,000,000 records.  Elapsed time: 00:19:29s.  Time for last 1,000,000:   11s.  Last read position: chr3:58,461,741
INFO	2015-04-01 11:24:33	MarkDuplicates	Tracking 449462 as yet unmatched pairs. 32674 records in RAM.
INFO	2015-04-01 11:24:48	MarkDuplicates	Read    52,000,000 records.  Elapsed time: 00:19:41s.  Time for last 1,000,000:   12s.  Last read position: chr3:90,613,810
INFO	2015-04-01 11:24:48	MarkDuplicates	Tracking 442212 as yet unmatched pairs. 20066 records in RAM.
INFO	2015-04-01 11:25:05	MarkDuplicates	Read    53,000,000 records.  Elapsed time: 00:20:00s.  Time for last 1,000,000:   19s.  Last read position: chr3:108,701,774
INFO	2015-04-01 11:25:05	MarkDuplicates	Tracking 438022 as yet unmatched pairs. 13167 records in RAM.
INFO	2015-04-01 11:25:17	MarkDuplicates	Read    54,000,000 records.  Elapsed time: 00:20:14s.  Time for last 1,000,000:   13s.  Last read position: chr3:152,428,447
INFO	2015-04-01 11:25:17	MarkDuplicates	Tracking 441101 as yet unmatched pairs. 1321 records in RAM.
INFO	2015-04-01 11:25:34	MarkDuplicates	Read    55,000,000 records.  Elapsed time: 00:20:27s.  Time for last 1,000,000:   13s.  Last read position: chr4:44,347,340
INFO	2015-04-01 11:25:34	MarkDuplicates	Tracking 439884 as yet unmatched pairs. 42771 records in RAM.
INFO	2015-04-01 11:26:10	MarkDuplicates	Read    56,000,000 records.  Elapsed time: 00:21:07s.  Time for last 1,000,000:   39s.  Last read position: chr4:107,897,043
INFO	2015-04-01 11:26:10	MarkDuplicates	Tracking 436220 as yet unmatched pairs. 33497 records in RAM.
INFO	2015-04-01 11:26:26	MarkDuplicates	Read    57,000,000 records.  Elapsed time: 00:21:19s.  Time for last 1,000,000:   12s.  Last read position: chr4:129,143,787
INFO	2015-04-01 11:26:26	MarkDuplicates	Tracking 437469 as yet unmatched pairs. 27534 records in RAM.
INFO	2015-04-01 11:26:39	MarkDuplicates	Read    58,000,000 records.  Elapsed time: 00:21:35s.  Time for last 1,000,000:   15s.  Last read position: chr4:138,313,748
INFO	2015-04-01 11:26:39	MarkDuplicates	Tracking 436534 as yet unmatched pairs. 18776 records in RAM.
INFO	2015-04-01 11:26:59	MarkDuplicates	Read    59,000,000 records.  Elapsed time: 00:21:54s.  Time for last 1,000,000:   19s.  Last read position: chr4:155,731,993
INFO	2015-04-01 11:26:59	MarkDuplicates	Tracking 425022 as yet unmatched pairs. 2609 records in RAM.
INFO	2015-04-01 11:27:15	MarkDuplicates	Read    60,000,000 records.  Elapsed time: 00:22:11s.  Time for last 1,000,000:   16s.  Last read position: chr5:32,491,445
INFO	2015-04-01 11:27:15	MarkDuplicates	Tracking 438862 as yet unmatched pairs. 41844 records in RAM.
INFO	2015-04-01 11:27:30	MarkDuplicates	Read    61,000,000 records.  Elapsed time: 00:22:24s.  Time for last 1,000,000:   12s.  Last read position: chr5:86,804,453
INFO	2015-04-01 11:27:30	MarkDuplicates	Tracking 430399 as yet unmatched pairs. 31480 records in RAM.
INFO	2015-04-01 11:28:16	MarkDuplicates	Read    62,000,000 records.  Elapsed time: 00:23:12s.  Time for last 1,000,000:   47s.  Last read position: chr5:115,560,869
INFO	2015-04-01 11:28:16	MarkDuplicates	Tracking 438540 as yet unmatched pairs. 28265 records in RAM.
INFO	2015-04-01 11:28:28	MarkDuplicates	Read    63,000,000 records.  Elapsed time: 00:23:25s.  Time for last 1,000,000:   13s.  Last read position: chr5:125,387,432
INFO	2015-04-01 11:28:28	MarkDuplicates	Tracking 436468 as yet unmatched pairs. 19602 records in RAM.
INFO	2015-04-01 11:28:40	MarkDuplicates	Read    64,000,000 records.  Elapsed time: 00:23:37s.  Time for last 1,000,000:   11s.  Last read position: chr5:142,904,409
INFO	2015-04-01 11:28:40	MarkDuplicates	Tracking 434473 as yet unmatched pairs. 13807 records in RAM.
INFO	2015-04-01 11:29:01	MarkDuplicates	Read    65,000,000 records.  Elapsed time: 00:23:58s.  Time for last 1,000,000:   20s.  Last read position: chr6:29,736,000
INFO	2015-04-01 11:29:01	MarkDuplicates	Tracking 415246 as yet unmatched pairs. 54528 records in RAM.
INFO	2015-04-01 11:29:14	MarkDuplicates	Read    66,000,000 records.  Elapsed time: 00:24:10s.  Time for last 1,000,000:   12s.  Last read position: chr6:56,878,585
INFO	2015-04-01 11:29:14	MarkDuplicates	Tracking 408302 as yet unmatched pairs. 45440 records in RAM.
INFO	2015-04-01 11:29:30	MarkDuplicates	Read    67,000,000 records.  Elapsed time: 00:24:23s.  Time for last 1,000,000:   13s.  Last read position: chr6:97,176,622
INFO	2015-04-01 11:29:30	MarkDuplicates	Tracking 406561 as yet unmatched pairs. 39912 records in RAM.
INFO	2015-04-01 11:29:43	MarkDuplicates	Read    68,000,000 records.  Elapsed time: 00:24:38s.  Time for last 1,000,000:   14s.  Last read position: chr6:125,162,600
INFO	2015-04-01 11:29:43	MarkDuplicates	Tracking 399900 as yet unmatched pairs. 29018 records in RAM.
INFO	2015-04-01 11:30:29	MarkDuplicates	Read    69,000,000 records.  Elapsed time: 00:25:24s.  Time for last 1,000,000:   46s.  Last read position: chr7:3,707,353
INFO	2015-04-01 11:30:29	MarkDuplicates	Tracking 381131 as yet unmatched pairs. 68187 records in RAM.
INFO	2015-04-01 11:30:41	MarkDuplicates	Read    70,000,000 records.  Elapsed time: 00:25:37s.  Time for last 1,000,000:   12s.  Last read position: chr7:27,328,283
INFO	2015-04-01 11:30:41	MarkDuplicates	Tracking 372618 as yet unmatched pairs. 58230 records in RAM.
INFO	2015-04-01 11:30:57	MarkDuplicates	Read    71,000,000 records.  Elapsed time: 00:25:50s.  Time for last 1,000,000:   13s.  Last read position: chr7:45,457,953
INFO	2015-04-01 11:30:57	MarkDuplicates	Tracking 368216 as yet unmatched pairs. 50693 records in RAM.
INFO	2015-04-01 11:31:11	MarkDuplicates	Read    72,000,000 records.  Elapsed time: 00:26:05s.  Time for last 1,000,000:   15s.  Last read position: chr7:84,615,382
INFO	2015-04-01 11:31:11	MarkDuplicates	Tracking 353340 as yet unmatched pairs. 34455 records in RAM.
INFO	2015-04-01 11:31:30	MarkDuplicates	Read    73,000,000 records.  Elapsed time: 00:26:25s.  Time for last 1,000,000:   19s.  Last read position: chr7:111,076,700
INFO	2015-04-01 11:31:30	MarkDuplicates	Tracking 349323 as yet unmatched pairs. 29364 records in RAM.
INFO	2015-04-01 11:31:45	MarkDuplicates	Read    74,000,000 records.  Elapsed time: 00:26:39s.  Time for last 1,000,000:   13s.  Last read position: chr7:127,969,859
INFO	2015-04-01 11:31:45	MarkDuplicates	Tracking 340600 as yet unmatched pairs. 18131 records in RAM.
INFO	2015-04-01 11:32:01	MarkDuplicates	Read    75,000,000 records.  Elapsed time: 00:26:54s.  Time for last 1,000,000:   15s.  Last read position: chr7:142,652,412
INFO	2015-04-01 11:32:01	MarkDuplicates	Tracking 336597 as yet unmatched pairs. 12324 records in RAM.
INFO	2015-04-01 11:32:17	MarkDuplicates	Read    76,000,000 records.  Elapsed time: 00:27:12s.  Time for last 1,000,000:   17s.  Last read position: chr8:20,597,667
INFO	2015-04-01 11:32:17	MarkDuplicates	Tracking 328133 as yet unmatched pairs. 63090 records in RAM.
INFO	2015-04-01 11:33:03	MarkDuplicates	Read    77,000,000 records.  Elapsed time: 00:27:59s.  Time for last 1,000,000:   47s.  Last read position: chr8:66,705,995
INFO	2015-04-01 11:33:03	MarkDuplicates	Tracking 317128 as yet unmatched pairs. 50953 records in RAM.
INFO	2015-04-01 11:33:19	MarkDuplicates	Read    78,000,000 records.  Elapsed time: 00:28:12s.  Time for last 1,000,000:   12s.  Last read position: chr8:85,044,640
INFO	2015-04-01 11:33:19	MarkDuplicates	Tracking 300572 as yet unmatched pairs. 32686 records in RAM.
INFO	2015-04-01 11:33:32	MarkDuplicates	Read    79,000,000 records.  Elapsed time: 00:28:27s.  Time for last 1,000,000:   14s.  Last read position: chr8:111,112,704
INFO	2015-04-01 11:33:32	MarkDuplicates	Tracking 285789 as yet unmatched pairs. 12606 records in RAM.
INFO	2015-04-01 11:33:47	MarkDuplicates	Read    80,000,000 records.  Elapsed time: 00:28:44s.  Time for last 1,000,000:   16s.  Last read position: chr9:19,927,911
INFO	2015-04-01 11:33:47	MarkDuplicates	Tracking 270716 as yet unmatched pairs. 94387 records in RAM.
INFO	2015-04-01 11:34:08	MarkDuplicates	Read    81,000,000 records.  Elapsed time: 00:29:02s.  Time for last 1,000,000:   17s.  Last read position: chr9:44,784,017
INFO	2015-04-01 11:34:08	MarkDuplicates	Tracking 246810 as yet unmatched pairs. 70269 records in RAM.
INFO	2015-04-01 11:34:22	MarkDuplicates	Read    82,000,000 records.  Elapsed time: 00:29:17s.  Time for last 1,000,000:   15s.  Last read position: chr9:63,398,732
INFO	2015-04-01 11:34:22	MarkDuplicates	Tracking 235903 as yet unmatched pairs. 53716 records in RAM.
INFO	2015-04-01 11:34:35	MarkDuplicates	Read    83,000,000 records.  Elapsed time: 00:29:30s.  Time for last 1,000,000:   13s.  Last read position: chr9:78,479,443
INFO	2015-04-01 11:34:35	MarkDuplicates	Tracking 241303 as yet unmatched pairs. 58893 records in RAM.
INFO	2015-04-01 11:34:47	MarkDuplicates	Read    84,000,000 records.  Elapsed time: 00:29:43s.  Time for last 1,000,000:   12s.  Last read position: chr9:107,572,258
INFO	2015-04-01 11:34:47	MarkDuplicates	Tracking 209968 as yet unmatched pairs. 27297 records in RAM.
INFO	2015-04-01 11:35:35	MarkDuplicates	Read    85,000,000 records.  Elapsed time: 00:30:29s.  Time for last 1,000,000:   45s.  Last read position: chr9:121,431,553
INFO	2015-04-01 11:35:35	MarkDuplicates	Tracking 192013 as yet unmatched pairs. 9132 records in RAM.
INFO	2015-04-01 11:35:51	MarkDuplicates	Read    86,000,000 records.  Elapsed time: 00:30:44s.  Time for last 1,000,000:   14s.  Last read position: chrM:8,258
INFO	2015-04-01 11:35:51	MarkDuplicates	Tracking 184805 as yet unmatched pairs. 34713 records in RAM.
INFO	2015-04-01 11:36:07	MarkDuplicates	Read    87,000,000 records.  Elapsed time: 00:31:00s.  Time for last 1,000,000:   15s.  Last read position: chrX:13,289,481
INFO	2015-04-01 11:36:07	MarkDuplicates	Tracking 147548 as yet unmatched pairs. 50258 records in RAM.
INFO	2015-04-01 11:36:21	MarkDuplicates	Read    88,000,000 records.  Elapsed time: 00:31:14s.  Time for last 1,000,000:   14s.  Last read position: chrX:74,366,361
INFO	2015-04-01 11:36:21	MarkDuplicates	Tracking 129056 as yet unmatched pairs. 31710 records in RAM.
INFO	2015-04-01 11:36:45	MarkDuplicates	Read    89,000,000 records.  Elapsed time: 00:31:41s.  Time for last 1,000,000:   26s.  Last read position: chrX:136,214,327
INFO	2015-04-01 11:36:45	MarkDuplicates	Tracking 110942 as yet unmatched pairs. 13557 records in RAM.
INFO	2015-04-01 11:36:54	MarkDuplicates	Read 89821774 records. 93657 pairs never matched.
INFO	2015-04-01 11:37:26	MarkDuplicates	After buildSortedReadEndLists freeMemory: 13303512912; totalMemory: 23765909504; maxMemory: 38177538048
INFO	2015-04-01 11:37:26	MarkDuplicates	Will retain up to 1193048064 duplicate indices before spilling to disk.
INFO	2015-04-01 11:37:30	MarkDuplicates	Traversing read pair information and detecting duplicates.
INFO	2015-04-01 11:38:14	MarkDuplicates	Traversing fragment information and detecting duplicates.
INFO	2015-04-01 11:39:48	MarkDuplicates	Sorting list of duplicate records.
INFO	2015-04-01 11:39:58	MarkDuplicates	After generateDuplicateIndexes freeMemory: 14045557480; totalMemory: 23765909504; maxMemory: 38177538048
INFO	2015-04-01 11:39:58	MarkDuplicates	Marking 1616656 records as duplicates.
INFO	2015-04-01 11:39:58	MarkDuplicates	Found 55466 optical duplicate clusters.
INFO	2015-04-01 11:45:57	MarkDuplicates	Written    10,000,000 records.  Elapsed time: 00:05:59s.  Time for last 10,000,000:  359s.  Last read position: chr11:5,105,268
INFO	2015-04-01 11:51:50	MarkDuplicates	Written    20,000,000 records.  Elapsed time: 00:11:51s.  Time for last 10,000,000:  352s.  Last read position: chr12:110,693,469
INFO	2015-04-01 11:57:47	MarkDuplicates	Written    30,000,000 records.  Elapsed time: 00:17:46s.  Time for last 10,000,000:  354s.  Last read position: chr15:97,698,962
INFO	2015-04-01 12:03:47	MarkDuplicates	Written    40,000,000 records.  Elapsed time: 00:23:49s.  Time for last 10,000,000:  362s.  Last read position: chr18:73,638,968
INFO	2015-04-01 12:09:55	MarkDuplicates	Written    50,000,000 records.  Elapsed time: 00:29:55s.  Time for last 10,000,000:  366s.  Last read position: chr3:5,860,469
INFO	2015-04-01 12:15:44	MarkDuplicates	Written    60,000,000 records.  Elapsed time: 00:35:46s.  Time for last 10,000,000:  350s.  Last read position: chr5:32,491,445
INFO	2015-04-01 12:21:34	MarkDuplicates	Written    70,000,000 records.  Elapsed time: 00:41:36s.  Time for last 10,000,000:  350s.  Last read position: chr7:27,328,283
INFO	2015-04-01 12:27:25	MarkDuplicates	Written    80,000,000 records.  Elapsed time: 00:47:27s.  Time for last 10,000,000:  350s.  Last read position: chr9:19,927,911
INFO	2015-04-01 12:33:09	MarkDuplicates	Before output close freeMemory: 23971471552; totalMemory: 24244387840; maxMemory: 38177538048
INFO	2015-04-01 12:33:11	MarkDuplicates	After output close freeMemory: 23676100656; totalMemory: 23949017088; maxMemory: 38177538048
[Wed Apr 01 12:33:11 EDT 2015] net.sf.picard.sam.MarkDuplicates done. Elapsed time: 88.17 minutes.
Runtime.totalMemory()=23949017088
slurmstepd: error: slurm_receive_msg: Socket timed out on send/recv operation
slurmstepd: error: slurm_receive_msg: Socket timed out on send/recv operation
slurmstepd: error: slurm_receive_msg: Socket timed out on send/recv operation
slurmstepd: error: slurm_receive_msg: Transport endpoint is not connected
