[Wed Apr 01 11:05:00 EDT 2015] net.sf.picard.sam.MarkDuplicates INPUT=[/n/rinn_data1/users/agroff/seq/OtherMice/Diana/lincP21/bam/JR923/accepted_hits_sorted_picard.bam] OUTPUT=/n/rinn_data1/users/agroff/seq/OtherMice/Diana/lincP21/bam/JR923/accepted_hits_sorted_duplicates_marked.bam METRICS_FILE=dup_metrics.txt    PROGRAM_RECORD_ID=MarkDuplicates PROGRAM_GROUP_NAME=MarkDuplicates REMOVE_DUPLICATES=false ASSUME_SORTED=false MAX_SEQUENCES_FOR_DISK_READ_ENDS_MAP=50000 MAX_FILE_HANDLES_FOR_READ_ENDS_MAP=8000 SORTING_COLLECTION_SIZE_RATIO=0.25 READ_NAME_REGEX=[a-zA-Z0-9]+:[0-9]:([0-9]+):([0-9]+):([0-9]+).* OPTICAL_DUPLICATE_PIXEL_DISTANCE=100 VERBOSITY=INFO QUIET=false VALIDATION_STRINGENCY=STRICT COMPRESSION_LEVEL=5 MAX_RECORDS_IN_RAM=500000 CREATE_INDEX=false CREATE_MD5_FILE=false
[Wed Apr 01 11:05:00 EDT 2015] Executing as agroff@holy2a09105.rc.fas.harvard.edu on Linux 2.6.32-431.17.1.el6.x86_64 amd64; Java HotSpot(TM) 64-Bit Server VM 1.6.0_11-b03; Picard version: 1.98(1547)
INFO	2015-04-01 11:05:01	MarkDuplicates	Start of doWork freeMemory: 8567872; totalMemory: 9109504; maxMemory: 38177538048
INFO	2015-04-01 11:05:01	MarkDuplicates	Reading input file and constructing read end information.
INFO	2015-04-01 11:05:01	MarkDuplicates	Will retain up to 151498166 data points before spilling to disk.
INFO	2015-04-01 11:06:04	MarkDuplicates	Read     1,000,000 records.  Elapsed time: 00:01:02s.  Time for last 1,000,000:   62s.  Last read position: chr1:40,024,644
INFO	2015-04-01 11:06:04	MarkDuplicates	Tracking 32553 as yet unmatched pairs. 923 records in RAM.
INFO	2015-04-01 11:06:33	MarkDuplicates	Read     2,000,000 records.  Elapsed time: 00:01:30s.  Time for last 1,000,000:   28s.  Last read position: chr1:58,406,480
INFO	2015-04-01 11:06:33	MarkDuplicates	Tracking 41754 as yet unmatched pairs. 727 records in RAM.
INFO	2015-04-01 11:06:55	MarkDuplicates	Read     3,000,000 records.  Elapsed time: 00:01:53s.  Time for last 1,000,000:   22s.  Last read position: chr1:85,849,677
INFO	2015-04-01 11:06:55	MarkDuplicates	Tracking 48710 as yet unmatched pairs. 582 records in RAM.
INFO	2015-04-01 11:07:20	MarkDuplicates	Read     4,000,000 records.  Elapsed time: 00:02:14s.  Time for last 1,000,000:   21s.  Last read position: chr1:130,694,403
INFO	2015-04-01 11:07:20	MarkDuplicates	Tracking 61340 as yet unmatched pairs. 424 records in RAM.
INFO	2015-04-01 11:07:42	MarkDuplicates	Read     5,000,000 records.  Elapsed time: 00:02:37s.  Time for last 1,000,000:   23s.  Last read position: chr1:162,704,414
INFO	2015-04-01 11:07:42	MarkDuplicates	Tracking 71501 as yet unmatched pairs. 374 records in RAM.
INFO	2015-04-01 11:08:04	MarkDuplicates	Read     6,000,000 records.  Elapsed time: 00:03:00s.  Time for last 1,000,000:   22s.  Last read position: chr1:191,368,679
INFO	2015-04-01 11:08:04	MarkDuplicates	Tracking 78895 as yet unmatched pairs. 150 records in RAM.
INFO	2015-04-01 11:08:27	MarkDuplicates	Read     7,000,000 records.  Elapsed time: 00:03:25s.  Time for last 1,000,000:   24s.  Last read position: chr10:40,254,476
INFO	2015-04-01 11:08:27	MarkDuplicates	Tracking 97517 as yet unmatched pairs. 4943 records in RAM.
INFO	2015-04-01 11:08:49	MarkDuplicates	Read     8,000,000 records.  Elapsed time: 00:03:44s.  Time for last 1,000,000:   18s.  Last read position: chr10:77,645,706
INFO	2015-04-01 11:08:49	MarkDuplicates	Tracking 102284 as yet unmatched pairs. 3531 records in RAM.
INFO	2015-04-01 11:09:13	MarkDuplicates	Read     9,000,000 records.  Elapsed time: 00:04:10s.  Time for last 1,000,000:   26s.  Last read position: chr10:83,600,343
INFO	2015-04-01 11:09:13	MarkDuplicates	Tracking 105577 as yet unmatched pairs. 3243 records in RAM.
INFO	2015-04-01 11:09:30	MarkDuplicates	Read    10,000,000 records.  Elapsed time: 00:04:27s.  Time for last 1,000,000:   16s.  Last read position: chr10:121,396,473
INFO	2015-04-01 11:09:30	MarkDuplicates	Tracking 113831 as yet unmatched pairs. 651 records in RAM.
INFO	2015-04-01 11:09:52	MarkDuplicates	Read    11,000,000 records.  Elapsed time: 00:04:50s.  Time for last 1,000,000:   23s.  Last read position: chr11:3,964,189
INFO	2015-04-01 11:09:52	MarkDuplicates	Tracking 124574 as yet unmatched pairs. 6625 records in RAM.
INFO	2015-04-01 11:10:17	MarkDuplicates	Read    12,000,000 records.  Elapsed time: 00:05:10s.  Time for last 1,000,000:   20s.  Last read position: chr11:29,509,789
INFO	2015-04-01 11:10:17	MarkDuplicates	Tracking 140214 as yet unmatched pairs. 6460 records in RAM.
INFO	2015-04-01 11:10:39	MarkDuplicates	Read    13,000,000 records.  Elapsed time: 00:05:36s.  Time for last 1,000,000:   25s.  Last read position: chr11:50,052,900
INFO	2015-04-01 11:10:39	MarkDuplicates	Tracking 146553 as yet unmatched pairs. 6301 records in RAM.
INFO	2015-04-01 11:10:54	MarkDuplicates	Read    14,000,000 records.  Elapsed time: 00:05:49s.  Time for last 1,000,000:   13s.  Last read position: chr11:60,632,687
INFO	2015-04-01 11:10:54	MarkDuplicates	Tracking 149765 as yet unmatched pairs. 5916 records in RAM.
INFO	2015-04-01 11:11:16	MarkDuplicates	Read    15,000,000 records.  Elapsed time: 00:06:13s.  Time for last 1,000,000:   24s.  Last read position: chr11:69,653,008
INFO	2015-04-01 11:11:16	MarkDuplicates	Tracking 152507 as yet unmatched pairs. 5705 records in RAM.
INFO	2015-04-01 11:11:32	MarkDuplicates	Read    16,000,000 records.  Elapsed time: 00:06:26s.  Time for last 1,000,000:   12s.  Last read position: chr11:78,182,817
INFO	2015-04-01 11:11:32	MarkDuplicates	Tracking 163532 as yet unmatched pairs. 10768 records in RAM.
INFO	2015-04-01 11:12:01	MarkDuplicates	Read    17,000,000 records.  Elapsed time: 00:06:57s.  Time for last 1,000,000:   31s.  Last read position: chr11:94,949,433
INFO	2015-04-01 11:12:01	MarkDuplicates	Tracking 166146 as yet unmatched pairs. 6594 records in RAM.
INFO	2015-04-01 11:12:18	MarkDuplicates	Read    18,000,000 records.  Elapsed time: 00:07:15s.  Time for last 1,000,000:   18s.  Last read position: chr11:100,422,792
INFO	2015-04-01 11:12:18	MarkDuplicates	Tracking 169740 as yet unmatched pairs. 2642 records in RAM.
INFO	2015-04-01 11:12:44	MarkDuplicates	Read    19,000,000 records.  Elapsed time: 00:07:38s.  Time for last 1,000,000:   22s.  Last read position: chr11:113,854,335
INFO	2015-04-01 11:12:44	MarkDuplicates	Tracking 177898 as yet unmatched pairs. 1111 records in RAM.
INFO	2015-04-01 11:13:03	MarkDuplicates	Read    20,000,000 records.  Elapsed time: 00:07:58s.  Time for last 1,000,000:   19s.  Last read position: chr11:120,963,170
INFO	2015-04-01 11:13:03	MarkDuplicates	Tracking 184838 as yet unmatched pairs. 573 records in RAM.
INFO	2015-04-01 11:13:28	MarkDuplicates	Read    21,000,000 records.  Elapsed time: 00:08:25s.  Time for last 1,000,000:   27s.  Last read position: chr12:51,888,975
INFO	2015-04-01 11:13:28	MarkDuplicates	Tracking 201930 as yet unmatched pairs. 16099 records in RAM.
INFO	2015-04-01 11:13:40	MarkDuplicates	Read    22,000,000 records.  Elapsed time: 00:08:36s.  Time for last 1,000,000:   10s.  Last read position: chr12:84,757,169
INFO	2015-04-01 11:13:40	MarkDuplicates	Tracking 218996 as yet unmatched pairs. 14856 records in RAM.
INFO	2015-04-01 11:13:57	MarkDuplicates	Read    23,000,000 records.  Elapsed time: 00:08:54s.  Time for last 1,000,000:   18s.  Last read position: chr12:109,548,483
INFO	2015-04-01 11:13:57	MarkDuplicates	Tracking 224935 as yet unmatched pairs. 11371 records in RAM.
INFO	2015-04-01 11:14:32	MarkDuplicates	Read    24,000,000 records.  Elapsed time: 00:09:27s.  Time for last 1,000,000:   32s.  Last read position: chr13:12,421,061
INFO	2015-04-01 11:14:32	MarkDuplicates	Tracking 218422 as yet unmatched pairs. 9781 records in RAM.
INFO	2015-04-01 11:14:49	MarkDuplicates	Read    25,000,000 records.  Elapsed time: 00:09:44s.  Time for last 1,000,000:   16s.  Last read position: chr13:55,086,013
INFO	2015-04-01 11:14:49	MarkDuplicates	Tracking 230442 as yet unmatched pairs. 8219 records in RAM.
INFO	2015-04-01 11:15:09	MarkDuplicates	Read    26,000,000 records.  Elapsed time: 00:10:06s.  Time for last 1,000,000:   22s.  Last read position: chr13:90,923,622
INFO	2015-04-01 11:15:09	MarkDuplicates	Tracking 247315 as yet unmatched pairs. 7375 records in RAM.
INFO	2015-04-01 11:15:39	MarkDuplicates	Read    27,000,000 records.  Elapsed time: 00:10:37s.  Time for last 1,000,000:   30s.  Last read position: chr14:16,270,596
INFO	2015-04-01 11:15:39	MarkDuplicates	Tracking 262516 as yet unmatched pairs. 22783 records in RAM.
INFO	2015-04-01 11:15:51	MarkDuplicates	Read    28,000,000 records.  Elapsed time: 00:10:47s.  Time for last 1,000,000:   10s.  Last read position: chr14:34,414,038
INFO	2015-04-01 11:15:51	MarkDuplicates	Tracking 261239 as yet unmatched pairs. 11416 records in RAM.
INFO	2015-04-01 11:16:09	MarkDuplicates	Read    29,000,000 records.  Elapsed time: 00:11:03s.  Time for last 1,000,000:   16s.  Last read position: chr14:65,565,447
INFO	2015-04-01 11:16:09	MarkDuplicates	Tracking 270037 as yet unmatched pairs. 9062 records in RAM.
INFO	2015-04-01 11:16:25	MarkDuplicates	Read    30,000,000 records.  Elapsed time: 00:11:20s.  Time for last 1,000,000:   17s.  Last read position: chr14:118,163,190
INFO	2015-04-01 11:16:25	MarkDuplicates	Tracking 275733 as yet unmatched pairs. 312 records in RAM.
INFO	2015-04-01 11:16:52	MarkDuplicates	Read    31,000,000 records.  Elapsed time: 00:11:49s.  Time for last 1,000,000:   28s.  Last read position: chr15:51,963,700
INFO	2015-04-01 11:16:52	MarkDuplicates	Tracking 281346 as yet unmatched pairs. 9224 records in RAM.
INFO	2015-04-01 11:17:04	MarkDuplicates	Read    32,000,000 records.  Elapsed time: 00:11:59s.  Time for last 1,000,000:   10s.  Last read position: chr15:79,527,519
INFO	2015-04-01 11:17:04	MarkDuplicates	Tracking 279338 as yet unmatched pairs. 4001 records in RAM.
INFO	2015-04-01 11:17:26	MarkDuplicates	Read    33,000,000 records.  Elapsed time: 00:12:20s.  Time for last 1,000,000:   20s.  Last read position: chr15:97,975,732
INFO	2015-04-01 11:17:26	MarkDuplicates	Tracking 284116 as yet unmatched pairs. 3571 records in RAM.
INFO	2015-04-01 11:17:38	MarkDuplicates	Read    34,000,000 records.  Elapsed time: 00:12:35s.  Time for last 1,000,000:   14s.  Last read position: chr15:99,325,873
INFO	2015-04-01 11:17:38	MarkDuplicates	Tracking 285731 as yet unmatched pairs. 944 records in RAM.
INFO	2015-04-01 11:18:13	MarkDuplicates	Read    35,000,000 records.  Elapsed time: 00:13:06s.  Time for last 1,000,000:   31s.  Last read position: chr16:13,860,024
INFO	2015-04-01 11:18:13	MarkDuplicates	Tracking 296053 as yet unmatched pairs. 9205 records in RAM.
INFO	2015-04-01 11:18:28	MarkDuplicates	Read    36,000,000 records.  Elapsed time: 00:13:20s.  Time for last 1,000,000:   14s.  Last read position: chr16:36,085,424
INFO	2015-04-01 11:18:28	MarkDuplicates	Tracking 299045 as yet unmatched pairs. 4588 records in RAM.
INFO	2015-04-01 11:18:48	MarkDuplicates	Read    37,000,000 records.  Elapsed time: 00:13:42s.  Time for last 1,000,000:   21s.  Last read position: chr16:94,468,320
INFO	2015-04-01 11:18:48	MarkDuplicates	Tracking 306383 as yet unmatched pairs. 917 records in RAM.
INFO	2015-04-01 11:19:00	MarkDuplicates	Read    38,000,000 records.  Elapsed time: 00:13:55s.  Time for last 1,000,000:   12s.  Last read position: chr17:24,511,352
INFO	2015-04-01 11:19:00	MarkDuplicates	Tracking 311211 as yet unmatched pairs. 23017 records in RAM.
INFO	2015-04-01 11:19:33	MarkDuplicates	Read    39,000,000 records.  Elapsed time: 00:14:30s.  Time for last 1,000,000:   34s.  Last read position: chr17:31,848,637
INFO	2015-04-01 11:19:33	MarkDuplicates	Tracking 312438 as yet unmatched pairs. 13208 records in RAM.
INFO	2015-04-01 11:19:48	MarkDuplicates	Read    40,000,000 records.  Elapsed time: 00:14:41s.  Time for last 1,000,000:   11s.  Last read position: chr17:39,847,968
INFO	2015-04-01 11:19:48	MarkDuplicates	Tracking 319754 as yet unmatched pairs. 10373 records in RAM.
INFO	2015-04-01 11:20:11	MarkDuplicates	Read    41,000,000 records.  Elapsed time: 00:15:07s.  Time for last 1,000,000:   25s.  Last read position: chr17:67,849,072
INFO	2015-04-01 11:20:11	MarkDuplicates	Tracking 320218 as yet unmatched pairs. 4051 records in RAM.
INFO	2015-04-01 11:20:26	MarkDuplicates	Read    42,000,000 records.  Elapsed time: 00:15:23s.  Time for last 1,000,000:   16s.  Last read position: chr18:27,598,864
INFO	2015-04-01 11:20:26	MarkDuplicates	Tracking 321291 as yet unmatched pairs. 15118 records in RAM.
INFO	2015-04-01 11:20:40	MarkDuplicates	Read    43,000,000 records.  Elapsed time: 00:15:37s.  Time for last 1,000,000:   14s.  Last read position: chr18:58,102,366
INFO	2015-04-01 11:20:40	MarkDuplicates	Tracking 324587 as yet unmatched pairs. 7324 records in RAM.
INFO	2015-04-01 11:21:21	MarkDuplicates	Read    44,000,000 records.  Elapsed time: 00:16:16s.  Time for last 1,000,000:   38s.  Last read position: chr19:4,008,682
INFO	2015-04-01 11:21:21	MarkDuplicates	Tracking 322595 as yet unmatched pairs. 16030 records in RAM.
INFO	2015-04-01 11:21:36	MarkDuplicates	Read    45,000,000 records.  Elapsed time: 00:16:32s.  Time for last 1,000,000:   16s.  Last read position: chr19:8,977,441
INFO	2015-04-01 11:21:36	MarkDuplicates	Tracking 325423 as yet unmatched pairs. 16450 records in RAM.
INFO	2015-04-01 11:21:51	MarkDuplicates	Read    46,000,000 records.  Elapsed time: 00:16:47s.  Time for last 1,000,000:   15s.  Last read position: chr19:42,121,171
INFO	2015-04-01 11:21:51	MarkDuplicates	Tracking 324733 as yet unmatched pairs. 6616 records in RAM.
INFO	2015-04-01 11:22:15	MarkDuplicates	Read    47,000,000 records.  Elapsed time: 00:17:12s.  Time for last 1,000,000:   24s.  Last read position: chr2:13,582,567
INFO	2015-04-01 11:22:15	MarkDuplicates	Tracking 325989 as yet unmatched pairs. 37576 records in RAM.
INFO	2015-04-01 11:22:32	MarkDuplicates	Read    48,000,000 records.  Elapsed time: 00:17:27s.  Time for last 1,000,000:   14s.  Last read position: chr2:31,294,727
INFO	2015-04-01 11:22:32	MarkDuplicates	Tracking 329342 as yet unmatched pairs. 28482 records in RAM.
INFO	2015-04-01 11:23:14	MarkDuplicates	Read    49,000,000 records.  Elapsed time: 00:18:11s.  Time for last 1,000,000:   44s.  Last read position: chr2:71,853,630
INFO	2015-04-01 11:23:14	MarkDuplicates	Tracking 326075 as yet unmatched pairs. 20553 records in RAM.
INFO	2015-04-01 11:23:29	MarkDuplicates	Read    50,000,000 records.  Elapsed time: 00:18:25s.  Time for last 1,000,000:   13s.  Last read position: chr2:104,427,507
INFO	2015-04-01 11:23:29	MarkDuplicates	Tracking 329930 as yet unmatched pairs. 16582 records in RAM.
INFO	2015-04-01 11:23:42	MarkDuplicates	Read    51,000,000 records.  Elapsed time: 00:18:40s.  Time for last 1,000,000:   14s.  Last read position: chr2:127,257,488
INFO	2015-04-01 11:23:42	MarkDuplicates	Tracking 330877 as yet unmatched pairs. 13262 records in RAM.
INFO	2015-04-01 11:24:06	MarkDuplicates	Read    52,000,000 records.  Elapsed time: 00:19:01s.  Time for last 1,000,000:   21s.  Last read position: chr2:156,096,840
INFO	2015-04-01 11:24:06	MarkDuplicates	Tracking 327899 as yet unmatched pairs. 7095 records in RAM.
INFO	2015-04-01 11:24:20	MarkDuplicates	Read    53,000,000 records.  Elapsed time: 00:19:17s.  Time for last 1,000,000:   16s.  Last read position: chr2:174,345,756
INFO	2015-04-01 11:24:20	MarkDuplicates	Tracking 338061 as yet unmatched pairs. 13185 records in RAM.
INFO	2015-04-01 11:24:36	MarkDuplicates	Read    54,000,000 records.  Elapsed time: 00:19:33s.  Time for last 1,000,000:   16s.  Last read position: chr3:32,740,792
INFO	2015-04-01 11:24:36	MarkDuplicates	Tracking 330989 as yet unmatched pairs. 50846 records in RAM.
INFO	2015-04-01 11:24:49	MarkDuplicates	Read    55,000,000 records.  Elapsed time: 00:19:46s.  Time for last 1,000,000:   13s.  Last read position: chr3:79,091,993
INFO	2015-04-01 11:24:49	MarkDuplicates	Tracking 317775 as yet unmatched pairs. 31823 records in RAM.
INFO	2015-04-01 11:25:47	MarkDuplicates	Read    56,000,000 records.  Elapsed time: 00:20:39s.  Time for last 1,000,000:   52s.  Last read position: chr3:95,033,661
INFO	2015-04-01 11:25:47	MarkDuplicates	Tracking 309289 as yet unmatched pairs. 18657 records in RAM.
INFO	2015-04-01 11:26:01	MarkDuplicates	Read    57,000,000 records.  Elapsed time: 00:20:54s.  Time for last 1,000,000:   14s.  Last read position: chr3:116,746,704
INFO	2015-04-01 11:26:01	MarkDuplicates	Tracking 304348 as yet unmatched pairs. 11166 records in RAM.
INFO	2015-04-01 11:26:13	MarkDuplicates	Read    58,000,000 records.  Elapsed time: 00:21:08s.  Time for last 1,000,000:   14s.  Last read position: chr3:158,066,857
INFO	2015-04-01 11:26:13	MarkDuplicates	Tracking 310463 as yet unmatched pairs. 218 records in RAM.
INFO	2015-04-01 11:26:39	MarkDuplicates	Read    59,000,000 records.  Elapsed time: 00:21:35s.  Time for last 1,000,000:   26s.  Last read position: chr4:44,059,814
INFO	2015-04-01 11:26:39	MarkDuplicates	Tracking 310326 as yet unmatched pairs. 36559 records in RAM.
INFO	2015-04-01 11:26:54	MarkDuplicates	Read    60,000,000 records.  Elapsed time: 00:21:47s.  Time for last 1,000,000:   12s.  Last read position: chr4:105,208,613
INFO	2015-04-01 11:26:54	MarkDuplicates	Tracking 304202 as yet unmatched pairs. 26551 records in RAM.
INFO	2015-04-01 11:27:08	MarkDuplicates	Read    61,000,000 records.  Elapsed time: 00:22:02s.  Time for last 1,000,000:   14s.  Last read position: chr4:126,171,718
INFO	2015-04-01 11:27:08	MarkDuplicates	Tracking 306635 as yet unmatched pairs. 21846 records in RAM.
INFO	2015-04-01 11:27:20	MarkDuplicates	Read    62,000,000 records.  Elapsed time: 00:22:15s.  Time for last 1,000,000:   13s.  Last read position: chr4:135,934,873
INFO	2015-04-01 11:27:20	MarkDuplicates	Tracking 308888 as yet unmatched pairs. 17328 records in RAM.
INFO	2015-04-01 11:28:13	MarkDuplicates	Read    63,000,000 records.  Elapsed time: 00:23:08s.  Time for last 1,000,000:   52s.  Last read position: chr4:151,048,638
INFO	2015-04-01 11:28:13	MarkDuplicates	Tracking 297635 as yet unmatched pairs. 1469 records in RAM.
INFO	2015-04-01 11:28:31	MarkDuplicates	Read    64,000,000 records.  Elapsed time: 00:23:24s.  Time for last 1,000,000:   16s.  Last read position: chr5:30,060,647
INFO	2015-04-01 11:28:31	MarkDuplicates	Tracking 309164 as yet unmatched pairs. 43366 records in RAM.
INFO	2015-04-01 11:28:45	MarkDuplicates	Read    65,000,000 records.  Elapsed time: 00:23:41s.  Time for last 1,000,000:   16s.  Last read position: chr5:66,300,340
INFO	2015-04-01 11:28:45	MarkDuplicates	Tracking 301257 as yet unmatched pairs. 33819 records in RAM.
INFO	2015-04-01 11:29:10	MarkDuplicates	Read    66,000,000 records.  Elapsed time: 00:24:08s.  Time for last 1,000,000:   26s.  Last read position: chr5:110,664,580
INFO	2015-04-01 11:29:10	MarkDuplicates	Tracking 304742 as yet unmatched pairs. 28211 records in RAM.
INFO	2015-04-01 11:29:23	MarkDuplicates	Read    67,000,000 records.  Elapsed time: 00:24:18s.  Time for last 1,000,000:   10s.  Last read position: chr5:122,787,955
INFO	2015-04-01 11:29:23	MarkDuplicates	Tracking 305231 as yet unmatched pairs. 18673 records in RAM.
INFO	2015-04-01 11:29:34	MarkDuplicates	Read    68,000,000 records.  Elapsed time: 00:24:29s.  Time for last 1,000,000:   11s.  Last read position: chr5:135,245,124
INFO	2015-04-01 11:29:34	MarkDuplicates	Tracking 299703 as yet unmatched pairs. 11580 records in RAM.
INFO	2015-04-01 11:29:48	MarkDuplicates	Read    69,000,000 records.  Elapsed time: 00:24:41s.  Time for last 1,000,000:   12s.  Last read position: chr5:146,953,307
INFO	2015-04-01 11:29:48	MarkDuplicates	Tracking 292664 as yet unmatched pairs. 1545 records in RAM.
INFO	2015-04-01 11:30:02	MarkDuplicates	Read    70,000,000 records.  Elapsed time: 00:24:55s.  Time for last 1,000,000:   13s.  Last read position: chr6:29,461,187
INFO	2015-04-01 11:30:02	MarkDuplicates	Tracking 284656 as yet unmatched pairs. 35329 records in RAM.
INFO	2015-04-01 11:30:54	MarkDuplicates	Read    71,000,000 records.  Elapsed time: 00:25:49s.  Time for last 1,000,000:   54s.  Last read position: chr6:53,817,612
INFO	2015-04-01 11:30:54	MarkDuplicates	Tracking 279400 as yet unmatched pairs. 28341 records in RAM.
INFO	2015-04-01 11:31:06	MarkDuplicates	Read    72,000,000 records.  Elapsed time: 00:26:02s.  Time for last 1,000,000:   12s.  Last read position: chr6:91,173,807
INFO	2015-04-01 11:31:06	MarkDuplicates	Tracking 277298 as yet unmatched pairs. 23458 records in RAM.
INFO	2015-04-01 11:31:20	MarkDuplicates	Read    73,000,000 records.  Elapsed time: 00:26:15s.  Time for last 1,000,000:   12s.  Last read position: chr6:125,139,889
INFO	2015-04-01 11:31:20	MarkDuplicates	Tracking 270684 as yet unmatched pairs. 15223 records in RAM.
INFO	2015-04-01 11:31:35	MarkDuplicates	Read    74,000,000 records.  Elapsed time: 00:26:29s.  Time for last 1,000,000:   14s.  Last read position: chr7:3,705,827
INFO	2015-04-01 11:31:35	MarkDuplicates	Tracking 267375 as yet unmatched pairs. 72366 records in RAM.
INFO	2015-04-01 11:32:01	MarkDuplicates	Read    75,000,000 records.  Elapsed time: 00:26:55s.  Time for last 1,000,000:   26s.  Last read position: chr7:19,633,802
INFO	2015-04-01 11:32:01	MarkDuplicates	Tracking 255664 as yet unmatched pairs. 59657 records in RAM.
INFO	2015-04-01 11:32:15	MarkDuplicates	Read    76,000,000 records.  Elapsed time: 00:27:09s.  Time for last 1,000,000:   14s.  Last read position: chr7:35,409,686
INFO	2015-04-01 11:32:15	MarkDuplicates	Tracking 248942 as yet unmatched pairs. 51395 records in RAM.
INFO	2015-04-01 11:32:26	MarkDuplicates	Read    77,000,000 records.  Elapsed time: 00:27:22s.  Time for last 1,000,000:   12s.  Last read position: chr7:62,377,522
INFO	2015-04-01 11:32:26	MarkDuplicates	Tracking 237050 as yet unmatched pairs. 38681 records in RAM.
INFO	2015-04-01 11:32:36	MarkDuplicates	Read    78,000,000 records.  Elapsed time: 00:27:34s.  Time for last 1,000,000:   11s.  Last read position: chr7:99,838,974
INFO	2015-04-01 11:32:36	MarkDuplicates	Tracking 226717 as yet unmatched pairs. 27332 records in RAM.
INFO	2015-04-01 11:33:31	MarkDuplicates	Read    79,000,000 records.  Elapsed time: 00:28:25s.  Time for last 1,000,000:   50s.  Last read position: chr7:112,588,577
INFO	2015-04-01 11:33:31	MarkDuplicates	Tracking 220016 as yet unmatched pairs. 19992 records in RAM.
INFO	2015-04-01 11:33:46	MarkDuplicates	Read    80,000,000 records.  Elapsed time: 00:28:41s.  Time for last 1,000,000:   15s.  Last read position: chr7:127,707,883
INFO	2015-04-01 11:33:46	MarkDuplicates	Tracking 211451 as yet unmatched pairs. 9285 records in RAM.
INFO	2015-04-01 11:34:00	MarkDuplicates	Read    81,000,000 records.  Elapsed time: 00:28:56s.  Time for last 1,000,000:   14s.  Last read position: chr7:142,576,104
INFO	2015-04-01 11:34:00	MarkDuplicates	Tracking 241415 as yet unmatched pairs. 37756 records in RAM.
INFO	2015-04-01 11:34:14	MarkDuplicates	Read    82,000,000 records.  Elapsed time: 00:29:10s.  Time for last 1,000,000:   13s.  Last read position: chr7:142,653,014
INFO	2015-04-01 11:34:14	MarkDuplicates	Tracking 212469 as yet unmatched pairs. 8496 records in RAM.
INFO	2015-04-01 11:34:30	MarkDuplicates	Read    83,000,000 records.  Elapsed time: 00:29:26s.  Time for last 1,000,000:   16s.  Last read position: chr8:20,148,303
INFO	2015-04-01 11:34:30	MarkDuplicates	Tracking 202461 as yet unmatched pairs. 60331 records in RAM.
INFO	2015-04-01 11:34:49	MarkDuplicates	Read    84,000,000 records.  Elapsed time: 00:29:47s.  Time for last 1,000,000:   20s.  Last read position: chr8:70,377,243
INFO	2015-04-01 11:34:49	MarkDuplicates	Tracking 189103 as yet unmatched pairs. 45919 records in RAM.
INFO	2015-04-01 11:35:02	MarkDuplicates	Read    85,000,000 records.  Elapsed time: 00:30:00s.  Time for last 1,000,000:   12s.  Last read position: chr8:85,409,627
INFO	2015-04-01 11:35:02	MarkDuplicates	Tracking 176036 as yet unmatched pairs. 31686 records in RAM.
INFO	2015-04-01 11:35:18	MarkDuplicates	Read    86,000,000 records.  Elapsed time: 00:30:13s.  Time for last 1,000,000:   13s.  Last read position: chr8:111,840,449
INFO	2015-04-01 11:35:18	MarkDuplicates	Tracking 162839 as yet unmatched pairs. 11917 records in RAM.
INFO	2015-04-01 11:35:32	MarkDuplicates	Read    87,000,000 records.  Elapsed time: 00:30:27s.  Time for last 1,000,000:   14s.  Last read position: chr9:14,503,662
INFO	2015-04-01 11:35:32	MarkDuplicates	Tracking 150094 as yet unmatched pairs. 93106 records in RAM.
INFO	2015-04-01 11:36:35	MarkDuplicates	Read    88,000,000 records.  Elapsed time: 00:31:30s.  Time for last 1,000,000:   62s.  Last read position: chr9:41,545,575
INFO	2015-04-01 11:36:35	MarkDuplicates	Tracking 125765 as yet unmatched pairs. 68609 records in RAM.
INFO	2015-04-01 11:36:45	MarkDuplicates	Read    89,000,000 records.  Elapsed time: 00:31:41s.  Time for last 1,000,000:   11s.  Last read position: chr9:59,669,053
INFO	2015-04-01 11:36:45	MarkDuplicates	Tracking 127143 as yet unmatched pairs. 63434 records in RAM.
INFO	2015-04-01 11:36:53	MarkDuplicates	Read    90,000,000 records.  Elapsed time: 00:31:51s.  Time for last 1,000,000:    9s.  Last read position: chr9:72,618,075
INFO	2015-04-01 11:36:53	MarkDuplicates	Tracking 113371 as yet unmatched pairs. 49498 records in RAM.
INFO	2015-04-01 11:37:05	MarkDuplicates	Read    91,000,000 records.  Elapsed time: 00:32:01s.  Time for last 1,000,000:   10s.  Last read position: chr9:79,612,444
INFO	2015-04-01 11:37:05	MarkDuplicates	Tracking 110995 as yet unmatched pairs. 47020 records in RAM.
INFO	2015-04-01 11:37:30	MarkDuplicates	Read    92,000,000 records.  Elapsed time: 00:32:28s.  Time for last 1,000,000:   26s.  Last read position: chr9:107,753,036
INFO	2015-04-01 11:37:30	MarkDuplicates	Tracking 90599 as yet unmatched pairs. 26451 records in RAM.
INFO	2015-04-01 11:37:43	MarkDuplicates	Read    93,000,000 records.  Elapsed time: 00:32:40s.  Time for last 1,000,000:   12s.  Last read position: chr9:120,955,966
INFO	2015-04-01 11:37:43	MarkDuplicates	Tracking 72574 as yet unmatched pairs. 8302 records in RAM.
INFO	2015-04-01 11:37:59	MarkDuplicates	Read    94,000,000 records.  Elapsed time: 00:32:53s.  Time for last 1,000,000:   12s.  Last read position: chrM:6,571
INFO	2015-04-01 11:37:59	MarkDuplicates	Tracking 103404 as yet unmatched pairs. 51897 records in RAM.
INFO	2015-04-01 11:38:11	MarkDuplicates	Read    95,000,000 records.  Elapsed time: 00:33:09s.  Time for last 1,000,000:   15s.  Last read position: chrM:9,642
INFO	2015-04-01 11:38:11	MarkDuplicates	Tracking 65017 as yet unmatched pairs. 13475 records in RAM.
INFO	2015-04-01 11:38:25	MarkDuplicates	Read    96,000,000 records.  Elapsed time: 00:33:23s.  Time for last 1,000,000:   13s.  Last read position: chrX:21,486,569
INFO	2015-04-01 11:38:25	MarkDuplicates	Tracking 47712 as yet unmatched pairs. 44002 records in RAM.
INFO	2015-04-01 11:39:27	MarkDuplicates	Read    97,000,000 records.  Elapsed time: 00:34:21s.  Time for last 1,000,000:   58s.  Last read position: chrX:74,273,008
INFO	2015-04-01 11:39:27	MarkDuplicates	Tracking 31680 as yet unmatched pairs. 27932 records in RAM.
INFO	2015-04-01 11:39:39	MarkDuplicates	Read    98,000,000 records.  Elapsed time: 00:34:34s.  Time for last 1,000,000:   12s.  Last read position: chrX:109,160,599
INFO	2015-04-01 11:39:39	MarkDuplicates	Tracking 18188 as yet unmatched pairs. 14414 records in RAM.
INFO	2015-04-01 11:39:48	MarkDuplicates	Read    99,000,000 records.  Elapsed time: 00:34:45s.  Time for last 1,000,000:   11s.  Last read position: chrX:162,870,208
INFO	2015-04-01 11:39:48	MarkDuplicates	Tracking 4969 as yet unmatched pairs. 1160 records in RAM.
INFO	2015-04-01 11:39:50	MarkDuplicates	Read 99224730 records. 0 pairs never matched.
INFO	2015-04-01 11:40:30	MarkDuplicates	After buildSortedReadEndLists freeMemory: 14200254992; totalMemory: 25502613504; maxMemory: 38177538048
INFO	2015-04-01 11:40:30	MarkDuplicates	Will retain up to 1193048064 duplicate indices before spilling to disk.
INFO	2015-04-01 11:40:33	MarkDuplicates	Traversing read pair information and detecting duplicates.
INFO	2015-04-01 11:41:22	MarkDuplicates	Traversing fragment information and detecting duplicates.
INFO	2015-04-01 11:42:47	MarkDuplicates	Sorting list of duplicate records.
INFO	2015-04-01 11:43:06	MarkDuplicates	After generateDuplicateIndexes freeMemory: 24722365328; totalMemory: 34449195008; maxMemory: 38177538048
INFO	2015-04-01 11:43:06	MarkDuplicates	Marking 18062207 records as duplicates.
INFO	2015-04-01 11:43:06	MarkDuplicates	Found 5237561 optical duplicate clusters.
INFO	2015-04-01 11:48:00	MarkDuplicates	Written    10,000,000 records.  Elapsed time: 00:04:53s.  Time for last 10,000,000:  293s.  Last read position: chr10:121,396,473
INFO	2015-04-01 11:52:57	MarkDuplicates	Written    20,000,000 records.  Elapsed time: 00:09:51s.  Time for last 10,000,000:  297s.  Last read position: chr11:120,963,170
INFO	2015-04-01 11:57:44	MarkDuplicates	Written    30,000,000 records.  Elapsed time: 00:14:37s.  Time for last 10,000,000:  286s.  Last read position: chr14:118,163,190
INFO	2015-04-01 12:02:43	MarkDuplicates	Written    40,000,000 records.  Elapsed time: 00:19:36s.  Time for last 10,000,000:  299s.  Last read position: chr17:39,847,968
INFO	2015-04-01 12:07:44	MarkDuplicates	Written    50,000,000 records.  Elapsed time: 00:24:37s.  Time for last 10,000,000:  300s.  Last read position: chr2:104,427,507
INFO	2015-04-01 12:12:48	MarkDuplicates	Written    60,000,000 records.  Elapsed time: 00:29:42s.  Time for last 10,000,000:  304s.  Last read position: chr4:105,208,613
INFO	2015-04-01 12:18:13	MarkDuplicates	Written    70,000,000 records.  Elapsed time: 00:35:07s.  Time for last 10,000,000:  324s.  Last read position: chr6:29,461,187
INFO	2015-04-01 12:24:06	MarkDuplicates	Written    80,000,000 records.  Elapsed time: 00:41:00s.  Time for last 10,000,000:  352s.  Last read position: chr7:127,707,883
INFO	2015-04-01 12:29:56	MarkDuplicates	Written    90,000,000 records.  Elapsed time: 00:46:49s.  Time for last 10,000,000:  349s.  Last read position: chr9:72,618,075
INFO	2015-04-01 12:35:05	MarkDuplicates	Before output close freeMemory: 34890047400; totalMemory: 35163996160; maxMemory: 38177538048
INFO	2015-04-01 12:35:14	MarkDuplicates	After output close freeMemory: 34615713560; totalMemory: 34889662464; maxMemory: 38177538048
[Wed Apr 01 12:35:14 EDT 2015] net.sf.picard.sam.MarkDuplicates done. Elapsed time: 90.24 minutes.
Runtime.totalMemory()=34889662464
slurmstepd: error: slurm_receive_msg: Socket timed out on send/recv operation
slurmstepd: error: slurm_receive_msg: Socket timed out on send/recv operation
slurmstepd: error: slurm_receive_msg: Transport endpoint is not connected
