[Wed Apr 01 11:33:27 EDT 2015] net.sf.picard.sam.MarkDuplicates INPUT=[/n/rinn_data1/users/agroff/seq/OtherMice/Diana/lincP21/bam/JR935/accepted_hits_sorted_picard.bam] OUTPUT=/n/rinn_data1/users/agroff/seq/OtherMice/Diana/lincP21/bam/JR935/accepted_hits_sorted_duplicates_marked.bam METRICS_FILE=dup_metrics.txt    PROGRAM_RECORD_ID=MarkDuplicates PROGRAM_GROUP_NAME=MarkDuplicates REMOVE_DUPLICATES=false ASSUME_SORTED=false MAX_SEQUENCES_FOR_DISK_READ_ENDS_MAP=50000 MAX_FILE_HANDLES_FOR_READ_ENDS_MAP=8000 SORTING_COLLECTION_SIZE_RATIO=0.25 READ_NAME_REGEX=[a-zA-Z0-9]+:[0-9]:([0-9]+):([0-9]+):([0-9]+).* OPTICAL_DUPLICATE_PIXEL_DISTANCE=100 VERBOSITY=INFO QUIET=false VALIDATION_STRINGENCY=STRICT COMPRESSION_LEVEL=5 MAX_RECORDS_IN_RAM=500000 CREATE_INDEX=false CREATE_MD5_FILE=false
[Wed Apr 01 11:33:27 EDT 2015] Executing as agroff@holy2a02208.rc.fas.harvard.edu on Linux 2.6.32-431.17.1.el6.x86_64 amd64; Java HotSpot(TM) 64-Bit Server VM 1.6.0_11-b03; Picard version: 1.98(1547)
INFO	2015-04-01 11:33:28	MarkDuplicates	Start of doWork freeMemory: 8587800; totalMemory: 9109504; maxMemory: 38177538048
INFO	2015-04-01 11:33:28	MarkDuplicates	Reading input file and constructing read end information.
INFO	2015-04-01 11:33:28	MarkDuplicates	Will retain up to 151498166 data points before spilling to disk.
INFO	2015-04-01 11:34:33	MarkDuplicates	Read     1,000,000 records.  Elapsed time: 00:01:03s.  Time for last 1,000,000:   63s.  Last read position: chr1:45,414,775
INFO	2015-04-01 11:34:33	MarkDuplicates	Tracking 32972 as yet unmatched pairs. 816 records in RAM.
INFO	2015-04-01 11:35:02	MarkDuplicates	Read     2,000,000 records.  Elapsed time: 00:01:32s.  Time for last 1,000,000:   29s.  Last read position: chr1:75,362,630
INFO	2015-04-01 11:35:02	MarkDuplicates	Tracking 43723 as yet unmatched pairs. 2262 records in RAM.
INFO	2015-04-01 11:35:31	MarkDuplicates	Read     3,000,000 records.  Elapsed time: 00:01:56s.  Time for last 1,000,000:   24s.  Last read position: chr1:118,521,906
INFO	2015-04-01 11:35:31	MarkDuplicates	Tracking 55135 as yet unmatched pairs. 655 records in RAM.
INFO	2015-04-01 11:35:57	MarkDuplicates	Read     4,000,000 records.  Elapsed time: 00:02:23s.  Time for last 1,000,000:   27s.  Last read position: chr1:135,850,812
INFO	2015-04-01 11:35:57	MarkDuplicates	Tracking 78916 as yet unmatched pairs. 18189 records in RAM.
INFO	2015-04-01 11:36:21	MarkDuplicates	Read     5,000,000 records.  Elapsed time: 00:02:48s.  Time for last 1,000,000:   24s.  Last read position: chr1:172,134,687
INFO	2015-04-01 11:36:21	MarkDuplicates	Tracking 68792 as yet unmatched pairs. 489 records in RAM.
INFO	2015-04-01 11:36:45	MarkDuplicates	Read     6,000,000 records.  Elapsed time: 00:03:10s.  Time for last 1,000,000:   21s.  Last read position: chr10:13,131,480
INFO	2015-04-01 11:36:45	MarkDuplicates	Tracking 79313 as yet unmatched pairs. 4220 records in RAM.
INFO	2015-04-01 11:37:09	MarkDuplicates	Read     7,000,000 records.  Elapsed time: 00:03:35s.  Time for last 1,000,000:   24s.  Last read position: chr10:60,301,718
INFO	2015-04-01 11:37:09	MarkDuplicates	Tracking 92978 as yet unmatched pairs. 3915 records in RAM.
INFO	2015-04-01 11:37:32	MarkDuplicates	Read     8,000,000 records.  Elapsed time: 00:03:59s.  Time for last 1,000,000:   24s.  Last read position: chr10:80,665,757
INFO	2015-04-01 11:37:32	MarkDuplicates	Tracking 97024 as yet unmatched pairs. 3307 records in RAM.
INFO	2015-04-01 11:37:54	MarkDuplicates	Read     9,000,000 records.  Elapsed time: 00:04:22s.  Time for last 1,000,000:   22s.  Last read position: chr10:96,619,318
INFO	2015-04-01 11:37:54	MarkDuplicates	Tracking 103976 as yet unmatched pairs. 2911 records in RAM.
INFO	2015-04-01 11:38:20	MarkDuplicates	Read    10,000,000 records.  Elapsed time: 00:04:45s.  Time for last 1,000,000:   23s.  Last read position: chr10:128,337,794
INFO	2015-04-01 11:38:20	MarkDuplicates	Tracking 109997 as yet unmatched pairs. 943 records in RAM.
INFO	2015-04-01 11:38:45	MarkDuplicates	Read    11,000,000 records.  Elapsed time: 00:05:11s.  Time for last 1,000,000:   25s.  Last read position: chr11:6,469,156
INFO	2015-04-01 11:38:45	MarkDuplicates	Tracking 132443 as yet unmatched pairs. 5685 records in RAM.
INFO	2015-04-01 11:39:08	MarkDuplicates	Read    12,000,000 records.  Elapsed time: 00:05:33s.  Time for last 1,000,000:   22s.  Last read position: chr11:32,283,710
INFO	2015-04-01 11:39:08	MarkDuplicates	Tracking 195010 as yet unmatched pairs. 64513 records in RAM.
INFO	2015-04-01 11:39:22	MarkDuplicates	Read    13,000,000 records.  Elapsed time: 00:05:49s.  Time for last 1,000,000:   15s.  Last read position: chr11:32,284,290
INFO	2015-04-01 11:39:22	MarkDuplicates	Tracking 322467 as yet unmatched pairs. 191474 records in RAM.
INFO	2015-04-01 11:39:44	MarkDuplicates	Read    14,000,000 records.  Elapsed time: 00:06:07s.  Time for last 1,000,000:   18s.  Last read position: chr11:32,296,874
INFO	2015-04-01 11:39:44	MarkDuplicates	Tracking 272006 as yet unmatched pairs. 140532 records in RAM.
INFO	2015-04-01 11:39:59	MarkDuplicates	Read    15,000,000 records.  Elapsed time: 00:06:25s.  Time for last 1,000,000:   18s.  Last read position: chr11:50,295,531
INFO	2015-04-01 11:39:59	MarkDuplicates	Tracking 143022 as yet unmatched pairs. 6330 records in RAM.
INFO	2015-04-01 11:40:31	MarkDuplicates	Read    16,000,000 records.  Elapsed time: 00:06:56s.  Time for last 1,000,000:   30s.  Last read position: chr11:61,152,486
INFO	2015-04-01 11:40:31	MarkDuplicates	Tracking 145285 as yet unmatched pairs. 5102 records in RAM.
INFO	2015-04-01 11:40:49	MarkDuplicates	Read    17,000,000 records.  Elapsed time: 00:07:15s.  Time for last 1,000,000:   18s.  Last read position: chr11:70,654,438
INFO	2015-04-01 11:40:49	MarkDuplicates	Tracking 150507 as yet unmatched pairs. 6818 records in RAM.
INFO	2015-04-01 11:41:17	MarkDuplicates	Read    18,000,000 records.  Elapsed time: 00:07:43s.  Time for last 1,000,000:   28s.  Last read position: chr11:86,207,514
INFO	2015-04-01 11:41:17	MarkDuplicates	Tracking 153869 as yet unmatched pairs. 2980 records in RAM.
INFO	2015-04-01 11:41:36	MarkDuplicates	Read    19,000,000 records.  Elapsed time: 00:08:03s.  Time for last 1,000,000:   19s.  Last read position: chr11:98,993,928
INFO	2015-04-01 11:41:36	MarkDuplicates	Tracking 161571 as yet unmatched pairs. 2523 records in RAM.
INFO	2015-04-01 11:41:59	MarkDuplicates	Read    20,000,000 records.  Elapsed time: 00:08:29s.  Time for last 1,000,000:   25s.  Last read position: chr11:106,785,471
INFO	2015-04-01 11:41:59	MarkDuplicates	Tracking 168223 as yet unmatched pairs. 2734 records in RAM.
INFO	2015-04-01 11:42:19	MarkDuplicates	Read    21,000,000 records.  Elapsed time: 00:08:45s.  Time for last 1,000,000:   15s.  Last read position: chr11:120,793,047
INFO	2015-04-01 11:42:19	MarkDuplicates	Tracking 176830 as yet unmatched pairs. 319 records in RAM.
INFO	2015-04-01 11:42:36	MarkDuplicates	Read    22,000,000 records.  Elapsed time: 00:09:02s.  Time for last 1,000,000:   16s.  Last read position: chr12:44,206,707
INFO	2015-04-01 11:42:36	MarkDuplicates	Tracking 199919 as yet unmatched pairs. 3464 records in RAM.
INFO	2015-04-01 11:43:05	MarkDuplicates	Read    23,000,000 records.  Elapsed time: 00:09:31s.  Time for last 1,000,000:   28s.  Last read position: chr12:84,434,031
INFO	2015-04-01 11:43:05	MarkDuplicates	Tracking 212958 as yet unmatched pairs. 2023 records in RAM.
INFO	2015-04-01 11:43:26	MarkDuplicates	Read    24,000,000 records.  Elapsed time: 00:09:51s.  Time for last 1,000,000:   20s.  Last read position: chr12:117,757,101
INFO	2015-04-01 11:43:26	MarkDuplicates	Tracking 216499 as yet unmatched pairs. 98 records in RAM.
INFO	2015-04-01 11:43:59	MarkDuplicates	Read    25,000,000 records.  Elapsed time: 00:10:25s.  Time for last 1,000,000:   34s.  Last read position: chr13:46,713,859
INFO	2015-04-01 11:43:59	MarkDuplicates	Tracking 227142 as yet unmatched pairs. 7957 records in RAM.
INFO	2015-04-01 11:44:16	MarkDuplicates	Read    26,000,000 records.  Elapsed time: 00:10:44s.  Time for last 1,000,000:   18s.  Last read position: chr13:75,839,931
INFO	2015-04-01 11:44:16	MarkDuplicates	Tracking 244032 as yet unmatched pairs. 3219 records in RAM.
INFO	2015-04-01 11:44:35	MarkDuplicates	Read    27,000,000 records.  Elapsed time: 00:11:02s.  Time for last 1,000,000:   17s.  Last read position: chr14:4,346,450
INFO	2015-04-01 11:44:35	MarkDuplicates	Tracking 265824 as yet unmatched pairs. 26910 records in RAM.
INFO	2015-04-01 11:45:01	MarkDuplicates	Read    28,000,000 records.  Elapsed time: 00:11:31s.  Time for last 1,000,000:   29s.  Last read position: chr14:29,971,857
INFO	2015-04-01 11:45:01	MarkDuplicates	Tracking 277793 as yet unmatched pairs. 15985 records in RAM.
INFO	2015-04-01 11:45:21	MarkDuplicates	Read    29,000,000 records.  Elapsed time: 00:11:47s.  Time for last 1,000,000:   15s.  Last read position: chr14:54,616,536
INFO	2015-04-01 11:45:21	MarkDuplicates	Tracking 282687 as yet unmatched pairs. 9833 records in RAM.
INFO	2015-04-01 11:45:41	MarkDuplicates	Read    30,000,000 records.  Elapsed time: 00:12:05s.  Time for last 1,000,000:   18s.  Last read position: chr14:54,987,240
INFO	2015-04-01 11:45:41	MarkDuplicates	Tracking 296379 as yet unmatched pairs. 22176 records in RAM.
INFO	2015-04-01 11:45:59	MarkDuplicates	Read    31,000,000 records.  Elapsed time: 00:12:22s.  Time for last 1,000,000:   17s.  Last read position: chr14:75,845,362
INFO	2015-04-01 11:45:59	MarkDuplicates	Tracking 296097 as yet unmatched pairs. 15216 records in RAM.
INFO	2015-04-01 11:46:28	MarkDuplicates	Read    32,000,000 records.  Elapsed time: 00:12:53s.  Time for last 1,000,000:   30s.  Last read position: chr15:27,026,157
INFO	2015-04-01 11:46:28	MarkDuplicates	Tracking 292718 as yet unmatched pairs. 8307 records in RAM.
INFO	2015-04-01 11:46:49	MarkDuplicates	Read    33,000,000 records.  Elapsed time: 00:13:19s.  Time for last 1,000,000:   25s.  Last read position: chr15:76,904,875
INFO	2015-04-01 11:46:49	MarkDuplicates	Tracking 299611 as yet unmatched pairs. 10350 records in RAM.
INFO	2015-04-01 11:47:05	MarkDuplicates	Read    34,000,000 records.  Elapsed time: 00:13:30s.  Time for last 1,000,000:   10s.  Last read position: chr15:89,157,463
INFO	2015-04-01 11:47:05	MarkDuplicates	Tracking 295886 as yet unmatched pairs. 1922 records in RAM.
INFO	2015-04-01 11:47:36	MarkDuplicates	Read    35,000,000 records.  Elapsed time: 00:14:06s.  Time for last 1,000,000:   36s.  Last read position: chr15:99,037,058
INFO	2015-04-01 11:47:36	MarkDuplicates	Tracking 311752 as yet unmatched pairs. 13244 records in RAM.
INFO	2015-04-01 11:47:53	MarkDuplicates	Read    36,000,000 records.  Elapsed time: 00:14:20s.  Time for last 1,000,000:   13s.  Last read position: chr16:13,813,153
INFO	2015-04-01 11:47:53	MarkDuplicates	Tracking 310288 as yet unmatched pairs. 9490 records in RAM.
INFO	2015-04-01 11:48:16	MarkDuplicates	Read    37,000,000 records.  Elapsed time: 00:14:46s.  Time for last 1,000,000:   26s.  Last read position: chr16:37,826,843
INFO	2015-04-01 11:48:16	MarkDuplicates	Tracking 315978 as yet unmatched pairs. 7772 records in RAM.
INFO	2015-04-01 11:48:30	MarkDuplicates	Read    38,000,000 records.  Elapsed time: 00:14:58s.  Time for last 1,000,000:   12s.  Last read position: chr16:94,468,683
INFO	2015-04-01 11:48:30	MarkDuplicates	Tracking 318939 as yet unmatched pairs. 694 records in RAM.
INFO	2015-04-01 11:48:43	MarkDuplicates	Read    39,000,000 records.  Elapsed time: 00:15:12s.  Time for last 1,000,000:   13s.  Last read position: chr17:23,880,593
INFO	2015-04-01 11:48:43	MarkDuplicates	Tracking 321989 as yet unmatched pairs. 20270 records in RAM.
INFO	2015-04-01 11:49:23	MarkDuplicates	Read    40,000,000 records.  Elapsed time: 00:15:49s.  Time for last 1,000,000:   36s.  Last read position: chr17:33,240,560
INFO	2015-04-01 11:49:23	MarkDuplicates	Tracking 324605 as yet unmatched pairs. 11765 records in RAM.
INFO	2015-04-01 11:49:39	MarkDuplicates	Read    41,000,000 records.  Elapsed time: 00:16:07s.  Time for last 1,000,000:   17s.  Last read position: chr17:45,570,717
INFO	2015-04-01 11:49:39	MarkDuplicates	Tracking 335120 as yet unmatched pairs. 13049 records in RAM.
INFO	2015-04-01 11:49:57	MarkDuplicates	Read    42,000,000 records.  Elapsed time: 00:16:25s.  Time for last 1,000,000:   18s.  Last read position: chr17:73,242,560
INFO	2015-04-01 11:49:57	MarkDuplicates	Tracking 331149 as yet unmatched pairs. 2318 records in RAM.
INFO	2015-04-01 11:50:10	MarkDuplicates	Read    43,000,000 records.  Elapsed time: 00:16:38s.  Time for last 1,000,000:   13s.  Last read position: chr18:26,004,947
INFO	2015-04-01 11:50:10	MarkDuplicates	Tracking 333125 as yet unmatched pairs. 13623 records in RAM.
INFO	2015-04-01 11:50:47	MarkDuplicates	Read    44,000,000 records.  Elapsed time: 00:17:14s.  Time for last 1,000,000:   35s.  Last read position: chr18:60,526,262
INFO	2015-04-01 11:50:47	MarkDuplicates	Tracking 340451 as yet unmatched pairs. 6495 records in RAM.
INFO	2015-04-01 11:51:01	MarkDuplicates	Read    45,000,000 records.  Elapsed time: 00:17:27s.  Time for last 1,000,000:   13s.  Last read position: chr19:4,035,529
INFO	2015-04-01 11:51:01	MarkDuplicates	Tracking 339061 as yet unmatched pairs. 13840 records in RAM.
INFO	2015-04-01 11:51:14	MarkDuplicates	Read    46,000,000 records.  Elapsed time: 00:17:42s.  Time for last 1,000,000:   14s.  Last read position: chr19:10,054,249
INFO	2015-04-01 11:51:14	MarkDuplicates	Tracking 338539 as yet unmatched pairs. 9107 records in RAM.
INFO	2015-04-01 11:51:32	MarkDuplicates	Read    47,000,000 records.  Elapsed time: 00:18:01s.  Time for last 1,000,000:   19s.  Last read position: chr19:41,918,201
INFO	2015-04-01 11:51:32	MarkDuplicates	Tracking 344073 as yet unmatched pairs. 6785 records in RAM.
INFO	2015-04-01 11:51:47	MarkDuplicates	Read    48,000,000 records.  Elapsed time: 00:18:14s.  Time for last 1,000,000:   12s.  Last read position: chr2:13,582,593
INFO	2015-04-01 11:51:47	MarkDuplicates	Tracking 344647 as yet unmatched pairs. 33427 records in RAM.
INFO	2015-04-01 11:52:27	MarkDuplicates	Read    49,000,000 records.  Elapsed time: 00:18:57s.  Time for last 1,000,000:   42s.  Last read position: chr2:32,631,164
INFO	2015-04-01 11:52:27	MarkDuplicates	Tracking 352072 as yet unmatched pairs. 25234 records in RAM.
INFO	2015-04-01 11:52:40	MarkDuplicates	Read    50,000,000 records.  Elapsed time: 00:19:08s.  Time for last 1,000,000:   11s.  Last read position: chr2:75,662,090
INFO	2015-04-01 11:52:40	MarkDuplicates	Tracking 352109 as yet unmatched pairs. 19793 records in RAM.
INFO	2015-04-01 11:52:50	MarkDuplicates	Read    51,000,000 records.  Elapsed time: 00:19:20s.  Time for last 1,000,000:   11s.  Last read position: chr2:104,085,891
INFO	2015-04-01 11:52:50	MarkDuplicates	Tracking 352737 as yet unmatched pairs. 14755 records in RAM.
INFO	2015-04-01 11:53:13	MarkDuplicates	Read    52,000,000 records.  Elapsed time: 00:19:40s.  Time for last 1,000,000:   20s.  Last read position: chr2:120,097,084
INFO	2015-04-01 11:53:13	MarkDuplicates	Tracking 353054 as yet unmatched pairs. 13519 records in RAM.
INFO	2015-04-01 11:53:27	MarkDuplicates	Read    53,000,000 records.  Elapsed time: 00:19:54s.  Time for last 1,000,000:   13s.  Last read position: chr2:148,684,267
INFO	2015-04-01 11:53:27	MarkDuplicates	Tracking 352659 as yet unmatched pairs. 8353 records in RAM.
INFO	2015-04-01 11:53:39	MarkDuplicates	Read    54,000,000 records.  Elapsed time: 00:20:07s.  Time for last 1,000,000:   12s.  Last read position: chr2:164,017,570
INFO	2015-04-01 11:53:39	MarkDuplicates	Tracking 351501 as yet unmatched pairs. 3705 records in RAM.
INFO	2015-04-01 11:54:15	MarkDuplicates	Read    55,000,000 records.  Elapsed time: 00:20:42s.  Time for last 1,000,000:   35s.  Last read position: chr3:10,315,436
INFO	2015-04-01 11:54:15	MarkDuplicates	Tracking 351051 as yet unmatched pairs. 43968 records in RAM.
INFO	2015-04-01 11:54:30	MarkDuplicates	Read    56,000,000 records.  Elapsed time: 00:20:58s.  Time for last 1,000,000:   15s.  Last read position: chr3:63,976,202
INFO	2015-04-01 11:54:30	MarkDuplicates	Tracking 343482 as yet unmatched pairs. 27896 records in RAM.
INFO	2015-04-01 11:54:46	MarkDuplicates	Read    57,000,000 records.  Elapsed time: 00:21:14s.  Time for last 1,000,000:   16s.  Last read position: chr3:95,058,941
INFO	2015-04-01 11:54:46	MarkDuplicates	Tracking 337139 as yet unmatched pairs. 16825 records in RAM.
INFO	2015-04-01 11:55:00	MarkDuplicates	Read    58,000,000 records.  Elapsed time: 00:21:30s.  Time for last 1,000,000:   15s.  Last read position: chr3:116,631,415
INFO	2015-04-01 11:55:00	MarkDuplicates	Tracking 333360 as yet unmatched pairs. 10749 records in RAM.
INFO	2015-04-01 11:55:26	MarkDuplicates	Read    59,000,000 records.  Elapsed time: 00:21:52s.  Time for last 1,000,000:   22s.  Last read position: chr3:157,547,738
INFO	2015-04-01 11:55:26	MarkDuplicates	Tracking 336822 as yet unmatched pairs. 466 records in RAM.
INFO	2015-04-01 11:55:41	MarkDuplicates	Read    60,000,000 records.  Elapsed time: 00:22:08s.  Time for last 1,000,000:   15s.  Last read position: chr4:46,451,290
INFO	2015-04-01 11:55:41	MarkDuplicates	Tracking 335646 as yet unmatched pairs. 36154 records in RAM.
INFO	2015-04-01 11:55:54	MarkDuplicates	Read    61,000,000 records.  Elapsed time: 00:22:23s.  Time for last 1,000,000:   14s.  Last read position: chr4:115,042,568
INFO	2015-04-01 11:55:54	MarkDuplicates	Tracking 332320 as yet unmatched pairs. 27870 records in RAM.
INFO	2015-04-01 11:56:36	MarkDuplicates	Read    62,000,000 records.  Elapsed time: 00:23:03s.  Time for last 1,000,000:   40s.  Last read position: chr4:129,648,134
INFO	2015-04-01 11:56:36	MarkDuplicates	Tracking 333276 as yet unmatched pairs. 22219 records in RAM.
INFO	2015-04-01 11:56:50	MarkDuplicates	Read    63,000,000 records.  Elapsed time: 00:23:17s.  Time for last 1,000,000:   14s.  Last read position: chr4:140,973,698
INFO	2015-04-01 11:56:50	MarkDuplicates	Tracking 334343 as yet unmatched pairs. 16901 records in RAM.
INFO	2015-04-01 11:57:04	MarkDuplicates	Read    64,000,000 records.  Elapsed time: 00:23:32s.  Time for last 1,000,000:   14s.  Last read position: chr4:155,621,746
INFO	2015-04-01 11:57:04	MarkDuplicates	Tracking 321674 as yet unmatched pairs. 332 records in RAM.
INFO	2015-04-01 11:57:19	MarkDuplicates	Read    65,000,000 records.  Elapsed time: 00:23:48s.  Time for last 1,000,000:   16s.  Last read position: chr5:32,492,361
INFO	2015-04-01 11:57:20	MarkDuplicates	Tracking 335245 as yet unmatched pairs. 36246 records in RAM.
INFO	2015-04-01 11:57:46	MarkDuplicates	Read    66,000,000 records.  Elapsed time: 00:24:13s.  Time for last 1,000,000:   24s.  Last read position: chr5:91,623,208
INFO	2015-04-01 11:57:46	MarkDuplicates	Tracking 328520 as yet unmatched pairs. 27752 records in RAM.
INFO	2015-04-01 11:58:02	MarkDuplicates	Read    67,000,000 records.  Elapsed time: 00:24:30s.  Time for last 1,000,000:   17s.  Last read position: chr5:115,561,483
INFO	2015-04-01 11:58:02	MarkDuplicates	Tracking 341335 as yet unmatched pairs. 27162 records in RAM.
INFO	2015-04-01 11:58:16	MarkDuplicates	Read    68,000,000 records.  Elapsed time: 00:24:44s.  Time for last 1,000,000:   13s.  Last read position: chr5:123,137,574
INFO	2015-04-01 11:58:16	MarkDuplicates	Tracking 331680 as yet unmatched pairs. 14536 records in RAM.
INFO	2015-04-01 11:58:30	MarkDuplicates	Read    69,000,000 records.  Elapsed time: 00:24:58s.  Time for last 1,000,000:   14s.  Last read position: chr5:135,783,381
INFO	2015-04-01 11:58:30	MarkDuplicates	Tracking 330879 as yet unmatched pairs. 12046 records in RAM.
INFO	2015-04-01 11:59:28	MarkDuplicates	Read    70,000,000 records.  Elapsed time: 00:25:58s.  Time for last 1,000,000:   59s.  Last read position: chr6:4,523,048
INFO	2015-04-01 11:59:28	MarkDuplicates	Tracking 319141 as yet unmatched pairs. 59149 records in RAM.
INFO	2015-04-01 11:59:40	MarkDuplicates	Read    71,000,000 records.  Elapsed time: 00:26:09s.  Time for last 1,000,000:   11s.  Last read position: chr6:36,387,750
INFO	2015-04-01 11:59:40	MarkDuplicates	Tracking 310833 as yet unmatched pairs. 47245 records in RAM.
INFO	2015-04-01 11:59:51	MarkDuplicates	Read    72,000,000 records.  Elapsed time: 00:26:21s.  Time for last 1,000,000:   11s.  Last read position: chr6:73,269,358
INFO	2015-04-01 11:59:51	MarkDuplicates	Tracking 304848 as yet unmatched pairs. 39070 records in RAM.
INFO	2015-04-01 12:00:06	MarkDuplicates	Read    73,000,000 records.  Elapsed time: 00:26:33s.  Time for last 1,000,000:   12s.  Last read position: chr6:117,178,789
INFO	2015-04-01 12:00:06	MarkDuplicates	Tracking 302377 as yet unmatched pairs. 33593 records in RAM.
INFO	2015-04-01 12:00:34	MarkDuplicates	Read    74,000,000 records.  Elapsed time: 00:27:02s.  Time for last 1,000,000:   28s.  Last read position: chr6:125,163,326
INFO	2015-04-01 12:00:34	MarkDuplicates	Tracking 313656 as yet unmatched pairs. 39206 records in RAM.
INFO	2015-04-01 12:00:47	MarkDuplicates	Read    75,000,000 records.  Elapsed time: 00:27:17s.  Time for last 1,000,000:   14s.  Last read position: chr7:4,514,354
INFO	2015-04-01 12:00:47	MarkDuplicates	Tracking 278735 as yet unmatched pairs. 64106 records in RAM.
INFO	2015-04-01 12:01:00	MarkDuplicates	Read    76,000,000 records.  Elapsed time: 00:27:29s.  Time for last 1,000,000:   11s.  Last read position: chr7:27,448,154
INFO	2015-04-01 12:01:00	MarkDuplicates	Tracking 270733 as yet unmatched pairs. 54908 records in RAM.
INFO	2015-04-01 12:01:14	MarkDuplicates	Read    77,000,000 records.  Elapsed time: 00:27:41s.  Time for last 1,000,000:   12s.  Last read position: chr7:45,336,898
INFO	2015-04-01 12:01:14	MarkDuplicates	Tracking 266595 as yet unmatched pairs. 47864 records in RAM.
INFO	2015-04-01 12:02:03	MarkDuplicates	Read    78,000,000 records.  Elapsed time: 00:28:31s.  Time for last 1,000,000:   49s.  Last read position: chr7:80,362,952
INFO	2015-04-01 12:02:03	MarkDuplicates	Tracking 253943 as yet unmatched pairs. 34204 records in RAM.
INFO	2015-04-01 12:02:18	MarkDuplicates	Read    79,000,000 records.  Elapsed time: 00:28:47s.  Time for last 1,000,000:   16s.  Last read position: chr7:103,813,461
INFO	2015-04-01 12:02:18	MarkDuplicates	Tracking 303760 as yet unmatched pairs. 83005 records in RAM.
INFO	2015-04-01 12:02:28	MarkDuplicates	Read    80,000,000 records.  Elapsed time: 00:28:58s.  Time for last 1,000,000:   11s.  Last read position: chr7:103,827,834
INFO	2015-04-01 12:02:28	MarkDuplicates	Tracking 265983 as yet unmatched pairs. 45111 records in RAM.
INFO	2015-04-01 12:02:41	MarkDuplicates	Read    81,000,000 records.  Elapsed time: 00:29:11s.  Time for last 1,000,000:   12s.  Last read position: chr7:111,077,297
INFO	2015-04-01 12:02:41	MarkDuplicates	Tracking 241886 as yet unmatched pairs. 20616 records in RAM.
INFO	2015-04-01 12:02:52	MarkDuplicates	Read    82,000,000 records.  Elapsed time: 00:29:22s.  Time for last 1,000,000:   11s.  Last read position: chr7:127,549,402
INFO	2015-04-01 12:02:52	MarkDuplicates	Tracking 232410 as yet unmatched pairs. 8852 records in RAM.
INFO	2015-04-01 12:03:21	MarkDuplicates	Read    83,000,000 records.  Elapsed time: 00:29:48s.  Time for last 1,000,000:   26s.  Last read position: chr7:142,576,473
INFO	2015-04-01 12:03:21	MarkDuplicates	Tracking 264475 as yet unmatched pairs. 39347 records in RAM.
INFO	2015-04-01 12:03:38	MarkDuplicates	Read    84,000,000 records.  Elapsed time: 00:30:05s.  Time for last 1,000,000:   16s.  Last read position: chr7:142,654,039
INFO	2015-04-01 12:03:38	MarkDuplicates	Tracking 232875 as yet unmatched pairs. 7285 records in RAM.
INFO	2015-04-01 12:03:56	MarkDuplicates	Read    85,000,000 records.  Elapsed time: 00:30:23s.  Time for last 1,000,000:   18s.  Last read position: chr8:25,020,483
INFO	2015-04-01 12:03:56	MarkDuplicates	Tracking 218687 as yet unmatched pairs. 51494 records in RAM.
INFO	2015-04-01 12:04:09	MarkDuplicates	Read    86,000,000 records.  Elapsed time: 00:30:38s.  Time for last 1,000,000:   14s.  Last read position: chr8:70,508,510
INFO	2015-04-01 12:04:09	MarkDuplicates	Tracking 213667 as yet unmatched pairs. 45136 records in RAM.
INFO	2015-04-01 12:05:07	MarkDuplicates	Read    87,000,000 records.  Elapsed time: 00:31:36s.  Time for last 1,000,000:   57s.  Last read position: chr8:90,891,648
INFO	2015-04-01 12:05:07	MarkDuplicates	Tracking 196043 as yet unmatched pairs. 26252 records in RAM.
INFO	2015-04-01 12:05:22	MarkDuplicates	Read    88,000,000 records.  Elapsed time: 00:31:49s.  Time for last 1,000,000:   13s.  Last read position: chr8:120,668,338
INFO	2015-04-01 12:05:22	MarkDuplicates	Tracking 183065 as yet unmatched pairs. 8743 records in RAM.
INFO	2015-04-01 12:05:38	MarkDuplicates	Read    89,000,000 records.  Elapsed time: 00:32:06s.  Time for last 1,000,000:   16s.  Last read position: chr9:22,104,325
INFO	2015-04-01 12:05:38	MarkDuplicates	Tracking 170778 as yet unmatched pairs. 87173 records in RAM.
INFO	2015-04-01 12:05:50	MarkDuplicates	Read    90,000,000 records.  Elapsed time: 00:32:18s.  Time for last 1,000,000:   12s.  Last read position: chr9:50,344,244
INFO	2015-04-01 12:05:50	MarkDuplicates	Tracking 147309 as yet unmatched pairs. 63434 records in RAM.
INFO	2015-04-01 12:06:16	MarkDuplicates	Read    91,000,000 records.  Elapsed time: 00:32:45s.  Time for last 1,000,000:   26s.  Last read position: chr9:64,175,228
INFO	2015-04-01 12:06:16	MarkDuplicates	Tracking 146162 as yet unmatched pairs. 56610 records in RAM.
INFO	2015-04-01 12:06:27	MarkDuplicates	Read    92,000,000 records.  Elapsed time: 00:32:56s.  Time for last 1,000,000:   10s.  Last read position: chr9:75,058,032
INFO	2015-04-01 12:06:27	MarkDuplicates	Tracking 137678 as yet unmatched pairs. 47921 records in RAM.
INFO	2015-04-01 12:06:37	MarkDuplicates	Read    93,000,000 records.  Elapsed time: 00:33:07s.  Time for last 1,000,000:   10s.  Last read position: chr9:87,060,431
INFO	2015-04-01 12:06:37	MarkDuplicates	Tracking 131098 as yet unmatched pairs. 41154 records in RAM.
INFO	2015-04-01 12:06:51	MarkDuplicates	Read    94,000,000 records.  Elapsed time: 00:33:18s.  Time for last 1,000,000:   10s.  Last read position: chr9:108,750,004
INFO	2015-04-01 12:06:51	MarkDuplicates	Tracking 115018 as yet unmatched pairs. 24827 records in RAM.
INFO	2015-04-01 12:07:01	MarkDuplicates	Read    95,000,000 records.  Elapsed time: 00:33:31s.  Time for last 1,000,000:   13s.  Last read position: chr9:123,462,045
INFO	2015-04-01 12:07:01	MarkDuplicates	Tracking 95968 as yet unmatched pairs. 5563 records in RAM.
INFO	2015-04-01 12:08:09	MarkDuplicates	Read    96,000,000 records.  Elapsed time: 00:34:36s.  Time for last 1,000,000:   65s.  Last read position: chrM:5,563
INFO	2015-04-01 12:08:09	MarkDuplicates	Tracking 135582 as yet unmatched pairs. 84204 records in RAM.
INFO	2015-04-01 12:08:20	MarkDuplicates	Read    97,000,000 records.  Elapsed time: 00:34:50s.  Time for last 1,000,000:   13s.  Last read position: chrM:6,412
INFO	2015-04-01 12:08:20	MarkDuplicates	Tracking 164019 as yet unmatched pairs. 112590 records in RAM.
INFO	2015-04-01 12:08:32	MarkDuplicates	Read    98,000,000 records.  Elapsed time: 00:35:02s.  Time for last 1,000,000:   11s.  Last read position: chrM:7,383
INFO	2015-04-01 12:08:32	MarkDuplicates	Tracking 137112 as yet unmatched pairs. 85633 records in RAM.
INFO	2015-04-01 12:08:44	MarkDuplicates	Read    99,000,000 records.  Elapsed time: 00:35:13s.  Time for last 1,000,000:   11s.  Last read position: chrM:8,763
INFO	2015-04-01 12:08:44	MarkDuplicates	Tracking 122370 as yet unmatched pairs. 70831 records in RAM.
INFO	2015-04-01 12:09:11	MarkDuplicates	Read   100,000,000 records.  Elapsed time: 00:35:39s.  Time for last 1,000,000:   26s.  Last read position: chrM:11,134
INFO	2015-04-01 12:09:11	MarkDuplicates	Tracking 86880 as yet unmatched pairs. 35300 records in RAM.
INFO	2015-04-01 12:09:28	MarkDuplicates	Read   101,000,000 records.  Elapsed time: 00:35:55s.  Time for last 1,000,000:   16s.  Last read position: chrM:14,882
INFO	2015-04-01 12:09:28	MarkDuplicates	Tracking 86366 as yet unmatched pairs. 34724 records in RAM.
INFO	2015-04-01 12:09:43	MarkDuplicates	Read   102,000,000 records.  Elapsed time: 00:36:10s.  Time for last 1,000,000:   15s.  Last read position: chrX:56,448,131
INFO	2015-04-01 12:09:43	MarkDuplicates	Tracking 42054 as yet unmatched pairs. 38022 records in RAM.
INFO	2015-04-01 12:09:56	MarkDuplicates	Read   103,000,000 records.  Elapsed time: 00:36:25s.  Time for last 1,000,000:   14s.  Last read position: chrX:102,247,593
INFO	2015-04-01 12:09:56	MarkDuplicates	Tracking 31752 as yet unmatched pairs. 27702 records in RAM.
INFO	2015-04-01 12:11:05	MarkDuplicates	Read   104,000,000 records.  Elapsed time: 00:37:35s.  Time for last 1,000,000:   70s.  Last read position: chrX:151,859,654
INFO	2015-04-01 12:11:05	MarkDuplicates	Tracking 9039 as yet unmatched pairs. 4953 records in RAM.
INFO	2015-04-01 12:11:10	MarkDuplicates	Read 104510204 records. 0 pairs never matched.
INFO	2015-04-01 12:11:44	MarkDuplicates	After buildSortedReadEndLists freeMemory: 13820144120; totalMemory: 25407062016; maxMemory: 38177538048
INFO	2015-04-01 12:11:44	MarkDuplicates	Will retain up to 1193048064 duplicate indices before spilling to disk.
INFO	2015-04-01 12:11:48	MarkDuplicates	Traversing read pair information and detecting duplicates.
INFO	2015-04-01 12:12:48	MarkDuplicates	Traversing fragment information and detecting duplicates.
INFO	2015-04-01 12:14:35	MarkDuplicates	Sorting list of duplicate records.
INFO	2015-04-01 12:14:59	MarkDuplicates	After generateDuplicateIndexes freeMemory: 25707617496; totalMemory: 35435380736; maxMemory: 38177538048
INFO	2015-04-01 12:14:59	MarkDuplicates	Marking 23638755 records as duplicates.
INFO	2015-04-01 12:14:59	MarkDuplicates	Found 7580892 optical duplicate clusters.
INFO	2015-04-01 12:20:57	MarkDuplicates	Written    10,000,000 records.  Elapsed time: 00:05:57s.  Time for last 10,000,000:  357s.  Last read position: chr10:128,337,794
INFO	2015-04-01 12:26:47	MarkDuplicates	Written    20,000,000 records.  Elapsed time: 00:11:47s.  Time for last 10,000,000:  350s.  Last read position: chr11:106,785,471
INFO	2015-04-01 12:33:15	MarkDuplicates	Written    30,000,000 records.  Elapsed time: 00:18:15s.  Time for last 10,000,000:  387s.  Last read position: chr14:54,987,240
INFO	2015-04-01 12:39:28	MarkDuplicates	Written    40,000,000 records.  Elapsed time: 00:24:28s.  Time for last 10,000,000:  373s.  Last read position: chr17:33,240,560
INFO	2015-04-01 12:46:20	MarkDuplicates	Written    50,000,000 records.  Elapsed time: 00:31:20s.  Time for last 10,000,000:  411s.  Last read position: chr2:75,662,090
INFO	2015-04-01 12:52:59	MarkDuplicates	Written    60,000,000 records.  Elapsed time: 00:37:59s.  Time for last 10,000,000:  398s.  Last read position: chr4:46,451,290
INFO	2015-04-01 12:59:11	MarkDuplicates	Written    70,000,000 records.  Elapsed time: 00:44:11s.  Time for last 10,000,000:  371s.  Last read position: chr6:4,523,048
INFO	2015-04-01 13:05:43	MarkDuplicates	Written    80,000,000 records.  Elapsed time: 00:50:43s.  Time for last 10,000,000:  392s.  Last read position: chr7:103,827,834
INFO	2015-04-01 13:12:09	MarkDuplicates	Written    90,000,000 records.  Elapsed time: 00:57:09s.  Time for last 10,000,000:  386s.  Last read position: chr9:50,344,244
INFO	2015-04-01 13:18:41	MarkDuplicates	Written   100,000,000 records.  Elapsed time: 01:03:41s.  Time for last 10,000,000:  391s.  Last read position: chrM:11,134
INFO	2015-04-01 13:21:40	MarkDuplicates	Before output close freeMemory: 35331497776; totalMemory: 35605315584; maxMemory: 38177538048
INFO	2015-04-01 13:21:44	MarkDuplicates	After output close freeMemory: 35082093288; totalMemory: 35355688960; maxMemory: 38177538048
[Wed Apr 01 13:21:44 EDT 2015] net.sf.picard.sam.MarkDuplicates done. Elapsed time: 108.27 minutes.
Runtime.totalMemory()=35355688960
