[Wed Apr 01 11:33:13 EDT 2015] net.sf.picard.sam.MarkDuplicates INPUT=[/n/rinn_data1/users/agroff/seq/OtherMice/Diana/lincP21/bam/JR931/rmdup_accepted_hits_sorted_picard.bam] OUTPUT=/n/rinn_data1/users/agroff/seq/OtherMice/Diana/lincP21/bam/JR931/rmdup_accepted_hits_sorted_duplicates_marked.bam METRICS_FILE=dup_metrics.txt    PROGRAM_RECORD_ID=MarkDuplicates PROGRAM_GROUP_NAME=MarkDuplicates REMOVE_DUPLICATES=false ASSUME_SORTED=false MAX_SEQUENCES_FOR_DISK_READ_ENDS_MAP=50000 MAX_FILE_HANDLES_FOR_READ_ENDS_MAP=8000 SORTING_COLLECTION_SIZE_RATIO=0.25 READ_NAME_REGEX=[a-zA-Z0-9]+:[0-9]:([0-9]+):([0-9]+):([0-9]+).* OPTICAL_DUPLICATE_PIXEL_DISTANCE=100 VERBOSITY=INFO QUIET=false VALIDATION_STRINGENCY=STRICT COMPRESSION_LEVEL=5 MAX_RECORDS_IN_RAM=500000 CREATE_INDEX=false CREATE_MD5_FILE=false
[Wed Apr 01 11:33:13 EDT 2015] Executing as agroff@holy2a07308.rc.fas.harvard.edu on Linux 2.6.32-431.17.1.el6.x86_64 amd64; Java HotSpot(TM) 64-Bit Server VM 1.6.0_11-b03; Picard version: 1.98(1547)
INFO	2015-04-01 11:33:14	MarkDuplicates	Start of doWork freeMemory: 8588864; totalMemory: 9109504; maxMemory: 38177538048
INFO	2015-04-01 11:33:14	MarkDuplicates	Reading input file and constructing read end information.
INFO	2015-04-01 11:33:14	MarkDuplicates	Will retain up to 151498166 data points before spilling to disk.
INFO	2015-04-01 11:34:22	MarkDuplicates	Read     1,000,000 records.  Elapsed time: 00:01:02s.  Time for last 1,000,000:   62s.  Last read position: chr1:40,024,892
INFO	2015-04-01 11:34:22	MarkDuplicates	Tracking 44662 as yet unmatched pairs. 991 records in RAM.
INFO	2015-04-01 11:34:55	MarkDuplicates	Read     2,000,000 records.  Elapsed time: 00:01:37s.  Time for last 1,000,000:   34s.  Last read position: chr1:65,165,208
INFO	2015-04-01 11:34:55	MarkDuplicates	Tracking 61472 as yet unmatched pairs. 1411 records in RAM.
INFO	2015-04-01 11:35:25	MarkDuplicates	Read     3,000,000 records.  Elapsed time: 00:02:04s.  Time for last 1,000,000:   27s.  Last read position: chr1:88,263,388
INFO	2015-04-01 11:35:25	MarkDuplicates	Tracking 71807 as yet unmatched pairs. 1833 records in RAM.
INFO	2015-04-01 11:35:49	MarkDuplicates	Read     4,000,000 records.  Elapsed time: 00:02:30s.  Time for last 1,000,000:   25s.  Last read position: chr1:134,631,264
INFO	2015-04-01 11:35:49	MarkDuplicates	Tracking 85968 as yet unmatched pairs. 1655 records in RAM.
INFO	2015-04-01 11:36:15	MarkDuplicates	Read     5,000,000 records.  Elapsed time: 00:02:56s.  Time for last 1,000,000:   26s.  Last read position: chr1:170,158,826
INFO	2015-04-01 11:36:15	MarkDuplicates	Tracking 99587 as yet unmatched pairs. 1724 records in RAM.
INFO	2015-04-01 11:36:41	MarkDuplicates	Read     6,000,000 records.  Elapsed time: 00:03:17s.  Time for last 1,000,000:   20s.  Last read position: chr10:4,358,770
INFO	2015-04-01 11:36:41	MarkDuplicates	Tracking 109614 as yet unmatched pairs. 5905 records in RAM.
INFO	2015-04-01 11:37:06	MarkDuplicates	Read     7,000,000 records.  Elapsed time: 00:03:46s.  Time for last 1,000,000:   28s.  Last read position: chr10:44,289,942
INFO	2015-04-01 11:37:06	MarkDuplicates	Tracking 131369 as yet unmatched pairs. 6120 records in RAM.
INFO	2015-04-01 11:37:31	MarkDuplicates	Read     8,000,000 records.  Elapsed time: 00:04:09s.  Time for last 1,000,000:   23s.  Last read position: chr10:79,707,431
INFO	2015-04-01 11:37:31	MarkDuplicates	Tracking 140045 as yet unmatched pairs. 6221 records in RAM.
INFO	2015-04-01 11:37:57	MarkDuplicates	Read     9,000,000 records.  Elapsed time: 00:04:32s.  Time for last 1,000,000:   23s.  Last read position: chr10:86,696,825
INFO	2015-04-01 11:37:57	MarkDuplicates	Tracking 147298 as yet unmatched pairs. 7273 records in RAM.
INFO	2015-04-01 11:38:21	MarkDuplicates	Read    10,000,000 records.  Elapsed time: 00:05:00s.  Time for last 1,000,000:   27s.  Last read position: chr10:126,996,137
INFO	2015-04-01 11:38:21	MarkDuplicates	Tracking 156223 as yet unmatched pairs. 2702 records in RAM.
INFO	2015-04-01 11:38:44	MarkDuplicates	Read    11,000,000 records.  Elapsed time: 00:05:25s.  Time for last 1,000,000:   24s.  Last read position: chr11:5,704,641
INFO	2015-04-01 11:38:44	MarkDuplicates	Tracking 171845 as yet unmatched pairs. 9112 records in RAM.
INFO	2015-04-01 11:39:02	MarkDuplicates	Read    12,000,000 records.  Elapsed time: 00:05:40s.  Time for last 1,000,000:   15s.  Last read position: chr11:32,284,021
INFO	2015-04-01 11:39:02	MarkDuplicates	Tracking 195862 as yet unmatched pairs. 16038 records in RAM.
INFO	2015-04-01 11:39:32	MarkDuplicates	Read    13,000,000 records.  Elapsed time: 00:06:08s.  Time for last 1,000,000:   28s.  Last read position: chr11:53,419,414
INFO	2015-04-01 11:39:32	MarkDuplicates	Tracking 213963 as yet unmatched pairs. 23708 records in RAM.
INFO	2015-04-01 11:40:07	MarkDuplicates	Read    14,000,000 records.  Elapsed time: 00:06:43s.  Time for last 1,000,000:   34s.  Last read position: chr11:67,087,308
INFO	2015-04-01 11:40:07	MarkDuplicates	Tracking 232733 as yet unmatched pairs. 37091 records in RAM.
INFO	2015-04-01 11:40:24	MarkDuplicates	Read    15,000,000 records.  Elapsed time: 00:07:04s.  Time for last 1,000,000:   21s.  Last read position: chr11:75,163,369
INFO	2015-04-01 11:40:24	MarkDuplicates	Tracking 238264 as yet unmatched pairs. 37298 records in RAM.
INFO	2015-04-01 11:40:54	MarkDuplicates	Read    16,000,000 records.  Elapsed time: 00:07:36s.  Time for last 1,000,000:   31s.  Last read position: chr11:88,050,016
INFO	2015-04-01 11:40:54	MarkDuplicates	Tracking 248771 as yet unmatched pairs. 35922 records in RAM.
INFO	2015-04-01 11:41:10	MarkDuplicates	Read    17,000,000 records.  Elapsed time: 00:07:52s.  Time for last 1,000,000:   16s.  Last read position: chr11:98,993,772
INFO	2015-04-01 11:41:10	MarkDuplicates	Tracking 257337 as yet unmatched pairs. 34353 records in RAM.
INFO	2015-04-01 11:41:47	MarkDuplicates	Read    18,000,000 records.  Elapsed time: 00:08:24s.  Time for last 1,000,000:   32s.  Last read position: chr11:107,060,534
INFO	2015-04-01 11:41:47	MarkDuplicates	Tracking 267323 as yet unmatched pairs. 33045 records in RAM.
INFO	2015-04-01 11:42:12	MarkDuplicates	Read    19,000,000 records.  Elapsed time: 00:08:49s.  Time for last 1,000,000:   24s.  Last read position: chr11:120,579,412
INFO	2015-04-01 11:42:12	MarkDuplicates	Tracking 278531 as yet unmatched pairs. 33092 records in RAM.
INFO	2015-04-01 11:42:49	MarkDuplicates	Read    20,000,000 records.  Elapsed time: 00:09:28s.  Time for last 1,000,000:   39s.  Last read position: chr12:31,596,165
INFO	2015-04-01 11:42:49	MarkDuplicates	Tracking 297995 as yet unmatched pairs. 23706 records in RAM.
INFO	2015-04-01 11:43:10	MarkDuplicates	Read    21,000,000 records.  Elapsed time: 00:09:49s.  Time for last 1,000,000:   20s.  Last read position: chr12:78,866,633
INFO	2015-04-01 11:43:10	MarkDuplicates	Tracking 318556 as yet unmatched pairs. 22218 records in RAM.
INFO	2015-04-01 11:43:34	MarkDuplicates	Read    22,000,000 records.  Elapsed time: 00:10:08s.  Time for last 1,000,000:   18s.  Last read position: chr12:109,544,194
INFO	2015-04-01 11:43:34	MarkDuplicates	Tracking 330812 as yet unmatched pairs. 21671 records in RAM.
INFO	2015-04-01 11:44:10	MarkDuplicates	Read    23,000,000 records.  Elapsed time: 00:10:48s.  Time for last 1,000,000:   39s.  Last read position: chr13:3,900,105
INFO	2015-04-01 11:44:10	MarkDuplicates	Tracking 318784 as yet unmatched pairs. 12822 records in RAM.
INFO	2015-04-01 11:44:32	MarkDuplicates	Read    24,000,000 records.  Elapsed time: 00:11:09s.  Time for last 1,000,000:   20s.  Last read position: chr13:49,384,065
INFO	2015-04-01 11:44:32	MarkDuplicates	Tracking 330729 as yet unmatched pairs. 10583 records in RAM.
INFO	2015-04-01 11:44:46	MarkDuplicates	Read    25,000,000 records.  Elapsed time: 00:11:28s.  Time for last 1,000,000:   19s.  Last read position: chr13:74,322,287
INFO	2015-04-01 11:44:46	MarkDuplicates	Tracking 339365 as yet unmatched pairs. 5578 records in RAM.
INFO	2015-04-01 11:45:21	MarkDuplicates	Read    26,000,000 records.  Elapsed time: 00:12:03s.  Time for last 1,000,000:   34s.  Last read position: chr13:108,671,277
INFO	2015-04-01 11:45:21	MarkDuplicates	Tracking 366152 as yet unmatched pairs. 1750 records in RAM.
INFO	2015-04-01 11:45:44	MarkDuplicates	Read    27,000,000 records.  Elapsed time: 00:12:22s.  Time for last 1,000,000:   19s.  Last read position: chr14:26,128,859
INFO	2015-04-01 11:45:44	MarkDuplicates	Tracking 377779 as yet unmatched pairs. 20592 records in RAM.
INFO	2015-04-01 11:46:00	MarkDuplicates	Read    28,000,000 records.  Elapsed time: 00:12:41s.  Time for last 1,000,000:   19s.  Last read position: chr14:54,507,408
INFO	2015-04-01 11:46:00	MarkDuplicates	Tracking 380327 as yet unmatched pairs. 12207 records in RAM.
INFO	2015-04-01 11:46:53	MarkDuplicates	Read    29,000,000 records.  Elapsed time: 00:13:23s.  Time for last 1,000,000:   41s.  Last read position: chr14:73,595,648
INFO	2015-04-01 11:46:53	MarkDuplicates	Tracking 388209 as yet unmatched pairs. 10092 records in RAM.
INFO	2015-04-01 11:47:14	MarkDuplicates	Read    30,000,000 records.  Elapsed time: 00:13:56s.  Time for last 1,000,000:   33s.  Last read position: chr15:12,081,778
INFO	2015-04-01 11:47:14	MarkDuplicates	Tracking 398062 as yet unmatched pairs. 13249 records in RAM.
INFO	2015-04-01 11:47:38	MarkDuplicates	Read    31,000,000 records.  Elapsed time: 00:14:13s.  Time for last 1,000,000:   16s.  Last read position: chr15:74,955,628
INFO	2015-04-01 11:47:38	MarkDuplicates	Tracking 398957 as yet unmatched pairs. 5932 records in RAM.
INFO	2015-04-01 11:48:20	MarkDuplicates	Read    32,000,000 records.  Elapsed time: 00:15:01s.  Time for last 1,000,000:   48s.  Last read position: chr15:82,177,475
INFO	2015-04-01 11:48:20	MarkDuplicates	Tracking 403020 as yet unmatched pairs. 4426 records in RAM.
INFO	2015-04-01 11:48:36	MarkDuplicates	Read    33,000,000 records.  Elapsed time: 00:15:17s.  Time for last 1,000,000:   15s.  Last read position: chr15:98,950,608
INFO	2015-04-01 11:48:36	MarkDuplicates	Tracking 427154 as yet unmatched pairs. 21701 records in RAM.
INFO	2015-04-01 11:49:03	MarkDuplicates	Read    34,000,000 records.  Elapsed time: 00:15:37s.  Time for last 1,000,000:   19s.  Last read position: chr16:4,713,717
INFO	2015-04-01 11:49:03	MarkDuplicates	Tracking 434735 as yet unmatched pairs. 13699 records in RAM.
INFO	2015-04-01 11:49:27	MarkDuplicates	Read    35,000,000 records.  Elapsed time: 00:16:02s.  Time for last 1,000,000:   25s.  Last read position: chr16:23,113,481
INFO	2015-04-01 11:49:27	MarkDuplicates	Tracking 439655 as yet unmatched pairs. 8749 records in RAM.
INFO	2015-04-01 11:50:15	MarkDuplicates	Read    36,000,000 records.  Elapsed time: 00:16:56s.  Time for last 1,000,000:   53s.  Last read position: chr16:64,858,726
INFO	2015-04-01 11:50:15	MarkDuplicates	Tracking 446766 as yet unmatched pairs. 3748 records in RAM.
INFO	2015-04-01 11:50:36	MarkDuplicates	Read    37,000,000 records.  Elapsed time: 00:17:12s.  Time for last 1,000,000:   16s.  Last read position: chr17:12,686,749
INFO	2015-04-01 11:50:36	MarkDuplicates	Tracking 455690 as yet unmatched pairs. 32666 records in RAM.
INFO	2015-04-01 11:51:07	MarkDuplicates	Read    38,000,000 records.  Elapsed time: 00:17:36s.  Time for last 1,000,000:   24s.  Last read position: chr17:26,088,733
INFO	2015-04-01 11:51:07	MarkDuplicates	Tracking 460888 as yet unmatched pairs. 25500 records in RAM.
INFO	2015-04-01 11:51:30	MarkDuplicates	Read    39,000,000 records.  Elapsed time: 00:18:03s.  Time for last 1,000,000:   26s.  Last read position: chr17:34,906,387
INFO	2015-04-01 11:51:30	MarkDuplicates	Tracking 460264 as yet unmatched pairs. 13665 records in RAM.
INFO	2015-04-01 11:52:05	MarkDuplicates	Read    40,000,000 records.  Elapsed time: 00:18:45s.  Time for last 1,000,000:   41s.  Last read position: chr17:48,419,344
INFO	2015-04-01 11:52:05	MarkDuplicates	Tracking 467017 as yet unmatched pairs. 9812 records in RAM.
INFO	2015-04-01 11:53:45	MarkDuplicates	Read    41,000,000 records.  Elapsed time: 00:20:08s.  Time for last 1,000,000:   83s.  Last read position: chr17:86,999,698
INFO	2015-04-01 11:53:45	MarkDuplicates	Tracking 470814 as yet unmatched pairs. 4057 records in RAM.
INFO	2015-04-01 11:54:09	MarkDuplicates	Read    42,000,000 records.  Elapsed time: 00:20:48s.  Time for last 1,000,000:   39s.  Last read position: chr18:35,254,573
INFO	2015-04-01 11:54:09	MarkDuplicates	Tracking 467351 as yet unmatched pairs. 12926 records in RAM.
INFO	2015-04-01 11:54:37	MarkDuplicates	Read    43,000,000 records.  Elapsed time: 00:21:13s.  Time for last 1,000,000:   25s.  Last read position: chr18:61,814,198
INFO	2015-04-01 11:54:37	MarkDuplicates	Tracking 471848 as yet unmatched pairs. 5122 records in RAM.
INFO	2015-04-01 11:54:58	MarkDuplicates	Read    44,000,000 records.  Elapsed time: 00:21:35s.  Time for last 1,000,000:   22s.  Last read position: chr19:5,483,879
INFO	2015-04-01 11:54:58	MarkDuplicates	Tracking 472568 as yet unmatched pairs. 18523 records in RAM.
INFO	2015-04-01 11:56:43	MarkDuplicates	Read    45,000,000 records.  Elapsed time: 00:23:21s.  Time for last 1,000,000:  105s.  Last read position: chr19:12,588,457
INFO	2015-04-01 11:56:43	MarkDuplicates	Tracking 473216 as yet unmatched pairs. 13715 records in RAM.
INFO	2015-04-01 11:56:58	MarkDuplicates	Read    46,000,000 records.  Elapsed time: 00:23:37s.  Time for last 1,000,000:   15s.  Last read position: chr19:46,381,008
INFO	2015-04-01 11:56:58	MarkDuplicates	Tracking 477496 as yet unmatched pairs. 7754 records in RAM.
INFO	2015-04-01 11:57:17	MarkDuplicates	Read    47,000,000 records.  Elapsed time: 00:23:55s.  Time for last 1,000,000:   18s.  Last read position: chr2:25,350,566
INFO	2015-04-01 11:57:17	MarkDuplicates	Tracking 477754 as yet unmatched pairs. 41918 records in RAM.
INFO	2015-04-01 11:58:14	MarkDuplicates	Read    48,000,000 records.  Elapsed time: 00:24:32s.  Time for last 1,000,000:   36s.  Last read position: chr2:32,962,081
INFO	2015-04-01 11:58:20	MarkDuplicates	Tracking 484835 as yet unmatched pairs. 39172 records in RAM.
INFO	2015-04-01 11:58:47	MarkDuplicates	Read    49,000,000 records.  Elapsed time: 00:25:15s.  Time for last 1,000,000:   43s.  Last read position: chr2:75,663,644
INFO	2015-04-01 11:58:47	MarkDuplicates	Tracking 482374 as yet unmatched pairs. 27323 records in RAM.
INFO	2015-04-01 11:59:10	MarkDuplicates	Read    50,000,000 records.  Elapsed time: 00:25:46s.  Time for last 1,000,000:   30s.  Last read position: chr2:110,013,426
INFO	2015-04-01 11:59:10	MarkDuplicates	Tracking 484725 as yet unmatched pairs. 22723 records in RAM.
INFO	2015-04-01 12:00:16	MarkDuplicates	Read    51,000,000 records.  Elapsed time: 00:26:54s.  Time for last 1,000,000:   68s.  Last read position: chr2:129,110,110
INFO	2015-04-01 12:00:16	MarkDuplicates	Tracking 486207 as yet unmatched pairs. 18386 records in RAM.
INFO	2015-04-01 12:00:56	MarkDuplicates	Read    52,000,000 records.  Elapsed time: 00:27:31s.  Time for last 1,000,000:   37s.  Last read position: chr2:156,076,836
INFO	2015-04-01 12:00:56	MarkDuplicates	Tracking 482851 as yet unmatched pairs. 10833 records in RAM.
INFO	2015-04-01 12:01:18	MarkDuplicates	Read    53,000,000 records.  Elapsed time: 00:27:54s.  Time for last 1,000,000:   22s.  Last read position: chr2:174,338,424
INFO	2015-04-01 12:01:18	MarkDuplicates	Tracking 485600 as yet unmatched pairs. 8049 records in RAM.
INFO	2015-04-01 12:01:53	MarkDuplicates	Read    54,000,000 records.  Elapsed time: 00:28:30s.  Time for last 1,000,000:   35s.  Last read position: chr3:28,667,371
INFO	2015-04-01 12:01:53	MarkDuplicates	Tracking 485347 as yet unmatched pairs. 61274 records in RAM.
INFO	2015-04-01 12:02:27	MarkDuplicates	Read    55,000,000 records.  Elapsed time: 00:28:56s.  Time for last 1,000,000:   26s.  Last read position: chr3:65,946,581
INFO	2015-04-01 12:02:27	MarkDuplicates	Tracking 472475 as yet unmatched pairs. 40900 records in RAM.
INFO	2015-04-01 12:03:13	MarkDuplicates	Read    56,000,000 records.  Elapsed time: 00:29:48s.  Time for last 1,000,000:   51s.  Last read position: chr3:90,506,456
INFO	2015-04-01 12:03:13	MarkDuplicates	Tracking 462880 as yet unmatched pairs. 24714 records in RAM.
INFO	2015-04-01 12:04:31	MarkDuplicates	Read    57,000,000 records.  Elapsed time: 00:31:07s.  Time for last 1,000,000:   78s.  Last read position: chr3:108,361,327
INFO	2015-04-01 12:04:31	MarkDuplicates	Tracking 456878 as yet unmatched pairs. 15138 records in RAM.
INFO	2015-04-01 12:04:52	MarkDuplicates	Read    58,000,000 records.  Elapsed time: 00:31:30s.  Time for last 1,000,000:   22s.  Last read position: chr3:150,072,937
INFO	2015-04-01 12:04:52	MarkDuplicates	Tracking 454626 as yet unmatched pairs. 2351 records in RAM.
INFO	2015-04-01 12:05:20	MarkDuplicates	Read    59,000,000 records.  Elapsed time: 00:31:52s.  Time for last 1,000,000:   22s.  Last read position: chr4:42,659,927
INFO	2015-04-01 12:05:20	MarkDuplicates	Tracking 465371 as yet unmatched pairs. 49460 records in RAM.
INFO	2015-04-01 12:05:48	MarkDuplicates	Read    60,000,000 records.  Elapsed time: 00:32:23s.  Time for last 1,000,000:   30s.  Last read position: chr4:83,462,569
INFO	2015-04-01 12:05:48	MarkDuplicates	Tracking 458218 as yet unmatched pairs. 37988 records in RAM.
INFO	2015-04-01 12:06:34	MarkDuplicates	Read    61,000,000 records.  Elapsed time: 00:32:59s.  Time for last 1,000,000:   36s.  Last read position: chr4:119,226,348
INFO	2015-04-01 12:06:34	MarkDuplicates	Tracking 459153 as yet unmatched pairs. 30083 records in RAM.
INFO	2015-04-01 12:07:21	MarkDuplicates	Read    62,000,000 records.  Elapsed time: 00:33:50s.  Time for last 1,000,000:   50s.  Last read position: chr4:132,705,249
INFO	2015-04-01 12:07:21	MarkDuplicates	Tracking 454620 as yet unmatched pairs. 22773 records in RAM.
INFO	2015-04-01 12:09:03	MarkDuplicates	Read    63,000,000 records.  Elapsed time: 00:35:43s.  Time for last 1,000,000:  113s.  Last read position: chr4:144,919,488
INFO	2015-04-01 12:09:03	MarkDuplicates	Tracking 455446 as yet unmatched pairs. 14349 records in RAM.
INFO	2015-04-01 12:09:33	MarkDuplicates	Read    64,000,000 records.  Elapsed time: 00:36:08s.  Time for last 1,000,000:   25s.  Last read position: chr5:7,975,516
INFO	2015-04-01 12:09:33	MarkDuplicates	Tracking 467266 as yet unmatched pairs. 63198 records in RAM.
INFO	2015-04-01 12:09:55	MarkDuplicates	Read    65,000,000 records.  Elapsed time: 00:36:32s.  Time for last 1,000,000:   23s.  Last read position: chr5:36,027,947
INFO	2015-04-01 12:09:55	MarkDuplicates	Tracking 461548 as yet unmatched pairs. 52989 records in RAM.
INFO	2015-04-01 12:10:22	MarkDuplicates	Read    66,000,000 records.  Elapsed time: 00:36:55s.  Time for last 1,000,000:   23s.  Last read position: chr5:93,156,953
INFO	2015-04-01 12:10:22	MarkDuplicates	Tracking 452952 as yet unmatched pairs. 42105 records in RAM.
INFO	2015-04-01 12:11:03	MarkDuplicates	Read    67,000,000 records.  Elapsed time: 00:37:39s.  Time for last 1,000,000:   43s.  Last read position: chr5:115,560,936
INFO	2015-04-01 12:11:04	MarkDuplicates	Tracking 462126 as yet unmatched pairs. 37018 records in RAM.
INFO	2015-04-01 12:11:52	MarkDuplicates	Read    68,000,000 records.  Elapsed time: 00:38:15s.  Time for last 1,000,000:   35s.  Last read position: chr5:125,387,870
INFO	2015-04-01 12:11:52	MarkDuplicates	Tracking 457393 as yet unmatched pairs. 24159 records in RAM.
INFO	2015-04-01 12:12:53	MarkDuplicates	Read    69,000,000 records.  Elapsed time: 00:39:03s.  Time for last 1,000,000:   48s.  Last read position: chr5:142,185,199
INFO	2015-04-01 12:12:53	MarkDuplicates	Tracking 452331 as yet unmatched pairs. 15923 records in RAM.
INFO	2015-04-01 12:15:43	MarkDuplicates	Read    70,000,000 records.  Elapsed time: 00:41:55s.  Time for last 1,000,000:  171s.  Last read position: chr6:11,997,082
INFO	2015-04-01 12:15:53	MarkDuplicates	Tracking 436677 as yet unmatched pairs. 49011 records in RAM.
INFO	2015-04-01 12:19:18	MarkDuplicates	Read    71,000,000 records.  Elapsed time: 00:44:52s.  Time for last 1,000,000:  176s.  Last read position: chr6:47,759,350
INFO	2015-04-01 12:27:42	MarkDuplicates	Tracking 432175 as yet unmatched pairs. 41626 records in RAM.
INFO	2015-04-01 12:31:57	MarkDuplicates	Read    72,000,000 records.  Elapsed time: 00:58:09s.  Time for last 1,000,000:  796s.  Last read position: chr6:85,929,070
INFO	2015-04-01 12:31:57	MarkDuplicates	Tracking 427315 as yet unmatched pairs. 32477 records in RAM.
INFO	2015-04-01 12:33:41	MarkDuplicates	Read    73,000,000 records.  Elapsed time: 00:59:24s.  Time for last 1,000,000:   74s.  Last read position: chr6:117,718,796
INFO	2015-04-01 12:41:46	MarkDuplicates	Tracking 421571 as yet unmatched pairs. 24951 records in RAM.
INFO	2015-04-01 12:46:03	MarkDuplicates	Read    74,000,000 records.  Elapsed time: 01:12:05s.  Time for last 1,000,000:  760s.  Last read position: chr6:136,587,645
INFO	2015-04-01 12:46:11	MarkDuplicates	Tracking 409523 as yet unmatched pairs. 5684 records in RAM.
INFO	2015-04-01 12:47:09	MarkDuplicates	Read    75,000,000 records.  Elapsed time: 01:13:18s.  Time for last 1,000,000:   73s.  Last read position: chr7:16,113,526
INFO	2015-04-01 12:47:18	MarkDuplicates	Tracking 402752 as yet unmatched pairs. 83697 records in RAM.
INFO	2015-04-01 12:48:17	MarkDuplicates	Read    76,000,000 records.  Elapsed time: 01:14:22s.  Time for last 1,000,000:   63s.  Last read position: chr7:29,979,560
INFO	2015-04-01 12:48:25	MarkDuplicates	Tracking 391103 as yet unmatched pairs. 70687 records in RAM.
INFO	2015-04-01 12:49:32	MarkDuplicates	Read    77,000,000 records.  Elapsed time: 01:15:49s.  Time for last 1,000,000:   87s.  Last read position: chr7:46,850,300
INFO	2015-04-01 12:49:32	MarkDuplicates	Tracking 379284 as yet unmatched pairs. 56859 records in RAM.
INFO	2015-04-01 12:52:21	MarkDuplicates	Read    78,000,000 records.  Elapsed time: 01:18:39s.  Time for last 1,000,000:  170s.  Last read position: chr7:99,347,033
INFO	2015-04-01 12:52:33	MarkDuplicates	Tracking 366645 as yet unmatched pairs. 42403 records in RAM.
INFO	2015-04-01 12:53:49	MarkDuplicates	Read    79,000,000 records.  Elapsed time: 01:20:00s.  Time for last 1,000,000:   80s.  Last read position: chr7:114,058,930
INFO	2015-04-01 12:54:02	MarkDuplicates	Tracking 360407 as yet unmatched pairs. 35024 records in RAM.
INFO	2015-04-01 12:55:33	MarkDuplicates	Read    80,000,000 records.  Elapsed time: 01:21:34s.  Time for last 1,000,000:   94s.  Last read position: chr7:128,761,462
INFO	2015-04-01 12:59:56	MarkDuplicates	Tracking 349474 as yet unmatched pairs. 21346 records in RAM.
INFO	2015-04-01 13:01:25	MarkDuplicates	Read    81,000,000 records.  Elapsed time: 01:27:31s.  Time for last 1,000,000:  356s.  Last read position: chr7:142,652,815
INFO	2015-04-01 13:01:40	MarkDuplicates	Tracking 348365 as yet unmatched pairs. 17812 records in RAM.
INFO	2015-04-01 13:05:04	MarkDuplicates	Read    82,000,000 records.  Elapsed time: 01:30:52s.  Time for last 1,000,000:  201s.  Last read position: chr8:20,269,211
INFO	2015-04-01 13:05:19	MarkDuplicates	Tracking 340659 as yet unmatched pairs. 78667 records in RAM.
INFO	2015-04-01 13:06:58	MarkDuplicates	Read    83,000,000 records.  Elapsed time: 01:32:58s.  Time for last 1,000,000:  126s.  Last read position: chr8:69,132,874
INFO	2015-04-01 13:11:06	MarkDuplicates	Tracking 323892 as yet unmatched pairs. 60529 records in RAM.
INFO	2015-04-01 13:11:59	MarkDuplicates	Read    84,000,000 records.  Elapsed time: 01:38:21s.  Time for last 1,000,000:  322s.  Last read position: chr8:84,845,971
INFO	2015-04-01 13:11:59	MarkDuplicates	Tracking 309488 as yet unmatched pairs. 44398 records in RAM.
INFO	2015-04-01 13:12:43	MarkDuplicates	Read    85,000,000 records.  Elapsed time: 01:39:08s.  Time for last 1,000,000:   47s.  Last read position: chr8:109,593,655
INFO	2015-04-01 13:12:43	MarkDuplicates	Tracking 289041 as yet unmatched pairs. 17085 records in RAM.
INFO	2015-04-01 13:13:09	MarkDuplicates	Read    86,000,000 records.  Elapsed time: 01:39:37s.  Time for last 1,000,000:   29s.  Last read position: chr8:129,218,806
INFO	2015-04-01 13:13:09	MarkDuplicates	Tracking 274794 as yet unmatched pairs. 2007 records in RAM.
INFO	2015-04-01 13:13:59	MarkDuplicates	Read    87,000,000 records.  Elapsed time: 01:40:37s.  Time for last 1,000,000:   59s.  Last read position: chr9:40,801,956
INFO	2015-04-01 13:13:59	MarkDuplicates	Tracking 264633 as yet unmatched pairs. 108133 records in RAM.
INFO	2015-04-01 13:14:17	MarkDuplicates	Read    88,000,000 records.  Elapsed time: 01:40:55s.  Time for last 1,000,000:   17s.  Last read position: chr9:57,134,139
INFO	2015-04-01 13:14:17	MarkDuplicates	Tracking 240036 as yet unmatched pairs. 75315 records in RAM.
INFO	2015-04-01 13:14:46	MarkDuplicates	Read    89,000,000 records.  Elapsed time: 01:41:16s.  Time for last 1,000,000:   21s.  Last read position: chr9:71,483,660
INFO	2015-04-01 13:14:46	MarkDuplicates	Tracking 227065 as yet unmatched pairs. 62026 records in RAM.
INFO	2015-04-01 13:15:05	MarkDuplicates	Read    90,000,000 records.  Elapsed time: 01:41:42s.  Time for last 1,000,000:   25s.  Last read position: chr9:96,179,916
INFO	2015-04-01 13:15:05	MarkDuplicates	Tracking 213003 as yet unmatched pairs. 47568 records in RAM.
INFO	2015-04-01 13:16:02	MarkDuplicates	Read    91,000,000 records.  Elapsed time: 01:42:43s.  Time for last 1,000,000:   61s.  Last read position: chr9:110,171,067
INFO	2015-04-01 13:16:02	MarkDuplicates	Tracking 193489 as yet unmatched pairs. 27812 records in RAM.
INFO	2015-04-01 13:16:22	MarkDuplicates	Read    92,000,000 records.  Elapsed time: 01:43:03s.  Time for last 1,000,000:   19s.  Last read position: chrM:5,865
INFO	2015-04-01 13:16:22	MarkDuplicates	Tracking 176781 as yet unmatched pairs. 29899 records in RAM.
INFO	2015-04-01 13:16:39	MarkDuplicates	Read    93,000,000 records.  Elapsed time: 01:43:19s.  Time for last 1,000,000:   15s.  Last read position: chrX:13,124,650
INFO	2015-04-01 13:16:39	MarkDuplicates	Tracking 143399 as yet unmatched pairs. 60160 records in RAM.
INFO	2015-04-01 13:16:52	MarkDuplicates	Read    94,000,000 records.  Elapsed time: 01:43:34s.  Time for last 1,000,000:   15s.  Last read position: chrX:73,917,922
INFO	2015-04-01 13:16:52	MarkDuplicates	Tracking 129129 as yet unmatched pairs. 45820 records in RAM.
INFO	2015-04-01 13:17:30	MarkDuplicates	Read    95,000,000 records.  Elapsed time: 01:44:09s.  Time for last 1,000,000:   34s.  Last read position: chrX:103,480,047
INFO	2015-04-01 13:17:30	MarkDuplicates	Tracking 107432 as yet unmatched pairs. 24117 records in RAM.
INFO	2015-04-01 13:17:44	MarkDuplicates	Read    96,000,000 records.  Elapsed time: 01:44:22s.  Time for last 1,000,000:   13s.  Last read position: chrX:150,812,034
INFO	2015-04-01 13:17:44	MarkDuplicates	Tracking 95439 as yet unmatched pairs. 12093 records in RAM.
INFO	2015-04-01 13:17:52	MarkDuplicates	Read 96560371 records. 80774 pairs never matched.
INFO	2015-04-01 13:18:35	MarkDuplicates	After buildSortedReadEndLists freeMemory: 13335779856; totalMemory: 24375590912; maxMemory: 38177538048
INFO	2015-04-01 13:18:35	MarkDuplicates	Will retain up to 1193048064 duplicate indices before spilling to disk.
INFO	2015-04-01 13:18:39	MarkDuplicates	Traversing read pair information and detecting duplicates.
INFO	2015-04-01 13:19:32	MarkDuplicates	Traversing fragment information and detecting duplicates.
INFO	2015-04-01 13:21:20	MarkDuplicates	Sorting list of duplicate records.
INFO	2015-04-01 13:21:28	MarkDuplicates	After generateDuplicateIndexes freeMemory: 14663559432; totalMemory: 24375590912; maxMemory: 38177538048
INFO	2015-04-01 13:21:28	MarkDuplicates	Marking 1516927 records as duplicates.
INFO	2015-04-01 13:21:28	MarkDuplicates	Found 68879 optical duplicate clusters.
INFO	2015-04-01 13:26:38	MarkDuplicates	Written    10,000,000 records.  Elapsed time: 00:05:05s.  Time for last 10,000,000:  305s.  Last read position: chr10:126,996,137
INFO	2015-04-01 13:32:50	MarkDuplicates	Written    20,000,000 records.  Elapsed time: 00:11:20s.  Time for last 10,000,000:  375s.  Last read position: chr12:31,596,165
INFO	2015-04-01 13:40:19	MarkDuplicates	Written    30,000,000 records.  Elapsed time: 00:18:47s.  Time for last 10,000,000:  446s.  Last read position: chr15:12,081,778
INFO	2015-04-01 13:47:55	MarkDuplicates	Written    40,000,000 records.  Elapsed time: 00:26:26s.  Time for last 10,000,000:  458s.  Last read position: chr17:48,419,344
INFO	2015-04-01 13:55:31	MarkDuplicates	Written    50,000,000 records.  Elapsed time: 00:34:00s.  Time for last 10,000,000:  453s.  Last read position: chr2:110,013,426
INFO	2015-04-01 14:02:50	MarkDuplicates	Written    60,000,000 records.  Elapsed time: 00:41:20s.  Time for last 10,000,000:  440s.  Last read position: chr4:83,462,569
INFO	2015-04-01 14:09:51	MarkDuplicates	Written    70,000,000 records.  Elapsed time: 00:48:22s.  Time for last 10,000,000:  421s.  Last read position: chr6:11,997,082
INFO	2015-04-01 14:16:27	MarkDuplicates	Written    80,000,000 records.  Elapsed time: 00:54:59s.  Time for last 10,000,000:  396s.  Last read position: chr7:128,761,462
INFO	2015-04-01 14:21:59	MarkDuplicates	Written    90,000,000 records.  Elapsed time: 01:00:26s.  Time for last 10,000,000:  327s.  Last read position: chr9:96,179,916
INFO	2015-04-01 14:25:27	MarkDuplicates	Before output close freeMemory: 24009623752; totalMemory: 24279711744; maxMemory: 38177538048
INFO	2015-04-01 14:25:32	MarkDuplicates	After output close freeMemory: 24342047808; totalMemory: 24611913728; maxMemory: 38177538048
[Wed Apr 01 14:25:32 EDT 2015] net.sf.picard.sam.MarkDuplicates done. Elapsed time: 172.32 minutes.
Runtime.totalMemory()=24611913728
