[Wed Apr 01 11:05:04 EDT 2015] net.sf.picard.sam.MarkDuplicates INPUT=[/n/rinn_data1/users/agroff/seq/OtherMice/Diana/lincP21/bam/JR924/accepted_hits_sorted_picard.bam] OUTPUT=/n/rinn_data1/users/agroff/seq/OtherMice/Diana/lincP21/bam/JR924/accepted_hits_sorted_duplicates_marked.bam METRICS_FILE=dup_metrics.txt    PROGRAM_RECORD_ID=MarkDuplicates PROGRAM_GROUP_NAME=MarkDuplicates REMOVE_DUPLICATES=false ASSUME_SORTED=false MAX_SEQUENCES_FOR_DISK_READ_ENDS_MAP=50000 MAX_FILE_HANDLES_FOR_READ_ENDS_MAP=8000 SORTING_COLLECTION_SIZE_RATIO=0.25 READ_NAME_REGEX=[a-zA-Z0-9]+:[0-9]:([0-9]+):([0-9]+):([0-9]+).* OPTICAL_DUPLICATE_PIXEL_DISTANCE=100 VERBOSITY=INFO QUIET=false VALIDATION_STRINGENCY=STRICT COMPRESSION_LEVEL=5 MAX_RECORDS_IN_RAM=500000 CREATE_INDEX=false CREATE_MD5_FILE=false
[Wed Apr 01 11:05:04 EDT 2015] Executing as agroff@holy2a08101.rc.fas.harvard.edu on Linux 2.6.32-431.17.1.el6.x86_64 amd64; Java HotSpot(TM) 64-Bit Server VM 1.6.0_11-b03; Picard version: 1.98(1547)
INFO	2015-04-01 11:05:05	MarkDuplicates	Start of doWork freeMemory: 8615864; totalMemory: 9109504; maxMemory: 38177538048
INFO	2015-04-01 11:05:05	MarkDuplicates	Reading input file and constructing read end information.
INFO	2015-04-01 11:05:05	MarkDuplicates	Will retain up to 151498166 data points before spilling to disk.
INFO	2015-04-01 11:06:14	MarkDuplicates	Read     1,000,000 records.  Elapsed time: 00:01:07s.  Time for last 1,000,000:   67s.  Last read position: chr1:40,023,489
INFO	2015-04-01 11:06:14	MarkDuplicates	Tracking 33844 as yet unmatched pairs. 908 records in RAM.
INFO	2015-04-01 11:06:42	MarkDuplicates	Read     2,000,000 records.  Elapsed time: 00:01:36s.  Time for last 1,000,000:   28s.  Last read position: chr1:55,153,349
INFO	2015-04-01 11:06:42	MarkDuplicates	Tracking 37626 as yet unmatched pairs. 583 records in RAM.
INFO	2015-04-01 11:07:11	MarkDuplicates	Read     3,000,000 records.  Elapsed time: 00:02:05s.  Time for last 1,000,000:   28s.  Last read position: chr1:82,290,544
INFO	2015-04-01 11:07:11	MarkDuplicates	Tracking 49354 as yet unmatched pairs. 574 records in RAM.
INFO	2015-04-01 11:07:36	MarkDuplicates	Read     4,000,000 records.  Elapsed time: 00:02:30s.  Time for last 1,000,000:   25s.  Last read position: chr1:125,397,476
INFO	2015-04-01 11:07:36	MarkDuplicates	Tracking 65536 as yet unmatched pairs. 1443 records in RAM.
INFO	2015-04-01 11:07:57	MarkDuplicates	Read     5,000,000 records.  Elapsed time: 00:02:50s.  Time for last 1,000,000:   20s.  Last read position: chr1:159,324,926
INFO	2015-04-01 11:07:57	MarkDuplicates	Tracking 76043 as yet unmatched pairs. 578 records in RAM.
INFO	2015-04-01 11:08:21	MarkDuplicates	Read     6,000,000 records.  Elapsed time: 00:03:15s.  Time for last 1,000,000:   24s.  Last read position: chr1:183,322,368
INFO	2015-04-01 11:08:21	MarkDuplicates	Tracking 83494 as yet unmatched pairs. 300 records in RAM.
INFO	2015-04-01 11:08:45	MarkDuplicates	Read     7,000,000 records.  Elapsed time: 00:03:36s.  Time for last 1,000,000:   21s.  Last read position: chr10:29,699,096
INFO	2015-04-01 11:08:45	MarkDuplicates	Tracking 101315 as yet unmatched pairs. 5794 records in RAM.
INFO	2015-04-01 11:09:07	MarkDuplicates	Read     8,000,000 records.  Elapsed time: 00:03:59s.  Time for last 1,000,000:   23s.  Last read position: chr10:75,776,833
INFO	2015-04-01 11:09:07	MarkDuplicates	Tracking 108611 as yet unmatched pairs. 3814 records in RAM.
INFO	2015-04-01 11:09:31	MarkDuplicates	Read     9,000,000 records.  Elapsed time: 00:04:23s.  Time for last 1,000,000:   24s.  Last read position: chr10:81,180,857
INFO	2015-04-01 11:09:31	MarkDuplicates	Tracking 115897 as yet unmatched pairs. 7840 records in RAM.
INFO	2015-04-01 11:09:55	MarkDuplicates	Read    10,000,000 records.  Elapsed time: 00:04:49s.  Time for last 1,000,000:   25s.  Last read position: chr10:108,278,310
INFO	2015-04-01 11:09:55	MarkDuplicates	Tracking 117392 as yet unmatched pairs. 3473 records in RAM.
INFO	2015-04-01 11:10:12	MarkDuplicates	Read    11,000,000 records.  Elapsed time: 00:05:03s.  Time for last 1,000,000:   13s.  Last read position: chr10:128,548,242
INFO	2015-04-01 11:10:12	MarkDuplicates	Tracking 134598 as yet unmatched pairs. 10670 records in RAM.
INFO	2015-04-01 11:10:41	MarkDuplicates	Read    12,000,000 records.  Elapsed time: 00:05:32s.  Time for last 1,000,000:   29s.  Last read position: chr11:11,954,762
INFO	2015-04-01 11:10:41	MarkDuplicates	Tracking 149011 as yet unmatched pairs. 8820 records in RAM.
INFO	2015-04-01 11:11:07	MarkDuplicates	Read    13,000,000 records.  Elapsed time: 00:05:57s.  Time for last 1,000,000:   24s.  Last read position: chr11:32,297,114
INFO	2015-04-01 11:11:07	MarkDuplicates	Tracking 162266 as yet unmatched pairs. 18606 records in RAM.
INFO	2015-04-01 11:11:23	MarkDuplicates	Read    14,000,000 records.  Elapsed time: 00:06:14s.  Time for last 1,000,000:   16s.  Last read position: chr11:54,979,406
INFO	2015-04-01 11:11:23	MarkDuplicates	Tracking 159201 as yet unmatched pairs. 7812 records in RAM.
INFO	2015-04-01 11:11:48	MarkDuplicates	Read    15,000,000 records.  Elapsed time: 00:06:42s.  Time for last 1,000,000:   28s.  Last read position: chr11:63,159,000
INFO	2015-04-01 11:11:48	MarkDuplicates	Tracking 161980 as yet unmatched pairs. 7059 records in RAM.
INFO	2015-04-01 11:12:04	MarkDuplicates	Read    16,000,000 records.  Elapsed time: 00:06:56s.  Time for last 1,000,000:   13s.  Last read position: chr11:73,181,531
INFO	2015-04-01 11:12:04	MarkDuplicates	Tracking 164411 as yet unmatched pairs. 6006 records in RAM.
INFO	2015-04-01 11:12:29	MarkDuplicates	Read    17,000,000 records.  Elapsed time: 00:07:22s.  Time for last 1,000,000:   25s.  Last read position: chr11:87,590,357
INFO	2015-04-01 11:12:29	MarkDuplicates	Tracking 172398 as yet unmatched pairs. 3423 records in RAM.
INFO	2015-04-01 11:12:46	MarkDuplicates	Read    18,000,000 records.  Elapsed time: 00:07:38s.  Time for last 1,000,000:   16s.  Last read position: chr11:97,778,270
INFO	2015-04-01 11:12:46	MarkDuplicates	Tracking 185762 as yet unmatched pairs. 12131 records in RAM.
INFO	2015-04-01 11:13:16	MarkDuplicates	Read    19,000,000 records.  Elapsed time: 00:08:08s.  Time for last 1,000,000:   30s.  Last read position: chr11:103,984,883
INFO	2015-04-01 11:13:16	MarkDuplicates	Tracking 185015 as yet unmatched pairs. 1779 records in RAM.
INFO	2015-04-01 11:13:34	MarkDuplicates	Read    20,000,000 records.  Elapsed time: 00:08:27s.  Time for last 1,000,000:   18s.  Last read position: chr11:119,028,014
INFO	2015-04-01 11:13:34	MarkDuplicates	Tracking 194188 as yet unmatched pairs. 643 records in RAM.
INFO	2015-04-01 11:13:46	MarkDuplicates	Read    21,000,000 records.  Elapsed time: 00:08:39s.  Time for last 1,000,000:   12s.  Last read position: chr12:20,006,329
INFO	2015-04-01 11:13:46	MarkDuplicates	Tracking 207571 as yet unmatched pairs. 17933 records in RAM.
INFO	2015-04-01 11:14:14	MarkDuplicates	Read    22,000,000 records.  Elapsed time: 00:09:07s.  Time for last 1,000,000:   27s.  Last read position: chr12:69,182,988
INFO	2015-04-01 11:14:14	MarkDuplicates	Tracking 225034 as yet unmatched pairs. 17199 records in RAM.
INFO	2015-04-01 11:14:34	MarkDuplicates	Read    23,000,000 records.  Elapsed time: 00:09:25s.  Time for last 1,000,000:   17s.  Last read position: chr12:102,395,708
INFO	2015-04-01 11:14:34	MarkDuplicates	Tracking 235415 as yet unmatched pairs. 13412 records in RAM.
INFO	2015-04-01 11:15:02	MarkDuplicates	Read    24,000,000 records.  Elapsed time: 00:09:54s.  Time for last 1,000,000:   28s.  Last read position: chr12:110,664,733
INFO	2015-04-01 11:15:02	MarkDuplicates	Tracking 229501 as yet unmatched pairs. 621 records in RAM.
INFO	2015-04-01 11:15:19	MarkDuplicates	Read    25,000,000 records.  Elapsed time: 00:10:13s.  Time for last 1,000,000:   19s.  Last read position: chr13:34,130,283
INFO	2015-04-01 11:15:19	MarkDuplicates	Tracking 238555 as yet unmatched pairs. 9082 records in RAM.
INFO	2015-04-01 11:15:31	MarkDuplicates	Read    26,000,000 records.  Elapsed time: 00:10:25s.  Time for last 1,000,000:   11s.  Last read position: chr13:59,634,531
INFO	2015-04-01 11:15:31	MarkDuplicates	Tracking 249155 as yet unmatched pairs. 7853 records in RAM.
INFO	2015-04-01 11:16:02	MarkDuplicates	Read    27,000,000 records.  Elapsed time: 00:10:56s.  Time for last 1,000,000:   30s.  Last read position: chr13:98,489,642
INFO	2015-04-01 11:16:02	MarkDuplicates	Tracking 266455 as yet unmatched pairs. 1248 records in RAM.
INFO	2015-04-01 11:16:19	MarkDuplicates	Read    28,000,000 records.  Elapsed time: 00:11:11s.  Time for last 1,000,000:   14s.  Last read position: chr14:21,033,012
INFO	2015-04-01 11:16:19	MarkDuplicates	Tracking 285245 as yet unmatched pairs. 22572 records in RAM.
INFO	2015-04-01 11:16:36	MarkDuplicates	Read    29,000,000 records.  Elapsed time: 00:11:29s.  Time for last 1,000,000:   18s.  Last read position: chr14:50,916,825
INFO	2015-04-01 11:16:36	MarkDuplicates	Tracking 281821 as yet unmatched pairs. 10995 records in RAM.
INFO	2015-04-01 11:17:16	MarkDuplicates	Read    30,000,000 records.  Elapsed time: 00:12:09s.  Time for last 1,000,000:   39s.  Last read position: chr14:70,504,699
INFO	2015-04-01 11:17:16	MarkDuplicates	Tracking 289736 as yet unmatched pairs. 8937 records in RAM.
INFO	2015-04-01 11:17:28	MarkDuplicates	Read    31,000,000 records.  Elapsed time: 00:12:22s.  Time for last 1,000,000:   13s.  Last read position: chr15:4,059,970
INFO	2015-04-01 11:17:28	MarkDuplicates	Tracking 296305 as yet unmatched pairs. 13112 records in RAM.
INFO	2015-04-01 11:17:46	MarkDuplicates	Read    32,000,000 records.  Elapsed time: 00:12:39s.  Time for last 1,000,000:   17s.  Last read position: chr15:55,437,015
INFO	2015-04-01 11:17:46	MarkDuplicates	Tracking 297075 as yet unmatched pairs. 5603 records in RAM.
INFO	2015-04-01 11:17:58	MarkDuplicates	Read    33,000,000 records.  Elapsed time: 00:12:50s.  Time for last 1,000,000:   11s.  Last read position: chr15:79,826,157
INFO	2015-04-01 11:17:58	MarkDuplicates	Tracking 298429 as yet unmatched pairs. 3534 records in RAM.
INFO	2015-04-01 11:18:25	MarkDuplicates	Read    34,000,000 records.  Elapsed time: 00:13:18s.  Time for last 1,000,000:   27s.  Last read position: chr15:98,741,396
INFO	2015-04-01 11:18:25	MarkDuplicates	Tracking 302110 as yet unmatched pairs. 1398 records in RAM.
INFO	2015-04-01 11:18:36	MarkDuplicates	Read    35,000,000 records.  Elapsed time: 00:13:28s.  Time for last 1,000,000:   10s.  Last read position: chr15:101,859,639
INFO	2015-04-01 11:18:36	MarkDuplicates	Tracking 306293 as yet unmatched pairs. 1183 records in RAM.
INFO	2015-04-01 11:18:59	MarkDuplicates	Read    36,000,000 records.  Elapsed time: 00:13:52s.  Time for last 1,000,000:   23s.  Last read position: chr16:17,486,847
INFO	2015-04-01 11:18:59	MarkDuplicates	Tracking 319354 as yet unmatched pairs. 8570 records in RAM.
INFO	2015-04-01 11:19:10	MarkDuplicates	Read    37,000,000 records.  Elapsed time: 00:14:03s.  Time for last 1,000,000:   11s.  Last read position: chr16:37,883,103
INFO	2015-04-01 11:19:10	MarkDuplicates	Tracking 321737 as yet unmatched pairs. 4454 records in RAM.
INFO	2015-04-01 11:19:54	MarkDuplicates	Read    38,000,000 records.  Elapsed time: 00:14:45s.  Time for last 1,000,000:   41s.  Last read position: chr16:96,121,931
INFO	2015-04-01 11:19:54	MarkDuplicates	Tracking 330940 as yet unmatched pairs. 2585 records in RAM.
INFO	2015-04-01 11:20:12	MarkDuplicates	Read    39,000,000 records.  Elapsed time: 00:15:06s.  Time for last 1,000,000:   20s.  Last read position: chr17:24,720,443
INFO	2015-04-01 11:20:12	MarkDuplicates	Tracking 335992 as yet unmatched pairs. 25074 records in RAM.
INFO	2015-04-01 11:20:32	MarkDuplicates	Read    40,000,000 records.  Elapsed time: 00:15:25s.  Time for last 1,000,000:   19s.  Last read position: chr17:33,394,537
INFO	2015-04-01 11:20:32	MarkDuplicates	Tracking 335433 as yet unmatched pairs. 13507 records in RAM.
INFO	2015-04-01 11:20:44	MarkDuplicates	Read    41,000,000 records.  Elapsed time: 00:15:38s.  Time for last 1,000,000:   12s.  Last read position: chr17:45,568,541
INFO	2015-04-01 11:20:44	MarkDuplicates	Tracking 345199 as yet unmatched pairs. 12114 records in RAM.
INFO	2015-04-01 11:21:29	MarkDuplicates	Read    42,000,000 records.  Elapsed time: 00:16:19s.  Time for last 1,000,000:   41s.  Last read position: chr17:72,846,425
INFO	2015-04-01 11:21:29	MarkDuplicates	Tracking 343664 as yet unmatched pairs. 2575 records in RAM.
INFO	2015-04-01 11:21:42	MarkDuplicates	Read    43,000,000 records.  Elapsed time: 00:16:34s.  Time for last 1,000,000:   15s.  Last read position: chr18:32,091,153
INFO	2015-04-01 11:21:42	MarkDuplicates	Tracking 341567 as yet unmatched pairs. 12156 records in RAM.
INFO	2015-04-01 11:21:54	MarkDuplicates	Read    44,000,000 records.  Elapsed time: 00:16:47s.  Time for last 1,000,000:   12s.  Last read position: chr18:60,566,499
INFO	2015-04-01 11:21:54	MarkDuplicates	Tracking 347224 as yet unmatched pairs. 7839 records in RAM.
INFO	2015-04-01 11:22:12	MarkDuplicates	Read    45,000,000 records.  Elapsed time: 00:17:06s.  Time for last 1,000,000:   19s.  Last read position: chr19:3,942,739
INFO	2015-04-01 11:22:12	MarkDuplicates	Tracking 344777 as yet unmatched pairs. 16476 records in RAM.
INFO	2015-04-01 11:22:26	MarkDuplicates	Read    46,000,000 records.  Elapsed time: 00:17:16s.  Time for last 1,000,000:   10s.  Last read position: chr19:9,002,223
INFO	2015-04-01 11:22:26	MarkDuplicates	Tracking 343378 as yet unmatched pairs. 12390 records in RAM.
INFO	2015-04-01 11:23:06	MarkDuplicates	Read    47,000,000 records.  Elapsed time: 00:18:00s.  Time for last 1,000,000:   43s.  Last read position: chr19:42,150,916
INFO	2015-04-01 11:23:06	MarkDuplicates	Tracking 347999 as yet unmatched pairs. 7107 records in RAM.
INFO	2015-04-01 11:23:19	MarkDuplicates	Read    48,000,000 records.  Elapsed time: 00:18:11s.  Time for last 1,000,000:   10s.  Last read position: chr2:13,580,237
INFO	2015-04-01 11:23:19	MarkDuplicates	Tracking 348851 as yet unmatched pairs. 40308 records in RAM.
INFO	2015-04-01 11:23:29	MarkDuplicates	Read    49,000,000 records.  Elapsed time: 00:18:22s.  Time for last 1,000,000:   11s.  Last read position: chr2:31,058,909
INFO	2015-04-01 11:23:29	MarkDuplicates	Tracking 352444 as yet unmatched pairs. 30434 records in RAM.
INFO	2015-04-01 11:23:52	MarkDuplicates	Read    50,000,000 records.  Elapsed time: 00:18:43s.  Time for last 1,000,000:   20s.  Last read position: chr2:71,141,518
INFO	2015-04-01 11:23:52	MarkDuplicates	Tracking 348817 as yet unmatched pairs. 22038 records in RAM.
INFO	2015-04-01 11:24:04	MarkDuplicates	Read    51,000,000 records.  Elapsed time: 00:18:57s.  Time for last 1,000,000:   13s.  Last read position: chr2:103,768,219
INFO	2015-04-01 11:24:04	MarkDuplicates	Tracking 353891 as yet unmatched pairs. 18385 records in RAM.
INFO	2015-04-01 11:24:14	MarkDuplicates	Read    52,000,000 records.  Elapsed time: 00:19:08s.  Time for last 1,000,000:   11s.  Last read position: chr2:126,797,799
INFO	2015-04-01 11:24:14	MarkDuplicates	Tracking 354437 as yet unmatched pairs. 13935 records in RAM.
INFO	2015-04-01 11:24:57	MarkDuplicates	Read    53,000,000 records.  Elapsed time: 00:19:48s.  Time for last 1,000,000:   40s.  Last read position: chr2:155,392,704
INFO	2015-04-01 11:24:57	MarkDuplicates	Tracking 351180 as yet unmatched pairs. 7198 records in RAM.
INFO	2015-04-01 11:25:09	MarkDuplicates	Read    54,000,000 records.  Elapsed time: 00:20:01s.  Time for last 1,000,000:   12s.  Last read position: chr2:174,343,246
INFO	2015-04-01 11:25:09	MarkDuplicates	Tracking 357967 as yet unmatched pairs. 9563 records in RAM.
INFO	2015-04-01 11:25:21	MarkDuplicates	Read    55,000,000 records.  Elapsed time: 00:20:14s.  Time for last 1,000,000:   12s.  Last read position: chr3:28,806,529
INFO	2015-04-01 11:25:21	MarkDuplicates	Tracking 355661 as yet unmatched pairs. 56070 records in RAM.
INFO	2015-04-01 11:25:48	MarkDuplicates	Read    56,000,000 records.  Elapsed time: 00:20:41s.  Time for last 1,000,000:   27s.  Last read position: chr3:60,877,459
INFO	2015-04-01 11:25:48	MarkDuplicates	Tracking 341916 as yet unmatched pairs. 36012 records in RAM.
INFO	2015-04-01 11:25:59	MarkDuplicates	Read    57,000,000 records.  Elapsed time: 00:20:52s.  Time for last 1,000,000:   10s.  Last read position: chr3:90,100,334
INFO	2015-04-01 11:25:59	MarkDuplicates	Tracking 331102 as yet unmatched pairs. 21919 records in RAM.
INFO	2015-04-01 11:26:10	MarkDuplicates	Read    58,000,000 records.  Elapsed time: 00:21:03s.  Time for last 1,000,000:   11s.  Last read position: chr3:107,897,981
INFO	2015-04-01 11:26:10	MarkDuplicates	Tracking 328790 as yet unmatched pairs. 13900 records in RAM.
INFO	2015-04-01 11:26:54	MarkDuplicates	Read    59,000,000 records.  Elapsed time: 00:21:46s.  Time for last 1,000,000:   42s.  Last read position: chr3:146,195,332
INFO	2015-04-01 11:26:54	MarkDuplicates	Tracking 320776 as yet unmatched pairs. 1511 records in RAM.
INFO	2015-04-01 11:27:08	MarkDuplicates	Read    60,000,000 records.  Elapsed time: 00:22:00s.  Time for last 1,000,000:   13s.  Last read position: chr4:41,720,794
INFO	2015-04-01 11:27:08	MarkDuplicates	Tracking 334670 as yet unmatched pairs. 39483 records in RAM.
INFO	2015-04-01 11:27:18	MarkDuplicates	Read    61,000,000 records.  Elapsed time: 00:22:12s.  Time for last 1,000,000:   11s.  Last read position: chr4:83,464,954
INFO	2015-04-01 11:27:18	MarkDuplicates	Tracking 328788 as yet unmatched pairs. 30083 records in RAM.
INFO	2015-04-01 11:27:33	MarkDuplicates	Read    62,000,000 records.  Elapsed time: 00:22:24s.  Time for last 1,000,000:   12s.  Last read position: chr4:118,436,570
INFO	2015-04-01 11:27:33	MarkDuplicates	Tracking 330137 as yet unmatched pairs. 23673 records in RAM.
INFO	2015-04-01 11:27:56	MarkDuplicates	Read    63,000,000 records.  Elapsed time: 00:22:47s.  Time for last 1,000,000:   22s.  Last read position: chr4:133,100,325
INFO	2015-04-01 11:27:56	MarkDuplicates	Tracking 326310 as yet unmatched pairs. 17458 records in RAM.
INFO	2015-04-01 11:28:08	MarkDuplicates	Read    64,000,000 records.  Elapsed time: 00:23:00s.  Time for last 1,000,000:   13s.  Last read position: chr4:146,657,417
INFO	2015-04-01 11:28:08	MarkDuplicates	Tracking 327080 as yet unmatched pairs. 9124 records in RAM.
INFO	2015-04-01 11:28:21	MarkDuplicates	Read    65,000,000 records.  Elapsed time: 00:23:14s.  Time for last 1,000,000:   13s.  Last read position: chr5:16,730,988
INFO	2015-04-01 11:28:21	MarkDuplicates	Tracking 333561 as yet unmatched pairs. 49907 records in RAM.
INFO	2015-04-01 11:29:19	MarkDuplicates	Read    66,000,000 records.  Elapsed time: 00:24:10s.  Time for last 1,000,000:   56s.  Last read position: chr5:43,758,306
INFO	2015-04-01 11:29:19	MarkDuplicates	Tracking 328834 as yet unmatched pairs. 41766 records in RAM.
INFO	2015-04-01 11:29:30	MarkDuplicates	Read    67,000,000 records.  Elapsed time: 00:24:23s.  Time for last 1,000,000:   12s.  Last read position: chr5:103,425,518
INFO	2015-04-01 11:29:30	MarkDuplicates	Tracking 321261 as yet unmatched pairs. 32314 records in RAM.
INFO	2015-04-01 11:29:41	MarkDuplicates	Read    68,000,000 records.  Elapsed time: 00:24:35s.  Time for last 1,000,000:   11s.  Last read position: chr5:116,422,302
INFO	2015-04-01 11:29:41	MarkDuplicates	Tracking 333141 as yet unmatched pairs. 25881 records in RAM.
INFO	2015-04-01 11:29:51	MarkDuplicates	Read    69,000,000 records.  Elapsed time: 00:24:44s.  Time for last 1,000,000:    9s.  Last read position: chr5:129,023,050
INFO	2015-04-01 11:29:51	MarkDuplicates	Tracking 324785 as yet unmatched pairs. 16242 records in RAM.
INFO	2015-04-01 11:30:14	MarkDuplicates	Read    70,000,000 records.  Elapsed time: 00:25:06s.  Time for last 1,000,000:   21s.  Last read position: chr5:142,961,201
INFO	2015-04-01 11:30:14	MarkDuplicates	Tracking 320241 as yet unmatched pairs. 8021 records in RAM.
INFO	2015-04-01 11:30:27	MarkDuplicates	Read    71,000,000 records.  Elapsed time: 00:25:19s.  Time for last 1,000,000:   13s.  Last read position: chr6:5,431,492
INFO	2015-04-01 11:30:27	MarkDuplicates	Tracking 307671 as yet unmatched pairs. 41998 records in RAM.
INFO	2015-04-01 11:30:37	MarkDuplicates	Read    72,000,000 records.  Elapsed time: 00:25:31s.  Time for last 1,000,000:   11s.  Last read position: chr6:42,281,888
INFO	2015-04-01 11:30:37	MarkDuplicates	Tracking 302628 as yet unmatched pairs. 34521 records in RAM.
INFO	2015-04-01 11:30:48	MarkDuplicates	Read    73,000,000 records.  Elapsed time: 00:25:42s.  Time for last 1,000,000:   10s.  Last read position: chr6:84,099,436
INFO	2015-04-01 11:30:48	MarkDuplicates	Tracking 297573 as yet unmatched pairs. 26378 records in RAM.
INFO	2015-04-01 11:31:50	MarkDuplicates	Read    74,000,000 records.  Elapsed time: 00:26:41s.  Time for last 1,000,000:   59s.  Last read position: chr6:117,716,843
INFO	2015-04-01 11:31:50	MarkDuplicates	Tracking 293584 as yet unmatched pairs. 21215 records in RAM.
INFO	2015-04-01 11:32:03	MarkDuplicates	Read    75,000,000 records.  Elapsed time: 00:26:54s.  Time for last 1,000,000:   12s.  Last read position: chr6:135,019,050
INFO	2015-04-01 11:32:03	MarkDuplicates	Tracking 282071 as yet unmatched pairs. 3955 records in RAM.
INFO	2015-04-01 11:32:16	MarkDuplicates	Read    76,000,000 records.  Elapsed time: 00:27:09s.  Time for last 1,000,000:   15s.  Last read position: chr7:13,029,111
INFO	2015-04-01 11:32:16	MarkDuplicates	Tracking 276836 as yet unmatched pairs. 67363 records in RAM.
INFO	2015-04-01 11:32:27	MarkDuplicates	Read    77,000,000 records.  Elapsed time: 00:27:21s.  Time for last 1,000,000:   11s.  Last read position: chr7:28,893,796
INFO	2015-04-01 11:32:27	MarkDuplicates	Tracking 267820 as yet unmatched pairs. 57362 records in RAM.
INFO	2015-04-01 11:32:41	MarkDuplicates	Read    78,000,000 records.  Elapsed time: 00:27:32s.  Time for last 1,000,000:   10s.  Last read position: chr7:45,459,651
INFO	2015-04-01 11:32:41	MarkDuplicates	Tracking 264969 as yet unmatched pairs. 53077 records in RAM.
INFO	2015-04-01 11:33:08	MarkDuplicates	Read    79,000,000 records.  Elapsed time: 00:28:00s.  Time for last 1,000,000:   28s.  Last read position: chr7:93,179,067
INFO	2015-04-01 11:33:08	MarkDuplicates	Tracking 249188 as yet unmatched pairs. 35969 records in RAM.
INFO	2015-04-01 11:33:20	MarkDuplicates	Read    80,000,000 records.  Elapsed time: 00:28:12s.  Time for last 1,000,000:   11s.  Last read position: chr7:103,827,577
INFO	2015-04-01 11:33:20	MarkDuplicates	Tracking 258821 as yet unmatched pairs. 45048 records in RAM.
INFO	2015-04-01 11:33:31	MarkDuplicates	Read    81,000,000 records.  Elapsed time: 00:28:24s.  Time for last 1,000,000:   12s.  Last read position: chr7:121,076,605
INFO	2015-04-01 11:33:31	MarkDuplicates	Tracking 226472 as yet unmatched pairs. 12132 records in RAM.
INFO	2015-04-01 11:33:42	MarkDuplicates	Read    82,000,000 records.  Elapsed time: 00:28:36s.  Time for last 1,000,000:   12s.  Last read position: chr7:140,945,271
INFO	2015-04-01 11:33:42	MarkDuplicates	Tracking 224359 as yet unmatched pairs. 6494 records in RAM.
INFO	2015-04-01 11:34:43	MarkDuplicates	Read    83,000,000 records.  Elapsed time: 00:29:36s.  Time for last 1,000,000:   60s.  Last read position: chr7:142,577,638
INFO	2015-04-01 11:34:43	MarkDuplicates	Tracking 246620 as yet unmatched pairs. 28341 records in RAM.
INFO	2015-04-01 11:34:55	MarkDuplicates	Read    84,000,000 records.  Elapsed time: 00:29:49s.  Time for last 1,000,000:   12s.  Last read position: chr8:8,681,463
INFO	2015-04-01 11:34:55	MarkDuplicates	Tracking 215834 as yet unmatched pairs. 64182 records in RAM.
INFO	2015-04-01 11:35:06	MarkDuplicates	Read    85,000,000 records.  Elapsed time: 00:29:59s.  Time for last 1,000,000:   10s.  Last read position: chr8:40,921,239
INFO	2015-04-01 11:35:06	MarkDuplicates	Tracking 210039 as yet unmatched pairs. 57604 records in RAM.
INFO	2015-04-01 11:35:19	MarkDuplicates	Read    86,000,000 records.  Elapsed time: 00:30:10s.  Time for last 1,000,000:   10s.  Last read position: chr8:77,272,234
INFO	2015-04-01 11:35:19	MarkDuplicates	Tracking 191516 as yet unmatched pairs. 37211 records in RAM.
INFO	2015-04-01 11:35:44	MarkDuplicates	Read    87,000,000 records.  Elapsed time: 00:30:38s.  Time for last 1,000,000:   27s.  Last read position: chr8:105,670,328
INFO	2015-04-01 11:35:44	MarkDuplicates	Tracking 174541 as yet unmatched pairs. 19323 records in RAM.
INFO	2015-04-01 11:35:54	MarkDuplicates	Read    88,000,000 records.  Elapsed time: 00:30:48s.  Time for last 1,000,000:    9s.  Last read position: chr8:123,892,059
INFO	2015-04-01 11:35:54	MarkDuplicates	Tracking 168635 as yet unmatched pairs. 7201 records in RAM.
INFO	2015-04-01 11:36:06	MarkDuplicates	Read    89,000,000 records.  Elapsed time: 00:30:59s.  Time for last 1,000,000:   11s.  Last read position: chr9:31,846,878
INFO	2015-04-01 11:36:06	MarkDuplicates	Tracking 153666 as yet unmatched pairs. 93041 records in RAM.
INFO	2015-04-01 11:36:19	MarkDuplicates	Read    90,000,000 records.  Elapsed time: 00:31:10s.  Time for last 1,000,000:   11s.  Last read position: chr9:50,658,780
INFO	2015-04-01 11:36:19	MarkDuplicates	Tracking 138730 as yet unmatched pairs. 70819 records in RAM.
INFO	2015-04-01 11:36:31	MarkDuplicates	Read    91,000,000 records.  Elapsed time: 00:31:23s.  Time for last 1,000,000:   12s.  Last read position: chr9:64,716,897
INFO	2015-04-01 11:36:31	MarkDuplicates	Tracking 126254 as yet unmatched pairs. 58122 records in RAM.
INFO	2015-04-01 11:37:30	MarkDuplicates	Read    92,000,000 records.  Elapsed time: 00:32:22s.  Time for last 1,000,000:   59s.  Last read position: chr9:78,479,057
INFO	2015-04-01 11:37:30	MarkDuplicates	Tracking 156984 as yet unmatched pairs. 88720 records in RAM.
INFO	2015-04-01 11:37:41	MarkDuplicates	Read    93,000,000 records.  Elapsed time: 00:32:33s.  Time for last 1,000,000:   10s.  Last read position: chr9:96,332,782
INFO	2015-04-01 11:37:41	MarkDuplicates	Tracking 113826 as yet unmatched pairs. 45388 records in RAM.
INFO	2015-04-01 11:37:51	MarkDuplicates	Read    94,000,000 records.  Elapsed time: 00:32:44s.  Time for last 1,000,000:   11s.  Last read position: chr9:110,383,835
INFO	2015-04-01 11:37:51	MarkDuplicates	Tracking 94984 as yet unmatched pairs. 26383 records in RAM.
INFO	2015-04-01 11:38:01	MarkDuplicates	Read    95,000,000 records.  Elapsed time: 00:32:54s.  Time for last 1,000,000:    9s.  Last read position: chrM:3,257
INFO	2015-04-01 11:38:01	MarkDuplicates	Tracking 81375 as yet unmatched pairs. 27652 records in RAM.
INFO	2015-04-01 11:38:25	MarkDuplicates	Read    96,000,000 records.  Elapsed time: 00:33:18s.  Time for last 1,000,000:   23s.  Last read position: chrM:7,269
INFO	2015-04-01 11:38:25	MarkDuplicates	Tracking 95194 as yet unmatched pairs. 41429 records in RAM.
INFO	2015-04-01 11:38:37	MarkDuplicates	Read    97,000,000 records.  Elapsed time: 00:33:28s.  Time for last 1,000,000:   10s.  Last read position: chrM:11,139
INFO	2015-04-01 11:38:37	MarkDuplicates	Tracking 69254 as yet unmatched pairs. 15439 records in RAM.
INFO	2015-04-01 11:38:49	MarkDuplicates	Read    98,000,000 records.  Elapsed time: 00:33:41s.  Time for last 1,000,000:   12s.  Last read position: chrX:36,797,248
INFO	2015-04-01 11:38:49	MarkDuplicates	Tracking 48842 as yet unmatched pairs. 45214 records in RAM.
INFO	2015-04-01 11:38:59	MarkDuplicates	Read    99,000,000 records.  Elapsed time: 00:33:52s.  Time for last 1,000,000:   11s.  Last read position: chrX:75,415,362
INFO	2015-04-01 11:38:59	MarkDuplicates	Tracking 29361 as yet unmatched pairs. 25719 records in RAM.
INFO	2015-04-01 11:40:30	MarkDuplicates	Read   100,000,000 records.  Elapsed time: 00:35:23s.  Time for last 1,000,000:   91s.  Last read position: chrX:134,223,888
INFO	2015-04-01 11:40:30	MarkDuplicates	Tracking 16937 as yet unmatched pairs. 13257 records in RAM.
INFO	2015-04-01 11:40:40	MarkDuplicates	Read   101,000,000 records.  Elapsed time: 00:35:34s.  Time for last 1,000,000:   10s.  Last read position: chrX:167,207,331
INFO	2015-04-01 11:40:40	MarkDuplicates	Tracking 13626 as yet unmatched pairs. 9934 records in RAM.
INFO	2015-04-01 11:40:42	MarkDuplicates	Read 101168036 records. 0 pairs never matched.
INFO	2015-04-01 11:41:24	MarkDuplicates	After buildSortedReadEndLists freeMemory: 14308677456; totalMemory: 25738149888; maxMemory: 38177538048
INFO	2015-04-01 11:41:24	MarkDuplicates	Will retain up to 1193048064 duplicate indices before spilling to disk.
INFO	2015-04-01 11:41:28	MarkDuplicates	Traversing read pair information and detecting duplicates.
INFO	2015-04-01 11:42:34	MarkDuplicates	Traversing fragment information and detecting duplicates.
INFO	2015-04-01 11:44:40	MarkDuplicates	Sorting list of duplicate records.
INFO	2015-04-01 11:45:06	MarkDuplicates	After generateDuplicateIndexes freeMemory: 24960042232; totalMemory: 34686763008; maxMemory: 38177538048
INFO	2015-04-01 11:45:06	MarkDuplicates	Marking 17756306 records as duplicates.
INFO	2015-04-01 11:45:06	MarkDuplicates	Found 5107503 optical duplicate clusters.
INFO	2015-04-01 11:50:58	MarkDuplicates	Written    10,000,000 records.  Elapsed time: 00:05:52s.  Time for last 10,000,000:  352s.  Last read position: chr10:108,278,310
INFO	2015-04-01 11:57:00	MarkDuplicates	Written    20,000,000 records.  Elapsed time: 00:11:53s.  Time for last 10,000,000:  361s.  Last read position: chr11:119,028,014
INFO	2015-04-01 12:02:39	MarkDuplicates	Written    30,000,000 records.  Elapsed time: 00:17:33s.  Time for last 10,000,000:  339s.  Last read position: chr14:70,504,699
INFO	2015-04-01 12:08:17	MarkDuplicates	Written    40,000,000 records.  Elapsed time: 00:23:11s.  Time for last 10,000,000:  337s.  Last read position: chr17:33,394,537
INFO	2015-04-01 12:13:58	MarkDuplicates	Written    50,000,000 records.  Elapsed time: 00:28:51s.  Time for last 10,000,000:  340s.  Last read position: chr2:71,141,518
INFO	2015-04-01 12:19:47	MarkDuplicates	Written    60,000,000 records.  Elapsed time: 00:34:41s.  Time for last 10,000,000:  349s.  Last read position: chr4:41,720,794
INFO	2015-04-01 12:25:42	MarkDuplicates	Written    70,000,000 records.  Elapsed time: 00:40:36s.  Time for last 10,000,000:  354s.  Last read position: chr5:142,961,201
INFO	2015-04-01 12:31:16	MarkDuplicates	Written    80,000,000 records.  Elapsed time: 00:46:10s.  Time for last 10,000,000:  334s.  Last read position: chr7:103,827,577
INFO	2015-04-01 12:36:52	MarkDuplicates	Written    90,000,000 records.  Elapsed time: 00:51:45s.  Time for last 10,000,000:  335s.  Last read position: chr9:50,658,780
INFO	2015-04-01 12:42:26	MarkDuplicates	Written   100,000,000 records.  Elapsed time: 00:57:19s.  Time for last 10,000,000:  334s.  Last read position: chrX:134,223,888
INFO	2015-04-01 12:43:07	MarkDuplicates	Before output close freeMemory: 35175326616; totalMemory: 35449667584; maxMemory: 38177538048
INFO	2015-04-01 12:43:08	MarkDuplicates	After output close freeMemory: 34907808520; totalMemory: 35182149632; maxMemory: 38177538048
[Wed Apr 01 12:43:08 EDT 2015] net.sf.picard.sam.MarkDuplicates done. Elapsed time: 98.07 minutes.
Runtime.totalMemory()=35182149632
