[Wed Apr 01 11:04:56 EDT 2015] net.sf.picard.sam.MarkDuplicates INPUT=[/n/rinn_data1/users/agroff/seq/OtherMice/Diana/lincP21/bam/JR919/rmdup_accepted_hits_sorted_picard.bam] OUTPUT=/n/rinn_data1/users/agroff/seq/OtherMice/Diana/lincP21/bam/JR919/rmdup_accepted_hits_sorted_duplicates_marked.bam METRICS_FILE=dup_metrics.txt    PROGRAM_RECORD_ID=MarkDuplicates PROGRAM_GROUP_NAME=MarkDuplicates REMOVE_DUPLICATES=false ASSUME_SORTED=false MAX_SEQUENCES_FOR_DISK_READ_ENDS_MAP=50000 MAX_FILE_HANDLES_FOR_READ_ENDS_MAP=8000 SORTING_COLLECTION_SIZE_RATIO=0.25 READ_NAME_REGEX=[a-zA-Z0-9]+:[0-9]:([0-9]+):([0-9]+):([0-9]+).* OPTICAL_DUPLICATE_PIXEL_DISTANCE=100 VERBOSITY=INFO QUIET=false VALIDATION_STRINGENCY=STRICT COMPRESSION_LEVEL=5 MAX_RECORDS_IN_RAM=500000 CREATE_INDEX=false CREATE_MD5_FILE=false
[Wed Apr 01 11:04:56 EDT 2015] Executing as agroff@holy2a02108.rc.fas.harvard.edu on Linux 2.6.32-431.17.1.el6.x86_64 amd64; Java HotSpot(TM) 64-Bit Server VM 1.6.0_11-b03; Picard version: 1.98(1547)
INFO	2015-04-01 11:04:57	MarkDuplicates	Start of doWork freeMemory: 8625056; totalMemory: 9109504; maxMemory: 38177538048
INFO	2015-04-01 11:04:57	MarkDuplicates	Reading input file and constructing read end information.
INFO	2015-04-01 11:04:57	MarkDuplicates	Will retain up to 151498166 data points before spilling to disk.
INFO	2015-04-01 11:06:19	MarkDuplicates	Read     1,000,000 records.  Elapsed time: 00:01:20s.  Time for last 1,000,000:   80s.  Last read position: chr1:45,396,149
INFO	2015-04-01 11:06:19	MarkDuplicates	Tracking 43764 as yet unmatched pairs. 960 records in RAM.
INFO	2015-04-01 11:06:56	MarkDuplicates	Read     2,000,000 records.  Elapsed time: 00:01:52s.  Time for last 1,000,000:   31s.  Last read position: chr1:75,136,292
INFO	2015-04-01 11:06:56	MarkDuplicates	Tracking 55452 as yet unmatched pairs. 759 records in RAM.
INFO	2015-04-01 11:07:29	MarkDuplicates	Read     3,000,000 records.  Elapsed time: 00:02:27s.  Time for last 1,000,000:   35s.  Last read position: chr1:97,853,140
INFO	2015-04-01 11:07:29	MarkDuplicates	Tracking 70180 as yet unmatched pairs. 3169 records in RAM.
INFO	2015-04-01 11:07:55	MarkDuplicates	Read     4,000,000 records.  Elapsed time: 00:02:55s.  Time for last 1,000,000:   28s.  Last read position: chr1:135,850,800
INFO	2015-04-01 11:07:55	MarkDuplicates	Tracking 91278 as yet unmatched pairs. 12707 records in RAM.
INFO	2015-04-01 11:08:25	MarkDuplicates	Read     5,000,000 records.  Elapsed time: 00:03:22s.  Time for last 1,000,000:   26s.  Last read position: chr1:171,247,008
INFO	2015-04-01 11:08:25	MarkDuplicates	Tracking 92439 as yet unmatched pairs. 4695 records in RAM.
INFO	2015-04-01 11:09:04	MarkDuplicates	Read     6,000,000 records.  Elapsed time: 00:04:01s.  Time for last 1,000,000:   39s.  Last read position: chr10:4,355,969
INFO	2015-04-01 11:09:04	MarkDuplicates	Tracking 101930 as yet unmatched pairs. 4634 records in RAM.
INFO	2015-04-01 11:09:44	MarkDuplicates	Read     7,000,000 records.  Elapsed time: 00:04:28s.  Time for last 1,000,000:   26s.  Last read position: chr10:45,358,430
INFO	2015-04-01 11:09:44	MarkDuplicates	Tracking 120927 as yet unmatched pairs. 5333 records in RAM.
INFO	2015-04-01 11:10:23	MarkDuplicates	Read     8,000,000 records.  Elapsed time: 00:05:19s.  Time for last 1,000,000:   51s.  Last read position: chr10:78,178,491
INFO	2015-04-01 11:10:23	MarkDuplicates	Tracking 127459 as yet unmatched pairs. 4393 records in RAM.
INFO	2015-04-01 11:11:02	MarkDuplicates	Read     9,000,000 records.  Elapsed time: 00:05:53s.  Time for last 1,000,000:   33s.  Last read position: chr10:86,680,440
INFO	2015-04-01 11:11:02	MarkDuplicates	Tracking 133124 as yet unmatched pairs. 4465 records in RAM.
INFO	2015-04-01 11:11:42	MarkDuplicates	Read    10,000,000 records.  Elapsed time: 00:06:27s.  Time for last 1,000,000:   34s.  Last read position: chr10:126,998,110
INFO	2015-04-01 11:11:42	MarkDuplicates	Tracking 145547 as yet unmatched pairs. 2242 records in RAM.
INFO	2015-04-01 11:12:16	MarkDuplicates	Read    11,000,000 records.  Elapsed time: 00:07:06s.  Time for last 1,000,000:   38s.  Last read position: chr11:5,212,307
INFO	2015-04-01 11:12:16	MarkDuplicates	Tracking 162506 as yet unmatched pairs. 7401 records in RAM.
INFO	2015-04-01 11:12:51	MarkDuplicates	Read    12,000,000 records.  Elapsed time: 00:07:38s.  Time for last 1,000,000:   31s.  Last read position: chr11:30,104,967
INFO	2015-04-01 11:12:51	MarkDuplicates	Tracking 181417 as yet unmatched pairs. 8039 records in RAM.
INFO	2015-04-01 11:13:29	MarkDuplicates	Read    13,000,000 records.  Elapsed time: 00:08:19s.  Time for last 1,000,000:   41s.  Last read position: chr11:51,789,204
INFO	2015-04-01 11:13:29	MarkDuplicates	Tracking 211795 as yet unmatched pairs. 30626 records in RAM.
INFO	2015-04-01 11:14:04	MarkDuplicates	Read    14,000,000 records.  Elapsed time: 00:08:55s.  Time for last 1,000,000:   36s.  Last read position: chr11:62,552,411
INFO	2015-04-01 11:14:04	MarkDuplicates	Tracking 224962 as yet unmatched pairs. 39666 records in RAM.
INFO	2015-04-01 11:14:39	MarkDuplicates	Read    15,000,000 records.  Elapsed time: 00:09:30s.  Time for last 1,000,000:   34s.  Last read position: chr11:74,825,855
INFO	2015-04-01 11:14:39	MarkDuplicates	Tracking 231960 as yet unmatched pairs. 41190 records in RAM.
INFO	2015-04-01 11:15:13	MarkDuplicates	Read    16,000,000 records.  Elapsed time: 00:10:07s.  Time for last 1,000,000:   36s.  Last read position: chr11:87,981,242
INFO	2015-04-01 11:15:14	MarkDuplicates	Tracking 241338 as yet unmatched pairs. 39969 records in RAM.
INFO	2015-04-01 11:16:05	MarkDuplicates	Read    17,000,000 records.  Elapsed time: 00:10:53s.  Time for last 1,000,000:   45s.  Last read position: chr11:100,422,711
INFO	2015-04-01 11:16:05	MarkDuplicates	Tracking 250419 as yet unmatched pairs. 38788 records in RAM.
INFO	2015-04-01 11:16:32	MarkDuplicates	Read    18,000,000 records.  Elapsed time: 00:11:31s.  Time for last 1,000,000:   37s.  Last read position: chr11:109,668,099
INFO	2015-04-01 11:16:32	MarkDuplicates	Tracking 261430 as yet unmatched pairs. 38589 records in RAM.
INFO	2015-04-01 11:17:11	MarkDuplicates	Read    19,000,000 records.  Elapsed time: 00:12:08s.  Time for last 1,000,000:   37s.  Last read position: chr12:3,781,221
INFO	2015-04-01 11:17:11	MarkDuplicates	Tracking 272299 as yet unmatched pairs. 6743 records in RAM.
INFO	2015-04-01 11:17:51	MarkDuplicates	Read    20,000,000 records.  Elapsed time: 00:12:42s.  Time for last 1,000,000:   33s.  Last read position: chr12:51,609,719
INFO	2015-04-01 11:17:51	MarkDuplicates	Tracking 300485 as yet unmatched pairs. 4912 records in RAM.
INFO	2015-04-01 11:18:37	MarkDuplicates	Read    21,000,000 records.  Elapsed time: 00:13:22s.  Time for last 1,000,000:   40s.  Last read position: chr12:81,419,928
INFO	2015-04-01 11:18:37	MarkDuplicates	Tracking 316842 as yet unmatched pairs. 3780 records in RAM.
INFO	2015-04-01 11:19:05	MarkDuplicates	Read    22,000,000 records.  Elapsed time: 00:14:07s.  Time for last 1,000,000:   45s.  Last read position: chr12:111,327,446
INFO	2015-04-01 11:19:05	MarkDuplicates	Tracking 322606 as yet unmatched pairs. 1268 records in RAM.
INFO	2015-04-01 11:19:46	MarkDuplicates	Read    23,000,000 records.  Elapsed time: 00:14:45s.  Time for last 1,000,000:   38s.  Last read position: chr13:32,816,790
INFO	2015-04-01 11:19:46	MarkDuplicates	Tracking 332821 as yet unmatched pairs. 10515 records in RAM.
INFO	2015-04-01 11:20:21	MarkDuplicates	Read    24,000,000 records.  Elapsed time: 00:15:11s.  Time for last 1,000,000:   25s.  Last read position: chr13:58,394,485
INFO	2015-04-01 11:20:21	MarkDuplicates	Tracking 348843 as yet unmatched pairs. 11505 records in RAM.
INFO	2015-04-01 11:20:56	MarkDuplicates	Read    25,000,000 records.  Elapsed time: 00:15:48s.  Time for last 1,000,000:   37s.  Last read position: chr13:97,131,136
INFO	2015-04-01 11:20:56	MarkDuplicates	Tracking 368726 as yet unmatched pairs. 3374 records in RAM.
INFO	2015-04-01 11:21:39	MarkDuplicates	Read    26,000,000 records.  Elapsed time: 00:16:29s.  Time for last 1,000,000:   40s.  Last read position: chr14:11,281,289
INFO	2015-04-01 11:21:39	MarkDuplicates	Tracking 392311 as yet unmatched pairs. 30367 records in RAM.
INFO	2015-04-01 11:22:20	MarkDuplicates	Read    27,000,000 records.  Elapsed time: 00:17:07s.  Time for last 1,000,000:   37s.  Last read position: chr14:32,119,566
INFO	2015-04-01 11:22:20	MarkDuplicates	Tracking 400893 as yet unmatched pairs. 20066 records in RAM.
INFO	2015-04-01 11:22:56	MarkDuplicates	Read    28,000,000 records.  Elapsed time: 00:17:46s.  Time for last 1,000,000:   39s.  Last read position: chr14:54,956,880
INFO	2015-04-01 11:22:56	MarkDuplicates	Tracking 424107 as yet unmatched pairs. 30102 records in RAM.
INFO	2015-04-01 11:23:25	MarkDuplicates	Read    29,000,000 records.  Elapsed time: 00:18:22s.  Time for last 1,000,000:   35s.  Last read position: chr14:65,590,556
INFO	2015-04-01 11:23:25	MarkDuplicates	Tracking 419259 as yet unmatched pairs. 18205 records in RAM.
INFO	2015-04-01 11:24:15	MarkDuplicates	Read    30,000,000 records.  Elapsed time: 00:19:08s.  Time for last 1,000,000:   46s.  Last read position: chr14:121,288,528
INFO	2015-04-01 11:24:15	MarkDuplicates	Tracking 426965 as yet unmatched pairs. 10289 records in RAM.
INFO	2015-04-01 11:24:52	MarkDuplicates	Read    31,000,000 records.  Elapsed time: 00:19:39s.  Time for last 1,000,000:   30s.  Last read position: chr15:58,053,057
INFO	2015-04-01 11:24:52	MarkDuplicates	Tracking 426906 as yet unmatched pairs. 5416 records in RAM.
INFO	2015-04-01 11:25:34	MarkDuplicates	Read    32,000,000 records.  Elapsed time: 00:20:22s.  Time for last 1,000,000:   43s.  Last read position: chr15:80,257,197
INFO	2015-04-01 11:25:34	MarkDuplicates	Tracking 430203 as yet unmatched pairs. 4424 records in RAM.
INFO	2015-04-01 11:26:18	MarkDuplicates	Read    33,000,000 records.  Elapsed time: 00:20:59s.  Time for last 1,000,000:   36s.  Last read position: chr15:98,932,047
INFO	2015-04-01 11:26:18	MarkDuplicates	Tracking 442152 as yet unmatched pairs. 9109 records in RAM.
INFO	2015-04-01 11:27:08	MarkDuplicates	Read    34,000,000 records.  Elapsed time: 00:21:58s.  Time for last 1,000,000:   59s.  Last read position: chr16:3,631,263
INFO	2015-04-01 11:27:08	MarkDuplicates	Tracking 460776 as yet unmatched pairs. 13568 records in RAM.
INFO	2015-04-01 11:27:52	MarkDuplicates	Read    35,000,000 records.  Elapsed time: 00:22:40s.  Time for last 1,000,000:   41s.  Last read position: chr16:22,246,518
INFO	2015-04-01 11:27:52	MarkDuplicates	Tracking 465909 as yet unmatched pairs. 9180 records in RAM.
INFO	2015-04-01 11:28:49	MarkDuplicates	Read    36,000,000 records.  Elapsed time: 00:23:30s.  Time for last 1,000,000:   50s.  Last read position: chr16:57,153,671
INFO	2015-04-01 11:28:49	MarkDuplicates	Tracking 471549 as yet unmatched pairs. 6001 records in RAM.
INFO	2015-04-01 11:29:33	MarkDuplicates	Read    37,000,000 records.  Elapsed time: 00:24:33s.  Time for last 1,000,000:   63s.  Last read position: chr17:6,607,122
INFO	2015-04-01 11:29:33	MarkDuplicates	Tracking 480612 as yet unmatched pairs. 31733 records in RAM.
INFO	2015-04-01 11:29:52	MarkDuplicates	Read    38,000,000 records.  Elapsed time: 00:24:47s.  Time for last 1,000,000:   14s.  Last read position: chr17:24,721,291
INFO	2015-04-01 11:29:52	MarkDuplicates	Tracking 483650 as yet unmatched pairs. 25752 records in RAM.
INFO	2015-04-01 11:30:14	MarkDuplicates	Read    39,000,000 records.  Elapsed time: 00:25:11s.  Time for last 1,000,000:   23s.  Last read position: chr17:33,952,462
INFO	2015-04-01 11:30:14	MarkDuplicates	Tracking 485917 as yet unmatched pairs. 17303 records in RAM.
INFO	2015-04-01 11:30:49	MarkDuplicates	Read    40,000,000 records.  Elapsed time: 00:25:41s.  Time for last 1,000,000:   29s.  Last read position: chr17:46,964,779
INFO	2015-04-01 11:30:49	MarkDuplicates	Tracking 489349 as yet unmatched pairs. 10213 records in RAM.
INFO	2015-04-01 11:31:40	MarkDuplicates	Read    41,000,000 records.  Elapsed time: 00:26:35s.  Time for last 1,000,000:   53s.  Last read position: chr17:79,849,446
INFO	2015-04-01 11:31:40	MarkDuplicates	Tracking 492310 as yet unmatched pairs. 4377 records in RAM.
INFO	2015-04-01 11:31:57	MarkDuplicates	Read    42,000,000 records.  Elapsed time: 00:26:55s.  Time for last 1,000,000:   20s.  Last read position: chr18:24,632,831
INFO	2015-04-01 11:31:57	MarkDuplicates	Tracking 493768 as yet unmatched pairs. 16885 records in RAM.
INFO	2015-04-01 11:32:38	MarkDuplicates	Read    43,000,000 records.  Elapsed time: 00:27:25s.  Time for last 1,000,000:   29s.  Last read position: chr18:53,723,290
INFO	2015-04-01 11:32:38	MarkDuplicates	Tracking 502031 as yet unmatched pairs. 8110 records in RAM.
INFO	2015-04-01 11:33:03	MarkDuplicates	Read    44,000,000 records.  Elapsed time: 00:27:59s.  Time for last 1,000,000:   33s.  Last read position: chr18:84,947,318
INFO	2015-04-01 11:33:03	MarkDuplicates	Tracking 500591 as yet unmatched pairs. 1295 records in RAM.
INFO	2015-04-01 11:33:45	MarkDuplicates	Read    45,000,000 records.  Elapsed time: 00:28:43s.  Time for last 1,000,000:   43s.  Last read position: chr19:8,916,450
INFO	2015-04-01 11:33:45	MarkDuplicates	Tracking 499437 as yet unmatched pairs. 12698 records in RAM.
INFO	2015-04-01 11:34:02	MarkDuplicates	Read    46,000,000 records.  Elapsed time: 00:29:00s.  Time for last 1,000,000:   17s.  Last read position: chr19:36,891,912
INFO	2015-04-01 11:34:02	MarkDuplicates	Tracking 505965 as yet unmatched pairs. 6977 records in RAM.
INFO	2015-04-01 11:34:27	MarkDuplicates	Read    47,000,000 records.  Elapsed time: 00:29:19s.  Time for last 1,000,000:   19s.  Last read position: chr2:3,459,832
INFO	2015-04-01 11:34:27	MarkDuplicates	Tracking 504277 as yet unmatched pairs. 40065 records in RAM.
INFO	2015-04-01 11:35:09	MarkDuplicates	Read    48,000,000 records.  Elapsed time: 00:29:57s.  Time for last 1,000,000:   37s.  Last read position: chr2:29,064,816
INFO	2015-04-01 11:35:09	MarkDuplicates	Tracking 517653 as yet unmatched pairs. 34352 records in RAM.
INFO	2015-04-01 11:36:09	MarkDuplicates	Read    49,000,000 records.  Elapsed time: 00:30:44s.  Time for last 1,000,000:   46s.  Last read position: chr2:53,143,763
INFO	2015-04-01 11:36:09	MarkDuplicates	Tracking 515942 as yet unmatched pairs. 27094 records in RAM.
INFO	2015-04-01 11:37:12	MarkDuplicates	Read    50,000,000 records.  Elapsed time: 00:31:52s.  Time for last 1,000,000:   68s.  Last read position: chr2:84,672,331
INFO	2015-04-01 11:37:20	MarkDuplicates	Tracking 520350 as yet unmatched pairs. 22492 records in RAM.
INFO	2015-04-01 11:38:05	MarkDuplicates	Read    51,000,000 records.  Elapsed time: 00:32:53s.  Time for last 1,000,000:   61s.  Last read position: chr2:114,050,442
INFO	2015-04-01 11:38:05	MarkDuplicates	Tracking 533023 as yet unmatched pairs. 31858 records in RAM.
INFO	2015-04-01 11:38:51	MarkDuplicates	Read    52,000,000 records.  Elapsed time: 00:33:26s.  Time for last 1,000,000:   32s.  Last read position: chr2:130,553,512
INFO	2015-04-01 11:38:58	MarkDuplicates	Tracking 523383 as yet unmatched pairs. 16106 records in RAM.
INFO	2015-04-01 11:39:45	MarkDuplicates	Read    53,000,000 records.  Elapsed time: 00:34:34s.  Time for last 1,000,000:   68s.  Last read position: chr2:156,164,836
INFO	2015-04-01 11:39:45	MarkDuplicates	Tracking 520490 as yet unmatched pairs. 9580 records in RAM.
INFO	2015-04-01 11:40:15	MarkDuplicates	Read    54,000,000 records.  Elapsed time: 00:35:10s.  Time for last 1,000,000:   35s.  Last read position: chr2:174,465,495
INFO	2015-04-01 11:40:15	MarkDuplicates	Tracking 519968 as yet unmatched pairs. 4556 records in RAM.
INFO	2015-04-01 11:40:51	MarkDuplicates	Read    55,000,000 records.  Elapsed time: 00:35:34s.  Time for last 1,000,000:   24s.  Last read position: chr3:32,455,126
INFO	2015-04-01 11:40:51	MarkDuplicates	Tracking 522116 as yet unmatched pairs. 55467 records in RAM.
INFO	2015-04-01 11:41:33	MarkDuplicates	Read    56,000,000 records.  Elapsed time: 00:36:29s.  Time for last 1,000,000:   54s.  Last read position: chr3:75,877,240
INFO	2015-04-01 11:41:33	MarkDuplicates	Tracking 509224 as yet unmatched pairs. 36137 records in RAM.
INFO	2015-04-01 11:41:49	MarkDuplicates	Read    57,000,000 records.  Elapsed time: 00:36:47s.  Time for last 1,000,000:   18s.  Last read position: chr3:95,628,906
INFO	2015-04-01 11:41:49	MarkDuplicates	Tracking 498762 as yet unmatched pairs. 20212 records in RAM.
INFO	2015-04-01 11:42:32	MarkDuplicates	Read    58,000,000 records.  Elapsed time: 00:37:30s.  Time for last 1,000,000:   42s.  Last read position: chr3:116,566,747
INFO	2015-04-01 11:42:32	MarkDuplicates	Tracking 496696 as yet unmatched pairs. 15377 records in RAM.
INFO	2015-04-01 11:42:58	MarkDuplicates	Read    59,000,000 records.  Elapsed time: 00:37:53s.  Time for last 1,000,000:   22s.  Last read position: chr3:152,249,042
INFO	2015-04-01 11:42:58	MarkDuplicates	Tracking 500853 as yet unmatched pairs. 2647 records in RAM.
INFO	2015-04-01 11:43:28	MarkDuplicates	Read    60,000,000 records.  Elapsed time: 00:38:20s.  Time for last 1,000,000:   26s.  Last read position: chr4:43,180,459
INFO	2015-04-01 11:43:28	MarkDuplicates	Tracking 501924 as yet unmatched pairs. 51986 records in RAM.
INFO	2015-04-01 11:44:04	MarkDuplicates	Read    61,000,000 records.  Elapsed time: 00:39:03s.  Time for last 1,000,000:   43s.  Last read position: chr4:98,718,905
INFO	2015-04-01 11:44:04	MarkDuplicates	Tracking 494748 as yet unmatched pairs. 39113 records in RAM.
INFO	2015-04-01 11:44:34	MarkDuplicates	Read    62,000,000 records.  Elapsed time: 00:39:26s.  Time for last 1,000,000:   22s.  Last read position: chr4:123,297,740
INFO	2015-04-01 11:44:34	MarkDuplicates	Tracking 497186 as yet unmatched pairs. 32692 records in RAM.
INFO	2015-04-01 11:44:50	MarkDuplicates	Read    63,000,000 records.  Elapsed time: 00:39:46s.  Time for last 1,000,000:   20s.  Last read position: chr4:134,925,835
INFO	2015-04-01 11:44:50	MarkDuplicates	Tracking 498125 as yet unmatched pairs. 25323 records in RAM.
INFO	2015-04-01 11:45:54	MarkDuplicates	Read    64,000,000 records.  Elapsed time: 00:40:50s.  Time for last 1,000,000:   63s.  Last read position: chr4:148,675,878
INFO	2015-04-01 11:45:54	MarkDuplicates	Tracking 492777 as yet unmatched pairs. 14851 records in RAM.
INFO	2015-04-01 11:46:25	MarkDuplicates	Read    65,000,000 records.  Elapsed time: 00:41:22s.  Time for last 1,000,000:   32s.  Last read position: chr5:21,748,841
INFO	2015-04-01 11:46:25	MarkDuplicates	Tracking 498833 as yet unmatched pairs. 52723 records in RAM.
INFO	2015-04-01 11:47:17	MarkDuplicates	Read    66,000,000 records.  Elapsed time: 00:42:02s.  Time for last 1,000,000:   40s.  Last read position: chr5:41,794,865
INFO	2015-04-01 11:47:17	MarkDuplicates	Tracking 494427 as yet unmatched pairs. 43631 records in RAM.
INFO	2015-04-01 11:47:57	MarkDuplicates	Read    67,000,000 records.  Elapsed time: 00:42:34s.  Time for last 1,000,000:   31s.  Last read position: chr5:100,038,794
INFO	2015-04-01 11:47:57	MarkDuplicates	Tracking 487850 as yet unmatched pairs. 35027 records in RAM.
INFO	2015-04-01 11:48:37	MarkDuplicates	Read    68,000,000 records.  Elapsed time: 00:43:28s.  Time for last 1,000,000:   54s.  Last read position: chr5:120,623,221
INFO	2015-04-01 11:48:37	MarkDuplicates	Tracking 498195 as yet unmatched pairs. 25972 records in RAM.
INFO	2015-04-01 11:49:10	MarkDuplicates	Read    69,000,000 records.  Elapsed time: 00:44:03s.  Time for last 1,000,000:   34s.  Last read position: chr5:129,623,211
INFO	2015-04-01 11:49:10	MarkDuplicates	Tracking 491562 as yet unmatched pairs. 17614 records in RAM.
INFO	2015-04-01 11:49:43	MarkDuplicates	Read    70,000,000 records.  Elapsed time: 00:44:30s.  Time for last 1,000,000:   27s.  Last read position: chr5:143,506,946
INFO	2015-04-01 11:49:43	MarkDuplicates	Tracking 489526 as yet unmatched pairs. 11125 records in RAM.
INFO	2015-04-01 11:50:36	MarkDuplicates	Read    71,000,000 records.  Elapsed time: 00:45:34s.  Time for last 1,000,000:   63s.  Last read position: chr6:29,554,903
INFO	2015-04-01 11:50:36	MarkDuplicates	Tracking 469648 as yet unmatched pairs. 61570 records in RAM.
INFO	2015-04-01 11:50:59	MarkDuplicates	Read    72,000,000 records.  Elapsed time: 00:45:53s.  Time for last 1,000,000:   19s.  Last read position: chr6:53,693,446
INFO	2015-04-01 11:50:59	MarkDuplicates	Tracking 460793 as yet unmatched pairs. 50476 records in RAM.
INFO	2015-04-01 11:51:25	MarkDuplicates	Read    73,000,000 records.  Elapsed time: 00:46:17s.  Time for last 1,000,000:   23s.  Last read position: chr6:88,849,244
INFO	2015-04-01 11:51:25	MarkDuplicates	Tracking 460123 as yet unmatched pairs. 45443 records in RAM.
INFO	2015-04-01 11:51:39	MarkDuplicates	Read    74,000,000 records.  Elapsed time: 00:46:38s.  Time for last 1,000,000:   21s.  Last read position: chr6:124,815,348
INFO	2015-04-01 11:51:39	MarkDuplicates	Tracking 452618 as yet unmatched pairs. 36089 records in RAM.
INFO	2015-04-01 11:52:13	MarkDuplicates	Read    75,000,000 records.  Elapsed time: 00:47:06s.  Time for last 1,000,000:   27s.  Last read position: chr6:142,490,514
INFO	2015-04-01 11:52:13	MarkDuplicates	Tracking 436571 as yet unmatched pairs. 9129 records in RAM.
INFO	2015-04-01 11:52:35	MarkDuplicates	Read    76,000,000 records.  Elapsed time: 00:47:31s.  Time for last 1,000,000:   24s.  Last read position: chr7:19,029,169
INFO	2015-04-01 11:52:35	MarkDuplicates	Tracking 427108 as yet unmatched pairs. 73388 records in RAM.
INFO	2015-04-01 11:52:58	MarkDuplicates	Read    77,000,000 records.  Elapsed time: 00:47:51s.  Time for last 1,000,000:   20s.  Last read position: chr7:34,215,996
INFO	2015-04-01 11:52:58	MarkDuplicates	Tracking 420823 as yet unmatched pairs. 64574 records in RAM.
INFO	2015-04-01 11:53:15	MarkDuplicates	Read    78,000,000 records.  Elapsed time: 00:48:12s.  Time for last 1,000,000:   21s.  Last read position: chr7:59,999,338
INFO	2015-04-01 11:53:15	MarkDuplicates	Tracking 404724 as yet unmatched pairs. 46644 records in RAM.
INFO	2015-04-01 11:54:15	MarkDuplicates	Read    79,000,000 records.  Elapsed time: 00:49:07s.  Time for last 1,000,000:   54s.  Last read position: chr7:100,313,315
INFO	2015-04-01 11:54:15	MarkDuplicates	Tracking 392421 as yet unmatched pairs. 32764 records in RAM.
INFO	2015-04-01 11:54:38	MarkDuplicates	Read    80,000,000 records.  Elapsed time: 00:49:29s.  Time for last 1,000,000:   22s.  Last read position: chr7:114,705,548
INFO	2015-04-01 11:54:38	MarkDuplicates	Tracking 392094 as yet unmatched pairs. 31531 records in RAM.
INFO	2015-04-01 11:55:03	MarkDuplicates	Read    81,000,000 records.  Elapsed time: 00:49:57s.  Time for last 1,000,000:   27s.  Last read position: chr7:131,562,395
INFO	2015-04-01 11:55:03	MarkDuplicates	Tracking 384667 as yet unmatched pairs. 20759 records in RAM.
INFO	2015-04-01 11:55:25	MarkDuplicates	Read    82,000,000 records.  Elapsed time: 00:50:20s.  Time for last 1,000,000:   23s.  Last read position: chr7:142,653,570
INFO	2015-04-01 11:55:25	MarkDuplicates	Tracking 384633 as yet unmatched pairs. 19519 records in RAM.
INFO	2015-04-01 11:56:18	MarkDuplicates	Read    83,000,000 records.  Elapsed time: 00:51:13s.  Time for last 1,000,000:   53s.  Last read position: chr8:20,585,142
INFO	2015-04-01 11:56:18	MarkDuplicates	Tracking 372813 as yet unmatched pairs. 71777 records in RAM.
INFO	2015-04-01 11:56:45	MarkDuplicates	Read    84,000,000 records.  Elapsed time: 00:51:36s.  Time for last 1,000,000:   23s.  Last read position: chr8:58,294,760
INFO	2015-04-01 11:56:45	MarkDuplicates	Tracking 363563 as yet unmatched pairs. 61520 records in RAM.
INFO	2015-04-01 11:57:11	MarkDuplicates	Read    85,000,000 records.  Elapsed time: 00:52:05s.  Time for last 1,000,000:   28s.  Last read position: chr8:83,941,559
INFO	2015-04-01 11:57:11	MarkDuplicates	Tracking 342076 as yet unmatched pairs. 37899 records in RAM.
INFO	2015-04-01 11:57:27	MarkDuplicates	Read    86,000,000 records.  Elapsed time: 00:52:26s.  Time for last 1,000,000:   21s.  Last read position: chr8:106,212,448
INFO	2015-04-01 11:57:27	MarkDuplicates	Tracking 325152 as yet unmatched pairs. 20211 records in RAM.
INFO	2015-04-01 11:58:29	MarkDuplicates	Read    87,000,000 records.  Elapsed time: 00:53:29s.  Time for last 1,000,000:   63s.  Last read position: chr8:126,933,227
INFO	2015-04-01 11:58:29	MarkDuplicates	Tracking 313255 as yet unmatched pairs. 2585 records in RAM.
INFO	2015-04-01 11:58:52	MarkDuplicates	Read    88,000,000 records.  Elapsed time: 00:53:50s.  Time for last 1,000,000:   20s.  Last read position: chr9:38,723,924
INFO	2015-04-01 11:58:52	MarkDuplicates	Tracking 302991 as yet unmatched pairs. 100760 records in RAM.
INFO	2015-04-01 11:59:18	MarkDuplicates	Read    89,000,000 records.  Elapsed time: 00:54:09s.  Time for last 1,000,000:   18s.  Last read position: chr9:55,838,236
INFO	2015-04-01 11:59:18	MarkDuplicates	Tracking 278962 as yet unmatched pairs. 69806 records in RAM.
INFO	2015-04-01 11:59:40	MarkDuplicates	Read    90,000,000 records.  Elapsed time: 00:54:32s.  Time for last 1,000,000:   23s.  Last read position: chr9:67,344,086
INFO	2015-04-01 11:59:40	MarkDuplicates	Tracking 267649 as yet unmatched pairs. 58257 records in RAM.
INFO	2015-04-01 12:00:00	MarkDuplicates	Read    91,000,000 records.  Elapsed time: 00:55:01s.  Time for last 1,000,000:   29s.  Last read position: chr9:88,548,214
INFO	2015-04-01 12:00:00	MarkDuplicates	Tracking 257304 as yet unmatched pairs. 47657 records in RAM.
INFO	2015-04-01 12:00:38	MarkDuplicates	Read    92,000,000 records.  Elapsed time: 00:55:27s.  Time for last 1,000,000:   26s.  Last read position: chr9:108,573,562
INFO	2015-04-01 12:00:38	MarkDuplicates	Tracking 238177 as yet unmatched pairs. 28310 records in RAM.
INFO	2015-04-01 12:01:04	MarkDuplicates	Read    93,000,000 records.  Elapsed time: 00:55:59s.  Time for last 1,000,000:   31s.  Last read position: chrM:501
INFO	2015-04-01 12:01:04	MarkDuplicates	Tracking 214345 as yet unmatched pairs. 46482 records in RAM.
INFO	2015-04-01 12:01:29	MarkDuplicates	Read    94,000,000 records.  Elapsed time: 00:56:23s.  Time for last 1,000,000:   23s.  Last read position: chrM:8,486
INFO	2015-04-01 12:01:29	MarkDuplicates	Tracking 201877 as yet unmatched pairs. 33897 records in RAM.
INFO	2015-04-01 12:01:57	MarkDuplicates	Read    95,000,000 records.  Elapsed time: 00:56:46s.  Time for last 1,000,000:   23s.  Last read position: chrX:8,239,533
INFO	2015-04-01 12:01:57	MarkDuplicates	Tracking 167400 as yet unmatched pairs. 59636 records in RAM.
INFO	2015-04-01 12:03:19	MarkDuplicates	Read    96,000,000 records.  Elapsed time: 00:58:20s.  Time for last 1,000,000:   94s.  Last read position: chrX:73,790,383
INFO	2015-04-01 12:03:19	MarkDuplicates	Tracking 153960 as yet unmatched pairs. 46137 records in RAM.
INFO	2015-04-01 12:03:43	MarkDuplicates	Read    97,000,000 records.  Elapsed time: 00:58:35s.  Time for last 1,000,000:   14s.  Last read position: chrX:106,203,508
INFO	2015-04-01 12:03:43	MarkDuplicates	Tracking 127076 as yet unmatched pairs. 19226 records in RAM.
INFO	2015-04-01 12:04:05	MarkDuplicates	Read    98,000,000 records.  Elapsed time: 00:58:59s.  Time for last 1,000,000:   24s.  Last read position: chrX:162,778,409
INFO	2015-04-01 12:04:05	MarkDuplicates	Tracking 111904 as yet unmatched pairs. 3992 records in RAM.
INFO	2015-04-01 12:04:07	MarkDuplicates	Read 98243116 records. 103897 pairs never matched.
INFO	2015-04-01 12:04:42	MarkDuplicates	After buildSortedReadEndLists freeMemory: 14290540472; totalMemory: 25444352000; maxMemory: 38177538048
INFO	2015-04-01 12:04:42	MarkDuplicates	Will retain up to 1193048064 duplicate indices before spilling to disk.
INFO	2015-04-01 12:04:46	MarkDuplicates	Traversing read pair information and detecting duplicates.
INFO	2015-04-01 12:05:42	MarkDuplicates	Traversing fragment information and detecting duplicates.
INFO	2015-04-01 12:07:23	MarkDuplicates	Sorting list of duplicate records.
INFO	2015-04-01 12:08:40	MarkDuplicates	After generateDuplicateIndexes freeMemory: 25235309384; totalMemory: 34954674176; maxMemory: 38177538048
INFO	2015-04-01 12:08:40	MarkDuplicates	Marking 1789579 records as duplicates.
INFO	2015-04-01 12:08:40	MarkDuplicates	Found 72495 optical duplicate clusters.
INFO	2015-04-01 12:13:48	MarkDuplicates	Written    10,000,000 records.  Elapsed time: 00:05:06s.  Time for last 10,000,000:  306s.  Last read position: chr10:126,998,110
INFO	2015-04-01 12:19:17	MarkDuplicates	Written    20,000,000 records.  Elapsed time: 00:10:33s.  Time for last 10,000,000:  326s.  Last read position: chr12:51,609,719
INFO	2015-04-01 12:26:55	MarkDuplicates	Written    30,000,000 records.  Elapsed time: 00:18:10s.  Time for last 10,000,000:  456s.  Last read position: chr14:121,288,528
INFO	2015-04-01 12:33:14	MarkDuplicates	Written    40,000,000 records.  Elapsed time: 00:24:29s.  Time for last 10,000,000:  379s.  Last read position: chr17:46,964,779
INFO	2015-04-01 12:38:48	MarkDuplicates	Written    50,000,000 records.  Elapsed time: 00:30:05s.  Time for last 10,000,000:  336s.  Last read position: chr2:84,672,331
INFO	2015-04-01 12:45:30	MarkDuplicates	Written    60,000,000 records.  Elapsed time: 00:36:38s.  Time for last 10,000,000:  392s.  Last read position: chr4:43,180,459
INFO	2015-04-01 12:51:04	MarkDuplicates	Written    70,000,000 records.  Elapsed time: 00:42:19s.  Time for last 10,000,000:  341s.  Last read position: chr5:143,506,946
INFO	2015-04-01 12:57:25	MarkDuplicates	Written    80,000,000 records.  Elapsed time: 00:48:44s.  Time for last 10,000,000:  384s.  Last read position: chr7:114,705,548
INFO	2015-04-01 13:04:55	MarkDuplicates	Written    90,000,000 records.  Elapsed time: 00:56:13s.  Time for last 10,000,000:  448s.  Last read position: chr9:67,344,086
INFO	2015-04-01 13:10:07	MarkDuplicates	Before output close freeMemory: 34841065192; totalMemory: 35115040768; maxMemory: 38177538048
INFO	2015-04-01 13:10:16	MarkDuplicates	After output close freeMemory: 34562103968; totalMemory: 34835857408; maxMemory: 38177538048
[Wed Apr 01 13:10:16 EDT 2015] net.sf.picard.sam.MarkDuplicates done. Elapsed time: 125.32 minutes.
Runtime.totalMemory()=34835857408
