[Wed Apr 01 11:33:29 EDT 2015] net.sf.picard.sam.MarkDuplicates INPUT=[/n/rinn_data1/users/agroff/seq/OtherMice/Diana/lincP21/bam/JR934/rmdup_accepted_hits_sorted_picard.bam] OUTPUT=/n/rinn_data1/users/agroff/seq/OtherMice/Diana/lincP21/bam/JR934/rmdup_accepted_hits_sorted_duplicates_marked.bam METRICS_FILE=dup_metrics.txt    PROGRAM_RECORD_ID=MarkDuplicates PROGRAM_GROUP_NAME=MarkDuplicates REMOVE_DUPLICATES=false ASSUME_SORTED=false MAX_SEQUENCES_FOR_DISK_READ_ENDS_MAP=50000 MAX_FILE_HANDLES_FOR_READ_ENDS_MAP=8000 SORTING_COLLECTION_SIZE_RATIO=0.25 READ_NAME_REGEX=[a-zA-Z0-9]+:[0-9]:([0-9]+):([0-9]+):([0-9]+).* OPTICAL_DUPLICATE_PIXEL_DISTANCE=100 VERBOSITY=INFO QUIET=false VALIDATION_STRINGENCY=STRICT COMPRESSION_LEVEL=5 MAX_RECORDS_IN_RAM=500000 CREATE_INDEX=false CREATE_MD5_FILE=false
[Wed Apr 01 11:33:29 EDT 2015] Executing as agroff@holy2a03101.rc.fas.harvard.edu on Linux 2.6.32-431.17.1.el6.x86_64 amd64; Java HotSpot(TM) 64-Bit Server VM 1.6.0_11-b03; Picard version: 1.98(1547)
INFO	2015-04-01 11:33:29	MarkDuplicates	Start of doWork freeMemory: 8629056; totalMemory: 9109504; maxMemory: 38177538048
INFO	2015-04-01 11:33:29	MarkDuplicates	Reading input file and constructing read end information.
INFO	2015-04-01 11:33:29	MarkDuplicates	Will retain up to 151498166 data points before spilling to disk.
INFO	2015-04-01 11:35:05	MarkDuplicates	Read     1,000,000 records.  Elapsed time: 00:01:22s.  Time for last 1,000,000:   82s.  Last read position: chr1:71,627,300
INFO	2015-04-01 11:35:05	MarkDuplicates	Tracking 28846 as yet unmatched pairs. 531 records in RAM.
INFO	2015-04-01 11:35:44	MarkDuplicates	Read     2,000,000 records.  Elapsed time: 00:01:58s.  Time for last 1,000,000:   35s.  Last read position: chr1:133,654,424
INFO	2015-04-01 11:35:44	MarkDuplicates	Tracking 45021 as yet unmatched pairs. 605 records in RAM.
INFO	2015-04-01 11:36:18	MarkDuplicates	Read     3,000,000 records.  Elapsed time: 00:02:34s.  Time for last 1,000,000:   36s.  Last read position: chr1:181,177,572
INFO	2015-04-01 11:36:18	MarkDuplicates	Tracking 59492 as yet unmatched pairs. 957 records in RAM.
INFO	2015-04-01 11:36:51	MarkDuplicates	Read     4,000,000 records.  Elapsed time: 00:03:07s.  Time for last 1,000,000:   32s.  Last read position: chr10:61,692,813
INFO	2015-04-01 11:36:51	MarkDuplicates	Tracking 82733 as yet unmatched pairs. 3516 records in RAM.
INFO	2015-04-01 11:37:24	MarkDuplicates	Read     5,000,000 records.  Elapsed time: 00:03:39s.  Time for last 1,000,000:   31s.  Last read position: chr10:88,487,101
INFO	2015-04-01 11:37:24	MarkDuplicates	Tracking 89431 as yet unmatched pairs. 3074 records in RAM.
INFO	2015-04-01 11:37:51	MarkDuplicates	Read     6,000,000 records.  Elapsed time: 00:04:07s.  Time for last 1,000,000:   28s.  Last read position: chr11:4,733,124
INFO	2015-04-01 11:37:51	MarkDuplicates	Tracking 107704 as yet unmatched pairs. 6357 records in RAM.
INFO	2015-04-01 11:38:33	MarkDuplicates	Read     7,000,000 records.  Elapsed time: 00:04:51s.  Time for last 1,000,000:   43s.  Last read position: chr11:32,296,745
INFO	2015-04-01 11:38:33	MarkDuplicates	Tracking 168790 as yet unmatched pairs. 49120 records in RAM.
INFO	2015-04-01 11:38:45	MarkDuplicates	Read     8,000,000 records.  Elapsed time: 00:05:02s.  Time for last 1,000,000:   11s.  Last read position: chr11:32,297,171
INFO	2015-04-01 11:38:45	MarkDuplicates	Tracking 411296 as yet unmatched pairs. 289476 records in RAM.
INFO	2015-04-01 11:39:14	MarkDuplicates	Read     9,000,000 records.  Elapsed time: 00:05:31s.  Time for last 1,000,000:   28s.  Last read position: chr11:60,352,764
INFO	2015-04-01 11:39:14	MarkDuplicates	Tracking 471441 as yet unmatched pairs. 341066 records in RAM.
INFO	2015-04-01 11:39:38	MarkDuplicates	Read    10,000,000 records.  Elapsed time: 00:05:53s.  Time for last 1,000,000:   21s.  Last read position: chr11:78,499,352
INFO	2015-04-01 11:39:38	MarkDuplicates	Tracking 481795 as yet unmatched pairs. 342047 records in RAM.
INFO	2015-04-01 11:39:59	MarkDuplicates	Read    11,000,000 records.  Elapsed time: 00:06:16s.  Time for last 1,000,000:   22s.  Last read position: chr11:99,213,303
INFO	2015-04-01 11:39:59	MarkDuplicates	Tracking 491882 as yet unmatched pairs. 340977 records in RAM.
INFO	2015-04-01 11:40:39	MarkDuplicates	Read    12,000,000 records.  Elapsed time: 00:06:53s.  Time for last 1,000,000:   37s.  Last read position: chr11:116,852,136
INFO	2015-04-01 11:40:39	MarkDuplicates	Tracking 505145 as yet unmatched pairs. 340754 records in RAM.
INFO	2015-04-01 11:41:20	MarkDuplicates	Read    13,000,000 records.  Elapsed time: 00:07:37s.  Time for last 1,000,000:   43s.  Last read position: chr12:41,268,309
INFO	2015-04-01 11:41:20	MarkDuplicates	Tracking 524814 as yet unmatched pairs. 6139 records in RAM.
INFO	2015-04-01 11:41:47	MarkDuplicates	Read    14,000,000 records.  Elapsed time: 00:08:04s.  Time for last 1,000,000:   26s.  Last read position: chr12:103,646,680
INFO	2015-04-01 11:41:47	MarkDuplicates	Tracking 545474 as yet unmatched pairs. 5084 records in RAM.
INFO	2015-04-01 11:42:11	MarkDuplicates	Read    15,000,000 records.  Elapsed time: 00:08:28s.  Time for last 1,000,000:   24s.  Last read position: chr13:3,561,927
INFO	2015-04-01 11:42:11	MarkDuplicates	Tracking 556932 as yet unmatched pairs. 11283 records in RAM.
INFO	2015-04-01 11:42:29	MarkDuplicates	Read    16,000,000 records.  Elapsed time: 00:08:46s.  Time for last 1,000,000:   17s.  Last read position: chr13:59,791,840
INFO	2015-04-01 11:42:29	MarkDuplicates	Tracking 572104 as yet unmatched pairs. 6635 records in RAM.
INFO	2015-04-01 11:43:00	MarkDuplicates	Read    17,000,000 records.  Elapsed time: 00:09:17s.  Time for last 1,000,000:   31s.  Last read position: chr14:18,269,251
INFO	2015-04-01 11:43:00	MarkDuplicates	Tracking 607012 as yet unmatched pairs. 21309 records in RAM.
INFO	2015-04-01 11:43:24	MarkDuplicates	Read    18,000,000 records.  Elapsed time: 00:09:36s.  Time for last 1,000,000:   19s.  Last read position: chr14:56,797,696
INFO	2015-04-01 11:43:24	MarkDuplicates	Tracking 607883 as yet unmatched pairs. 9539 records in RAM.
INFO	2015-04-01 11:43:43	MarkDuplicates	Read    19,000,000 records.  Elapsed time: 00:09:57s.  Time for last 1,000,000:   20s.  Last read position: chr14:105,682,143
INFO	2015-04-01 11:43:43	MarkDuplicates	Tracking 619034 as yet unmatched pairs. 1651 records in RAM.
INFO	2015-04-01 11:44:14	MarkDuplicates	Read    20,000,000 records.  Elapsed time: 00:10:28s.  Time for last 1,000,000:   30s.  Last read position: chr15:76,904,577
INFO	2015-04-01 11:44:14	MarkDuplicates	Tracking 625765 as yet unmatched pairs. 7344 records in RAM.
INFO	2015-04-01 11:44:47	MarkDuplicates	Read    21,000,000 records.  Elapsed time: 00:11:04s.  Time for last 1,000,000:   36s.  Last read position: chr15:98,950,434
INFO	2015-04-01 11:44:47	MarkDuplicates	Tracking 637555 as yet unmatched pairs. 11975 records in RAM.
INFO	2015-04-01 11:45:22	MarkDuplicates	Read    22,000,000 records.  Elapsed time: 00:11:34s.  Time for last 1,000,000:   29s.  Last read position: chr16:20,539,460
INFO	2015-04-01 11:45:22	MarkDuplicates	Tracking 644438 as yet unmatched pairs. 6996 records in RAM.
INFO	2015-04-01 11:45:46	MarkDuplicates	Read    23,000,000 records.  Elapsed time: 00:11:59s.  Time for last 1,000,000:   25s.  Last read position: chr16:91,025,283
INFO	2015-04-01 11:45:46	MarkDuplicates	Tracking 650889 as yet unmatched pairs. 1331 records in RAM.
INFO	2015-04-01 11:46:04	MarkDuplicates	Read    24,000,000 records.  Elapsed time: 00:12:18s.  Time for last 1,000,000:   19s.  Last read position: chr17:26,543,310
INFO	2015-04-01 11:46:04	MarkDuplicates	Tracking 659177 as yet unmatched pairs. 20017 records in RAM.
INFO	2015-04-01 11:46:37	MarkDuplicates	Read    25,000,000 records.  Elapsed time: 00:12:52s.  Time for last 1,000,000:   34s.  Last read position: chr17:39,848,021
INFO	2015-04-01 11:46:37	MarkDuplicates	Tracking 660840 as yet unmatched pairs. 8909 records in RAM.
INFO	2015-04-01 11:46:53	MarkDuplicates	Read    26,000,000 records.  Elapsed time: 00:13:10s.  Time for last 1,000,000:   17s.  Last read position: chr18:7,863,411
INFO	2015-04-01 11:46:53	MarkDuplicates	Tracking 660953 as yet unmatched pairs. 15220 records in RAM.
INFO	2015-04-01 11:47:10	MarkDuplicates	Read    27,000,000 records.  Elapsed time: 00:13:23s.  Time for last 1,000,000:   13s.  Last read position: chr18:65,814,922
INFO	2015-04-01 11:47:10	MarkDuplicates	Tracking 663802 as yet unmatched pairs. 3059 records in RAM.
INFO	2015-04-01 11:47:44	MarkDuplicates	Read    28,000,000 records.  Elapsed time: 00:14:00s.  Time for last 1,000,000:   36s.  Last read position: chr19:8,978,072
INFO	2015-04-01 11:47:44	MarkDuplicates	Tracking 664090 as yet unmatched pairs. 12760 records in RAM.
INFO	2015-04-01 11:48:07	MarkDuplicates	Read    29,000,000 records.  Elapsed time: 00:14:24s.  Time for last 1,000,000:   24s.  Last read position: chr19:55,280,512
INFO	2015-04-01 11:48:07	MarkDuplicates	Tracking 671844 as yet unmatched pairs. 6964 records in RAM.
INFO	2015-04-01 11:48:25	MarkDuplicates	Read    30,000,000 records.  Elapsed time: 00:14:38s.  Time for last 1,000,000:   14s.  Last read position: chr2:32,279,010
INFO	2015-04-01 11:48:25	MarkDuplicates	Tracking 676929 as yet unmatched pairs. 29136 records in RAM.
INFO	2015-04-01 11:49:04	MarkDuplicates	Read    31,000,000 records.  Elapsed time: 00:15:18s.  Time for last 1,000,000:   39s.  Last read position: chr2:91,275,787
INFO	2015-04-01 11:49:04	MarkDuplicates	Tracking 677463 as yet unmatched pairs. 18628 records in RAM.
INFO	2015-04-01 11:49:19	MarkDuplicates	Read    32,000,000 records.  Elapsed time: 00:15:34s.  Time for last 1,000,000:   15s.  Last read position: chr2:131,938,210
INFO	2015-04-01 11:49:19	MarkDuplicates	Tracking 677728 as yet unmatched pairs. 13182 records in RAM.
INFO	2015-04-01 11:49:38	MarkDuplicates	Read    33,000,000 records.  Elapsed time: 00:15:55s.  Time for last 1,000,000:   21s.  Last read position: chr2:172,362,879
INFO	2015-04-01 11:49:38	MarkDuplicates	Tracking 672792 as yet unmatched pairs. 3035 records in RAM.
INFO	2015-04-01 11:50:04	MarkDuplicates	Read    34,000,000 records.  Elapsed time: 00:16:17s.  Time for last 1,000,000:   22s.  Last read position: chr3:54,710,438
INFO	2015-04-01 11:50:04	MarkDuplicates	Tracking 665391 as yet unmatched pairs. 32407 records in RAM.
INFO	2015-04-01 11:50:43	MarkDuplicates	Read    35,000,000 records.  Elapsed time: 00:16:59s.  Time for last 1,000,000:   41s.  Last read position: chr3:95,945,294
INFO	2015-04-01 11:50:43	MarkDuplicates	Tracking 653643 as yet unmatched pairs. 14951 records in RAM.
INFO	2015-04-01 11:50:57	MarkDuplicates	Read    36,000,000 records.  Elapsed time: 00:17:14s.  Time for last 1,000,000:   15s.  Last read position: chr3:150,073,047
INFO	2015-04-01 11:50:57	MarkDuplicates	Tracking 653461 as yet unmatched pairs. 2120 records in RAM.
INFO	2015-04-01 11:51:19	MarkDuplicates	Read    37,000,000 records.  Elapsed time: 00:17:36s.  Time for last 1,000,000:   22s.  Last read position: chr4:62,319,292
INFO	2015-04-01 11:51:19	MarkDuplicates	Tracking 657665 as yet unmatched pairs. 30691 records in RAM.
INFO	2015-04-01 11:51:36	MarkDuplicates	Read    38,000,000 records.  Elapsed time: 00:17:50s.  Time for last 1,000,000:   13s.  Last read position: chr4:123,289,059
INFO	2015-04-01 11:51:36	MarkDuplicates	Tracking 657994 as yet unmatched pairs. 22593 records in RAM.
INFO	2015-04-01 11:52:21	MarkDuplicates	Read    39,000,000 records.  Elapsed time: 00:18:37s.  Time for last 1,000,000:   47s.  Last read position: chr4:141,006,221
INFO	2015-04-01 11:52:21	MarkDuplicates	Tracking 652047 as yet unmatched pairs. 11014 records in RAM.
INFO	2015-04-01 11:52:38	MarkDuplicates	Read    40,000,000 records.  Elapsed time: 00:18:54s.  Time for last 1,000,000:   17s.  Last read position: chr5:30,674,152
INFO	2015-04-01 11:52:38	MarkDuplicates	Tracking 659144 as yet unmatched pairs. 41236 records in RAM.
INFO	2015-04-01 11:52:57	MarkDuplicates	Read    41,000,000 records.  Elapsed time: 00:19:14s.  Time for last 1,000,000:   19s.  Last read position: chr5:90,472,619
INFO	2015-04-01 11:52:57	MarkDuplicates	Tracking 661653 as yet unmatched pairs. 41252 records in RAM.
INFO	2015-04-01 11:53:14	MarkDuplicates	Read    42,000,000 records.  Elapsed time: 00:19:28s.  Time for last 1,000,000:   13s.  Last read position: chr5:117,274,244
INFO	2015-04-01 11:53:14	MarkDuplicates	Tracking 661198 as yet unmatched pairs. 22286 records in RAM.
INFO	2015-04-01 11:53:30	MarkDuplicates	Read    43,000,000 records.  Elapsed time: 00:19:45s.  Time for last 1,000,000:   16s.  Last read position: chr5:138,168,831
INFO	2015-04-01 11:53:30	MarkDuplicates	Tracking 651215 as yet unmatched pairs. 9868 records in RAM.
INFO	2015-04-01 11:54:27	MarkDuplicates	Read    44,000,000 records.  Elapsed time: 00:20:43s.  Time for last 1,000,000:   58s.  Last read position: chr6:39,399,401
INFO	2015-04-01 11:54:27	MarkDuplicates	Tracking 638762 as yet unmatched pairs. 32302 records in RAM.
INFO	2015-04-01 11:54:45	MarkDuplicates	Read    45,000,000 records.  Elapsed time: 00:20:58s.  Time for last 1,000,000:   14s.  Last read position: chr6:88,828,236
INFO	2015-04-01 11:54:45	MarkDuplicates	Tracking 632688 as yet unmatched pairs. 23196 records in RAM.
INFO	2015-04-01 11:55:00	MarkDuplicates	Read    46,000,000 records.  Elapsed time: 00:21:14s.  Time for last 1,000,000:   16s.  Last read position: chr6:135,137,976
INFO	2015-04-01 11:55:00	MarkDuplicates	Tracking 620504 as yet unmatched pairs. 4978 records in RAM.
INFO	2015-04-01 11:55:35	MarkDuplicates	Read    47,000,000 records.  Elapsed time: 00:21:51s.  Time for last 1,000,000:   37s.  Last read position: chr7:28,359,713
INFO	2015-04-01 11:55:35	MarkDuplicates	Tracking 609246 as yet unmatched pairs. 62257 records in RAM.
INFO	2015-04-01 11:55:58	MarkDuplicates	Read    48,000,000 records.  Elapsed time: 00:22:11s.  Time for last 1,000,000:   19s.  Last read position: chr7:81,342,774
INFO	2015-04-01 11:55:58	MarkDuplicates	Tracking 591815 as yet unmatched pairs. 43117 records in RAM.
INFO	2015-04-01 11:56:43	MarkDuplicates	Read    49,000,000 records.  Elapsed time: 00:23:00s.  Time for last 1,000,000:   49s.  Last read position: chr7:103,826,749
INFO	2015-04-01 11:56:43	MarkDuplicates	Tracking 646882 as yet unmatched pairs. 96410 records in RAM.
INFO	2015-04-01 11:56:57	MarkDuplicates	Read    50,000,000 records.  Elapsed time: 00:23:12s.  Time for last 1,000,000:   11s.  Last read position: chr7:103,827,654
INFO	2015-04-01 11:56:57	MarkDuplicates	Tracking 881455 as yet unmatched pairs. 330629 records in RAM.
INFO	2015-04-01 11:57:10	MarkDuplicates	Read    51,000,000 records.  Elapsed time: 00:23:24s.  Time for last 1,000,000:   12s.  Last read position: chr7:120,960,135
INFO	2015-04-01 11:57:10	MarkDuplicates	Tracking 994096 as yet unmatched pairs. 442636 records in RAM.
INFO	2015-04-01 11:57:24	MarkDuplicates	Read    52,000,000 records.  Elapsed time: 00:23:39s.  Time for last 1,000,000:   14s.  Last read position: chr7:142,651,900
INFO	2015-04-01 11:57:24	MarkDuplicates	Tracking 991875 as yet unmatched pairs. 436950 records in RAM.
INFO	2015-04-01 11:58:20	MarkDuplicates	Read    53,000,000 records.  Elapsed time: 00:24:34s.  Time for last 1,000,000:   55s.  Last read position: chr8:70,508,362
INFO	2015-04-01 11:58:20	MarkDuplicates	Tracking 977337 as yet unmatched pairs. 44283 records in RAM.
INFO	2015-04-01 11:58:39	MarkDuplicates	Read    54,000,000 records.  Elapsed time: 00:24:49s.  Time for last 1,000,000:   14s.  Last read position: chr8:104,639,948
INFO	2015-04-01 11:58:39	MarkDuplicates	Tracking 954315 as yet unmatched pairs. 19567 records in RAM.
INFO	2015-04-01 11:59:03	MarkDuplicates	Read    55,000,000 records.  Elapsed time: 00:25:19s.  Time for last 1,000,000:   29s.  Last read position: chr9:20,435,678
INFO	2015-04-01 11:59:03	MarkDuplicates	Tracking 936180 as yet unmatched pairs. 88650 records in RAM.
INFO	2015-04-01 12:00:14	MarkDuplicates	Read    56,000,000 records.  Elapsed time: 00:26:26s.  Time for last 1,000,000:   66s.  Last read position: chr9:54,906,920
INFO	2015-04-01 12:00:14	MarkDuplicates	Tracking 915878 as yet unmatched pairs. 62004 records in RAM.
INFO	2015-04-01 12:00:43	MarkDuplicates	Read    57,000,000 records.  Elapsed time: 00:26:53s.  Time for last 1,000,000:   27s.  Last read position: chr9:84,424,343
INFO	2015-04-01 12:00:43	MarkDuplicates	Tracking 896822 as yet unmatched pairs. 42623 records in RAM.
INFO	2015-04-01 12:01:09	MarkDuplicates	Read    58,000,000 records.  Elapsed time: 00:27:19s.  Time for last 1,000,000:   25s.  Last read position: chr9:115,254,918
INFO	2015-04-01 12:01:09	MarkDuplicates	Tracking 874284 as yet unmatched pairs. 19839 records in RAM.
INFO	2015-04-01 12:01:34	MarkDuplicates	Read    59,000,000 records.  Elapsed time: 00:27:49s.  Time for last 1,000,000:   30s.  Last read position: chrM:11,176
INFO	2015-04-01 12:01:34	MarkDuplicates	Tracking 847168 as yet unmatched pairs. 6779 records in RAM.
INFO	2015-04-01 12:01:55	MarkDuplicates	Read    60,000,000 records.  Elapsed time: 00:28:09s.  Time for last 1,000,000:   20s.  Last read position: chrX:85,110,065
INFO	2015-04-01 12:01:55	MarkDuplicates	Tracking 819116 as yet unmatched pairs. 17076 records in RAM.
INFO	2015-04-01 12:02:06	MarkDuplicates	Read    61,000,000 records.  Elapsed time: 00:28:23s.  Time for last 1,000,000:   13s.  Last read position: chrY:90,739,194
INFO	2015-04-01 12:02:06	MarkDuplicates	Tracking 800313 as yet unmatched pairs. 1030 records in RAM.
INFO	2015-04-01 12:02:06	MarkDuplicates	Read 61017544 records. 799309 pairs never matched.
INFO	2015-04-01 12:02:44	MarkDuplicates	After buildSortedReadEndLists freeMemory: 12053261080; totalMemory: 19719127040; maxMemory: 38177538048
INFO	2015-04-01 12:02:44	MarkDuplicates	Will retain up to 1193048064 duplicate indices before spilling to disk.
INFO	2015-04-01 12:02:51	MarkDuplicates	Traversing read pair information and detecting duplicates.
INFO	2015-04-01 12:03:28	MarkDuplicates	Traversing fragment information and detecting duplicates.
INFO	2015-04-01 12:04:46	MarkDuplicates	Sorting list of duplicate records.
INFO	2015-04-01 12:04:55	MarkDuplicates	After generateDuplicateIndexes freeMemory: 10017692752; totalMemory: 19719127040; maxMemory: 38177538048
INFO	2015-04-01 12:04:55	MarkDuplicates	Marking 1041015 records as duplicates.
INFO	2015-04-01 12:04:55	MarkDuplicates	Found 48505 optical duplicate clusters.
INFO	2015-04-01 12:11:07	MarkDuplicates	Written    10,000,000 records.  Elapsed time: 00:06:09s.  Time for last 10,000,000:  369s.  Last read position: chr11:78,499,352
INFO	2015-04-01 12:17:18	MarkDuplicates	Written    20,000,000 records.  Elapsed time: 00:12:17s.  Time for last 10,000,000:  368s.  Last read position: chr15:76,904,577
INFO	2015-04-01 12:23:24	MarkDuplicates	Written    30,000,000 records.  Elapsed time: 00:18:22s.  Time for last 10,000,000:  365s.  Last read position: chr2:32,279,010
INFO	2015-04-01 12:29:30	MarkDuplicates	Written    40,000,000 records.  Elapsed time: 00:24:30s.  Time for last 10,000,000:  368s.  Last read position: chr5:30,674,152
INFO	2015-04-01 12:35:14	MarkDuplicates	Written    50,000,000 records.  Elapsed time: 00:30:18s.  Time for last 10,000,000:  348s.  Last read position: chr7:103,827,654
INFO	2015-04-01 12:41:33	MarkDuplicates	Written    60,000,000 records.  Elapsed time: 00:36:37s.  Time for last 10,000,000:  378s.  Last read position: chrX:85,110,065
INFO	2015-04-01 12:42:01	MarkDuplicates	Before output close freeMemory: 30734541504; totalMemory: 31009013760; maxMemory: 38177538048
INFO	2015-04-01 12:42:11	MarkDuplicates	After output close freeMemory: 30451032624; totalMemory: 30725505024; maxMemory: 38177538048
[Wed Apr 01 12:42:12 EDT 2015] net.sf.picard.sam.MarkDuplicates done. Elapsed time: 68.72 minutes.
Runtime.totalMemory()=30725505024
