[Wed Apr 01 10:52:48 EDT 2015] net.sf.picard.sam.MarkDuplicates INPUT=[/n/rinn_data1/users/agroff/seq/OtherMice/Diana/lincP21/bam/JR915/rmdup_accepted_hits_sorted_picard.bam] OUTPUT=/n/rinn_data1/users/agroff/seq/OtherMice/Diana/lincP21/bam/JR915/rmdup_accepted_hits_sorted_duplicates_marked.bam METRICS_FILE=dup_metrics.txt    PROGRAM_RECORD_ID=MarkDuplicates PROGRAM_GROUP_NAME=MarkDuplicates REMOVE_DUPLICATES=false ASSUME_SORTED=false MAX_SEQUENCES_FOR_DISK_READ_ENDS_MAP=50000 MAX_FILE_HANDLES_FOR_READ_ENDS_MAP=8000 SORTING_COLLECTION_SIZE_RATIO=0.25 READ_NAME_REGEX=[a-zA-Z0-9]+:[0-9]:([0-9]+):([0-9]+):([0-9]+).* OPTICAL_DUPLICATE_PIXEL_DISTANCE=100 VERBOSITY=INFO QUIET=false VALIDATION_STRINGENCY=STRICT COMPRESSION_LEVEL=5 MAX_RECORDS_IN_RAM=500000 CREATE_INDEX=false CREATE_MD5_FILE=false
[Wed Apr 01 10:52:48 EDT 2015] Executing as agroff@holy2a07107.rc.fas.harvard.edu on Linux 2.6.32-431.17.1.el6.x86_64 amd64; Java HotSpot(TM) 64-Bit Server VM 1.6.0_11-b03; Picard version: 1.98(1547)
INFO	2015-04-01 10:52:48	MarkDuplicates	Start of doWork freeMemory: 8478880; totalMemory: 9109504; maxMemory: 38177538048
INFO	2015-04-01 10:52:48	MarkDuplicates	Reading input file and constructing read end information.
INFO	2015-04-01 10:52:48	MarkDuplicates	Will retain up to 151498166 data points before spilling to disk.
INFO	2015-04-01 10:53:49	MarkDuplicates	Read     1,000,000 records.  Elapsed time: 00:00:59s.  Time for last 1,000,000:   59s.  Last read position: chr1:44,148,132
INFO	2015-04-01 10:53:49	MarkDuplicates	Tracking 36682 as yet unmatched pairs. 449 records in RAM.
INFO	2015-04-01 10:54:15	MarkDuplicates	Read     2,000,000 records.  Elapsed time: 00:01:25s.  Time for last 1,000,000:   26s.  Last read position: chr1:71,627,198
INFO	2015-04-01 10:54:15	MarkDuplicates	Tracking 50775 as yet unmatched pairs. 1050 records in RAM.
INFO	2015-04-01 10:54:43	MarkDuplicates	Read     3,000,000 records.  Elapsed time: 00:01:48s.  Time for last 1,000,000:   22s.  Last read position: chr1:93,047,256
INFO	2015-04-01 10:54:43	MarkDuplicates	Tracking 59651 as yet unmatched pairs. 841 records in RAM.
INFO	2015-04-01 10:55:08	MarkDuplicates	Read     4,000,000 records.  Elapsed time: 00:02:18s.  Time for last 1,000,000:   30s.  Last read position: chr1:151,351,554
INFO	2015-04-01 10:55:08	MarkDuplicates	Tracking 74651 as yet unmatched pairs. 1368 records in RAM.
INFO	2015-04-01 10:55:29	MarkDuplicates	Read     5,000,000 records.  Elapsed time: 00:02:39s.  Time for last 1,000,000:   20s.  Last read position: chr1:178,249,474
INFO	2015-04-01 10:55:29	MarkDuplicates	Tracking 82863 as yet unmatched pairs. 953 records in RAM.
INFO	2015-04-01 10:55:55	MarkDuplicates	Read     6,000,000 records.  Elapsed time: 00:03:01s.  Time for last 1,000,000:   21s.  Last read position: chr10:18,121,076
INFO	2015-04-01 10:55:55	MarkDuplicates	Tracking 94621 as yet unmatched pairs. 5918 records in RAM.
INFO	2015-04-01 10:56:15	MarkDuplicates	Read     7,000,000 records.  Elapsed time: 00:03:24s.  Time for last 1,000,000:   23s.  Last read position: chr10:62,598,241
INFO	2015-04-01 10:56:15	MarkDuplicates	Tracking 111078 as yet unmatched pairs. 5762 records in RAM.
INFO	2015-04-01 10:56:45	MarkDuplicates	Read     8,000,000 records.  Elapsed time: 00:03:55s.  Time for last 1,000,000:   30s.  Last read position: chr10:81,123,669
INFO	2015-04-01 10:56:45	MarkDuplicates	Tracking 115837 as yet unmatched pairs. 5708 records in RAM.
INFO	2015-04-01 10:57:05	MarkDuplicates	Read     9,000,000 records.  Elapsed time: 00:04:11s.  Time for last 1,000,000:   16s.  Last read position: chr10:110,974,413
INFO	2015-04-01 10:57:05	MarkDuplicates	Tracking 122130 as yet unmatched pairs. 5288 records in RAM.
INFO	2015-04-01 10:57:29	MarkDuplicates	Read    10,000,000 records.  Elapsed time: 00:04:38s.  Time for last 1,000,000:   26s.  Last read position: chr10:128,679,445
INFO	2015-04-01 10:57:29	MarkDuplicates	Tracking 135113 as yet unmatched pairs. 2361 records in RAM.
INFO	2015-04-01 10:57:53	MarkDuplicates	Read    11,000,000 records.  Elapsed time: 00:05:03s.  Time for last 1,000,000:   24s.  Last read position: chr11:23,388,794
INFO	2015-04-01 10:57:53	MarkDuplicates	Tracking 153115 as yet unmatched pairs. 6884 records in RAM.
INFO	2015-04-01 10:58:15	MarkDuplicates	Read    12,000,000 records.  Elapsed time: 00:05:25s.  Time for last 1,000,000:   22s.  Last read position: chr11:51,604,432
INFO	2015-04-01 10:58:15	MarkDuplicates	Tracking 170424 as yet unmatched pairs. 15132 records in RAM.
INFO	2015-04-01 10:58:37	MarkDuplicates	Read    13,000,000 records.  Elapsed time: 00:05:47s.  Time for last 1,000,000:   21s.  Last read position: chr11:62,552,883
INFO	2015-04-01 10:58:37	MarkDuplicates	Tracking 183954 as yet unmatched pairs. 24455 records in RAM.
INFO	2015-04-01 10:58:52	MarkDuplicates	Read    14,000,000 records.  Elapsed time: 00:05:59s.  Time for last 1,000,000:   12s.  Last read position: chr11:75,441,370
INFO	2015-04-01 10:58:52	MarkDuplicates	Tracking 185551 as yet unmatched pairs. 21398 records in RAM.
INFO	2015-04-01 10:59:18	MarkDuplicates	Read    15,000,000 records.  Elapsed time: 00:06:26s.  Time for last 1,000,000:   26s.  Last read position: chr11:88,934,642
INFO	2015-04-01 10:59:18	MarkDuplicates	Tracking 193436 as yet unmatched pairs. 18992 records in RAM.
INFO	2015-04-01 10:59:40	MarkDuplicates	Read    16,000,000 records.  Elapsed time: 00:06:43s.  Time for last 1,000,000:   17s.  Last read position: chr11:100,321,539
INFO	2015-04-01 10:59:40	MarkDuplicates	Tracking 202673 as yet unmatched pairs. 18980 records in RAM.
INFO	2015-04-01 11:00:08	MarkDuplicates	Read    17,000,000 records.  Elapsed time: 00:07:14s.  Time for last 1,000,000:   30s.  Last read position: chr11:113,727,757
INFO	2015-04-01 11:00:08	MarkDuplicates	Tracking 211943 as yet unmatched pairs. 17749 records in RAM.
INFO	2015-04-01 11:00:27	MarkDuplicates	Read    18,000,000 records.  Elapsed time: 00:07:37s.  Time for last 1,000,000:   23s.  Last read position: chr12:3,500,567
INFO	2015-04-01 11:00:27	MarkDuplicates	Tracking 222091 as yet unmatched pairs. 17359 records in RAM.
INFO	2015-04-01 11:01:00	MarkDuplicates	Read    19,000,000 records.  Elapsed time: 00:08:05s.  Time for last 1,000,000:   28s.  Last read position: chr12:54,672,020
INFO	2015-04-01 11:01:00	MarkDuplicates	Tracking 239375 as yet unmatched pairs. 15762 records in RAM.
INFO	2015-04-01 11:01:20	MarkDuplicates	Read    20,000,000 records.  Elapsed time: 00:08:26s.  Time for last 1,000,000:   20s.  Last read position: chr12:84,757,163
INFO	2015-04-01 11:01:20	MarkDuplicates	Tracking 257421 as yet unmatched pairs. 14998 records in RAM.
INFO	2015-04-01 11:01:49	MarkDuplicates	Read    21,000,000 records.  Elapsed time: 00:08:56s.  Time for last 1,000,000:   30s.  Last read position: chr12:109,650,754
INFO	2015-04-01 11:01:49	MarkDuplicates	Tracking 256644 as yet unmatched pairs. 5173 records in RAM.
INFO	2015-04-01 11:02:04	MarkDuplicates	Read    22,000,000 records.  Elapsed time: 00:09:14s.  Time for last 1,000,000:   17s.  Last read position: chr13:28,950,401
INFO	2015-04-01 11:02:04	MarkDuplicates	Tracking 263770 as yet unmatched pairs. 9272 records in RAM.
INFO	2015-04-01 11:02:26	MarkDuplicates	Read    23,000,000 records.  Elapsed time: 00:09:27s.  Time for last 1,000,000:   12s.  Last read position: chr13:56,742,019
INFO	2015-04-01 11:02:26	MarkDuplicates	Tracking 270174 as yet unmatched pairs. 8582 records in RAM.
INFO	2015-04-01 11:02:55	MarkDuplicates	Read    24,000,000 records.  Elapsed time: 00:09:59s.  Time for last 1,000,000:   32s.  Last read position: chr13:95,550,464
INFO	2015-04-01 11:02:55	MarkDuplicates	Tracking 288220 as yet unmatched pairs. 2625 records in RAM.
INFO	2015-04-01 11:03:18	MarkDuplicates	Read    25,000,000 records.  Elapsed time: 00:10:26s.  Time for last 1,000,000:   27s.  Last read position: chr14:18,269,280
INFO	2015-04-01 11:03:18	MarkDuplicates	Tracking 308844 as yet unmatched pairs. 25469 records in RAM.
INFO	2015-04-01 11:03:36	MarkDuplicates	Read    26,000,000 records.  Elapsed time: 00:10:42s.  Time for last 1,000,000:   15s.  Last read position: chr14:45,601,634
INFO	2015-04-01 11:03:36	MarkDuplicates	Tracking 305058 as yet unmatched pairs. 10931 records in RAM.
INFO	2015-04-01 11:04:10	MarkDuplicates	Read    27,000,000 records.  Elapsed time: 00:11:11s.  Time for last 1,000,000:   29s.  Last read position: chr14:67,740,368
INFO	2015-04-01 11:04:10	MarkDuplicates	Tracking 313121 as yet unmatched pairs. 8823 records in RAM.
INFO	2015-04-01 11:04:30	MarkDuplicates	Read    28,000,000 records.  Elapsed time: 00:11:36s.  Time for last 1,000,000:   24s.  Last read position: chr15:3,983,804
INFO	2015-04-01 11:04:30	MarkDuplicates	Tracking 320707 as yet unmatched pairs. 12038 records in RAM.
INFO	2015-04-01 11:04:49	MarkDuplicates	Read    29,000,000 records.  Elapsed time: 00:11:54s.  Time for last 1,000,000:   18s.  Last read position: chr15:58,439,855
INFO	2015-04-01 11:04:49	MarkDuplicates	Tracking 322258 as yet unmatched pairs. 5126 records in RAM.
INFO	2015-04-01 11:05:33	MarkDuplicates	Read    30,000,000 records.  Elapsed time: 00:12:35s.  Time for last 1,000,000:   40s.  Last read position: chr15:81,616,746
INFO	2015-04-01 11:05:33	MarkDuplicates	Tracking 324824 as yet unmatched pairs. 3462 records in RAM.
INFO	2015-04-01 11:05:58	MarkDuplicates	Read    31,000,000 records.  Elapsed time: 00:12:59s.  Time for last 1,000,000:   24s.  Last read position: chr15:98,932,557
INFO	2015-04-01 11:05:58	MarkDuplicates	Tracking 343408 as yet unmatched pairs. 15339 records in RAM.
INFO	2015-04-01 11:06:30	MarkDuplicates	Read    32,000,000 records.  Elapsed time: 00:13:28s.  Time for last 1,000,000:   28s.  Last read position: chr15:103,244,379
INFO	2015-04-01 11:06:30	MarkDuplicates	Tracking 359473 as yet unmatched pairs. 17353 records in RAM.
INFO	2015-04-01 11:07:00	MarkDuplicates	Read    33,000,000 records.  Elapsed time: 00:14:01s.  Time for last 1,000,000:   32s.  Last read position: chr16:21,936,341
INFO	2015-04-01 11:07:00	MarkDuplicates	Tracking 360549 as yet unmatched pairs. 6553 records in RAM.
INFO	2015-04-01 11:07:55	MarkDuplicates	Read    34,000,000 records.  Elapsed time: 00:14:53s.  Time for last 1,000,000:   52s.  Last read position: chr16:58,733,411
INFO	2015-04-01 11:07:55	MarkDuplicates	Tracking 367242 as yet unmatched pairs. 3467 records in RAM.
INFO	2015-04-01 11:08:45	MarkDuplicates	Read    35,000,000 records.  Elapsed time: 00:15:29s.  Time for last 1,000,000:   35s.  Last read position: chr17:12,682,514
INFO	2015-04-01 11:08:45	MarkDuplicates	Tracking 374267 as yet unmatched pairs. 25811 records in RAM.
INFO	2015-04-01 11:09:31	MarkDuplicates	Read    36,000,000 records.  Elapsed time: 00:16:19s.  Time for last 1,000,000:   49s.  Last read position: chr17:27,122,749
INFO	2015-04-01 11:09:31	MarkDuplicates	Tracking 380409 as yet unmatched pairs. 20482 records in RAM.
INFO	2015-04-01 11:10:03	MarkDuplicates	Read    37,000,000 records.  Elapsed time: 00:16:59s.  Time for last 1,000,000:   40s.  Last read position: chr17:35,440,944
INFO	2015-04-01 11:10:03	MarkDuplicates	Tracking 378575 as yet unmatched pairs. 10159 records in RAM.
INFO	2015-04-01 11:10:55	MarkDuplicates	Read    38,000,000 records.  Elapsed time: 00:17:49s.  Time for last 1,000,000:   49s.  Last read position: chr17:57,003,945
INFO	2015-04-01 11:10:55	MarkDuplicates	Tracking 384421 as yet unmatched pairs. 6097 records in RAM.
INFO	2015-04-01 11:11:18	MarkDuplicates	Read    39,000,000 records.  Elapsed time: 00:18:22s.  Time for last 1,000,000:   33s.  Last read position: chr18:10,080,453
INFO	2015-04-01 11:11:18	MarkDuplicates	Tracking 383180 as yet unmatched pairs. 17261 records in RAM.
INFO	2015-04-01 11:11:50	MarkDuplicates	Read    40,000,000 records.  Elapsed time: 00:18:56s.  Time for last 1,000,000:   33s.  Last read position: chr18:43,329,728
INFO	2015-04-01 11:11:50	MarkDuplicates	Tracking 383433 as yet unmatched pairs. 9400 records in RAM.
INFO	2015-04-01 11:12:34	MarkDuplicates	Read    41,000,000 records.  Elapsed time: 00:19:27s.  Time for last 1,000,000:   31s.  Last read position: chr18:77,778,509
INFO	2015-04-01 11:12:34	MarkDuplicates	Tracking 388522 as yet unmatched pairs. 3682 records in RAM.
INFO	2015-04-01 11:13:24	MarkDuplicates	Read    42,000,000 records.  Elapsed time: 00:20:22s.  Time for last 1,000,000:   54s.  Last read position: chr19:8,811,626
INFO	2015-04-01 11:13:24	MarkDuplicates	Tracking 385560 as yet unmatched pairs. 12703 records in RAM.
INFO	2015-04-01 11:13:49	MarkDuplicates	Read    43,000,000 records.  Elapsed time: 00:20:50s.  Time for last 1,000,000:   28s.  Last read position: chr19:41,246,660
INFO	2015-04-01 11:13:49	MarkDuplicates	Tracking 390207 as yet unmatched pairs. 7516 records in RAM.
INFO	2015-04-01 11:14:27	MarkDuplicates	Read    44,000,000 records.  Elapsed time: 00:21:23s.  Time for last 1,000,000:   32s.  Last read position: chr2:13,224,407
INFO	2015-04-01 11:14:27	MarkDuplicates	Tracking 387357 as yet unmatched pairs. 37097 records in RAM.
INFO	2015-04-01 11:14:49	MarkDuplicates	Read    45,000,000 records.  Elapsed time: 00:21:51s.  Time for last 1,000,000:   28s.  Last read position: chr2:30,981,104
INFO	2015-04-01 11:14:49	MarkDuplicates	Tracking 396235 as yet unmatched pairs. 32341 records in RAM.
INFO	2015-04-01 11:15:16	MarkDuplicates	Read    46,000,000 records.  Elapsed time: 00:22:14s.  Time for last 1,000,000:   23s.  Last read position: chr2:70,884,215
INFO	2015-04-01 11:15:16	MarkDuplicates	Tracking 393220 as yet unmatched pairs. 24470 records in RAM.
INFO	2015-04-01 11:16:18	MarkDuplicates	Read    47,000,000 records.  Elapsed time: 00:23:11s.  Time for last 1,000,000:   56s.  Last read position: chr2:103,769,529
INFO	2015-04-01 11:16:18	MarkDuplicates	Tracking 398556 as yet unmatched pairs. 20779 records in RAM.
INFO	2015-04-01 11:16:49	MarkDuplicates	Read    48,000,000 records.  Elapsed time: 00:23:46s.  Time for last 1,000,000:   35s.  Last read position: chr2:127,297,578
INFO	2015-04-01 11:16:49	MarkDuplicates	Tracking 399329 as yet unmatched pairs. 15823 records in RAM.
INFO	2015-04-01 11:17:04	MarkDuplicates	Read    49,000,000 records.  Elapsed time: 00:24:11s.  Time for last 1,000,000:   24s.  Last read position: chr2:155,851,431
INFO	2015-04-01 11:17:04	MarkDuplicates	Tracking 396225 as yet unmatched pairs. 9130 records in RAM.
INFO	2015-04-01 11:17:46	MarkDuplicates	Read    50,000,000 records.  Elapsed time: 00:24:44s.  Time for last 1,000,000:   33s.  Last read position: chr2:174,342,480
INFO	2015-04-01 11:17:46	MarkDuplicates	Tracking 400390 as yet unmatched pairs. 8505 records in RAM.
INFO	2015-04-01 11:18:07	MarkDuplicates	Read    51,000,000 records.  Elapsed time: 00:25:11s.  Time for last 1,000,000:   26s.  Last read position: chr3:31,049,248
INFO	2015-04-01 11:18:07	MarkDuplicates	Tracking 398683 as yet unmatched pairs. 55798 records in RAM.
INFO	2015-04-01 11:18:28	MarkDuplicates	Read    52,000,000 records.  Elapsed time: 00:25:33s.  Time for last 1,000,000:   21s.  Last read position: chr3:69,095,567
INFO	2015-04-01 11:18:28	MarkDuplicates	Tracking 383442 as yet unmatched pairs. 33940 records in RAM.
INFO	2015-04-01 11:19:20	MarkDuplicates	Read    53,000,000 records.  Elapsed time: 00:26:27s.  Time for last 1,000,000:   54s.  Last read position: chr3:95,220,106
INFO	2015-04-01 11:19:20	MarkDuplicates	Tracking 374640 as yet unmatched pairs. 19628 records in RAM.
INFO	2015-04-01 11:19:47	MarkDuplicates	Read    54,000,000 records.  Elapsed time: 00:26:51s.  Time for last 1,000,000:   23s.  Last read position: chr3:119,724,676
INFO	2015-04-01 11:19:47	MarkDuplicates	Tracking 370169 as yet unmatched pairs. 12161 records in RAM.
INFO	2015-04-01 11:20:20	MarkDuplicates	Read    55,000,000 records.  Elapsed time: 00:27:29s.  Time for last 1,000,000:   38s.  Last read position: chr4:3,939,463
INFO	2015-04-01 11:20:20	MarkDuplicates	Tracking 374765 as yet unmatched pairs. 45532 records in RAM.
INFO	2015-04-01 11:20:48	MarkDuplicates	Read    56,000,000 records.  Elapsed time: 00:27:47s.  Time for last 1,000,000:   17s.  Last read position: chr4:46,116,042
INFO	2015-04-01 11:20:48	MarkDuplicates	Tracking 371876 as yet unmatched pairs. 37440 records in RAM.
INFO	2015-04-01 11:21:15	MarkDuplicates	Read    57,000,000 records.  Elapsed time: 00:28:21s.  Time for last 1,000,000:   33s.  Last read position: chr4:106,586,631
INFO	2015-04-01 11:21:15	MarkDuplicates	Tracking 366532 as yet unmatched pairs. 27877 records in RAM.
INFO	2015-04-01 11:21:34	MarkDuplicates	Read    58,000,000 records.  Elapsed time: 00:28:39s.  Time for last 1,000,000:   18s.  Last read position: chr4:126,316,784
INFO	2015-04-01 11:21:34	MarkDuplicates	Tracking 368448 as yet unmatched pairs. 22289 records in RAM.
INFO	2015-04-01 11:22:38	MarkDuplicates	Read    59,000,000 records.  Elapsed time: 00:29:45s.  Time for last 1,000,000:   65s.  Last read position: chr4:136,051,293
INFO	2015-04-01 11:22:38	MarkDuplicates	Tracking 371126 as yet unmatched pairs. 17394 records in RAM.
INFO	2015-04-01 11:22:56	MarkDuplicates	Read    60,000,000 records.  Elapsed time: 00:30:01s.  Time for last 1,000,000:   16s.  Last read position: chr4:154,267,489
INFO	2015-04-01 11:22:56	MarkDuplicates	Tracking 361147 as yet unmatched pairs. 2711 records in RAM.
INFO	2015-04-01 11:23:28	MarkDuplicates	Read    61,000,000 records.  Elapsed time: 00:30:30s.  Time for last 1,000,000:   29s.  Last read position: chr5:30,919,286
INFO	2015-04-01 11:23:28	MarkDuplicates	Tracking 377372 as yet unmatched pairs. 47593 records in RAM.
INFO	2015-04-01 11:24:02	MarkDuplicates	Read    62,000,000 records.  Elapsed time: 00:31:01s.  Time for last 1,000,000:   31s.  Last read position: chr5:72,582,282
INFO	2015-04-01 11:24:02	MarkDuplicates	Tracking 367948 as yet unmatched pairs. 36301 records in RAM.
INFO	2015-04-01 11:24:30	MarkDuplicates	Read    63,000,000 records.  Elapsed time: 00:31:32s.  Time for last 1,000,000:   30s.  Last read position: chr5:111,371,600
INFO	2015-04-01 11:24:30	MarkDuplicates	Tracking 370823 as yet unmatched pairs. 29728 records in RAM.
INFO	2015-04-01 11:24:56	MarkDuplicates	Read    64,000,000 records.  Elapsed time: 00:32:01s.  Time for last 1,000,000:   29s.  Last read position: chr5:124,401,029
INFO	2015-04-01 11:24:56	MarkDuplicates	Tracking 366766 as yet unmatched pairs. 16529 records in RAM.
INFO	2015-04-01 11:25:22	MarkDuplicates	Read    65,000,000 records.  Elapsed time: 00:32:27s.  Time for last 1,000,000:   25s.  Last read position: chr5:138,163,520
INFO	2015-04-01 11:25:22	MarkDuplicates	Tracking 365869 as yet unmatched pairs. 13776 records in RAM.
INFO	2015-04-01 11:26:30	MarkDuplicates	Read    66,000,000 records.  Elapsed time: 00:33:27s.  Time for last 1,000,000:   60s.  Last read position: chr6:4,756,924
INFO	2015-04-01 11:26:30	MarkDuplicates	Tracking 355397 as yet unmatched pairs. 41459 records in RAM.
INFO	2015-04-01 11:26:56	MarkDuplicates	Read    67,000,000 records.  Elapsed time: 00:34:00s.  Time for last 1,000,000:   33s.  Last read position: chr6:42,678,914
INFO	2015-04-01 11:26:56	MarkDuplicates	Tracking 350945 as yet unmatched pairs. 34537 records in RAM.
INFO	2015-04-01 11:27:30	MarkDuplicates	Read    68,000,000 records.  Elapsed time: 00:34:26s.  Time for last 1,000,000:   25s.  Last read position: chr6:85,467,159
INFO	2015-04-01 11:27:30	MarkDuplicates	Tracking 347476 as yet unmatched pairs. 27207 records in RAM.
INFO	2015-04-01 11:28:03	MarkDuplicates	Read    69,000,000 records.  Elapsed time: 00:35:11s.  Time for last 1,000,000:   44s.  Last read position: chr6:117,925,340
INFO	2015-04-01 11:28:03	MarkDuplicates	Tracking 340184 as yet unmatched pairs. 18546 records in RAM.
INFO	2015-04-01 11:28:29	MarkDuplicates	Read    70,000,000 records.  Elapsed time: 00:35:27s.  Time for last 1,000,000:   16s.  Last read position: chr6:143,206,689
INFO	2015-04-01 11:28:29	MarkDuplicates	Tracking 330996 as yet unmatched pairs. 3459 records in RAM.
INFO	2015-04-01 11:29:00	MarkDuplicates	Read    71,000,000 records.  Elapsed time: 00:36:01s.  Time for last 1,000,000:   34s.  Last read position: chr7:19,098,020
INFO	2015-04-01 11:29:00	MarkDuplicates	Tracking 323643 as yet unmatched pairs. 64929 records in RAM.
INFO	2015-04-01 11:29:22	MarkDuplicates	Read    72,000,000 records.  Elapsed time: 00:36:30s.  Time for last 1,000,000:   28s.  Last read position: chr7:36,773,191
INFO	2015-04-01 11:29:22	MarkDuplicates	Tracking 315857 as yet unmatched pairs. 55446 records in RAM.
INFO	2015-04-01 11:30:23	MarkDuplicates	Read    73,000,000 records.  Elapsed time: 00:37:30s.  Time for last 1,000,000:   60s.  Last read position: chr7:75,610,165
INFO	2015-04-01 11:30:23	MarkDuplicates	Tracking 302377 as yet unmatched pairs. 40732 records in RAM.
INFO	2015-04-01 11:30:53	MarkDuplicates	Read    74,000,000 records.  Elapsed time: 00:37:58s.  Time for last 1,000,000:   28s.  Last read position: chr7:103,827,604
INFO	2015-04-01 11:30:53	MarkDuplicates	Tracking 293941 as yet unmatched pairs. 30995 records in RAM.
INFO	2015-04-01 11:31:30	MarkDuplicates	Read    75,000,000 records.  Elapsed time: 00:38:29s.  Time for last 1,000,000:   30s.  Last read position: chr7:126,492,514
INFO	2015-04-01 11:31:30	MarkDuplicates	Tracking 278590 as yet unmatched pairs. 14356 records in RAM.
INFO	2015-04-01 11:32:09	MarkDuplicates	Read    76,000,000 records.  Elapsed time: 00:39:03s.  Time for last 1,000,000:   34s.  Last read position: chr7:142,575,989
INFO	2015-04-01 11:32:09	MarkDuplicates	Tracking 284334 as yet unmatched pairs. 17846 records in RAM.
INFO	2015-04-01 11:32:44	MarkDuplicates	Read    77,000,000 records.  Elapsed time: 00:39:54s.  Time for last 1,000,000:   50s.  Last read position: chr8:13,167,864
INFO	2015-04-01 11:32:44	MarkDuplicates	Tracking 267896 as yet unmatched pairs. 62762 records in RAM.
INFO	2015-04-01 11:33:21	MarkDuplicates	Read    78,000,000 records.  Elapsed time: 00:40:19s.  Time for last 1,000,000:   25s.  Last read position: chr8:47,828,133
INFO	2015-04-01 11:33:21	MarkDuplicates	Tracking 263405 as yet unmatched pairs. 57428 records in RAM.
INFO	2015-04-01 11:34:04	MarkDuplicates	Read    79,000,000 records.  Elapsed time: 00:40:58s.  Time for last 1,000,000:   38s.  Last read position: chr8:83,722,682
INFO	2015-04-01 11:34:04	MarkDuplicates	Tracking 243173 as yet unmatched pairs. 35085 records in RAM.
INFO	2015-04-01 11:34:55	MarkDuplicates	Read    80,000,000 records.  Elapsed time: 00:41:44s.  Time for last 1,000,000:   45s.  Last read position: chr8:107,044,880
INFO	2015-04-01 11:34:55	MarkDuplicates	Tracking 233136 as yet unmatched pairs. 19213 records in RAM.
INFO	2015-04-01 11:35:50	MarkDuplicates	Read    81,000,000 records.  Elapsed time: 00:42:35s.  Time for last 1,000,000:   51s.  Last read position: chr8:127,612,178
INFO	2015-04-01 11:35:50	MarkDuplicates	Tracking 216519 as yet unmatched pairs. 2034 records in RAM.
INFO	2015-04-01 11:37:05	MarkDuplicates	Read    82,000,000 records.  Elapsed time: 00:44:05s.  Time for last 1,000,000:   90s.  Last read position: chr9:40,784,777
INFO	2015-04-01 11:37:05	MarkDuplicates	Tracking 206012 as yet unmatched pairs. 88242 records in RAM.
INFO	2015-04-01 11:37:26	MarkDuplicates	Read    83,000,000 records.  Elapsed time: 00:44:33s.  Time for last 1,000,000:   27s.  Last read position: chr9:57,545,326
INFO	2015-04-01 11:37:26	MarkDuplicates	Tracking 184416 as yet unmatched pairs. 59451 records in RAM.
INFO	2015-04-01 11:38:08	MarkDuplicates	Read    84,000,000 records.  Elapsed time: 00:45:02s.  Time for last 1,000,000:   29s.  Last read position: chr9:72,730,926
INFO	2015-04-01 11:38:08	MarkDuplicates	Tracking 174372 as yet unmatched pairs. 49199 records in RAM.
INFO	2015-04-01 11:38:44	MarkDuplicates	Read    85,000,000 records.  Elapsed time: 00:45:38s.  Time for last 1,000,000:   35s.  Last read position: chr9:97,179,385
INFO	2015-04-01 11:38:44	MarkDuplicates	Tracking 154631 as yet unmatched pairs. 29226 records in RAM.
INFO	2015-04-01 11:39:25	MarkDuplicates	Read    86,000,000 records.  Elapsed time: 00:46:25s.  Time for last 1,000,000:   47s.  Last read position: chr9:114,982,510
INFO	2015-04-01 11:39:25	MarkDuplicates	Tracking 145326 as yet unmatched pairs. 19730 records in RAM.
INFO	2015-04-01 11:40:01	MarkDuplicates	Read    87,000,000 records.  Elapsed time: 00:46:52s.  Time for last 1,000,000:   26s.  Last read position: chrM:7,864
INFO	2015-04-01 11:40:01	MarkDuplicates	Tracking 128060 as yet unmatched pairs. 17347 records in RAM.
INFO	2015-04-01 11:40:41	MarkDuplicates	Read    88,000,000 records.  Elapsed time: 00:47:37s.  Time for last 1,000,000:   44s.  Last read position: chrX:28,844,049
INFO	2015-04-01 11:40:41	MarkDuplicates	Tracking 105259 as yet unmatched pairs. 45565 records in RAM.
INFO	2015-04-01 11:41:12	MarkDuplicates	Read    89,000,000 records.  Elapsed time: 00:48:12s.  Time for last 1,000,000:   35s.  Last read position: chrX:78,452,624
INFO	2015-04-01 11:41:12	MarkDuplicates	Tracking 86244 as yet unmatched pairs. 26515 records in RAM.
INFO	2015-04-01 11:41:36	MarkDuplicates	Read    90,000,000 records.  Elapsed time: 00:48:40s.  Time for last 1,000,000:   27s.  Last read position: chrX:136,246,646
INFO	2015-04-01 11:41:36	MarkDuplicates	Tracking 72881 as yet unmatched pairs. 13118 records in RAM.
INFO	2015-04-01 11:42:59	MarkDuplicates	Read 90885024 records. 56910 pairs never matched.
INFO	2015-04-01 11:43:29	MarkDuplicates	After buildSortedReadEndLists freeMemory: 14325757832; totalMemory: 24916459520; maxMemory: 38177538048
INFO	2015-04-01 11:43:29	MarkDuplicates	Will retain up to 1193048064 duplicate indices before spilling to disk.
INFO	2015-04-01 11:43:39	MarkDuplicates	Traversing read pair information and detecting duplicates.
INFO	2015-04-01 11:44:27	MarkDuplicates	Traversing fragment information and detecting duplicates.
INFO	2015-04-01 11:45:55	MarkDuplicates	Sorting list of duplicate records.
INFO	2015-04-01 11:46:13	MarkDuplicates	After generateDuplicateIndexes freeMemory: 24174609528; totalMemory: 33893646336; maxMemory: 38177538048
INFO	2015-04-01 11:46:13	MarkDuplicates	Marking 1337168 records as duplicates.
INFO	2015-04-01 11:46:13	MarkDuplicates	Found 50105 optical duplicate clusters.
INFO	2015-04-01 11:52:06	MarkDuplicates	Written    10,000,000 records.  Elapsed time: 00:05:52s.  Time for last 10,000,000:  352s.  Last read position: chr10:128,679,445
INFO	2015-04-01 11:58:49	MarkDuplicates	Written    20,000,000 records.  Elapsed time: 00:12:33s.  Time for last 10,000,000:  400s.  Last read position: chr12:84,757,163
INFO	2015-04-01 12:06:02	MarkDuplicates	Written    30,000,000 records.  Elapsed time: 00:19:34s.  Time for last 10,000,000:  420s.  Last read position: chr15:81,616,746
INFO	2015-04-01 12:12:26	MarkDuplicates	Written    40,000,000 records.  Elapsed time: 00:26:12s.  Time for last 10,000,000:  398s.  Last read position: chr18:43,329,728
INFO	2015-04-01 12:18:49	MarkDuplicates	Written    50,000,000 records.  Elapsed time: 00:32:25s.  Time for last 10,000,000:  372s.  Last read position: chr2:174,342,480
INFO	2015-04-01 12:25:45	MarkDuplicates	Written    60,000,000 records.  Elapsed time: 00:39:31s.  Time for last 10,000,000:  426s.  Last read position: chr4:154,267,489
INFO	2015-04-01 12:32:46	MarkDuplicates	Written    70,000,000 records.  Elapsed time: 00:46:31s.  Time for last 10,000,000:  420s.  Last read position: chr6:143,206,689
INFO	2015-04-01 12:39:16	MarkDuplicates	Written    80,000,000 records.  Elapsed time: 00:52:59s.  Time for last 10,000,000:  387s.  Last read position: chr8:107,044,880
INFO	2015-04-01 12:45:53	MarkDuplicates	Written    90,000,000 records.  Elapsed time: 00:59:39s.  Time for last 10,000,000:  399s.  Last read position: chrX:136,246,646
INFO	2015-04-01 12:46:25	MarkDuplicates	Before output close freeMemory: 34346529544; totalMemory: 34620309504; maxMemory: 38177538048
INFO	2015-04-01 12:46:34	MarkDuplicates	After output close freeMemory: 34062784128; totalMemory: 34336342016; maxMemory: 38177538048
[Wed Apr 01 12:46:34 EDT 2015] net.sf.picard.sam.MarkDuplicates done. Elapsed time: 113.77 minutes.
Runtime.totalMemory()=34336342016
