[Wed Apr 01 11:33:15 EDT 2015] net.sf.picard.sam.MarkDuplicates INPUT=[/n/rinn_data1/users/agroff/seq/OtherMice/Diana/lincP21/bam/JR932/accepted_hits_sorted_picard.bam] OUTPUT=/n/rinn_data1/users/agroff/seq/OtherMice/Diana/lincP21/bam/JR932/accepted_hits_sorted_duplicates_marked.bam METRICS_FILE=dup_metrics.txt    PROGRAM_RECORD_ID=MarkDuplicates PROGRAM_GROUP_NAME=MarkDuplicates REMOVE_DUPLICATES=false ASSUME_SORTED=false MAX_SEQUENCES_FOR_DISK_READ_ENDS_MAP=50000 MAX_FILE_HANDLES_FOR_READ_ENDS_MAP=8000 SORTING_COLLECTION_SIZE_RATIO=0.25 READ_NAME_REGEX=[a-zA-Z0-9]+:[0-9]:([0-9]+):([0-9]+):([0-9]+).* OPTICAL_DUPLICATE_PIXEL_DISTANCE=100 VERBOSITY=INFO QUIET=false VALIDATION_STRINGENCY=STRICT COMPRESSION_LEVEL=5 MAX_RECORDS_IN_RAM=500000 CREATE_INDEX=false CREATE_MD5_FILE=false
[Wed Apr 01 11:33:15 EDT 2015] Executing as agroff@holy2a09304.rc.fas.harvard.edu on Linux 2.6.32-431.17.1.el6.x86_64 amd64; Java HotSpot(TM) 64-Bit Server VM 1.6.0_11-b03; Picard version: 1.98(1547)
INFO	2015-04-01 11:33:15	MarkDuplicates	Start of doWork freeMemory: 8603104; totalMemory: 9109504; maxMemory: 38177538048
INFO	2015-04-01 11:33:15	MarkDuplicates	Reading input file and constructing read end information.
INFO	2015-04-01 11:33:15	MarkDuplicates	Will retain up to 151498166 data points before spilling to disk.
INFO	2015-04-01 11:34:33	MarkDuplicates	Read     1,000,000 records.  Elapsed time: 00:01:05s.  Time for last 1,000,000:   65s.  Last read position: chr1:40,856,509
INFO	2015-04-01 11:34:33	MarkDuplicates	Tracking 32246 as yet unmatched pairs. 393 records in RAM.
INFO	2015-04-01 11:35:09	MarkDuplicates	Read     2,000,000 records.  Elapsed time: 00:01:45s.  Time for last 1,000,000:   40s.  Last read position: chr1:63,178,846
INFO	2015-04-01 11:35:09	MarkDuplicates	Tracking 51267 as yet unmatched pairs. 7106 records in RAM.
INFO	2015-04-01 11:35:48	MarkDuplicates	Read     3,000,000 records.  Elapsed time: 00:02:19s.  Time for last 1,000,000:   34s.  Last read position: chr1:86,530,574
INFO	2015-04-01 11:35:48	MarkDuplicates	Tracking 56408 as yet unmatched pairs. 4936 records in RAM.
INFO	2015-04-01 11:36:32	MarkDuplicates	Read     4,000,000 records.  Elapsed time: 00:03:05s.  Time for last 1,000,000:   45s.  Last read position: chr1:135,271,703
INFO	2015-04-01 11:36:32	MarkDuplicates	Tracking 66545 as yet unmatched pairs. 546 records in RAM.
INFO	2015-04-01 11:37:07	MarkDuplicates	Read     5,000,000 records.  Elapsed time: 00:03:41s.  Time for last 1,000,000:   35s.  Last read position: chr1:172,121,906
INFO	2015-04-01 11:37:07	MarkDuplicates	Tracking 76231 as yet unmatched pairs. 990 records in RAM.
INFO	2015-04-01 11:37:40	MarkDuplicates	Read     6,000,000 records.  Elapsed time: 00:04:16s.  Time for last 1,000,000:   34s.  Last read position: chr10:13,130,505
INFO	2015-04-01 11:37:40	MarkDuplicates	Tracking 85773 as yet unmatched pairs. 6155 records in RAM.
INFO	2015-04-01 11:38:19	MarkDuplicates	Read     7,000,000 records.  Elapsed time: 00:04:52s.  Time for last 1,000,000:   36s.  Last read position: chr10:61,327,480
INFO	2015-04-01 11:38:19	MarkDuplicates	Tracking 100340 as yet unmatched pairs. 4080 records in RAM.
INFO	2015-04-01 11:38:58	MarkDuplicates	Read     8,000,000 records.  Elapsed time: 00:05:31s.  Time for last 1,000,000:   39s.  Last read position: chr10:80,669,902
INFO	2015-04-01 11:38:58	MarkDuplicates	Tracking 105114 as yet unmatched pairs. 4119 records in RAM.
INFO	2015-04-01 11:39:37	MarkDuplicates	Read     9,000,000 records.  Elapsed time: 00:06:04s.  Time for last 1,000,000:   33s.  Last read position: chr10:97,479,769
INFO	2015-04-01 11:39:37	MarkDuplicates	Tracking 110956 as yet unmatched pairs. 4157 records in RAM.
INFO	2015-04-01 11:40:11	MarkDuplicates	Read    10,000,000 records.  Elapsed time: 00:06:47s.  Time for last 1,000,000:   42s.  Last read position: chr10:128,362,301
INFO	2015-04-01 11:40:11	MarkDuplicates	Tracking 116728 as yet unmatched pairs. 614 records in RAM.
INFO	2015-04-01 11:40:41	MarkDuplicates	Read    11,000,000 records.  Elapsed time: 00:07:22s.  Time for last 1,000,000:   34s.  Last read position: chr11:11,932,383
INFO	2015-04-01 11:40:41	MarkDuplicates	Tracking 138058 as yet unmatched pairs. 6959 records in RAM.
INFO	2015-04-01 11:41:07	MarkDuplicates	Read    12,000,000 records.  Elapsed time: 00:07:43s.  Time for last 1,000,000:   20s.  Last read position: chr11:32,297,160
INFO	2015-04-01 11:41:07	MarkDuplicates	Tracking 149515 as yet unmatched pairs. 14862 records in RAM.
INFO	2015-04-01 11:41:38	MarkDuplicates	Read    13,000,000 records.  Elapsed time: 00:08:17s.  Time for last 1,000,000:   34s.  Last read position: chr11:55,011,759
INFO	2015-04-01 11:41:38	MarkDuplicates	Tracking 149795 as yet unmatched pairs. 7171 records in RAM.
INFO	2015-04-01 11:42:07	MarkDuplicates	Read    14,000,000 records.  Elapsed time: 00:08:45s.  Time for last 1,000,000:   27s.  Last read position: chr11:67,213,384
INFO	2015-04-01 11:42:07	MarkDuplicates	Tracking 154174 as yet unmatched pairs. 7771 records in RAM.
INFO	2015-04-01 11:42:35	MarkDuplicates	Read    15,000,000 records.  Elapsed time: 00:09:09s.  Time for last 1,000,000:   23s.  Last read position: chr11:75,759,308
INFO	2015-04-01 11:42:35	MarkDuplicates	Tracking 158387 as yet unmatched pairs. 7718 records in RAM.
INFO	2015-04-01 11:43:16	MarkDuplicates	Read    16,000,000 records.  Elapsed time: 00:09:56s.  Time for last 1,000,000:   47s.  Last read position: chr11:94,409,256
INFO	2015-04-01 11:43:16	MarkDuplicates	Tracking 163196 as yet unmatched pairs. 2838 records in RAM.
INFO	2015-04-01 11:43:45	MarkDuplicates	Read    17,000,000 records.  Elapsed time: 00:10:19s.  Time for last 1,000,000:   23s.  Last read position: chr11:100,420,417
INFO	2015-04-01 11:43:45	MarkDuplicates	Tracking 170596 as yet unmatched pairs. 2176 records in RAM.
INFO	2015-04-01 11:44:22	MarkDuplicates	Read    18,000,000 records.  Elapsed time: 00:10:53s.  Time for last 1,000,000:   34s.  Last read position: chr11:115,393,526
INFO	2015-04-01 11:44:22	MarkDuplicates	Tracking 179852 as yet unmatched pairs. 1028 records in RAM.
INFO	2015-04-01 11:44:43	MarkDuplicates	Read    19,000,000 records.  Elapsed time: 00:11:21s.  Time for last 1,000,000:   27s.  Last read position: chr11:121,707,900
INFO	2015-04-01 11:44:43	MarkDuplicates	Tracking 188312 as yet unmatched pairs. 76 records in RAM.
INFO	2015-04-01 11:45:45	MarkDuplicates	Read    20,000,000 records.  Elapsed time: 00:12:08s.  Time for last 1,000,000:   47s.  Last read position: chr12:54,760,419
INFO	2015-04-01 11:45:45	MarkDuplicates	Tracking 204776 as yet unmatched pairs. 16057 records in RAM.
INFO	2015-04-01 11:46:19	MarkDuplicates	Read    21,000,000 records.  Elapsed time: 00:12:55s.  Time for last 1,000,000:   46s.  Last read position: chr12:85,299,859
INFO	2015-04-01 11:46:19	MarkDuplicates	Tracking 220575 as yet unmatched pairs. 14293 records in RAM.
INFO	2015-04-01 11:47:01	MarkDuplicates	Read    22,000,000 records.  Elapsed time: 00:13:24s.  Time for last 1,000,000:   28s.  Last read position: chr12:109,571,481
INFO	2015-04-01 11:47:01	MarkDuplicates	Tracking 221264 as yet unmatched pairs. 6334 records in RAM.
INFO	2015-04-01 11:47:42	MarkDuplicates	Read    23,000,000 records.  Elapsed time: 00:14:21s.  Time for last 1,000,000:   57s.  Last read position: chr13:23,751,449
INFO	2015-04-01 11:47:42	MarkDuplicates	Tracking 221904 as yet unmatched pairs. 9685 records in RAM.
INFO	2015-04-01 11:48:24	MarkDuplicates	Read    24,000,000 records.  Elapsed time: 00:14:55s.  Time for last 1,000,000:   33s.  Last read position: chr13:56,737,702
INFO	2015-04-01 11:48:24	MarkDuplicates	Tracking 231056 as yet unmatched pairs. 7678 records in RAM.
INFO	2015-04-01 11:49:17	MarkDuplicates	Read    25,000,000 records.  Elapsed time: 00:15:52s.  Time for last 1,000,000:   56s.  Last read position: chr13:96,639,831
INFO	2015-04-01 11:49:17	MarkDuplicates	Tracking 245772 as yet unmatched pairs. 1780 records in RAM.
INFO	2015-04-01 11:49:45	MarkDuplicates	Read    26,000,000 records.  Elapsed time: 00:16:22s.  Time for last 1,000,000:   29s.  Last read position: chr14:20,500,277
INFO	2015-04-01 11:49:45	MarkDuplicates	Tracking 265749 as yet unmatched pairs. 21395 records in RAM.
INFO	2015-04-01 11:50:29	MarkDuplicates	Read    27,000,000 records.  Elapsed time: 00:16:54s.  Time for last 1,000,000:   32s.  Last read position: chr14:49,037,693
INFO	2015-04-01 11:50:29	MarkDuplicates	Tracking 262100 as yet unmatched pairs. 9807 records in RAM.
INFO	2015-04-01 11:51:19	MarkDuplicates	Read    28,000,000 records.  Elapsed time: 00:17:47s.  Time for last 1,000,000:   53s.  Last read position: chr14:70,477,921
INFO	2015-04-01 11:51:19	MarkDuplicates	Tracking 269592 as yet unmatched pairs. 7814 records in RAM.
INFO	2015-04-01 11:52:01	MarkDuplicates	Read    29,000,000 records.  Elapsed time: 00:18:29s.  Time for last 1,000,000:   41s.  Last read position: chr15:6,439,510
INFO	2015-04-01 11:52:01	MarkDuplicates	Tracking 276732 as yet unmatched pairs. 11134 records in RAM.
INFO	2015-04-01 11:52:34	MarkDuplicates	Read    30,000,000 records.  Elapsed time: 00:19:05s.  Time for last 1,000,000:   36s.  Last read position: chr15:63,776,723
INFO	2015-04-01 11:52:34	MarkDuplicates	Tracking 276738 as yet unmatched pairs. 4661 records in RAM.
INFO	2015-04-01 11:53:19	MarkDuplicates	Read    31,000,000 records.  Elapsed time: 00:19:57s.  Time for last 1,000,000:   51s.  Last read position: chr15:81,365,426
INFO	2015-04-01 11:53:19	MarkDuplicates	Tracking 279626 as yet unmatched pairs. 3976 records in RAM.
INFO	2015-04-01 11:53:42	MarkDuplicates	Read    32,000,000 records.  Elapsed time: 00:20:23s.  Time for last 1,000,000:   26s.  Last read position: chr15:98,932,500
INFO	2015-04-01 11:53:42	MarkDuplicates	Tracking 298245 as yet unmatched pairs. 16257 records in RAM.
INFO	2015-04-01 11:54:07	MarkDuplicates	Read    33,000,000 records.  Elapsed time: 00:20:41s.  Time for last 1,000,000:   17s.  Last read position: chr15:103,198,193
INFO	2015-04-01 11:54:07	MarkDuplicates	Tracking 289703 as yet unmatched pairs. 528 records in RAM.
INFO	2015-04-01 11:54:51	MarkDuplicates	Read    34,000,000 records.  Elapsed time: 00:21:30s.  Time for last 1,000,000:   49s.  Last read position: chr16:20,688,776
INFO	2015-04-01 11:54:51	MarkDuplicates	Tracking 298103 as yet unmatched pairs. 7340 records in RAM.
INFO	2015-04-01 11:55:05	MarkDuplicates	Read    35,000,000 records.  Elapsed time: 00:21:48s.  Time for last 1,000,000:   17s.  Last read position: chr16:58,451,758
INFO	2015-04-01 11:55:05	MarkDuplicates	Tracking 303326 as yet unmatched pairs. 2853 records in RAM.
INFO	2015-04-01 11:55:32	MarkDuplicates	Read    36,000,000 records.  Elapsed time: 00:22:11s.  Time for last 1,000,000:   23s.  Last read position: chr17:12,813,283
INFO	2015-04-01 11:55:32	MarkDuplicates	Tracking 309616 as yet unmatched pairs. 24222 records in RAM.
INFO	2015-04-01 11:55:57	MarkDuplicates	Read    37,000,000 records.  Elapsed time: 00:22:31s.  Time for last 1,000,000:   20s.  Last read position: chr17:27,580,284
INFO	2015-04-01 11:55:57	MarkDuplicates	Tracking 313013 as yet unmatched pairs. 17349 records in RAM.
INFO	2015-04-01 11:56:42	MarkDuplicates	Read    38,000,000 records.  Elapsed time: 00:23:17s.  Time for last 1,000,000:   45s.  Last read position: chr17:35,155,938
INFO	2015-04-01 11:56:42	MarkDuplicates	Tracking 312687 as yet unmatched pairs. 9455 records in RAM.
INFO	2015-04-01 11:57:00	MarkDuplicates	Read    39,000,000 records.  Elapsed time: 00:23:40s.  Time for last 1,000,000:   23s.  Last read position: chr17:56,280,767
INFO	2015-04-01 11:57:00	MarkDuplicates	Tracking 318066 as yet unmatched pairs. 5616 records in RAM.
INFO	2015-04-01 11:57:27	MarkDuplicates	Read    40,000,000 records.  Elapsed time: 00:24:03s.  Time for last 1,000,000:   23s.  Last read position: chr18:6,332,806
INFO	2015-04-01 11:57:27	MarkDuplicates	Tracking 318315 as yet unmatched pairs. 19191 records in RAM.
INFO	2015-04-01 11:57:58	MarkDuplicates	Read    41,000,000 records.  Elapsed time: 00:24:29s.  Time for last 1,000,000:   25s.  Last read position: chr18:43,323,578
INFO	2015-04-01 11:57:58	MarkDuplicates	Tracking 317162 as yet unmatched pairs. 9587 records in RAM.
INFO	2015-04-01 11:58:50	MarkDuplicates	Read    42,000,000 records.  Elapsed time: 00:25:21s.  Time for last 1,000,000:   51s.  Last read position: chr18:75,002,833
INFO	2015-04-01 11:58:50	MarkDuplicates	Tracking 322808 as yet unmatched pairs. 4706 records in RAM.
INFO	2015-04-01 11:59:10	MarkDuplicates	Read    43,000,000 records.  Elapsed time: 00:25:49s.  Time for last 1,000,000:   28s.  Last read position: chr19:7,427,068
INFO	2015-04-01 11:59:10	MarkDuplicates	Tracking 317570 as yet unmatched pairs. 11853 records in RAM.
INFO	2015-04-01 11:59:33	MarkDuplicates	Read    44,000,000 records.  Elapsed time: 00:26:14s.  Time for last 1,000,000:   24s.  Last read position: chr19:36,892,543
INFO	2015-04-01 11:59:33	MarkDuplicates	Tracking 321907 as yet unmatched pairs. 7138 records in RAM.
INFO	2015-04-01 12:00:04	MarkDuplicates	Read    45,000,000 records.  Elapsed time: 00:26:38s.  Time for last 1,000,000:   23s.  Last read position: chr2:10,056,789
INFO	2015-04-01 12:00:04	MarkDuplicates	Tracking 320031 as yet unmatched pairs. 35118 records in RAM.
INFO	2015-04-01 12:00:35	MarkDuplicates	Read    46,000,000 records.  Elapsed time: 00:27:06s.  Time for last 1,000,000:   28s.  Last read position: chr2:30,263,413
INFO	2015-04-01 12:00:35	MarkDuplicates	Tracking 326670 as yet unmatched pairs. 29292 records in RAM.
INFO	2015-04-01 12:01:21	MarkDuplicates	Read    47,000,000 records.  Elapsed time: 00:28:01s.  Time for last 1,000,000:   54s.  Last read position: chr2:70,691,290
INFO	2015-04-01 12:01:21	MarkDuplicates	Tracking 324022 as yet unmatched pairs. 22089 records in RAM.
INFO	2015-04-01 12:01:47	MarkDuplicates	Read    48,000,000 records.  Elapsed time: 00:28:25s.  Time for last 1,000,000:   24s.  Last read position: chr2:103,775,715
INFO	2015-04-01 12:01:47	MarkDuplicates	Tracking 328391 as yet unmatched pairs. 18201 records in RAM.
INFO	2015-04-01 12:02:28	MarkDuplicates	Read    49,000,000 records.  Elapsed time: 00:29:00s.  Time for last 1,000,000:   34s.  Last read position: chr2:127,757,700
INFO	2015-04-01 12:02:28	MarkDuplicates	Tracking 328666 as yet unmatched pairs. 13643 records in RAM.
INFO	2015-04-01 12:03:15	MarkDuplicates	Read    50,000,000 records.  Elapsed time: 00:29:38s.  Time for last 1,000,000:   37s.  Last read position: chr2:156,160,986
INFO	2015-04-01 12:03:15	MarkDuplicates	Tracking 326738 as yet unmatched pairs. 8160 records in RAM.
INFO	2015-04-01 12:03:57	MarkDuplicates	Read    51,000,000 records.  Elapsed time: 00:30:22s.  Time for last 1,000,000:   44s.  Last read position: chr2:174,346,568
INFO	2015-04-01 12:03:57	MarkDuplicates	Tracking 330297 as yet unmatched pairs. 7546 records in RAM.
INFO	2015-04-01 12:04:59	MarkDuplicates	Read    52,000,000 records.  Elapsed time: 00:31:30s.  Time for last 1,000,000:   67s.  Last read position: chr3:36,465,259
INFO	2015-04-01 12:04:59	MarkDuplicates	Tracking 328442 as yet unmatched pairs. 49960 records in RAM.
INFO	2015-04-01 12:05:32	MarkDuplicates	Read    53,000,000 records.  Elapsed time: 00:32:06s.  Time for last 1,000,000:   35s.  Last read position: chr3:86,138,145
INFO	2015-04-01 12:05:32	MarkDuplicates	Tracking 318974 as yet unmatched pairs. 33936 records in RAM.
INFO	2015-04-01 12:06:06	MarkDuplicates	Read    54,000,000 records.  Elapsed time: 00:32:34s.  Time for last 1,000,000:   28s.  Last read position: chr3:95,946,359
INFO	2015-04-01 12:06:06	MarkDuplicates	Tracking 304905 as yet unmatched pairs. 15256 records in RAM.
INFO	2015-04-01 12:06:52	MarkDuplicates	Read    55,000,000 records.  Elapsed time: 00:33:22s.  Time for last 1,000,000:   48s.  Last read position: chr3:124,321,322
INFO	2015-04-01 12:06:52	MarkDuplicates	Tracking 301134 as yet unmatched pairs. 7152 records in RAM.
INFO	2015-04-01 12:07:33	MarkDuplicates	Read    56,000,000 records.  Elapsed time: 00:33:50s.  Time for last 1,000,000:   27s.  Last read position: chr4:11,265,630
INFO	2015-04-01 12:07:33	MarkDuplicates	Tracking 309248 as yet unmatched pairs. 39880 records in RAM.
INFO	2015-04-01 12:08:14	MarkDuplicates	Read    57,000,000 records.  Elapsed time: 00:34:40s.  Time for last 1,000,000:   49s.  Last read position: chr4:55,390,478
INFO	2015-04-01 12:08:14	MarkDuplicates	Tracking 305212 as yet unmatched pairs. 33103 records in RAM.
INFO	2015-04-01 12:09:21	MarkDuplicates	Read    58,000,000 records.  Elapsed time: 00:35:49s.  Time for last 1,000,000:   69s.  Last read position: chr4:115,857,092
INFO	2015-04-01 12:09:21	MarkDuplicates	Tracking 299530 as yet unmatched pairs. 23497 records in RAM.
INFO	2015-04-01 12:10:00	MarkDuplicates	Read    59,000,000 records.  Elapsed time: 00:36:27s.  Time for last 1,000,000:   38s.  Last read position: chr4:129,515,684
INFO	2015-04-01 12:10:00	MarkDuplicates	Tracking 302777 as yet unmatched pairs. 20253 records in RAM.
INFO	2015-04-01 12:10:23	MarkDuplicates	Read    60,000,000 records.  Elapsed time: 00:37:00s.  Time for last 1,000,000:   33s.  Last read position: chr4:138,241,550
INFO	2015-04-01 12:10:23	MarkDuplicates	Tracking 301581 as yet unmatched pairs. 11578 records in RAM.
INFO	2015-04-01 12:11:12	MarkDuplicates	Read    61,000,000 records.  Elapsed time: 00:37:38s.  Time for last 1,000,000:   37s.  Last read position: chr5:3,254,839
INFO	2015-04-01 12:11:12	MarkDuplicates	Tracking 294221 as yet unmatched pairs. 49940 records in RAM.
INFO	2015-04-01 12:11:52	MarkDuplicates	Read    62,000,000 records.  Elapsed time: 00:38:25s.  Time for last 1,000,000:   46s.  Last read position: chr5:34,351,921
INFO	2015-04-01 12:11:52	MarkDuplicates	Tracking 304248 as yet unmatched pairs. 40914 records in RAM.
INFO	2015-04-01 12:12:33	MarkDuplicates	Read    63,000,000 records.  Elapsed time: 00:39:06s.  Time for last 1,000,000:   40s.  Last read position: chr5:93,162,255
INFO	2015-04-01 12:12:33	MarkDuplicates	Tracking 297178 as yet unmatched pairs. 32001 records in RAM.
INFO	2015-04-01 12:13:28	MarkDuplicates	Read    64,000,000 records.  Elapsed time: 00:40:06s.  Time for last 1,000,000:   59s.  Last read position: chr5:115,561,409
INFO	2015-04-01 12:13:28	MarkDuplicates	Tracking 309333 as yet unmatched pairs. 31015 records in RAM.
INFO	2015-04-01 12:13:44	MarkDuplicates	Read    65,000,000 records.  Elapsed time: 00:40:24s.  Time for last 1,000,000:   18s.  Last read position: chr5:125,387,786
INFO	2015-04-01 12:13:44	MarkDuplicates	Tracking 300477 as yet unmatched pairs. 18086 records in RAM.
INFO	2015-04-01 12:14:00	MarkDuplicates	Read    66,000,000 records.  Elapsed time: 00:40:41s.  Time for last 1,000,000:   16s.  Last read position: chr5:142,903,189
INFO	2015-04-01 12:14:00	MarkDuplicates	Tracking 296216 as yet unmatched pairs. 11269 records in RAM.
INFO	2015-04-01 12:14:19	MarkDuplicates	Read    67,000,000 records.  Elapsed time: 00:41:02s.  Time for last 1,000,000:   21s.  Last read position: chr6:7,982,436
INFO	2015-04-01 12:14:19	MarkDuplicates	Tracking 283879 as yet unmatched pairs. 38353 records in RAM.
INFO	2015-04-01 12:14:46	MarkDuplicates	Read    68,000,000 records.  Elapsed time: 00:41:25s.  Time for last 1,000,000:   23s.  Last read position: chr6:47,453,350
INFO	2015-04-01 12:14:46	MarkDuplicates	Tracking 279301 as yet unmatched pairs. 31481 records in RAM.
INFO	2015-04-01 12:15:07	MarkDuplicates	Read    69,000,000 records.  Elapsed time: 00:41:43s.  Time for last 1,000,000:   17s.  Last read position: chr6:86,369,639
INFO	2015-04-01 12:15:07	MarkDuplicates	Tracking 275368 as yet unmatched pairs. 24381 records in RAM.
INFO	2015-04-01 12:15:25	MarkDuplicates	Read    70,000,000 records.  Elapsed time: 00:42:04s.  Time for last 1,000,000:   21s.  Last read position: chr6:119,848,970
INFO	2015-04-01 12:15:25	MarkDuplicates	Tracking 268496 as yet unmatched pairs. 16161 records in RAM.
INFO	2015-04-01 12:15:44	MarkDuplicates	Read    71,000,000 records.  Elapsed time: 00:42:22s.  Time for last 1,000,000:   17s.  Last read position: chr6:143,204,476
INFO	2015-04-01 12:15:44	MarkDuplicates	Tracking 260164 as yet unmatched pairs. 2350 records in RAM.
INFO	2015-04-01 12:16:50	MarkDuplicates	Read    72,000,000 records.  Elapsed time: 00:43:25s.  Time for last 1,000,000:   62s.  Last read position: chr7:16,947,678
INFO	2015-04-01 12:16:50	MarkDuplicates	Tracking 254629 as yet unmatched pairs. 62436 records in RAM.
INFO	2015-04-01 12:17:08	MarkDuplicates	Read    73,000,000 records.  Elapsed time: 00:43:45s.  Time for last 1,000,000:   20s.  Last read position: chr7:34,142,700
INFO	2015-04-01 12:17:08	MarkDuplicates	Tracking 245498 as yet unmatched pairs. 52148 records in RAM.
INFO	2015-04-01 12:17:25	MarkDuplicates	Read    74,000,000 records.  Elapsed time: 00:44:06s.  Time for last 1,000,000:   20s.  Last read position: chr7:59,307,495
INFO	2015-04-01 12:17:25	MarkDuplicates	Tracking 233979 as yet unmatched pairs. 39133 records in RAM.
INFO	2015-04-01 12:17:36	MarkDuplicates	Read    75,000,000 records.  Elapsed time: 00:44:18s.  Time for last 1,000,000:   11s.  Last read position: chr7:100,498,096
INFO	2015-04-01 12:17:36	MarkDuplicates	Tracking 223683 as yet unmatched pairs. 27634 records in RAM.
INFO	2015-04-01 12:17:57	MarkDuplicates	Read    76,000,000 records.  Elapsed time: 00:44:36s.  Time for last 1,000,000:   18s.  Last read position: chr7:112,591,095
INFO	2015-04-01 12:17:57	MarkDuplicates	Tracking 216858 as yet unmatched pairs. 20169 records in RAM.
INFO	2015-04-01 12:18:19	MarkDuplicates	Read    77,000,000 records.  Elapsed time: 00:44:55s.  Time for last 1,000,000:   18s.  Last read position: chr7:128,244,739
INFO	2015-04-01 12:18:19	MarkDuplicates	Tracking 208101 as yet unmatched pairs. 9343 records in RAM.
INFO	2015-04-01 12:18:36	MarkDuplicates	Read    78,000,000 records.  Elapsed time: 00:45:15s.  Time for last 1,000,000:   20s.  Last read position: chr7:142,576,845
INFO	2015-04-01 12:18:36	MarkDuplicates	Tracking 232728 as yet unmatched pairs. 32415 records in RAM.
INFO	2015-04-01 12:18:51	MarkDuplicates	Read    79,000,000 records.  Elapsed time: 00:45:33s.  Time for last 1,000,000:   17s.  Last read position: chr7:143,460,018
INFO	2015-04-01 12:18:51	MarkDuplicates	Tracking 207080 as yet unmatched pairs. 6286 records in RAM.
INFO	2015-04-01 12:20:10	MarkDuplicates	Read    80,000,000 records.  Elapsed time: 00:46:51s.  Time for last 1,000,000:   77s.  Last read position: chr8:26,011,185
INFO	2015-04-01 12:20:10	MarkDuplicates	Tracking 194506 as yet unmatched pairs. 54602 records in RAM.
INFO	2015-04-01 12:20:24	MarkDuplicates	Read    81,000,000 records.  Elapsed time: 00:47:04s.  Time for last 1,000,000:   13s.  Last read position: chr8:72,180,517
INFO	2015-04-01 12:20:24	MarkDuplicates	Tracking 181647 as yet unmatched pairs. 39912 records in RAM.
INFO	2015-04-01 12:20:46	MarkDuplicates	Read    82,000,000 records.  Elapsed time: 00:47:21s.  Time for last 1,000,000:   16s.  Last read position: chr8:102,865,787
INFO	2015-04-01 12:20:46	MarkDuplicates	Tracking 162544 as yet unmatched pairs. 19868 records in RAM.
INFO	2015-04-01 12:21:13	MarkDuplicates	Read    83,000,000 records.  Elapsed time: 00:47:44s.  Time for last 1,000,000:   23s.  Last read position: chr8:123,104,744
INFO	2015-04-01 12:21:13	MarkDuplicates	Tracking 156049 as yet unmatched pairs. 8115 records in RAM.
INFO	2015-04-01 12:21:45	MarkDuplicates	Read    84,000,000 records.  Elapsed time: 00:48:26s.  Time for last 1,000,000:   41s.  Last read position: chr9:31,149,967
INFO	2015-04-01 12:21:45	MarkDuplicates	Tracking 140819 as yet unmatched pairs. 83797 records in RAM.
INFO	2015-04-01 12:22:14	MarkDuplicates	Read    85,000,000 records.  Elapsed time: 00:48:48s.  Time for last 1,000,000:   22s.  Last read position: chr9:50,895,848
INFO	2015-04-01 12:22:14	MarkDuplicates	Tracking 125326 as yet unmatched pairs. 61869 records in RAM.
INFO	2015-04-01 12:22:41	MarkDuplicates	Read    86,000,000 records.  Elapsed time: 00:49:16s.  Time for last 1,000,000:   27s.  Last read position: chr9:65,693,220
INFO	2015-04-01 12:22:41	MarkDuplicates	Tracking 113361 as yet unmatched pairs. 49686 records in RAM.
INFO	2015-04-01 12:23:07	MarkDuplicates	Read    87,000,000 records.  Elapsed time: 00:49:43s.  Time for last 1,000,000:   26s.  Last read position: chr9:78,479,443
INFO	2015-04-01 12:23:07	MarkDuplicates	Tracking 135544 as yet unmatched pairs. 71707 records in RAM.
INFO	2015-04-01 12:23:33	MarkDuplicates	Read    88,000,000 records.  Elapsed time: 00:50:07s.  Time for last 1,000,000:   24s.  Last read position: chr9:100,956,557
INFO	2015-04-01 12:23:33	MarkDuplicates	Tracking 93243 as yet unmatched pairs. 29209 records in RAM.
INFO	2015-04-01 12:24:45	MarkDuplicates	Read    89,000,000 records.  Elapsed time: 00:51:27s.  Time for last 1,000,000:   79s.  Last read position: chr9:119,043,685
INFO	2015-04-01 12:24:45	MarkDuplicates	Tracking 81022 as yet unmatched pairs. 16791 records in RAM.
INFO	2015-04-01 12:25:05	MarkDuplicates	Read    90,000,000 records.  Elapsed time: 00:51:40s.  Time for last 1,000,000:   13s.  Last read position: chrM:5,910
INFO	2015-04-01 12:25:05	MarkDuplicates	Tracking 90972 as yet unmatched pairs. 40024 records in RAM.
INFO	2015-04-01 12:25:29	MarkDuplicates	Read    91,000,000 records.  Elapsed time: 00:51:59s.  Time for last 1,000,000:   19s.  Last read position: chrM:8,963
INFO	2015-04-01 12:25:29	MarkDuplicates	Tracking 86729 as yet unmatched pairs. 35724 records in RAM.
INFO	2015-04-01 12:25:54	MarkDuplicates	Read    92,000,000 records.  Elapsed time: 00:52:30s.  Time for last 1,000,000:   30s.  Last read position: chrX:13,292,882
INFO	2015-04-01 12:25:54	MarkDuplicates	Tracking 48434 as yet unmatched pairs. 45300 records in RAM.
INFO	2015-04-01 12:26:25	MarkDuplicates	Read    93,000,000 records.  Elapsed time: 00:53:02s.  Time for last 1,000,000:   31s.  Last read position: chrX:74,257,262
INFO	2015-04-01 12:26:25	MarkDuplicates	Tracking 36703 as yet unmatched pairs. 33536 records in RAM.
INFO	2015-04-01 12:26:47	MarkDuplicates	Read    94,000,000 records.  Elapsed time: 00:53:23s.  Time for last 1,000,000:   21s.  Last read position: chrX:105,968,839
INFO	2015-04-01 12:26:47	MarkDuplicates	Tracking 21258 as yet unmatched pairs. 18074 records in RAM.
INFO	2015-04-01 12:27:10	MarkDuplicates	Read    95,000,000 records.  Elapsed time: 00:53:42s.  Time for last 1,000,000:   19s.  Last read position: chrX:152,278,365
INFO	2015-04-01 12:27:10	MarkDuplicates	Tracking 8827 as yet unmatched pairs. 5623 records in RAM.
INFO	2015-04-01 12:27:17	MarkDuplicates	Read 95400713 records. 0 pairs never matched.
INFO	2015-04-01 12:28:18	MarkDuplicates	After buildSortedReadEndLists freeMemory: 13797903760; totalMemory: 24783814656; maxMemory: 38177538048
INFO	2015-04-01 12:28:18	MarkDuplicates	Will retain up to 1193048064 duplicate indices before spilling to disk.
INFO	2015-04-01 12:28:22	MarkDuplicates	Traversing read pair information and detecting duplicates.
INFO	2015-04-01 12:29:27	MarkDuplicates	Traversing fragment information and detecting duplicates.
INFO	2015-04-01 12:31:25	MarkDuplicates	Sorting list of duplicate records.
INFO	2015-04-01 12:31:42	MarkDuplicates	After generateDuplicateIndexes freeMemory: 15058090560; totalMemory: 24783814656; maxMemory: 38177538048
INFO	2015-04-01 12:31:42	MarkDuplicates	Marking 15289530 records as duplicates.
INFO	2015-04-01 12:31:42	MarkDuplicates	Found 4368306 optical duplicate clusters.
INFO	2015-04-01 12:37:16	MarkDuplicates	Written    10,000,000 records.  Elapsed time: 00:05:33s.  Time for last 10,000,000:  333s.  Last read position: chr10:128,362,301
INFO	2015-04-01 12:44:39	MarkDuplicates	Written    20,000,000 records.  Elapsed time: 00:12:57s.  Time for last 10,000,000:  443s.  Last read position: chr12:54,760,419
INFO	2015-04-01 12:53:29	MarkDuplicates	Written    30,000,000 records.  Elapsed time: 00:21:47s.  Time for last 10,000,000:  530s.  Last read position: chr15:63,776,723
INFO	2015-04-01 13:01:41	MarkDuplicates	Written    40,000,000 records.  Elapsed time: 00:29:58s.  Time for last 10,000,000:  491s.  Last read position: chr18:6,332,806
INFO	2015-04-01 13:09:08	MarkDuplicates	Written    50,000,000 records.  Elapsed time: 00:37:25s.  Time for last 10,000,000:  447s.  Last read position: chr2:156,160,986
INFO	2015-04-01 13:13:55	MarkDuplicates	Written    60,000,000 records.  Elapsed time: 00:42:13s.  Time for last 10,000,000:  287s.  Last read position: chr4:138,241,550
INFO	2015-04-01 13:19:10	MarkDuplicates	Written    70,000,000 records.  Elapsed time: 00:47:27s.  Time for last 10,000,000:  313s.  Last read position: chr6:119,848,970
INFO	2015-04-01 13:24:55	MarkDuplicates	Written    80,000,000 records.  Elapsed time: 00:53:13s.  Time for last 10,000,000:  346s.  Last read position: chr8:26,011,185
INFO	2015-04-01 13:31:16	MarkDuplicates	Written    90,000,000 records.  Elapsed time: 00:59:33s.  Time for last 10,000,000:  380s.  Last read position: chrM:5,910
INFO	2015-04-01 13:35:17	MarkDuplicates	Before output close freeMemory: 24610054760; totalMemory: 24882642944; maxMemory: 38177538048
INFO	2015-04-01 13:35:19	MarkDuplicates	After output close freeMemory: 24314421720; totalMemory: 24587010048; maxMemory: 38177538048
[Wed Apr 01 13:35:19 EDT 2015] net.sf.picard.sam.MarkDuplicates done. Elapsed time: 122.08 minutes.
Runtime.totalMemory()=24587010048
