[Wed Apr 01 11:45:11 EDT 2015] net.sf.picard.sam.MarkDuplicates INPUT=[/n/rinn_data1/users/agroff/seq/OtherMice/Diana/lincP21/bam/JR935/rmdup_accepted_hits_sorted_picard.bam] OUTPUT=/n/rinn_data1/users/agroff/seq/OtherMice/Diana/lincP21/bam/JR935/rmdup_accepted_hits_sorted_duplicates_marked.bam METRICS_FILE=dup_metrics.txt    PROGRAM_RECORD_ID=MarkDuplicates PROGRAM_GROUP_NAME=MarkDuplicates REMOVE_DUPLICATES=false ASSUME_SORTED=false MAX_SEQUENCES_FOR_DISK_READ_ENDS_MAP=50000 MAX_FILE_HANDLES_FOR_READ_ENDS_MAP=8000 SORTING_COLLECTION_SIZE_RATIO=0.25 READ_NAME_REGEX=[a-zA-Z0-9]+:[0-9]:([0-9]+):([0-9]+):([0-9]+).* OPTICAL_DUPLICATE_PIXEL_DISTANCE=100 VERBOSITY=INFO QUIET=false VALIDATION_STRINGENCY=STRICT COMPRESSION_LEVEL=5 MAX_RECORDS_IN_RAM=500000 CREATE_INDEX=false CREATE_MD5_FILE=false
[Wed Apr 01 11:45:11 EDT 2015] Executing as agroff@holy2a05104.rc.fas.harvard.edu on Linux 2.6.32-431.17.1.el6.x86_64 amd64; Java HotSpot(TM) 64-Bit Server VM 1.6.0_11-b03; Picard version: 1.98(1547)
INFO	2015-04-01 11:45:11	MarkDuplicates	Start of doWork freeMemory: 8582344; totalMemory: 9109504; maxMemory: 38177538048
INFO	2015-04-01 11:45:11	MarkDuplicates	Reading input file and constructing read end information.
INFO	2015-04-01 11:45:11	MarkDuplicates	Will retain up to 151498166 data points before spilling to disk.
INFO	2015-04-01 11:46:15	MarkDuplicates	Read     1,000,000 records.  Elapsed time: 00:01:01s.  Time for last 1,000,000:   61s.  Last read position: chr1:55,153,617
INFO	2015-04-01 11:46:15	MarkDuplicates	Tracking 35079 as yet unmatched pairs. 541 records in RAM.
INFO	2015-04-01 11:46:44	MarkDuplicates	Read     2,000,000 records.  Elapsed time: 00:01:30s.  Time for last 1,000,000:   28s.  Last read position: chr1:87,774,168
INFO	2015-04-01 11:46:44	MarkDuplicates	Tracking 46417 as yet unmatched pairs. 685 records in RAM.
INFO	2015-04-01 11:47:14	MarkDuplicates	Read     3,000,000 records.  Elapsed time: 00:02:00s.  Time for last 1,000,000:   30s.  Last read position: chr1:135,810,686
INFO	2015-04-01 11:47:14	MarkDuplicates	Tracking 65934 as yet unmatched pairs. 6369 records in RAM.
INFO	2015-04-01 11:47:31	MarkDuplicates	Read     4,000,000 records.  Elapsed time: 00:02:17s.  Time for last 1,000,000:   17s.  Last read position: chr1:172,134,952
INFO	2015-04-01 11:47:31	MarkDuplicates	Tracking 71596 as yet unmatched pairs. 3285 records in RAM.
INFO	2015-04-01 11:47:56	MarkDuplicates	Read     5,000,000 records.  Elapsed time: 00:02:39s.  Time for last 1,000,000:   21s.  Last read position: chr10:20,327,052
INFO	2015-04-01 11:47:56	MarkDuplicates	Tracking 84084 as yet unmatched pairs. 3742 records in RAM.
INFO	2015-04-01 11:48:15	MarkDuplicates	Read     6,000,000 records.  Elapsed time: 00:02:59s.  Time for last 1,000,000:   20s.  Last read position: chr10:71,376,315
INFO	2015-04-01 11:48:15	MarkDuplicates	Tracking 96836 as yet unmatched pairs. 3360 records in RAM.
INFO	2015-04-01 11:48:40	MarkDuplicates	Read     7,000,000 records.  Elapsed time: 00:03:26s.  Time for last 1,000,000:   26s.  Last read position: chr10:85,116,512
INFO	2015-04-01 11:48:40	MarkDuplicates	Tracking 102132 as yet unmatched pairs. 3364 records in RAM.
INFO	2015-04-01 11:49:03	MarkDuplicates	Read     8,000,000 records.  Elapsed time: 00:03:46s.  Time for last 1,000,000:   20s.  Last read position: chr10:128,084,371
INFO	2015-04-01 11:49:03	MarkDuplicates	Tracking 118742 as yet unmatched pairs. 7396 records in RAM.
INFO	2015-04-01 11:49:25	MarkDuplicates	Read     9,000,000 records.  Elapsed time: 00:04:11s.  Time for last 1,000,000:   24s.  Last read position: chr11:11,938,461
INFO	2015-04-01 11:49:25	MarkDuplicates	Tracking 139083 as yet unmatched pairs. 7340 records in RAM.
INFO	2015-04-01 11:49:41	MarkDuplicates	Read    10,000,000 records.  Elapsed time: 00:04:24s.  Time for last 1,000,000:   13s.  Last read position: chr11:32,297,170
INFO	2015-04-01 11:49:41	MarkDuplicates	Tracking 214159 as yet unmatched pairs. 78423 records in RAM.
INFO	2015-04-01 11:50:04	MarkDuplicates	Read    11,000,000 records.  Elapsed time: 00:04:50s.  Time for last 1,000,000:   26s.  Last read position: chr11:58,856,110
INFO	2015-04-01 11:50:04	MarkDuplicates	Tracking 229737 as yet unmatched pairs. 86738 records in RAM.
INFO	2015-04-01 11:50:24	MarkDuplicates	Read    12,000,000 records.  Elapsed time: 00:05:10s.  Time for last 1,000,000:   19s.  Last read position: chr11:70,705,000
INFO	2015-04-01 11:50:24	MarkDuplicates	Tracking 244198 as yet unmatched pairs. 96394 records in RAM.
INFO	2015-04-01 11:50:51	MarkDuplicates	Read    13,000,000 records.  Elapsed time: 00:05:37s.  Time for last 1,000,000:   26s.  Last read position: chr11:88,051,272
INFO	2015-04-01 11:50:51	MarkDuplicates	Tracking 251610 as yet unmatched pairs. 94941 records in RAM.
INFO	2015-04-01 11:51:07	MarkDuplicates	Read    14,000,000 records.  Elapsed time: 00:05:52s.  Time for last 1,000,000:   14s.  Last read position: chr11:101,471,310
INFO	2015-04-01 11:51:07	MarkDuplicates	Tracking 261274 as yet unmatched pairs. 93905 records in RAM.
INFO	2015-04-01 11:51:34	MarkDuplicates	Read    15,000,000 records.  Elapsed time: 00:06:17s.  Time for last 1,000,000:   25s.  Last read position: chr11:119,040,523
INFO	2015-04-01 11:51:34	MarkDuplicates	Tracking 270737 as yet unmatched pairs. 93087 records in RAM.
INFO	2015-04-01 11:52:03	MarkDuplicates	Read    16,000,000 records.  Elapsed time: 00:06:47s.  Time for last 1,000,000:   29s.  Last read position: chr12:31,319,975
INFO	2015-04-01 11:52:03	MarkDuplicates	Tracking 294688 as yet unmatched pairs. 4193 records in RAM.
INFO	2015-04-01 11:52:29	MarkDuplicates	Read    17,000,000 records.  Elapsed time: 00:07:14s.  Time for last 1,000,000:   27s.  Last read position: chr12:83,992,783
INFO	2015-04-01 11:52:29	MarkDuplicates	Tracking 310134 as yet unmatched pairs. 2664 records in RAM.
INFO	2015-04-01 11:52:44	MarkDuplicates	Read    18,000,000 records.  Elapsed time: 00:07:30s.  Time for last 1,000,000:   16s.  Last read position: chr13:6,582,452
INFO	2015-04-01 11:52:44	MarkDuplicates	Tracking 315996 as yet unmatched pairs. 9850 records in RAM.
INFO	2015-04-01 11:53:10	MarkDuplicates	Read    19,000,000 records.  Elapsed time: 00:07:54s.  Time for last 1,000,000:   24s.  Last read position: chr13:55,076,353
INFO	2015-04-01 11:53:10	MarkDuplicates	Tracking 328612 as yet unmatched pairs. 7736 records in RAM.
INFO	2015-04-01 11:53:27	MarkDuplicates	Read    20,000,000 records.  Elapsed time: 00:08:13s.  Time for last 1,000,000:   18s.  Last read position: chr13:97,098,919
INFO	2015-04-01 11:53:27	MarkDuplicates	Tracking 349466 as yet unmatched pairs. 2374 records in RAM.
INFO	2015-04-01 11:53:52	MarkDuplicates	Read    21,000,000 records.  Elapsed time: 00:08:39s.  Time for last 1,000,000:   25s.  Last read position: chr14:19,779,581
INFO	2015-04-01 11:53:52	MarkDuplicates	Tracking 378167 as yet unmatched pairs. 21490 records in RAM.
INFO	2015-04-01 11:54:09	MarkDuplicates	Read    22,000,000 records.  Elapsed time: 00:08:52s.  Time for last 1,000,000:   12s.  Last read position: chr14:47,736,216
INFO	2015-04-01 11:54:09	MarkDuplicates	Tracking 377186 as yet unmatched pairs. 9982 records in RAM.
INFO	2015-04-01 11:54:22	MarkDuplicates	Read    23,000,000 records.  Elapsed time: 00:09:06s.  Time for last 1,000,000:   14s.  Last read position: chr14:55,580,789
INFO	2015-04-01 11:54:22	MarkDuplicates	Tracking 392588 as yet unmatched pairs. 20178 records in RAM.
INFO	2015-04-01 11:54:50	MarkDuplicates	Read    24,000,000 records.  Elapsed time: 00:09:35s.  Time for last 1,000,000:   28s.  Last read position: chr14:103,815,392
INFO	2015-04-01 11:54:50	MarkDuplicates	Tracking 403388 as yet unmatched pairs. 16083 records in RAM.
INFO	2015-04-01 11:55:06	MarkDuplicates	Read    25,000,000 records.  Elapsed time: 00:09:51s.  Time for last 1,000,000:   16s.  Last read position: chr15:59,369,204
INFO	2015-04-01 11:55:06	MarkDuplicates	Tracking 402455 as yet unmatched pairs. 4319 records in RAM.
INFO	2015-04-01 11:55:21	MarkDuplicates	Read    26,000,000 records.  Elapsed time: 00:10:04s.  Time for last 1,000,000:   12s.  Last read position: chr15:84,206,888
INFO	2015-04-01 11:55:21	MarkDuplicates	Tracking 406761 as yet unmatched pairs. 3038 records in RAM.
INFO	2015-04-01 11:55:53	MarkDuplicates	Read    27,000,000 records.  Elapsed time: 00:10:36s.  Time for last 1,000,000:   32s.  Last read position: chr15:99,780,048
INFO	2015-04-01 11:55:53	MarkDuplicates	Tracking 420271 as yet unmatched pairs. 10097 records in RAM.
INFO	2015-04-01 11:56:09	MarkDuplicates	Read    28,000,000 records.  Elapsed time: 00:10:54s.  Time for last 1,000,000:   17s.  Last read position: chr16:20,506,214
INFO	2015-04-01 11:56:09	MarkDuplicates	Tracking 433011 as yet unmatched pairs. 7806 records in RAM.
INFO	2015-04-01 11:56:22	MarkDuplicates	Read    29,000,000 records.  Elapsed time: 00:11:07s.  Time for last 1,000,000:   13s.  Last read position: chr16:70,434,536
INFO	2015-04-01 11:56:22	MarkDuplicates	Tracking 437459 as yet unmatched pairs. 3766 records in RAM.
INFO	2015-04-01 11:56:52	MarkDuplicates	Read    30,000,000 records.  Elapsed time: 00:11:33s.  Time for last 1,000,000:   26s.  Last read position: chr17:12,924,345
INFO	2015-04-01 11:56:52	MarkDuplicates	Tracking 443854 as yet unmatched pairs. 23175 records in RAM.
INFO	2015-04-01 11:57:06	MarkDuplicates	Read    31,000,000 records.  Elapsed time: 00:11:49s.  Time for last 1,000,000:   15s.  Last read position: chr17:29,699,282
INFO	2015-04-01 11:57:06	MarkDuplicates	Tracking 445902 as yet unmatched pairs. 13086 records in RAM.
INFO	2015-04-01 11:57:25	MarkDuplicates	Read    32,000,000 records.  Elapsed time: 00:12:10s.  Time for last 1,000,000:   21s.  Last read position: chr17:46,651,611
INFO	2015-04-01 11:57:25	MarkDuplicates	Tracking 451455 as yet unmatched pairs. 8006 records in RAM.
INFO	2015-04-01 11:58:02	MarkDuplicates	Read    33,000,000 records.  Elapsed time: 00:12:45s.  Time for last 1,000,000:   35s.  Last read position: chr17:83,473,101
INFO	2015-04-01 11:58:02	MarkDuplicates	Tracking 454474 as yet unmatched pairs. 3418 records in RAM.
INFO	2015-04-01 11:58:18	MarkDuplicates	Read    34,000,000 records.  Elapsed time: 00:13:01s.  Time for last 1,000,000:   16s.  Last read position: chr18:36,658,471
INFO	2015-04-01 11:58:18	MarkDuplicates	Tracking 453438 as yet unmatched pairs. 9001 records in RAM.
INFO	2015-04-01 11:58:37	MarkDuplicates	Read    35,000,000 records.  Elapsed time: 00:13:22s.  Time for last 1,000,000:   20s.  Last read position: chr18:77,775,803
INFO	2015-04-01 11:58:37	MarkDuplicates	Tracking 465109 as yet unmatched pairs. 5399 records in RAM.
INFO	2015-04-01 11:58:54	MarkDuplicates	Read    36,000,000 records.  Elapsed time: 00:13:36s.  Time for last 1,000,000:   14s.  Last read position: chr19:8,968,316
INFO	2015-04-01 11:58:54	MarkDuplicates	Tracking 462436 as yet unmatched pairs. 12059 records in RAM.
INFO	2015-04-01 11:59:27	MarkDuplicates	Read    37,000,000 records.  Elapsed time: 00:14:10s.  Time for last 1,000,000:   34s.  Last read position: chr19:43,504,676
INFO	2015-04-01 11:59:27	MarkDuplicates	Tracking 465595 as yet unmatched pairs. 5127 records in RAM.
INFO	2015-04-01 11:59:40	MarkDuplicates	Read    38,000,000 records.  Elapsed time: 00:14:25s.  Time for last 1,000,000:   14s.  Last read position: chr2:24,825,326
INFO	2015-04-01 11:59:40	MarkDuplicates	Tracking 469697 as yet unmatched pairs. 27366 records in RAM.
INFO	2015-04-01 11:59:59	MarkDuplicates	Read    39,000,000 records.  Elapsed time: 00:14:42s.  Time for last 1,000,000:   17s.  Last read position: chr2:37,583,802
INFO	2015-04-01 11:59:59	MarkDuplicates	Tracking 474277 as yet unmatched pairs. 22506 records in RAM.
INFO	2015-04-01 12:00:13	MarkDuplicates	Read    40,000,000 records.  Elapsed time: 00:14:56s.  Time for last 1,000,000:   13s.  Last read position: chr2:91,018,448
INFO	2015-04-01 12:00:13	MarkDuplicates	Tracking 476553 as yet unmatched pairs. 16440 records in RAM.
INFO	2015-04-01 12:01:01	MarkDuplicates	Read    41,000,000 records.  Elapsed time: 00:15:47s.  Time for last 1,000,000:   50s.  Last read position: chr2:121,209,502
INFO	2015-04-01 12:01:01	MarkDuplicates	Tracking 476854 as yet unmatched pairs. 13720 records in RAM.
INFO	2015-04-01 12:01:17	MarkDuplicates	Read    42,000,000 records.  Elapsed time: 00:16:00s.  Time for last 1,000,000:   12s.  Last read position: chr2:153,341,564
INFO	2015-04-01 12:01:17	MarkDuplicates	Tracking 476936 as yet unmatched pairs. 8509 records in RAM.
INFO	2015-04-01 12:01:33	MarkDuplicates	Read    43,000,000 records.  Elapsed time: 00:16:15s.  Time for last 1,000,000:   15s.  Last read position: chr2:174,346,057
INFO	2015-04-01 12:01:33	MarkDuplicates	Tracking 479239 as yet unmatched pairs. 6422 records in RAM.
INFO	2015-04-01 12:01:57	MarkDuplicates	Read    44,000,000 records.  Elapsed time: 00:16:39s.  Time for last 1,000,000:   24s.  Last read position: chr3:46,441,730
INFO	2015-04-01 12:01:57	MarkDuplicates	Tracking 476348 as yet unmatched pairs. 38627 records in RAM.
INFO	2015-04-01 12:02:18	MarkDuplicates	Read    45,000,000 records.  Elapsed time: 00:16:59s.  Time for last 1,000,000:   20s.  Last read position: chr3:89,434,177
INFO	2015-04-01 12:02:18	MarkDuplicates	Tracking 462427 as yet unmatched pairs. 19432 records in RAM.
INFO	2015-04-01 12:03:03	MarkDuplicates	Read    46,000,000 records.  Elapsed time: 00:17:46s.  Time for last 1,000,000:   46s.  Last read position: chr3:108,345,721
INFO	2015-04-01 12:03:03	MarkDuplicates	Tracking 458860 as yet unmatched pairs. 11699 records in RAM.
INFO	2015-04-01 12:03:22	MarkDuplicates	Read    47,000,000 records.  Elapsed time: 00:18:05s.  Time for last 1,000,000:   18s.  Last read position: chr4:3,199,650
INFO	2015-04-01 12:03:22	MarkDuplicates	Tracking 461876 as yet unmatched pairs. 42166 records in RAM.
INFO	2015-04-01 12:03:42	MarkDuplicates	Read    48,000,000 records.  Elapsed time: 00:18:23s.  Time for last 1,000,000:   17s.  Last read position: chr4:57,713,724
INFO	2015-04-01 12:03:42	MarkDuplicates	Tracking 460722 as yet unmatched pairs. 34508 records in RAM.
INFO	2015-04-01 12:04:03	MarkDuplicates	Read    49,000,000 records.  Elapsed time: 00:18:45s.  Time for last 1,000,000:   22s.  Last read position: chr4:118,623,367
INFO	2015-04-01 12:04:03	MarkDuplicates	Tracking 462633 as yet unmatched pairs. 27138 records in RAM.
INFO	2015-04-01 12:04:19	MarkDuplicates	Read    50,000,000 records.  Elapsed time: 00:19:03s.  Time for last 1,000,000:   17s.  Last read position: chr4:135,216,685
INFO	2015-04-01 12:04:19	MarkDuplicates	Tracking 461720 as yet unmatched pairs. 19709 records in RAM.
INFO	2015-04-01 12:04:40	MarkDuplicates	Read    51,000,000 records.  Elapsed time: 00:19:21s.  Time for last 1,000,000:   18s.  Last read position: chr4:152,253,172
INFO	2015-04-01 12:04:40	MarkDuplicates	Tracking 448882 as yet unmatched pairs. 2126 records in RAM.
INFO	2015-04-01 12:05:31	MarkDuplicates	Read    52,000,000 records.  Elapsed time: 00:20:14s.  Time for last 1,000,000:   53s.  Last read position: chr5:32,490,998
INFO	2015-04-01 12:05:31	MarkDuplicates	Tracking 462443 as yet unmatched pairs. 36269 records in RAM.
INFO	2015-04-01 12:05:47	MarkDuplicates	Read    53,000,000 records.  Elapsed time: 00:20:31s.  Time for last 1,000,000:   16s.  Last read position: chr5:93,173,557
INFO	2015-04-01 12:05:47	MarkDuplicates	Tracking 455920 as yet unmatched pairs. 27839 records in RAM.
INFO	2015-04-01 12:06:07	MarkDuplicates	Read    54,000,000 records.  Elapsed time: 00:20:54s.  Time for last 1,000,000:   23s.  Last read position: chr5:121,665,446
INFO	2015-04-01 12:06:07	MarkDuplicates	Tracking 459754 as yet unmatched pairs. 16084 records in RAM.
INFO	2015-04-01 12:06:23	MarkDuplicates	Read    55,000,000 records.  Elapsed time: 00:21:04s.  Time for last 1,000,000:   10s.  Last read position: chr5:134,715,262
INFO	2015-04-01 12:06:23	MarkDuplicates	Tracking 461626 as yet unmatched pairs. 15878 records in RAM.
INFO	2015-04-01 12:06:37	MarkDuplicates	Read    56,000,000 records.  Elapsed time: 00:21:22s.  Time for last 1,000,000:   17s.  Last read position: chr6:5,484,967
INFO	2015-04-01 12:06:37	MarkDuplicates	Tracking 450312 as yet unmatched pairs. 57838 records in RAM.
INFO	2015-04-01 12:07:35	MarkDuplicates	Read    57,000,000 records.  Elapsed time: 00:22:22s.  Time for last 1,000,000:   59s.  Last read position: chr6:49,085,797
INFO	2015-04-01 12:07:35	MarkDuplicates	Tracking 442209 as yet unmatched pairs. 45562 records in RAM.
INFO	2015-04-01 12:07:59	MarkDuplicates	Read    58,000,000 records.  Elapsed time: 00:22:39s.  Time for last 1,000,000:   17s.  Last read position: chr6:89,664,583
INFO	2015-04-01 12:07:59	MarkDuplicates	Tracking 436883 as yet unmatched pairs. 36400 records in RAM.
INFO	2015-04-01 12:08:20	MarkDuplicates	Read    59,000,000 records.  Elapsed time: 00:23:00s.  Time for last 1,000,000:   21s.  Last read position: chr6:125,162,611
INFO	2015-04-01 12:08:20	MarkDuplicates	Tracking 430411 as yet unmatched pairs. 25840 records in RAM.
INFO	2015-04-01 12:08:40	MarkDuplicates	Read    60,000,000 records.  Elapsed time: 00:23:19s.  Time for last 1,000,000:   19s.  Last read position: chr7:4,891,463
INFO	2015-04-01 12:08:40	MarkDuplicates	Tracking 413427 as yet unmatched pairs. 63047 records in RAM.
INFO	2015-04-01 12:09:03	MarkDuplicates	Read    61,000,000 records.  Elapsed time: 00:23:45s.  Time for last 1,000,000:   25s.  Last read position: chr7:30,106,482
INFO	2015-04-01 12:09:03	MarkDuplicates	Tracking 404205 as yet unmatched pairs. 52559 records in RAM.
INFO	2015-04-01 12:09:27	MarkDuplicates	Read    62,000,000 records.  Elapsed time: 00:24:07s.  Time for last 1,000,000:   22s.  Last read position: chr7:64,372,757
INFO	2015-04-01 12:09:27	MarkDuplicates	Tracking 391280 as yet unmatched pairs. 36245 records in RAM.
INFO	2015-04-01 12:09:47	MarkDuplicates	Read    63,000,000 records.  Elapsed time: 00:24:26s.  Time for last 1,000,000:   18s.  Last read position: chr7:103,813,559
INFO	2015-04-01 12:09:47	MarkDuplicates	Tracking 396102 as yet unmatched pairs. 39809 records in RAM.
INFO	2015-04-01 12:10:33	MarkDuplicates	Read    64,000,000 records.  Elapsed time: 00:25:16s.  Time for last 1,000,000:   49s.  Last read position: chr7:118,688,833
INFO	2015-04-01 12:10:33	MarkDuplicates	Tracking 411573 as yet unmatched pairs. 54530 records in RAM.
INFO	2015-04-01 12:10:58	MarkDuplicates	Read    65,000,000 records.  Elapsed time: 00:25:35s.  Time for last 1,000,000:   19s.  Last read position: chr7:142,382,707
INFO	2015-04-01 12:10:58	MarkDuplicates	Tracking 409286 as yet unmatched pairs. 48810 records in RAM.
INFO	2015-04-01 12:11:19	MarkDuplicates	Read    66,000,000 records.  Elapsed time: 00:26:01s.  Time for last 1,000,000:   26s.  Last read position: chr8:13,370,511
INFO	2015-04-01 12:11:19	MarkDuplicates	Tracking 401409 as yet unmatched pairs. 54601 records in RAM.
INFO	2015-04-01 12:11:33	MarkDuplicates	Read    67,000,000 records.  Elapsed time: 00:26:16s.  Time for last 1,000,000:   14s.  Last read position: chr8:61,877,350
INFO	2015-04-01 12:11:33	MarkDuplicates	Tracking 393126 as yet unmatched pairs. 45173 records in RAM.
INFO	2015-04-01 12:11:56	MarkDuplicates	Read    68,000,000 records.  Elapsed time: 00:26:41s.  Time for last 1,000,000:   25s.  Last read position: chr8:86,861,667
INFO	2015-04-01 12:11:56	MarkDuplicates	Tracking 378361 as yet unmatched pairs. 28697 records in RAM.
INFO	2015-04-01 12:12:15	MarkDuplicates	Read    69,000,000 records.  Elapsed time: 00:26:58s.  Time for last 1,000,000:   16s.  Last read position: chr8:121,836,389
INFO	2015-04-01 12:12:15	MarkDuplicates	Tracking 361878 as yet unmatched pairs. 7483 records in RAM.
INFO	2015-04-01 12:12:32	MarkDuplicates	Read    70,000,000 records.  Elapsed time: 00:27:16s.  Time for last 1,000,000:   17s.  Last read position: chr9:31,419,891
INFO	2015-04-01 12:12:32	MarkDuplicates	Tracking 349494 as yet unmatched pairs. 84598 records in RAM.
INFO	2015-04-01 12:12:48	MarkDuplicates	Read    71,000,000 records.  Elapsed time: 00:27:32s.  Time for last 1,000,000:   16s.  Last read position: chr9:57,531,672
INFO	2015-04-01 12:12:48	MarkDuplicates	Tracking 330549 as yet unmatched pairs. 59908 records in RAM.
INFO	2015-04-01 12:14:16	MarkDuplicates	Read    72,000,000 records.  Elapsed time: 00:28:59s.  Time for last 1,000,000:   86s.  Last read position: chr9:72,748,582
INFO	2015-04-01 12:14:16	MarkDuplicates	Tracking 320711 as yet unmatched pairs. 49759 records in RAM.
INFO	2015-04-01 12:14:33	MarkDuplicates	Read    73,000,000 records.  Elapsed time: 00:29:14s.  Time for last 1,000,000:   14s.  Last read position: chr9:106,431,202
INFO	2015-04-01 12:14:33	MarkDuplicates	Tracking 300231 as yet unmatched pairs. 28881 records in RAM.
INFO	2015-04-01 12:14:50	MarkDuplicates	Read    74,000,000 records.  Elapsed time: 00:29:32s.  Time for last 1,000,000:   18s.  Last read position: chr9:122,136,933
INFO	2015-04-01 12:14:50	MarkDuplicates	Tracking 279810 as yet unmatched pairs. 8210 records in RAM.
INFO	2015-04-01 12:15:05	MarkDuplicates	Read    75,000,000 records.  Elapsed time: 00:29:49s.  Time for last 1,000,000:   16s.  Last read position: chrM:8,815
INFO	2015-04-01 12:15:05	MarkDuplicates	Tracking 268223 as yet unmatched pairs. 34006 records in RAM.
INFO	2015-04-01 12:15:33	MarkDuplicates	Read    76,000,000 records.  Elapsed time: 00:30:16s.  Time for last 1,000,000:   27s.  Last read position: chrX:20,720,107
INFO	2015-04-01 12:15:33	MarkDuplicates	Tracking 230606 as yet unmatched pairs. 43928 records in RAM.
INFO	2015-04-01 12:15:53	MarkDuplicates	Read    77,000,000 records.  Elapsed time: 00:30:33s.  Time for last 1,000,000:   16s.  Last read position: chrX:96,168,119
INFO	2015-04-01 12:15:53	MarkDuplicates	Tracking 212350 as yet unmatched pairs. 25627 records in RAM.
INFO	2015-04-01 12:16:17	MarkDuplicates	Read    78,000,000 records.  Elapsed time: 00:30:58s.  Time for last 1,000,000:   25s.  Last read position: chrX:150,984,353
INFO	2015-04-01 12:16:17	MarkDuplicates	Tracking 192944 as yet unmatched pairs. 6185 records in RAM.
INFO	2015-04-01 12:16:22	MarkDuplicates	Read 78433275 records. 183823 pairs never matched.
INFO	2015-04-01 12:17:09	MarkDuplicates	After buildSortedReadEndLists freeMemory: 13703454768; totalMemory: 23135649792; maxMemory: 38177538048
INFO	2015-04-01 12:17:09	MarkDuplicates	Will retain up to 1193048064 duplicate indices before spilling to disk.
INFO	2015-04-01 12:17:15	MarkDuplicates	Traversing read pair information and detecting duplicates.
INFO	2015-04-01 12:18:02	MarkDuplicates	Traversing fragment information and detecting duplicates.
INFO	2015-04-01 12:19:32	MarkDuplicates	Sorting list of duplicate records.
INFO	2015-04-01 12:19:45	MarkDuplicates	After generateDuplicateIndexes freeMemory: 13413822064; totalMemory: 23135649792; maxMemory: 38177538048
INFO	2015-04-01 12:19:45	MarkDuplicates	Marking 1379778 records as duplicates.
INFO	2015-04-01 12:19:45	MarkDuplicates	Found 53356 optical duplicate clusters.
INFO	2015-04-01 12:25:55	MarkDuplicates	Written    10,000,000 records.  Elapsed time: 00:06:10s.  Time for last 10,000,000:  370s.  Last read position: chr11:32,297,170
INFO	2015-04-01 12:32:09	MarkDuplicates	Written    20,000,000 records.  Elapsed time: 00:12:23s.  Time for last 10,000,000:  373s.  Last read position: chr13:97,098,919
INFO	2015-04-01 12:38:07	MarkDuplicates	Written    30,000,000 records.  Elapsed time: 00:18:22s.  Time for last 10,000,000:  358s.  Last read position: chr17:12,924,345
INFO	2015-04-01 12:43:33	MarkDuplicates	Written    40,000,000 records.  Elapsed time: 00:23:48s.  Time for last 10,000,000:  325s.  Last read position: chr2:91,018,448
INFO	2015-04-01 12:48:48	MarkDuplicates	Written    50,000,000 records.  Elapsed time: 00:29:03s.  Time for last 10,000,000:  315s.  Last read position: chr4:135,216,685
INFO	2015-04-01 12:54:08	MarkDuplicates	Written    60,000,000 records.  Elapsed time: 00:34:22s.  Time for last 10,000,000:  319s.  Last read position: chr7:4,891,463
INFO	2015-04-01 12:59:18	MarkDuplicates	Written    70,000,000 records.  Elapsed time: 00:39:33s.  Time for last 10,000,000:  310s.  Last read position: chr9:31,419,891
INFO	2015-04-01 13:03:41	MarkDuplicates	Before output close freeMemory: 32123541616; totalMemory: 32396476416; maxMemory: 38177538048
INFO	2015-04-01 13:03:44	MarkDuplicates	After output close freeMemory: 32418084312; totalMemory: 32690929664; maxMemory: 38177538048
[Wed Apr 01 13:03:44 EDT 2015] net.sf.picard.sam.MarkDuplicates done. Elapsed time: 78.55 minutes.
Runtime.totalMemory()=32690929664
