[Wed Apr 01 11:18:56 EDT 2015] net.sf.picard.sam.MarkDuplicates INPUT=[/n/rinn_data1/users/agroff/seq/OtherMice/Diana/lincP21/bam/JR927/accepted_hits_sorted_picard.bam] OUTPUT=/n/rinn_data1/users/agroff/seq/OtherMice/Diana/lincP21/bam/JR927/accepted_hits_sorted_duplicates_marked.bam METRICS_FILE=dup_metrics.txt    PROGRAM_RECORD_ID=MarkDuplicates PROGRAM_GROUP_NAME=MarkDuplicates REMOVE_DUPLICATES=false ASSUME_SORTED=false MAX_SEQUENCES_FOR_DISK_READ_ENDS_MAP=50000 MAX_FILE_HANDLES_FOR_READ_ENDS_MAP=8000 SORTING_COLLECTION_SIZE_RATIO=0.25 READ_NAME_REGEX=[a-zA-Z0-9]+:[0-9]:([0-9]+):([0-9]+):([0-9]+).* OPTICAL_DUPLICATE_PIXEL_DISTANCE=100 VERBOSITY=INFO QUIET=false VALIDATION_STRINGENCY=STRICT COMPRESSION_LEVEL=5 MAX_RECORDS_IN_RAM=500000 CREATE_INDEX=false CREATE_MD5_FILE=false
[Wed Apr 01 11:18:56 EDT 2015] Executing as agroff@holy2a03206.rc.fas.harvard.edu on Linux 2.6.32-431.17.1.el6.x86_64 amd64; Java HotSpot(TM) 64-Bit Server VM 1.6.0_11-b03; Picard version: 1.98(1547)
INFO	2015-04-01 11:18:56	MarkDuplicates	Start of doWork freeMemory: 8610768; totalMemory: 9109504; maxMemory: 38177538048
INFO	2015-04-01 11:18:56	MarkDuplicates	Reading input file and constructing read end information.
INFO	2015-04-01 11:18:56	MarkDuplicates	Will retain up to 151498166 data points before spilling to disk.
INFO	2015-04-01 11:20:14	MarkDuplicates	Read     1,000,000 records.  Elapsed time: 00:01:14s.  Time for last 1,000,000:   74s.  Last read position: chr1:51,470,146
INFO	2015-04-01 11:20:14	MarkDuplicates	Tracking 31578 as yet unmatched pairs. 519 records in RAM.
INFO	2015-04-01 11:20:47	MarkDuplicates	Read     2,000,000 records.  Elapsed time: 00:01:47s.  Time for last 1,000,000:   33s.  Last read position: chr1:79,802,868
INFO	2015-04-01 11:20:47	MarkDuplicates	Tracking 40563 as yet unmatched pairs. 876 records in RAM.
INFO	2015-04-01 11:21:17	MarkDuplicates	Read     3,000,000 records.  Elapsed time: 00:02:16s.  Time for last 1,000,000:   29s.  Last read position: chr1:130,458,097
INFO	2015-04-01 11:21:17	MarkDuplicates	Tracking 54037 as yet unmatched pairs. 569 records in RAM.
INFO	2015-04-01 11:21:54	MarkDuplicates	Read     4,000,000 records.  Elapsed time: 00:02:50s.  Time for last 1,000,000:   34s.  Last read position: chr1:138,485,094
INFO	2015-04-01 11:21:54	MarkDuplicates	Tracking 59560 as yet unmatched pairs. 563 records in RAM.
INFO	2015-04-01 11:22:18	MarkDuplicates	Read     5,000,000 records.  Elapsed time: 00:03:21s.  Time for last 1,000,000:   30s.  Last read position: chr1:175,619,089
INFO	2015-04-01 11:22:18	MarkDuplicates	Tracking 68193 as yet unmatched pairs. 1056 records in RAM.
INFO	2015-04-01 11:22:46	MarkDuplicates	Read     6,000,000 records.  Elapsed time: 00:03:43s.  Time for last 1,000,000:   22s.  Last read position: chr10:20,400,044
INFO	2015-04-01 11:22:46	MarkDuplicates	Tracking 78638 as yet unmatched pairs. 3064 records in RAM.
INFO	2015-04-01 11:23:10	MarkDuplicates	Read     7,000,000 records.  Elapsed time: 00:04:09s.  Time for last 1,000,000:   26s.  Last read position: chr10:62,621,474
INFO	2015-04-01 11:23:10	MarkDuplicates	Tracking 90164 as yet unmatched pairs. 2830 records in RAM.
INFO	2015-04-01 11:23:40	MarkDuplicates	Read     8,000,000 records.  Elapsed time: 00:04:42s.  Time for last 1,000,000:   32s.  Last read position: chr10:81,180,019
INFO	2015-04-01 11:23:40	MarkDuplicates	Tracking 98696 as yet unmatched pairs. 6412 records in RAM.
INFO	2015-04-01 11:24:10	MarkDuplicates	Read     9,000,000 records.  Elapsed time: 00:05:08s.  Time for last 1,000,000:   25s.  Last read position: chr10:117,774,456
INFO	2015-04-01 11:24:10	MarkDuplicates	Tracking 105621 as yet unmatched pairs. 970 records in RAM.
INFO	2015-04-01 11:24:37	MarkDuplicates	Read    10,000,000 records.  Elapsed time: 00:05:32s.  Time for last 1,000,000:   24s.  Last read position: chr11:3,897,080
INFO	2015-04-01 11:24:37	MarkDuplicates	Tracking 112531 as yet unmatched pairs. 5999 records in RAM.
INFO	2015-04-01 11:25:06	MarkDuplicates	Read    11,000,000 records.  Elapsed time: 00:06:05s.  Time for last 1,000,000:   32s.  Last read position: chr11:23,882,286
INFO	2015-04-01 11:25:06	MarkDuplicates	Tracking 128225 as yet unmatched pairs. 5642 records in RAM.
INFO	2015-04-01 11:25:24	MarkDuplicates	Read    12,000,000 records.  Elapsed time: 00:06:21s.  Time for last 1,000,000:   16s.  Last read position: chr11:32,296,903
INFO	2015-04-01 11:25:24	MarkDuplicates	Tracking 160697 as yet unmatched pairs. 36638 records in RAM.
INFO	2015-04-01 11:26:00	MarkDuplicates	Read    13,000,000 records.  Elapsed time: 00:06:53s.  Time for last 1,000,000:   31s.  Last read position: chr11:55,395,508
INFO	2015-04-01 11:26:00	MarkDuplicates	Tracking 138455 as yet unmatched pairs. 8078 records in RAM.
INFO	2015-04-01 11:26:31	MarkDuplicates	Read    14,000,000 records.  Elapsed time: 00:07:30s.  Time for last 1,000,000:   37s.  Last read position: chr11:69,588,412
INFO	2015-04-01 11:26:31	MarkDuplicates	Tracking 141086 as yet unmatched pairs. 5022 records in RAM.
INFO	2015-04-01 11:26:52	MarkDuplicates	Read    15,000,000 records.  Elapsed time: 00:07:50s.  Time for last 1,000,000:   19s.  Last read position: chr11:79,019,649
INFO	2015-04-01 11:26:52	MarkDuplicates	Tracking 145666 as yet unmatched pairs. 3465 records in RAM.
INFO	2015-04-01 11:27:24	MarkDuplicates	Read    16,000,000 records.  Elapsed time: 00:08:26s.  Time for last 1,000,000:   36s.  Last read position: chr11:98,028,725
INFO	2015-04-01 11:27:24	MarkDuplicates	Tracking 156847 as yet unmatched pairs. 6742 records in RAM.
INFO	2015-04-01 11:27:52	MarkDuplicates	Read    17,000,000 records.  Elapsed time: 00:08:44s.  Time for last 1,000,000:   18s.  Last read position: chr11:106,988,882
INFO	2015-04-01 11:27:52	MarkDuplicates	Tracking 159417 as yet unmatched pairs. 1311 records in RAM.
INFO	2015-04-01 11:28:24	MarkDuplicates	Read    18,000,000 records.  Elapsed time: 00:09:23s.  Time for last 1,000,000:   38s.  Last read position: chr12:3,426,560
INFO	2015-04-01 11:28:24	MarkDuplicates	Tracking 170507 as yet unmatched pairs. 5185 records in RAM.
INFO	2015-04-01 11:28:45	MarkDuplicates	Read    19,000,000 records.  Elapsed time: 00:09:45s.  Time for last 1,000,000:   21s.  Last read position: chr12:55,251,716
INFO	2015-04-01 11:28:45	MarkDuplicates	Tracking 190030 as yet unmatched pairs. 4955 records in RAM.
INFO	2015-04-01 11:29:18	MarkDuplicates	Read    20,000,000 records.  Elapsed time: 00:10:17s.  Time for last 1,000,000:   32s.  Last read position: chr12:100,206,148
INFO	2015-04-01 11:29:18	MarkDuplicates	Tracking 203484 as yet unmatched pairs. 2661 records in RAM.
INFO	2015-04-01 11:29:43	MarkDuplicates	Read    21,000,000 records.  Elapsed time: 00:10:39s.  Time for last 1,000,000:   21s.  Last read position: chr13:12,294,399
INFO	2015-04-01 11:29:43	MarkDuplicates	Tracking 210229 as yet unmatched pairs. 12344 records in RAM.
INFO	2015-04-01 11:30:24	MarkDuplicates	Read    22,000,000 records.  Elapsed time: 00:11:26s.  Time for last 1,000,000:   47s.  Last read position: chr13:55,315,060
INFO	2015-04-01 11:30:24	MarkDuplicates	Tracking 220677 as yet unmatched pairs. 7140 records in RAM.
INFO	2015-04-01 11:30:47	MarkDuplicates	Read    23,000,000 records.  Elapsed time: 00:11:41s.  Time for last 1,000,000:   15s.  Last read position: chr13:97,099,039
INFO	2015-04-01 11:30:47	MarkDuplicates	Tracking 235644 as yet unmatched pairs. 1731 records in RAM.
INFO	2015-04-01 11:31:12	MarkDuplicates	Read    24,000,000 records.  Elapsed time: 00:12:10s.  Time for last 1,000,000:   28s.  Last read position: chr14:20,317,364
INFO	2015-04-01 11:31:12	MarkDuplicates	Tracking 259345 as yet unmatched pairs. 19003 records in RAM.
INFO	2015-04-01 11:31:44	MarkDuplicates	Read    25,000,000 records.  Elapsed time: 00:12:42s.  Time for last 1,000,000:   31s.  Last read position: chr14:45,134,939
INFO	2015-04-01 11:31:44	MarkDuplicates	Tracking 259278 as yet unmatched pairs. 10107 records in RAM.
INFO	2015-04-01 11:32:03	MarkDuplicates	Read    26,000,000 records.  Elapsed time: 00:13:03s.  Time for last 1,000,000:   20s.  Last read position: chr14:54,963,963
INFO	2015-04-01 11:32:03	MarkDuplicates	Tracking 366198 as yet unmatched pairs. 112049 records in RAM.
INFO	2015-04-01 11:32:25	MarkDuplicates	Read    27,000,000 records.  Elapsed time: 00:13:21s.  Time for last 1,000,000:   18s.  Last read position: chr14:54,984,653
INFO	2015-04-01 11:32:25	MarkDuplicates	Tracking 314308 as yet unmatched pairs. 58649 records in RAM.
INFO	2015-04-01 11:33:06	MarkDuplicates	Read    28,000,000 records.  Elapsed time: 00:13:57s.  Time for last 1,000,000:   36s.  Last read position: chr14:65,053,214
INFO	2015-04-01 11:33:06	MarkDuplicates	Tracking 266700 as yet unmatched pairs. 6040 records in RAM.
INFO	2015-04-01 11:33:24	MarkDuplicates	Read    29,000,000 records.  Elapsed time: 00:14:24s.  Time for last 1,000,000:   26s.  Last read position: chr15:3,991,642
INFO	2015-04-01 11:33:24	MarkDuplicates	Tracking 272327 as yet unmatched pairs. 10709 records in RAM.
INFO	2015-04-01 11:33:48	MarkDuplicates	Read    30,000,000 records.  Elapsed time: 00:14:38s.  Time for last 1,000,000:   13s.  Last read position: chr15:76,071,518
INFO	2015-04-01 11:33:48	MarkDuplicates	Tracking 273923 as yet unmatched pairs. 4438 records in RAM.
INFO	2015-04-01 11:34:25	MarkDuplicates	Read    31,000,000 records.  Elapsed time: 00:15:20s.  Time for last 1,000,000:   41s.  Last read position: chr15:84,206,932
INFO	2015-04-01 11:34:25	MarkDuplicates	Tracking 277074 as yet unmatched pairs. 2903 records in RAM.
INFO	2015-04-01 11:34:39	MarkDuplicates	Read    32,000,000 records.  Elapsed time: 00:15:39s.  Time for last 1,000,000:   19s.  Last read position: chr15:99,037,171
INFO	2015-04-01 11:34:39	MarkDuplicates	Tracking 288287 as yet unmatched pairs. 9075 records in RAM.
INFO	2015-04-01 11:35:06	MarkDuplicates	Read    33,000,000 records.  Elapsed time: 00:16:04s.  Time for last 1,000,000:   25s.  Last read position: chr16:16,313,061
INFO	2015-04-01 11:35:06	MarkDuplicates	Tracking 290073 as yet unmatched pairs. 9876 records in RAM.
INFO	2015-04-01 11:35:45	MarkDuplicates	Read    34,000,000 records.  Elapsed time: 00:16:45s.  Time for last 1,000,000:   40s.  Last read position: chr16:38,599,674
INFO	2015-04-01 11:35:45	MarkDuplicates	Tracking 295194 as yet unmatched pairs. 5395 records in RAM.
INFO	2015-04-01 11:36:04	MarkDuplicates	Read    35,000,000 records.  Elapsed time: 00:17:06s.  Time for last 1,000,000:   20s.  Last read position: chr17:6,297,271
INFO	2015-04-01 11:36:04	MarkDuplicates	Tracking 300929 as yet unmatched pairs. 21210 records in RAM.
INFO	2015-04-01 11:36:31	MarkDuplicates	Read    36,000,000 records.  Elapsed time: 00:17:26s.  Time for last 1,000,000:   19s.  Last read position: chr17:24,720,365
INFO	2015-04-01 11:36:31	MarkDuplicates	Tracking 305769 as yet unmatched pairs. 20478 records in RAM.
INFO	2015-04-01 11:36:56	MarkDuplicates	Read    37,000,000 records.  Elapsed time: 00:17:52s.  Time for last 1,000,000:   26s.  Last read position: chr17:34,698,117
INFO	2015-04-01 11:36:56	MarkDuplicates	Tracking 304782 as yet unmatched pairs. 9198 records in RAM.
INFO	2015-04-01 11:37:41	MarkDuplicates	Read    38,000,000 records.  Elapsed time: 00:18:37s.  Time for last 1,000,000:   45s.  Last read position: chr17:51,811,551
INFO	2015-04-01 11:37:41	MarkDuplicates	Tracking 309646 as yet unmatched pairs. 5876 records in RAM.
INFO	2015-04-01 11:37:56	MarkDuplicates	Read    39,000,000 records.  Elapsed time: 00:18:57s.  Time for last 1,000,000:   19s.  Last read position: chr17:84,428,746
INFO	2015-04-01 11:37:56	MarkDuplicates	Tracking 311780 as yet unmatched pairs. 1299 records in RAM.
INFO	2015-04-01 11:38:29	MarkDuplicates	Read    40,000,000 records.  Elapsed time: 00:19:17s.  Time for last 1,000,000:   19s.  Last read position: chr18:35,800,128
INFO	2015-04-01 11:38:29	MarkDuplicates	Tracking 312103 as yet unmatched pairs. 8861 records in RAM.
INFO	2015-04-01 11:38:52	MarkDuplicates	Read    41,000,000 records.  Elapsed time: 00:19:47s.  Time for last 1,000,000:   30s.  Last read position: chr18:73,788,400
INFO	2015-04-01 11:38:52	MarkDuplicates	Tracking 317901 as yet unmatched pairs. 1299 records in RAM.
INFO	2015-04-01 11:39:34	MarkDuplicates	Read    42,000,000 records.  Elapsed time: 00:20:30s.  Time for last 1,000,000:   42s.  Last read position: chr19:6,388,341
INFO	2015-04-01 11:39:34	MarkDuplicates	Tracking 317491 as yet unmatched pairs. 10279 records in RAM.
INFO	2015-04-01 11:39:53	MarkDuplicates	Read    43,000,000 records.  Elapsed time: 00:20:50s.  Time for last 1,000,000:   20s.  Last read position: chr19:34,251,786
INFO	2015-04-01 11:39:53	MarkDuplicates	Tracking 325887 as yet unmatched pairs. 10488 records in RAM.
INFO	2015-04-01 11:40:21	MarkDuplicates	Read    44,000,000 records.  Elapsed time: 00:21:16s.  Time for last 1,000,000:   25s.  Last read position: chr19:60,781,360
INFO	2015-04-01 11:40:21	MarkDuplicates	Tracking 320001 as yet unmatched pairs. 677 records in RAM.
INFO	2015-04-01 11:40:46	MarkDuplicates	Read    45,000,000 records.  Elapsed time: 00:21:42s.  Time for last 1,000,000:   26s.  Last read position: chr2:30,004,521
INFO	2015-04-01 11:40:46	MarkDuplicates	Tracking 328429 as yet unmatched pairs. 26637 records in RAM.
INFO	2015-04-01 11:41:13	MarkDuplicates	Read    46,000,000 records.  Elapsed time: 00:22:06s.  Time for last 1,000,000:   23s.  Last read position: chr2:71,259,131
INFO	2015-04-01 11:41:13	MarkDuplicates	Tracking 327306 as yet unmatched pairs. 20523 records in RAM.
INFO	2015-04-01 11:41:58	MarkDuplicates	Read    47,000,000 records.  Elapsed time: 00:22:58s.  Time for last 1,000,000:   52s.  Last read position: chr2:91,123,642
INFO	2015-04-01 11:41:58	MarkDuplicates	Tracking 333932 as yet unmatched pairs. 21301 records in RAM.
INFO	2015-04-01 11:42:15	MarkDuplicates	Read    48,000,000 records.  Elapsed time: 00:23:11s.  Time for last 1,000,000:   13s.  Last read position: chr2:114,050,310
INFO	2015-04-01 11:42:15	MarkDuplicates	Tracking 368690 as yet unmatched pairs. 53800 records in RAM.
INFO	2015-04-01 11:42:46	MarkDuplicates	Read    49,000,000 records.  Elapsed time: 00:23:38s.  Time for last 1,000,000:   27s.  Last read position: chr2:130,283,814
INFO	2015-04-01 11:42:46	MarkDuplicates	Tracking 331873 as yet unmatched pairs. 12536 records in RAM.
INFO	2015-04-01 11:43:08	MarkDuplicates	Read    50,000,000 records.  Elapsed time: 00:24:06s.  Time for last 1,000,000:   28s.  Last read position: chr2:157,097,756
INFO	2015-04-01 11:43:08	MarkDuplicates	Tracking 327954 as yet unmatched pairs. 4331 records in RAM.
INFO	2015-04-01 11:43:25	MarkDuplicates	Read    51,000,000 records.  Elapsed time: 00:24:22s.  Time for last 1,000,000:   16s.  Last read position: chr2:180,257,992
INFO	2015-04-01 11:43:25	MarkDuplicates	Tracking 332955 as yet unmatched pairs. 4636 records in RAM.
INFO	2015-04-01 11:44:25	MarkDuplicates	Read    52,000,000 records.  Elapsed time: 00:25:17s.  Time for last 1,000,000:   54s.  Last read position: chr3:54,481,525
INFO	2015-04-01 11:44:25	MarkDuplicates	Tracking 321727 as yet unmatched pairs. 27613 records in RAM.
INFO	2015-04-01 11:44:38	MarkDuplicates	Read    53,000,000 records.  Elapsed time: 00:25:38s.  Time for last 1,000,000:   21s.  Last read position: chr3:93,564,401
INFO	2015-04-01 11:44:38	MarkDuplicates	Tracking 315346 as yet unmatched pairs. 15744 records in RAM.
INFO	2015-04-01 11:44:57	MarkDuplicates	Read    54,000,000 records.  Elapsed time: 00:25:57s.  Time for last 1,000,000:   18s.  Last read position: chr3:116,570,066
INFO	2015-04-01 11:44:57	MarkDuplicates	Tracking 311856 as yet unmatched pairs. 9580 records in RAM.
INFO	2015-04-01 11:45:24	MarkDuplicates	Read    55,000,000 records.  Elapsed time: 00:26:15s.  Time for last 1,000,000:   18s.  Last read position: chr4:3,940,974
INFO	2015-04-01 11:45:24	MarkDuplicates	Tracking 312989 as yet unmatched pairs. 42861 records in RAM.
INFO	2015-04-01 11:45:47	MarkDuplicates	Read    56,000,000 records.  Elapsed time: 00:26:46s.  Time for last 1,000,000:   30s.  Last read position: chr4:56,876,461
INFO	2015-04-01 11:45:47	MarkDuplicates	Tracking 310894 as yet unmatched pairs. 34849 records in RAM.
INFO	2015-04-01 11:46:37	MarkDuplicates	Read    57,000,000 records.  Elapsed time: 00:27:37s.  Time for last 1,000,000:   50s.  Last read position: chr4:117,699,328
INFO	2015-04-01 11:46:37	MarkDuplicates	Tracking 310625 as yet unmatched pairs. 26960 records in RAM.
INFO	2015-04-01 11:46:59	MarkDuplicates	Read    58,000,000 records.  Elapsed time: 00:27:52s.  Time for last 1,000,000:   14s.  Last read position: chr4:133,965,977
INFO	2015-04-01 11:46:59	MarkDuplicates	Tracking 309217 as yet unmatched pairs. 20139 records in RAM.
INFO	2015-04-01 11:47:25	MarkDuplicates	Read    59,000,000 records.  Elapsed time: 00:28:17s.  Time for last 1,000,000:   25s.  Last read position: chr4:148,001,872
INFO	2015-04-01 11:47:25	MarkDuplicates	Tracking 309316 as yet unmatched pairs. 14749 records in RAM.
INFO	2015-04-01 11:47:53	MarkDuplicates	Read    60,000,000 records.  Elapsed time: 00:28:51s.  Time for last 1,000,000:   33s.  Last read position: chr5:23,743,538
INFO	2015-04-01 11:47:53	MarkDuplicates	Tracking 305177 as yet unmatched pairs. 36767 records in RAM.
INFO	2015-04-01 11:48:08	MarkDuplicates	Read    61,000,000 records.  Elapsed time: 00:29:08s.  Time for last 1,000,000:   16s.  Last read position: chr5:65,390,781
INFO	2015-04-01 11:48:08	MarkDuplicates	Tracking 303535 as yet unmatched pairs. 31846 records in RAM.
INFO	2015-04-01 11:48:22	MarkDuplicates	Read    62,000,000 records.  Elapsed time: 00:29:24s.  Time for last 1,000,000:   16s.  Last read position: chr5:113,743,076
INFO	2015-04-01 11:48:22	MarkDuplicates	Tracking 300305 as yet unmatched pairs. 21816 records in RAM.
INFO	2015-04-01 11:49:17	MarkDuplicates	Read    63,000,000 records.  Elapsed time: 00:30:18s.  Time for last 1,000,000:   53s.  Last read position: chr5:122,174,116
INFO	2015-04-01 11:49:17	MarkDuplicates	Tracking 300310 as yet unmatched pairs. 15294 records in RAM.
INFO	2015-04-01 11:49:35	MarkDuplicates	Read    64,000,000 records.  Elapsed time: 00:30:31s.  Time for last 1,000,000:   12s.  Last read position: chr5:134,718,101
INFO	2015-04-01 11:49:35	MarkDuplicates	Tracking 297263 as yet unmatched pairs. 10506 records in RAM.
INFO	2015-04-01 11:49:58	MarkDuplicates	Read    65,000,000 records.  Elapsed time: 00:30:55s.  Time for last 1,000,000:   24s.  Last read position: chr6:4,515,239
INFO	2015-04-01 11:49:58	MarkDuplicates	Tracking 288021 as yet unmatched pairs. 55908 records in RAM.
INFO	2015-04-01 11:50:22	MarkDuplicates	Read    66,000,000 records.  Elapsed time: 00:31:20s.  Time for last 1,000,000:   24s.  Last read position: chr6:39,802,236
INFO	2015-04-01 11:50:22	MarkDuplicates	Tracking 278755 as yet unmatched pairs. 42693 records in RAM.
INFO	2015-04-01 11:50:44	MarkDuplicates	Read    67,000,000 records.  Elapsed time: 00:31:41s.  Time for last 1,000,000:   21s.  Last read position: chr6:86,445,448
INFO	2015-04-01 11:50:44	MarkDuplicates	Tracking 272636 as yet unmatched pairs. 33030 records in RAM.
INFO	2015-04-01 11:51:01	MarkDuplicates	Read    68,000,000 records.  Elapsed time: 00:32:00s.  Time for last 1,000,000:   19s.  Last read position: chr6:124,811,107
INFO	2015-04-01 11:51:01	MarkDuplicates	Tracking 272276 as yet unmatched pairs. 30941 records in RAM.
INFO	2015-04-01 11:51:17	MarkDuplicates	Read    69,000,000 records.  Elapsed time: 00:32:16s.  Time for last 1,000,000:   15s.  Last read position: chr6:135,225,225
INFO	2015-04-01 11:51:17	MarkDuplicates	Tracking 252105 as yet unmatched pairs. 3644 records in RAM.
INFO	2015-04-01 11:52:19	MarkDuplicates	Read    70,000,000 records.  Elapsed time: 00:33:19s.  Time for last 1,000,000:   63s.  Last read position: chr7:16,917,625
INFO	2015-04-01 11:52:19	MarkDuplicates	Tracking 247155 as yet unmatched pairs. 55432 records in RAM.
INFO	2015-04-01 11:52:40	MarkDuplicates	Read    71,000,000 records.  Elapsed time: 00:33:37s.  Time for last 1,000,000:   18s.  Last read position: chr7:34,220,651
INFO	2015-04-01 11:52:40	MarkDuplicates	Tracking 241762 as yet unmatched pairs. 47447 records in RAM.
INFO	2015-04-01 11:52:56	MarkDuplicates	Read    72,000,000 records.  Elapsed time: 00:33:54s.  Time for last 1,000,000:   16s.  Last read position: chr7:65,697,781
INFO	2015-04-01 11:52:56	MarkDuplicates	Tracking 227966 as yet unmatched pairs. 31861 records in RAM.
INFO	2015-04-01 11:53:22	MarkDuplicates	Read    73,000,000 records.  Elapsed time: 00:34:21s.  Time for last 1,000,000:   27s.  Last read position: chr7:102,227,310
INFO	2015-04-01 11:53:22	MarkDuplicates	Tracking 219443 as yet unmatched pairs. 22292 records in RAM.
INFO	2015-04-01 11:53:40	MarkDuplicates	Read    74,000,000 records.  Elapsed time: 00:34:36s.  Time for last 1,000,000:   14s.  Last read position: chr7:111,077,731
INFO	2015-04-01 11:53:40	MarkDuplicates	Tracking 216203 as yet unmatched pairs. 18451 records in RAM.
INFO	2015-04-01 11:54:36	MarkDuplicates	Read    75,000,000 records.  Elapsed time: 00:35:14s.  Time for last 1,000,000:   37s.  Last read position: chr7:127,975,152
INFO	2015-04-01 11:54:36	MarkDuplicates	Tracking 209488 as yet unmatched pairs. 9506 records in RAM.
INFO	2015-04-01 11:55:02	MarkDuplicates	Read    76,000,000 records.  Elapsed time: 00:35:59s.  Time for last 1,000,000:   44s.  Last read position: chr7:142,577,192
INFO	2015-04-01 11:55:02	MarkDuplicates	Tracking 221661 as yet unmatched pairs. 20109 records in RAM.
INFO	2015-04-01 11:56:37	MarkDuplicates	Read    77,000,000 records.  Elapsed time: 00:37:23s.  Time for last 1,000,000:   84s.  Last read position: chr8:11,354,309
INFO	2015-04-01 11:56:37	MarkDuplicates	Tracking 198777 as yet unmatched pairs. 53480 records in RAM.
INFO	2015-04-01 11:56:55	MarkDuplicates	Read    78,000,000 records.  Elapsed time: 00:37:53s.  Time for last 1,000,000:   29s.  Last read position: chr8:45,823,834
INFO	2015-04-01 11:56:55	MarkDuplicates	Tracking 193672 as yet unmatched pairs. 47582 records in RAM.
INFO	2015-04-01 11:57:23	MarkDuplicates	Read    79,000,000 records.  Elapsed time: 00:38:11s.  Time for last 1,000,000:   18s.  Last read position: chr8:75,124,805
INFO	2015-04-01 11:57:23	MarkDuplicates	Tracking 175364 as yet unmatched pairs. 27355 records in RAM.
INFO	2015-04-01 11:57:42	MarkDuplicates	Read    80,000,000 records.  Elapsed time: 00:38:39s.  Time for last 1,000,000:   28s.  Last read position: chr8:105,913,402
INFO	2015-04-01 11:57:42	MarkDuplicates	Tracking 161111 as yet unmatched pairs. 12176 records in RAM.
INFO	2015-04-01 11:58:10	MarkDuplicates	Read    81,000,000 records.  Elapsed time: 00:39:11s.  Time for last 1,000,000:   31s.  Last read position: chr9:7,189,237
INFO	2015-04-01 11:58:10	MarkDuplicates	Tracking 151716 as yet unmatched pairs. 77254 records in RAM.
INFO	2015-04-01 11:58:27	MarkDuplicates	Read    82,000,000 records.  Elapsed time: 00:39:26s.  Time for last 1,000,000:   14s.  Last read position: chr9:44,336,577
INFO	2015-04-01 11:58:27	MarkDuplicates	Tracking 132003 as yet unmatched pairs. 57243 records in RAM.
INFO	2015-04-01 11:58:47	MarkDuplicates	Read    83,000,000 records.  Elapsed time: 00:39:44s.  Time for last 1,000,000:   18s.  Last read position: chr9:61,414,718
INFO	2015-04-01 11:58:47	MarkDuplicates	Tracking 126656 as yet unmatched pairs. 47890 records in RAM.
INFO	2015-04-01 11:59:05	MarkDuplicates	Read    84,000,000 records.  Elapsed time: 00:40:02s.  Time for last 1,000,000:   17s.  Last read position: chr9:72,749,291
INFO	2015-04-01 11:59:05	MarkDuplicates	Tracking 122180 as yet unmatched pairs. 43163 records in RAM.
INFO	2015-04-01 12:00:44	MarkDuplicates	Read    85,000,000 records.  Elapsed time: 00:41:45s.  Time for last 1,000,000:  103s.  Last read position: chr9:96,895,632
INFO	2015-04-01 12:00:44	MarkDuplicates	Tracking 112167 as yet unmatched pairs. 32908 records in RAM.
INFO	2015-04-01 12:01:07	MarkDuplicates	Read    86,000,000 records.  Elapsed time: 00:42:06s.  Time for last 1,000,000:   20s.  Last read position: chr9:110,767,958
INFO	2015-04-01 12:01:07	MarkDuplicates	Tracking 114554 as yet unmatched pairs. 35058 records in RAM.
INFO	2015-04-01 12:01:24	MarkDuplicates	Read    87,000,000 records.  Elapsed time: 00:42:23s.  Time for last 1,000,000:   17s.  Last read position: chrM:3,364
INFO	2015-04-01 12:01:24	MarkDuplicates	Tracking 102954 as yet unmatched pairs. 56463 records in RAM.
INFO	2015-04-01 12:01:39	MarkDuplicates	Read    88,000,000 records.  Elapsed time: 00:42:39s.  Time for last 1,000,000:   15s.  Last read position: chrM:6,131
INFO	2015-04-01 12:01:39	MarkDuplicates	Tracking 151868 as yet unmatched pairs. 105324 records in RAM.
INFO	2015-04-01 12:02:06	MarkDuplicates	Read    89,000,000 records.  Elapsed time: 00:43:08s.  Time for last 1,000,000:   29s.  Last read position: chrM:7,283
INFO	2015-04-01 12:02:06	MarkDuplicates	Tracking 133121 as yet unmatched pairs. 86540 records in RAM.
INFO	2015-04-01 12:02:23	MarkDuplicates	Read    90,000,000 records.  Elapsed time: 00:43:21s.  Time for last 1,000,000:   12s.  Last read position: chrM:8,906
INFO	2015-04-01 12:02:23	MarkDuplicates	Tracking 114223 as yet unmatched pairs. 67600 records in RAM.
INFO	2015-04-01 12:02:37	MarkDuplicates	Read    91,000,000 records.  Elapsed time: 00:43:39s.  Time for last 1,000,000:   17s.  Last read position: chrM:12,978
INFO	2015-04-01 12:02:37	MarkDuplicates	Tracking 64034 as yet unmatched pairs. 17362 records in RAM.
INFO	2015-04-01 12:02:53	MarkDuplicates	Read    92,000,000 records.  Elapsed time: 00:43:54s.  Time for last 1,000,000:   15s.  Last read position: chrX:33,841,993
INFO	2015-04-01 12:02:53	MarkDuplicates	Tracking 41639 as yet unmatched pairs. 37636 records in RAM.
INFO	2015-04-01 12:03:16	MarkDuplicates	Read    93,000,000 records.  Elapsed time: 00:44:09s.  Time for last 1,000,000:   15s.  Last read position: chrX:95,952,165
INFO	2015-04-01 12:03:16	MarkDuplicates	Tracking 26412 as yet unmatched pairs. 22373 records in RAM.
INFO	2015-04-01 12:04:37	MarkDuplicates	Read    94,000,000 records.  Elapsed time: 00:45:35s.  Time for last 1,000,000:   86s.  Last read position: chrX:150,812,679
INFO	2015-04-01 12:04:37	MarkDuplicates	Tracking 9912 as yet unmatched pairs. 5814 records in RAM.
INFO	2015-04-01 12:04:43	MarkDuplicates	Read 94491819 records. 0 pairs never matched.
INFO	2015-04-01 12:05:17	MarkDuplicates	After buildSortedReadEndLists freeMemory: 14417952048; totalMemory: 25286410240; maxMemory: 38177538048
INFO	2015-04-01 12:05:17	MarkDuplicates	Will retain up to 1193048064 duplicate indices before spilling to disk.
INFO	2015-04-01 12:05:21	MarkDuplicates	Traversing read pair information and detecting duplicates.
INFO	2015-04-01 12:06:14	MarkDuplicates	Traversing fragment information and detecting duplicates.
INFO	2015-04-01 12:07:51	MarkDuplicates	Sorting list of duplicate records.
INFO	2015-04-01 12:10:42	MarkDuplicates	After generateDuplicateIndexes freeMemory: 24553115928; totalMemory: 34281291776; maxMemory: 38177538048
INFO	2015-04-01 12:10:42	MarkDuplicates	Marking 17697676 records as duplicates.
INFO	2015-04-01 12:10:42	MarkDuplicates	Found 5387678 optical duplicate clusters.
INFO	2015-04-01 12:17:46	MarkDuplicates	Written    10,000,000 records.  Elapsed time: 00:07:02s.  Time for last 10,000,000:  422s.  Last read position: chr11:3,897,080
INFO	2015-04-01 12:23:29	MarkDuplicates	Written    20,000,000 records.  Elapsed time: 00:12:43s.  Time for last 10,000,000:  340s.  Last read position: chr12:100,206,148
INFO	2015-04-01 12:30:14	MarkDuplicates	Written    30,000,000 records.  Elapsed time: 00:19:31s.  Time for last 10,000,000:  407s.  Last read position: chr15:76,071,518
INFO	2015-04-01 12:36:42	MarkDuplicates	Written    40,000,000 records.  Elapsed time: 00:26:00s.  Time for last 10,000,000:  389s.  Last read position: chr18:35,800,128
INFO	2015-04-01 12:43:17	MarkDuplicates	Written    50,000,000 records.  Elapsed time: 00:32:35s.  Time for last 10,000,000:  395s.  Last read position: chr2:157,097,756
INFO	2015-04-01 12:51:01	MarkDuplicates	Written    60,000,000 records.  Elapsed time: 00:40:19s.  Time for last 10,000,000:  464s.  Last read position: chr5:23,743,538
INFO	2015-04-01 12:58:54	MarkDuplicates	Written    70,000,000 records.  Elapsed time: 00:48:11s.  Time for last 10,000,000:  472s.  Last read position: chr7:16,917,625
INFO	2015-04-01 13:06:29	MarkDuplicates	Written    80,000,000 records.  Elapsed time: 00:55:47s.  Time for last 10,000,000:  455s.  Last read position: chr8:105,913,402
INFO	2015-04-01 13:13:44	MarkDuplicates	Written    90,000,000 records.  Elapsed time: 01:03:02s.  Time for last 10,000,000:  435s.  Last read position: chrM:8,906
INFO	2015-04-01 13:16:41	MarkDuplicates	Before output close freeMemory: 34367761304; totalMemory: 34640232448; maxMemory: 38177538048
INFO	2015-04-01 13:16:49	MarkDuplicates	After output close freeMemory: 34611555080; totalMemory: 34884026368; maxMemory: 38177538048
[Wed Apr 01 13:16:49 EDT 2015] net.sf.picard.sam.MarkDuplicates done. Elapsed time: 117.89 minutes.
Runtime.totalMemory()=34884026368
