[Wed Apr 01 11:33:15 EDT 2015] net.sf.picard.sam.MarkDuplicates INPUT=[/n/rinn_data1/users/agroff/seq/OtherMice/Diana/lincP21/bam/JR933/accepted_hits_sorted_picard.bam] OUTPUT=/n/rinn_data1/users/agroff/seq/OtherMice/Diana/lincP21/bam/JR933/accepted_hits_sorted_duplicates_marked.bam METRICS_FILE=dup_metrics.txt    PROGRAM_RECORD_ID=MarkDuplicates PROGRAM_GROUP_NAME=MarkDuplicates REMOVE_DUPLICATES=false ASSUME_SORTED=false MAX_SEQUENCES_FOR_DISK_READ_ENDS_MAP=50000 MAX_FILE_HANDLES_FOR_READ_ENDS_MAP=8000 SORTING_COLLECTION_SIZE_RATIO=0.25 READ_NAME_REGEX=[a-zA-Z0-9]+:[0-9]:([0-9]+):([0-9]+):([0-9]+).* OPTICAL_DUPLICATE_PIXEL_DISTANCE=100 VERBOSITY=INFO QUIET=false VALIDATION_STRINGENCY=STRICT COMPRESSION_LEVEL=5 MAX_RECORDS_IN_RAM=500000 CREATE_INDEX=false CREATE_MD5_FILE=false
[Wed Apr 01 11:33:15 EDT 2015] Executing as agroff@holy2a09304.rc.fas.harvard.edu on Linux 2.6.32-431.17.1.el6.x86_64 amd64; Java HotSpot(TM) 64-Bit Server VM 1.6.0_11-b03; Picard version: 1.98(1547)
INFO	2015-04-01 11:33:16	MarkDuplicates	Start of doWork freeMemory: 8608152; totalMemory: 9109504; maxMemory: 38177538048
INFO	2015-04-01 11:33:16	MarkDuplicates	Reading input file and constructing read end information.
INFO	2015-04-01 11:33:16	MarkDuplicates	Will retain up to 151498166 data points before spilling to disk.
INFO	2015-04-01 11:34:33	MarkDuplicates	Read     1,000,000 records.  Elapsed time: 00:01:03s.  Time for last 1,000,000:   63s.  Last read position: chr1:57,384,268
INFO	2015-04-01 11:34:33	MarkDuplicates	Tracking 28016 as yet unmatched pairs. 408 records in RAM.
INFO	2015-04-01 11:35:09	MarkDuplicates	Read     2,000,000 records.  Elapsed time: 00:01:44s.  Time for last 1,000,000:   40s.  Last read position: chr1:87,443,719
INFO	2015-04-01 11:35:09	MarkDuplicates	Tracking 38056 as yet unmatched pairs. 434 records in RAM.
INFO	2015-04-01 11:35:48	MarkDuplicates	Read     3,000,000 records.  Elapsed time: 00:02:20s.  Time for last 1,000,000:   36s.  Last read position: chr1:155,098,189
INFO	2015-04-01 11:35:48	MarkDuplicates	Tracking 54425 as yet unmatched pairs. 337 records in RAM.
INFO	2015-04-01 11:36:32	MarkDuplicates	Read     4,000,000 records.  Elapsed time: 00:03:03s.  Time for last 1,000,000:   43s.  Last read position: chr1:183,287,831
INFO	2015-04-01 11:36:32	MarkDuplicates	Tracking 63921 as yet unmatched pairs. 127 records in RAM.
INFO	2015-04-01 11:37:07	MarkDuplicates	Read     5,000,000 records.  Elapsed time: 00:03:39s.  Time for last 1,000,000:   35s.  Last read position: chr10:43,583,791
INFO	2015-04-01 11:37:07	MarkDuplicates	Tracking 90202 as yet unmatched pairs. 7469 records in RAM.
INFO	2015-04-01 11:37:40	MarkDuplicates	Read     6,000,000 records.  Elapsed time: 00:04:16s.  Time for last 1,000,000:   36s.  Last read position: chr10:80,667,051
INFO	2015-04-01 11:37:40	MarkDuplicates	Tracking 93091 as yet unmatched pairs. 3743 records in RAM.
INFO	2015-04-01 11:38:19	MarkDuplicates	Read     7,000,000 records.  Elapsed time: 00:04:51s.  Time for last 1,000,000:   35s.  Last read position: chr10:117,345,128
INFO	2015-04-01 11:38:19	MarkDuplicates	Tracking 102705 as yet unmatched pairs. 637 records in RAM.
INFO	2015-04-01 11:38:58	MarkDuplicates	Read     8,000,000 records.  Elapsed time: 00:05:27s.  Time for last 1,000,000:   36s.  Last read position: chr11:5,718,099
INFO	2015-04-01 11:38:58	MarkDuplicates	Tracking 115377 as yet unmatched pairs. 6535 records in RAM.
INFO	2015-04-01 11:39:37	MarkDuplicates	Read     9,000,000 records.  Elapsed time: 00:06:12s.  Time for last 1,000,000:   45s.  Last read position: chr11:32,283,698
INFO	2015-04-01 11:39:37	MarkDuplicates	Tracking 210230 as yet unmatched pairs. 85949 records in RAM.
INFO	2015-04-01 11:40:11	MarkDuplicates	Read    10,000,000 records.  Elapsed time: 00:06:39s.  Time for last 1,000,000:   26s.  Last read position: chr11:32,283,762
INFO	2015-04-01 11:40:11	MarkDuplicates	Tracking 574773 as yet unmatched pairs. 450076 records in RAM.
INFO	2015-04-01 11:40:38	MarkDuplicates	Read    11,000,000 records.  Elapsed time: 00:07:16s.  Time for last 1,000,000:   36s.  Last read position: chr11:32,283,962
INFO	2015-04-01 11:40:38	MarkDuplicates	Tracking 605731 as yet unmatched pairs. 480367 records in RAM.
INFO	2015-04-01 11:41:07	MarkDuplicates	Read    12,000,000 records.  Elapsed time: 00:07:36s.  Time for last 1,000,000:   20s.  Last read position: chr11:32,284,050
INFO	2015-04-01 11:41:07	MarkDuplicates	Tracking 875965 as yet unmatched pairs. 750046 records in RAM.
INFO	2015-04-01 11:41:38	MarkDuplicates	Read    13,000,000 records.  Elapsed time: 00:08:12s.  Time for last 1,000,000:   35s.  Last read position: chr11:32,284,117
INFO	2015-04-01 11:41:38	MarkDuplicates	Tracking 987862 as yet unmatched pairs. 861282 records in RAM.
INFO	2015-04-01 11:41:58	MarkDuplicates	Read    14,000,000 records.  Elapsed time: 00:08:36s.  Time for last 1,000,000:   24s.  Last read position: chr11:32,284,353
INFO	2015-04-01 11:41:58	MarkDuplicates	Tracking 978222 as yet unmatched pairs. 850771 records in RAM.
INFO	2015-04-01 11:42:35	MarkDuplicates	Read    15,000,000 records.  Elapsed time: 00:09:04s.  Time for last 1,000,000:   27s.  Last read position: chr11:32,296,549
INFO	2015-04-01 11:42:35	MarkDuplicates	Tracking 1067703 as yet unmatched pairs. 939621 records in RAM.
INFO	2015-04-01 11:43:02	MarkDuplicates	Read    16,000,000 records.  Elapsed time: 00:09:31s.  Time for last 1,000,000:   26s.  Last read position: chr11:32,296,756
INFO	2015-04-01 11:43:02	MarkDuplicates	Tracking 877453 as yet unmatched pairs. 748785 records in RAM.
INFO	2015-04-01 11:43:16	MarkDuplicates	Read    17,000,000 records.  Elapsed time: 00:09:57s.  Time for last 1,000,000:   25s.  Last read position: chr11:32,296,842
INFO	2015-04-01 11:43:16	MarkDuplicates	Tracking 840476 as yet unmatched pairs. 711253 records in RAM.
INFO	2015-04-01 11:43:45	MarkDuplicates	Read    18,000,000 records.  Elapsed time: 00:10:15s.  Time for last 1,000,000:   17s.  Last read position: chr11:32,296,914
INFO	2015-04-01 11:43:45	MarkDuplicates	Tracking 635364 as yet unmatched pairs. 505551 records in RAM.
INFO	2015-04-01 11:44:06	MarkDuplicates	Read    19,000,000 records.  Elapsed time: 00:10:46s.  Time for last 1,000,000:   31s.  Last read position: chr11:32,297,143
INFO	2015-04-01 11:44:06	MarkDuplicates	Tracking 459859 as yet unmatched pairs. 329372 records in RAM.
INFO	2015-04-01 11:44:37	MarkDuplicates	Read    20,000,000 records.  Elapsed time: 00:11:17s.  Time for last 1,000,000:   30s.  Last read position: chr11:33,161,577
INFO	2015-04-01 11:44:37	MarkDuplicates	Tracking 151373 as yet unmatched pairs. 16971 records in RAM.
INFO	2015-04-01 11:45:19	MarkDuplicates	Read    21,000,000 records.  Elapsed time: 00:11:42s.  Time for last 1,000,000:   25s.  Last read position: chr11:62,321,198
INFO	2015-04-01 11:45:19	MarkDuplicates	Tracking 146774 as yet unmatched pairs. 5665 records in RAM.
INFO	2015-04-01 11:46:19	MarkDuplicates	Read    22,000,000 records.  Elapsed time: 00:12:33s.  Time for last 1,000,000:   51s.  Last read position: chr11:75,441,892
INFO	2015-04-01 11:46:19	MarkDuplicates	Tracking 150257 as yet unmatched pairs. 5195 records in RAM.
INFO	2015-04-01 11:47:01	MarkDuplicates	Read    23,000,000 records.  Elapsed time: 00:13:31s.  Time for last 1,000,000:   57s.  Last read position: chr11:95,021,266
INFO	2015-04-01 11:47:01	MarkDuplicates	Tracking 157819 as yet unmatched pairs. 2423 records in RAM.
INFO	2015-04-01 11:47:42	MarkDuplicates	Read    24,000,000 records.  Elapsed time: 00:14:14s.  Time for last 1,000,000:   42s.  Last read position: chr11:102,349,776
INFO	2015-04-01 11:47:42	MarkDuplicates	Tracking 172455 as yet unmatched pairs. 5319 records in RAM.
INFO	2015-04-01 11:48:24	MarkDuplicates	Read    25,000,000 records.  Elapsed time: 00:14:49s.  Time for last 1,000,000:   34s.  Last read position: chr11:117,852,720
INFO	2015-04-01 11:48:24	MarkDuplicates	Tracking 179723 as yet unmatched pairs. 1845 records in RAM.
INFO	2015-04-01 11:49:17	MarkDuplicates	Read    26,000,000 records.  Elapsed time: 00:15:35s.  Time for last 1,000,000:   46s.  Last read position: chr12:28,635,441
INFO	2015-04-01 11:49:17	MarkDuplicates	Tracking 202669 as yet unmatched pairs. 13738 records in RAM.
INFO	2015-04-01 11:50:10	MarkDuplicates	Read    27,000,000 records.  Elapsed time: 00:16:32s.  Time for last 1,000,000:   56s.  Last read position: chr12:80,634,266
INFO	2015-04-01 11:50:10	MarkDuplicates	Tracking 216685 as yet unmatched pairs. 6144 records in RAM.
INFO	2015-04-01 11:50:36	MarkDuplicates	Read    28,000,000 records.  Elapsed time: 00:17:12s.  Time for last 1,000,000:   39s.  Last read position: chr12:103,899,017
INFO	2015-04-01 11:50:36	MarkDuplicates	Tracking 227395 as yet unmatched pairs. 11327 records in RAM.
INFO	2015-04-01 11:51:19	MarkDuplicates	Read    29,000,000 records.  Elapsed time: 00:17:42s.  Time for last 1,000,000:   29s.  Last read position: chr13:9,685,677
INFO	2015-04-01 11:51:19	MarkDuplicates	Tracking 226641 as yet unmatched pairs. 11479 records in RAM.
INFO	2015-04-01 11:52:01	MarkDuplicates	Read    30,000,000 records.  Elapsed time: 00:18:36s.  Time for last 1,000,000:   54s.  Last read position: chr13:58,392,052
INFO	2015-04-01 11:52:01	MarkDuplicates	Tracking 242564 as yet unmatched pairs. 9389 records in RAM.
INFO	2015-04-01 11:52:34	MarkDuplicates	Read    31,000,000 records.  Elapsed time: 00:19:06s.  Time for last 1,000,000:   30s.  Last read position: chr13:100,783,543
INFO	2015-04-01 11:52:34	MarkDuplicates	Tracking 266127 as yet unmatched pairs. 1381 records in RAM.
INFO	2015-04-01 11:52:53	MarkDuplicates	Read    32,000,000 records.  Elapsed time: 00:19:33s.  Time for last 1,000,000:   26s.  Last read position: chr14:32,176,589
INFO	2015-04-01 11:52:53	MarkDuplicates	Tracking 282796 as yet unmatched pairs. 18866 records in RAM.
INFO	2015-04-01 11:53:37	MarkDuplicates	Read    33,000,000 records.  Elapsed time: 00:20:08s.  Time for last 1,000,000:   34s.  Last read position: chr14:67,677,260
INFO	2015-04-01 11:53:37	MarkDuplicates	Tracking 285377 as yet unmatched pairs. 9920 records in RAM.
INFO	2015-04-01 11:53:59	MarkDuplicates	Read    34,000,000 records.  Elapsed time: 00:20:34s.  Time for last 1,000,000:   26s.  Last read position: chr14:104,506,294
INFO	2015-04-01 11:53:59	MarkDuplicates	Tracking 295644 as yet unmatched pairs. 4756 records in RAM.
INFO	2015-04-01 11:54:31	MarkDuplicates	Read    35,000,000 records.  Elapsed time: 00:21:09s.  Time for last 1,000,000:   34s.  Last read position: chr15:58,028,922
INFO	2015-04-01 11:54:31	MarkDuplicates	Tracking 294232 as yet unmatched pairs. 4077 records in RAM.
INFO	2015-04-01 11:54:47	MarkDuplicates	Read    36,000,000 records.  Elapsed time: 00:21:27s.  Time for last 1,000,000:   18s.  Last read position: chr15:82,017,112
INFO	2015-04-01 11:54:47	MarkDuplicates	Tracking 296722 as yet unmatched pairs. 2546 records in RAM.
INFO	2015-04-01 11:55:28	MarkDuplicates	Read    37,000,000 records.  Elapsed time: 00:22:00s.  Time for last 1,000,000:   33s.  Last read position: chr15:99,037,676
INFO	2015-04-01 11:55:28	MarkDuplicates	Tracking 303532 as yet unmatched pairs. 3603 records in RAM.
INFO	2015-04-01 11:55:57	MarkDuplicates	Read    38,000,000 records.  Elapsed time: 00:22:29s.  Time for last 1,000,000:   28s.  Last read position: chr16:20,286,950
INFO	2015-04-01 11:55:57	MarkDuplicates	Tracking 311625 as yet unmatched pairs. 6548 records in RAM.
INFO	2015-04-01 11:56:18	MarkDuplicates	Read    39,000,000 records.  Elapsed time: 00:22:59s.  Time for last 1,000,000:   30s.  Last read position: chr16:57,155,905
INFO	2015-04-01 11:56:18	MarkDuplicates	Tracking 316112 as yet unmatched pairs. 2702 records in RAM.
INFO	2015-04-01 11:56:42	MarkDuplicates	Read    40,000,000 records.  Elapsed time: 00:23:16s.  Time for last 1,000,000:   16s.  Last read position: chr17:23,734,991
INFO	2015-04-01 11:56:42	MarkDuplicates	Tracking 322908 as yet unmatched pairs. 28787 records in RAM.
INFO	2015-04-01 11:57:27	MarkDuplicates	Read    41,000,000 records.  Elapsed time: 00:24:04s.  Time for last 1,000,000:   48s.  Last read position: chr17:28,838,130
INFO	2015-04-01 11:57:27	MarkDuplicates	Tracking 327582 as yet unmatched pairs. 18284 records in RAM.
INFO	2015-04-01 11:57:58	MarkDuplicates	Read    42,000,000 records.  Elapsed time: 00:24:30s.  Time for last 1,000,000:   26s.  Last read position: chr17:39,846,382
INFO	2015-04-01 11:57:58	MarkDuplicates	Tracking 327572 as yet unmatched pairs. 10481 records in RAM.
INFO	2015-04-01 11:58:24	MarkDuplicates	Read    43,000,000 records.  Elapsed time: 00:25:04s.  Time for last 1,000,000:   33s.  Last read position: chr17:80,030,096
INFO	2015-04-01 11:58:24	MarkDuplicates	Tracking 333267 as yet unmatched pairs. 2694 records in RAM.
INFO	2015-04-01 11:58:50	MarkDuplicates	Read    44,000,000 records.  Elapsed time: 00:25:26s.  Time for last 1,000,000:   22s.  Last read position: chr18:39,411,082
INFO	2015-04-01 11:58:50	MarkDuplicates	Tracking 331418 as yet unmatched pairs. 10952 records in RAM.
INFO	2015-04-01 11:59:33	MarkDuplicates	Read    45,000,000 records.  Elapsed time: 00:26:12s.  Time for last 1,000,000:   46s.  Last read position: chr18:82,657,050
INFO	2015-04-01 11:59:33	MarkDuplicates	Tracking 331435 as yet unmatched pairs. 844 records in RAM.
INFO	2015-04-01 12:00:04	MarkDuplicates	Read    46,000,000 records.  Elapsed time: 00:26:38s.  Time for last 1,000,000:   25s.  Last read position: chr19:9,984,619
INFO	2015-04-01 12:00:04	MarkDuplicates	Tracking 346007 as yet unmatched pairs. 24910 records in RAM.
INFO	2015-04-01 12:00:35	MarkDuplicates	Read    47,000,000 records.  Elapsed time: 00:27:11s.  Time for last 1,000,000:   32s.  Last read position: chr19:46,303,949
INFO	2015-04-01 12:00:35	MarkDuplicates	Tracking 336997 as yet unmatched pairs. 7334 records in RAM.
INFO	2015-04-01 12:00:52	MarkDuplicates	Read    48,000,000 records.  Elapsed time: 00:27:32s.  Time for last 1,000,000:   21s.  Last read position: chr2:26,911,468
INFO	2015-04-01 12:00:52	MarkDuplicates	Tracking 344661 as yet unmatched pairs. 38201 records in RAM.
INFO	2015-04-01 12:01:21	MarkDuplicates	Read    49,000,000 records.  Elapsed time: 00:27:49s.  Time for last 1,000,000:   16s.  Last read position: chr2:69,741,496
INFO	2015-04-01 12:01:21	MarkDuplicates	Tracking 338973 as yet unmatched pairs. 22563 records in RAM.
INFO	2015-04-01 12:02:28	MarkDuplicates	Read    50,000,000 records.  Elapsed time: 00:28:57s.  Time for last 1,000,000:   68s.  Last read position: chr2:105,009,331
INFO	2015-04-01 12:02:28	MarkDuplicates	Tracking 345114 as yet unmatched pairs. 18275 records in RAM.
INFO	2015-04-01 12:03:15	MarkDuplicates	Read    51,000,000 records.  Elapsed time: 00:29:41s.  Time for last 1,000,000:   43s.  Last read position: chr2:132,806,762
INFO	2015-04-01 12:03:15	MarkDuplicates	Tracking 339652 as yet unmatched pairs. 8864 records in RAM.
INFO	2015-04-01 12:03:57	MarkDuplicates	Read    52,000,000 records.  Elapsed time: 00:30:35s.  Time for last 1,000,000:   54s.  Last read position: chr2:166,932,193
INFO	2015-04-01 12:03:57	MarkDuplicates	Tracking 337580 as yet unmatched pairs. 2911 records in RAM.
INFO	2015-04-01 12:04:25	MarkDuplicates	Read    53,000,000 records.  Elapsed time: 00:31:02s.  Time for last 1,000,000:   26s.  Last read position: chr3:27,098,359
INFO	2015-04-01 12:04:25	MarkDuplicates	Tracking 340518 as yet unmatched pairs. 49518 records in RAM.
INFO	2015-04-01 12:04:59	MarkDuplicates	Read    54,000,000 records.  Elapsed time: 00:31:24s.  Time for last 1,000,000:   22s.  Last read position: chr3:86,139,116
INFO	2015-04-01 12:04:59	MarkDuplicates	Tracking 334290 as yet unmatched pairs. 35859 records in RAM.
INFO	2015-04-01 12:06:06	MarkDuplicates	Read    55,000,000 records.  Elapsed time: 00:32:32s.  Time for last 1,000,000:   68s.  Last read position: chr3:103,043,656
INFO	2015-04-01 12:06:06	MarkDuplicates	Tracking 317759 as yet unmatched pairs. 14386 records in RAM.
INFO	2015-04-01 12:06:52	MarkDuplicates	Read    56,000,000 records.  Elapsed time: 00:33:15s.  Time for last 1,000,000:   42s.  Last read position: chr3:146,499,860
INFO	2015-04-01 12:06:52	MarkDuplicates	Tracking 309500 as yet unmatched pairs. 1420 records in RAM.
INFO	2015-04-01 12:07:33	MarkDuplicates	Read    57,000,000 records.  Elapsed time: 00:34:03s.  Time for last 1,000,000:   47s.  Last read position: chr4:45,803,792
INFO	2015-04-01 12:07:33	MarkDuplicates	Tracking 324625 as yet unmatched pairs. 33085 records in RAM.
INFO	2015-04-01 12:08:14	MarkDuplicates	Read    58,000,000 records.  Elapsed time: 00:34:45s.  Time for last 1,000,000:   42s.  Last read position: chr4:108,816,535
INFO	2015-04-01 12:08:14	MarkDuplicates	Tracking 320381 as yet unmatched pairs. 25332 records in RAM.
INFO	2015-04-01 12:08:41	MarkDuplicates	Read    59,000,000 records.  Elapsed time: 00:35:19s.  Time for last 1,000,000:   34s.  Last read position: chr4:129,216,817
INFO	2015-04-01 12:08:41	MarkDuplicates	Tracking 322002 as yet unmatched pairs. 19158 records in RAM.
INFO	2015-04-01 12:09:21	MarkDuplicates	Read    60,000,000 records.  Elapsed time: 00:35:40s.  Time for last 1,000,000:   21s.  Last read position: chr4:140,973,682
INFO	2015-04-01 12:09:21	MarkDuplicates	Tracking 318778 as yet unmatched pairs. 10616 records in RAM.
INFO	2015-04-01 12:10:42	MarkDuplicates	Read    61,000,000 records.  Elapsed time: 00:37:04s.  Time for last 1,000,000:   84s.  Last read position: chr5:21,802,569
INFO	2015-04-01 12:10:42	MarkDuplicates	Tracking 329759 as yet unmatched pairs. 48723 records in RAM.
INFO	2015-04-01 12:11:12	MarkDuplicates	Read    62,000,000 records.  Elapsed time: 00:37:40s.  Time for last 1,000,000:   35s.  Last read position: chr5:73,313,503
INFO	2015-04-01 12:11:12	MarkDuplicates	Tracking 320409 as yet unmatched pairs. 36089 records in RAM.
INFO	2015-04-01 12:11:52	MarkDuplicates	Read    63,000,000 records.  Elapsed time: 00:38:17s.  Time for last 1,000,000:   36s.  Last read position: chr5:90,472,509
INFO	2015-04-01 12:11:52	MarkDuplicates	Tracking 365342 as yet unmatched pairs. 80058 records in RAM.
INFO	2015-04-01 12:12:33	MarkDuplicates	Read    64,000,000 records.  Elapsed time: 00:39:02s.  Time for last 1,000,000:   45s.  Last read position: chr5:90,506,559
INFO	2015-04-01 12:12:33	MarkDuplicates	Tracking 346293 as yet unmatched pairs. 60443 records in RAM.
INFO	2015-04-01 12:13:06	MarkDuplicates	Read    65,000,000 records.  Elapsed time: 00:39:47s.  Time for last 1,000,000:   45s.  Last read position: chr5:115,560,893
INFO	2015-04-01 12:13:06	MarkDuplicates	Tracking 334804 as yet unmatched pairs. 37255 records in RAM.
INFO	2015-04-01 12:13:19	MarkDuplicates	Read    66,000,000 records.  Elapsed time: 00:40:00s.  Time for last 1,000,000:   12s.  Last read position: chr5:129,020,986
INFO	2015-04-01 12:13:19	MarkDuplicates	Tracking 325538 as yet unmatched pairs. 19680 records in RAM.
INFO	2015-04-01 12:13:44	MarkDuplicates	Read    67,000,000 records.  Elapsed time: 00:40:16s.  Time for last 1,000,000:   15s.  Last read position: chr5:146,834,254
INFO	2015-04-01 12:13:44	MarkDuplicates	Tracking 326617 as yet unmatched pairs. 17048 records in RAM.
INFO	2015-04-01 12:14:55	MarkDuplicates	Read    68,000,000 records.  Elapsed time: 00:41:35s.  Time for last 1,000,000:   78s.  Last read position: chr6:48,838,293
INFO	2015-04-01 12:14:55	MarkDuplicates	Tracking 302063 as yet unmatched pairs. 32494 records in RAM.
INFO	2015-04-01 12:15:18	MarkDuplicates	Read    69,000,000 records.  Elapsed time: 00:41:51s.  Time for last 1,000,000:   16s.  Last read position: chr6:87,838,673
INFO	2015-04-01 12:15:18	MarkDuplicates	Tracking 296475 as yet unmatched pairs. 23960 records in RAM.
INFO	2015-04-01 12:15:34	MarkDuplicates	Read    70,000,000 records.  Elapsed time: 00:42:11s.  Time for last 1,000,000:   20s.  Last read position: chr6:125,162,303
INFO	2015-04-01 12:15:34	MarkDuplicates	Tracking 291840 as yet unmatched pairs. 17359 records in RAM.
INFO	2015-04-01 12:15:51	MarkDuplicates	Read    71,000,000 records.  Elapsed time: 00:42:30s.  Time for last 1,000,000:   19s.  Last read position: chr7:12,925,532
INFO	2015-04-01 12:15:51	MarkDuplicates	Tracking 287390 as yet unmatched pairs. 83582 records in RAM.
INFO	2015-04-01 12:16:21	MarkDuplicates	Read    72,000,000 records.  Elapsed time: 00:43:03s.  Time for last 1,000,000:   33s.  Last read position: chr7:31,138,848
INFO	2015-04-01 12:16:21	MarkDuplicates	Tracking 269618 as yet unmatched pairs. 64807 records in RAM.
INFO	2015-04-01 12:16:31	MarkDuplicates	Read    73,000,000 records.  Elapsed time: 00:43:14s.  Time for last 1,000,000:   10s.  Last read position: chr7:65,688,918
INFO	2015-04-01 12:16:31	MarkDuplicates	Tracking 251810 as yet unmatched pairs. 45515 records in RAM.
INFO	2015-04-01 12:16:50	MarkDuplicates	Read    74,000,000 records.  Elapsed time: 00:43:23s.  Time for last 1,000,000:    9s.  Last read position: chr7:103,812,596
INFO	2015-04-01 12:16:50	MarkDuplicates	Tracking 316240 as yet unmatched pairs. 108934 records in RAM.
INFO	2015-04-01 12:17:08	MarkDuplicates	Read    75,000,000 records.  Elapsed time: 00:43:41s.  Time for last 1,000,000:   17s.  Last read position: chr7:103,812,724
INFO	2015-04-01 12:17:08	MarkDuplicates	Tracking 627443 as yet unmatched pairs. 419992 records in RAM.
INFO	2015-04-01 12:17:48	MarkDuplicates	Read    76,000,000 records.  Elapsed time: 00:44:29s.  Time for last 1,000,000:   47s.  Last read position: chr7:103,812,768
INFO	2015-04-01 12:17:48	MarkDuplicates	Tracking 905851 as yet unmatched pairs. 698308 records in RAM.
INFO	2015-04-01 12:18:00	MarkDuplicates	Read    77,000,000 records.  Elapsed time: 00:44:40s.  Time for last 1,000,000:   10s.  Last read position: chr7:103,813,481
INFO	2015-04-01 12:18:00	MarkDuplicates	Tracking 1034407 as yet unmatched pairs. 826747 records in RAM.
INFO	2015-04-01 12:18:19	MarkDuplicates	Read    78,000,000 records.  Elapsed time: 00:44:55s.  Time for last 1,000,000:   15s.  Last read position: chr7:103,813,550
INFO	2015-04-01 12:18:19	MarkDuplicates	Tracking 1154165 as yet unmatched pairs. 946436 records in RAM.
INFO	2015-04-01 12:18:36	MarkDuplicates	Read    79,000,000 records.  Elapsed time: 00:45:09s.  Time for last 1,000,000:   14s.  Last read position: chr7:103,813,607
INFO	2015-04-01 12:18:36	MarkDuplicates	Tracking 1287520 as yet unmatched pairs. 1079703 records in RAM.
INFO	2015-04-01 12:19:00	MarkDuplicates	Read    80,000,000 records.  Elapsed time: 00:45:42s.  Time for last 1,000,000:   32s.  Last read position: chr7:103,813,834
INFO	2015-04-01 12:19:00	MarkDuplicates	Tracking 1273160 as yet unmatched pairs. 1065199 records in RAM.
INFO	2015-04-01 12:19:15	MarkDuplicates	Read    81,000,000 records.  Elapsed time: 00:45:54s.  Time for last 1,000,000:   12s.  Last read position: chr7:103,826,699
INFO	2015-04-01 12:19:15	MarkDuplicates	Tracking 1427158 as yet unmatched pairs. 1218984 records in RAM.
INFO	2015-04-01 12:19:29	MarkDuplicates	Read    82,000,000 records.  Elapsed time: 00:46:10s.  Time for last 1,000,000:   15s.  Last read position: chr7:103,826,763
INFO	2015-04-01 12:19:29	MarkDuplicates	Tracking 1333495 as yet unmatched pairs. 1125204 records in RAM.
INFO	2015-04-01 12:19:37	MarkDuplicates	Read    83,000,000 records.  Elapsed time: 00:46:19s.  Time for last 1,000,000:    9s.  Last read position: chr7:103,827,478
INFO	2015-04-01 12:19:37	MarkDuplicates	Tracking 1156016 as yet unmatched pairs. 947634 records in RAM.
INFO	2015-04-01 12:19:50	MarkDuplicates	Read    84,000,000 records.  Elapsed time: 00:46:30s.  Time for last 1,000,000:   10s.  Last read position: chr7:103,827,531
INFO	2015-04-01 12:19:50	MarkDuplicates	Tracking 977297 as yet unmatched pairs. 768853 records in RAM.
INFO	2015-04-01 12:20:34	MarkDuplicates	Read    85,000,000 records.  Elapsed time: 00:47:12s.  Time for last 1,000,000:   41s.  Last read position: chr7:103,827,588
INFO	2015-04-01 12:20:34	MarkDuplicates	Tracking 844507 as yet unmatched pairs. 635985 records in RAM.
INFO	2015-04-01 12:20:46	MarkDuplicates	Read    86,000,000 records.  Elapsed time: 00:47:28s.  Time for last 1,000,000:   16s.  Last read position: chr7:103,827,666
INFO	2015-04-01 12:20:46	MarkDuplicates	Tracking 608798 as yet unmatched pairs. 400201 records in RAM.
INFO	2015-04-01 12:20:55	MarkDuplicates	Read    87,000,000 records.  Elapsed time: 00:47:37s.  Time for last 1,000,000:    9s.  Last read position: chr7:103,852,950
INFO	2015-04-01 12:20:55	MarkDuplicates	Tracking 252166 as yet unmatched pairs. 43394 records in RAM.
INFO	2015-04-01 12:21:13	MarkDuplicates	Read    88,000,000 records.  Elapsed time: 00:47:55s.  Time for last 1,000,000:   17s.  Last read position: chr7:127,035,791
INFO	2015-04-01 12:21:13	MarkDuplicates	Tracking 218327 as yet unmatched pairs. 8408 records in RAM.
INFO	2015-04-01 12:21:36	MarkDuplicates	Read    89,000,000 records.  Elapsed time: 00:48:11s.  Time for last 1,000,000:   15s.  Last read position: chr7:142,576,917
INFO	2015-04-01 12:21:36	MarkDuplicates	Tracking 221231 as yet unmatched pairs. 8367 records in RAM.
INFO	2015-04-01 12:22:14	MarkDuplicates	Read    90,000,000 records.  Elapsed time: 00:48:48s.  Time for last 1,000,000:   36s.  Last read position: chr8:31,166,247
INFO	2015-04-01 12:22:14	MarkDuplicates	Tracking 206824 as yet unmatched pairs. 53596 records in RAM.
INFO	2015-04-01 12:22:41	MarkDuplicates	Read    91,000,000 records.  Elapsed time: 00:49:13s.  Time for last 1,000,000:   24s.  Last read position: chr8:80,510,031
INFO	2015-04-01 12:22:41	MarkDuplicates	Tracking 193887 as yet unmatched pairs. 38909 records in RAM.
INFO	2015-04-01 12:23:07	MarkDuplicates	Read    92,000,000 records.  Elapsed time: 00:49:39s.  Time for last 1,000,000:   26s.  Last read position: chr8:105,856,398
INFO	2015-04-01 12:23:07	MarkDuplicates	Tracking 176368 as yet unmatched pairs. 20634 records in RAM.
INFO	2015-04-01 12:23:33	MarkDuplicates	Read    93,000,000 records.  Elapsed time: 00:50:07s.  Time for last 1,000,000:   27s.  Last read position: chr9:7,752,035
INFO	2015-04-01 12:23:33	MarkDuplicates	Tracking 162887 as yet unmatched pairs. 106632 records in RAM.
INFO	2015-04-01 12:23:58	MarkDuplicates	Read    94,000,000 records.  Elapsed time: 00:50:37s.  Time for last 1,000,000:   30s.  Last read position: chr9:44,337,427
INFO	2015-04-01 12:23:58	MarkDuplicates	Tracking 134950 as yet unmatched pairs. 78480 records in RAM.
INFO	2015-04-01 12:25:09	MarkDuplicates	Read    95,000,000 records.  Elapsed time: 00:51:47s.  Time for last 1,000,000:   70s.  Last read position: chr9:62,794,452
INFO	2015-04-01 12:25:09	MarkDuplicates	Tracking 121759 as yet unmatched pairs. 58222 records in RAM.
INFO	2015-04-01 12:25:29	MarkDuplicates	Read    96,000,000 records.  Elapsed time: 00:52:06s.  Time for last 1,000,000:   18s.  Last read position: chr9:78,479,392
INFO	2015-04-01 12:25:29	MarkDuplicates	Tracking 146874 as yet unmatched pairs. 83181 records in RAM.
INFO	2015-04-01 12:25:54	MarkDuplicates	Read    97,000,000 records.  Elapsed time: 00:52:26s.  Time for last 1,000,000:   19s.  Last read position: chr9:103,222,955
INFO	2015-04-01 12:25:54	MarkDuplicates	Tracking 102603 as yet unmatched pairs. 38741 records in RAM.
INFO	2015-04-01 12:26:11	MarkDuplicates	Read    98,000,000 records.  Elapsed time: 00:52:51s.  Time for last 1,000,000:   25s.  Last read position: chr9:120,129,195
INFO	2015-04-01 12:26:11	MarkDuplicates	Tracking 93982 as yet unmatched pairs. 29958 records in RAM.
INFO	2015-04-01 12:26:47	MarkDuplicates	Read    99,000,000 records.  Elapsed time: 00:53:19s.  Time for last 1,000,000:   27s.  Last read position: chrM:5,726
INFO	2015-04-01 12:26:47	MarkDuplicates	Tracking 92985 as yet unmatched pairs. 47615 records in RAM.
INFO	2015-04-01 12:27:10	MarkDuplicates	Read   100,000,000 records.  Elapsed time: 00:53:45s.  Time for last 1,000,000:   26s.  Last read position: chrM:7,418
INFO	2015-04-01 12:27:10	MarkDuplicates	Tracking 90807 as yet unmatched pairs. 45383 records in RAM.
INFO	2015-04-01 12:27:22	MarkDuplicates	Read   101,000,000 records.  Elapsed time: 00:54:05s.  Time for last 1,000,000:   19s.  Last read position: chrM:11,077
INFO	2015-04-01 12:27:22	MarkDuplicates	Tracking 60093 as yet unmatched pairs. 14624 records in RAM.
INFO	2015-04-01 12:27:43	MarkDuplicates	Read   102,000,000 records.  Elapsed time: 00:54:25s.  Time for last 1,000,000:   20s.  Last read position: chrX:42,271,271
INFO	2015-04-01 12:27:43	MarkDuplicates	Tracking 37206 as yet unmatched pairs. 33346 records in RAM.
INFO	2015-04-01 12:28:35	MarkDuplicates	Read   103,000,000 records.  Elapsed time: 00:55:14s.  Time for last 1,000,000:   48s.  Last read position: chrX:103,762,974
INFO	2015-04-01 12:28:35	MarkDuplicates	Tracking 21130 as yet unmatched pairs. 17251 records in RAM.
INFO	2015-04-01 12:28:44	MarkDuplicates	Read 103929799 records. 0 pairs never matched.
INFO	2015-04-01 12:29:13	MarkDuplicates	After buildSortedReadEndLists freeMemory: 13861685584; totalMemory: 24306647040; maxMemory: 38177538048
INFO	2015-04-01 12:29:13	MarkDuplicates	Will retain up to 1193048064 duplicate indices before spilling to disk.
INFO	2015-04-01 12:29:17	MarkDuplicates	Traversing read pair information and detecting duplicates.
INFO	2015-04-01 12:30:29	MarkDuplicates	Traversing fragment information and detecting duplicates.
INFO	2015-04-01 12:32:22	MarkDuplicates	Sorting list of duplicate records.
INFO	2015-04-01 12:33:05	MarkDuplicates	After generateDuplicateIndexes freeMemory: 24531051432; totalMemory: 34258681856; maxMemory: 38177538048
INFO	2015-04-01 12:33:05	MarkDuplicates	Marking 25944755 records as duplicates.
INFO	2015-04-01 12:33:05	MarkDuplicates	Found 9401544 optical duplicate clusters.
INFO	2015-04-01 12:38:29	MarkDuplicates	Written    10,000,000 records.  Elapsed time: 00:05:19s.  Time for last 10,000,000:  319s.  Last read position: chr11:32,283,762
INFO	2015-04-01 12:45:39	MarkDuplicates	Written    20,000,000 records.  Elapsed time: 00:12:29s.  Time for last 10,000,000:  429s.  Last read position: chr11:33,161,577
INFO	2015-04-01 12:54:21	MarkDuplicates	Written    30,000,000 records.  Elapsed time: 00:21:12s.  Time for last 10,000,000:  522s.  Last read position: chr13:58,392,052
INFO	2015-04-01 13:01:58	MarkDuplicates	Written    40,000,000 records.  Elapsed time: 00:28:49s.  Time for last 10,000,000:  457s.  Last read position: chr17:23,734,991
INFO	2015-04-01 13:09:14	MarkDuplicates	Written    50,000,000 records.  Elapsed time: 00:36:04s.  Time for last 10,000,000:  435s.  Last read position: chr2:105,009,331
INFO	2015-04-01 13:16:49	MarkDuplicates	Written    60,000,000 records.  Elapsed time: 00:43:40s.  Time for last 10,000,000:  455s.  Last read position: chr4:140,973,682
INFO	2015-04-01 13:23:37	MarkDuplicates	Written    70,000,000 records.  Elapsed time: 00:50:27s.  Time for last 10,000,000:  407s.  Last read position: chr6:125,162,303
INFO	2015-04-01 13:30:15	MarkDuplicates	Written    80,000,000 records.  Elapsed time: 00:57:05s.  Time for last 10,000,000:  397s.  Last read position: chr7:103,813,834
INFO	2015-04-01 13:36:53	MarkDuplicates	Written    90,000,000 records.  Elapsed time: 01:03:44s.  Time for last 10,000,000:  399s.  Last read position: chr8:31,166,247
INFO	2015-04-01 13:43:21	MarkDuplicates	Written   100,000,000 records.  Elapsed time: 01:10:12s.  Time for last 10,000,000:  388s.  Last read position: chrM:7,418
INFO	2015-04-01 13:45:15	MarkDuplicates	Before output close freeMemory: 34119343552; totalMemory: 34393030656; maxMemory: 38177538048
INFO	2015-04-01 13:45:26	MarkDuplicates	After output close freeMemory: 33885838640; totalMemory: 34159525888; maxMemory: 38177538048
[Wed Apr 01 13:45:26 EDT 2015] net.sf.picard.sam.MarkDuplicates done. Elapsed time: 132.19 minutes.
Runtime.totalMemory()=34159525888
