[Tue Mar 31 16:34:22 EDT 2015] net.sf.picard.sam.SortSam INPUT=/n/rinn_data1/users/agroff/seq/OtherMice/Diana/lincP21/bam/JR882/accepted_hits.bam OUTPUT=/n/rinn_data1/users/agroff/seq/OtherMice/Diana/lincP21/bam/JR882/accepted_hits_sorted_picard.bam SORT_ORDER=coordinate    VERBOSITY=INFO QUIET=false VALIDATION_STRINGENCY=STRICT COMPRESSION_LEVEL=5 MAX_RECORDS_IN_RAM=500000 CREATE_INDEX=false CREATE_MD5_FILE=false
[Tue Mar 31 16:34:22 EDT 2015] Executing as agroff@holy2a07201.rc.fas.harvard.edu on Linux 2.6.32-431.17.1.el6.x86_64 amd64; Java HotSpot(TM) 64-Bit Server VM 1.6.0_11-b03; Picard version: 1.98(1547)
INFO	2015-03-31 16:39:44	SortSam	Read    10,000,000 records.  Elapsed time: 00:05:15s.  Time for last 10,000,000:  315s.  Last read position: chr10:23,786,004
INFO	2015-03-31 16:43:03	SortSam	Read    20,000,000 records.  Elapsed time: 00:08:38s.  Time for last 10,000,000:  202s.  Last read position: chr11:48,801,818
INFO	2015-03-31 16:45:49	SortSam	Read    30,000,000 records.  Elapsed time: 00:11:24s.  Time for last 10,000,000:  166s.  Last read position: chr11:120,347,067
INFO	2015-03-31 16:48:11	SortSam	Read    40,000,000 records.  Elapsed time: 00:13:47s.  Time for last 10,000,000:  142s.  Last read position: chr13:97,760,500
INFO	2015-03-31 16:50:27	SortSam	Read    50,000,000 records.  Elapsed time: 00:16:02s.  Time for last 10,000,000:  135s.  Last read position: chr15:82,347,002
INFO	2015-03-31 16:52:55	SortSam	Read    60,000,000 records.  Elapsed time: 00:18:28s.  Time for last 10,000,000:  145s.  Last read position: chr17:29,685,912
INFO	2015-03-31 16:55:14	SortSam	Read    70,000,000 records.  Elapsed time: 00:20:49s.  Time for last 10,000,000:  141s.  Last read position: chr19:9,832,369
INFO	2015-03-31 16:57:24	SortSam	Read    80,000,000 records.  Elapsed time: 00:22:58s.  Time for last 10,000,000:  128s.  Last read position: chr2:148,875,251
INFO	2015-03-31 16:59:33	SortSam	Read    90,000,000 records.  Elapsed time: 00:25:07s.  Time for last 10,000,000:  128s.  Last read position: chr3:153,932,331
INFO	2015-03-31 17:01:40	SortSam	Read   100,000,000 records.  Elapsed time: 00:27:16s.  Time for last 10,000,000:  128s.  Last read position: chr5:33,266,960
INFO	2015-03-31 17:04:15	SortSam	Read   110,000,000 records.  Elapsed time: 00:29:51s.  Time for last 10,000,000:  154s.  Last read position: chr6:51,463,019
INFO	2015-03-31 17:06:53	SortSam	Read   120,000,000 records.  Elapsed time: 00:32:23s.  Time for last 10,000,000:  152s.  Last read position: chr7:84,617,256
INFO	2015-03-31 17:09:35	SortSam	Read   130,000,000 records.  Elapsed time: 00:35:05s.  Time for last 10,000,000:  162s.  Last read position: chr8:72,567,480
INFO	2015-03-31 17:12:29	SortSam	Read   140,000,000 records.  Elapsed time: 00:38:04s.  Time for last 10,000,000:  178s.  Last read position: chr9:78,480,322
INFO	2015-03-31 17:15:03	SortSam	Read   150,000,000 records.  Elapsed time: 00:40:37s.  Time for last 10,000,000:  153s.  Last read position: chrX:56,588,280
INFO	2015-03-31 17:16:01	SortSam	Finished reading inputs, merging and writing to output now.
[Tue Mar 31 18:19:49 EDT 2015] net.sf.picard.sam.SortSam done. Elapsed time: 105.45 minutes.
Runtime.totalMemory()=14572716032
