[Wed Apr 01 11:33:36 EDT 2015] net.sf.picard.sam.MarkDuplicates INPUT=[/n/rinn_data1/users/agroff/seq/OtherMice/Diana/lincP21/bam/JR934/accepted_hits_sorted_picard.bam] OUTPUT=/n/rinn_data1/users/agroff/seq/OtherMice/Diana/lincP21/bam/JR934/accepted_hits_sorted_duplicates_marked.bam METRICS_FILE=dup_metrics.txt    PROGRAM_RECORD_ID=MarkDuplicates PROGRAM_GROUP_NAME=MarkDuplicates REMOVE_DUPLICATES=false ASSUME_SORTED=false MAX_SEQUENCES_FOR_DISK_READ_ENDS_MAP=50000 MAX_FILE_HANDLES_FOR_READ_ENDS_MAP=8000 SORTING_COLLECTION_SIZE_RATIO=0.25 READ_NAME_REGEX=[a-zA-Z0-9]+:[0-9]:([0-9]+):([0-9]+):([0-9]+).* OPTICAL_DUPLICATE_PIXEL_DISTANCE=100 VERBOSITY=INFO QUIET=false VALIDATION_STRINGENCY=STRICT COMPRESSION_LEVEL=5 MAX_RECORDS_IN_RAM=500000 CREATE_INDEX=false CREATE_MD5_FILE=false
[Wed Apr 01 11:33:36 EDT 2015] Executing as agroff@holy2a09301.rc.fas.harvard.edu on Linux 2.6.32-431.17.1.el6.x86_64 amd64; Java HotSpot(TM) 64-Bit Server VM 1.6.0_11-b03; Picard version: 1.98(1547)
INFO	2015-04-01 11:33:36	MarkDuplicates	Start of doWork freeMemory: 8625096; totalMemory: 9109504; maxMemory: 38177538048
INFO	2015-04-01 11:33:36	MarkDuplicates	Reading input file and constructing read end information.
INFO	2015-04-01 11:33:36	MarkDuplicates	Will retain up to 151498166 data points before spilling to disk.
INFO	2015-04-01 11:35:01	MarkDuplicates	Read     1,000,000 records.  Elapsed time: 00:01:22s.  Time for last 1,000,000:   82s.  Last read position: chr1:58,901,511
INFO	2015-04-01 11:35:01	MarkDuplicates	Tracking 27645 as yet unmatched pairs. 736 records in RAM.
INFO	2015-04-01 11:35:29	MarkDuplicates	Read     2,000,000 records.  Elapsed time: 00:01:50s.  Time for last 1,000,000:   28s.  Last read position: chr1:97,024,975
INFO	2015-04-01 11:35:29	MarkDuplicates	Tracking 37539 as yet unmatched pairs. 711 records in RAM.
INFO	2015-04-01 11:35:59	MarkDuplicates	Read     3,000,000 records.  Elapsed time: 00:02:18s.  Time for last 1,000,000:   27s.  Last read position: chr1:165,871,454
INFO	2015-04-01 11:35:59	MarkDuplicates	Tracking 54161 as yet unmatched pairs. 208 records in RAM.
INFO	2015-04-01 11:36:28	MarkDuplicates	Read     4,000,000 records.  Elapsed time: 00:02:47s.  Time for last 1,000,000:   29s.  Last read position: chr10:14,523,340
INFO	2015-04-01 11:36:28	MarkDuplicates	Tracking 64726 as yet unmatched pairs. 3772 records in RAM.
INFO	2015-04-01 11:36:54	MarkDuplicates	Read     5,000,000 records.  Elapsed time: 00:03:16s.  Time for last 1,000,000:   28s.  Last read position: chr10:75,743,211
INFO	2015-04-01 11:36:54	MarkDuplicates	Tracking 83375 as yet unmatched pairs. 2989 records in RAM.
INFO	2015-04-01 11:37:14	MarkDuplicates	Read     6,000,000 records.  Elapsed time: 00:03:36s.  Time for last 1,000,000:   20s.  Last read position: chr10:88,929,067
INFO	2015-04-01 11:37:14	MarkDuplicates	Tracking 88692 as yet unmatched pairs. 2665 records in RAM.
INFO	2015-04-01 11:37:39	MarkDuplicates	Read     7,000,000 records.  Elapsed time: 00:03:58s.  Time for last 1,000,000:   22s.  Last read position: chr10:128,548,664
INFO	2015-04-01 11:37:39	MarkDuplicates	Tracking 106896 as yet unmatched pairs. 7106 records in RAM.
INFO	2015-04-01 11:38:03	MarkDuplicates	Read     8,000,000 records.  Elapsed time: 00:04:22s.  Time for last 1,000,000:   23s.  Last read position: chr11:32,239,814
INFO	2015-04-01 11:38:03	MarkDuplicates	Tracking 120599 as yet unmatched pairs. 6221 records in RAM.
INFO	2015-04-01 11:38:33	MarkDuplicates	Read     9,000,000 records.  Elapsed time: 00:04:53s.  Time for last 1,000,000:   31s.  Last read position: chr11:32,283,753
INFO	2015-04-01 11:38:33	MarkDuplicates	Tracking 489558 as yet unmatched pairs. 374713 records in RAM.
INFO	2015-04-01 11:38:50	MarkDuplicates	Read    10,000,000 records.  Elapsed time: 00:05:12s.  Time for last 1,000,000:   19s.  Last read position: chr11:32,283,977
INFO	2015-04-01 11:38:50	MarkDuplicates	Tracking 547222 as yet unmatched pairs. 431634 records in RAM.
INFO	2015-04-01 11:39:01	MarkDuplicates	Read    11,000,000 records.  Elapsed time: 00:05:23s.  Time for last 1,000,000:   10s.  Last read position: chr11:32,284,068
INFO	2015-04-01 11:39:01	MarkDuplicates	Tracking 786702 as yet unmatched pairs. 670492 records in RAM.
INFO	2015-04-01 11:39:20	MarkDuplicates	Read    12,000,000 records.  Elapsed time: 00:05:42s.  Time for last 1,000,000:   19s.  Last read position: chr11:32,284,278
INFO	2015-04-01 11:39:20	MarkDuplicates	Tracking 942818 as yet unmatched pairs. 825905 records in RAM.
INFO	2015-04-01 11:39:37	MarkDuplicates	Read    13,000,000 records.  Elapsed time: 00:05:59s.  Time for last 1,000,000:   17s.  Last read position: chr11:32,296,505
INFO	2015-04-01 11:39:37	MarkDuplicates	Tracking 811064 as yet unmatched pairs. 693171 records in RAM.
INFO	2015-04-01 11:39:47	MarkDuplicates	Read    14,000,000 records.  Elapsed time: 00:06:09s.  Time for last 1,000,000:    9s.  Last read position: chr11:32,296,745
INFO	2015-04-01 11:39:47	MarkDuplicates	Tracking 890522 as yet unmatched pairs. 771971 records in RAM.
INFO	2015-04-01 11:39:59	MarkDuplicates	Read    15,000,000 records.  Elapsed time: 00:06:19s.  Time for last 1,000,000:   10s.  Last read position: chr11:32,296,812
INFO	2015-04-01 11:39:59	MarkDuplicates	Tracking 745833 as yet unmatched pairs. 626761 records in RAM.
INFO	2015-04-01 11:40:11	MarkDuplicates	Read    16,000,000 records.  Elapsed time: 00:06:32s.  Time for last 1,000,000:   13s.  Last read position: chr11:32,296,904
INFO	2015-04-01 11:40:11	MarkDuplicates	Tracking 601387 as yet unmatched pairs. 481676 records in RAM.
INFO	2015-04-01 11:40:32	MarkDuplicates	Read    17,000,000 records.  Elapsed time: 00:06:52s.  Time for last 1,000,000:   19s.  Last read position: chr11:32,297,150
INFO	2015-04-01 11:40:32	MarkDuplicates	Tracking 416848 as yet unmatched pairs. 296346 records in RAM.
INFO	2015-04-01 11:40:44	MarkDuplicates	Read    18,000,000 records.  Elapsed time: 00:07:05s.  Time for last 1,000,000:   12s.  Last read position: chr11:44,561,669
INFO	2015-04-01 11:40:44	MarkDuplicates	Tracking 130789 as yet unmatched pairs. 5968 records in RAM.
INFO	2015-04-01 11:41:00	MarkDuplicates	Read    19,000,000 records.  Elapsed time: 00:07:20s.  Time for last 1,000,000:   15s.  Last read position: chr11:63,889,222
INFO	2015-04-01 11:41:00	MarkDuplicates	Tracking 136160 as yet unmatched pairs. 5372 records in RAM.
INFO	2015-04-01 11:41:23	MarkDuplicates	Read    20,000,000 records.  Elapsed time: 00:07:43s.  Time for last 1,000,000:   23s.  Last read position: chr11:78,500,583
INFO	2015-04-01 11:41:23	MarkDuplicates	Tracking 142722 as yet unmatched pairs. 4090 records in RAM.
INFO	2015-04-01 11:41:41	MarkDuplicates	Read    21,000,000 records.  Elapsed time: 00:07:59s.  Time for last 1,000,000:   15s.  Last read position: chr11:98,029,836
INFO	2015-04-01 11:41:41	MarkDuplicates	Tracking 155829 as yet unmatched pairs. 8955 records in RAM.
INFO	2015-04-01 11:42:10	MarkDuplicates	Read    22,000,000 records.  Elapsed time: 00:08:27s.  Time for last 1,000,000:   28s.  Last read position: chr11:106,997,259
INFO	2015-04-01 11:42:10	MarkDuplicates	Tracking 161117 as yet unmatched pairs. 1891 records in RAM.
INFO	2015-04-01 11:42:26	MarkDuplicates	Read    23,000,000 records.  Elapsed time: 00:08:46s.  Time for last 1,000,000:   18s.  Last read position: chr12:8,750,557
INFO	2015-04-01 11:42:26	MarkDuplicates	Tracking 172421 as yet unmatched pairs. 7045 records in RAM.
INFO	2015-04-01 11:42:52	MarkDuplicates	Read    24,000,000 records.  Elapsed time: 00:09:13s.  Time for last 1,000,000:   27s.  Last read position: chr12:69,552,031
INFO	2015-04-01 11:42:52	MarkDuplicates	Tracking 193005 as yet unmatched pairs. 5241 records in RAM.
INFO	2015-04-01 11:43:08	MarkDuplicates	Read    25,000,000 records.  Elapsed time: 00:09:30s.  Time for last 1,000,000:   16s.  Last read position: chr12:103,767,585
INFO	2015-04-01 11:43:08	MarkDuplicates	Tracking 213670 as yet unmatched pairs. 13140 records in RAM.
INFO	2015-04-01 11:43:18	MarkDuplicates	Read    26,000,000 records.  Elapsed time: 00:09:40s.  Time for last 1,000,000:    9s.  Last read position: chr12:116,444,408
INFO	2015-04-01 11:43:18	MarkDuplicates	Tracking 203834 as yet unmatched pairs. 224 records in RAM.
INFO	2015-04-01 11:43:51	MarkDuplicates	Read    27,000,000 records.  Elapsed time: 00:10:11s.  Time for last 1,000,000:   31s.  Last read position: chr13:55,543,521
INFO	2015-04-01 11:43:51	MarkDuplicates	Tracking 222944 as yet unmatched pairs. 7656 records in RAM.
INFO	2015-04-01 11:44:10	MarkDuplicates	Read    28,000,000 records.  Elapsed time: 00:10:31s.  Time for last 1,000,000:   19s.  Last read position: chr13:101,684,703
INFO	2015-04-01 11:44:10	MarkDuplicates	Tracking 245720 as yet unmatched pairs. 790 records in RAM.
INFO	2015-04-01 11:44:39	MarkDuplicates	Read    29,000,000 records.  Elapsed time: 00:10:56s.  Time for last 1,000,000:   25s.  Last read position: chr14:34,171,044
INFO	2015-04-01 11:44:39	MarkDuplicates	Tracking 257053 as yet unmatched pairs. 11701 records in RAM.
INFO	2015-04-01 11:44:54	MarkDuplicates	Read    30,000,000 records.  Elapsed time: 00:11:13s.  Time for last 1,000,000:   16s.  Last read position: chr14:69,365,918
INFO	2015-04-01 11:44:54	MarkDuplicates	Tracking 265884 as yet unmatched pairs. 10109 records in RAM.
INFO	2015-04-01 11:45:11	MarkDuplicates	Read    31,000,000 records.  Elapsed time: 00:11:33s.  Time for last 1,000,000:   20s.  Last read position: chr15:7,884,443
INFO	2015-04-01 11:45:11	MarkDuplicates	Tracking 271844 as yet unmatched pairs. 9539 records in RAM.
INFO	2015-04-01 11:45:27	MarkDuplicates	Read    32,000,000 records.  Elapsed time: 00:11:45s.  Time for last 1,000,000:   12s.  Last read position: chr15:76,904,937
INFO	2015-04-01 11:45:27	MarkDuplicates	Tracking 280330 as yet unmatched pairs. 10856 records in RAM.
INFO	2015-04-01 11:45:55	MarkDuplicates	Read    33,000,000 records.  Elapsed time: 00:12:15s.  Time for last 1,000,000:   30s.  Last read position: chr15:98,931,728
INFO	2015-04-01 11:45:55	MarkDuplicates	Tracking 280592 as yet unmatched pairs. 5471 records in RAM.
INFO	2015-04-01 11:46:12	MarkDuplicates	Read    34,000,000 records.  Elapsed time: 00:12:33s.  Time for last 1,000,000:   18s.  Last read position: chr16:4,913,791
INFO	2015-04-01 11:46:12	MarkDuplicates	Tracking 286091 as yet unmatched pairs. 9017 records in RAM.
INFO	2015-04-01 11:46:24	MarkDuplicates	Read    35,000,000 records.  Elapsed time: 00:12:45s.  Time for last 1,000,000:   11s.  Last read position: chr16:33,058,711
INFO	2015-04-01 11:46:24	MarkDuplicates	Tracking 293017 as yet unmatched pairs. 8557 records in RAM.
INFO	2015-04-01 11:47:01	MarkDuplicates	Read    36,000,000 records.  Elapsed time: 00:13:19s.  Time for last 1,000,000:   33s.  Last read position: chr17:12,137,573
INFO	2015-04-01 11:47:01	MarkDuplicates	Tracking 298598 as yet unmatched pairs. 25892 records in RAM.
INFO	2015-04-01 11:47:18	MarkDuplicates	Read    37,000,000 records.  Elapsed time: 00:13:35s.  Time for last 1,000,000:   15s.  Last read position: chr17:28,329,449
INFO	2015-04-01 11:47:18	MarkDuplicates	Tracking 308622 as yet unmatched pairs. 22838 records in RAM.
INFO	2015-04-01 11:47:38	MarkDuplicates	Read    38,000,000 records.  Elapsed time: 00:13:56s.  Time for last 1,000,000:   21s.  Last read position: chr17:38,014,375
INFO	2015-04-01 11:47:38	MarkDuplicates	Tracking 300965 as yet unmatched pairs. 7718 records in RAM.
INFO	2015-04-01 11:47:52	MarkDuplicates	Read    39,000,000 records.  Elapsed time: 00:14:12s.  Time for last 1,000,000:   15s.  Last read position: chr17:84,772,170
INFO	2015-04-01 11:47:52	MarkDuplicates	Tracking 307399 as yet unmatched pairs. 2128 records in RAM.
INFO	2015-04-01 11:48:32	MarkDuplicates	Read    40,000,000 records.  Elapsed time: 00:14:54s.  Time for last 1,000,000:   41s.  Last read position: chr18:56,728,486
INFO	2015-04-01 11:48:32	MarkDuplicates	Tracking 310430 as yet unmatched pairs. 8000 records in RAM.
INFO	2015-04-01 11:48:49	MarkDuplicates	Read    41,000,000 records.  Elapsed time: 00:15:07s.  Time for last 1,000,000:   13s.  Last read position: chr19:5,368,247
INFO	2015-04-01 11:48:49	MarkDuplicates	Tracking 307182 as yet unmatched pairs. 14904 records in RAM.
INFO	2015-04-01 11:49:06	MarkDuplicates	Read    42,000,000 records.  Elapsed time: 00:15:27s.  Time for last 1,000,000:   20s.  Last read position: chr19:27,416,797
INFO	2015-04-01 11:49:06	MarkDuplicates	Tracking 308857 as yet unmatched pairs. 8686 records in RAM.
INFO	2015-04-01 11:49:23	MarkDuplicates	Read    43,000,000 records.  Elapsed time: 00:15:42s.  Time for last 1,000,000:   14s.  Last read position: chr2:10,064,242
INFO	2015-04-01 11:49:23	MarkDuplicates	Tracking 309803 as yet unmatched pairs. 35227 records in RAM.
INFO	2015-04-01 11:49:38	MarkDuplicates	Read    44,000,000 records.  Elapsed time: 00:15:57s.  Time for last 1,000,000:   14s.  Last read position: chr2:33,008,972
INFO	2015-04-01 11:49:38	MarkDuplicates	Tracking 317578 as yet unmatched pairs. 25569 records in RAM.
INFO	2015-04-01 11:50:12	MarkDuplicates	Read    45,000,000 records.  Elapsed time: 00:16:33s.  Time for last 1,000,000:   36s.  Last read position: chr2:91,011,329
INFO	2015-04-01 11:50:12	MarkDuplicates	Tracking 319590 as yet unmatched pairs. 18586 records in RAM.
INFO	2015-04-01 11:50:29	MarkDuplicates	Read    46,000,000 records.  Elapsed time: 00:16:46s.  Time for last 1,000,000:   12s.  Last read position: chr2:129,831,399
INFO	2015-04-01 11:50:29	MarkDuplicates	Tracking 319871 as yet unmatched pairs. 13434 records in RAM.
INFO	2015-04-01 11:50:49	MarkDuplicates	Read    47,000,000 records.  Elapsed time: 00:17:08s.  Time for last 1,000,000:   22s.  Last read position: chr2:163,625,421
INFO	2015-04-01 11:50:49	MarkDuplicates	Tracking 315444 as yet unmatched pairs. 4959 records in RAM.
INFO	2015-04-01 11:51:03	MarkDuplicates	Read    48,000,000 records.  Elapsed time: 00:17:23s.  Time for last 1,000,000:   14s.  Last read position: chr3:24,333,260
INFO	2015-04-01 11:51:03	MarkDuplicates	Tracking 316555 as yet unmatched pairs. 50262 records in RAM.
INFO	2015-04-01 11:51:39	MarkDuplicates	Read    49,000,000 records.  Elapsed time: 00:18:01s.  Time for last 1,000,000:   37s.  Last read position: chr3:86,141,274
INFO	2015-04-01 11:51:39	MarkDuplicates	Tracking 308398 as yet unmatched pairs. 31751 records in RAM.
INFO	2015-04-01 11:51:57	MarkDuplicates	Read    50,000,000 records.  Elapsed time: 00:18:12s.  Time for last 1,000,000:   11s.  Last read position: chr3:104,892,293
INFO	2015-04-01 11:51:57	MarkDuplicates	Tracking 294316 as yet unmatched pairs. 12726 records in RAM.
INFO	2015-04-01 11:52:13	MarkDuplicates	Read    51,000,000 records.  Elapsed time: 00:18:31s.  Time for last 1,000,000:   18s.  Last read position: chr3:158,012,364
INFO	2015-04-01 11:52:13	MarkDuplicates	Tracking 300820 as yet unmatched pairs. 307 records in RAM.
INFO	2015-04-01 11:52:32	MarkDuplicates	Read    52,000,000 records.  Elapsed time: 00:18:51s.  Time for last 1,000,000:   20s.  Last read position: chr4:59,476,416
INFO	2015-04-01 11:52:32	MarkDuplicates	Tracking 298878 as yet unmatched pairs. 30941 records in RAM.
INFO	2015-04-01 11:52:45	MarkDuplicates	Read    53,000,000 records.  Elapsed time: 00:19:06s.  Time for last 1,000,000:   14s.  Last read position: chr4:117,932,884
INFO	2015-04-01 11:52:45	MarkDuplicates	Tracking 299128 as yet unmatched pairs. 23237 records in RAM.
INFO	2015-04-01 11:52:58	MarkDuplicates	Read    54,000,000 records.  Elapsed time: 00:19:19s.  Time for last 1,000,000:   13s.  Last read position: chr4:134,925,580
INFO	2015-04-01 11:52:58	MarkDuplicates	Tracking 296861 as yet unmatched pairs. 16421 records in RAM.
INFO	2015-04-01 11:53:59	MarkDuplicates	Read    55,000,000 records.  Elapsed time: 00:20:19s.  Time for last 1,000,000:   59s.  Last read position: chr5:3,523,867
INFO	2015-04-01 11:53:59	MarkDuplicates	Tracking 286588 as yet unmatched pairs. 49358 records in RAM.
INFO	2015-04-01 11:54:15	MarkDuplicates	Read    56,000,000 records.  Elapsed time: 00:20:33s.  Time for last 1,000,000:   14s.  Last read position: chr5:49,961,379
INFO	2015-04-01 11:54:15	MarkDuplicates	Tracking 295906 as yet unmatched pairs. 37490 records in RAM.
INFO	2015-04-01 11:54:28	MarkDuplicates	Read    57,000,000 records.  Elapsed time: 00:20:47s.  Time for last 1,000,000:   14s.  Last read position: chr5:90,472,069
INFO	2015-04-01 11:54:28	MarkDuplicates	Tracking 331782 as yet unmatched pairs. 71975 records in RAM.
INFO	2015-04-01 11:54:50	MarkDuplicates	Read    58,000,000 records.  Elapsed time: 00:21:09s.  Time for last 1,000,000:   21s.  Last read position: chr5:90,506,707
INFO	2015-04-01 11:54:50	MarkDuplicates	Tracking 330598 as yet unmatched pairs. 70145 records in RAM.
INFO	2015-04-01 11:55:05	MarkDuplicates	Read    59,000,000 records.  Elapsed time: 00:21:24s.  Time for last 1,000,000:   15s.  Last read position: chr5:117,098,369
INFO	2015-04-01 11:55:05	MarkDuplicates	Tracking 300440 as yet unmatched pairs. 22104 records in RAM.
INFO	2015-04-01 11:55:20	MarkDuplicates	Read    60,000,000 records.  Elapsed time: 00:21:37s.  Time for last 1,000,000:   12s.  Last read position: chr5:134,627,765
INFO	2015-04-01 11:55:20	MarkDuplicates	Tracking 289806 as yet unmatched pairs. 9410 records in RAM.
INFO	2015-04-01 11:56:02	MarkDuplicates	Read    61,000,000 records.  Elapsed time: 00:22:23s.  Time for last 1,000,000:   46s.  Last read position: chr6:17,665,421
INFO	2015-04-01 11:56:02	MarkDuplicates	Tracking 279133 as yet unmatched pairs. 36244 records in RAM.
INFO	2015-04-01 11:56:15	MarkDuplicates	Read    62,000,000 records.  Elapsed time: 00:22:35s.  Time for last 1,000,000:   11s.  Last read position: chr6:71,214,649
INFO	2015-04-01 11:56:15	MarkDuplicates	Tracking 271451 as yet unmatched pairs. 25926 records in RAM.
INFO	2015-04-01 11:56:33	MarkDuplicates	Read    63,000,000 records.  Elapsed time: 00:22:49s.  Time for last 1,000,000:   14s.  Last read position: chr6:117,924,552
INFO	2015-04-01 11:56:33	MarkDuplicates	Tracking 267089 as yet unmatched pairs. 18806 records in RAM.
INFO	2015-04-01 11:56:59	MarkDuplicates	Read    64,000,000 records.  Elapsed time: 00:23:19s.  Time for last 1,000,000:   30s.  Last read position: chr7:3,688,548
INFO	2015-04-01 11:56:59	MarkDuplicates	Tracking 254029 as yet unmatched pairs. 71341 records in RAM.
INFO	2015-04-01 11:57:14	MarkDuplicates	Read    65,000,000 records.  Elapsed time: 00:23:34s.  Time for last 1,000,000:   14s.  Last read position: chr7:28,352,198
INFO	2015-04-01 11:57:14	MarkDuplicates	Tracking 254152 as yet unmatched pairs. 70212 records in RAM.
INFO	2015-04-01 11:57:29	MarkDuplicates	Read    66,000,000 records.  Elapsed time: 00:23:48s.  Time for last 1,000,000:   14s.  Last read position: chr7:46,855,007
INFO	2015-04-01 11:57:29	MarkDuplicates	Tracking 233135 as yet unmatched pairs. 48016 records in RAM.
INFO	2015-04-01 11:57:44	MarkDuplicates	Read    67,000,000 records.  Elapsed time: 00:24:04s.  Time for last 1,000,000:   16s.  Last read position: chr7:103,812,589
INFO	2015-04-01 11:57:44	MarkDuplicates	Tracking 270604 as yet unmatched pairs. 84127 records in RAM.
INFO	2015-04-01 11:58:31	MarkDuplicates	Read    68,000,000 records.  Elapsed time: 00:24:53s.  Time for last 1,000,000:   48s.  Last read position: chr7:103,812,729
INFO	2015-04-01 11:58:31	MarkDuplicates	Tracking 601349 as yet unmatched pairs. 414689 records in RAM.
INFO	2015-04-01 11:58:44	MarkDuplicates	Read    69,000,000 records.  Elapsed time: 00:25:02s.  Time for last 1,000,000:    9s.  Last read position: chr7:103,813,456
INFO	2015-04-01 11:58:44	MarkDuplicates	Tracking 872156 as yet unmatched pairs. 685361 records in RAM.
INFO	2015-04-01 11:58:55	MarkDuplicates	Read    70,000,000 records.  Elapsed time: 00:25:15s.  Time for last 1,000,000:   12s.  Last read position: chr7:103,813,504
INFO	2015-04-01 11:58:55	MarkDuplicates	Tracking 1003734 as yet unmatched pairs. 816859 records in RAM.
INFO	2015-04-01 11:59:03	MarkDuplicates	Read    71,000,000 records.  Elapsed time: 00:25:25s.  Time for last 1,000,000:    9s.  Last read position: chr7:103,813,582
INFO	2015-04-01 11:59:03	MarkDuplicates	Tracking 1164578 as yet unmatched pairs. 977595 records in RAM.
INFO	2015-04-01 11:59:28	MarkDuplicates	Read    72,000,000 records.  Elapsed time: 00:25:46s.  Time for last 1,000,000:   21s.  Last read position: chr7:103,813,791
INFO	2015-04-01 11:59:28	MarkDuplicates	Tracking 1188841 as yet unmatched pairs. 1001751 records in RAM.
INFO	2015-04-01 11:59:39	MarkDuplicates	Read    73,000,000 records.  Elapsed time: 00:25:59s.  Time for last 1,000,000:   12s.  Last read position: chr7:103,826,687
INFO	2015-04-01 11:59:39	MarkDuplicates	Tracking 1266164 as yet unmatched pairs. 1078823 records in RAM.
INFO	2015-04-01 11:59:48	MarkDuplicates	Read    74,000,000 records.  Elapsed time: 00:26:10s.  Time for last 1,000,000:   11s.  Last read position: chr7:103,826,770
INFO	2015-04-01 11:59:48	MarkDuplicates	Tracking 1165579 as yet unmatched pairs. 978095 records in RAM.
INFO	2015-04-01 12:00:01	MarkDuplicates	Read    75,000,000 records.  Elapsed time: 00:26:19s.  Time for last 1,000,000:    9s.  Last read position: chr7:103,827,489
INFO	2015-04-01 12:00:01	MarkDuplicates	Tracking 969473 as yet unmatched pairs. 781878 records in RAM.
INFO	2015-04-01 12:00:12	MarkDuplicates	Read    76,000,000 records.  Elapsed time: 00:26:32s.  Time for last 1,000,000:   12s.  Last read position: chr7:103,827,564
INFO	2015-04-01 12:00:12	MarkDuplicates	Tracking 782267 as yet unmatched pairs. 594584 records in RAM.
INFO	2015-04-01 12:01:01	MarkDuplicates	Read    77,000,000 records.  Elapsed time: 00:27:22s.  Time for last 1,000,000:   49s.  Last read position: chr7:103,827,630
INFO	2015-04-01 12:01:01	MarkDuplicates	Tracking 632820 as yet unmatched pairs. 445048 records in RAM.
INFO	2015-04-01 12:01:13	MarkDuplicates	Read    78,000,000 records.  Elapsed time: 00:27:31s.  Time for last 1,000,000:    8s.  Last read position: chr7:103,827,848
INFO	2015-04-01 12:01:13	MarkDuplicates	Tracking 310984 as yet unmatched pairs. 123086 records in RAM.
INFO	2015-04-01 12:01:24	MarkDuplicates	Read    79,000,000 records.  Elapsed time: 00:27:44s.  Time for last 1,000,000:   13s.  Last read position: chr7:126,294,244
INFO	2015-04-01 12:01:24	MarkDuplicates	Tracking 197221 as yet unmatched pairs. 8727 records in RAM.
INFO	2015-04-01 12:01:36	MarkDuplicates	Read    80,000,000 records.  Elapsed time: 00:27:58s.  Time for last 1,000,000:   14s.  Last read position: chr7:142,576,502
INFO	2015-04-01 12:01:36	MarkDuplicates	Tracking 206844 as yet unmatched pairs. 15109 records in RAM.
INFO	2015-04-01 12:02:03	MarkDuplicates	Read    81,000,000 records.  Elapsed time: 00:28:22s.  Time for last 1,000,000:   23s.  Last read position: chr8:33,610,773
INFO	2015-04-01 12:02:03	MarkDuplicates	Tracking 185961 as yet unmatched pairs. 50236 records in RAM.
INFO	2015-04-01 12:02:18	MarkDuplicates	Read    82,000,000 records.  Elapsed time: 00:28:37s.  Time for last 1,000,000:   15s.  Last read position: chr8:83,955,919
INFO	2015-04-01 12:02:18	MarkDuplicates	Tracking 170920 as yet unmatched pairs. 33435 records in RAM.
INFO	2015-04-01 12:02:31	MarkDuplicates	Read    83,000,000 records.  Elapsed time: 00:28:52s.  Time for last 1,000,000:   14s.  Last read position: chr8:109,724,242
INFO	2015-04-01 12:02:31	MarkDuplicates	Tracking 156959 as yet unmatched pairs. 12223 records in RAM.
INFO	2015-04-01 12:02:45	MarkDuplicates	Read    84,000,000 records.  Elapsed time: 00:29:06s.  Time for last 1,000,000:   14s.  Last read position: chr9:21,679,006
INFO	2015-04-01 12:02:45	MarkDuplicates	Tracking 138587 as yet unmatched pairs. 88535 records in RAM.
INFO	2015-04-01 12:03:01	MarkDuplicates	Read    85,000,000 records.  Elapsed time: 00:29:19s.  Time for last 1,000,000:   12s.  Last read position: chr9:50,344,696
INFO	2015-04-01 12:03:01	MarkDuplicates	Tracking 121761 as yet unmatched pairs. 66485 records in RAM.
INFO	2015-04-01 12:04:11	MarkDuplicates	Read    86,000,000 records.  Elapsed time: 00:30:29s.  Time for last 1,000,000:   70s.  Last read position: chr9:71,479,322
INFO	2015-04-01 12:04:11	MarkDuplicates	Tracking 105732 as yet unmatched pairs. 49169 records in RAM.
INFO	2015-04-01 12:04:26	MarkDuplicates	Read    87,000,000 records.  Elapsed time: 00:30:43s.  Time for last 1,000,000:   14s.  Last read position: chr9:96,895,878
INFO	2015-04-01 12:04:26	MarkDuplicates	Tracking 94390 as yet unmatched pairs. 37630 records in RAM.
INFO	2015-04-01 12:04:41	MarkDuplicates	Read    88,000,000 records.  Elapsed time: 00:30:59s.  Time for last 1,000,000:   15s.  Last read position: chr9:113,976,345
INFO	2015-04-01 12:04:41	MarkDuplicates	Tracking 78688 as yet unmatched pairs. 21755 records in RAM.
INFO	2015-04-01 12:04:56	MarkDuplicates	Read    89,000,000 records.  Elapsed time: 00:31:14s.  Time for last 1,000,000:   14s.  Last read position: chrM:5,814
INFO	2015-04-01 12:04:56	MarkDuplicates	Tracking 82475 as yet unmatched pairs. 40610 records in RAM.
INFO	2015-04-01 12:05:23	MarkDuplicates	Read    90,000,000 records.  Elapsed time: 00:31:44s.  Time for last 1,000,000:   30s.  Last read position: chrM:8,310
INFO	2015-04-01 12:05:23	MarkDuplicates	Tracking 75418 as yet unmatched pairs. 33494 records in RAM.
INFO	2015-04-01 12:05:36	MarkDuplicates	Read    91,000,000 records.  Elapsed time: 00:31:57s.  Time for last 1,000,000:   12s.  Last read position: chrX:13,291,613
INFO	2015-04-01 12:05:36	MarkDuplicates	Tracking 40032 as yet unmatched pairs. 36493 records in RAM.
INFO	2015-04-01 12:05:53	MarkDuplicates	Read    92,000,000 records.  Elapsed time: 00:32:11s.  Time for last 1,000,000:   13s.  Last read position: chrX:101,682,572
INFO	2015-04-01 12:05:53	MarkDuplicates	Tracking 18719 as yet unmatched pairs. 15119 records in RAM.
INFO	2015-04-01 12:06:05	MarkDuplicates	Read    93,000,000 records.  Elapsed time: 00:32:26s.  Time for last 1,000,000:   15s.  Last read position: chrY:31,670,568
INFO	2015-04-01 12:06:05	MarkDuplicates	Tracking 2794 as yet unmatched pairs. 2793 records in RAM.
INFO	2015-04-01 12:06:05	MarkDuplicates	Read 93039633 records. 0 pairs never matched.
INFO	2015-04-01 12:06:43	MarkDuplicates	After buildSortedReadEndLists freeMemory: 13571563544; totalMemory: 23235461120; maxMemory: 38177538048
INFO	2015-04-01 12:06:43	MarkDuplicates	Will retain up to 1193048064 duplicate indices before spilling to disk.
INFO	2015-04-01 12:06:47	MarkDuplicates	Traversing read pair information and detecting duplicates.
INFO	2015-04-01 12:07:40	MarkDuplicates	Traversing fragment information and detecting duplicates.
INFO	2015-04-01 12:09:09	MarkDuplicates	Sorting list of duplicate records.
INFO	2015-04-01 12:09:22	MarkDuplicates	After generateDuplicateIndexes freeMemory: 13509564368; totalMemory: 23235461120; maxMemory: 38177538048
INFO	2015-04-01 12:09:22	MarkDuplicates	Marking 21769086 records as duplicates.
INFO	2015-04-01 12:09:22	MarkDuplicates	Found 7833556 optical duplicate clusters.
INFO	2015-04-01 12:15:16	MarkDuplicates	Written    10,000,000 records.  Elapsed time: 00:05:53s.  Time for last 10,000,000:  353s.  Last read position: chr11:32,283,977
INFO	2015-04-01 12:20:31	MarkDuplicates	Written    20,000,000 records.  Elapsed time: 00:11:08s.  Time for last 10,000,000:  314s.  Last read position: chr11:78,500,583
INFO	2015-04-01 12:26:29	MarkDuplicates	Written    30,000,000 records.  Elapsed time: 00:17:07s.  Time for last 10,000,000:  358s.  Last read position: chr14:69,365,918
INFO	2015-04-01 12:32:33	MarkDuplicates	Written    40,000,000 records.  Elapsed time: 00:23:10s.  Time for last 10,000,000:  363s.  Last read position: chr18:56,728,486
INFO	2015-04-01 12:38:23	MarkDuplicates	Written    50,000,000 records.  Elapsed time: 00:29:00s.  Time for last 10,000,000:  349s.  Last read position: chr3:104,892,293
INFO	2015-04-01 12:43:54	MarkDuplicates	Written    60,000,000 records.  Elapsed time: 00:34:31s.  Time for last 10,000,000:  331s.  Last read position: chr5:134,627,765
INFO	2015-04-01 12:49:37	MarkDuplicates	Written    70,000,000 records.  Elapsed time: 00:40:14s.  Time for last 10,000,000:  342s.  Last read position: chr7:103,813,504
INFO	2015-04-01 12:54:53	MarkDuplicates	Written    80,000,000 records.  Elapsed time: 00:45:30s.  Time for last 10,000,000:  316s.  Last read position: chr7:142,576,502
INFO	2015-04-01 13:00:38	MarkDuplicates	Written    90,000,000 records.  Elapsed time: 00:51:15s.  Time for last 10,000,000:  345s.  Last read position: chrM:8,310
INFO	2015-04-01 13:02:16	MarkDuplicates	Before output close freeMemory: 32312890576; totalMemory: 32585351168; maxMemory: 38177538048
INFO	2015-04-01 13:02:22	MarkDuplicates	After output close freeMemory: 32587380824; totalMemory: 32859619328; maxMemory: 38177538048
[Wed Apr 01 13:02:22 EDT 2015] net.sf.picard.sam.MarkDuplicates done. Elapsed time: 88.77 minutes.
Runtime.totalMemory()=32859619328
