[Wed Apr 01 10:52:49 EDT 2015] net.sf.picard.sam.MarkDuplicates INPUT=[/n/rinn_data1/users/agroff/seq/OtherMice/Diana/lincP21/bam/JR916/rmdup_accepted_hits_sorted_picard.bam] OUTPUT=/n/rinn_data1/users/agroff/seq/OtherMice/Diana/lincP21/bam/JR916/rmdup_accepted_hits_sorted_duplicates_marked.bam METRICS_FILE=dup_metrics.txt    PROGRAM_RECORD_ID=MarkDuplicates PROGRAM_GROUP_NAME=MarkDuplicates REMOVE_DUPLICATES=false ASSUME_SORTED=false MAX_SEQUENCES_FOR_DISK_READ_ENDS_MAP=50000 MAX_FILE_HANDLES_FOR_READ_ENDS_MAP=8000 SORTING_COLLECTION_SIZE_RATIO=0.25 READ_NAME_REGEX=[a-zA-Z0-9]+:[0-9]:([0-9]+):([0-9]+):([0-9]+).* OPTICAL_DUPLICATE_PIXEL_DISTANCE=100 VERBOSITY=INFO QUIET=false VALIDATION_STRINGENCY=STRICT COMPRESSION_LEVEL=5 MAX_RECORDS_IN_RAM=500000 CREATE_INDEX=false CREATE_MD5_FILE=false
[Wed Apr 01 10:52:49 EDT 2015] Executing as agroff@holy2a05102.rc.fas.harvard.edu on Linux 2.6.32-431.17.1.el6.x86_64 amd64; Java HotSpot(TM) 64-Bit Server VM 1.6.0_11-b03; Picard version: 1.98(1547)
INFO	2015-04-01 10:52:50	MarkDuplicates	Start of doWork freeMemory: 8625088; totalMemory: 9109504; maxMemory: 38177538048
INFO	2015-04-01 10:52:50	MarkDuplicates	Reading input file and constructing read end information.
INFO	2015-04-01 10:52:50	MarkDuplicates	Will retain up to 151498166 data points before spilling to disk.
INFO	2015-04-01 10:53:52	MarkDuplicates	Read     1,000,000 records.  Elapsed time: 00:01:00s.  Time for last 1,000,000:   60s.  Last read position: chr1:45,328,905
INFO	2015-04-01 10:53:52	MarkDuplicates	Tracking 40948 as yet unmatched pairs. 3351 records in RAM.
INFO	2015-04-01 10:54:23	MarkDuplicates	Read     2,000,000 records.  Elapsed time: 00:01:31s.  Time for last 1,000,000:   30s.  Last read position: chr1:72,859,030
INFO	2015-04-01 10:54:23	MarkDuplicates	Tracking 54273 as yet unmatched pairs. 2692 records in RAM.
INFO	2015-04-01 10:54:49	MarkDuplicates	Read     3,000,000 records.  Elapsed time: 00:01:55s.  Time for last 1,000,000:   23s.  Last read position: chr1:93,508,830
INFO	2015-04-01 10:54:49	MarkDuplicates	Tracking 63451 as yet unmatched pairs. 1707 records in RAM.
INFO	2015-04-01 10:55:10	MarkDuplicates	Read     4,000,000 records.  Elapsed time: 00:02:17s.  Time for last 1,000,000:   21s.  Last read position: chr1:153,478,043
INFO	2015-04-01 10:55:10	MarkDuplicates	Tracking 78643 as yet unmatched pairs. 1338 records in RAM.
INFO	2015-04-01 10:55:32	MarkDuplicates	Read     5,000,000 records.  Elapsed time: 00:02:41s.  Time for last 1,000,000:   24s.  Last read position: chr1:181,175,594
INFO	2015-04-01 10:55:32	MarkDuplicates	Tracking 89332 as yet unmatched pairs. 1099 records in RAM.
INFO	2015-04-01 10:55:56	MarkDuplicates	Read     6,000,000 records.  Elapsed time: 00:03:01s.  Time for last 1,000,000:   19s.  Last read position: chr10:31,339,091
INFO	2015-04-01 10:55:56	MarkDuplicates	Tracking 109809 as yet unmatched pairs. 5139 records in RAM.
INFO	2015-04-01 10:56:16	MarkDuplicates	Read     7,000,000 records.  Elapsed time: 00:03:25s.  Time for last 1,000,000:   23s.  Last read position: chr10:76,615,122
INFO	2015-04-01 10:56:16	MarkDuplicates	Tracking 117892 as yet unmatched pairs. 5372 records in RAM.
INFO	2015-04-01 10:56:38	MarkDuplicates	Read     8,000,000 records.  Elapsed time: 00:03:46s.  Time for last 1,000,000:   21s.  Last read position: chr10:85,901,746
INFO	2015-04-01 10:56:38	MarkDuplicates	Tracking 123334 as yet unmatched pairs. 4771 records in RAM.
INFO	2015-04-01 10:57:03	MarkDuplicates	Read     9,000,000 records.  Elapsed time: 00:04:08s.  Time for last 1,000,000:   21s.  Last read position: chr10:127,064,919
INFO	2015-04-01 10:57:03	MarkDuplicates	Tracking 133338 as yet unmatched pairs. 3105 records in RAM.
INFO	2015-04-01 10:57:27	MarkDuplicates	Read    10,000,000 records.  Elapsed time: 00:04:35s.  Time for last 1,000,000:   27s.  Last read position: chr11:6,419,735
INFO	2015-04-01 10:57:27	MarkDuplicates	Tracking 154785 as yet unmatched pairs. 7495 records in RAM.
INFO	2015-04-01 10:57:51	MarkDuplicates	Read    11,000,000 records.  Elapsed time: 00:04:58s.  Time for last 1,000,000:   22s.  Last read position: chr11:36,069,447
INFO	2015-04-01 10:57:51	MarkDuplicates	Tracking 174321 as yet unmatched pairs. 19096 records in RAM.
INFO	2015-04-01 10:58:07	MarkDuplicates	Read    12,000,000 records.  Elapsed time: 00:05:14s.  Time for last 1,000,000:   16s.  Last read position: chr11:59,769,894
INFO	2015-04-01 10:58:07	MarkDuplicates	Tracking 182383 as yet unmatched pairs. 19404 records in RAM.
INFO	2015-04-01 10:58:36	MarkDuplicates	Read    13,000,000 records.  Elapsed time: 00:05:40s.  Time for last 1,000,000:   25s.  Last read position: chr11:69,919,212
INFO	2015-04-01 10:58:36	MarkDuplicates	Tracking 196866 as yet unmatched pairs. 29129 records in RAM.
INFO	2015-04-01 10:59:01	MarkDuplicates	Read    14,000,000 records.  Elapsed time: 00:06:06s.  Time for last 1,000,000:   26s.  Last read position: chr11:83,760,923
INFO	2015-04-01 10:59:01	MarkDuplicates	Tracking 202896 as yet unmatched pairs. 25504 records in RAM.
INFO	2015-04-01 10:59:18	MarkDuplicates	Read    15,000,000 records.  Elapsed time: 00:06:24s.  Time for last 1,000,000:   18s.  Last read position: chr11:98,029,865
INFO	2015-04-01 10:59:18	MarkDuplicates	Tracking 213528 as yet unmatched pairs. 28107 records in RAM.
INFO	2015-04-01 10:59:43	MarkDuplicates	Read    16,000,000 records.  Elapsed time: 00:06:50s.  Time for last 1,000,000:   26s.  Last read position: chr11:107,035,892
INFO	2015-04-01 10:59:43	MarkDuplicates	Tracking 221797 as yet unmatched pairs. 23786 records in RAM.
INFO	2015-04-01 11:00:01	MarkDuplicates	Read    17,000,000 records.  Elapsed time: 00:07:07s.  Time for last 1,000,000:   16s.  Last read position: chr11:120,963,668
INFO	2015-04-01 11:00:01	MarkDuplicates	Tracking 232100 as yet unmatched pairs. 23043 records in RAM.
INFO	2015-04-01 11:00:32	MarkDuplicates	Read    18,000,000 records.  Elapsed time: 00:07:39s.  Time for last 1,000,000:   31s.  Last read position: chr12:52,519,635
INFO	2015-04-01 11:00:32	MarkDuplicates	Tracking 251353 as yet unmatched pairs. 17711 records in RAM.
INFO	2015-04-01 11:00:51	MarkDuplicates	Read    19,000,000 records.  Elapsed time: 00:07:58s.  Time for last 1,000,000:   19s.  Last read position: chr12:85,343,532
INFO	2015-04-01 11:00:51	MarkDuplicates	Tracking 268295 as yet unmatched pairs. 16548 records in RAM.
INFO	2015-04-01 11:01:18	MarkDuplicates	Read    20,000,000 records.  Elapsed time: 00:08:26s.  Time for last 1,000,000:   28s.  Last read position: chr12:110,578,107
INFO	2015-04-01 11:01:18	MarkDuplicates	Tracking 263700 as yet unmatched pairs. 1942 records in RAM.
INFO	2015-04-01 11:01:38	MarkDuplicates	Read    21,000,000 records.  Elapsed time: 00:08:43s.  Time for last 1,000,000:   16s.  Last read position: chr13:34,344,340
INFO	2015-04-01 11:01:38	MarkDuplicates	Tracking 273648 as yet unmatched pairs. 9524 records in RAM.
INFO	2015-04-01 11:02:06	MarkDuplicates	Read    22,000,000 records.  Elapsed time: 00:09:12s.  Time for last 1,000,000:   29s.  Last read position: chr13:64,303,545
INFO	2015-04-01 11:02:06	MarkDuplicates	Tracking 283629 as yet unmatched pairs. 7648 records in RAM.
INFO	2015-04-01 11:02:22	MarkDuplicates	Read    23,000,000 records.  Elapsed time: 00:09:30s.  Time for last 1,000,000:   17s.  Last read position: chr13:103,819,885
INFO	2015-04-01 11:02:22	MarkDuplicates	Tracking 303415 as yet unmatched pairs. 1841 records in RAM.
INFO	2015-04-01 11:02:44	MarkDuplicates	Read    24,000,000 records.  Elapsed time: 00:09:49s.  Time for last 1,000,000:   18s.  Last read position: chr14:25,988,784
INFO	2015-04-01 11:02:44	MarkDuplicates	Tracking 316447 as yet unmatched pairs. 17463 records in RAM.
INFO	2015-04-01 11:03:14	MarkDuplicates	Read    25,000,000 records.  Elapsed time: 00:10:19s.  Time for last 1,000,000:   30s.  Last read position: chr14:54,909,796
INFO	2015-04-01 11:03:14	MarkDuplicates	Tracking 319378 as yet unmatched pairs. 10397 records in RAM.
INFO	2015-04-01 11:03:32	MarkDuplicates	Read    26,000,000 records.  Elapsed time: 00:10:40s.  Time for last 1,000,000:   21s.  Last read position: chr14:77,252,238
INFO	2015-04-01 11:03:32	MarkDuplicates	Tracking 326834 as yet unmatched pairs. 6375 records in RAM.
INFO	2015-04-01 11:03:47	MarkDuplicates	Read    27,000,000 records.  Elapsed time: 00:10:55s.  Time for last 1,000,000:   15s.  Last read position: chr15:35,935,728
INFO	2015-04-01 11:03:47	MarkDuplicates	Tracking 336699 as yet unmatched pairs. 11744 records in RAM.
INFO	2015-04-01 11:04:22	MarkDuplicates	Read    28,000,000 records.  Elapsed time: 00:11:31s.  Time for last 1,000,000:   35s.  Last read position: chr15:78,967,468
INFO	2015-04-01 11:04:22	MarkDuplicates	Tracking 335276 as yet unmatched pairs. 4343 records in RAM.
INFO	2015-04-01 11:04:41	MarkDuplicates	Read    29,000,000 records.  Elapsed time: 00:11:49s.  Time for last 1,000,000:   18s.  Last read position: chr15:97,809,521
INFO	2015-04-01 11:04:41	MarkDuplicates	Tracking 339362 as yet unmatched pairs. 2157 records in RAM.
INFO	2015-04-01 11:04:53	MarkDuplicates	Read    30,000,000 records.  Elapsed time: 00:11:58s.  Time for last 1,000,000:    9s.  Last read position: chr15:102,509,929
INFO	2015-04-01 11:04:53	MarkDuplicates	Tracking 355180 as yet unmatched pairs. 11541 records in RAM.
INFO	2015-04-01 11:05:29	MarkDuplicates	Read    31,000,000 records.  Elapsed time: 00:12:37s.  Time for last 1,000,000:   38s.  Last read position: chr16:20,542,230
INFO	2015-04-01 11:05:29	MarkDuplicates	Tracking 369424 as yet unmatched pairs. 8841 records in RAM.
INFO	2015-04-01 11:05:45	MarkDuplicates	Read    32,000,000 records.  Elapsed time: 00:12:51s.  Time for last 1,000,000:   14s.  Last read position: chr16:57,136,728
INFO	2015-04-01 11:05:45	MarkDuplicates	Tracking 374911 as yet unmatched pairs. 4265 records in RAM.
INFO	2015-04-01 11:06:02	MarkDuplicates	Read    33,000,000 records.  Elapsed time: 00:13:11s.  Time for last 1,000,000:   19s.  Last read position: chr17:10,213,707
INFO	2015-04-01 11:06:02	MarkDuplicates	Tracking 382817 as yet unmatched pairs. 26945 records in RAM.
INFO	2015-04-01 11:06:15	MarkDuplicates	Read    34,000,000 records.  Elapsed time: 00:13:21s.  Time for last 1,000,000:   10s.  Last read position: chr17:27,190,279
INFO	2015-04-01 11:06:15	MarkDuplicates	Tracking 387779 as yet unmatched pairs. 20716 records in RAM.
INFO	2015-04-01 11:06:50	MarkDuplicates	Read    35,000,000 records.  Elapsed time: 00:13:58s.  Time for last 1,000,000:   36s.  Last read position: chr17:35,834,948
INFO	2015-04-01 11:06:50	MarkDuplicates	Tracking 389656 as yet unmatched pairs. 13297 records in RAM.
INFO	2015-04-01 11:07:08	MarkDuplicates	Read    36,000,000 records.  Elapsed time: 00:14:13s.  Time for last 1,000,000:   14s.  Last read position: chr17:64,308,661
INFO	2015-04-01 11:07:08	MarkDuplicates	Tracking 394063 as yet unmatched pairs. 6168 records in RAM.
INFO	2015-04-01 11:07:32	MarkDuplicates	Read    37,000,000 records.  Elapsed time: 00:14:39s.  Time for last 1,000,000:   25s.  Last read position: chr18:20,682,687
INFO	2015-04-01 11:07:32	MarkDuplicates	Tracking 394840 as yet unmatched pairs. 16434 records in RAM.
INFO	2015-04-01 11:07:46	MarkDuplicates	Read    38,000,000 records.  Elapsed time: 00:14:54s.  Time for last 1,000,000:   15s.  Last read position: chr18:53,953,672
INFO	2015-04-01 11:07:46	MarkDuplicates	Tracking 398359 as yet unmatched pairs. 7337 records in RAM.
INFO	2015-04-01 11:08:27	MarkDuplicates	Read    39,000,000 records.  Elapsed time: 00:15:32s.  Time for last 1,000,000:   37s.  Last read position: chr19:4,117,903
INFO	2015-04-01 11:08:27	MarkDuplicates	Tracking 397763 as yet unmatched pairs. 17125 records in RAM.
INFO	2015-04-01 11:08:43	MarkDuplicates	Read    40,000,000 records.  Elapsed time: 00:15:49s.  Time for last 1,000,000:   17s.  Last read position: chr19:10,621,710
INFO	2015-04-01 11:08:43	MarkDuplicates	Tracking 398951 as yet unmatched pairs. 13450 records in RAM.
INFO	2015-04-01 11:09:05	MarkDuplicates	Read    41,000,000 records.  Elapsed time: 00:16:13s.  Time for last 1,000,000:   23s.  Last read position: chr19:46,531,371
INFO	2015-04-01 11:09:05	MarkDuplicates	Tracking 401188 as yet unmatched pairs. 6862 records in RAM.
INFO	2015-04-01 11:09:23	MarkDuplicates	Read    42,000,000 records.  Elapsed time: 00:16:29s.  Time for last 1,000,000:   16s.  Last read position: chr2:26,435,002
INFO	2015-04-01 11:09:23	MarkDuplicates	Tracking 401230 as yet unmatched pairs. 35572 records in RAM.
INFO	2015-04-01 11:10:03	MarkDuplicates	Read    43,000,000 records.  Elapsed time: 00:17:09s.  Time for last 1,000,000:   40s.  Last read position: chr2:36,117,300
INFO	2015-04-01 11:10:03	MarkDuplicates	Tracking 404653 as yet unmatched pairs. 29197 records in RAM.
INFO	2015-04-01 11:10:18	MarkDuplicates	Read    44,000,000 records.  Elapsed time: 00:17:25s.  Time for last 1,000,000:   15s.  Last read position: chr2:85,042,808
INFO	2015-04-01 11:10:18	MarkDuplicates	Tracking 406702 as yet unmatched pairs. 22115 records in RAM.
INFO	2015-04-01 11:10:34	MarkDuplicates	Read    45,000,000 records.  Elapsed time: 00:17:39s.  Time for last 1,000,000:   14s.  Last read position: chr2:121,185,657
INFO	2015-04-01 11:10:34	MarkDuplicates	Tracking 406468 as yet unmatched pairs. 17810 records in RAM.
INFO	2015-04-01 11:10:55	MarkDuplicates	Read    46,000,000 records.  Elapsed time: 00:18:01s.  Time for last 1,000,000:   21s.  Last read position: chr2:152,094,420
INFO	2015-04-01 11:10:55	MarkDuplicates	Tracking 405701 as yet unmatched pairs. 11284 records in RAM.
INFO	2015-04-01 11:11:09	MarkDuplicates	Read    47,000,000 records.  Elapsed time: 00:18:16s.  Time for last 1,000,000:   15s.  Last read position: chr2:167,036,717
INFO	2015-04-01 11:11:09	MarkDuplicates	Tracking 403525 as yet unmatched pairs. 4741 records in RAM.
INFO	2015-04-01 11:11:51	MarkDuplicates	Read    48,000,000 records.  Elapsed time: 00:19:00s.  Time for last 1,000,000:   43s.  Last read position: chr3:14,609,557
INFO	2015-04-01 11:11:51	MarkDuplicates	Tracking 404385 as yet unmatched pairs. 55459 records in RAM.
INFO	2015-04-01 11:12:05	MarkDuplicates	Read    49,000,000 records.  Elapsed time: 00:19:10s.  Time for last 1,000,000:   10s.  Last read position: chr3:65,946,706
INFO	2015-04-01 11:12:05	MarkDuplicates	Tracking 395279 as yet unmatched pairs. 34857 records in RAM.
INFO	2015-04-01 11:12:18	MarkDuplicates	Read    50,000,000 records.  Elapsed time: 00:19:24s.  Time for last 1,000,000:   13s.  Last read position: chr3:95,133,091
INFO	2015-04-01 11:12:18	MarkDuplicates	Tracking 386289 as yet unmatched pairs. 19772 records in RAM.
INFO	2015-04-01 11:12:36	MarkDuplicates	Read    51,000,000 records.  Elapsed time: 00:19:43s.  Time for last 1,000,000:   19s.  Last read position: chr3:121,457,806
INFO	2015-04-01 11:12:36	MarkDuplicates	Tracking 383105 as yet unmatched pairs. 13114 records in RAM.
INFO	2015-04-01 11:12:51	MarkDuplicates	Read    52,000,000 records.  Elapsed time: 00:19:56s.  Time for last 1,000,000:   13s.  Last read position: chr4:10,880,552
INFO	2015-04-01 11:12:51	MarkDuplicates	Tracking 389405 as yet unmatched pairs. 46184 records in RAM.
INFO	2015-04-01 11:13:05	MarkDuplicates	Read    53,000,000 records.  Elapsed time: 00:20:10s.  Time for last 1,000,000:   13s.  Last read position: chr4:52,486,607
INFO	2015-04-01 11:13:05	MarkDuplicates	Tracking 384667 as yet unmatched pairs. 38386 records in RAM.
INFO	2015-04-01 11:13:58	MarkDuplicates	Read    54,000,000 records.  Elapsed time: 00:21:06s.  Time for last 1,000,000:   55s.  Last read position: chr4:109,386,265
INFO	2015-04-01 11:13:58	MarkDuplicates	Tracking 379506 as yet unmatched pairs. 28771 records in RAM.
INFO	2015-04-01 11:14:16	MarkDuplicates	Read    55,000,000 records.  Elapsed time: 00:21:21s.  Time for last 1,000,000:   15s.  Last read position: chr4:129,531,658
INFO	2015-04-01 11:14:16	MarkDuplicates	Tracking 380328 as yet unmatched pairs. 21660 records in RAM.
INFO	2015-04-01 11:14:32	MarkDuplicates	Read    56,000,000 records.  Elapsed time: 00:21:38s.  Time for last 1,000,000:   17s.  Last read position: chr4:139,462,408
INFO	2015-04-01 11:14:32	MarkDuplicates	Tracking 380646 as yet unmatched pairs. 14184 records in RAM.
INFO	2015-04-01 11:14:56	MarkDuplicates	Read    57,000,000 records.  Elapsed time: 00:22:04s.  Time for last 1,000,000:   25s.  Last read position: chr5:5,782,151
INFO	2015-04-01 11:14:56	MarkDuplicates	Tracking 379484 as yet unmatched pairs. 56693 records in RAM.
INFO	2015-04-01 11:15:08	MarkDuplicates	Read    58,000,000 records.  Elapsed time: 00:22:15s.  Time for last 1,000,000:   10s.  Last read position: chr5:36,795,113
INFO	2015-04-01 11:15:08	MarkDuplicates	Tracking 385115 as yet unmatched pairs. 45868 records in RAM.
INFO	2015-04-01 11:15:22	MarkDuplicates	Read    59,000,000 records.  Elapsed time: 00:22:27s.  Time for last 1,000,000:   12s.  Last read position: chr5:100,035,504
INFO	2015-04-01 11:15:22	MarkDuplicates	Tracking 376836 as yet unmatched pairs. 35377 records in RAM.
INFO	2015-04-01 11:16:17	MarkDuplicates	Read    60,000,000 records.  Elapsed time: 00:23:26s.  Time for last 1,000,000:   58s.  Last read position: chr5:121,205,496
INFO	2015-04-01 11:16:17	MarkDuplicates	Tracking 387705 as yet unmatched pairs. 28432 records in RAM.
INFO	2015-04-01 11:16:29	MarkDuplicates	Read    61,000,000 records.  Elapsed time: 00:23:36s.  Time for last 1,000,000:   10s.  Last read position: chr5:134,627,626
INFO	2015-04-01 11:16:29	MarkDuplicates	Tracking 378715 as yet unmatched pairs. 17417 records in RAM.
INFO	2015-04-01 11:16:44	MarkDuplicates	Read    62,000,000 records.  Elapsed time: 00:23:48s.  Time for last 1,000,000:   11s.  Last read position: chr5:149,047,767
INFO	2015-04-01 11:16:44	MarkDuplicates	Tracking 370810 as yet unmatched pairs. 5776 records in RAM.
INFO	2015-04-01 11:17:01	MarkDuplicates	Read    63,000,000 records.  Elapsed time: 00:24:06s.  Time for last 1,000,000:   18s.  Last read position: chr6:34,771,106
INFO	2015-04-01 11:17:01	MarkDuplicates	Tracking 362653 as yet unmatched pairs. 38072 records in RAM.
INFO	2015-04-01 11:17:25	MarkDuplicates	Read    64,000,000 records.  Elapsed time: 00:24:31s.  Time for last 1,000,000:   24s.  Last read position: chr6:72,957,529
INFO	2015-04-01 11:17:25	MarkDuplicates	Tracking 356592 as yet unmatched pairs. 29987 records in RAM.
INFO	2015-04-01 11:17:39	MarkDuplicates	Read    65,000,000 records.  Elapsed time: 00:24:44s.  Time for last 1,000,000:   12s.  Last read position: chr6:115,807,057
INFO	2015-04-01 11:17:39	MarkDuplicates	Tracking 357263 as yet unmatched pairs. 27437 records in RAM.
INFO	2015-04-01 11:17:55	MarkDuplicates	Read    66,000,000 records.  Elapsed time: 00:25:00s.  Time for last 1,000,000:   16s.  Last read position: chr6:136,608,489
INFO	2015-04-01 11:17:55	MarkDuplicates	Tracking 341142 as yet unmatched pairs. 4676 records in RAM.
INFO	2015-04-01 11:18:10	MarkDuplicates	Read    67,000,000 records.  Elapsed time: 00:25:16s.  Time for last 1,000,000:   15s.  Last read position: chr7:16,945,096
INFO	2015-04-01 11:18:10	MarkDuplicates	Tracking 334688 as yet unmatched pairs. 70575 records in RAM.
INFO	2015-04-01 11:19:05	MarkDuplicates	Read    68,000,000 records.  Elapsed time: 00:26:12s.  Time for last 1,000,000:   56s.  Last read position: chr7:35,201,267
INFO	2015-04-01 11:19:05	MarkDuplicates	Tracking 324967 as yet unmatched pairs. 58797 records in RAM.
INFO	2015-04-01 11:19:20	MarkDuplicates	Read    69,000,000 records.  Elapsed time: 00:26:23s.  Time for last 1,000,000:   11s.  Last read position: chr7:75,776,107
INFO	2015-04-01 11:19:20	MarkDuplicates	Tracking 310710 as yet unmatched pairs. 43110 records in RAM.
INFO	2015-04-01 11:19:33	MarkDuplicates	Read    70,000,000 records.  Elapsed time: 00:26:38s.  Time for last 1,000,000:   14s.  Last read position: chr7:104,432,103
INFO	2015-04-01 11:19:33	MarkDuplicates	Tracking 301638 as yet unmatched pairs. 32491 records in RAM.
INFO	2015-04-01 11:19:52	MarkDuplicates	Read    71,000,000 records.  Elapsed time: 00:27:01s.  Time for last 1,000,000:   22s.  Last read position: chr7:126,872,262
INFO	2015-04-01 11:19:52	MarkDuplicates	Tracking 286804 as yet unmatched pairs. 16166 records in RAM.
INFO	2015-04-01 11:20:22	MarkDuplicates	Read    72,000,000 records.  Elapsed time: 00:27:30s.  Time for last 1,000,000:   29s.  Last read position: chr7:142,577,561
INFO	2015-04-01 11:20:22	MarkDuplicates	Tracking 290353 as yet unmatched pairs. 16994 records in RAM.
INFO	2015-04-01 11:20:40	MarkDuplicates	Read    73,000,000 records.  Elapsed time: 00:27:46s.  Time for last 1,000,000:   15s.  Last read position: chr8:20,145,634
INFO	2015-04-01 11:20:40	MarkDuplicates	Tracking 277976 as yet unmatched pairs. 66786 records in RAM.
INFO	2015-04-01 11:20:54	MarkDuplicates	Read    74,000,000 records.  Elapsed time: 00:27:59s.  Time for last 1,000,000:   12s.  Last read position: chr8:69,895,249
INFO	2015-04-01 11:20:54	MarkDuplicates	Tracking 263041 as yet unmatched pairs. 50489 records in RAM.
INFO	2015-04-01 11:21:07	MarkDuplicates	Read    75,000,000 records.  Elapsed time: 00:28:14s.  Time for last 1,000,000:   15s.  Last read position: chr8:88,156,504
INFO	2015-04-01 11:21:07	MarkDuplicates	Tracking 248368 as yet unmatched pairs. 34197 records in RAM.
INFO	2015-04-01 11:22:08	MarkDuplicates	Read    76,000,000 records.  Elapsed time: 00:29:16s.  Time for last 1,000,000:   61s.  Last read position: chr8:116,952,935
INFO	2015-04-01 11:22:08	MarkDuplicates	Tracking 229964 as yet unmatched pairs. 9871 records in RAM.
INFO	2015-04-01 11:22:22	MarkDuplicates	Read    77,000,000 records.  Elapsed time: 00:29:28s.  Time for last 1,000,000:   11s.  Last read position: chr9:21,354,083
INFO	2015-04-01 11:22:22	MarkDuplicates	Tracking 214939 as yet unmatched pairs. 93801 records in RAM.
INFO	2015-04-01 11:22:34	MarkDuplicates	Read    78,000,000 records.  Elapsed time: 00:29:40s.  Time for last 1,000,000:   12s.  Last read position: chr9:45,967,811
INFO	2015-04-01 11:22:34	MarkDuplicates	Tracking 189471 as yet unmatched pairs. 68089 records in RAM.
INFO	2015-04-01 11:22:46	MarkDuplicates	Read    79,000,000 records.  Elapsed time: 00:29:53s.  Time for last 1,000,000:   12s.  Last read position: chr9:65,694,104
INFO	2015-04-01 11:22:46	MarkDuplicates	Tracking 181472 as yet unmatched pairs. 53158 records in RAM.
INFO	2015-04-01 11:23:15	MarkDuplicates	Read    80,000,000 records.  Elapsed time: 00:30:20s.  Time for last 1,000,000:   26s.  Last read position: chr9:86,743,775
INFO	2015-04-01 11:23:15	MarkDuplicates	Tracking 170754 as yet unmatched pairs. 42213 records in RAM.
INFO	2015-04-01 11:23:30	MarkDuplicates	Read    81,000,000 records.  Elapsed time: 00:30:36s.  Time for last 1,000,000:   16s.  Last read position: chr9:108,948,617
INFO	2015-04-01 11:23:30	MarkDuplicates	Tracking 154052 as yet unmatched pairs. 25271 records in RAM.
INFO	2015-04-01 11:23:44	MarkDuplicates	Read    82,000,000 records.  Elapsed time: 00:30:51s.  Time for last 1,000,000:   15s.  Last read position: chrM:6,074
INFO	2015-04-01 11:23:44	MarkDuplicates	Tracking 139289 as yet unmatched pairs. 24319 records in RAM.
INFO	2015-04-01 11:24:00	MarkDuplicates	Read    83,000,000 records.  Elapsed time: 00:31:07s.  Time for last 1,000,000:   15s.  Last read position: chrX:20,682,584
INFO	2015-04-01 11:24:00	MarkDuplicates	Tracking 111047 as yet unmatched pairs. 48382 records in RAM.
INFO	2015-04-01 11:25:07	MarkDuplicates	Read    84,000,000 records.  Elapsed time: 00:32:15s.  Time for last 1,000,000:   68s.  Last read position: chrX:75,785,908
INFO	2015-04-01 11:25:07	MarkDuplicates	Tracking 90815 as yet unmatched pairs. 28105 records in RAM.
INFO	2015-04-01 11:25:20	MarkDuplicates	Read    85,000,000 records.  Elapsed time: 00:32:26s.  Time for last 1,000,000:   11s.  Last read position: chrX:136,733,115
INFO	2015-04-01 11:25:20	MarkDuplicates	Tracking 75370 as yet unmatched pairs. 12618 records in RAM.
INFO	2015-04-01 11:25:28	MarkDuplicates	Read 85829780 records. 60013 pairs never matched.
INFO	2015-04-01 11:26:02	MarkDuplicates	After buildSortedReadEndLists freeMemory: 14279215320; totalMemory: 24399380480; maxMemory: 38177538048
INFO	2015-04-01 11:26:02	MarkDuplicates	Will retain up to 1193048064 duplicate indices before spilling to disk.
INFO	2015-04-01 11:26:06	MarkDuplicates	Traversing read pair information and detecting duplicates.
INFO	2015-04-01 11:26:56	MarkDuplicates	Traversing fragment information and detecting duplicates.
INFO	2015-04-01 11:28:39	MarkDuplicates	Sorting list of duplicate records.
INFO	2015-04-01 11:30:07	MarkDuplicates	After generateDuplicateIndexes freeMemory: 24198303192; totalMemory: 33917960192; maxMemory: 38177538048
INFO	2015-04-01 11:30:07	MarkDuplicates	Marking 1208070 records as duplicates.
INFO	2015-04-01 11:30:07	MarkDuplicates	Found 51041 optical duplicate clusters.
INFO	2015-04-01 11:36:28	MarkDuplicates	Written    10,000,000 records.  Elapsed time: 00:06:20s.  Time for last 10,000,000:  380s.  Last read position: chr11:6,419,735
INFO	2015-04-01 11:42:05	MarkDuplicates	Written    20,000,000 records.  Elapsed time: 00:11:57s.  Time for last 10,000,000:  337s.  Last read position: chr12:110,578,107
INFO	2015-04-01 11:48:33	MarkDuplicates	Written    30,000,000 records.  Elapsed time: 00:18:23s.  Time for last 10,000,000:  385s.  Last read position: chr15:102,509,929
INFO	2015-04-01 11:55:43	MarkDuplicates	Written    40,000,000 records.  Elapsed time: 00:25:33s.  Time for last 10,000,000:  430s.  Last read position: chr19:10,621,710
INFO	2015-04-01 12:03:09	MarkDuplicates	Written    50,000,000 records.  Elapsed time: 00:32:58s.  Time for last 10,000,000:  445s.  Last read position: chr3:95,133,091
INFO	2015-04-01 12:10:32	MarkDuplicates	Written    60,000,000 records.  Elapsed time: 00:40:23s.  Time for last 10,000,000:  444s.  Last read position: chr5:121,205,496
INFO	2015-04-01 12:17:01	MarkDuplicates	Written    70,000,000 records.  Elapsed time: 00:46:50s.  Time for last 10,000,000:  387s.  Last read position: chr7:104,432,103
INFO	2015-04-01 12:22:51	MarkDuplicates	Written    80,000,000 records.  Elapsed time: 00:52:44s.  Time for last 10,000,000:  353s.  Last read position: chr9:86,743,775
INFO	2015-04-01 12:26:17	MarkDuplicates	Before output close freeMemory: 33787327672; totalMemory: 34060959744; maxMemory: 38177538048
INFO	2015-04-01 12:26:27	MarkDuplicates	After output close freeMemory: 33493595176; totalMemory: 33767227392; maxMemory: 38177538048
[Wed Apr 01 12:26:27 EDT 2015] net.sf.picard.sam.MarkDuplicates done. Elapsed time: 93.63 minutes.
Runtime.totalMemory()=33767227392
