[Wed Apr 01 10:32:03 EDT 2015] net.sf.picard.sam.MarkDuplicates INPUT=[/n/rinn_data1/users/agroff/seq/OtherMice/Diana/lincP21/bam/JR878/accepted_hits_sorted_picard.bam] OUTPUT=/n/rinn_data1/users/agroff/seq/OtherMice/Diana/lincP21/bam/JR878/accepted_hits_sorted_duplicates_marked.bam METRICS_FILE=dup_metrics.txt    PROGRAM_RECORD_ID=MarkDuplicates PROGRAM_GROUP_NAME=MarkDuplicates REMOVE_DUPLICATES=false ASSUME_SORTED=false MAX_SEQUENCES_FOR_DISK_READ_ENDS_MAP=50000 MAX_FILE_HANDLES_FOR_READ_ENDS_MAP=8000 SORTING_COLLECTION_SIZE_RATIO=0.25 READ_NAME_REGEX=[a-zA-Z0-9]+:[0-9]:([0-9]+):([0-9]+):([0-9]+).* OPTICAL_DUPLICATE_PIXEL_DISTANCE=100 VERBOSITY=INFO QUIET=false VALIDATION_STRINGENCY=STRICT COMPRESSION_LEVEL=5 MAX_RECORDS_IN_RAM=500000 CREATE_INDEX=false CREATE_MD5_FILE=false
[Wed Apr 01 10:32:03 EDT 2015] Executing as agroff@holy2a08201.rc.fas.harvard.edu on Linux 2.6.32-431.17.1.el6.x86_64 amd64; Java HotSpot(TM) 64-Bit Server VM 1.6.0_11-b03; Picard version: 1.98(1547)
INFO	2015-04-01 10:32:03	MarkDuplicates	Start of doWork freeMemory: 8437792; totalMemory: 9109504; maxMemory: 38177538048
INFO	2015-04-01 10:32:03	MarkDuplicates	Reading input file and constructing read end information.
INFO	2015-04-01 10:32:03	MarkDuplicates	Will retain up to 151498166 data points before spilling to disk.
INFO	2015-04-01 10:33:05	MarkDuplicates	Read     1,000,000 records.  Elapsed time: 00:01:00s.  Time for last 1,000,000:   60s.  Last read position: chr1:39,368,234
INFO	2015-04-01 10:33:05	MarkDuplicates	Tracking 48738 as yet unmatched pairs. 19878 records in RAM.
INFO	2015-04-01 10:33:34	MarkDuplicates	Read     2,000,000 records.  Elapsed time: 00:01:25s.  Time for last 1,000,000:   25s.  Last read position: chr1:46,808,431
INFO	2015-04-01 10:33:34	MarkDuplicates	Tracking 32109 as yet unmatched pairs. 667 records in RAM.
INFO	2015-04-01 10:34:03	MarkDuplicates	Read     3,000,000 records.  Elapsed time: 00:01:55s.  Time for last 1,000,000:   29s.  Last read position: chr1:72,861,295
INFO	2015-04-01 10:34:03	MarkDuplicates	Tracking 46228 as yet unmatched pairs. 1469 records in RAM.
INFO	2015-04-01 10:34:33	MarkDuplicates	Read     4,000,000 records.  Elapsed time: 00:02:20s.  Time for last 1,000,000:   25s.  Last read position: chr1:90,807,572
INFO	2015-04-01 10:34:33	MarkDuplicates	Tracking 54201 as yet unmatched pairs. 1065 records in RAM.
INFO	2015-04-01 10:35:03	MarkDuplicates	Read     5,000,000 records.  Elapsed time: 00:02:47s.  Time for last 1,000,000:   27s.  Last read position: chr1:135,143,800
INFO	2015-04-01 10:35:03	MarkDuplicates	Tracking 67998 as yet unmatched pairs. 451 records in RAM.
INFO	2015-04-01 10:35:35	MarkDuplicates	Read     6,000,000 records.  Elapsed time: 00:03:26s.  Time for last 1,000,000:   39s.  Last read position: chr1:167,224,905
INFO	2015-04-01 10:35:35	MarkDuplicates	Tracking 79464 as yet unmatched pairs. 443 records in RAM.
INFO	2015-04-01 10:36:03	MarkDuplicates	Read     7,000,000 records.  Elapsed time: 00:03:50s.  Time for last 1,000,000:   23s.  Last read position: chr1:189,652,768
INFO	2015-04-01 10:36:03	MarkDuplicates	Tracking 85771 as yet unmatched pairs. 177 records in RAM.
INFO	2015-04-01 10:36:32	MarkDuplicates	Read     8,000,000 records.  Elapsed time: 00:04:20s.  Time for last 1,000,000:   29s.  Last read position: chr10:29,698,891
INFO	2015-04-01 10:36:32	MarkDuplicates	Tracking 103108 as yet unmatched pairs. 6634 records in RAM.
INFO	2015-04-01 10:37:01	MarkDuplicates	Read     9,000,000 records.  Elapsed time: 00:04:50s.  Time for last 1,000,000:   29s.  Last read position: chr10:67,009,651
INFO	2015-04-01 10:37:01	MarkDuplicates	Tracking 111937 as yet unmatched pairs. 4669 records in RAM.
INFO	2015-04-01 10:37:26	MarkDuplicates	Read    10,000,000 records.  Elapsed time: 00:05:16s.  Time for last 1,000,000:   26s.  Last read position: chr10:80,404,240
INFO	2015-04-01 10:37:26	MarkDuplicates	Tracking 116317 as yet unmatched pairs. 5599 records in RAM.
INFO	2015-04-01 10:37:51	MarkDuplicates	Read    11,000,000 records.  Elapsed time: 00:05:38s.  Time for last 1,000,000:   21s.  Last read position: chr10:88,735,930
INFO	2015-04-01 10:37:51	MarkDuplicates	Tracking 120005 as yet unmatched pairs. 4957 records in RAM.
INFO	2015-04-01 10:38:24	MarkDuplicates	Read    12,000,000 records.  Elapsed time: 00:06:11s.  Time for last 1,000,000:   33s.  Last read position: chr10:121,588,607
INFO	2015-04-01 10:38:24	MarkDuplicates	Tracking 126003 as yet unmatched pairs. 553 records in RAM.
INFO	2015-04-01 10:38:50	MarkDuplicates	Read    13,000,000 records.  Elapsed time: 00:06:39s.  Time for last 1,000,000:   27s.  Last read position: chr10:128,912,291
INFO	2015-04-01 10:38:50	MarkDuplicates	Tracking 138835 as yet unmatched pairs. 1399 records in RAM.
INFO	2015-04-01 10:39:14	MarkDuplicates	Read    14,000,000 records.  Elapsed time: 00:07:02s.  Time for last 1,000,000:   23s.  Last read position: chr11:20,094,354
INFO	2015-04-01 10:39:14	MarkDuplicates	Tracking 156336 as yet unmatched pairs. 6976 records in RAM.
INFO	2015-04-01 10:39:40	MarkDuplicates	Read    15,000,000 records.  Elapsed time: 00:07:28s.  Time for last 1,000,000:   25s.  Last read position: chr11:32,517,183
INFO	2015-04-01 10:39:40	MarkDuplicates	Tracking 158456 as yet unmatched pairs. 7021 records in RAM.
INFO	2015-04-01 10:40:04	MarkDuplicates	Read    16,000,000 records.  Elapsed time: 00:07:59s.  Time for last 1,000,000:   30s.  Last read position: chr11:53,268,536
INFO	2015-04-01 10:40:04	MarkDuplicates	Tracking 166677 as yet unmatched pairs. 7047 records in RAM.
INFO	2015-04-01 10:40:17	MarkDuplicates	Read    17,000,000 records.  Elapsed time: 00:08:12s.  Time for last 1,000,000:   13s.  Last read position: chr11:62,552,342
INFO	2015-04-01 10:40:17	MarkDuplicates	Tracking 182839 as yet unmatched pairs. 20090 records in RAM.
INFO	2015-04-01 10:40:45	MarkDuplicates	Read    18,000,000 records.  Elapsed time: 00:08:40s.  Time for last 1,000,000:   27s.  Last read position: chr11:69,991,800
INFO	2015-04-01 10:40:45	MarkDuplicates	Tracking 172144 as yet unmatched pairs. 6936 records in RAM.
INFO	2015-04-01 10:40:57	MarkDuplicates	Read    19,000,000 records.  Elapsed time: 00:08:50s.  Time for last 1,000,000:   10s.  Last read position: chr11:78,466,766
INFO	2015-04-01 10:40:57	MarkDuplicates	Tracking 176262 as yet unmatched pairs. 3613 records in RAM.
INFO	2015-04-01 10:41:13	MarkDuplicates	Read    20,000,000 records.  Elapsed time: 00:09:06s.  Time for last 1,000,000:   16s.  Last read position: chr11:94,942,819
INFO	2015-04-01 10:41:13	MarkDuplicates	Tracking 186809 as yet unmatched pairs. 8084 records in RAM.
INFO	2015-04-01 10:41:37	MarkDuplicates	Read    21,000,000 records.  Elapsed time: 00:09:30s.  Time for last 1,000,000:   24s.  Last read position: chr11:98,625,015
INFO	2015-04-01 10:41:37	MarkDuplicates	Tracking 186598 as yet unmatched pairs. 2492 records in RAM.
INFO	2015-04-01 10:41:53	MarkDuplicates	Read    22,000,000 records.  Elapsed time: 00:09:46s.  Time for last 1,000,000:   15s.  Last read position: chr11:103,846,432
INFO	2015-04-01 10:41:53	MarkDuplicates	Tracking 193422 as yet unmatched pairs. 1634 records in RAM.
INFO	2015-04-01 10:42:23	MarkDuplicates	Read    23,000,000 records.  Elapsed time: 00:10:17s.  Time for last 1,000,000:   31s.  Last read position: chr11:116,852,747
INFO	2015-04-01 10:42:23	MarkDuplicates	Tracking 202176 as yet unmatched pairs. 1400 records in RAM.
INFO	2015-04-01 10:42:38	MarkDuplicates	Read    24,000,000 records.  Elapsed time: 00:10:33s.  Time for last 1,000,000:   15s.  Last read position: chr12:8,750,352
INFO	2015-04-01 10:42:38	MarkDuplicates	Tracking 211369 as yet unmatched pairs. 12791 records in RAM.
INFO	2015-04-01 10:42:49	MarkDuplicates	Read    25,000,000 records.  Elapsed time: 00:10:44s.  Time for last 1,000,000:   10s.  Last read position: chr12:51,396,703
INFO	2015-04-01 10:42:49	MarkDuplicates	Tracking 228118 as yet unmatched pairs. 11367 records in RAM.
INFO	2015-04-01 10:43:15	MarkDuplicates	Read    26,000,000 records.  Elapsed time: 00:11:09s.  Time for last 1,000,000:   24s.  Last read position: chr12:79,212,418
INFO	2015-04-01 10:43:15	MarkDuplicates	Tracking 244728 as yet unmatched pairs. 9752 records in RAM.
INFO	2015-04-01 10:43:27	MarkDuplicates	Read    27,000,000 records.  Elapsed time: 00:11:21s.  Time for last 1,000,000:   11s.  Last read position: chr12:109,459,796
INFO	2015-04-01 10:43:27	MarkDuplicates	Tracking 253249 as yet unmatched pairs. 12014 records in RAM.
INFO	2015-04-01 10:43:49	MarkDuplicates	Read    28,000,000 records.  Elapsed time: 00:11:42s.  Time for last 1,000,000:   21s.  Last read position: chr13:6,573,079
INFO	2015-04-01 10:43:49	MarkDuplicates	Tracking 248311 as yet unmatched pairs. 12608 records in RAM.
INFO	2015-04-01 10:44:22	MarkDuplicates	Read    29,000,000 records.  Elapsed time: 00:12:15s.  Time for last 1,000,000:   32s.  Last read position: chr13:47,098,630
INFO	2015-04-01 10:44:22	MarkDuplicates	Tracking 261085 as yet unmatched pairs. 10809 records in RAM.
INFO	2015-04-01 10:44:34	MarkDuplicates	Read    30,000,000 records.  Elapsed time: 00:12:27s.  Time for last 1,000,000:   11s.  Last read position: chr13:65,297,299
INFO	2015-04-01 10:44:34	MarkDuplicates	Tracking 268243 as yet unmatched pairs. 8350 records in RAM.
INFO	2015-04-01 10:44:59	MarkDuplicates	Read    31,000,000 records.  Elapsed time: 00:12:52s.  Time for last 1,000,000:   25s.  Last read position: chr13:98,310,177
INFO	2015-04-01 10:44:59	MarkDuplicates	Tracking 291412 as yet unmatched pairs. 5259 records in RAM.
INFO	2015-04-01 10:45:12	MarkDuplicates	Read    32,000,000 records.  Elapsed time: 00:13:05s.  Time for last 1,000,000:   12s.  Last read position: chr14:18,269,931
INFO	2015-04-01 10:45:12	MarkDuplicates	Tracking 312470 as yet unmatched pairs. 32853 records in RAM.
INFO	2015-04-01 10:45:49	MarkDuplicates	Read    33,000,000 records.  Elapsed time: 00:13:41s.  Time for last 1,000,000:   36s.  Last read position: chr14:32,398,893
INFO	2015-04-01 10:45:49	MarkDuplicates	Tracking 303296 as yet unmatched pairs. 16039 records in RAM.
INFO	2015-04-01 10:46:01	MarkDuplicates	Read    34,000,000 records.  Elapsed time: 00:13:54s.  Time for last 1,000,000:   12s.  Last read position: chr14:57,801,511
INFO	2015-04-01 10:46:01	MarkDuplicates	Tracking 307793 as yet unmatched pairs. 11603 records in RAM.
INFO	2015-04-01 10:46:21	MarkDuplicates	Read    35,000,000 records.  Elapsed time: 00:14:14s.  Time for last 1,000,000:   19s.  Last read position: chr14:76,237,051
INFO	2015-04-01 10:46:21	MarkDuplicates	Tracking 316459 as yet unmatched pairs. 10467 records in RAM.
INFO	2015-04-01 10:46:35	MarkDuplicates	Read    36,000,000 records.  Elapsed time: 00:14:27s.  Time for last 1,000,000:   13s.  Last read position: chr15:10,589,093
INFO	2015-04-01 10:46:35	MarkDuplicates	Tracking 321364 as yet unmatched pairs. 11425 records in RAM.
INFO	2015-04-01 10:47:09	MarkDuplicates	Read    37,000,000 records.  Elapsed time: 00:15:02s.  Time for last 1,000,000:   34s.  Last read position: chr15:55,519,270
INFO	2015-04-01 10:47:09	MarkDuplicates	Tracking 321302 as yet unmatched pairs. 5384 records in RAM.
INFO	2015-04-01 10:47:23	MarkDuplicates	Read    38,000,000 records.  Elapsed time: 00:15:14s.  Time for last 1,000,000:   12s.  Last read position: chr15:79,525,917
INFO	2015-04-01 10:47:23	MarkDuplicates	Tracking 323075 as yet unmatched pairs. 4092 records in RAM.
INFO	2015-04-01 10:47:42	MarkDuplicates	Read    39,000,000 records.  Elapsed time: 00:15:35s.  Time for last 1,000,000:   21s.  Last read position: chr15:92,444,195
INFO	2015-04-01 10:47:42	MarkDuplicates	Tracking 326133 as yet unmatched pairs. 1542 records in RAM.
INFO	2015-04-01 10:47:51	MarkDuplicates	Read    40,000,000 records.  Elapsed time: 00:15:46s.  Time for last 1,000,000:   11s.  Last read position: chr15:99,037,144
INFO	2015-04-01 10:47:51	MarkDuplicates	Tracking 341900 as yet unmatched pairs. 13595 records in RAM.
INFO	2015-04-01 10:48:03	MarkDuplicates	Read    41,000,000 records.  Elapsed time: 00:15:58s.  Time for last 1,000,000:   11s.  Last read position: chr15:103,296,607
INFO	2015-04-01 10:48:03	MarkDuplicates	Tracking 341172 as yet unmatched pairs. 626 records in RAM.
INFO	2015-04-01 10:48:36	MarkDuplicates	Read    42,000,000 records.  Elapsed time: 00:16:31s.  Time for last 1,000,000:   33s.  Last read position: chr16:20,679,636
INFO	2015-04-01 10:48:36	MarkDuplicates	Tracking 346775 as yet unmatched pairs. 7793 records in RAM.
INFO	2015-04-01 10:48:47	MarkDuplicates	Read    43,000,000 records.  Elapsed time: 00:16:42s.  Time for last 1,000,000:   10s.  Last read position: chr16:44,485,703
INFO	2015-04-01 10:48:47	MarkDuplicates	Tracking 351511 as yet unmatched pairs. 4910 records in RAM.
INFO	2015-04-01 10:49:05	MarkDuplicates	Read    44,000,000 records.  Elapsed time: 00:16:59s.  Time for last 1,000,000:   17s.  Last read position: chr16:94,462,243
INFO	2015-04-01 10:49:05	MarkDuplicates	Tracking 358447 as yet unmatched pairs. 1399 records in RAM.
INFO	2015-04-01 10:49:25	MarkDuplicates	Read    45,000,000 records.  Elapsed time: 00:17:14s.  Time for last 1,000,000:   15s.  Last read position: chr17:23,817,947
INFO	2015-04-01 10:49:25	MarkDuplicates	Tracking 363322 as yet unmatched pairs. 27092 records in RAM.
INFO	2015-04-01 10:49:43	MarkDuplicates	Read    46,000,000 records.  Elapsed time: 00:17:34s.  Time for last 1,000,000:   19s.  Last read position: chr17:28,748,241
INFO	2015-04-01 10:49:43	MarkDuplicates	Tracking 367872 as yet unmatched pairs. 18508 records in RAM.
INFO	2015-04-01 10:50:25	MarkDuplicates	Read    47,000,000 records.  Elapsed time: 00:18:18s.  Time for last 1,000,000:   44s.  Last read position: chr17:35,253,227
INFO	2015-04-01 10:50:25	MarkDuplicates	Tracking 367034 as yet unmatched pairs. 11259 records in RAM.
INFO	2015-04-01 10:50:44	MarkDuplicates	Read    48,000,000 records.  Elapsed time: 00:18:34s.  Time for last 1,000,000:   16s.  Last read position: chr17:46,891,281
INFO	2015-04-01 10:50:44	MarkDuplicates	Tracking 376338 as yet unmatched pairs. 7073 records in RAM.
INFO	2015-04-01 10:51:05	MarkDuplicates	Read    49,000,000 records.  Elapsed time: 00:18:54s.  Time for last 1,000,000:   19s.  Last read position: chr17:80,200,665
INFO	2015-04-01 10:51:05	MarkDuplicates	Tracking 380819 as yet unmatched pairs. 2683 records in RAM.
INFO	2015-04-01 10:51:29	MarkDuplicates	Read    50,000,000 records.  Elapsed time: 00:19:20s.  Time for last 1,000,000:   25s.  Last read position: chr18:31,783,643
INFO	2015-04-01 10:51:29	MarkDuplicates	Tracking 376046 as yet unmatched pairs. 13942 records in RAM.
INFO	2015-04-01 10:51:49	MarkDuplicates	Read    51,000,000 records.  Elapsed time: 00:19:38s.  Time for last 1,000,000:   18s.  Last read position: chr18:52,894,941
INFO	2015-04-01 10:51:49	MarkDuplicates	Tracking 382829 as yet unmatched pairs. 10399 records in RAM.
INFO	2015-04-01 10:52:07	MarkDuplicates	Read    52,000,000 records.  Elapsed time: 00:19:57s.  Time for last 1,000,000:   18s.  Last read position: chr18:75,001,373
INFO	2015-04-01 10:52:07	MarkDuplicates	Tracking 391111 as yet unmatched pairs. 12402 records in RAM.
INFO	2015-04-01 10:52:49	MarkDuplicates	Read    53,000,000 records.  Elapsed time: 00:20:41s.  Time for last 1,000,000:   44s.  Last read position: chr19:6,058,287
INFO	2015-04-01 10:52:49	MarkDuplicates	Tracking 385008 as yet unmatched pairs. 22174 records in RAM.
INFO	2015-04-01 10:53:06	MarkDuplicates	Read    54,000,000 records.  Elapsed time: 00:20:58s.  Time for last 1,000,000:   16s.  Last read position: chr19:12,468,289
INFO	2015-04-01 10:53:06	MarkDuplicates	Tracking 378999 as yet unmatched pairs. 12624 records in RAM.
INFO	2015-04-01 10:53:23	MarkDuplicates	Read    55,000,000 records.  Elapsed time: 00:21:15s.  Time for last 1,000,000:   17s.  Last read position: chr19:45,026,412
INFO	2015-04-01 10:53:23	MarkDuplicates	Tracking 382749 as yet unmatched pairs. 7494 records in RAM.
INFO	2015-04-01 10:53:47	MarkDuplicates	Read    56,000,000 records.  Elapsed time: 00:21:41s.  Time for last 1,000,000:   26s.  Last read position: chr2:13,580,090
INFO	2015-04-01 10:53:47	MarkDuplicates	Tracking 383253 as yet unmatched pairs. 43808 records in RAM.
INFO	2015-04-01 10:54:11	MarkDuplicates	Read    57,000,000 records.  Elapsed time: 00:21:59s.  Time for last 1,000,000:   18s.  Last read position: chr2:29,931,320
INFO	2015-04-01 10:54:11	MarkDuplicates	Tracking 385964 as yet unmatched pairs. 33111 records in RAM.
INFO	2015-04-01 10:54:36	MarkDuplicates	Read    58,000,000 records.  Elapsed time: 00:22:25s.  Time for last 1,000,000:   25s.  Last read position: chr2:44,988,252
INFO	2015-04-01 10:54:36	MarkDuplicates	Tracking 382850 as yet unmatched pairs. 24664 records in RAM.
INFO	2015-04-01 10:55:00	MarkDuplicates	Read    59,000,000 records.  Elapsed time: 00:22:47s.  Time for last 1,000,000:   22s.  Last read position: chr2:84,609,691
INFO	2015-04-01 10:55:00	MarkDuplicates	Tracking 388937 as yet unmatched pairs. 20700 records in RAM.
INFO	2015-04-01 10:56:09	MarkDuplicates	Read    60,000,000 records.  Elapsed time: 00:23:59s.  Time for last 1,000,000:   71s.  Last read position: chr2:118,715,370
INFO	2015-04-01 10:56:09	MarkDuplicates	Tracking 388951 as yet unmatched pairs. 17196 records in RAM.
INFO	2015-04-01 10:56:32	MarkDuplicates	Read    61,000,000 records.  Elapsed time: 00:24:23s.  Time for last 1,000,000:   24s.  Last read position: chr2:130,706,326
INFO	2015-04-01 10:56:32	MarkDuplicates	Tracking 390245 as yet unmatched pairs. 14200 records in RAM.
INFO	2015-04-01 10:57:03	MarkDuplicates	Read    62,000,000 records.  Elapsed time: 00:24:47s.  Time for last 1,000,000:   24s.  Last read position: chr2:156,159,042
INFO	2015-04-01 10:57:03	MarkDuplicates	Tracking 387790 as yet unmatched pairs. 8764 records in RAM.
INFO	2015-04-01 10:57:38	MarkDuplicates	Read    63,000,000 records.  Elapsed time: 00:25:26s.  Time for last 1,000,000:   38s.  Last read position: chr2:174,334,240
INFO	2015-04-01 10:57:38	MarkDuplicates	Tracking 393208 as yet unmatched pairs. 9536 records in RAM.
INFO	2015-04-01 10:58:05	MarkDuplicates	Read    64,000,000 records.  Elapsed time: 00:25:49s.  Time for last 1,000,000:   22s.  Last read position: chr3:19,219,559
INFO	2015-04-01 10:58:05	MarkDuplicates	Tracking 385010 as yet unmatched pairs. 62925 records in RAM.
INFO	2015-04-01 10:58:23	MarkDuplicates	Read    65,000,000 records.  Elapsed time: 00:26:11s.  Time for last 1,000,000:   22s.  Last read position: chr3:54,481,817
INFO	2015-04-01 10:58:23	MarkDuplicates	Tracking 377321 as yet unmatched pairs. 44173 records in RAM.
INFO	2015-04-01 10:58:46	MarkDuplicates	Read    66,000,000 records.  Elapsed time: 00:26:34s.  Time for last 1,000,000:   23s.  Last read position: chr3:87,977,117
INFO	2015-04-01 10:58:46	MarkDuplicates	Tracking 364058 as yet unmatched pairs. 26920 records in RAM.
INFO	2015-04-01 10:59:41	MarkDuplicates	Read    67,000,000 records.  Elapsed time: 00:27:31s.  Time for last 1,000,000:   56s.  Last read position: chr3:95,995,584
INFO	2015-04-01 10:59:41	MarkDuplicates	Tracking 360062 as yet unmatched pairs. 18082 records in RAM.
INFO	2015-04-01 11:00:04	MarkDuplicates	Read    68,000,000 records.  Elapsed time: 00:27:53s.  Time for last 1,000,000:   22s.  Last read position: chr3:121,455,076
INFO	2015-04-01 11:00:04	MarkDuplicates	Tracking 358824 as yet unmatched pairs. 14305 records in RAM.
INFO	2015-04-01 11:00:27	MarkDuplicates	Read    69,000,000 records.  Elapsed time: 00:28:17s.  Time for last 1,000,000:   24s.  Last read position: chr3:152,231,992
INFO	2015-04-01 11:00:27	MarkDuplicates	Tracking 364109 as yet unmatched pairs. 1045 records in RAM.
INFO	2015-04-01 11:00:51	MarkDuplicates	Read    70,000,000 records.  Elapsed time: 00:28:41s.  Time for last 1,000,000:   23s.  Last read position: chr4:41,768,059
INFO	2015-04-01 11:00:51	MarkDuplicates	Tracking 366989 as yet unmatched pairs. 44720 records in RAM.
INFO	2015-04-01 11:01:27	MarkDuplicates	Read    71,000,000 records.  Elapsed time: 00:29:22s.  Time for last 1,000,000:   41s.  Last read position: chr4:70,435,379
INFO	2015-04-01 11:01:27	MarkDuplicates	Tracking 358337 as yet unmatched pairs. 33841 records in RAM.
INFO	2015-04-01 11:01:59	MarkDuplicates	Read    72,000,000 records.  Elapsed time: 00:29:40s.  Time for last 1,000,000:   17s.  Last read position: chr4:116,601,106
INFO	2015-04-01 11:01:59	MarkDuplicates	Tracking 354409 as yet unmatched pairs. 26427 records in RAM.
INFO	2015-04-01 11:02:26	MarkDuplicates	Read    73,000,000 records.  Elapsed time: 00:30:07s.  Time for last 1,000,000:   27s.  Last read position: chr4:127,126,602
INFO	2015-04-01 11:02:26	MarkDuplicates	Tracking 359114 as yet unmatched pairs. 22663 records in RAM.
INFO	2015-04-01 11:02:53	MarkDuplicates	Read    74,000,000 records.  Elapsed time: 00:30:35s.  Time for last 1,000,000:   27s.  Last read position: chr4:135,865,258
INFO	2015-04-01 11:02:53	MarkDuplicates	Tracking 363183 as yet unmatched pairs. 19214 records in RAM.
INFO	2015-04-01 11:03:20	MarkDuplicates	Read    75,000,000 records.  Elapsed time: 00:31:00s.  Time for last 1,000,000:   25s.  Last read position: chr4:149,251,771
INFO	2015-04-01 11:03:20	MarkDuplicates	Tracking 356858 as yet unmatched pairs. 7547 records in RAM.
INFO	2015-04-01 11:04:20	MarkDuplicates	Read    76,000,000 records.  Elapsed time: 00:32:10s.  Time for last 1,000,000:   69s.  Last read position: chr5:20,952,441
INFO	2015-04-01 11:04:20	MarkDuplicates	Tracking 365368 as yet unmatched pairs. 54420 records in RAM.
INFO	2015-04-01 11:04:52	MarkDuplicates	Read    77,000,000 records.  Elapsed time: 00:32:34s.  Time for last 1,000,000:   23s.  Last read position: chr5:37,419,133
INFO	2015-04-01 11:04:52	MarkDuplicates	Tracking 361079 as yet unmatched pairs. 46718 records in RAM.
INFO	2015-04-01 11:05:18	MarkDuplicates	Read    78,000,000 records.  Elapsed time: 00:33:01s.  Time for last 1,000,000:   27s.  Last read position: chr5:92,196,488
INFO	2015-04-01 11:05:18	MarkDuplicates	Tracking 352821 as yet unmatched pairs. 36835 records in RAM.
INFO	2015-04-01 11:05:44	MarkDuplicates	Read    79,000,000 records.  Elapsed time: 00:33:29s.  Time for last 1,000,000:   28s.  Last read position: chr5:115,074,892
INFO	2015-04-01 11:05:44	MarkDuplicates	Tracking 358297 as yet unmatched pairs. 31484 records in RAM.
INFO	2015-04-01 11:06:25	MarkDuplicates	Read    80,000,000 records.  Elapsed time: 00:34:10s.  Time for last 1,000,000:   40s.  Last read position: chr5:123,165,870
INFO	2015-04-01 11:06:25	MarkDuplicates	Tracking 359226 as yet unmatched pairs. 20067 records in RAM.
INFO	2015-04-01 11:06:44	MarkDuplicates	Read    81,000,000 records.  Elapsed time: 00:34:33s.  Time for last 1,000,000:   23s.  Last read position: chr5:134,703,709
INFO	2015-04-01 11:06:44	MarkDuplicates	Tracking 355779 as yet unmatched pairs. 15348 records in RAM.
INFO	2015-04-01 11:07:08	MarkDuplicates	Read    82,000,000 records.  Elapsed time: 00:34:55s.  Time for last 1,000,000:   22s.  Last read position: chr5:143,928,819
INFO	2015-04-01 11:07:08	MarkDuplicates	Tracking 351448 as yet unmatched pairs. 7643 records in RAM.
INFO	2015-04-01 11:07:32	MarkDuplicates	Read    83,000,000 records.  Elapsed time: 00:35:20s.  Time for last 1,000,000:   24s.  Last read position: chr6:4,540,837
INFO	2015-04-01 11:07:32	MarkDuplicates	Tracking 342192 as yet unmatched pairs. 50866 records in RAM.
INFO	2015-04-01 11:08:28	MarkDuplicates	Read    84,000,000 records.  Elapsed time: 00:36:23s.  Time for last 1,000,000:   63s.  Last read position: chr6:35,511,069
INFO	2015-04-01 11:08:28	MarkDuplicates	Tracking 331242 as yet unmatched pairs. 38026 records in RAM.
INFO	2015-04-01 11:08:53	MarkDuplicates	Read    85,000,000 records.  Elapsed time: 00:36:42s.  Time for last 1,000,000:   19s.  Last read position: chr6:67,272,909
INFO	2015-04-01 11:08:53	MarkDuplicates	Tracking 327979 as yet unmatched pairs. 33341 records in RAM.
INFO	2015-04-01 11:09:15	MarkDuplicates	Read    86,000,000 records.  Elapsed time: 00:37:05s.  Time for last 1,000,000:   22s.  Last read position: chr6:91,488,042
INFO	2015-04-01 11:09:15	MarkDuplicates	Tracking 323657 as yet unmatched pairs. 26162 records in RAM.
INFO	2015-04-01 11:09:39	MarkDuplicates	Read    87,000,000 records.  Elapsed time: 00:37:27s.  Time for last 1,000,000:   21s.  Last read position: chr6:124,812,622
INFO	2015-04-01 11:09:39	MarkDuplicates	Tracking 319574 as yet unmatched pairs. 20343 records in RAM.
INFO	2015-04-01 11:10:03	MarkDuplicates	Read    88,000,000 records.  Elapsed time: 00:37:50s.  Time for last 1,000,000:   23s.  Last read position: chr6:141,500,905
INFO	2015-04-01 11:10:03	MarkDuplicates	Tracking 308668 as yet unmatched pairs. 3632 records in RAM.
INFO	2015-04-01 11:10:40	MarkDuplicates	Read    89,000,000 records.  Elapsed time: 00:38:27s.  Time for last 1,000,000:   36s.  Last read position: chr7:13,291,468
INFO	2015-04-01 11:10:40	MarkDuplicates	Tracking 303480 as yet unmatched pairs. 71709 records in RAM.
INFO	2015-04-01 11:11:04	MarkDuplicates	Read    90,000,000 records.  Elapsed time: 00:38:51s.  Time for last 1,000,000:   23s.  Last read position: chr7:28,386,978
INFO	2015-04-01 11:11:04	MarkDuplicates	Tracking 294790 as yet unmatched pairs. 62024 records in RAM.
INFO	2015-04-01 11:11:28	MarkDuplicates	Read    91,000,000 records.  Elapsed time: 00:39:16s.  Time for last 1,000,000:   25s.  Last read position: chr7:45,126,734
INFO	2015-04-01 11:11:28	MarkDuplicates	Tracking 303145 as yet unmatched pairs. 68936 records in RAM.
INFO	2015-04-01 11:11:52	MarkDuplicates	Read    92,000,000 records.  Elapsed time: 00:39:41s.  Time for last 1,000,000:   25s.  Last read position: chr7:80,115,248
INFO	2015-04-01 11:11:52	MarkDuplicates	Tracking 278278 as yet unmatched pairs. 43124 records in RAM.
INFO	2015-04-01 11:13:02	MarkDuplicates	Read    93,000,000 records.  Elapsed time: 00:40:52s.  Time for last 1,000,000:   70s.  Last read position: chr7:101,900,062
INFO	2015-04-01 11:13:02	MarkDuplicates	Tracking 265842 as yet unmatched pairs. 29856 records in RAM.
INFO	2015-04-01 11:13:20	MarkDuplicates	Read    94,000,000 records.  Elapsed time: 00:41:10s.  Time for last 1,000,000:   18s.  Last read position: chr7:112,589,754
INFO	2015-04-01 11:13:20	MarkDuplicates	Tracking 259149 as yet unmatched pairs. 22543 records in RAM.
INFO	2015-04-01 11:13:35	MarkDuplicates	Read    95,000,000 records.  Elapsed time: 00:41:25s.  Time for last 1,000,000:   14s.  Last read position: chr7:127,404,105
INFO	2015-04-01 11:13:35	MarkDuplicates	Tracking 248809 as yet unmatched pairs. 10147 records in RAM.
INFO	2015-04-01 11:13:53	MarkDuplicates	Read    96,000,000 records.  Elapsed time: 00:41:43s.  Time for last 1,000,000:   18s.  Last read position: chr7:142,575,864
INFO	2015-04-01 11:13:53	MarkDuplicates	Tracking 280949 as yet unmatched pairs. 40006 records in RAM.
INFO	2015-04-01 11:14:26	MarkDuplicates	Read    97,000,000 records.  Elapsed time: 00:42:17s.  Time for last 1,000,000:   33s.  Last read position: chr7:142,652,306
INFO	2015-04-01 11:14:26	MarkDuplicates	Tracking 244618 as yet unmatched pairs. 3398 records in RAM.
INFO	2015-04-01 11:14:41	MarkDuplicates	Read    98,000,000 records.  Elapsed time: 00:42:33s.  Time for last 1,000,000:   15s.  Last read position: chr8:13,376,628
INFO	2015-04-01 11:14:41	MarkDuplicates	Tracking 237199 as yet unmatched pairs. 69486 records in RAM.
INFO	2015-04-01 11:14:57	MarkDuplicates	Read    99,000,000 records.  Elapsed time: 00:42:47s.  Time for last 1,000,000:   14s.  Last read position: chr8:46,638,091
INFO	2015-04-01 11:14:57	MarkDuplicates	Tracking 231737 as yet unmatched pairs. 63310 records in RAM.
INFO	2015-04-01 11:15:12	MarkDuplicates	Read   100,000,000 records.  Elapsed time: 00:43:01s.  Time for last 1,000,000:   14s.  Last read position: chr8:75,124,479
INFO	2015-04-01 11:15:12	MarkDuplicates	Tracking 213572 as yet unmatched pairs. 42984 records in RAM.
INFO	2015-04-01 11:15:34	MarkDuplicates	Read   101,000,000 records.  Elapsed time: 00:43:20s.  Time for last 1,000,000:   18s.  Last read position: chr8:102,633,717
INFO	2015-04-01 11:15:34	MarkDuplicates	Tracking 206553 as yet unmatched pairs. 34955 records in RAM.
INFO	2015-04-01 11:16:33	MarkDuplicates	Read   102,000,000 records.  Elapsed time: 00:44:22s.  Time for last 1,000,000:   62s.  Last read position: chr8:119,547,662
INFO	2015-04-01 11:16:33	MarkDuplicates	Tracking 187148 as yet unmatched pairs. 9006 records in RAM.
INFO	2015-04-01 11:16:55	MarkDuplicates	Read   103,000,000 records.  Elapsed time: 00:44:42s.  Time for last 1,000,000:   19s.  Last read position: chr9:18,308,784
INFO	2015-04-01 11:16:55	MarkDuplicates	Tracking 173167 as yet unmatched pairs. 109844 records in RAM.
INFO	2015-04-01 11:17:17	MarkDuplicates	Read   104,000,000 records.  Elapsed time: 00:45:03s.  Time for last 1,000,000:   20s.  Last read position: chr9:40,804,338
INFO	2015-04-01 11:17:17	MarkDuplicates	Tracking 158742 as yet unmatched pairs. 95260 records in RAM.
INFO	2015-04-01 11:17:39	MarkDuplicates	Read   105,000,000 records.  Elapsed time: 00:45:24s.  Time for last 1,000,000:   21s.  Last read position: chr9:56,147,107
INFO	2015-04-01 11:17:39	MarkDuplicates	Tracking 150316 as yet unmatched pairs. 78349 records in RAM.
INFO	2015-04-01 11:18:09	MarkDuplicates	Read   106,000,000 records.  Elapsed time: 00:45:55s.  Time for last 1,000,000:   30s.  Last read position: chr9:65,839,520
INFO	2015-04-01 11:18:09	MarkDuplicates	Tracking 137851 as yet unmatched pairs. 65749 records in RAM.
INFO	2015-04-01 11:18:24	MarkDuplicates	Read   107,000,000 records.  Elapsed time: 00:46:15s.  Time for last 1,000,000:   20s.  Last read position: chr9:78,478,829
INFO	2015-04-01 11:18:24	MarkDuplicates	Tracking 176735 as yet unmatched pairs. 104510 records in RAM.
INFO	2015-04-01 11:18:44	MarkDuplicates	Read   108,000,000 records.  Elapsed time: 00:46:33s.  Time for last 1,000,000:   17s.  Last read position: chr9:84,424,424
INFO	2015-04-01 11:18:44	MarkDuplicates	Tracking 129910 as yet unmatched pairs. 57605 records in RAM.
INFO	2015-04-01 11:19:04	MarkDuplicates	Read   109,000,000 records.  Elapsed time: 00:46:50s.  Time for last 1,000,000:   17s.  Last read position: chr9:107,572,354
INFO	2015-04-01 11:19:04	MarkDuplicates	Tracking 107947 as yet unmatched pairs. 35473 records in RAM.
INFO	2015-04-01 11:20:19	MarkDuplicates	Read   110,000,000 records.  Elapsed time: 00:48:14s.  Time for last 1,000,000:   83s.  Last read position: chr9:120,130,358
INFO	2015-04-01 11:20:19	MarkDuplicates	Tracking 99372 as yet unmatched pairs. 26776 records in RAM.
INFO	2015-04-01 11:20:40	MarkDuplicates	Read   111,000,000 records.  Elapsed time: 00:48:26s.  Time for last 1,000,000:   11s.  Last read position: chrM:5,594
INFO	2015-04-01 11:20:40	MarkDuplicates	Tracking 94807 as yet unmatched pairs. 38051 records in RAM.
INFO	2015-04-01 11:20:56	MarkDuplicates	Read   112,000,000 records.  Elapsed time: 00:48:47s.  Time for last 1,000,000:   21s.  Last read position: chrM:7,507
INFO	2015-04-01 11:20:56	MarkDuplicates	Tracking 97520 as yet unmatched pairs. 40732 records in RAM.
INFO	2015-04-01 11:21:16	MarkDuplicates	Read   113,000,000 records.  Elapsed time: 00:49:05s.  Time for last 1,000,000:   18s.  Last read position: chrM:10,021
INFO	2015-04-01 11:21:16	MarkDuplicates	Tracking 68263 as yet unmatched pairs. 11445 records in RAM.
INFO	2015-04-01 11:21:32	MarkDuplicates	Read   114,000,000 records.  Elapsed time: 00:49:25s.  Time for last 1,000,000:   19s.  Last read position: chrX:12,616,382
INFO	2015-04-01 11:21:32	MarkDuplicates	Tracking 53607 as yet unmatched pairs. 49089 records in RAM.
INFO	2015-04-01 11:22:01	MarkDuplicates	Read   115,000,000 records.  Elapsed time: 00:49:52s.  Time for last 1,000,000:   27s.  Last read position: chrX:70,462,294
INFO	2015-04-01 11:22:01	MarkDuplicates	Tracking 41394 as yet unmatched pairs. 36832 records in RAM.
INFO	2015-04-01 11:22:20	MarkDuplicates	Read   116,000,000 records.  Elapsed time: 00:50:11s.  Time for last 1,000,000:   18s.  Last read position: chrX:101,448,238
INFO	2015-04-01 11:22:20	MarkDuplicates	Tracking 25870 as yet unmatched pairs. 21292 records in RAM.
INFO	2015-04-01 11:22:40	MarkDuplicates	Read   117,000,000 records.  Elapsed time: 00:50:30s.  Time for last 1,000,000:   19s.  Last read position: chrX:139,009,205
INFO	2015-04-01 11:22:40	MarkDuplicates	Tracking 18223 as yet unmatched pairs. 13618 records in RAM.
INFO	2015-04-01 11:22:52	MarkDuplicates	Read 117968028 records. 0 pairs never matched.
INFO	2015-04-01 11:23:30	MarkDuplicates	After buildSortedReadEndLists freeMemory: 13689655808; totalMemory: 26661552128; maxMemory: 38177538048
INFO	2015-04-01 11:23:30	MarkDuplicates	Will retain up to 1193048064 duplicate indices before spilling to disk.
INFO	2015-04-01 11:23:33	MarkDuplicates	Traversing read pair information and detecting duplicates.
INFO	2015-04-01 11:24:30	MarkDuplicates	Traversing fragment information and detecting duplicates.
INFO	2015-04-01 11:26:16	MarkDuplicates	Sorting list of duplicate records.
INFO	2015-04-01 11:26:27	MarkDuplicates	After generateDuplicateIndexes freeMemory: 16933111008; totalMemory: 26661552128; maxMemory: 38177538048
INFO	2015-04-01 11:26:27	MarkDuplicates	Marking 22614287 records as duplicates.
INFO	2015-04-01 11:26:27	MarkDuplicates	Found 6576839 optical duplicate clusters.
INFO	2015-04-01 11:31:32	MarkDuplicates	Written    10,000,000 records.  Elapsed time: 00:05:05s.  Time for last 10,000,000:  305s.  Last read position: chr10:80,404,240
INFO	2015-04-01 11:36:56	MarkDuplicates	Written    20,000,000 records.  Elapsed time: 00:10:29s.  Time for last 10,000,000:  324s.  Last read position: chr11:94,942,819
INFO	2015-04-01 11:42:20	MarkDuplicates	Written    30,000,000 records.  Elapsed time: 00:15:53s.  Time for last 10,000,000:  323s.  Last read position: chr13:65,297,299
INFO	2015-04-01 11:47:59	MarkDuplicates	Written    40,000,000 records.  Elapsed time: 00:21:28s.  Time for last 10,000,000:  335s.  Last read position: chr15:99,037,144
INFO	2015-04-01 11:53:31	MarkDuplicates	Written    50,000,000 records.  Elapsed time: 00:27:03s.  Time for last 10,000,000:  335s.  Last read position: chr18:31,783,643
INFO	2015-04-01 11:59:09	MarkDuplicates	Written    60,000,000 records.  Elapsed time: 00:32:42s.  Time for last 10,000,000:  338s.  Last read position: chr2:118,715,370
INFO	2015-04-01 12:04:25	MarkDuplicates	Written    70,000,000 records.  Elapsed time: 00:37:58s.  Time for last 10,000,000:  316s.  Last read position: chr4:41,768,059
INFO	2015-04-01 12:09:47	MarkDuplicates	Written    80,000,000 records.  Elapsed time: 00:43:18s.  Time for last 10,000,000:  320s.  Last read position: chr5:123,165,870
INFO	2015-04-01 12:14:42	MarkDuplicates	Written    90,000,000 records.  Elapsed time: 00:48:15s.  Time for last 10,000,000:  297s.  Last read position: chr7:28,386,978
INFO	2015-04-01 12:20:22	MarkDuplicates	Written   100,000,000 records.  Elapsed time: 00:53:54s.  Time for last 10,000,000:  338s.  Last read position: chr8:75,124,479
INFO	2015-04-01 12:25:22	MarkDuplicates	Written   110,000,000 records.  Elapsed time: 00:58:55s.  Time for last 10,000,000:  301s.  Last read position: chr9:120,130,358
INFO	2015-04-01 12:29:00	MarkDuplicates	Before output close freeMemory: 26615538048; totalMemory: 26890076160; maxMemory: 38177538048
INFO	2015-04-01 12:29:09	MarkDuplicates	After output close freeMemory: 26360365624; totalMemory: 26634682368; maxMemory: 38177538048
[Wed Apr 01 12:29:09 EDT 2015] net.sf.picard.sam.MarkDuplicates done. Elapsed time: 117.11 minutes.
Runtime.totalMemory()=26634682368
