[Wed Apr 01 10:52:54 EDT 2015] net.sf.picard.sam.MarkDuplicates INPUT=[/n/rinn_data1/users/agroff/seq/OtherMice/Diana/lincP21/bam/JR915/accepted_hits_sorted_picard.bam] OUTPUT=/n/rinn_data1/users/agroff/seq/OtherMice/Diana/lincP21/bam/JR915/accepted_hits_sorted_duplicates_marked.bam METRICS_FILE=dup_metrics.txt    PROGRAM_RECORD_ID=MarkDuplicates PROGRAM_GROUP_NAME=MarkDuplicates REMOVE_DUPLICATES=false ASSUME_SORTED=false MAX_SEQUENCES_FOR_DISK_READ_ENDS_MAP=50000 MAX_FILE_HANDLES_FOR_READ_ENDS_MAP=8000 SORTING_COLLECTION_SIZE_RATIO=0.25 READ_NAME_REGEX=[a-zA-Z0-9]+:[0-9]:([0-9]+):([0-9]+):([0-9]+).* OPTICAL_DUPLICATE_PIXEL_DISTANCE=100 VERBOSITY=INFO QUIET=false VALIDATION_STRINGENCY=STRICT COMPRESSION_LEVEL=5 MAX_RECORDS_IN_RAM=500000 CREATE_INDEX=false CREATE_MD5_FILE=false
[Wed Apr 01 10:52:54 EDT 2015] Executing as agroff@holy2a07106.rc.fas.harvard.edu on Linux 2.6.32-431.17.1.el6.x86_64 amd64; Java HotSpot(TM) 64-Bit Server VM 1.6.0_11-b03; Picard version: 1.98(1547)
INFO	2015-04-01 10:52:55	MarkDuplicates	Start of doWork freeMemory: 8625024; totalMemory: 9109504; maxMemory: 38177538048
INFO	2015-04-01 10:52:55	MarkDuplicates	Reading input file and constructing read end information.
INFO	2015-04-01 10:52:55	MarkDuplicates	Will retain up to 151498166 data points before spilling to disk.
INFO	2015-04-01 10:54:39	MarkDuplicates	Read     1,000,000 records.  Elapsed time: 00:01:41s.  Time for last 1,000,000:  101s.  Last read position: chr1:38,053,117
INFO	2015-04-01 10:54:39	MarkDuplicates	Tracking 35771 as yet unmatched pairs. 475 records in RAM.
INFO	2015-04-01 10:55:17	MarkDuplicates	Read     2,000,000 records.  Elapsed time: 00:02:19s.  Time for last 1,000,000:   38s.  Last read position: chr1:58,440,843
INFO	2015-04-01 10:55:17	MarkDuplicates	Tracking 45988 as yet unmatched pairs. 665 records in RAM.
INFO	2015-04-01 10:55:59	MarkDuplicates	Read     3,000,000 records.  Elapsed time: 00:03:01s.  Time for last 1,000,000:   41s.  Last read position: chr1:80,280,839
INFO	2015-04-01 10:55:59	MarkDuplicates	Tracking 52855 as yet unmatched pairs. 797 records in RAM.
INFO	2015-04-01 10:56:39	MarkDuplicates	Read     4,000,000 records.  Elapsed time: 00:03:38s.  Time for last 1,000,000:   37s.  Last read position: chr1:118,608,446
INFO	2015-04-01 10:56:39	MarkDuplicates	Tracking 65780 as yet unmatched pairs. 622 records in RAM.
INFO	2015-04-01 10:57:05	MarkDuplicates	Read     5,000,000 records.  Elapsed time: 00:04:07s.  Time for last 1,000,000:   28s.  Last read position: chr1:155,275,907
INFO	2015-04-01 10:57:05	MarkDuplicates	Tracking 74762 as yet unmatched pairs. 447 records in RAM.
INFO	2015-04-01 10:57:36	MarkDuplicates	Read     6,000,000 records.  Elapsed time: 00:04:38s.  Time for last 1,000,000:   31s.  Last read position: chr1:180,412,747
INFO	2015-04-01 10:57:36	MarkDuplicates	Tracking 83638 as yet unmatched pairs. 215 records in RAM.
INFO	2015-04-01 10:58:02	MarkDuplicates	Read     7,000,000 records.  Elapsed time: 00:05:04s.  Time for last 1,000,000:   25s.  Last read position: chr10:18,023,087
INFO	2015-04-01 10:58:02	MarkDuplicates	Tracking 92938 as yet unmatched pairs. 5175 records in RAM.
INFO	2015-04-01 10:58:29	MarkDuplicates	Read     8,000,000 records.  Elapsed time: 00:05:31s.  Time for last 1,000,000:   27s.  Last read position: chr10:60,296,288
INFO	2015-04-01 10:58:29	MarkDuplicates	Tracking 109662 as yet unmatched pairs. 5992 records in RAM.
INFO	2015-04-01 10:58:53	MarkDuplicates	Read     9,000,000 records.  Elapsed time: 00:05:56s.  Time for last 1,000,000:   24s.  Last read position: chr10:80,274,507
INFO	2015-04-01 10:58:53	MarkDuplicates	Tracking 113540 as yet unmatched pairs. 5004 records in RAM.
INFO	2015-04-01 10:59:17	MarkDuplicates	Read    10,000,000 records.  Elapsed time: 00:06:19s.  Time for last 1,000,000:   23s.  Last read position: chr10:88,126,224
INFO	2015-04-01 10:59:17	MarkDuplicates	Tracking 116853 as yet unmatched pairs. 3977 records in RAM.
INFO	2015-04-01 10:59:49	MarkDuplicates	Read    11,000,000 records.  Elapsed time: 00:06:49s.  Time for last 1,000,000:   30s.  Last read position: chr10:126,999,590
INFO	2015-04-01 10:59:49	MarkDuplicates	Tracking 124767 as yet unmatched pairs. 1147 records in RAM.
INFO	2015-04-01 11:00:19	MarkDuplicates	Read    12,000,000 records.  Elapsed time: 00:07:21s.  Time for last 1,000,000:   31s.  Last read position: chr11:4,808,320
INFO	2015-04-01 11:00:19	MarkDuplicates	Tracking 136932 as yet unmatched pairs. 7092 records in RAM.
INFO	2015-04-01 11:00:39	MarkDuplicates	Read    13,000,000 records.  Elapsed time: 00:07:40s.  Time for last 1,000,000:   18s.  Last read position: chr11:29,218,576
INFO	2015-04-01 11:00:39	MarkDuplicates	Tracking 150895 as yet unmatched pairs. 7076 records in RAM.
INFO	2015-04-01 11:01:05	MarkDuplicates	Read    14,000,000 records.  Elapsed time: 00:08:06s.  Time for last 1,000,000:   26s.  Last read position: chr11:49,261,476
INFO	2015-04-01 11:01:05	MarkDuplicates	Tracking 158140 as yet unmatched pairs. 6823 records in RAM.
INFO	2015-04-01 11:01:26	MarkDuplicates	Read    15,000,000 records.  Elapsed time: 00:08:28s.  Time for last 1,000,000:   21s.  Last read position: chr11:59,507,277
INFO	2015-04-01 11:01:26	MarkDuplicates	Tracking 161276 as yet unmatched pairs. 6463 records in RAM.
INFO	2015-04-01 11:01:54	MarkDuplicates	Read    16,000,000 records.  Elapsed time: 00:08:57s.  Time for last 1,000,000:   28s.  Last read position: chr11:69,347,160
INFO	2015-04-01 11:01:54	MarkDuplicates	Tracking 165186 as yet unmatched pairs. 6708 records in RAM.
INFO	2015-04-01 11:02:32	MarkDuplicates	Read    17,000,000 records.  Elapsed time: 00:09:31s.  Time for last 1,000,000:   34s.  Last read position: chr11:77,449,633
INFO	2015-04-01 11:02:32	MarkDuplicates	Tracking 167874 as yet unmatched pairs. 5425 records in RAM.
INFO	2015-04-01 11:02:52	MarkDuplicates	Read    18,000,000 records.  Elapsed time: 00:09:53s.  Time for last 1,000,000:   21s.  Last read position: chr11:94,123,346
INFO	2015-04-01 11:02:52	MarkDuplicates	Tracking 175217 as yet unmatched pairs. 3099 records in RAM.
INFO	2015-04-01 11:03:21	MarkDuplicates	Read    19,000,000 records.  Elapsed time: 00:10:23s.  Time for last 1,000,000:   30s.  Last read position: chr11:99,041,581
INFO	2015-04-01 11:03:21	MarkDuplicates	Tracking 181642 as yet unmatched pairs. 2223 records in RAM.
INFO	2015-04-01 11:03:42	MarkDuplicates	Read    20,000,000 records.  Elapsed time: 00:10:44s.  Time for last 1,000,000:   20s.  Last read position: chr11:106,988,838
INFO	2015-04-01 11:03:42	MarkDuplicates	Tracking 188313 as yet unmatched pairs. 1537 records in RAM.
INFO	2015-04-01 11:04:03	MarkDuplicates	Read    21,000,000 records.  Elapsed time: 00:11:01s.  Time for last 1,000,000:   16s.  Last read position: chr11:120,347,174
INFO	2015-04-01 11:04:03	MarkDuplicates	Tracking 206132 as yet unmatched pairs. 8728 records in RAM.
INFO	2015-04-01 11:04:44	MarkDuplicates	Read    22,000,000 records.  Elapsed time: 00:11:43s.  Time for last 1,000,000:   41s.  Last read position: chr12:22,512,818
INFO	2015-04-01 11:04:44	MarkDuplicates	Tracking 212694 as yet unmatched pairs. 18683 records in RAM.
INFO	2015-04-01 11:05:07	MarkDuplicates	Read    23,000,000 records.  Elapsed time: 00:12:08s.  Time for last 1,000,000:   25s.  Last read position: chr12:69,159,011
INFO	2015-04-01 11:05:07	MarkDuplicates	Tracking 229666 as yet unmatched pairs. 19269 records in RAM.
INFO	2015-04-01 11:05:38	MarkDuplicates	Read    24,000,000 records.  Elapsed time: 00:12:39s.  Time for last 1,000,000:   31s.  Last read position: chr12:99,903,340
INFO	2015-04-01 11:05:38	MarkDuplicates	Tracking 238009 as yet unmatched pairs. 13482 records in RAM.
INFO	2015-04-01 11:05:56	MarkDuplicates	Read    25,000,000 records.  Elapsed time: 00:12:58s.  Time for last 1,000,000:   19s.  Last read position: chr12:109,655,918
INFO	2015-04-01 11:05:56	MarkDuplicates	Tracking 239207 as yet unmatched pairs. 7508 records in RAM.
INFO	2015-04-01 11:06:11	MarkDuplicates	Read    26,000,000 records.  Elapsed time: 00:13:14s.  Time for last 1,000,000:   15s.  Last read position: chr13:23,431,012
INFO	2015-04-01 11:06:11	MarkDuplicates	Tracking 239283 as yet unmatched pairs. 9956 records in RAM.
INFO	2015-04-01 11:06:59	MarkDuplicates	Read    27,000,000 records.  Elapsed time: 00:13:58s.  Time for last 1,000,000:   44s.  Last read position: chr13:55,296,026
INFO	2015-04-01 11:06:59	MarkDuplicates	Tracking 247559 as yet unmatched pairs. 7961 records in RAM.
INFO	2015-04-01 11:07:21	MarkDuplicates	Read    28,000,000 records.  Elapsed time: 00:14:24s.  Time for last 1,000,000:   25s.  Last read position: chr13:85,127,322
INFO	2015-04-01 11:07:21	MarkDuplicates	Tracking 259140 as yet unmatched pairs. 3168 records in RAM.
INFO	2015-04-01 11:07:38	MarkDuplicates	Read    29,000,000 records.  Elapsed time: 00:14:40s.  Time for last 1,000,000:   16s.  Last read position: chr13:112,946,840
INFO	2015-04-01 11:07:38	MarkDuplicates	Tracking 276118 as yet unmatched pairs. 417 records in RAM.
INFO	2015-04-01 11:08:08	MarkDuplicates	Read    30,000,000 records.  Elapsed time: 00:15:11s.  Time for last 1,000,000:   30s.  Last read position: chr14:26,203,423
INFO	2015-04-01 11:08:08	MarkDuplicates	Tracking 283149 as yet unmatched pairs. 16801 records in RAM.
INFO	2015-04-01 11:08:27	MarkDuplicates	Read    31,000,000 records.  Elapsed time: 00:15:25s.  Time for last 1,000,000:   14s.  Last read position: chr14:54,441,448
INFO	2015-04-01 11:08:27	MarkDuplicates	Tracking 285761 as yet unmatched pairs. 10658 records in RAM.
INFO	2015-04-01 11:08:48	MarkDuplicates	Read    32,000,000 records.  Elapsed time: 00:15:46s.  Time for last 1,000,000:   21s.  Last read position: chr14:73,355,243
INFO	2015-04-01 11:08:48	MarkDuplicates	Tracking 291013 as yet unmatched pairs. 7953 records in RAM.
INFO	2015-04-01 11:09:38	MarkDuplicates	Read    33,000,000 records.  Elapsed time: 00:16:41s.  Time for last 1,000,000:   54s.  Last read position: chr15:5,116,676
INFO	2015-04-01 11:09:38	MarkDuplicates	Tracking 299581 as yet unmatched pairs. 13956 records in RAM.
INFO	2015-04-01 11:09:54	MarkDuplicates	Read    34,000,000 records.  Elapsed time: 00:16:56s.  Time for last 1,000,000:   15s.  Last read position: chr15:52,478,082
INFO	2015-04-01 11:09:54	MarkDuplicates	Tracking 299864 as yet unmatched pairs. 6597 records in RAM.
INFO	2015-04-01 11:10:27	MarkDuplicates	Read    35,000,000 records.  Elapsed time: 00:17:27s.  Time for last 1,000,000:   30s.  Last read position: chr15:79,532,673
INFO	2015-04-01 11:10:27	MarkDuplicates	Tracking 301178 as yet unmatched pairs. 4565 records in RAM.
INFO	2015-04-01 11:10:44	MarkDuplicates	Read    36,000,000 records.  Elapsed time: 00:17:44s.  Time for last 1,000,000:   17s.  Last read position: chr15:96,689,903
INFO	2015-04-01 11:10:44	MarkDuplicates	Tracking 304106 as yet unmatched pairs. 1900 records in RAM.
INFO	2015-04-01 11:11:20	MarkDuplicates	Read    37,000,000 records.  Elapsed time: 00:18:19s.  Time for last 1,000,000:   34s.  Last read position: chr15:98,951,324
INFO	2015-04-01 11:11:20	MarkDuplicates	Tracking 340053 as yet unmatched pairs. 33403 records in RAM.
INFO	2015-04-01 11:11:39	MarkDuplicates	Read    38,000,000 records.  Elapsed time: 00:18:37s.  Time for last 1,000,000:   17s.  Last read position: chr15:103,246,273
INFO	2015-04-01 11:11:39	MarkDuplicates	Tracking 319232 as yet unmatched pairs. 275 records in RAM.
INFO	2015-04-01 11:11:57	MarkDuplicates	Read    39,000,000 records.  Elapsed time: 00:18:57s.  Time for last 1,000,000:   19s.  Last read position: chr16:20,684,106
INFO	2015-04-01 11:11:57	MarkDuplicates	Tracking 322569 as yet unmatched pairs. 6961 records in RAM.
INFO	2015-04-01 11:12:18	MarkDuplicates	Read    40,000,000 records.  Elapsed time: 00:19:20s.  Time for last 1,000,000:   23s.  Last read position: chr16:50,196,224
INFO	2015-04-01 11:12:18	MarkDuplicates	Tracking 327423 as yet unmatched pairs. 3709 records in RAM.
INFO	2015-04-01 11:12:38	MarkDuplicates	Read    41,000,000 records.  Elapsed time: 00:19:36s.  Time for last 1,000,000:   16s.  Last read position: chr17:5,926,172
INFO	2015-04-01 11:12:38	MarkDuplicates	Tracking 333768 as yet unmatched pairs. 25971 records in RAM.
INFO	2015-04-01 11:13:13	MarkDuplicates	Read    42,000,000 records.  Elapsed time: 00:20:13s.  Time for last 1,000,000:   36s.  Last read position: chr17:24,720,705
INFO	2015-04-01 11:13:13	MarkDuplicates	Tracking 339118 as yet unmatched pairs. 24456 records in RAM.
INFO	2015-04-01 11:13:30	MarkDuplicates	Read    43,000,000 records.  Elapsed time: 00:20:30s.  Time for last 1,000,000:   17s.  Last read position: chr17:32,543,619
INFO	2015-04-01 11:13:30	MarkDuplicates	Tracking 338260 as yet unmatched pairs. 13175 records in RAM.
INFO	2015-04-01 11:13:49	MarkDuplicates	Read    44,000,000 records.  Elapsed time: 00:20:51s.  Time for last 1,000,000:   21s.  Last read position: chr17:39,847,991
INFO	2015-04-01 11:13:49	MarkDuplicates	Tracking 343095 as yet unmatched pairs. 9507 records in RAM.
INFO	2015-04-01 11:14:04	MarkDuplicates	Read    45,000,000 records.  Elapsed time: 00:21:06s.  Time for last 1,000,000:   14s.  Last read position: chr17:65,841,601
INFO	2015-04-01 11:14:04	MarkDuplicates	Tracking 345037 as yet unmatched pairs. 4425 records in RAM.
INFO	2015-04-01 11:14:23	MarkDuplicates	Read    46,000,000 records.  Elapsed time: 00:21:21s.  Time for last 1,000,000:   15s.  Last read position: chr18:10,816,934
INFO	2015-04-01 11:14:23	MarkDuplicates	Tracking 343266 as yet unmatched pairs. 17286 records in RAM.
INFO	2015-04-01 11:15:01	MarkDuplicates	Read    47,000,000 records.  Elapsed time: 00:22:01s.  Time for last 1,000,000:   39s.  Last read position: chr18:39,412,937
INFO	2015-04-01 11:15:01	MarkDuplicates	Tracking 342747 as yet unmatched pairs. 8869 records in RAM.
INFO	2015-04-01 11:15:18	MarkDuplicates	Read    48,000,000 records.  Elapsed time: 00:22:19s.  Time for last 1,000,000:   18s.  Last read position: chr18:68,275,989
INFO	2015-04-01 11:15:18	MarkDuplicates	Tracking 345691 as yet unmatched pairs. 1833 records in RAM.
INFO	2015-04-01 11:15:33	MarkDuplicates	Read    49,000,000 records.  Elapsed time: 00:22:35s.  Time for last 1,000,000:   16s.  Last read position: chr19:5,897,416
INFO	2015-04-01 11:15:33	MarkDuplicates	Tracking 345807 as yet unmatched pairs. 14909 records in RAM.
INFO	2015-04-01 11:16:02	MarkDuplicates	Read    50,000,000 records.  Elapsed time: 00:23:01s.  Time for last 1,000,000:   26s.  Last read position: chr19:20,384,725
INFO	2015-04-01 11:16:02	MarkDuplicates	Tracking 345730 as yet unmatched pairs. 10807 records in RAM.
INFO	2015-04-01 11:16:19	MarkDuplicates	Read    51,000,000 records.  Elapsed time: 00:23:20s.  Time for last 1,000,000:   18s.  Last read position: chr19:47,024,698
INFO	2015-04-01 11:16:19	MarkDuplicates	Tracking 349394 as yet unmatched pairs. 6304 records in RAM.
INFO	2015-04-01 11:17:05	MarkDuplicates	Read    52,000,000 records.  Elapsed time: 00:24:08s.  Time for last 1,000,000:   47s.  Last read position: chr2:25,351,926
INFO	2015-04-01 11:17:05	MarkDuplicates	Tracking 349902 as yet unmatched pairs. 35204 records in RAM.
INFO	2015-04-01 11:17:23	MarkDuplicates	Read    53,000,000 records.  Elapsed time: 00:24:22s.  Time for last 1,000,000:   14s.  Last read position: chr2:32,789,483
INFO	2015-04-01 11:17:23	MarkDuplicates	Tracking 354582 as yet unmatched pairs. 31606 records in RAM.
INFO	2015-04-01 11:17:40	MarkDuplicates	Read    54,000,000 records.  Elapsed time: 00:24:40s.  Time for last 1,000,000:   18s.  Last read position: chr2:72,970,355
INFO	2015-04-01 11:17:40	MarkDuplicates	Tracking 351833 as yet unmatched pairs. 23936 records in RAM.
INFO	2015-04-01 11:18:03	MarkDuplicates	Read    55,000,000 records.  Elapsed time: 00:25:04s.  Time for last 1,000,000:   23s.  Last read position: chr2:103,765,920
INFO	2015-04-01 11:18:03	MarkDuplicates	Tracking 356502 as yet unmatched pairs. 20131 records in RAM.
INFO	2015-04-01 11:18:18	MarkDuplicates	Read    56,000,000 records.  Elapsed time: 00:25:20s.  Time for last 1,000,000:   16s.  Last read position: chr2:125,673,706
INFO	2015-04-01 11:18:18	MarkDuplicates	Tracking 359339 as yet unmatched pairs. 17860 records in RAM.
INFO	2015-04-01 11:18:36	MarkDuplicates	Read    57,000,000 records.  Elapsed time: 00:25:36s.  Time for last 1,000,000:   15s.  Last read position: chr2:153,230,340
INFO	2015-04-01 11:18:36	MarkDuplicates	Tracking 354994 as yet unmatched pairs. 10179 records in RAM.
INFO	2015-04-01 11:19:32	MarkDuplicates	Read    58,000,000 records.  Elapsed time: 00:26:33s.  Time for last 1,000,000:   57s.  Last read position: chr2:166,082,776
INFO	2015-04-01 11:19:32	MarkDuplicates	Tracking 353410 as yet unmatched pairs. 4731 records in RAM.
INFO	2015-04-01 11:19:47	MarkDuplicates	Read    59,000,000 records.  Elapsed time: 00:26:49s.  Time for last 1,000,000:   16s.  Last read position: chr2:180,721,054
INFO	2015-04-01 11:19:47	MarkDuplicates	Tracking 354140 as yet unmatched pairs. 694 records in RAM.
INFO	2015-04-01 11:20:05	MarkDuplicates	Read    60,000,000 records.  Elapsed time: 00:27:07s.  Time for last 1,000,000:   17s.  Last read position: chr3:51,255,515
INFO	2015-04-01 11:20:05	MarkDuplicates	Tracking 343948 as yet unmatched pairs. 39761 records in RAM.
INFO	2015-04-01 11:20:22	MarkDuplicates	Read    61,000,000 records.  Elapsed time: 00:27:21s.  Time for last 1,000,000:   13s.  Last read position: chr3:87,540,060
INFO	2015-04-01 11:20:22	MarkDuplicates	Tracking 332516 as yet unmatched pairs. 24569 records in RAM.
INFO	2015-04-01 11:21:03	MarkDuplicates	Read    62,000,000 records.  Elapsed time: 00:28:03s.  Time for last 1,000,000:   42s.  Last read position: chr3:96,177,070
INFO	2015-04-01 11:21:03	MarkDuplicates	Tracking 329042 as yet unmatched pairs. 16405 records in RAM.
INFO	2015-04-01 11:21:18	MarkDuplicates	Read    63,000,000 records.  Elapsed time: 00:28:19s.  Time for last 1,000,000:   16s.  Last read position: chr3:122,256,829
INFO	2015-04-01 11:21:18	MarkDuplicates	Tracking 327234 as yet unmatched pairs. 11785 records in RAM.
INFO	2015-04-01 11:21:33	MarkDuplicates	Read    64,000,000 records.  Elapsed time: 00:28:36s.  Time for last 1,000,000:   16s.  Last read position: chr3:158,031,028
INFO	2015-04-01 11:21:33	MarkDuplicates	Tracking 331497 as yet unmatched pairs. 359 records in RAM.
INFO	2015-04-01 11:23:07	MarkDuplicates	Read    65,000,000 records.  Elapsed time: 00:30:07s.  Time for last 1,000,000:   91s.  Last read position: chr4:43,518,285
INFO	2015-04-01 11:23:07	MarkDuplicates	Tracking 334108 as yet unmatched pairs. 43468 records in RAM.
INFO	2015-04-01 11:23:24	MarkDuplicates	Read    66,000,000 records.  Elapsed time: 00:30:25s.  Time for last 1,000,000:   17s.  Last read position: chr4:86,854,893
INFO	2015-04-01 11:23:24	MarkDuplicates	Tracking 338685 as yet unmatched pairs. 44414 records in RAM.
INFO	2015-04-01 11:23:39	MarkDuplicates	Read    67,000,000 records.  Elapsed time: 00:30:41s.  Time for last 1,000,000:   16s.  Last read position: chr4:118,412,488
INFO	2015-04-01 11:23:39	MarkDuplicates	Tracking 326653 as yet unmatched pairs. 24993 records in RAM.
INFO	2015-04-01 11:23:56	MarkDuplicates	Read    68,000,000 records.  Elapsed time: 00:30:55s.  Time for last 1,000,000:   13s.  Last read position: chr4:130,823,687
INFO	2015-04-01 11:23:56	MarkDuplicates	Tracking 322879 as yet unmatched pairs. 19208 records in RAM.
INFO	2015-04-01 11:24:21	MarkDuplicates	Read    69,000,000 records.  Elapsed time: 00:31:20s.  Time for last 1,000,000:   25s.  Last read position: chr4:139,306,452
INFO	2015-04-01 11:24:21	MarkDuplicates	Tracking 323209 as yet unmatched pairs. 12129 records in RAM.
INFO	2015-04-01 11:24:36	MarkDuplicates	Read    70,000,000 records.  Elapsed time: 00:31:37s.  Time for last 1,000,000:   17s.  Last read position: chr4:156,000,725
INFO	2015-04-01 11:24:36	MarkDuplicates	Tracking 316197 as yet unmatched pairs. 779 records in RAM.
INFO	2015-04-01 11:24:57	MarkDuplicates	Read    71,000,000 records.  Elapsed time: 00:31:58s.  Time for last 1,000,000:   20s.  Last read position: chr5:31,262,981
INFO	2015-04-01 11:24:57	MarkDuplicates	Tracking 331570 as yet unmatched pairs. 46806 records in RAM.
INFO	2015-04-01 11:25:11	MarkDuplicates	Read    72,000,000 records.  Elapsed time: 00:32:14s.  Time for last 1,000,000:   15s.  Last read position: chr5:72,143,137
INFO	2015-04-01 11:25:11	MarkDuplicates	Tracking 322660 as yet unmatched pairs. 36164 records in RAM.
INFO	2015-04-01 11:25:57	MarkDuplicates	Read    73,000,000 records.  Elapsed time: 00:32:58s.  Time for last 1,000,000:   44s.  Last read position: chr5:108,646,822
INFO	2015-04-01 11:25:57	MarkDuplicates	Tracking 326502 as yet unmatched pairs. 31026 records in RAM.
INFO	2015-04-01 11:26:13	MarkDuplicates	Read    74,000,000 records.  Elapsed time: 00:33:14s.  Time for last 1,000,000:   16s.  Last read position: chr5:121,596,849
INFO	2015-04-01 11:26:13	MarkDuplicates	Tracking 323567 as yet unmatched pairs. 19097 records in RAM.
INFO	2015-04-01 11:26:27	MarkDuplicates	Read    75,000,000 records.  Elapsed time: 00:33:28s.  Time for last 1,000,000:   13s.  Last read position: chr5:130,135,408
INFO	2015-04-01 11:26:27	MarkDuplicates	Tracking 319022 as yet unmatched pairs. 12917 records in RAM.
INFO	2015-04-01 11:26:42	MarkDuplicates	Read    76,000,000 records.  Elapsed time: 00:33:44s.  Time for last 1,000,000:   15s.  Last read position: chr5:143,241,073
INFO	2015-04-01 11:26:42	MarkDuplicates	Tracking 315851 as yet unmatched pairs. 6617 records in RAM.
INFO	2015-04-01 11:27:17	MarkDuplicates	Read    77,000,000 records.  Elapsed time: 00:34:19s.  Time for last 1,000,000:   35s.  Last read position: chr6:17,660,796
INFO	2015-04-01 11:27:17	MarkDuplicates	Tracking 306071 as yet unmatched pairs. 39535 records in RAM.
INFO	2015-04-01 11:27:34	MarkDuplicates	Read    78,000,000 records.  Elapsed time: 00:34:33s.  Time for last 1,000,000:   14s.  Last read position: chr6:42,686,611
INFO	2015-04-01 11:27:34	MarkDuplicates	Tracking 303039 as yet unmatched pairs. 34428 records in RAM.
INFO	2015-04-01 11:27:50	MarkDuplicates	Read    79,000,000 records.  Elapsed time: 00:34:51s.  Time for last 1,000,000:   17s.  Last read position: chr6:83,124,640
INFO	2015-04-01 11:27:50	MarkDuplicates	Tracking 298638 as yet unmatched pairs. 26310 records in RAM.
INFO	2015-04-01 11:28:11	MarkDuplicates	Read    80,000,000 records.  Elapsed time: 00:35:10s.  Time for last 1,000,000:   19s.  Last read position: chr6:113,730,853
INFO	2015-04-01 11:28:11	MarkDuplicates	Tracking 295697 as yet unmatched pairs. 22307 records in RAM.
INFO	2015-04-01 11:28:33	MarkDuplicates	Read    81,000,000 records.  Elapsed time: 00:35:29s.  Time for last 1,000,000:   18s.  Last read position: chr6:127,127,503
INFO	2015-04-01 11:28:33	MarkDuplicates	Tracking 287145 as yet unmatched pairs. 10362 records in RAM.
INFO	2015-04-01 11:29:31	MarkDuplicates	Read    82,000,000 records.  Elapsed time: 00:36:29s.  Time for last 1,000,000:   59s.  Last read position: chr7:6,677,446
INFO	2015-04-01 11:29:31	MarkDuplicates	Tracking 277930 as yet unmatched pairs. 68939 records in RAM.
INFO	2015-04-01 11:29:52	MarkDuplicates	Read    83,000,000 records.  Elapsed time: 00:36:50s.  Time for last 1,000,000:   21s.  Last read position: chr7:25,622,585
INFO	2015-04-01 11:29:52	MarkDuplicates	Tracking 270235 as yet unmatched pairs. 60183 records in RAM.
INFO	2015-04-01 11:30:10	MarkDuplicates	Read    84,000,000 records.  Elapsed time: 00:37:09s.  Time for last 1,000,000:   18s.  Last read position: chr7:44,904,146
INFO	2015-04-01 11:30:10	MarkDuplicates	Tracking 264826 as yet unmatched pairs. 53179 records in RAM.
INFO	2015-04-01 11:30:36	MarkDuplicates	Read    85,000,000 records.  Elapsed time: 00:37:33s.  Time for last 1,000,000:   23s.  Last read position: chr7:73,474,514
INFO	2015-04-01 11:30:36	MarkDuplicates	Tracking 252573 as yet unmatched pairs. 39970 records in RAM.
INFO	2015-04-01 11:31:16	MarkDuplicates	Read    86,000,000 records.  Elapsed time: 00:38:14s.  Time for last 1,000,000:   41s.  Last read position: chr7:100,929,627
INFO	2015-04-01 11:31:16	MarkDuplicates	Tracking 241221 as yet unmatched pairs. 27626 records in RAM.
INFO	2015-04-01 11:31:35	MarkDuplicates	Read    87,000,000 records.  Elapsed time: 00:38:34s.  Time for last 1,000,000:   19s.  Last read position: chr7:114,705,689
INFO	2015-04-01 11:31:35	MarkDuplicates	Tracking 232533 as yet unmatched pairs. 18246 records in RAM.
INFO	2015-04-01 11:31:54	MarkDuplicates	Read    88,000,000 records.  Elapsed time: 00:38:54s.  Time for last 1,000,000:   20s.  Last read position: chr7:128,441,961
INFO	2015-04-01 11:31:54	MarkDuplicates	Tracking 225643 as yet unmatched pairs. 9333 records in RAM.
INFO	2015-04-01 11:32:11	MarkDuplicates	Read    89,000,000 records.  Elapsed time: 00:39:12s.  Time for last 1,000,000:   17s.  Last read position: chr7:142,576,641
INFO	2015-04-01 11:32:11	MarkDuplicates	Tracking 251185 as yet unmatched pairs. 33692 records in RAM.
INFO	2015-04-01 11:33:26	MarkDuplicates	Read    90,000,000 records.  Elapsed time: 00:40:28s.  Time for last 1,000,000:   76s.  Last read position: chr7:143,066,664
INFO	2015-04-01 11:33:26	MarkDuplicates	Tracking 220885 as yet unmatched pairs. 3021 records in RAM.
INFO	2015-04-01 11:33:45	MarkDuplicates	Read    91,000,000 records.  Elapsed time: 00:40:45s.  Time for last 1,000,000:   16s.  Last read position: chr8:20,578,415
INFO	2015-04-01 11:33:45	MarkDuplicates	Tracking 216408 as yet unmatched pairs. 64468 records in RAM.
INFO	2015-04-01 11:34:06	MarkDuplicates	Read    92,000,000 records.  Elapsed time: 00:41:03s.  Time for last 1,000,000:   18s.  Last read position: chr8:69,807,528
INFO	2015-04-01 11:34:06	MarkDuplicates	Tracking 201250 as yet unmatched pairs. 48112 records in RAM.
INFO	2015-04-01 11:34:27	MarkDuplicates	Read    93,000,000 records.  Elapsed time: 00:41:25s.  Time for last 1,000,000:   21s.  Last read position: chr8:84,844,118
INFO	2015-04-01 11:34:27	MarkDuplicates	Tracking 190842 as yet unmatched pairs. 36388 records in RAM.
INFO	2015-04-01 11:34:46	MarkDuplicates	Read    94,000,000 records.  Elapsed time: 00:41:45s.  Time for last 1,000,000:   20s.  Last read position: chr8:107,368,168
INFO	2015-04-01 11:34:46	MarkDuplicates	Tracking 175438 as yet unmatched pairs. 15180 records in RAM.
INFO	2015-04-01 11:35:40	MarkDuplicates	Read    95,000,000 records.  Elapsed time: 00:42:33s.  Time for last 1,000,000:   48s.  Last read position: chr8:124,902,739
INFO	2015-04-01 11:35:40	MarkDuplicates	Tracking 161915 as yet unmatched pairs. 1159 records in RAM.
INFO	2015-04-01 11:36:07	MarkDuplicates	Read    96,000,000 records.  Elapsed time: 00:43:01s.  Time for last 1,000,000:   27s.  Last read position: chr9:35,486,968
INFO	2015-04-01 11:36:07	MarkDuplicates	Tracking 152296 as yet unmatched pairs. 89596 records in RAM.
INFO	2015-04-01 11:36:31	MarkDuplicates	Read    97,000,000 records.  Elapsed time: 00:43:29s.  Time for last 1,000,000:   28s.  Last read position: chr9:50,344,474
INFO	2015-04-01 11:36:31	MarkDuplicates	Tracking 129780 as yet unmatched pairs. 65091 records in RAM.
INFO	2015-04-01 11:36:52	MarkDuplicates	Read    98,000,000 records.  Elapsed time: 00:43:51s.  Time for last 1,000,000:   22s.  Last read position: chr9:64,176,963
INFO	2015-04-01 11:36:52	MarkDuplicates	Tracking 125550 as yet unmatched pairs. 55493 records in RAM.
INFO	2015-04-01 11:38:58	MarkDuplicates	Read    99,000,000 records.  Elapsed time: 00:45:58s.  Time for last 1,000,000:  126s.  Last read position: chr9:78,478,565
INFO	2015-04-01 11:38:58	MarkDuplicates	Tracking 131774 as yet unmatched pairs. 61574 records in RAM.
INFO	2015-04-01 11:39:18	MarkDuplicates	Read   100,000,000 records.  Elapsed time: 00:46:16s.  Time for last 1,000,000:   18s.  Last read position: chr9:87,193,624
INFO	2015-04-01 11:39:18	MarkDuplicates	Tracking 108811 as yet unmatched pairs. 38498 records in RAM.
INFO	2015-04-01 11:39:39	MarkDuplicates	Read   101,000,000 records.  Elapsed time: 00:46:38s.  Time for last 1,000,000:   22s.  Last read position: chr9:108,303,396
INFO	2015-04-01 11:39:39	MarkDuplicates	Tracking 92836 as yet unmatched pairs. 22355 records in RAM.
INFO	2015-04-01 11:40:05	MarkDuplicates	Read   102,000,000 records.  Elapsed time: 00:47:01s.  Time for last 1,000,000:   23s.  Last read position: chr9:120,959,616
INFO	2015-04-01 11:40:05	MarkDuplicates	Tracking 78499 as yet unmatched pairs. 7886 records in RAM.
INFO	2015-04-01 11:40:38	MarkDuplicates	Read   103,000,000 records.  Elapsed time: 00:47:35s.  Time for last 1,000,000:   33s.  Last read position: chrM:6,382
INFO	2015-04-01 11:40:38	MarkDuplicates	Tracking 100656 as yet unmatched pairs. 45683 records in RAM.
INFO	2015-04-01 11:40:57	MarkDuplicates	Read   104,000,000 records.  Elapsed time: 00:47:56s.  Time for last 1,000,000:   21s.  Last read position: chrM:8,987
INFO	2015-04-01 11:40:57	MarkDuplicates	Tracking 98910 as yet unmatched pairs. 43905 records in RAM.
INFO	2015-04-01 11:41:17	MarkDuplicates	Read   105,000,000 records.  Elapsed time: 00:48:17s.  Time for last 1,000,000:   20s.  Last read position: chrX:7,899,687
INFO	2015-04-01 11:41:17	MarkDuplicates	Tracking 54410 as yet unmatched pairs. 50467 records in RAM.
INFO	2015-04-01 11:41:37	MarkDuplicates	Read   106,000,000 records.  Elapsed time: 00:48:37s.  Time for last 1,000,000:   20s.  Last read position: chrX:59,062,759
INFO	2015-04-01 11:41:37	MarkDuplicates	Tracking 42340 as yet unmatched pairs. 38352 records in RAM.
INFO	2015-04-01 11:42:01	MarkDuplicates	Read   107,000,000 records.  Elapsed time: 00:48:56s.  Time for last 1,000,000:   18s.  Last read position: chrX:101,549,780
INFO	2015-04-01 11:42:01	MarkDuplicates	Tracking 23280 as yet unmatched pairs. 19273 records in RAM.
INFO	2015-04-01 11:43:10	MarkDuplicates	Read   108,000,000 records.  Elapsed time: 00:50:08s.  Time for last 1,000,000:   71s.  Last read position: chrX:141,656,788
INFO	2015-04-01 11:43:10	MarkDuplicates	Tracking 13207 as yet unmatched pairs. 9173 records in RAM.
INFO	2015-04-01 11:43:25	MarkDuplicates	Read 108866636 records. 0 pairs never matched.
INFO	2015-04-01 11:44:08	MarkDuplicates	After buildSortedReadEndLists freeMemory: 13888205560; totalMemory: 26060783616; maxMemory: 38177538048
INFO	2015-04-01 11:44:08	MarkDuplicates	Will retain up to 1193048064 duplicate indices before spilling to disk.
INFO	2015-04-01 11:44:22	MarkDuplicates	Traversing read pair information and detecting duplicates.
INFO	2015-04-01 11:46:38	MarkDuplicates	Traversing fragment information and detecting duplicates.
INFO	2015-04-01 11:49:07	MarkDuplicates	Sorting list of duplicate records.
INFO	2015-04-01 11:50:40	MarkDuplicates	After generateDuplicateIndexes freeMemory: 26279663072; totalMemory: 36005609472; maxMemory: 38177538048
INFO	2015-04-01 11:50:40	MarkDuplicates	Marking 17325369 records as duplicates.
INFO	2015-04-01 11:50:40	MarkDuplicates	Found 4888427 optical duplicate clusters.
INFO	2015-04-01 11:58:15	MarkDuplicates	Written    10,000,000 records.  Elapsed time: 00:07:35s.  Time for last 10,000,000:  455s.  Last read position: chr10:88,126,224
INFO	2015-04-01 12:05:45	MarkDuplicates	Written    20,000,000 records.  Elapsed time: 00:15:05s.  Time for last 10,000,000:  449s.  Last read position: chr11:106,988,838
INFO	2015-04-01 12:13:25	MarkDuplicates	Written    30,000,000 records.  Elapsed time: 00:22:45s.  Time for last 10,000,000:  459s.  Last read position: chr14:26,203,423
INFO	2015-04-01 12:22:07	MarkDuplicates	Written    40,000,000 records.  Elapsed time: 00:31:27s.  Time for last 10,000,000:  521s.  Last read position: chr16:50,196,224
INFO	2015-04-01 12:30:41	MarkDuplicates	Written    50,000,000 records.  Elapsed time: 00:40:01s.  Time for last 10,000,000:  514s.  Last read position: chr19:20,384,725
INFO	2015-04-01 12:39:17	MarkDuplicates	Written    60,000,000 records.  Elapsed time: 00:48:36s.  Time for last 10,000,000:  515s.  Last read position: chr3:51,255,515
INFO	2015-04-01 12:48:06	MarkDuplicates	Written    70,000,000 records.  Elapsed time: 00:57:25s.  Time for last 10,000,000:  529s.  Last read position: chr4:156,000,725
INFO	2015-04-01 12:55:39	MarkDuplicates	Written    80,000,000 records.  Elapsed time: 01:04:59s.  Time for last 10,000,000:  453s.  Last read position: chr6:113,730,853
INFO	2015-04-01 13:03:08	MarkDuplicates	Written    90,000,000 records.  Elapsed time: 01:12:27s.  Time for last 10,000,000:  448s.  Last read position: chr7:143,066,664
INFO	2015-04-01 13:10:31	MarkDuplicates	Written   100,000,000 records.  Elapsed time: 01:19:51s.  Time for last 10,000,000:  443s.  Last read position: chr9:87,193,624
INFO	2015-04-01 13:17:00	MarkDuplicates	Before output close freeMemory: 35916058168; totalMemory: 36189962240; maxMemory: 38177538048
INFO	2015-04-01 13:17:07	MarkDuplicates	After output close freeMemory: 35659484584; totalMemory: 35933388800; maxMemory: 38177538048
[Wed Apr 01 13:17:07 EDT 2015] net.sf.picard.sam.MarkDuplicates done. Elapsed time: 144.22 minutes.
Runtime.totalMemory()=35933388800
