
[2015-03-23 13:47:55] Beginning TopHat run (v2.0.6)
-----------------------------------------------
[2015-03-23 13:47:55] Checking for Bowtie
		  Bowtie version:	 2.0.2.0
[2015-03-23 13:47:55] Checking for Samtools
		Samtools version:	 0.1.18.0
[2015-03-23 13:47:55] Checking for Bowtie index files
[2015-03-23 13:47:55] Checking for reference FASTA file
[2015-03-23 13:47:55] Generating SAM header for /n/rinn_data1/seq/lgoff/Projects/BrainMap/data/indexes/mm10/mm10_brainmap
	format:		 fastq
	quality scale:	 phred33 (default)
[2015-03-23 13:47:59] Reading known junctions from GTF file
[2015-03-23 13:48:12] Preparing reads
	 left reads: min. length=101, max. length=101, 27191066 kept reads (20549 discarded)
	right reads: min. length=101, max. length=101, 27032739 kept reads (178876 discarded)
[2015-03-23 15:02:49] Creating transcriptome data files..
[2015-03-23 15:19:45] Building Bowtie index from mm10_gencode_vM2_with_lncRNAs_and_LacZ.fa
[2015-03-23 15:35:32] Mapping left_kept_reads to transcriptome mm10_gencode_vM2_with_lncRNAs_and_LacZ with Bowtie2 
[2015-03-23 16:20:15] Mapping right_kept_reads to transcriptome mm10_gencode_vM2_with_lncRNAs_and_LacZ with Bowtie2 
[2015-03-23 17:05:22] Resuming TopHat pipeline with unmapped reads
[2015-03-23 17:05:24] Mapping left_kept_reads.m2g_um to genome mm10_brainmap with Bowtie2 
[2015-03-23 17:21:26] Mapping left_kept_reads.m2g_um_seg1 to genome mm10_brainmap with Bowtie2 (1/4)
[2015-03-23 17:22:34] Mapping left_kept_reads.m2g_um_seg2 to genome mm10_brainmap with Bowtie2 (2/4)
[2015-03-23 17:23:47] Mapping left_kept_reads.m2g_um_seg3 to genome mm10_brainmap with Bowtie2 (3/4)
[2015-03-23 17:25:06] Mapping left_kept_reads.m2g_um_seg4 to genome mm10_brainmap with Bowtie2 (4/4)
[2015-03-23 17:26:41] Mapping right_kept_reads.m2g_um to genome mm10_brainmap with Bowtie2 
[2015-03-23 17:41:59] Mapping right_kept_reads.m2g_um_seg1 to genome mm10_brainmap with Bowtie2 (1/4)
[2015-03-23 17:43:45] Mapping right_kept_reads.m2g_um_seg2 to genome mm10_brainmap with Bowtie2 (2/4)
[2015-03-23 17:45:39] Mapping right_kept_reads.m2g_um_seg3 to genome mm10_brainmap with Bowtie2 (3/4)
[2015-03-23 17:47:30] Mapping right_kept_reads.m2g_um_seg4 to genome mm10_brainmap with Bowtie2 (4/4)
[2015-03-23 17:49:34] Searching for junctions via segment mapping
[2015-03-23 17:57:09] Retrieving sequences for splices
[2015-03-23 17:59:41] Indexing splices
[2015-03-23 18:01:02] Mapping left_kept_reads.m2g_um_seg1 to genome segment_juncs with Bowtie2 (1/4)
[2015-03-23 18:01:36] Mapping left_kept_reads.m2g_um_seg2 to genome segment_juncs with Bowtie2 (2/4)
[2015-03-23 18:02:13] Mapping left_kept_reads.m2g_um_seg3 to genome segment_juncs with Bowtie2 (3/4)
[2015-03-23 18:02:51] Mapping left_kept_reads.m2g_um_seg4 to genome segment_juncs with Bowtie2 (4/4)
[2015-03-23 18:03:28] Joining segment hits
[2015-03-23 18:06:22] Mapping right_kept_reads.m2g_um_seg1 to genome segment_juncs with Bowtie2 (1/4)
[2015-03-23 18:06:59] Mapping right_kept_reads.m2g_um_seg2 to genome segment_juncs with Bowtie2 (2/4)
[2015-03-23 18:07:39] Mapping right_kept_reads.m2g_um_seg3 to genome segment_juncs with Bowtie2 (3/4)
[2015-03-23 18:08:20] Mapping right_kept_reads.m2g_um_seg4 to genome segment_juncs with Bowtie2 (4/4)
[2015-03-23 18:09:03] Joining segment hits
[2015-03-23 18:12:01] Reporting output tracks
-----------------------------------------------
[2015-03-23 20:09:12] Run complete: 06:21:17 elapsed
slurmstepd: error: slurm_receive_msg: Socket timed out on send/recv operation
slurmstepd: error: slurm_receive_msg: Socket timed out on send/recv operation
