
[2015-03-24 07:02:17] Beginning TopHat run (v2.0.6)
-----------------------------------------------
[2015-03-24 07:02:17] Checking for Bowtie
		  Bowtie version:	 2.0.2.0
[2015-03-24 07:02:17] Checking for Samtools
		Samtools version:	 0.1.18.0
[2015-03-24 07:02:17] Checking for Bowtie index files
[2015-03-24 07:02:17] Checking for reference FASTA file
[2015-03-24 07:02:17] Generating SAM header for /n/rinn_data1/seq/lgoff/Projects/BrainMap/data/indexes/mm10/mm10_brainmap
	format:		 fastq
	quality scale:	 phred33 (default)
[2015-03-24 07:02:21] Reading known junctions from GTF file
[2015-03-24 07:02:43] Preparing reads
	 left reads: min. length=101, max. length=101, 27415173 kept reads (21389 discarded)
	right reads: min. length=101, max. length=101, 27254605 kept reads (181957 discarded)
[2015-03-24 08:13:12] Creating transcriptome data files..
[2015-03-24 08:14:21] Building Bowtie index from mm10_gencode_vM2_with_lncRNAs_and_LacZ.fa
[2015-03-24 08:36:33] Mapping left_kept_reads to transcriptome mm10_gencode_vM2_with_lncRNAs_and_LacZ with Bowtie2 
[2015-03-24 09:25:13] Mapping right_kept_reads to transcriptome mm10_gencode_vM2_with_lncRNAs_and_LacZ with Bowtie2 
[2015-03-24 10:09:53] Resuming TopHat pipeline with unmapped reads
[2015-03-24 10:09:55] Mapping left_kept_reads.m2g_um to genome mm10_brainmap with Bowtie2 
[2015-03-24 10:32:35] Mapping left_kept_reads.m2g_um_seg1 to genome mm10_brainmap with Bowtie2 (1/4)
[2015-03-24 10:34:29] Mapping left_kept_reads.m2g_um_seg2 to genome mm10_brainmap with Bowtie2 (2/4)
[2015-03-24 10:36:30] Mapping left_kept_reads.m2g_um_seg3 to genome mm10_brainmap with Bowtie2 (3/4)
[2015-03-24 10:38:34] Mapping left_kept_reads.m2g_um_seg4 to genome mm10_brainmap with Bowtie2 (4/4)
[2015-03-24 10:41:03] Mapping right_kept_reads.m2g_um to genome mm10_brainmap with Bowtie2 
[2015-03-24 11:08:21] Mapping right_kept_reads.m2g_um_seg1 to genome mm10_brainmap with Bowtie2 (1/4)
[2015-03-24 11:10:40] Mapping right_kept_reads.m2g_um_seg2 to genome mm10_brainmap with Bowtie2 (2/4)
[2015-03-24 11:13:20] Mapping right_kept_reads.m2g_um_seg3 to genome mm10_brainmap with Bowtie2 (3/4)
[2015-03-24 11:16:15] Mapping right_kept_reads.m2g_um_seg4 to genome mm10_brainmap with Bowtie2 (4/4)
[2015-03-24 11:19:10] Searching for junctions via segment mapping
[2015-03-24 11:32:13] Retrieving sequences for splices
[2015-03-24 11:36:46] Indexing splices
[2015-03-24 11:38:52] Mapping left_kept_reads.m2g_um_seg1 to genome segment_juncs with Bowtie2 (1/4)
[2015-03-24 11:39:46] Mapping left_kept_reads.m2g_um_seg2 to genome segment_juncs with Bowtie2 (2/4)
[2015-03-24 11:40:45] Mapping left_kept_reads.m2g_um_seg3 to genome segment_juncs with Bowtie2 (3/4)
[2015-03-24 11:41:46] Mapping left_kept_reads.m2g_um_seg4 to genome segment_juncs with Bowtie2 (4/4)
[2015-03-24 11:42:44] Joining segment hits
[2015-03-24 11:47:25] Mapping right_kept_reads.m2g_um_seg1 to genome segment_juncs with Bowtie2 (1/4)
[2015-03-24 11:48:24] Mapping right_kept_reads.m2g_um_seg2 to genome segment_juncs with Bowtie2 (2/4)
[2015-03-24 11:49:27] Mapping right_kept_reads.m2g_um_seg3 to genome segment_juncs with Bowtie2 (3/4)
[2015-03-24 11:50:32] Mapping right_kept_reads.m2g_um_seg4 to genome segment_juncs with Bowtie2 (4/4)
[2015-03-24 11:51:33] Joining segment hits
[2015-03-24 11:56:22] Reporting output tracks
-----------------------------------------------
[2015-03-24 13:53:27] Run complete: 06:51:10 elapsed
