
[2015-03-24 05:34:57] Beginning TopHat run (v2.0.6)
-----------------------------------------------
[2015-03-24 05:34:57] Checking for Bowtie
		  Bowtie version:	 2.0.2.0
[2015-03-24 05:34:58] Checking for Samtools
		Samtools version:	 0.1.18.0
[2015-03-24 05:34:58] Checking for Bowtie index files
[2015-03-24 05:34:58] Checking for reference FASTA file
[2015-03-24 05:34:58] Generating SAM header for /n/rinn_data1/seq/lgoff/Projects/BrainMap/data/indexes/mm10/mm10_brainmap
	format:		 fastq
	quality scale:	 phred33 (default)
[2015-03-24 05:35:03] Reading known junctions from GTF file
[2015-03-24 05:35:24] Preparing reads
	 left reads: min. length=101, max. length=101, 23963614 kept reads (15622 discarded)
	right reads: min. length=101, max. length=101, 23838462 kept reads (140774 discarded)
[2015-03-24 06:31:43] Creating transcriptome data files..
[2015-03-24 06:32:58] Building Bowtie index from mm10_gencode_vM2_with_lncRNAs_and_LacZ.fa
[2015-03-24 06:51:06] Mapping left_kept_reads to transcriptome mm10_gencode_vM2_with_lncRNAs_and_LacZ with Bowtie2 
[2015-03-24 07:30:41] Mapping right_kept_reads to transcriptome mm10_gencode_vM2_with_lncRNAs_and_LacZ with Bowtie2 
[2015-03-24 08:10:28] Resuming TopHat pipeline with unmapped reads
[2015-03-24 08:10:30] Mapping left_kept_reads.m2g_um to genome mm10_brainmap with Bowtie2 
[2015-03-24 08:25:05] Mapping left_kept_reads.m2g_um_seg1 to genome mm10_brainmap with Bowtie2 (1/4)
[2015-03-24 08:26:28] Mapping left_kept_reads.m2g_um_seg2 to genome mm10_brainmap with Bowtie2 (2/4)
[2015-03-24 08:28:13] Mapping left_kept_reads.m2g_um_seg3 to genome mm10_brainmap with Bowtie2 (3/4)
[2015-03-24 08:29:45] Mapping left_kept_reads.m2g_um_seg4 to genome mm10_brainmap with Bowtie2 (4/4)
[2015-03-24 08:31:27] Mapping right_kept_reads.m2g_um to genome mm10_brainmap with Bowtie2 
[2015-03-24 08:48:29] Mapping right_kept_reads.m2g_um_seg1 to genome mm10_brainmap with Bowtie2 (1/4)
[2015-03-24 08:50:29] Mapping right_kept_reads.m2g_um_seg2 to genome mm10_brainmap with Bowtie2 (2/4)
[2015-03-24 08:52:41] Mapping right_kept_reads.m2g_um_seg3 to genome mm10_brainmap with Bowtie2 (3/4)
[2015-03-24 08:55:09] Mapping right_kept_reads.m2g_um_seg4 to genome mm10_brainmap with Bowtie2 (4/4)
[2015-03-24 08:57:21] Searching for junctions via segment mapping
[2015-03-24 09:05:06] Retrieving sequences for splices
[2015-03-24 09:07:54] Indexing splices
[2015-03-24 09:09:26] Mapping left_kept_reads.m2g_um_seg1 to genome segment_juncs with Bowtie2 (1/4)
[2015-03-24 09:10:03] Mapping left_kept_reads.m2g_um_seg2 to genome segment_juncs with Bowtie2 (2/4)
[2015-03-24 09:10:57] Mapping left_kept_reads.m2g_um_seg3 to genome segment_juncs with Bowtie2 (3/4)
[2015-03-24 09:11:44] Mapping left_kept_reads.m2g_um_seg4 to genome segment_juncs with Bowtie2 (4/4)
[2015-03-24 09:12:34] Joining segment hits
[2015-03-24 09:17:03] Mapping right_kept_reads.m2g_um_seg1 to genome segment_juncs with Bowtie2 (1/4)
[2015-03-24 09:17:55] Mapping right_kept_reads.m2g_um_seg2 to genome segment_juncs with Bowtie2 (2/4)
[2015-03-24 09:18:39] Mapping right_kept_reads.m2g_um_seg3 to genome segment_juncs with Bowtie2 (3/4)
[2015-03-24 09:19:37] Mapping right_kept_reads.m2g_um_seg4 to genome segment_juncs with Bowtie2 (4/4)
[2015-03-24 09:20:23] Joining segment hits
[2015-03-24 09:24:45] Reporting output tracks
-----------------------------------------------
[2015-03-24 11:24:53] Run complete: 05:49:55 elapsed
slurmstepd: error: slurm_receive_msg: Zero Bytes were transmitted or received
slurmstepd: error: slurm_receive_msg: Zero Bytes were transmitted or received
slurmstepd: error: slurm_receive_msg: Transport endpoint is not connected
slurmstepd: error: slurm_receive_msg: Zero Bytes were transmitted or received
slurmstepd: error: slurm_receive_msg: Transport endpoint is not connected
