
[2015-03-24 05:50:26] Beginning TopHat run (v2.0.6)
-----------------------------------------------
[2015-03-24 05:50:26] Checking for Bowtie
		  Bowtie version:	 2.0.2.0
[2015-03-24 05:50:27] Checking for Samtools
		Samtools version:	 0.1.18.0
[2015-03-24 05:50:27] Checking for Bowtie index files
[2015-03-24 05:50:27] Checking for reference FASTA file
[2015-03-24 05:50:27] Generating SAM header for /n/rinn_data1/seq/lgoff/Projects/BrainMap/data/indexes/mm10/mm10_brainmap
	format:		 fastq
	quality scale:	 phred33 (default)
[2015-03-24 06:09:49] Reading known junctions from GTF file
[2015-03-24 06:11:48] Preparing reads
	 left reads: min. length=101, max. length=101, 27976616 kept reads (21362 discarded)
	right reads: min. length=101, max. length=101, 27814399 kept reads (183579 discarded)
[2015-03-24 07:32:00] Creating transcriptome data files..
[2015-03-24 07:47:28] Building Bowtie index from mm10_gencode_vM2_with_lncRNAs_and_LacZ.fa
[2015-03-24 08:03:08] Mapping left_kept_reads to transcriptome mm10_gencode_vM2_with_lncRNAs_and_LacZ with Bowtie2 
[2015-03-24 08:49:04] Mapping right_kept_reads to transcriptome mm10_gencode_vM2_with_lncRNAs_and_LacZ with Bowtie2 
[2015-03-24 09:36:47] Resuming TopHat pipeline with unmapped reads
[2015-03-24 09:36:50] Mapping left_kept_reads.m2g_um to genome mm10_brainmap with Bowtie2 
[2015-03-24 09:59:59] Mapping left_kept_reads.m2g_um_seg1 to genome mm10_brainmap with Bowtie2 (1/4)
[2015-03-24 10:01:54] Mapping left_kept_reads.m2g_um_seg2 to genome mm10_brainmap with Bowtie2 (2/4)
[2015-03-24 10:03:48] Mapping left_kept_reads.m2g_um_seg3 to genome mm10_brainmap with Bowtie2 (3/4)
[2015-03-24 10:06:40] Mapping left_kept_reads.m2g_um_seg4 to genome mm10_brainmap with Bowtie2 (4/4)
[2015-03-24 10:08:55] Mapping right_kept_reads.m2g_um to genome mm10_brainmap with Bowtie2 
[2015-03-24 10:32:15] Mapping right_kept_reads.m2g_um_seg1 to genome mm10_brainmap with Bowtie2 (1/4)
[2015-03-24 10:35:41] Mapping right_kept_reads.m2g_um_seg2 to genome mm10_brainmap with Bowtie2 (2/4)
[2015-03-24 10:38:58] Mapping right_kept_reads.m2g_um_seg3 to genome mm10_brainmap with Bowtie2 (3/4)
[2015-03-24 10:41:59] Mapping right_kept_reads.m2g_um_seg4 to genome mm10_brainmap with Bowtie2 (4/4)
[2015-03-24 10:44:34] Searching for junctions via segment mapping
[2015-03-24 10:58:47] Retrieving sequences for splices
[2015-03-24 11:03:20] Indexing splices
[2015-03-24 11:05:24] Mapping left_kept_reads.m2g_um_seg1 to genome segment_juncs with Bowtie2 (1/4)
[2015-03-24 11:06:21] Mapping left_kept_reads.m2g_um_seg2 to genome segment_juncs with Bowtie2 (2/4)
[2015-03-24 11:07:24] Mapping left_kept_reads.m2g_um_seg3 to genome segment_juncs with Bowtie2 (3/4)
[2015-03-24 11:08:27] Mapping left_kept_reads.m2g_um_seg4 to genome segment_juncs with Bowtie2 (4/4)
[2015-03-24 11:09:27] Joining segment hits
[2015-03-24 11:13:48] Mapping right_kept_reads.m2g_um_seg1 to genome segment_juncs with Bowtie2 (1/4)
[2015-03-24 11:14:32] Mapping right_kept_reads.m2g_um_seg2 to genome segment_juncs with Bowtie2 (2/4)
[2015-03-24 11:15:23] Mapping right_kept_reads.m2g_um_seg3 to genome segment_juncs with Bowtie2 (3/4)
[2015-03-24 11:16:34] Mapping right_kept_reads.m2g_um_seg4 to genome segment_juncs with Bowtie2 (4/4)
[2015-03-24 11:17:40] Joining segment hits
[2015-03-24 11:22:56] Reporting output tracks
-----------------------------------------------
[2015-03-24 13:39:30] Run complete: 07:49:04 elapsed
