
[2015-03-24 05:20:09] Beginning TopHat run (v2.0.6)
-----------------------------------------------
[2015-03-24 05:20:09] Checking for Bowtie
		  Bowtie version:	 2.0.2.0
[2015-03-24 05:20:10] Checking for Samtools
		Samtools version:	 0.1.18.0
[2015-03-24 05:20:10] Checking for Bowtie index files
[2015-03-24 05:20:10] Checking for reference FASTA file
[2015-03-24 05:20:10] Generating SAM header for /n/rinn_data1/seq/lgoff/Projects/BrainMap/data/indexes/mm10/mm10_brainmap
	format:		 fastq
	quality scale:	 phred33 (default)
[2015-03-24 05:38:06] Reading known junctions from GTF file
[2015-03-24 05:39:19] Preparing reads
	 left reads: min. length=101, max. length=101, 21840731 kept reads (14328 discarded)
	right reads: min. length=101, max. length=101, 21727774 kept reads (127285 discarded)
[2015-03-24 06:29:03] Creating transcriptome data files..
[2015-03-24 06:44:20] Building Bowtie index from mm10_gencode_vM2_with_lncRNAs_and_LacZ.fa
[2015-03-24 07:00:40] Mapping left_kept_reads to transcriptome mm10_gencode_vM2_with_lncRNAs_and_LacZ with Bowtie2 
[2015-03-24 07:31:18] Mapping right_kept_reads to transcriptome mm10_gencode_vM2_with_lncRNAs_and_LacZ with Bowtie2 
[2015-03-24 08:01:41] Resuming TopHat pipeline with unmapped reads
[2015-03-24 08:01:43] Mapping left_kept_reads.m2g_um to genome mm10_brainmap with Bowtie2 
[2015-03-24 08:20:43] Mapping left_kept_reads.m2g_um_seg1 to genome mm10_brainmap with Bowtie2 (1/4)
[2015-03-24 08:22:32] Mapping left_kept_reads.m2g_um_seg2 to genome mm10_brainmap with Bowtie2 (2/4)
[2015-03-24 08:24:46] Mapping left_kept_reads.m2g_um_seg3 to genome mm10_brainmap with Bowtie2 (3/4)
[2015-03-24 08:27:11] Mapping left_kept_reads.m2g_um_seg4 to genome mm10_brainmap with Bowtie2 (4/4)
[2015-03-24 08:29:29] Mapping right_kept_reads.m2g_um to genome mm10_brainmap with Bowtie2 
[2015-03-24 08:40:31] Mapping right_kept_reads.m2g_um_seg1 to genome mm10_brainmap with Bowtie2 (1/4)
[2015-03-24 08:42:32] Mapping right_kept_reads.m2g_um_seg2 to genome mm10_brainmap with Bowtie2 (2/4)
[2015-03-24 08:44:47] Mapping right_kept_reads.m2g_um_seg3 to genome mm10_brainmap with Bowtie2 (3/4)
[2015-03-24 08:47:09] Mapping right_kept_reads.m2g_um_seg4 to genome mm10_brainmap with Bowtie2 (4/4)
[2015-03-24 08:49:22] Searching for junctions via segment mapping
[2015-03-24 08:58:55] Retrieving sequences for splices
[2015-03-24 09:01:35] Indexing splices
[2015-03-24 09:02:55] Mapping left_kept_reads.m2g_um_seg1 to genome segment_juncs with Bowtie2 (1/4)
[2015-03-24 09:04:04] Mapping left_kept_reads.m2g_um_seg2 to genome segment_juncs with Bowtie2 (2/4)
[2015-03-24 09:05:13] Mapping left_kept_reads.m2g_um_seg3 to genome segment_juncs with Bowtie2 (3/4)
[2015-03-24 09:06:38] Mapping left_kept_reads.m2g_um_seg4 to genome segment_juncs with Bowtie2 (4/4)
[2015-03-24 09:07:39] Joining segment hits
[2015-03-24 09:13:42] Mapping right_kept_reads.m2g_um_seg1 to genome segment_juncs with Bowtie2 (1/4)
[2015-03-24 09:15:24] Mapping right_kept_reads.m2g_um_seg2 to genome segment_juncs with Bowtie2 (2/4)
[2015-03-24 09:16:57] Mapping right_kept_reads.m2g_um_seg3 to genome segment_juncs with Bowtie2 (3/4)
[2015-03-24 09:18:21] Mapping right_kept_reads.m2g_um_seg4 to genome segment_juncs with Bowtie2 (4/4)
[2015-03-24 09:19:18] Joining segment hits
[2015-03-24 09:24:40] Reporting output tracks
-----------------------------------------------
[2015-03-24 11:13:45] Run complete: 05:53:36 elapsed
