
[2015-03-24 06:30:51] Beginning TopHat run (v2.0.6)
-----------------------------------------------
[2015-03-24 06:30:51] Checking for Bowtie
		  Bowtie version:	 2.0.2.0
[2015-03-24 06:30:52] Checking for Samtools
		Samtools version:	 0.1.18.0
[2015-03-24 06:30:52] Checking for Bowtie index files
[2015-03-24 06:30:52] Checking for reference FASTA file
[2015-03-24 06:30:52] Generating SAM header for /n/rinn_data1/seq/lgoff/Projects/BrainMap/data/indexes/mm10/mm10_brainmap
	format:		 fastq
	quality scale:	 phred33 (default)
[2015-03-24 06:48:46] Reading known junctions from GTF file
[2015-03-24 06:50:58] Preparing reads
	 left reads: min. length=101, max. length=101, 24888204 kept reads (22059 discarded)
	right reads: min. length=101, max. length=101, 24742909 kept reads (167354 discarded)
[2015-03-24 08:00:24] Creating transcriptome data files..
[2015-03-24 08:16:30] Building Bowtie index from mm10_gencode_vM2_with_lncRNAs_and_LacZ.fa
[2015-03-24 08:34:44] Mapping left_kept_reads to transcriptome mm10_gencode_vM2_with_lncRNAs_and_LacZ with Bowtie2 
[2015-03-24 09:25:43] Mapping right_kept_reads to transcriptome mm10_gencode_vM2_with_lncRNAs_and_LacZ with Bowtie2 
[2015-03-24 10:13:49] Resuming TopHat pipeline with unmapped reads
[2015-03-24 10:13:51] Mapping left_kept_reads.m2g_um to genome mm10_brainmap with Bowtie2 
[2015-03-24 10:47:26] Mapping left_kept_reads.m2g_um_seg1 to genome mm10_brainmap with Bowtie2 (1/4)
[2015-03-24 10:48:49] Mapping left_kept_reads.m2g_um_seg2 to genome mm10_brainmap with Bowtie2 (2/4)
[2015-03-24 10:50:37] Mapping left_kept_reads.m2g_um_seg3 to genome mm10_brainmap with Bowtie2 (3/4)
[2015-03-24 10:52:18] Mapping left_kept_reads.m2g_um_seg4 to genome mm10_brainmap with Bowtie2 (4/4)
[2015-03-24 10:54:11] Mapping right_kept_reads.m2g_um to genome mm10_brainmap with Bowtie2 
[2015-03-24 11:11:11] Mapping right_kept_reads.m2g_um_seg1 to genome mm10_brainmap with Bowtie2 (1/4)
[2015-03-24 11:13:12] Mapping right_kept_reads.m2g_um_seg2 to genome mm10_brainmap with Bowtie2 (2/4)
[2015-03-24 11:15:11] Mapping right_kept_reads.m2g_um_seg3 to genome mm10_brainmap with Bowtie2 (3/4)
[2015-03-24 11:17:22] Mapping right_kept_reads.m2g_um_seg4 to genome mm10_brainmap with Bowtie2 (4/4)
[2015-03-24 11:19:53] Searching for junctions via segment mapping
[2015-03-24 11:53:17] Retrieving sequences for splices
[2015-03-24 11:56:18] Indexing splices
[2015-03-24 11:58:24] Mapping left_kept_reads.m2g_um_seg1 to genome segment_juncs with Bowtie2 (1/4)
[2015-03-24 11:59:14] Mapping left_kept_reads.m2g_um_seg2 to genome segment_juncs with Bowtie2 (2/4)
[2015-03-24 12:00:07] Mapping left_kept_reads.m2g_um_seg3 to genome segment_juncs with Bowtie2 (3/4)
[2015-03-24 12:01:01] Mapping left_kept_reads.m2g_um_seg4 to genome segment_juncs with Bowtie2 (4/4)
[2015-03-24 12:01:52] Joining segment hits
[2015-03-24 12:05:52] Mapping right_kept_reads.m2g_um_seg1 to genome segment_juncs with Bowtie2 (1/4)
[2015-03-24 12:06:39] Mapping right_kept_reads.m2g_um_seg2 to genome segment_juncs with Bowtie2 (2/4)
[2015-03-24 12:07:22] Mapping right_kept_reads.m2g_um_seg3 to genome segment_juncs with Bowtie2 (3/4)
[2015-03-24 12:08:17] Mapping right_kept_reads.m2g_um_seg4 to genome segment_juncs with Bowtie2 (4/4)
[2015-03-24 12:09:11] Joining segment hits
[2015-03-24 12:13:12] Reporting output tracks
-----------------------------------------------
[2015-03-24 14:08:53] Run complete: 07:38:01 elapsed
