
[2015-03-24 06:17:05] Beginning TopHat run (v2.0.6)
-----------------------------------------------
[2015-03-24 06:17:05] Checking for Bowtie
		  Bowtie version:	 2.0.2.0
[2015-03-24 06:17:05] Checking for Samtools
		Samtools version:	 0.1.18.0
[2015-03-24 06:17:05] Checking for Bowtie index files
[2015-03-24 06:17:05] Checking for reference FASTA file
[2015-03-24 06:17:05] Generating SAM header for /n/rinn_data1/seq/lgoff/Projects/BrainMap/data/indexes/mm10/mm10_brainmap
	format:		 fastq
	quality scale:	 phred33 (default)
[2015-03-24 06:21:11] Reading known junctions from GTF file
[2015-03-24 06:21:24] Preparing reads
	 left reads: min. length=101, max. length=101, 24213903 kept reads (18841 discarded)
	right reads: min. length=101, max. length=101, 24072257 kept reads (160487 discarded)
[2015-03-24 07:21:59] Creating transcriptome data files..
[2015-03-24 07:24:08] Building Bowtie index from mm10_gencode_vM2_with_lncRNAs_and_LacZ.fa
[2015-03-24 07:49:01] Mapping left_kept_reads to transcriptome mm10_gencode_vM2_with_lncRNAs_and_LacZ with Bowtie2 
[2015-03-24 08:37:57] Mapping right_kept_reads to transcriptome mm10_gencode_vM2_with_lncRNAs_and_LacZ with Bowtie2 
[2015-03-24 09:22:03] Resuming TopHat pipeline with unmapped reads
[2015-03-24 09:22:05] Mapping left_kept_reads.m2g_um to genome mm10_brainmap with Bowtie2 
[2015-03-24 09:40:19] Mapping left_kept_reads.m2g_um_seg1 to genome mm10_brainmap with Bowtie2 (1/4)
[2015-03-24 09:54:14] Mapping left_kept_reads.m2g_um_seg2 to genome mm10_brainmap with Bowtie2 (2/4)
[2015-03-24 10:01:43] Mapping left_kept_reads.m2g_um_seg3 to genome mm10_brainmap with Bowtie2 (3/4)
[2015-03-24 10:03:28] Mapping left_kept_reads.m2g_um_seg4 to genome mm10_brainmap with Bowtie2 (4/4)
[2015-03-24 10:05:19] Mapping right_kept_reads.m2g_um to genome mm10_brainmap with Bowtie2 
[2015-03-24 10:26:32] Mapping right_kept_reads.m2g_um_seg1 to genome mm10_brainmap with Bowtie2 (1/4)
[2015-03-24 10:28:28] Mapping right_kept_reads.m2g_um_seg2 to genome mm10_brainmap with Bowtie2 (2/4)
[2015-03-24 10:30:33] Mapping right_kept_reads.m2g_um_seg3 to genome mm10_brainmap with Bowtie2 (3/4)
[2015-03-24 10:32:37] Mapping right_kept_reads.m2g_um_seg4 to genome mm10_brainmap with Bowtie2 (4/4)
[2015-03-24 10:34:49] Searching for junctions via segment mapping
[2015-03-24 10:46:27] Retrieving sequences for splices
[2015-03-24 10:50:59] Indexing splices
[2015-03-24 10:52:56] Mapping left_kept_reads.m2g_um_seg1 to genome segment_juncs with Bowtie2 (1/4)
[2015-03-24 10:53:45] Mapping left_kept_reads.m2g_um_seg2 to genome segment_juncs with Bowtie2 (2/4)
[2015-03-24 10:54:46] Mapping left_kept_reads.m2g_um_seg3 to genome segment_juncs with Bowtie2 (3/4)
[2015-03-24 10:55:41] Mapping left_kept_reads.m2g_um_seg4 to genome segment_juncs with Bowtie2 (4/4)
[2015-03-24 10:56:33] Joining segment hits
[2015-03-24 11:01:06] Mapping right_kept_reads.m2g_um_seg1 to genome segment_juncs with Bowtie2 (1/4)
[2015-03-24 11:02:02] Mapping right_kept_reads.m2g_um_seg2 to genome segment_juncs with Bowtie2 (2/4)
[2015-03-24 11:03:01] Mapping right_kept_reads.m2g_um_seg3 to genome segment_juncs with Bowtie2 (3/4)
[2015-03-24 11:04:01] Mapping right_kept_reads.m2g_um_seg4 to genome segment_juncs with Bowtie2 (4/4)
[2015-03-24 11:04:58] Joining segment hits
[2015-03-24 11:09:35] Reporting output tracks
-----------------------------------------------
[2015-03-24 13:20:05] Run complete: 07:03:00 elapsed
