
[2015-03-23 13:47:54] Beginning TopHat run (v2.0.6)
-----------------------------------------------
[2015-03-23 13:47:54] Checking for Bowtie
		  Bowtie version:	 2.0.2.0
[2015-03-23 13:47:54] Checking for Samtools
		Samtools version:	 0.1.18.0
[2015-03-23 13:47:54] Checking for Bowtie index files
[2015-03-23 13:47:55] Checking for reference FASTA file
[2015-03-23 13:47:55] Generating SAM header for /n/rinn_data1/seq/lgoff/Projects/BrainMap/data/indexes/mm10/mm10_brainmap
	format:		 fastq
	quality scale:	 phred33 (default)
[2015-03-23 13:48:02] Reading known junctions from GTF file
[2015-03-23 13:48:15] Preparing reads
	 left reads: min. length=101, max. length=101, 24207433 kept reads (18518 discarded)
	right reads: min. length=101, max. length=101, 24066408 kept reads (159543 discarded)
[2015-03-23 14:44:36] Creating transcriptome data files..
[2015-03-23 14:56:35] Building Bowtie index from mm10_gencode_vM2_with_lncRNAs_and_LacZ.fa
[2015-03-23 15:13:43] Mapping left_kept_reads to transcriptome mm10_gencode_vM2_with_lncRNAs_and_LacZ with Bowtie2 
[2015-03-23 15:53:25] Mapping right_kept_reads to transcriptome mm10_gencode_vM2_with_lncRNAs_and_LacZ with Bowtie2 
[2015-03-23 16:32:42] Resuming TopHat pipeline with unmapped reads
[2015-03-23 16:32:45] Mapping left_kept_reads.m2g_um to genome mm10_brainmap with Bowtie2 
[2015-03-23 16:47:53] Mapping left_kept_reads.m2g_um_seg1 to genome mm10_brainmap with Bowtie2 (1/4)
[2015-03-23 16:49:14] Mapping left_kept_reads.m2g_um_seg2 to genome mm10_brainmap with Bowtie2 (2/4)
[2015-03-23 16:50:30] Mapping left_kept_reads.m2g_um_seg3 to genome mm10_brainmap with Bowtie2 (3/4)
[2015-03-23 16:51:53] Mapping left_kept_reads.m2g_um_seg4 to genome mm10_brainmap with Bowtie2 (4/4)
[2015-03-23 16:53:20] Mapping right_kept_reads.m2g_um to genome mm10_brainmap with Bowtie2 
[2015-03-23 17:07:47] Mapping right_kept_reads.m2g_um_seg1 to genome mm10_brainmap with Bowtie2 (1/4)
[2015-03-23 17:09:27] Mapping right_kept_reads.m2g_um_seg2 to genome mm10_brainmap with Bowtie2 (2/4)
[2015-03-23 17:11:57] Mapping right_kept_reads.m2g_um_seg3 to genome mm10_brainmap with Bowtie2 (3/4)
[2015-03-23 17:13:41] Mapping right_kept_reads.m2g_um_seg4 to genome mm10_brainmap with Bowtie2 (4/4)
[2015-03-23 17:15:35] Searching for junctions via segment mapping
[2015-03-23 17:23:53] Retrieving sequences for splices
[2015-03-23 17:26:41] Indexing splices
[2015-03-23 17:27:58] Mapping left_kept_reads.m2g_um_seg1 to genome segment_juncs with Bowtie2 (1/4)
[2015-03-23 17:28:31] Mapping left_kept_reads.m2g_um_seg2 to genome segment_juncs with Bowtie2 (2/4)
[2015-03-23 17:29:09] Mapping left_kept_reads.m2g_um_seg3 to genome segment_juncs with Bowtie2 (3/4)
[2015-03-23 17:29:56] Mapping left_kept_reads.m2g_um_seg4 to genome segment_juncs with Bowtie2 (4/4)
[2015-03-23 17:30:32] Joining segment hits
[2015-03-23 17:33:25] Mapping right_kept_reads.m2g_um_seg1 to genome segment_juncs with Bowtie2 (1/4)
[2015-03-23 17:34:03] Mapping right_kept_reads.m2g_um_seg2 to genome segment_juncs with Bowtie2 (2/4)
[2015-03-23 17:34:42] Mapping right_kept_reads.m2g_um_seg3 to genome segment_juncs with Bowtie2 (3/4)
[2015-03-23 17:35:27] Mapping right_kept_reads.m2g_um_seg4 to genome segment_juncs with Bowtie2 (4/4)
[2015-03-23 17:36:08] Joining segment hits
[2015-03-23 17:39:00] Reporting output tracks
-----------------------------------------------
[2015-03-23 19:14:12] Run complete: 05:26:18 elapsed
