
[2015-03-24 09:14:09] Beginning TopHat run (v2.0.6)
-----------------------------------------------
[2015-03-24 09:14:09] Checking for Bowtie
		  Bowtie version:	 2.0.2.0
[2015-03-24 09:14:09] Checking for Samtools
		Samtools version:	 0.1.18.0
[2015-03-24 09:14:09] Checking for Bowtie index files
[2015-03-24 09:14:09] Checking for reference FASTA file
[2015-03-24 09:14:09] Generating SAM header for /n/rinn_data1/seq/lgoff/Projects/BrainMap/data/indexes/mm10/mm10_brainmap
	format:		 fastq
	quality scale:	 phred33 (default)
[2015-03-24 09:22:01] Reading known junctions from GTF file
[2015-03-24 09:23:31] Preparing reads
	 left reads: min. length=101, max. length=101, 43527510 kept reads (28850 discarded)
	right reads: min. length=101, max. length=101, 43298459 kept reads (257901 discarded)
[2015-03-24 11:06:07] Creating transcriptome data files..
[2015-03-24 11:20:21] Building Bowtie index from mm10_gencode_vM2_with_lncRNAs_and_LacZ.fa
[2015-03-24 11:39:44] Mapping left_kept_reads to transcriptome mm10_gencode_vM2_with_lncRNAs_and_LacZ with Bowtie2 
[2015-03-24 12:43:02] Mapping right_kept_reads to transcriptome mm10_gencode_vM2_with_lncRNAs_and_LacZ with Bowtie2 
[2015-03-24 13:46:47] Resuming TopHat pipeline with unmapped reads
[2015-03-24 13:46:48] Mapping left_kept_reads.m2g_um to genome mm10_brainmap with Bowtie2 
[2015-03-24 14:13:25] Mapping left_kept_reads.m2g_um_seg1 to genome mm10_brainmap with Bowtie2 (1/4)
[2015-03-24 14:17:30] Mapping left_kept_reads.m2g_um_seg2 to genome mm10_brainmap with Bowtie2 (2/4)
[2015-03-24 14:21:05] Mapping left_kept_reads.m2g_um_seg3 to genome mm10_brainmap with Bowtie2 (3/4)
[2015-03-24 14:24:27] Mapping left_kept_reads.m2g_um_seg4 to genome mm10_brainmap with Bowtie2 (4/4)
[2015-03-24 14:27:43] Mapping right_kept_reads.m2g_um to genome mm10_brainmap with Bowtie2 
[2015-03-24 14:48:13] Mapping right_kept_reads.m2g_um_seg1 to genome mm10_brainmap with Bowtie2 (1/4)
[2015-03-24 14:51:33] Mapping right_kept_reads.m2g_um_seg2 to genome mm10_brainmap with Bowtie2 (2/4)
[2015-03-24 14:55:10] Mapping right_kept_reads.m2g_um_seg3 to genome mm10_brainmap with Bowtie2 (3/4)
[2015-03-24 14:59:09] Mapping right_kept_reads.m2g_um_seg4 to genome mm10_brainmap with Bowtie2 (4/4)
[2015-03-24 15:03:02] Searching for junctions via segment mapping
[2015-03-24 15:22:48] Retrieving sequences for splices
[2015-03-24 15:25:57] Indexing splices
[2015-03-24 15:28:09] Mapping left_kept_reads.m2g_um_seg1 to genome segment_juncs with Bowtie2 (1/4)
[2015-03-24 15:29:21] Mapping left_kept_reads.m2g_um_seg2 to genome segment_juncs with Bowtie2 (2/4)
[2015-03-24 15:30:33] Mapping left_kept_reads.m2g_um_seg3 to genome segment_juncs with Bowtie2 (3/4)
[2015-03-24 15:31:59] Mapping left_kept_reads.m2g_um_seg4 to genome segment_juncs with Bowtie2 (4/4)
[2015-03-24 15:33:12] Joining segment hits
[2015-03-24 15:37:43] Mapping right_kept_reads.m2g_um_seg1 to genome segment_juncs with Bowtie2 (1/4)
[2015-03-24 15:39:19] Mapping right_kept_reads.m2g_um_seg2 to genome segment_juncs with Bowtie2 (2/4)
[2015-03-24 15:40:46] Mapping right_kept_reads.m2g_um_seg3 to genome segment_juncs with Bowtie2 (3/4)
[2015-03-24 15:42:31] Mapping right_kept_reads.m2g_um_seg4 to genome segment_juncs with Bowtie2 (4/4)
[2015-03-24 15:44:06] Joining segment hits
[2015-03-24 15:49:14] Reporting output tracks
-----------------------------------------------
[2015-03-24 18:44:17] Run complete: 09:30:08 elapsed
