
[2015-03-23 13:47:54] Beginning TopHat run (v2.0.6)
-----------------------------------------------
[2015-03-23 13:47:54] Checking for Bowtie
		  Bowtie version:	 2.0.2.0
[2015-03-23 13:47:54] Checking for Samtools
		Samtools version:	 0.1.18.0
[2015-03-23 13:47:54] Checking for Bowtie index files
[2015-03-23 13:47:54] Checking for reference FASTA file
[2015-03-23 13:47:54] Generating SAM header for /n/rinn_data1/seq/lgoff/Projects/BrainMap/data/indexes/mm10/mm10_brainmap
	format:		 fastq
	quality scale:	 phred33 (default)
[2015-03-23 13:48:00] Reading known junctions from GTF file
[2015-03-23 13:48:16] Preparing reads
	 left reads: min. length=101, max. length=101, 19222623 kept reads (16844 discarded)
	right reads: min. length=101, max. length=101, 19111930 kept reads (127537 discarded)
[2015-03-23 15:18:02] Creating transcriptome data files..
[2015-03-23 15:35:26] Building Bowtie index from mm10_gencode_vM2_with_lncRNAs_and_LacZ.fa
[2015-03-23 15:57:34] Mapping left_kept_reads to transcriptome mm10_gencode_vM2_with_lncRNAs_and_LacZ with Bowtie2 
[2015-03-23 16:27:03] Mapping right_kept_reads to transcriptome mm10_gencode_vM2_with_lncRNAs_and_LacZ with Bowtie2 
[2015-03-23 16:56:05] Resuming TopHat pipeline with unmapped reads
[2015-03-23 16:56:06] Mapping left_kept_reads.m2g_um to genome mm10_brainmap with Bowtie2 
[2015-03-23 17:02:37] Mapping left_kept_reads.m2g_um_seg1 to genome mm10_brainmap with Bowtie2 (1/4)
[2015-03-23 17:03:31] Mapping left_kept_reads.m2g_um_seg2 to genome mm10_brainmap with Bowtie2 (2/4)
[2015-03-23 17:04:32] Mapping left_kept_reads.m2g_um_seg3 to genome mm10_brainmap with Bowtie2 (3/4)
[2015-03-23 17:05:35] Mapping left_kept_reads.m2g_um_seg4 to genome mm10_brainmap with Bowtie2 (4/4)
[2015-03-23 17:06:46] Mapping right_kept_reads.m2g_um to genome mm10_brainmap with Bowtie2 
[2015-03-23 17:13:50] Mapping right_kept_reads.m2g_um_seg1 to genome mm10_brainmap with Bowtie2 (1/4)
[2015-03-23 17:15:04] Mapping right_kept_reads.m2g_um_seg2 to genome mm10_brainmap with Bowtie2 (2/4)
[2015-03-23 17:16:13] Mapping right_kept_reads.m2g_um_seg3 to genome mm10_brainmap with Bowtie2 (3/4)
[2015-03-23 17:17:30] Mapping right_kept_reads.m2g_um_seg4 to genome mm10_brainmap with Bowtie2 (4/4)
[2015-03-23 17:18:47] Searching for junctions via segment mapping
[2015-03-23 17:25:52] Retrieving sequences for splices
[2015-03-23 17:29:13] Indexing splices
[2015-03-23 17:30:43] Mapping left_kept_reads.m2g_um_seg1 to genome segment_juncs with Bowtie2 (1/4)
[2015-03-23 17:31:38] Mapping left_kept_reads.m2g_um_seg2 to genome segment_juncs with Bowtie2 (2/4)
[2015-03-23 17:32:35] Mapping left_kept_reads.m2g_um_seg3 to genome segment_juncs with Bowtie2 (3/4)
[2015-03-23 17:33:29] Mapping left_kept_reads.m2g_um_seg4 to genome segment_juncs with Bowtie2 (4/4)
[2015-03-23 17:34:12] Joining segment hits
[2015-03-23 17:39:06] Mapping right_kept_reads.m2g_um_seg1 to genome segment_juncs with Bowtie2 (1/4)
[2015-03-23 17:39:51] Mapping right_kept_reads.m2g_um_seg2 to genome segment_juncs with Bowtie2 (2/4)
[2015-03-23 17:40:40] Mapping right_kept_reads.m2g_um_seg3 to genome segment_juncs with Bowtie2 (3/4)
[2015-03-23 17:41:32] Mapping right_kept_reads.m2g_um_seg4 to genome segment_juncs with Bowtie2 (4/4)
[2015-03-23 17:42:14] Joining segment hits
[2015-03-23 17:46:11] Reporting output tracks
-----------------------------------------------
[2015-03-23 19:29:38] Run complete: 05:41:44 elapsed
