
[2015-03-24 08:17:18] Beginning TopHat run (v2.0.6)
-----------------------------------------------
[2015-03-24 08:17:18] Checking for Bowtie
		  Bowtie version:	 2.0.2.0
[2015-03-24 08:17:19] Checking for Samtools
		Samtools version:	 0.1.18.0
[2015-03-24 08:17:19] Checking for Bowtie index files
[2015-03-24 08:17:19] Checking for reference FASTA file
[2015-03-24 08:17:19] Generating SAM header for /n/rinn_data1/seq/lgoff/Projects/BrainMap/data/indexes/mm10/mm10_brainmap
	format:		 fastq
	quality scale:	 phred33 (default)
[2015-03-24 08:17:23] Reading known junctions from GTF file
[2015-03-24 08:17:39] Preparing reads
	 left reads: min. length=101, max. length=101, 22896186 kept reads (17356 discarded)
	right reads: min. length=101, max. length=101, 22763376 kept reads (150166 discarded)
[2015-03-24 09:15:46] Creating transcriptome data files..
[2015-03-24 09:17:07] Building Bowtie index from mm10_gencode_vM2_with_lncRNAs_and_LacZ.fa
[2015-03-24 09:36:52] Mapping left_kept_reads to transcriptome mm10_gencode_vM2_with_lncRNAs_and_LacZ with Bowtie2 
[2015-03-24 10:08:19] Mapping right_kept_reads to transcriptome mm10_gencode_vM2_with_lncRNAs_and_LacZ with Bowtie2 
[2015-03-24 10:37:06] Resuming TopHat pipeline with unmapped reads
[2015-03-24 10:37:08] Mapping left_kept_reads.m2g_um to genome mm10_brainmap with Bowtie2 
[2015-03-24 10:44:53] Mapping left_kept_reads.m2g_um_seg1 to genome mm10_brainmap with Bowtie2 (1/4)
[2015-03-24 10:46:12] Mapping left_kept_reads.m2g_um_seg2 to genome mm10_brainmap with Bowtie2 (2/4)
[2015-03-24 10:47:39] Mapping left_kept_reads.m2g_um_seg3 to genome mm10_brainmap with Bowtie2 (3/4)
[2015-03-24 10:49:03] Mapping left_kept_reads.m2g_um_seg4 to genome mm10_brainmap with Bowtie2 (4/4)
[2015-03-24 10:50:27] Mapping right_kept_reads.m2g_um to genome mm10_brainmap with Bowtie2 
[2015-03-24 10:59:57] Mapping right_kept_reads.m2g_um_seg1 to genome mm10_brainmap with Bowtie2 (1/4)
[2015-03-24 11:13:35] Mapping right_kept_reads.m2g_um_seg2 to genome mm10_brainmap with Bowtie2 (2/4)
[2015-03-24 11:15:21] Mapping right_kept_reads.m2g_um_seg3 to genome mm10_brainmap with Bowtie2 (3/4)
[2015-03-24 11:17:19] Mapping right_kept_reads.m2g_um_seg4 to genome mm10_brainmap with Bowtie2 (4/4)
[2015-03-24 11:19:06] Searching for junctions via segment mapping
[2015-03-24 11:26:45] Retrieving sequences for splices
[2015-03-24 11:29:50] Indexing splices
[2015-03-24 11:31:24] Mapping left_kept_reads.m2g_um_seg1 to genome segment_juncs with Bowtie2 (1/4)
[2015-03-24 11:32:06] Mapping left_kept_reads.m2g_um_seg2 to genome segment_juncs with Bowtie2 (2/4)
[2015-03-24 11:32:48] Mapping left_kept_reads.m2g_um_seg3 to genome segment_juncs with Bowtie2 (3/4)
[2015-03-24 11:33:35] Mapping left_kept_reads.m2g_um_seg4 to genome segment_juncs with Bowtie2 (4/4)
[2015-03-24 11:34:17] Joining segment hits
[2015-03-24 11:38:01] Mapping right_kept_reads.m2g_um_seg1 to genome segment_juncs with Bowtie2 (1/4)
[2015-03-24 11:38:46] Mapping right_kept_reads.m2g_um_seg2 to genome segment_juncs with Bowtie2 (2/4)
[2015-03-24 11:39:36] Mapping right_kept_reads.m2g_um_seg3 to genome segment_juncs with Bowtie2 (3/4)
[2015-03-24 11:40:29] Mapping right_kept_reads.m2g_um_seg4 to genome segment_juncs with Bowtie2 (4/4)
[2015-03-24 11:41:20] Joining segment hits
[2015-03-24 11:45:25] Reporting output tracks
-----------------------------------------------
[2015-03-24 13:26:01] Run complete: 05:08:42 elapsed
