
[2015-03-24 07:03:20] Beginning TopHat run (v2.0.6)
-----------------------------------------------
[2015-03-24 07:03:21] Checking for Bowtie
		  Bowtie version:	 2.0.2.0
[2015-03-24 07:03:21] Checking for Samtools
		Samtools version:	 0.1.18.0
[2015-03-24 07:03:21] Checking for Bowtie index files
[2015-03-24 07:03:22] Checking for reference FASTA file
[2015-03-24 07:03:22] Generating SAM header for /n/rinn_data1/seq/lgoff/Projects/BrainMap/data/indexes/mm10/mm10_brainmap
	format:		 fastq
	quality scale:	 phred33 (default)
[2015-03-24 07:20:32] Reading known junctions from GTF file
[2015-03-24 07:21:34] Preparing reads
	 left reads: min. length=101, max. length=101, 25275328 kept reads (16455 discarded)
	right reads: min. length=101, max. length=101, 25140960 kept reads (150823 discarded)
[2015-03-24 08:15:40] Creating transcriptome data files..
[2015-03-24 08:29:12] Building Bowtie index from mm10_gencode_vM2_with_lncRNAs_and_LacZ.fa
[2015-03-24 08:52:06] Mapping left_kept_reads to transcriptome mm10_gencode_vM2_with_lncRNAs_and_LacZ with Bowtie2 
[2015-03-24 09:34:32] Mapping right_kept_reads to transcriptome mm10_gencode_vM2_with_lncRNAs_and_LacZ with Bowtie2 
[2015-03-24 10:20:57] Resuming TopHat pipeline with unmapped reads
[2015-03-24 10:20:59] Mapping left_kept_reads.m2g_um to genome mm10_brainmap with Bowtie2 
[2015-03-24 10:30:43] Mapping left_kept_reads.m2g_um_seg1 to genome mm10_brainmap with Bowtie2 (1/4)
[2015-03-24 10:32:13] Mapping left_kept_reads.m2g_um_seg2 to genome mm10_brainmap with Bowtie2 (2/4)
[2015-03-24 10:34:25] Mapping left_kept_reads.m2g_um_seg3 to genome mm10_brainmap with Bowtie2 (3/4)
[2015-03-24 10:36:12] Mapping left_kept_reads.m2g_um_seg4 to genome mm10_brainmap with Bowtie2 (4/4)
[2015-03-24 10:38:05] Mapping right_kept_reads.m2g_um to genome mm10_brainmap with Bowtie2 
[2015-03-24 10:49:07] Mapping right_kept_reads.m2g_um_seg1 to genome mm10_brainmap with Bowtie2 (1/4)
[2015-03-24 10:51:02] Mapping right_kept_reads.m2g_um_seg2 to genome mm10_brainmap with Bowtie2 (2/4)
[2015-03-24 10:53:06] Mapping right_kept_reads.m2g_um_seg3 to genome mm10_brainmap with Bowtie2 (3/4)
[2015-03-24 10:55:22] Mapping right_kept_reads.m2g_um_seg4 to genome mm10_brainmap with Bowtie2 (4/4)
[2015-03-24 10:57:29] Searching for junctions via segment mapping
[2015-03-24 11:06:03] Retrieving sequences for splices
[2015-03-24 11:09:12] Indexing splices
[2015-03-24 11:10:46] Mapping left_kept_reads.m2g_um_seg1 to genome segment_juncs with Bowtie2 (1/4)
[2015-03-24 11:11:34] Mapping left_kept_reads.m2g_um_seg2 to genome segment_juncs with Bowtie2 (2/4)
[2015-03-24 11:12:25] Mapping left_kept_reads.m2g_um_seg3 to genome segment_juncs with Bowtie2 (3/4)
[2015-03-24 11:13:12] Mapping left_kept_reads.m2g_um_seg4 to genome segment_juncs with Bowtie2 (4/4)
[2015-03-24 11:14:03] Joining segment hits
[2015-03-24 11:17:20] Mapping right_kept_reads.m2g_um_seg1 to genome segment_juncs with Bowtie2 (1/4)
[2015-03-24 11:18:13] Mapping right_kept_reads.m2g_um_seg2 to genome segment_juncs with Bowtie2 (2/4)
[2015-03-24 11:19:09] Mapping right_kept_reads.m2g_um_seg3 to genome segment_juncs with Bowtie2 (3/4)
[2015-03-24 11:20:07] Mapping right_kept_reads.m2g_um_seg4 to genome segment_juncs with Bowtie2 (4/4)
[2015-03-24 11:21:00] Joining segment hits
[2015-03-24 11:24:28] Reporting output tracks
-----------------------------------------------
[2015-03-24 13:03:46] Run complete: 06:00:25 elapsed
