
[2015-03-24 06:50:34] Beginning TopHat run (v2.0.6)
-----------------------------------------------
[2015-03-24 06:50:34] Checking for Bowtie
		  Bowtie version:	 2.0.2.0
[2015-03-24 06:50:34] Checking for Samtools
		Samtools version:	 0.1.18.0
[2015-03-24 06:50:34] Checking for Bowtie index files
[2015-03-24 06:50:34] Checking for reference FASTA file
[2015-03-24 06:50:34] Generating SAM header for /n/rinn_data1/seq/lgoff/Projects/BrainMap/data/indexes/mm10/mm10_brainmap
	format:		 fastq
	quality scale:	 phred33 (default)
[2015-03-24 06:50:39] Reading known junctions from GTF file
[2015-03-24 06:50:56] Preparing reads
	 left reads: min. length=101, max. length=101, 22529343 kept reads (17281 discarded)
	right reads: min. length=101, max. length=101, 22398089 kept reads (148535 discarded)
[2015-03-24 07:47:50] Creating transcriptome data files..
[2015-03-24 07:49:14] Building Bowtie index from mm10_gencode_vM2_with_lncRNAs_and_LacZ.fa
[2015-03-24 08:37:44] Mapping left_kept_reads to transcriptome mm10_gencode_vM2_with_lncRNAs_and_LacZ with Bowtie2 
[2015-03-24 09:22:00] Mapping right_kept_reads to transcriptome mm10_gencode_vM2_with_lncRNAs_and_LacZ with Bowtie2 
[2015-03-24 10:01:30] Resuming TopHat pipeline with unmapped reads
[2015-03-24 10:01:32] Mapping left_kept_reads.m2g_um to genome mm10_brainmap with Bowtie2 
[2015-03-24 10:21:47] Mapping left_kept_reads.m2g_um_seg1 to genome mm10_brainmap with Bowtie2 (1/4)
[2015-03-24 10:23:44] Mapping left_kept_reads.m2g_um_seg2 to genome mm10_brainmap with Bowtie2 (2/4)
[2015-03-24 10:25:45] Mapping left_kept_reads.m2g_um_seg3 to genome mm10_brainmap with Bowtie2 (3/4)
[2015-03-24 10:27:44] Mapping left_kept_reads.m2g_um_seg4 to genome mm10_brainmap with Bowtie2 (4/4)
[2015-03-24 10:29:50] Mapping right_kept_reads.m2g_um to genome mm10_brainmap with Bowtie2 
[2015-03-24 10:57:52] Mapping right_kept_reads.m2g_um_seg1 to genome mm10_brainmap with Bowtie2 (1/4)
[2015-03-24 11:00:56] Mapping right_kept_reads.m2g_um_seg2 to genome mm10_brainmap with Bowtie2 (2/4)
[2015-03-24 11:03:54] Mapping right_kept_reads.m2g_um_seg3 to genome mm10_brainmap with Bowtie2 (3/4)
[2015-03-24 11:07:07] Mapping right_kept_reads.m2g_um_seg4 to genome mm10_brainmap with Bowtie2 (4/4)
[2015-03-24 11:10:12] Searching for junctions via segment mapping
[2015-03-24 11:35:32] Retrieving sequences for splices
[2015-03-24 11:40:27] Indexing splices
[2015-03-24 11:42:49] Mapping left_kept_reads.m2g_um_seg1 to genome segment_juncs with Bowtie2 (1/4)
[2015-03-24 11:44:04] Mapping left_kept_reads.m2g_um_seg2 to genome segment_juncs with Bowtie2 (2/4)
[2015-03-24 11:45:22] Mapping left_kept_reads.m2g_um_seg3 to genome segment_juncs with Bowtie2 (3/4)
[2015-03-24 11:46:37] Mapping left_kept_reads.m2g_um_seg4 to genome segment_juncs with Bowtie2 (4/4)
[2015-03-24 11:47:48] Joining segment hits
[2015-03-24 11:54:11] Mapping right_kept_reads.m2g_um_seg1 to genome segment_juncs with Bowtie2 (1/4)
[2015-03-24 11:55:26] Mapping right_kept_reads.m2g_um_seg2 to genome segment_juncs with Bowtie2 (2/4)
[2015-03-24 11:56:46] Mapping right_kept_reads.m2g_um_seg3 to genome segment_juncs with Bowtie2 (3/4)
[2015-03-24 11:58:08] Mapping right_kept_reads.m2g_um_seg4 to genome segment_juncs with Bowtie2 (4/4)
[2015-03-24 11:59:27] Joining segment hits
[2015-03-24 12:06:25] Reporting output tracks
-----------------------------------------------
[2015-03-24 14:54:58] Run complete: 08:04:24 elapsed
slurmstepd: error: slurm_receive_msg: Socket timed out on send/recv operation
