
[2015-03-24 06:50:34] Beginning TopHat run (v2.0.6)
-----------------------------------------------
[2015-03-24 06:50:34] Checking for Bowtie
		  Bowtie version:	 2.0.2.0
[2015-03-24 06:50:34] Checking for Samtools
		Samtools version:	 0.1.18.0
[2015-03-24 06:50:34] Checking for Bowtie index files
[2015-03-24 06:50:34] Checking for reference FASTA file
[2015-03-24 06:50:34] Generating SAM header for /n/rinn_data1/seq/lgoff/Projects/BrainMap/data/indexes/mm10/mm10_brainmap
	format:		 fastq
	quality scale:	 phred33 (default)
[2015-03-24 06:58:04] Reading known junctions from GTF file
[2015-03-24 06:58:47] Preparing reads
	 left reads: min. length=101, max. length=101, 25541590 kept reads (22622 discarded)
	right reads: min. length=101, max. length=101, 25391281 kept reads (172931 discarded)
[2015-03-24 08:08:31] Creating transcriptome data files..
[2015-03-24 08:26:35] Building Bowtie index from mm10_gencode_vM2_with_lncRNAs_and_LacZ.fa
[2015-03-24 08:46:38] Mapping left_kept_reads to transcriptome mm10_gencode_vM2_with_lncRNAs_and_LacZ with Bowtie2 
[2015-03-24 09:45:49] Mapping right_kept_reads to transcriptome mm10_gencode_vM2_with_lncRNAs_and_LacZ with Bowtie2 
[2015-03-24 10:48:10] Resuming TopHat pipeline with unmapped reads
[2015-03-24 10:48:12] Mapping left_kept_reads.m2g_um to genome mm10_brainmap with Bowtie2 
[2015-03-24 11:09:29] Mapping left_kept_reads.m2g_um_seg1 to genome mm10_brainmap with Bowtie2 (1/4)
[2015-03-24 11:11:15] Mapping left_kept_reads.m2g_um_seg2 to genome mm10_brainmap with Bowtie2 (2/4)
[2015-03-24 11:13:25] Mapping left_kept_reads.m2g_um_seg3 to genome mm10_brainmap with Bowtie2 (3/4)
[2015-03-24 11:15:36] Mapping left_kept_reads.m2g_um_seg4 to genome mm10_brainmap with Bowtie2 (4/4)
[2015-03-24 11:17:49] Mapping right_kept_reads.m2g_um to genome mm10_brainmap with Bowtie2 
[2015-03-24 11:39:43] Mapping right_kept_reads.m2g_um_seg1 to genome mm10_brainmap with Bowtie2 (1/4)
[2015-03-24 11:41:54] Mapping right_kept_reads.m2g_um_seg2 to genome mm10_brainmap with Bowtie2 (2/4)
[2015-03-24 11:44:15] Mapping right_kept_reads.m2g_um_seg3 to genome mm10_brainmap with Bowtie2 (3/4)
[2015-03-24 11:46:53] Mapping right_kept_reads.m2g_um_seg4 to genome mm10_brainmap with Bowtie2 (4/4)
[2015-03-24 11:49:40] Searching for junctions via segment mapping
[2015-03-24 12:00:01] Retrieving sequences for splices
[2015-03-24 12:03:03] Indexing splices
[2015-03-24 12:04:31] Mapping left_kept_reads.m2g_um_seg1 to genome segment_juncs with Bowtie2 (1/4)
[2015-03-24 12:05:11] Mapping left_kept_reads.m2g_um_seg2 to genome segment_juncs with Bowtie2 (2/4)
[2015-03-24 12:05:54] Mapping left_kept_reads.m2g_um_seg3 to genome segment_juncs with Bowtie2 (3/4)
[2015-03-24 12:06:39] Mapping left_kept_reads.m2g_um_seg4 to genome segment_juncs with Bowtie2 (4/4)
[2015-03-24 12:07:16] Joining segment hits
[2015-03-24 12:10:38] Mapping right_kept_reads.m2g_um_seg1 to genome segment_juncs with Bowtie2 (1/4)
[2015-03-24 12:11:16] Mapping right_kept_reads.m2g_um_seg2 to genome segment_juncs with Bowtie2 (2/4)
[2015-03-24 12:12:04] Mapping right_kept_reads.m2g_um_seg3 to genome segment_juncs with Bowtie2 (3/4)
[2015-03-24 12:12:47] Mapping right_kept_reads.m2g_um_seg4 to genome segment_juncs with Bowtie2 (4/4)
[2015-03-24 12:13:27] Joining segment hits
[2015-03-24 12:16:27] Reporting output tracks
-----------------------------------------------
[2015-03-24 14:01:21] Run complete: 07:10:46 elapsed
