producer_class	xtools.gsea.GseaPreranked
producer_timestamp	1430153340605
param	collapse	false
param	plot_top_x	20
param	rnk	/n/rinn_data1/users/agroff/seq/OtherMice/Diana/lincP21/analysis/GSEAinput_Embryonic.rnk
param	norm	meandiv
param	scoring_scheme	weighted
param	make_sets	true
param	mode	Max_probe
param	gmx	Jacks_genesets.gmt
param	gui	false
param	rpt_label	my_analysis
param	help	false
param	out	/n/rinn_data1/users/agroff/seq/OtherMice/Diana/lincP21/analysis/GSEA_OUT
param	include_only_symbols	false
param	set_min	15
param	nperm	1000
param	rnd_seed	timestamp
param	zip_report	false
param	set_max	500

file	GSEA_OUT/my_analysis.GseaPreranked.1430153340605/index.html
