[1] "lincp21_broad_lung"
[1] "Trp53cor1"
Warning message:
In dir.create(filename) : 'lincp21_broad_lung' already exists
Loading required package: BiocGenerics
Loading required package: methods
Loading required package: parallel

Attaching package: 'BiocGenerics'

The following objects are masked from 'package:parallel':

    clusterApply, clusterApplyLB, clusterCall, clusterEvalQ,
    clusterExport, clusterMap, parApply, parCapply, parLapply,
    parLapplyLB, parRapply, parSapply, parSapplyLB

The following object is masked from 'package:stats':

    xtabs

The following objects are masked from 'package:base':

    anyDuplicated, append, as.data.frame, as.vector, cbind,
    colnames, duplicated, eval, evalq, Filter, Find, get,
    intersect, is.unsorted, lapply, Map, mapply, match, mget,
    order, paste, pmax, pmax.int, pmin, pmin.int, Position, rank,
    rbind, Reduce, rep.int, rownames, sapply, setdiff, sort,
    table, tapply, union, unique, unlist

Loading required package: RSQLite
Loading required package: DBI
Loading required package: ggplot2
Loading required package: reshape2
Loading required package: fastcluster

Attaching package: 'fastcluster'

The following object is masked from 'package:stats':

    hclust

Loading required package: rtracklayer
Loading required package: GenomicRanges
Loading required package: IRanges
Loading required package: XVector
Loading required package: Gviz
Loading required package: grid

Attaching package: 'cummeRbund'

The following object is masked from 'package:GenomicRanges':

    promoters

The following object is masked from 'package:IRanges':

    promoters

The following object is masked from 'package:BiocGenerics':

    conditions


Attaching package: 'limma'

The following object is masked from 'package:BiocGenerics':

    plotMA

KernSmooth 2.23 loaded
Copyright M. P. Wand 1997-2009

Attaching package: 'gplots'

The following object is masked from 'package:rtracklayer':

    space

The following object is masked from 'package:IRanges':

    space

The following object is masked from 'package:stats':

    lowess


Attaching package: 'RMySQL'

The following objects are masked from 'package:RSQLite':

    dbBuildTableDefinition, isIdCurrent, safe.write

Read 49 records
Read 8106 items
Read 674 records
Read 38949 items
Read 217 records
Read 4964 items
Read 186 records
Read 13247 items
Read 4 records
Read 1053 items
Read 189 records
Read 31697 items
Read 10295 records
Read 1325767 items
Creating database /n/rinn_data1/seq/lgoff/Projects/BrainMap/data/diffs/Trp53cor1_E14.5_Lung_b0329/cuffData.db
Loading required package: AnnotationDbi
Loading required package: Biobase
Welcome to Bioconductor

    Vignettes contain introductory material; view with
    'browseVignettes()'. To cite Bioconductor, see
    'citation("Biobase")', and for packages 'citation("pkgname")'.


Attaching package: 'Biobase'

The following object is masked _by_ '.GlobalEnv':

    samples

The following object is masked from 'package:cummeRbund':

    samples


Attaching package: 'GenomicFeatures'

The following objects are masked from 'package:cummeRbund':

    features, genes

Warning messages:
1: In rm(x_ordered) : object 'x_ordered' not found
2: In rm(x) : object 'x' not found
Warning messages:
1: In rm(x_ordered) : object 'x_ordered' not found
2: In rm(x) : object 'x' not found
Warning messages:
1: In rm(x_ordered) : object 'x_ordered' not found
2: In rm(x) : object 'x' not found
Warning messages:
1: In rm(x_ordered) : object 'x_ordered' not found
2: In rm(x) : object 'x' not found
Warning messages:
1: In rm(x_ordered) : object 'x_ordered' not found
2: In rm(x) : object 'x' not found
Warning messages:
1: In rm(x_ordered) : object 'x_ordered' not found
2: In rm(x) : object 'x' not found
Warning messages:
1: In rm(x_ordered) : object 'x_ordered' not found
2: In rm(x) : object 'x' not found
Warning messages:
1: In rm(x_ordered) : object 'x_ordered' not found
2: In rm(x) : object 'x' not found
Warning messages:
1: In rm(x_ordered) : object 'x_ordered' not found
2: In rm(x) : object 'x' not found
Warning messages:
1: In rm(x_ordered) : object 'x_ordered' not found
2: In rm(x) : object 'x' not found
Warning messages:
1: In rm(x_ordered) : object 'x_ordered' not found
2: In rm(x) : object 'x' not found
Warning messages:
1: In rm(x_ordered) : object 'x_ordered' not found
2: In rm(x) : object 'x' not found
Quitting from lines 864-865 (/n/rinn_data1/users/agroff/seq/OtherMice/Diana/lincP21/analysis/Lincp21_StrainTemplate.Rmd) 
Error in eval(expr, envir, enclos) : object 'gseaEnriched' not found
Calls: knit2html ... in_dir -> inline_exec -> withVisible -> eval -> eval
Execution halted
