[Fri Mar 27 13:46:58 EDT 2015] net.sf.picard.sam.MarkDuplicates INPUT=[/n/rinn_data1/users/agroff/seq/OtherMice/Diana/lincP21/bam/Kidney_WT1/accepted_hits_sorted_picard.bam] OUTPUT=/n/rinn_data1/users/agroff/seq/OtherMice/Diana/lincP21/bam/Kidney_WT1/accepted_hits_sorted_duplicates_marked.bam METRICS_FILE=dup_metrics.txt    PROGRAM_RECORD_ID=MarkDuplicates PROGRAM_GROUP_NAME=MarkDuplicates REMOVE_DUPLICATES=false ASSUME_SORTED=false MAX_SEQUENCES_FOR_DISK_READ_ENDS_MAP=50000 MAX_FILE_HANDLES_FOR_READ_ENDS_MAP=8000 SORTING_COLLECTION_SIZE_RATIO=0.25 READ_NAME_REGEX=[a-zA-Z0-9]+:[0-9]:([0-9]+):([0-9]+):([0-9]+).* OPTICAL_DUPLICATE_PIXEL_DISTANCE=100 VERBOSITY=INFO QUIET=false VALIDATION_STRINGENCY=STRICT COMPRESSION_LEVEL=5 MAX_RECORDS_IN_RAM=500000 CREATE_INDEX=false CREATE_MD5_FILE=false
[Fri Mar 27 13:46:58 EDT 2015] Executing as agroff@holy2a04206.rc.fas.harvard.edu on Linux 2.6.32-431.17.1.el6.x86_64 amd64; Java HotSpot(TM) 64-Bit Server VM 1.6.0_11-b03; Picard version: 1.98(1547)
INFO	2015-03-27 13:46:58	MarkDuplicates	Start of doWork freeMemory: 8629064; totalMemory: 9109504; maxMemory: 38177538048
INFO	2015-03-27 13:46:58	MarkDuplicates	Reading input file and constructing read end information.
INFO	2015-03-27 13:46:58	MarkDuplicates	Will retain up to 151498166 data points before spilling to disk.
INFO	2015-03-27 13:48:15	MarkDuplicates	Read     1,000,000 records.  Elapsed time: 00:01:13s.  Time for last 1,000,000:   73s.  Last read position: chr1:74,530,123
INFO	2015-03-27 13:48:15	MarkDuplicates	Tracking 9480 as yet unmatched pairs. 228 records in RAM.
INFO	2015-03-27 13:48:50	MarkDuplicates	Read     2,000,000 records.  Elapsed time: 00:01:49s.  Time for last 1,000,000:   36s.  Last read position: chr1:152,844,307
INFO	2015-03-27 13:48:50	MarkDuplicates	Tracking 14372 as yet unmatched pairs. 176 records in RAM.
INFO	2015-03-27 13:49:26	MarkDuplicates	Read     3,000,000 records.  Elapsed time: 00:02:16s.  Time for last 1,000,000:   26s.  Last read position: chr10:21,358,835
INFO	2015-03-27 13:49:26	MarkDuplicates	Tracking 17811 as yet unmatched pairs. 779 records in RAM.
INFO	2015-03-27 13:50:15	MarkDuplicates	Read     4,000,000 records.  Elapsed time: 00:03:00s.  Time for last 1,000,000:   44s.  Last read position: chr10:80,709,488
INFO	2015-03-27 13:50:15	MarkDuplicates	Tracking 20906 as yet unmatched pairs. 576 records in RAM.
INFO	2015-03-27 13:51:10	MarkDuplicates	Read     5,000,000 records.  Elapsed time: 00:03:55s.  Time for last 1,000,000:   54s.  Last read position: chr10:128,083,945
INFO	2015-03-27 13:51:10	MarkDuplicates	Tracking 24825 as yet unmatched pairs. 1671 records in RAM.
INFO	2015-03-27 13:52:11	MarkDuplicates	Read     6,000,000 records.  Elapsed time: 00:04:55s.  Time for last 1,000,000:   60s.  Last read position: chr11:32,296,801
INFO	2015-03-27 13:52:11	MarkDuplicates	Tracking 32378 as yet unmatched pairs. 6654 records in RAM.
INFO	2015-03-27 13:53:10	MarkDuplicates	Read     7,000,000 records.  Elapsed time: 00:06:00s.  Time for last 1,000,000:   64s.  Last read position: chr11:68,815,456
INFO	2015-03-27 13:53:10	MarkDuplicates	Tracking 29003 as yet unmatched pairs. 1445 records in RAM.
INFO	2015-03-27 13:54:06	MarkDuplicates	Read     8,000,000 records.  Elapsed time: 00:06:52s.  Time for last 1,000,000:   52s.  Last read position: chr11:87,611,910
INFO	2015-03-27 13:54:06	MarkDuplicates	Tracking 30944 as yet unmatched pairs. 775 records in RAM.
INFO	2015-03-27 13:55:05	MarkDuplicates	Read     9,000,000 records.  Elapsed time: 00:07:47s.  Time for last 1,000,000:   55s.  Last read position: chr11:106,780,927
INFO	2015-03-27 13:55:05	MarkDuplicates	Tracking 33670 as yet unmatched pairs. 908 records in RAM.
INFO	2015-03-27 13:55:53	MarkDuplicates	Read    10,000,000 records.  Elapsed time: 00:08:45s.  Time for last 1,000,000:   57s.  Last read position: chr12:23,601,149
INFO	2015-03-27 13:55:53	MarkDuplicates	Tracking 37270 as yet unmatched pairs. 1510 records in RAM.
INFO	2015-03-27 13:56:36	MarkDuplicates	Read    11,000,000 records.  Elapsed time: 00:09:27s.  Time for last 1,000,000:   41s.  Last read position: chr12:106,054,609
INFO	2015-03-27 13:56:36	MarkDuplicates	Tracking 42468 as yet unmatched pairs. 329 records in RAM.
INFO	2015-03-27 13:57:19	MarkDuplicates	Read    12,000,000 records.  Elapsed time: 00:10:01s.  Time for last 1,000,000:   33s.  Last read position: chr13:58,391,237
INFO	2015-03-27 13:57:19	MarkDuplicates	Tracking 46666 as yet unmatched pairs. 1131 records in RAM.
INFO	2015-03-27 13:58:02	MarkDuplicates	Read    13,000,000 records.  Elapsed time: 00:10:48s.  Time for last 1,000,000:   47s.  Last read position: chr14:21,775,510
INFO	2015-03-27 13:58:02	MarkDuplicates	Tracking 51481 as yet unmatched pairs. 4034 records in RAM.
INFO	2015-03-27 13:58:48	MarkDuplicates	Read    14,000,000 records.  Elapsed time: 00:11:39s.  Time for last 1,000,000:   51s.  Last read position: chr14:72,911,137
INFO	2015-03-27 13:58:48	MarkDuplicates	Tracking 52612 as yet unmatched pairs. 984 records in RAM.
INFO	2015-03-27 13:59:32	MarkDuplicates	Read    15,000,000 records.  Elapsed time: 00:12:24s.  Time for last 1,000,000:   45s.  Last read position: chr15:68,995,144
INFO	2015-03-27 13:59:32	MarkDuplicates	Tracking 55242 as yet unmatched pairs. 1203 records in RAM.
INFO	2015-03-27 14:00:42	MarkDuplicates	Read    16,000,000 records.  Elapsed time: 00:13:22s.  Time for last 1,000,000:   58s.  Last read position: chr15:98,932,404
INFO	2015-03-27 14:00:42	MarkDuplicates	Tracking 60008 as yet unmatched pairs. 4094 records in RAM.
INFO	2015-03-27 14:01:28	MarkDuplicates	Read    17,000,000 records.  Elapsed time: 00:14:23s.  Time for last 1,000,000:   60s.  Last read position: chr16:20,688,613
INFO	2015-03-27 14:01:28	MarkDuplicates	Tracking 58768 as yet unmatched pairs. 2365 records in RAM.
INFO	2015-03-27 14:01:59	MarkDuplicates	Read    18,000,000 records.  Elapsed time: 00:14:51s.  Time for last 1,000,000:   28s.  Last read position: chr17:8,192,202
INFO	2015-03-27 14:01:59	MarkDuplicates	Tracking 59993 as yet unmatched pairs. 4624 records in RAM.
INFO	2015-03-27 14:02:59	MarkDuplicates	Read    19,000,000 records.  Elapsed time: 00:15:34s.  Time for last 1,000,000:   42s.  Last read position: chr17:34,023,985
INFO	2015-03-27 14:02:59	MarkDuplicates	Tracking 60811 as yet unmatched pairs. 2085 records in RAM.
INFO	2015-03-27 14:04:00	MarkDuplicates	Read    20,000,000 records.  Elapsed time: 00:16:30s.  Time for last 1,000,000:   56s.  Last read position: chr17:67,817,541
INFO	2015-03-27 14:04:00	MarkDuplicates	Tracking 63428 as yet unmatched pairs. 785 records in RAM.
INFO	2015-03-27 14:04:59	MarkDuplicates	Read    21,000,000 records.  Elapsed time: 00:17:48s.  Time for last 1,000,000:   78s.  Last read position: chr18:53,411,516
INFO	2015-03-27 14:04:59	MarkDuplicates	Tracking 65942 as yet unmatched pairs. 2020 records in RAM.
INFO	2015-03-27 14:05:47	MarkDuplicates	Read    22,000,000 records.  Elapsed time: 00:18:28s.  Time for last 1,000,000:   39s.  Last read position: chr19:8,765,973
INFO	2015-03-27 14:05:47	MarkDuplicates	Tracking 65510 as yet unmatched pairs. 1966 records in RAM.
INFO	2015-03-27 14:06:35	MarkDuplicates	Read    23,000,000 records.  Elapsed time: 00:19:26s.  Time for last 1,000,000:   57s.  Last read position: chr2:3,326,722
INFO	2015-03-27 14:06:35	MarkDuplicates	Tracking 65690 as yet unmatched pairs. 6852 records in RAM.
INFO	2015-03-27 14:07:27	MarkDuplicates	Read    24,000,000 records.  Elapsed time: 00:20:16s.  Time for last 1,000,000:   50s.  Last read position: chr2:53,145,295
INFO	2015-03-27 14:07:27	MarkDuplicates	Tracking 66849 as yet unmatched pairs. 4992 records in RAM.
INFO	2015-03-27 14:08:16	MarkDuplicates	Read    25,000,000 records.  Elapsed time: 00:20:55s.  Time for last 1,000,000:   38s.  Last read position: chr2:120,601,577
INFO	2015-03-27 14:08:16	MarkDuplicates	Tracking 67420 as yet unmatched pairs. 3163 records in RAM.
INFO	2015-03-27 14:09:18	MarkDuplicates	Read    26,000,000 records.  Elapsed time: 00:22:12s.  Time for last 1,000,000:   77s.  Last read position: chr2:163,631,476
INFO	2015-03-27 14:09:18	MarkDuplicates	Tracking 67388 as yet unmatched pairs. 1044 records in RAM.
INFO	2015-03-27 14:10:12	MarkDuplicates	Read    27,000,000 records.  Elapsed time: 00:22:54s.  Time for last 1,000,000:   41s.  Last read position: chr3:62,362,873
INFO	2015-03-27 14:10:12	MarkDuplicates	Tracking 63612 as yet unmatched pairs. 4477 records in RAM.
INFO	2015-03-27 14:11:08	MarkDuplicates	Read    28,000,000 records.  Elapsed time: 00:24:07s.  Time for last 1,000,000:   73s.  Last read position: chr3:107,675,050
INFO	2015-03-27 14:11:08	MarkDuplicates	Tracking 61995 as yet unmatched pairs. 1731 records in RAM.
INFO	2015-03-27 14:12:06	MarkDuplicates	Read    29,000,000 records.  Elapsed time: 00:24:49s.  Time for last 1,000,000:   41s.  Last read position: chr4:43,421,645
INFO	2015-03-27 14:12:06	MarkDuplicates	Tracking 61551 as yet unmatched pairs. 8180 records in RAM.
INFO	2015-03-27 14:12:59	MarkDuplicates	Read    30,000,000 records.  Elapsed time: 00:25:41s.  Time for last 1,000,000:   51s.  Last read position: chr4:119,200,929
INFO	2015-03-27 14:13:05	MarkDuplicates	Tracking 59944 as yet unmatched pairs. 4589 records in RAM.
INFO	2015-03-27 14:14:08	MarkDuplicates	Read    31,000,000 records.  Elapsed time: 00:26:55s.  Time for last 1,000,000:   74s.  Last read position: chr4:139,454,012
INFO	2015-03-27 14:14:08	MarkDuplicates	Tracking 59597 as yet unmatched pairs. 2510 records in RAM.
INFO	2015-03-27 14:15:14	MarkDuplicates	Read    32,000,000 records.  Elapsed time: 00:28:06s.  Time for last 1,000,000:   71s.  Last read position: chr5:33,733,686
INFO	2015-03-27 14:15:14	MarkDuplicates	Tracking 59253 as yet unmatched pairs. 6206 records in RAM.
INFO	2015-03-27 14:15:58	MarkDuplicates	Read    33,000,000 records.  Elapsed time: 00:28:54s.  Time for last 1,000,000:   47s.  Last read position: chr5:113,745,159
INFO	2015-03-27 14:15:58	MarkDuplicates	Tracking 58377 as yet unmatched pairs. 3695 records in RAM.
INFO	2015-03-27 14:16:54	MarkDuplicates	Read    34,000,000 records.  Elapsed time: 00:29:35s.  Time for last 1,000,000:   40s.  Last read position: chr5:136,251,394
INFO	2015-03-27 14:17:00	MarkDuplicates	Tracking 56835 as yet unmatched pairs. 1088 records in RAM.
INFO	2015-03-27 14:18:18	MarkDuplicates	Read    35,000,000 records.  Elapsed time: 00:30:59s.  Time for last 1,000,000:   84s.  Last read position: chr6:31,520,091
INFO	2015-03-27 14:18:18	MarkDuplicates	Tracking 52418 as yet unmatched pairs. 8482 records in RAM.
INFO	2015-03-27 14:19:18	MarkDuplicates	Read    36,000,000 records.  Elapsed time: 00:31:57s.  Time for last 1,000,000:   58s.  Last read position: chr6:92,375,948
INFO	2015-03-27 14:19:18	MarkDuplicates	Tracking 50175 as yet unmatched pairs. 5505 records in RAM.
INFO	2015-03-27 14:20:22	MarkDuplicates	Read    37,000,000 records.  Elapsed time: 00:33:04s.  Time for last 1,000,000:   66s.  Last read position: chr7:3,705,826
INFO	2015-03-27 14:20:22	MarkDuplicates	Tracking 48544 as yet unmatched pairs. 13670 records in RAM.
INFO	2015-03-27 14:21:00	MarkDuplicates	Read    38,000,000 records.  Elapsed time: 00:33:52s.  Time for last 1,000,000:   48s.  Last read position: chr7:44,816,467
INFO	2015-03-27 14:21:00	MarkDuplicates	Tracking 42749 as yet unmatched pairs. 7385 records in RAM.
INFO	2015-03-27 14:21:34	MarkDuplicates	Read    39,000,000 records.  Elapsed time: 00:34:23s.  Time for last 1,000,000:   30s.  Last read position: chr7:101,999,164
INFO	2015-03-27 14:21:34	MarkDuplicates	Tracking 40097 as yet unmatched pairs. 4185 records in RAM.
INFO	2015-03-27 14:22:05	MarkDuplicates	Read    40,000,000 records.  Elapsed time: 00:34:58s.  Time for last 1,000,000:   35s.  Last read position: chr7:131,568,611
INFO	2015-03-27 14:22:05	MarkDuplicates	Tracking 38378 as yet unmatched pairs. 1610 records in RAM.
INFO	2015-03-27 14:23:01	MarkDuplicates	Read    41,000,000 records.  Elapsed time: 00:35:46s.  Time for last 1,000,000:   47s.  Last read position: chr8:25,156,787
INFO	2015-03-27 14:23:01	MarkDuplicates	Tracking 35745 as yet unmatched pairs. 9322 records in RAM.
INFO	2015-03-27 14:23:41	MarkDuplicates	Read    42,000,000 records.  Elapsed time: 00:36:29s.  Time for last 1,000,000:   43s.  Last read position: chr8:90,938,551
INFO	2015-03-27 14:23:41	MarkDuplicates	Tracking 31147 as yet unmatched pairs. 4206 records in RAM.
INFO	2015-03-27 14:24:20	MarkDuplicates	Read    43,000,000 records.  Elapsed time: 00:37:08s.  Time for last 1,000,000:   39s.  Last read position: chr9:19,647,050
INFO	2015-03-27 14:24:20	MarkDuplicates	Tracking 27025 as yet unmatched pairs. 14773 records in RAM.
INFO	2015-03-27 14:25:01	MarkDuplicates	Read    44,000,000 records.  Elapsed time: 00:37:46s.  Time for last 1,000,000:   38s.  Last read position: chr9:59,678,880
INFO	2015-03-27 14:25:01	MarkDuplicates	Tracking 23690 as yet unmatched pairs. 10870 records in RAM.
INFO	2015-03-27 14:25:47	MarkDuplicates	Read    45,000,000 records.  Elapsed time: 00:38:42s.  Time for last 1,000,000:   55s.  Last read position: chr9:78,480,241
INFO	2015-03-27 14:25:47	MarkDuplicates	Tracking 38442 as yet unmatched pairs. 25538 records in RAM.
INFO	2015-03-27 14:26:33	MarkDuplicates	Read    46,000,000 records.  Elapsed time: 00:39:12s.  Time for last 1,000,000:   30s.  Last read position: chr9:120,131,047
INFO	2015-03-27 14:26:33	MarkDuplicates	Tracking 18266 as yet unmatched pairs. 5258 records in RAM.
INFO	2015-03-27 14:27:18	MarkDuplicates	Read    47,000,000 records.  Elapsed time: 00:39:54s.  Time for last 1,000,000:   42s.  Last read position: chrM:8,075
INFO	2015-03-27 14:27:18	MarkDuplicates	Tracking 25293 as yet unmatched pairs. 17009 records in RAM.
INFO	2015-03-27 14:28:04	MarkDuplicates	Read    48,000,000 records.  Elapsed time: 00:40:37s.  Time for last 1,000,000:   42s.  Last read position: chrX:37,107,022
INFO	2015-03-27 14:28:10	MarkDuplicates	Tracking 6934 as yet unmatched pairs. 5634 records in RAM.
INFO	2015-03-27 14:29:13	MarkDuplicates	Read    49,000,000 records.  Elapsed time: 00:41:52s.  Time for last 1,000,000:   75s.  Last read position: chrX:139,837,855
INFO	2015-03-27 14:29:13	MarkDuplicates	Tracking 2571 as yet unmatched pairs. 1251 records in RAM.
INFO	2015-03-27 14:30:11	MarkDuplicates	Read 49364895 records. 0 pairs never matched.
INFO	2015-03-27 14:30:37	MarkDuplicates	After buildSortedReadEndLists freeMemory: 9240802512; totalMemory: 16337928192; maxMemory: 38177538048
INFO	2015-03-27 14:30:37	MarkDuplicates	Will retain up to 1193048064 duplicate indices before spilling to disk.
INFO	2015-03-27 14:30:56	MarkDuplicates	Traversing read pair information and detecting duplicates.
INFO	2015-03-27 14:31:30	MarkDuplicates	Traversing fragment information and detecting duplicates.
INFO	2015-03-27 14:32:19	MarkDuplicates	Sorting list of duplicate records.
INFO	2015-03-27 14:32:26	MarkDuplicates	After generateDuplicateIndexes freeMemory: 16177889328; totalMemory: 25893535744; maxMemory: 38177538048
INFO	2015-03-27 14:32:26	MarkDuplicates	Marking 6025487 records as duplicates.
INFO	2015-03-27 14:32:26	MarkDuplicates	Found 10106 optical duplicate clusters.
INFO	2015-03-27 14:43:05	MarkDuplicates	Written    10,000,000 records.  Elapsed time: 00:10:37s.  Time for last 10,000,000:  637s.  Last read position: chr12:23,601,149
INFO	2015-03-27 14:54:19	MarkDuplicates	Written    20,000,000 records.  Elapsed time: 00:21:51s.  Time for last 10,000,000:  674s.  Last read position: chr17:67,817,541
INFO	2015-03-27 15:05:30	MarkDuplicates	Written    30,000,000 records.  Elapsed time: 00:33:03s.  Time for last 10,000,000:  671s.  Last read position: chr4:119,200,929
INFO	2015-03-27 15:17:55	MarkDuplicates	Written    40,000,000 records.  Elapsed time: 00:45:22s.  Time for last 10,000,000:  739s.  Last read position: chr7:131,568,611
INFO	2015-03-27 15:28:22	MarkDuplicates	Before output close freeMemory: 27201994288; totalMemory: 27410628608; maxMemory: 38177538048
INFO	2015-03-27 15:28:27	MarkDuplicates	After output close freeMemory: 27384402712; totalMemory: 27592818688; maxMemory: 38177538048
[Fri Mar 27 15:28:27 EDT 2015] net.sf.picard.sam.MarkDuplicates done. Elapsed time: 101.49 minutes.
Runtime.totalMemory()=27592818688
