[Fri Mar 27 18:45:50 EDT 2015] net.sf.picard.sam.MarkDuplicates INPUT=[/n/rinn_data1/users/agroff/seq/OtherMice/Diana/lincP21/bam/mikeMEFs_KO3/accepted_hits_sorted_picard.bam] OUTPUT=/n/rinn_data1/users/agroff/seq/OtherMice/Diana/lincP21/bam/mikeMEFs_KO3/accepted_hits_sorted_duplicates_marked.bam METRICS_FILE=dup_metrics.txt    PROGRAM_RECORD_ID=MarkDuplicates PROGRAM_GROUP_NAME=MarkDuplicates REMOVE_DUPLICATES=false ASSUME_SORTED=false MAX_SEQUENCES_FOR_DISK_READ_ENDS_MAP=50000 MAX_FILE_HANDLES_FOR_READ_ENDS_MAP=8000 SORTING_COLLECTION_SIZE_RATIO=0.25 READ_NAME_REGEX=[a-zA-Z0-9]+:[0-9]:([0-9]+):([0-9]+):([0-9]+).* OPTICAL_DUPLICATE_PIXEL_DISTANCE=100 VERBOSITY=INFO QUIET=false VALIDATION_STRINGENCY=STRICT COMPRESSION_LEVEL=5 MAX_RECORDS_IN_RAM=500000 CREATE_INDEX=false CREATE_MD5_FILE=false
[Fri Mar 27 18:45:50 EDT 2015] Executing as agroff@holy2a01108.rc.fas.harvard.edu on Linux 2.6.32-431.17.1.el6.x86_64 amd64; Java HotSpot(TM) 64-Bit Server VM 1.6.0_11-b03; Picard version: 1.98(1547)
INFO	2015-03-27 18:45:50	MarkDuplicates	Start of doWork freeMemory: 8617096; totalMemory: 9109504; maxMemory: 38177538048
INFO	2015-03-27 18:45:50	MarkDuplicates	Reading input file and constructing read end information.
INFO	2015-03-27 18:45:50	MarkDuplicates	Will retain up to 151498166 data points before spilling to disk.
INFO	2015-03-27 18:47:14	MarkDuplicates	Read     1,000,000 records.  Elapsed time: 00:01:21s.  Time for last 1,000,000:   81s.  Last read position: chr1:71,599,681
INFO	2015-03-27 18:47:14	MarkDuplicates	Tracking 10633 as yet unmatched pairs. 4301 records in RAM.
INFO	2015-03-27 18:47:57	MarkDuplicates	Read     2,000,000 records.  Elapsed time: 00:02:03s.  Time for last 1,000,000:   42s.  Last read position: chr1:127,804,099
INFO	2015-03-27 18:47:57	MarkDuplicates	Tracking 9239 as yet unmatched pairs. 92 records in RAM.
INFO	2015-03-27 18:48:28	MarkDuplicates	Read     3,000,000 records.  Elapsed time: 00:02:35s.  Time for last 1,000,000:   31s.  Last read position: chr10:4,356,432
INFO	2015-03-27 18:48:28	MarkDuplicates	Tracking 11953 as yet unmatched pairs. 753 records in RAM.
INFO	2015-03-27 18:48:51	MarkDuplicates	Read     4,000,000 records.  Elapsed time: 00:02:56s.  Time for last 1,000,000:   21s.  Last read position: chr10:80,791,168
INFO	2015-03-27 18:48:51	MarkDuplicates	Tracking 14155 as yet unmatched pairs. 442 records in RAM.
INFO	2015-03-27 18:49:24	MarkDuplicates	Read     5,000,000 records.  Elapsed time: 00:03:25s.  Time for last 1,000,000:   29s.  Last read position: chr10:128,086,356
INFO	2015-03-27 18:49:24	MarkDuplicates	Tracking 17552 as yet unmatched pairs. 1770 records in RAM.
INFO	2015-03-27 18:49:56	MarkDuplicates	Read     6,000,000 records.  Elapsed time: 00:03:59s.  Time for last 1,000,000:   33s.  Last read position: chr11:50,202,479
INFO	2015-03-27 18:49:56	MarkDuplicates	Tracking 19525 as yet unmatched pairs. 1677 records in RAM.
INFO	2015-03-27 18:50:18	MarkDuplicates	Read     7,000,000 records.  Elapsed time: 00:04:23s.  Time for last 1,000,000:   24s.  Last read position: chr11:74,867,680
INFO	2015-03-27 18:50:18	MarkDuplicates	Tracking 20259 as yet unmatched pairs. 1040 records in RAM.
INFO	2015-03-27 18:50:44	MarkDuplicates	Read     8,000,000 records.  Elapsed time: 00:04:48s.  Time for last 1,000,000:   24s.  Last read position: chr11:96,048,743
INFO	2015-03-27 18:50:44	MarkDuplicates	Tracking 28622 as yet unmatched pairs. 513 records in RAM.
INFO	2015-03-27 18:51:09	MarkDuplicates	Read     9,000,000 records.  Elapsed time: 00:05:12s.  Time for last 1,000,000:   24s.  Last read position: chr11:120,346,422
INFO	2015-03-27 18:51:09	MarkDuplicates	Tracking 36854 as yet unmatched pairs. 6508 records in RAM.
INFO	2015-03-27 18:51:30	MarkDuplicates	Read    10,000,000 records.  Elapsed time: 00:05:32s.  Time for last 1,000,000:   19s.  Last read position: chr12:80,167,595
INFO	2015-03-27 18:51:30	MarkDuplicates	Tracking 35938 as yet unmatched pairs. 786 records in RAM.
INFO	2015-03-27 18:51:54	MarkDuplicates	Read    11,000,000 records.  Elapsed time: 00:05:58s.  Time for last 1,000,000:   26s.  Last read position: chr13:23,571,503
INFO	2015-03-27 18:51:54	MarkDuplicates	Tracking 37249 as yet unmatched pairs. 1251 records in RAM.
INFO	2015-03-27 18:52:27	MarkDuplicates	Read    12,000,000 records.  Elapsed time: 00:06:30s.  Time for last 1,000,000:   32s.  Last read position: chr13:119,703,579
INFO	2015-03-27 18:52:27	MarkDuplicates	Tracking 43956 as yet unmatched pairs. 206 records in RAM.
INFO	2015-03-27 18:52:46	MarkDuplicates	Read    13,000,000 records.  Elapsed time: 00:06:50s.  Time for last 1,000,000:   19s.  Last read position: chr14:67,016,463
INFO	2015-03-27 18:52:46	MarkDuplicates	Tracking 46131 as yet unmatched pairs. 903 records in RAM.
INFO	2015-03-27 18:53:17	MarkDuplicates	Read    14,000,000 records.  Elapsed time: 00:07:20s.  Time for last 1,000,000:   29s.  Last read position: chr15:73,101,944
INFO	2015-03-27 18:53:17	MarkDuplicates	Tracking 48447 as yet unmatched pairs. 1003 records in RAM.
INFO	2015-03-27 18:53:38	MarkDuplicates	Read    15,000,000 records.  Elapsed time: 00:07:39s.  Time for last 1,000,000:   18s.  Last read position: chr15:98,932,997
INFO	2015-03-27 18:53:38	MarkDuplicates	Tracking 52133 as yet unmatched pairs. 3181 records in RAM.
INFO	2015-03-27 18:54:06	MarkDuplicates	Read    16,000,000 records.  Elapsed time: 00:08:09s.  Time for last 1,000,000:   30s.  Last read position: chr16:33,919,811
INFO	2015-03-27 18:54:06	MarkDuplicates	Tracking 50586 as yet unmatched pairs. 1607 records in RAM.
INFO	2015-03-27 18:54:27	MarkDuplicates	Read    17,000,000 records.  Elapsed time: 00:08:30s.  Time for last 1,000,000:   20s.  Last read position: chr17:24,721,156
INFO	2015-03-27 18:54:27	MarkDuplicates	Tracking 54722 as yet unmatched pairs. 5748 records in RAM.
INFO	2015-03-27 18:54:59	MarkDuplicates	Read    18,000,000 records.  Elapsed time: 00:09:01s.  Time for last 1,000,000:   31s.  Last read position: chr17:57,022,597
INFO	2015-03-27 18:54:59	MarkDuplicates	Tracking 52861 as yet unmatched pairs. 625 records in RAM.
INFO	2015-03-27 18:55:21	MarkDuplicates	Read    19,000,000 records.  Elapsed time: 00:09:24s.  Time for last 1,000,000:   22s.  Last read position: chr18:52,528,368
INFO	2015-03-27 18:55:21	MarkDuplicates	Tracking 56049 as yet unmatched pairs. 2567 records in RAM.
INFO	2015-03-27 18:55:58	MarkDuplicates	Read    20,000,000 records.  Elapsed time: 00:10:00s.  Time for last 1,000,000:   35s.  Last read position: chr19:9,016,000
INFO	2015-03-27 18:55:58	MarkDuplicates	Tracking 55216 as yet unmatched pairs. 1379 records in RAM.
INFO	2015-03-27 18:56:17	MarkDuplicates	Read    21,000,000 records.  Elapsed time: 00:10:20s.  Time for last 1,000,000:   19s.  Last read position: chr19:56,723,890
INFO	2015-03-27 18:56:17	MarkDuplicates	Tracking 55220 as yet unmatched pairs. 133 records in RAM.
INFO	2015-03-27 18:56:38	MarkDuplicates	Read    22,000,000 records.  Elapsed time: 00:10:40s.  Time for last 1,000,000:   20s.  Last read position: chr2:35,284,100
INFO	2015-03-27 18:56:38	MarkDuplicates	Tracking 56856 as yet unmatched pairs. 4816 records in RAM.
INFO	2015-03-27 18:57:23	MarkDuplicates	Read    23,000,000 records.  Elapsed time: 00:11:26s.  Time for last 1,000,000:   45s.  Last read position: chr2:118,121,121
INFO	2015-03-27 18:57:23	MarkDuplicates	Tracking 60811 as yet unmatched pairs. 5833 records in RAM.
INFO	2015-03-27 18:57:46	MarkDuplicates	Read    24,000,000 records.  Elapsed time: 00:11:47s.  Time for last 1,000,000:   21s.  Last read position: chr2:156,778,630
INFO	2015-03-27 18:57:46	MarkDuplicates	Tracking 58609 as yet unmatched pairs. 2263 records in RAM.
INFO	2015-03-27 18:58:05	MarkDuplicates	Read    25,000,000 records.  Elapsed time: 00:12:09s.  Time for last 1,000,000:   21s.  Last read position: chr3:75,892,969
INFO	2015-03-27 18:58:05	MarkDuplicates	Tracking 54725 as yet unmatched pairs. 3129 records in RAM.
INFO	2015-03-27 18:58:36	MarkDuplicates	Read    26,000,000 records.  Elapsed time: 00:12:39s.  Time for last 1,000,000:   30s.  Last read position: chr3:122,257,105
INFO	2015-03-27 18:58:36	MarkDuplicates	Tracking 53368 as yet unmatched pairs. 1043 records in RAM.
INFO	2015-03-27 18:58:54	MarkDuplicates	Read    27,000,000 records.  Elapsed time: 00:12:56s.  Time for last 1,000,000:   17s.  Last read position: chr4:63,959,952
INFO	2015-03-27 18:58:54	MarkDuplicates	Tracking 54030 as yet unmatched pairs. 6379 records in RAM.
INFO	2015-03-27 18:59:14	MarkDuplicates	Read    28,000,000 records.  Elapsed time: 00:13:16s.  Time for last 1,000,000:   19s.  Last read position: chr4:129,842,678
INFO	2015-03-27 18:59:14	MarkDuplicates	Tracking 52266 as yet unmatched pairs. 3077 records in RAM.
INFO	2015-03-27 18:59:47	MarkDuplicates	Read    29,000,000 records.  Elapsed time: 00:13:50s.  Time for last 1,000,000:   34s.  Last read position: chr5:17,672,481
INFO	2015-03-27 18:59:47	MarkDuplicates	Tracking 52612 as yet unmatched pairs. 5948 records in RAM.
INFO	2015-03-27 19:00:04	MarkDuplicates	Read    30,000,000 records.  Elapsed time: 00:14:08s.  Time for last 1,000,000:   17s.  Last read position: chr5:113,761,122
INFO	2015-03-27 19:00:04	MarkDuplicates	Tracking 50918 as yet unmatched pairs. 2972 records in RAM.
INFO	2015-03-27 19:00:26	MarkDuplicates	Read    31,000,000 records.  Elapsed time: 00:14:30s.  Time for last 1,000,000:   22s.  Last read position: chr5:137,063,106
INFO	2015-03-27 19:00:26	MarkDuplicates	Tracking 52099 as yet unmatched pairs. 3182 records in RAM.
INFO	2015-03-27 19:00:44	MarkDuplicates	Read    32,000,000 records.  Elapsed time: 00:14:46s.  Time for last 1,000,000:   15s.  Last read position: chr6:17,558,758
INFO	2015-03-27 19:00:44	MarkDuplicates	Tracking 47690 as yet unmatched pairs. 15838 records in RAM.
INFO	2015-03-27 19:01:15	MarkDuplicates	Read    33,000,000 records.  Elapsed time: 00:15:19s.  Time for last 1,000,000:   33s.  Last read position: chr6:88,103,543
INFO	2015-03-27 19:01:15	MarkDuplicates	Tracking 38178 as yet unmatched pairs. 4431 records in RAM.
INFO	2015-03-27 19:01:31	MarkDuplicates	Read    34,000,000 records.  Elapsed time: 00:15:36s.  Time for last 1,000,000:   16s.  Last read position: chr6:145,207,297
INFO	2015-03-27 19:01:31	MarkDuplicates	Tracking 34824 as yet unmatched pairs. 601 records in RAM.
INFO	2015-03-27 19:01:52	MarkDuplicates	Read    35,000,000 records.  Elapsed time: 00:15:56s.  Time for last 1,000,000:   20s.  Last read position: chr7:45,127,024
INFO	2015-03-27 19:01:52	MarkDuplicates	Tracking 34731 as yet unmatched pairs. 8377 records in RAM.
INFO	2015-03-27 19:02:10	MarkDuplicates	Read    36,000,000 records.  Elapsed time: 00:16:12s.  Time for last 1,000,000:   16s.  Last read position: chr7:110,051,078
INFO	2015-03-27 19:02:10	MarkDuplicates	Tracking 28988 as yet unmatched pairs. 2207 records in RAM.
INFO	2015-03-27 19:02:47	MarkDuplicates	Read    37,000,000 records.  Elapsed time: 00:16:50s.  Time for last 1,000,000:   38s.  Last read position: chr8:4,285,195
INFO	2015-03-27 19:02:47	MarkDuplicates	Tracking 27267 as yet unmatched pairs. 7172 records in RAM.
INFO	2015-03-27 19:03:04	MarkDuplicates	Read    38,000,000 records.  Elapsed time: 00:17:08s.  Time for last 1,000,000:   17s.  Last read position: chr8:72,461,456
INFO	2015-03-27 19:03:04	MarkDuplicates	Tracking 24238 as yet unmatched pairs. 3786 records in RAM.
INFO	2015-03-27 19:03:21	MarkDuplicates	Read    39,000,000 records.  Elapsed time: 00:17:25s.  Time for last 1,000,000:   16s.  Last read position: chr8:128,713,211
INFO	2015-03-27 19:03:21	MarkDuplicates	Tracking 24763 as yet unmatched pairs. 3684 records in RAM.
INFO	2015-03-27 19:03:44	MarkDuplicates	Read    40,000,000 records.  Elapsed time: 00:17:46s.  Time for last 1,000,000:   21s.  Last read position: chr9:53,552,392
INFO	2015-03-27 19:03:44	MarkDuplicates	Tracking 17477 as yet unmatched pairs. 8128 records in RAM.
INFO	2015-03-27 19:04:02	MarkDuplicates	Read    41,000,000 records.  Elapsed time: 00:18:02s.  Time for last 1,000,000:   15s.  Last read position: chr9:78,478,968
INFO	2015-03-27 19:04:02	MarkDuplicates	Tracking 25552 as yet unmatched pairs. 16143 records in RAM.
INFO	2015-03-27 19:04:38	MarkDuplicates	Read    42,000,000 records.  Elapsed time: 00:18:43s.  Time for last 1,000,000:   40s.  Last read position: chr9:119,238,595
INFO	2015-03-27 19:04:38	MarkDuplicates	Tracking 12647 as yet unmatched pairs. 3169 records in RAM.
INFO	2015-03-27 19:04:56	MarkDuplicates	Read    43,000,000 records.  Elapsed time: 00:18:57s.  Time for last 1,000,000:   14s.  Last read position: chrM:11,777
INFO	2015-03-27 19:04:56	MarkDuplicates	Tracking 8508 as yet unmatched pairs. 1739 records in RAM.
INFO	2015-03-27 19:05:17	MarkDuplicates	Read    44,000,000 records.  Elapsed time: 00:19:22s.  Time for last 1,000,000:   24s.  Last read position: chrX:74,303,236
INFO	2015-03-27 19:05:17	MarkDuplicates	Tracking 4736 as yet unmatched pairs. 3249 records in RAM.
INFO	2015-03-27 19:05:41	MarkDuplicates	Read 44769196 records. 0 pairs never matched.
INFO	2015-03-27 19:06:01	MarkDuplicates	After buildSortedReadEndLists freeMemory: 9106890768; totalMemory: 15816654848; maxMemory: 38177538048
INFO	2015-03-27 19:06:01	MarkDuplicates	Will retain up to 1193048064 duplicate indices before spilling to disk.
INFO	2015-03-27 19:06:09	MarkDuplicates	Traversing read pair information and detecting duplicates.
INFO	2015-03-27 19:06:36	MarkDuplicates	Traversing fragment information and detecting duplicates.
INFO	2015-03-27 19:07:24	MarkDuplicates	Sorting list of duplicate records.
INFO	2015-03-27 19:07:32	MarkDuplicates	After generateDuplicateIndexes freeMemory: 15640094776; totalMemory: 25361055744; maxMemory: 38177538048
INFO	2015-03-27 19:07:32	MarkDuplicates	Marking 7995160 records as duplicates.
INFO	2015-03-27 19:07:32	MarkDuplicates	Found 26495 optical duplicate clusters.
INFO	2015-03-27 19:15:17	MarkDuplicates	Written    10,000,000 records.  Elapsed time: 00:07:44s.  Time for last 10,000,000:  464s.  Last read position: chr12:80,167,595
INFO	2015-03-27 19:23:27	MarkDuplicates	Written    20,000,000 records.  Elapsed time: 00:15:55s.  Time for last 10,000,000:  490s.  Last read position: chr19:9,016,000
INFO	2015-03-27 19:32:24	MarkDuplicates	Written    30,000,000 records.  Elapsed time: 00:24:52s.  Time for last 10,000,000:  537s.  Last read position: chr5:113,761,122
INFO	2015-03-27 19:40:11	MarkDuplicates	Written    40,000,000 records.  Elapsed time: 00:32:38s.  Time for last 10,000,000:  466s.  Last read position: chr9:53,552,392
INFO	2015-03-27 19:44:05	MarkDuplicates	Before output close freeMemory: 27338747736; totalMemory: 27561295872; maxMemory: 38177538048
INFO	2015-03-27 19:44:10	MarkDuplicates	After output close freeMemory: 27108978376; totalMemory: 27331526656; maxMemory: 38177538048
[Fri Mar 27 19:44:10 EDT 2015] net.sf.picard.sam.MarkDuplicates done. Elapsed time: 58.33 minutes.
Runtime.totalMemory()=27331526656
