[Fri Mar 27 17:38:27 EDT 2015] net.sf.picard.sam.MarkDuplicates INPUT=[/n/rinn_data1/users/agroff/seq/OtherMice/Diana/lincP21/bam/Lung_KO1/accepted_hits_sorted_picard.bam] OUTPUT=/n/rinn_data1/users/agroff/seq/OtherMice/Diana/lincP21/bam/Lung_KO1/accepted_hits_sorted_duplicates_marked.bam METRICS_FILE=dup_metrics.txt    PROGRAM_RECORD_ID=MarkDuplicates PROGRAM_GROUP_NAME=MarkDuplicates REMOVE_DUPLICATES=false ASSUME_SORTED=false MAX_SEQUENCES_FOR_DISK_READ_ENDS_MAP=50000 MAX_FILE_HANDLES_FOR_READ_ENDS_MAP=8000 SORTING_COLLECTION_SIZE_RATIO=0.25 READ_NAME_REGEX=[a-zA-Z0-9]+:[0-9]:([0-9]+):([0-9]+):([0-9]+).* OPTICAL_DUPLICATE_PIXEL_DISTANCE=100 VERBOSITY=INFO QUIET=false VALIDATION_STRINGENCY=STRICT COMPRESSION_LEVEL=5 MAX_RECORDS_IN_RAM=500000 CREATE_INDEX=false CREATE_MD5_FILE=false
[Fri Mar 27 17:38:27 EDT 2015] Executing as agroff@holy2a01102.rc.fas.harvard.edu on Linux 2.6.32-431.17.1.el6.x86_64 amd64; Java HotSpot(TM) 64-Bit Server VM 1.6.0_11-b03; Picard version: 1.98(1547)
INFO	2015-03-27 17:38:27	MarkDuplicates	Start of doWork freeMemory: 8625000; totalMemory: 9109504; maxMemory: 38177538048
INFO	2015-03-27 17:38:27	MarkDuplicates	Reading input file and constructing read end information.
INFO	2015-03-27 17:38:27	MarkDuplicates	Will retain up to 151498166 data points before spilling to disk.
INFO	2015-03-27 17:40:52	MarkDuplicates	Read     1,000,000 records.  Elapsed time: 00:02:12s.  Time for last 1,000,000:  132s.  Last read position: chr1:74,289,244
INFO	2015-03-27 17:40:52	MarkDuplicates	Tracking 8112 as yet unmatched pairs. 172 records in RAM.
INFO	2015-03-27 17:41:40	MarkDuplicates	Read     2,000,000 records.  Elapsed time: 00:03:00s.  Time for last 1,000,000:   48s.  Last read position: chr1:153,137,258
INFO	2015-03-27 17:41:40	MarkDuplicates	Tracking 12706 as yet unmatched pairs. 150 records in RAM.
INFO	2015-03-27 17:42:21	MarkDuplicates	Read     3,000,000 records.  Elapsed time: 00:03:44s.  Time for last 1,000,000:   43s.  Last read position: chr10:25,484,371
INFO	2015-03-27 17:42:21	MarkDuplicates	Tracking 16311 as yet unmatched pairs. 750 records in RAM.
INFO	2015-03-27 17:42:55	MarkDuplicates	Read     4,000,000 records.  Elapsed time: 00:04:18s.  Time for last 1,000,000:   34s.  Last read position: chr10:81,181,385
INFO	2015-03-27 17:42:55	MarkDuplicates	Tracking 19995 as yet unmatched pairs. 1686 records in RAM.
INFO	2015-03-27 17:43:23	MarkDuplicates	Read     5,000,000 records.  Elapsed time: 00:04:43s.  Time for last 1,000,000:   24s.  Last read position: chr10:128,677,431
INFO	2015-03-27 17:43:23	MarkDuplicates	Tracking 21481 as yet unmatched pairs. 21 records in RAM.
INFO	2015-03-27 17:43:53	MarkDuplicates	Read     6,000,000 records.  Elapsed time: 00:05:13s.  Time for last 1,000,000:   30s.  Last read position: chr11:35,783,547
INFO	2015-03-27 17:43:53	MarkDuplicates	Tracking 24432 as yet unmatched pairs. 1320 records in RAM.
INFO	2015-03-27 17:44:21	MarkDuplicates	Read     7,000,000 records.  Elapsed time: 00:05:41s.  Time for last 1,000,000:   27s.  Last read position: chr11:69,668,723
INFO	2015-03-27 17:44:21	MarkDuplicates	Tracking 27718 as yet unmatched pairs. 2801 records in RAM.
INFO	2015-03-27 17:44:53	MarkDuplicates	Read     8,000,000 records.  Elapsed time: 00:06:16s.  Time for last 1,000,000:   35s.  Last read position: chr11:94,951,524
INFO	2015-03-27 17:44:53	MarkDuplicates	Tracking 28163 as yet unmatched pairs. 922 records in RAM.
INFO	2015-03-27 17:45:28	MarkDuplicates	Read     9,000,000 records.  Elapsed time: 00:06:43s.  Time for last 1,000,000:   26s.  Last read position: chr11:116,050,118
INFO	2015-03-27 17:45:28	MarkDuplicates	Tracking 30361 as yet unmatched pairs. 263 records in RAM.
INFO	2015-03-27 17:46:05	MarkDuplicates	Read    10,000,000 records.  Elapsed time: 00:07:24s.  Time for last 1,000,000:   41s.  Last read position: chr12:56,504,120
INFO	2015-03-27 17:46:05	MarkDuplicates	Tracking 34276 as yet unmatched pairs. 1370 records in RAM.
INFO	2015-03-27 17:46:32	MarkDuplicates	Read    11,000,000 records.  Elapsed time: 00:07:48s.  Time for last 1,000,000:   23s.  Last read position: chr12:116,372,345
INFO	2015-03-27 17:46:32	MarkDuplicates	Tracking 37608 as yet unmatched pairs. 44 records in RAM.
INFO	2015-03-27 17:47:09	MarkDuplicates	Read    12,000,000 records.  Elapsed time: 00:08:28s.  Time for last 1,000,000:   39s.  Last read position: chr13:76,180,068
INFO	2015-03-27 17:47:09	MarkDuplicates	Tracking 41527 as yet unmatched pairs. 661 records in RAM.
INFO	2015-03-27 17:47:44	MarkDuplicates	Read    13,000,000 records.  Elapsed time: 00:09:03s.  Time for last 1,000,000:   35s.  Last read position: chr14:32,181,942
INFO	2015-03-27 17:47:44	MarkDuplicates	Tracking 43922 as yet unmatched pairs. 2347 records in RAM.
INFO	2015-03-27 17:48:14	MarkDuplicates	Read    14,000,000 records.  Elapsed time: 00:09:31s.  Time for last 1,000,000:   28s.  Last read position: chr14:105,176,806
INFO	2015-03-27 17:48:14	MarkDuplicates	Tracking 48070 as yet unmatched pairs. 292 records in RAM.
INFO	2015-03-27 17:48:48	MarkDuplicates	Read    15,000,000 records.  Elapsed time: 00:10:08s.  Time for last 1,000,000:   36s.  Last read position: chr15:79,538,110
INFO	2015-03-27 17:48:48	MarkDuplicates	Tracking 49552 as yet unmatched pairs. 1256 records in RAM.
INFO	2015-03-27 17:49:13	MarkDuplicates	Read    16,000,000 records.  Elapsed time: 00:10:32s.  Time for last 1,000,000:   24s.  Last read position: chr15:103,241,129
INFO	2015-03-27 17:49:13	MarkDuplicates	Tracking 52183 as yet unmatched pairs. 1942 records in RAM.
INFO	2015-03-27 17:49:50	MarkDuplicates	Read    17,000,000 records.  Elapsed time: 00:11:09s.  Time for last 1,000,000:   37s.  Last read position: chr16:49,016,282
INFO	2015-03-27 17:49:50	MarkDuplicates	Tracking 51858 as yet unmatched pairs. 1675 records in RAM.
INFO	2015-03-27 17:50:20	MarkDuplicates	Read    18,000,000 records.  Elapsed time: 00:11:36s.  Time for last 1,000,000:   27s.  Last read position: chr17:25,831,570
INFO	2015-03-27 17:50:20	MarkDuplicates	Tracking 53122 as yet unmatched pairs. 2985 records in RAM.
INFO	2015-03-27 17:50:57	MarkDuplicates	Read    19,000,000 records.  Elapsed time: 00:12:12s.  Time for last 1,000,000:   35s.  Last read position: chr17:46,681,785
INFO	2015-03-27 17:50:57	MarkDuplicates	Tracking 53998 as yet unmatched pairs. 1053 records in RAM.
INFO	2015-03-27 17:51:25	MarkDuplicates	Read    20,000,000 records.  Elapsed time: 00:12:41s.  Time for last 1,000,000:   29s.  Last read position: chr18:35,154,379
INFO	2015-03-27 17:51:25	MarkDuplicates	Tracking 55266 as yet unmatched pairs. 1806 records in RAM.
INFO	2015-03-27 17:52:00	MarkDuplicates	Read    21,000,000 records.  Elapsed time: 00:13:17s.  Time for last 1,000,000:   36s.  Last read position: chr19:5,485,069
INFO	2015-03-27 17:52:00	MarkDuplicates	Tracking 55409 as yet unmatched pairs. 2024 records in RAM.
INFO	2015-03-27 17:52:23	MarkDuplicates	Read    22,000,000 records.  Elapsed time: 00:13:44s.  Time for last 1,000,000:   26s.  Last read position: chr19:46,378,354
INFO	2015-03-27 17:52:23	MarkDuplicates	Tracking 55645 as yet unmatched pairs. 423 records in RAM.
INFO	2015-03-27 17:53:11	MarkDuplicates	Read    23,000,000 records.  Elapsed time: 00:14:34s.  Time for last 1,000,000:   49s.  Last read position: chr2:34,775,878
INFO	2015-03-27 17:53:11	MarkDuplicates	Tracking 57838 as yet unmatched pairs. 6012 records in RAM.
INFO	2015-03-27 17:53:36	MarkDuplicates	Read    24,000,000 records.  Elapsed time: 00:14:57s.  Time for last 1,000,000:   22s.  Last read position: chr2:118,122,635
INFO	2015-03-27 17:53:36	MarkDuplicates	Tracking 57486 as yet unmatched pairs. 3098 records in RAM.
INFO	2015-03-27 17:54:04	MarkDuplicates	Read    25,000,000 records.  Elapsed time: 00:15:20s.  Time for last 1,000,000:   23s.  Last read position: chr2:157,283,715
INFO	2015-03-27 17:54:04	MarkDuplicates	Tracking 57607 as yet unmatched pairs. 1387 records in RAM.
INFO	2015-03-27 17:54:45	MarkDuplicates	Read    26,000,000 records.  Elapsed time: 00:16:02s.  Time for last 1,000,000:   41s.  Last read position: chr3:51,689,194
INFO	2015-03-27 17:54:45	MarkDuplicates	Tracking 55001 as yet unmatched pairs. 4980 records in RAM.
INFO	2015-03-27 17:55:11	MarkDuplicates	Read    27,000,000 records.  Elapsed time: 00:16:27s.  Time for last 1,000,000:   25s.  Last read position: chr3:104,824,414
INFO	2015-03-27 17:55:11	MarkDuplicates	Tracking 52997 as yet unmatched pairs. 1705 records in RAM.
INFO	2015-03-27 17:55:47	MarkDuplicates	Read    28,000,000 records.  Elapsed time: 00:17:03s.  Time for last 1,000,000:   35s.  Last read position: chr4:41,000,151
INFO	2015-03-27 17:55:47	MarkDuplicates	Tracking 52770 as yet unmatched pairs. 7058 records in RAM.
INFO	2015-03-27 17:56:40	MarkDuplicates	Read    29,000,000 records.  Elapsed time: 00:17:56s.  Time for last 1,000,000:   53s.  Last read position: chr4:117,881,351
INFO	2015-03-27 17:56:40	MarkDuplicates	Tracking 50865 as yet unmatched pairs. 3372 records in RAM.
INFO	2015-03-27 17:57:03	MarkDuplicates	Read    30,000,000 records.  Elapsed time: 00:18:22s.  Time for last 1,000,000:   26s.  Last read position: chr4:141,487,399
INFO	2015-03-27 17:57:03	MarkDuplicates	Tracking 50507 as yet unmatched pairs. 1511 records in RAM.
INFO	2015-03-27 17:57:31	MarkDuplicates	Read    31,000,000 records.  Elapsed time: 00:18:51s.  Time for last 1,000,000:   28s.  Last read position: chr5:43,525,506
INFO	2015-03-27 17:57:31	MarkDuplicates	Tracking 50088 as yet unmatched pairs. 5470 records in RAM.
INFO	2015-03-27 17:57:56	MarkDuplicates	Read    32,000,000 records.  Elapsed time: 00:19:14s.  Time for last 1,000,000:   23s.  Last read position: chr5:115,563,391
INFO	2015-03-27 17:57:56	MarkDuplicates	Tracking 49884 as yet unmatched pairs. 3489 records in RAM.
INFO	2015-03-27 17:58:42	MarkDuplicates	Read    33,000,000 records.  Elapsed time: 00:19:59s.  Time for last 1,000,000:   44s.  Last read position: chr5:142,905,613
INFO	2015-03-27 17:58:42	MarkDuplicates	Tracking 50495 as yet unmatched pairs. 3339 records in RAM.
INFO	2015-03-27 17:59:14	MarkDuplicates	Read    34,000,000 records.  Elapsed time: 00:20:33s.  Time for last 1,000,000:   33s.  Last read position: chr6:51,464,147
INFO	2015-03-27 17:59:14	MarkDuplicates	Tracking 45895 as yet unmatched pairs. 7786 records in RAM.
INFO	2015-03-27 17:59:39	MarkDuplicates	Read    35,000,000 records.  Elapsed time: 00:20:55s.  Time for last 1,000,000:   22s.  Last read position: chr6:124,702,483
INFO	2015-03-27 17:59:39	MarkDuplicates	Tracking 41272 as yet unmatched pairs. 2416 records in RAM.
INFO	2015-03-27 18:00:16	MarkDuplicates	Read    36,000,000 records.  Elapsed time: 00:21:39s.  Time for last 1,000,000:   44s.  Last read position: chr7:25,081,149
INFO	2015-03-27 18:00:16	MarkDuplicates	Tracking 38023 as yet unmatched pairs. 8227 records in RAM.
INFO	2015-03-27 18:00:39	MarkDuplicates	Read    37,000,000 records.  Elapsed time: 00:21:58s.  Time for last 1,000,000:   18s.  Last read position: chr7:80,466,902
INFO	2015-03-27 18:00:39	MarkDuplicates	Tracking 35091 as yet unmatched pairs. 4817 records in RAM.
INFO	2015-03-27 18:01:09	MarkDuplicates	Read    38,000,000 records.  Elapsed time: 00:22:29s.  Time for last 1,000,000:   31s.  Last read position: chr7:118,120,352
INFO	2015-03-27 18:01:09	MarkDuplicates	Tracking 32790 as yet unmatched pairs. 2077 records in RAM.
INFO	2015-03-27 18:01:31	MarkDuplicates	Read    39,000,000 records.  Elapsed time: 00:22:48s.  Time for last 1,000,000:   19s.  Last read position: chr8:11,216,710
INFO	2015-03-27 18:01:31	MarkDuplicates	Tracking 31054 as yet unmatched pairs. 9906 records in RAM.
INFO	2015-03-27 18:02:22	MarkDuplicates	Read    40,000,000 records.  Elapsed time: 00:23:45s.  Time for last 1,000,000:   56s.  Last read position: chr8:79,661,062
INFO	2015-03-27 18:02:22	MarkDuplicates	Tracking 26099 as yet unmatched pairs. 4386 records in RAM.
INFO	2015-03-27 18:02:45	MarkDuplicates	Read    41,000,000 records.  Elapsed time: 00:24:01s.  Time for last 1,000,000:   15s.  Last read position: chr8:123,462,457
INFO	2015-03-27 18:02:45	MarkDuplicates	Tracking 22604 as yet unmatched pairs. 308 records in RAM.
INFO	2015-03-27 18:03:05	MarkDuplicates	Read    42,000,000 records.  Elapsed time: 00:24:24s.  Time for last 1,000,000:   23s.  Last read position: chr9:54,910,756
INFO	2015-03-27 18:03:05	MarkDuplicates	Tracking 18405 as yet unmatched pairs. 8063 records in RAM.
INFO	2015-03-27 18:03:30	MarkDuplicates	Read    43,000,000 records.  Elapsed time: 00:24:48s.  Time for last 1,000,000:   24s.  Last read position: chr9:78,479,701
INFO	2015-03-27 18:03:30	MarkDuplicates	Tracking 25384 as yet unmatched pairs. 14976 records in RAM.
INFO	2015-03-27 18:03:53	MarkDuplicates	Read    44,000,000 records.  Elapsed time: 00:25:09s.  Time for last 1,000,000:   20s.  Last read position: chr9:120,130,209
INFO	2015-03-27 18:03:53	MarkDuplicates	Tracking 16106 as yet unmatched pairs. 5606 records in RAM.
INFO	2015-03-27 18:04:30	MarkDuplicates	Read    45,000,000 records.  Elapsed time: 00:25:50s.  Time for last 1,000,000:   41s.  Last read position: chrM:8,963
INFO	2015-03-27 18:04:30	MarkDuplicates	Tracking 20591 as yet unmatched pairs. 13053 records in RAM.
INFO	2015-03-27 18:04:51	MarkDuplicates	Read    46,000,000 records.  Elapsed time: 00:26:09s.  Time for last 1,000,000:   19s.  Last read position: chrX:74,229,466
INFO	2015-03-27 18:04:51	MarkDuplicates	Tracking 5723 as yet unmatched pairs. 4823 records in RAM.
INFO	2015-03-27 18:05:07	MarkDuplicates	Read    47,000,000 records.  Elapsed time: 00:26:30s.  Time for last 1,000,000:   20s.  Last read position: chrX:166,190,184
INFO	2015-03-27 18:05:07	MarkDuplicates	Tracking 1001 as yet unmatched pairs. 80 records in RAM.
INFO	2015-03-27 18:05:09	MarkDuplicates	Read 47095640 records. 0 pairs never matched.
INFO	2015-03-27 18:05:31	MarkDuplicates	After buildSortedReadEndLists freeMemory: 8100633400; totalMemory: 14958919680; maxMemory: 38177538048
INFO	2015-03-27 18:05:31	MarkDuplicates	Will retain up to 1193048064 duplicate indices before spilling to disk.
INFO	2015-03-27 18:05:35	MarkDuplicates	Traversing read pair information and detecting duplicates.
INFO	2015-03-27 18:06:03	MarkDuplicates	Traversing fragment information and detecting duplicates.
INFO	2015-03-27 18:07:26	MarkDuplicates	Sorting list of duplicate records.
INFO	2015-03-27 18:07:36	MarkDuplicates	After generateDuplicateIndexes freeMemory: 14804852184; totalMemory: 24503320576; maxMemory: 38177538048
INFO	2015-03-27 18:07:36	MarkDuplicates	Marking 5292825 records as duplicates.
INFO	2015-03-27 18:07:36	MarkDuplicates	Found 5550 optical duplicate clusters.
INFO	2015-03-27 18:15:40	MarkDuplicates	Written    10,000,000 records.  Elapsed time: 00:08:03s.  Time for last 10,000,000:  483s.  Last read position: chr12:56,504,120
INFO	2015-03-27 18:23:58	MarkDuplicates	Written    20,000,000 records.  Elapsed time: 00:16:21s.  Time for last 10,000,000:  498s.  Last read position: chr18:35,154,379
INFO	2015-03-27 18:32:15	MarkDuplicates	Written    30,000,000 records.  Elapsed time: 00:24:35s.  Time for last 10,000,000:  494s.  Last read position: chr4:141,487,399
INFO	2015-03-27 18:40:30	MarkDuplicates	Written    40,000,000 records.  Elapsed time: 00:32:53s.  Time for last 10,000,000:  497s.  Last read position: chr8:79,661,062
INFO	2015-03-27 18:46:54	MarkDuplicates	Before output close freeMemory: 26393026168; totalMemory: 26595229696; maxMemory: 38177538048
INFO	2015-03-27 18:46:56	MarkDuplicates	After output close freeMemory: 26590617064; totalMemory: 26792820736; maxMemory: 38177538048
[Fri Mar 27 18:46:56 EDT 2015] net.sf.picard.sam.MarkDuplicates done. Elapsed time: 68.50 minutes.
Runtime.totalMemory()=26792820736
