[Fri Mar 27 16:02:59 EDT 2015] net.sf.picard.sam.MarkDuplicates INPUT=[/n/rinn_data1/users/agroff/seq/OtherMice/Diana/lincP21/bam/Leg_KO4/accepted_hits_sorted_picard.bam] OUTPUT=/n/rinn_data1/users/agroff/seq/OtherMice/Diana/lincP21/bam/Leg_KO4/accepted_hits_sorted_duplicates_marked.bam METRICS_FILE=dup_metrics.txt    PROGRAM_RECORD_ID=MarkDuplicates PROGRAM_GROUP_NAME=MarkDuplicates REMOVE_DUPLICATES=false ASSUME_SORTED=false MAX_SEQUENCES_FOR_DISK_READ_ENDS_MAP=50000 MAX_FILE_HANDLES_FOR_READ_ENDS_MAP=8000 SORTING_COLLECTION_SIZE_RATIO=0.25 READ_NAME_REGEX=[a-zA-Z0-9]+:[0-9]:([0-9]+):([0-9]+):([0-9]+).* OPTICAL_DUPLICATE_PIXEL_DISTANCE=100 VERBOSITY=INFO QUIET=false VALIDATION_STRINGENCY=STRICT COMPRESSION_LEVEL=5 MAX_RECORDS_IN_RAM=500000 CREATE_INDEX=false CREATE_MD5_FILE=false
[Fri Mar 27 16:02:59 EDT 2015] Executing as agroff@holy2a05104.rc.fas.harvard.edu on Linux 2.6.32-431.17.1.el6.x86_64 amd64; Java HotSpot(TM) 64-Bit Server VM 1.6.0_11-b03; Picard version: 1.98(1547)
INFO	2015-03-27 16:02:59	MarkDuplicates	Start of doWork freeMemory: 8624920; totalMemory: 9109504; maxMemory: 38177538048
INFO	2015-03-27 16:02:59	MarkDuplicates	Reading input file and constructing read end information.
INFO	2015-03-27 16:02:59	MarkDuplicates	Will retain up to 151498166 data points before spilling to disk.
INFO	2015-03-27 16:04:26	MarkDuplicates	Read     1,000,000 records.  Elapsed time: 00:01:13s.  Time for last 1,000,000:   73s.  Last read position: chr1:64,720,274
INFO	2015-03-27 16:04:26	MarkDuplicates	Tracking 8158 as yet unmatched pairs. 168 records in RAM.
INFO	2015-03-27 16:05:34	MarkDuplicates	Read     2,000,000 records.  Elapsed time: 00:02:25s.  Time for last 1,000,000:   72s.  Last read position: chr1:136,018,522
INFO	2015-03-27 16:05:34	MarkDuplicates	Tracking 11971 as yet unmatched pairs. 266 records in RAM.
INFO	2015-03-27 16:06:32	MarkDuplicates	Read     3,000,000 records.  Elapsed time: 00:03:08s.  Time for last 1,000,000:   42s.  Last read position: chr10:13,131,245
INFO	2015-03-27 16:06:32	MarkDuplicates	Tracking 15385 as yet unmatched pairs. 974 records in RAM.
INFO	2015-03-27 16:07:33	MarkDuplicates	Read     4,000,000 records.  Elapsed time: 00:04:29s.  Time for last 1,000,000:   81s.  Last read position: chr10:80,666,467
INFO	2015-03-27 16:07:33	MarkDuplicates	Tracking 17668 as yet unmatched pairs. 514 records in RAM.
INFO	2015-03-27 16:08:18	MarkDuplicates	Read     5,000,000 records.  Elapsed time: 00:05:10s.  Time for last 1,000,000:   40s.  Last read position: chr10:128,072,135
INFO	2015-03-27 16:08:18	MarkDuplicates	Tracking 20038 as yet unmatched pairs. 508 records in RAM.
INFO	2015-03-27 16:09:02	MarkDuplicates	Read     6,000,000 records.  Elapsed time: 00:05:50s.  Time for last 1,000,000:   40s.  Last read position: chr11:33,161,153
INFO	2015-03-27 16:09:02	MarkDuplicates	Tracking 24176 as yet unmatched pairs. 2973 records in RAM.
INFO	2015-03-27 16:09:47	MarkDuplicates	Read     7,000,000 records.  Elapsed time: 00:06:34s.  Time for last 1,000,000:   43s.  Last read position: chr11:69,360,348
INFO	2015-03-27 16:09:47	MarkDuplicates	Tracking 24040 as yet unmatched pairs. 1212 records in RAM.
INFO	2015-03-27 16:10:33	MarkDuplicates	Read     8,000,000 records.  Elapsed time: 00:07:15s.  Time for last 1,000,000:   41s.  Last read position: chr11:95,010,510
INFO	2015-03-27 16:10:33	MarkDuplicates	Tracking 25543 as yet unmatched pairs. 659 records in RAM.
INFO	2015-03-27 16:11:35	MarkDuplicates	Read     9,000,000 records.  Elapsed time: 00:08:20s.  Time for last 1,000,000:   65s.  Last read position: chr11:116,153,975
INFO	2015-03-27 16:11:35	MarkDuplicates	Tracking 27667 as yet unmatched pairs. 249 records in RAM.
INFO	2015-03-27 16:12:30	MarkDuplicates	Read    10,000,000 records.  Elapsed time: 00:09:10s.  Time for last 1,000,000:   50s.  Last read position: chr12:55,408,032
INFO	2015-03-27 16:12:30	MarkDuplicates	Tracking 31477 as yet unmatched pairs. 2162 records in RAM.
INFO	2015-03-27 16:13:08	MarkDuplicates	Read    11,000,000 records.  Elapsed time: 00:09:56s.  Time for last 1,000,000:   45s.  Last read position: chr12:111,543,572
INFO	2015-03-27 16:13:08	MarkDuplicates	Tracking 33860 as yet unmatched pairs. 274 records in RAM.
INFO	2015-03-27 16:13:42	MarkDuplicates	Read    12,000,000 records.  Elapsed time: 00:10:36s.  Time for last 1,000,000:   39s.  Last read position: chr13:67,593,151
INFO	2015-03-27 16:13:42	MarkDuplicates	Tracking 36184 as yet unmatched pairs. 826 records in RAM.
INFO	2015-03-27 16:14:19	MarkDuplicates	Read    13,000,000 records.  Elapsed time: 00:11:06s.  Time for last 1,000,000:   30s.  Last read position: chr14:27,483,160
INFO	2015-03-27 16:14:19	MarkDuplicates	Tracking 38223 as yet unmatched pairs. 2012 records in RAM.
INFO	2015-03-27 16:14:57	MarkDuplicates	Read    14,000,000 records.  Elapsed time: 00:11:51s.  Time for last 1,000,000:   44s.  Last read position: chr14:76,507,168
INFO	2015-03-27 16:14:57	MarkDuplicates	Tracking 41400 as yet unmatched pairs. 1066 records in RAM.
INFO	2015-03-27 16:16:07	MarkDuplicates	Read    15,000,000 records.  Elapsed time: 00:12:41s.  Time for last 1,000,000:   49s.  Last read position: chr15:77,749,412
INFO	2015-03-27 16:16:07	MarkDuplicates	Tracking 42432 as yet unmatched pairs. 765 records in RAM.
INFO	2015-03-27 16:16:49	MarkDuplicates	Read    16,000,000 records.  Elapsed time: 00:13:48s.  Time for last 1,000,000:   66s.  Last read position: chr15:100,215,689
INFO	2015-03-27 16:16:49	MarkDuplicates	Tracking 43187 as yet unmatched pairs. 160 records in RAM.
INFO	2015-03-27 16:18:02	MarkDuplicates	Read    17,000,000 records.  Elapsed time: 00:14:46s.  Time for last 1,000,000:   58s.  Last read position: chr16:36,916,717
INFO	2015-03-27 16:18:02	MarkDuplicates	Tracking 44669 as yet unmatched pairs. 1343 records in RAM.
INFO	2015-03-27 16:19:18	MarkDuplicates	Read    18,000,000 records.  Elapsed time: 00:15:47s.  Time for last 1,000,000:   60s.  Last read position: chr17:24,433,174
INFO	2015-03-27 16:19:18	MarkDuplicates	Tracking 45892 as yet unmatched pairs. 2855 records in RAM.
INFO	2015-03-27 16:20:37	MarkDuplicates	Read    19,000,000 records.  Elapsed time: 00:17:15s.  Time for last 1,000,000:   88s.  Last read position: chr17:45,392,227
INFO	2015-03-27 16:20:37	MarkDuplicates	Tracking 47155 as yet unmatched pairs. 1025 records in RAM.
INFO	2015-03-27 16:21:51	MarkDuplicates	Read    20,000,000 records.  Elapsed time: 00:18:24s.  Time for last 1,000,000:   68s.  Last read position: chr18:32,100,751
INFO	2015-03-27 16:21:51	MarkDuplicates	Tracking 48093 as yet unmatched pairs. 1378 records in RAM.
INFO	2015-03-27 16:23:04	MarkDuplicates	Read    21,000,000 records.  Elapsed time: 00:19:43s.  Time for last 1,000,000:   78s.  Last read position: chr19:4,195,035
INFO	2015-03-27 16:23:04	MarkDuplicates	Tracking 48964 as yet unmatched pairs. 2062 records in RAM.
INFO	2015-03-27 16:24:18	MarkDuplicates	Read    22,000,000 records.  Elapsed time: 00:20:59s.  Time for last 1,000,000:   75s.  Last read position: chr19:45,526,863
INFO	2015-03-27 16:24:18	MarkDuplicates	Tracking 48810 as yet unmatched pairs. 323 records in RAM.
INFO	2015-03-27 16:25:14	MarkDuplicates	Read    23,000,000 records.  Elapsed time: 00:21:54s.  Time for last 1,000,000:   55s.  Last read position: chr2:32,963,796
INFO	2015-03-27 16:25:14	MarkDuplicates	Tracking 49588 as yet unmatched pairs. 4322 records in RAM.
INFO	2015-03-27 16:26:15	MarkDuplicates	Read    24,000,000 records.  Elapsed time: 00:22:55s.  Time for last 1,000,000:   61s.  Last read position: chr2:114,101,520
INFO	2015-03-27 16:26:15	MarkDuplicates	Tracking 50012 as yet unmatched pairs. 2768 records in RAM.
INFO	2015-03-27 16:27:17	MarkDuplicates	Read    25,000,000 records.  Elapsed time: 00:24:15s.  Time for last 1,000,000:   79s.  Last read position: chr2:157,188,015
INFO	2015-03-27 16:27:17	MarkDuplicates	Tracking 50021 as yet unmatched pairs. 989 records in RAM.
INFO	2015-03-27 16:28:23	MarkDuplicates	Read    26,000,000 records.  Elapsed time: 00:25:02s.  Time for last 1,000,000:   47s.  Last read position: chr3:45,282,060
INFO	2015-03-27 16:28:23	MarkDuplicates	Tracking 49444 as yet unmatched pairs. 5961 records in RAM.
INFO	2015-03-27 16:29:20	MarkDuplicates	Read    27,000,000 records.  Elapsed time: 00:25:49s.  Time for last 1,000,000:   46s.  Last read position: chr3:99,314,811
INFO	2015-03-27 16:29:27	MarkDuplicates	Tracking 46923 as yet unmatched pairs. 1704 records in RAM.
INFO	2015-03-27 16:30:32	MarkDuplicates	Read    28,000,000 records.  Elapsed time: 00:27:26s.  Time for last 1,000,000:   97s.  Last read position: chr4:32,640,808
INFO	2015-03-27 16:30:32	MarkDuplicates	Tracking 46518 as yet unmatched pairs. 6424 records in RAM.
INFO	2015-03-27 16:30:58	MarkDuplicates	Read    29,000,000 records.  Elapsed time: 00:27:51s.  Time for last 1,000,000:   25s.  Last read position: chr4:116,609,661
INFO	2015-03-27 16:30:58	MarkDuplicates	Tracking 44801 as yet unmatched pairs. 3448 records in RAM.
INFO	2015-03-27 16:32:02	MarkDuplicates	Read    30,000,000 records.  Elapsed time: 00:28:42s.  Time for last 1,000,000:   50s.  Last read position: chr4:137,328,096
INFO	2015-03-27 16:32:02	MarkDuplicates	Tracking 45249 as yet unmatched pairs. 2323 records in RAM.
INFO	2015-03-27 16:33:21	MarkDuplicates	Read    31,000,000 records.  Elapsed time: 00:30:09s.  Time for last 1,000,000:   87s.  Last read position: chr5:33,614,102
INFO	2015-03-27 16:33:21	MarkDuplicates	Tracking 43963 as yet unmatched pairs. 4931 records in RAM.
INFO	2015-03-27 16:34:02	MarkDuplicates	Read    32,000,000 records.  Elapsed time: 00:30:39s.  Time for last 1,000,000:   29s.  Last read position: chr5:115,143,745
INFO	2015-03-27 16:34:02	MarkDuplicates	Tracking 43064 as yet unmatched pairs. 2789 records in RAM.
INFO	2015-03-27 16:35:00	MarkDuplicates	Read    33,000,000 records.  Elapsed time: 00:31:43s.  Time for last 1,000,000:   63s.  Last read position: chr5:139,249,399
INFO	2015-03-27 16:35:00	MarkDuplicates	Tracking 42073 as yet unmatched pairs. 795 records in RAM.
INFO	2015-03-27 16:35:58	MarkDuplicates	Read    34,000,000 records.  Elapsed time: 00:32:40s.  Time for last 1,000,000:   57s.  Last read position: chr6:39,138,244
INFO	2015-03-27 16:35:58	MarkDuplicates	Tracking 39567 as yet unmatched pairs. 5725 records in RAM.
INFO	2015-03-27 16:36:50	MarkDuplicates	Read    35,000,000 records.  Elapsed time: 00:33:43s.  Time for last 1,000,000:   62s.  Last read position: chr6:113,736,414
INFO	2015-03-27 16:36:50	MarkDuplicates	Tracking 38092 as yet unmatched pairs. 3577 records in RAM.
INFO	2015-03-27 16:37:18	MarkDuplicates	Read    36,000,000 records.  Elapsed time: 00:34:10s.  Time for last 1,000,000:   27s.  Last read position: chr7:12,925,588
INFO	2015-03-27 16:37:18	MarkDuplicates	Tracking 37561 as yet unmatched pairs. 11575 records in RAM.
INFO	2015-03-27 16:38:22	MarkDuplicates	Read    37,000,000 records.  Elapsed time: 00:35:15s.  Time for last 1,000,000:   65s.  Last read position: chr7:45,459,691
INFO	2015-03-27 16:38:22	MarkDuplicates	Tracking 35155 as yet unmatched pairs. 8708 records in RAM.
INFO	2015-03-27 16:38:43	MarkDuplicates	Read    38,000,000 records.  Elapsed time: 00:35:39s.  Time for last 1,000,000:   23s.  Last read position: chr7:111,074,936
INFO	2015-03-27 16:38:43	MarkDuplicates	Tracking 30715 as yet unmatched pairs. 3785 records in RAM.
INFO	2015-03-27 16:39:13	MarkDuplicates	Read    39,000,000 records.  Elapsed time: 00:36:09s.  Time for last 1,000,000:   30s.  Last read position: chr7:142,576,621
INFO	2015-03-27 16:39:13	MarkDuplicates	Tracking 35277 as yet unmatched pairs. 7863 records in RAM.
INFO	2015-03-27 16:39:37	MarkDuplicates	Read    40,000,000 records.  Elapsed time: 00:36:32s.  Time for last 1,000,000:   22s.  Last read position: chr8:27,054,108
INFO	2015-03-27 16:39:37	MarkDuplicates	Tracking 26461 as yet unmatched pairs. 7579 records in RAM.
INFO	2015-03-27 16:41:02	MarkDuplicates	Read    41,000,000 records.  Elapsed time: 00:37:57s.  Time for last 1,000,000:   85s.  Last read position: chr8:95,742,012
INFO	2015-03-27 16:41:02	MarkDuplicates	Tracking 22122 as yet unmatched pairs. 2704 records in RAM.
INFO	2015-03-27 16:41:29	MarkDuplicates	Read    42,000,000 records.  Elapsed time: 00:38:22s.  Time for last 1,000,000:   25s.  Last read position: chr9:25,303,748
INFO	2015-03-27 16:41:29	MarkDuplicates	Tracking 19217 as yet unmatched pairs. 10400 records in RAM.
INFO	2015-03-27 16:42:08	MarkDuplicates	Read    43,000,000 records.  Elapsed time: 00:38:59s.  Time for last 1,000,000:   36s.  Last read position: chr9:64,999,824
INFO	2015-03-27 16:42:08	MarkDuplicates	Tracking 15628 as yet unmatched pairs. 6297 records in RAM.
INFO	2015-03-27 16:42:34	MarkDuplicates	Read    44,000,000 records.  Elapsed time: 00:39:29s.  Time for last 1,000,000:   29s.  Last read position: chr9:96,896,142
INFO	2015-03-27 16:42:34	MarkDuplicates	Tracking 13994 as yet unmatched pairs. 4585 records in RAM.
INFO	2015-03-27 16:44:15	MarkDuplicates	Read    45,000,000 records.  Elapsed time: 00:41:09s.  Time for last 1,000,000:  100s.  Last read position: chrM:5,066
INFO	2015-03-27 16:44:15	MarkDuplicates	Tracking 9667 as yet unmatched pairs. 3061 records in RAM.
INFO	2015-03-27 16:44:38	MarkDuplicates	Read    46,000,000 records.  Elapsed time: 00:41:32s.  Time for last 1,000,000:   22s.  Last read position: chrM:14,906
INFO	2015-03-27 16:44:38	MarkDuplicates	Tracking 12084 as yet unmatched pairs. 5436 records in RAM.
INFO	2015-03-27 16:45:12	MarkDuplicates	Read    47,000,000 records.  Elapsed time: 00:42:06s.  Time for last 1,000,000:   34s.  Last read position: chrX:102,185,051
INFO	2015-03-27 16:45:12	MarkDuplicates	Tracking 6574 as yet unmatched pairs. 5921 records in RAM.
INFO	2015-03-27 16:45:28	MarkDuplicates	Read 47744057 records. 0 pairs never matched.
INFO	2015-03-27 16:46:57	MarkDuplicates	After buildSortedReadEndLists freeMemory: 8182360056; totalMemory: 15138816000; maxMemory: 38177538048
INFO	2015-03-27 16:46:57	MarkDuplicates	Will retain up to 1193048064 duplicate indices before spilling to disk.
INFO	2015-03-27 16:49:12	MarkDuplicates	Traversing read pair information and detecting duplicates.
INFO	2015-03-27 16:49:44	MarkDuplicates	Traversing fragment information and detecting duplicates.
INFO	2015-03-27 16:50:40	MarkDuplicates	Sorting list of duplicate records.
INFO	2015-03-27 16:50:51	MarkDuplicates	After generateDuplicateIndexes freeMemory: 14982739800; totalMemory: 24683216896; maxMemory: 38177538048
INFO	2015-03-27 16:50:51	MarkDuplicates	Marking 7260073 records as duplicates.
INFO	2015-03-27 16:50:51	MarkDuplicates	Found 24717 optical duplicate clusters.
INFO	2015-03-27 16:59:19	MarkDuplicates	Written    10,000,000 records.  Elapsed time: 00:08:22s.  Time for last 10,000,000:  502s.  Last read position: chr12:55,408,032
INFO	2015-03-27 17:07:26	MarkDuplicates	Written    20,000,000 records.  Elapsed time: 00:16:31s.  Time for last 10,000,000:  488s.  Last read position: chr18:32,100,751
INFO	2015-03-27 17:14:20	MarkDuplicates	Written    30,000,000 records.  Elapsed time: 00:23:25s.  Time for last 10,000,000:  413s.  Last read position: chr4:137,328,096
INFO	2015-03-27 17:21:05	MarkDuplicates	Written    40,000,000 records.  Elapsed time: 00:30:09s.  Time for last 10,000,000:  404s.  Last read position: chr8:27,054,108
INFO	2015-03-27 17:26:23	MarkDuplicates	Before output close freeMemory: 25324208912; totalMemory: 25503006720; maxMemory: 38177538048
INFO	2015-03-27 17:26:37	MarkDuplicates	After output close freeMemory: 25534841472; totalMemory: 25713639424; maxMemory: 38177538048
[Fri Mar 27 17:26:37 EDT 2015] net.sf.picard.sam.MarkDuplicates done. Elapsed time: 83.64 minutes.
Runtime.totalMemory()=25713639424
