[Fri Mar 27 18:45:48 EDT 2015] net.sf.picard.sam.MarkDuplicates INPUT=[/n/rinn_data1/users/agroff/seq/OtherMice/Diana/lincP21/bam/mikeMEFs_KO1/accepted_hits_sorted_picard.bam] OUTPUT=/n/rinn_data1/users/agroff/seq/OtherMice/Diana/lincP21/bam/mikeMEFs_KO1/accepted_hits_sorted_duplicates_marked.bam METRICS_FILE=dup_metrics.txt    PROGRAM_RECORD_ID=MarkDuplicates PROGRAM_GROUP_NAME=MarkDuplicates REMOVE_DUPLICATES=false ASSUME_SORTED=false MAX_SEQUENCES_FOR_DISK_READ_ENDS_MAP=50000 MAX_FILE_HANDLES_FOR_READ_ENDS_MAP=8000 SORTING_COLLECTION_SIZE_RATIO=0.25 READ_NAME_REGEX=[a-zA-Z0-9]+:[0-9]:([0-9]+):([0-9]+):([0-9]+).* OPTICAL_DUPLICATE_PIXEL_DISTANCE=100 VERBOSITY=INFO QUIET=false VALIDATION_STRINGENCY=STRICT COMPRESSION_LEVEL=5 MAX_RECORDS_IN_RAM=500000 CREATE_INDEX=false CREATE_MD5_FILE=false
[Fri Mar 27 18:45:48 EDT 2015] Executing as agroff@holy2a11107.rc.fas.harvard.edu on Linux 2.6.32-431.17.1.el6.x86_64 amd64; Java HotSpot(TM) 64-Bit Server VM 1.6.0_11-b03; Picard version: 1.98(1547)
INFO	2015-03-27 18:45:48	MarkDuplicates	Start of doWork freeMemory: 8629040; totalMemory: 9109504; maxMemory: 38177538048
INFO	2015-03-27 18:45:48	MarkDuplicates	Reading input file and constructing read end information.
INFO	2015-03-27 18:45:48	MarkDuplicates	Will retain up to 151498166 data points before spilling to disk.
INFO	2015-03-27 18:46:47	MarkDuplicates	Read     1,000,000 records.  Elapsed time: 00:00:56s.  Time for last 1,000,000:   56s.  Last read position: chr1:71,599,618
INFO	2015-03-27 18:46:47	MarkDuplicates	Tracking 10234 as yet unmatched pairs. 4395 records in RAM.
INFO	2015-03-27 18:47:13	MarkDuplicates	Read     2,000,000 records.  Elapsed time: 00:01:23s.  Time for last 1,000,000:   26s.  Last read position: chr1:121,566,109
INFO	2015-03-27 18:47:13	MarkDuplicates	Tracking 9069 as yet unmatched pairs. 184 records in RAM.
INFO	2015-03-27 18:47:36	MarkDuplicates	Read     3,000,000 records.  Elapsed time: 00:01:43s.  Time for last 1,000,000:   20s.  Last read position: chr1:191,608,049
INFO	2015-03-27 18:47:36	MarkDuplicates	Tracking 11735 as yet unmatched pairs. 42 records in RAM.
INFO	2015-03-27 18:48:06	MarkDuplicates	Read     4,000,000 records.  Elapsed time: 00:02:13s.  Time for last 1,000,000:   30s.  Last read position: chr10:80,343,004
INFO	2015-03-27 18:48:06	MarkDuplicates	Tracking 14663 as yet unmatched pairs. 471 records in RAM.
INFO	2015-03-27 18:48:29	MarkDuplicates	Read     5,000,000 records.  Elapsed time: 00:02:38s.  Time for last 1,000,000:   24s.  Last read position: chr10:128,036,507
INFO	2015-03-27 18:48:29	MarkDuplicates	Tracking 18084 as yet unmatched pairs. 1605 records in RAM.
INFO	2015-03-27 18:48:50	MarkDuplicates	Read     6,000,000 records.  Elapsed time: 00:02:58s.  Time for last 1,000,000:   19s.  Last read position: chr11:48,800,497
INFO	2015-03-27 18:48:50	MarkDuplicates	Tracking 22790 as yet unmatched pairs. 4546 records in RAM.
INFO	2015-03-27 18:49:05	MarkDuplicates	Read     7,000,000 records.  Elapsed time: 00:03:15s.  Time for last 1,000,000:   16s.  Last read position: chr11:70,950,146
INFO	2015-03-27 18:49:05	MarkDuplicates	Tracking 21280 as yet unmatched pairs. 1274 records in RAM.
INFO	2015-03-27 18:49:28	MarkDuplicates	Read     8,000,000 records.  Elapsed time: 00:03:35s.  Time for last 1,000,000:   20s.  Last read position: chr11:94,950,880
INFO	2015-03-27 18:49:28	MarkDuplicates	Tracking 33393 as yet unmatched pairs. 3623 records in RAM.
INFO	2015-03-27 18:49:54	MarkDuplicates	Read     9,000,000 records.  Elapsed time: 00:03:59s.  Time for last 1,000,000:   24s.  Last read position: chr11:120,345,801
INFO	2015-03-27 18:49:54	MarkDuplicates	Tracking 35717 as yet unmatched pairs. 3489 records in RAM.
INFO	2015-03-27 18:50:15	MarkDuplicates	Read    10,000,000 records.  Elapsed time: 00:04:22s.  Time for last 1,000,000:   23s.  Last read position: chr12:70,952,998
INFO	2015-03-27 18:50:15	MarkDuplicates	Tracking 36362 as yet unmatched pairs. 840 records in RAM.
INFO	2015-03-27 18:50:36	MarkDuplicates	Read    11,000,000 records.  Elapsed time: 00:04:43s.  Time for last 1,000,000:   20s.  Last read position: chr13:13,510,590
INFO	2015-03-27 18:50:36	MarkDuplicates	Tracking 39286 as yet unmatched pairs. 2042 records in RAM.
INFO	2015-03-27 18:51:02	MarkDuplicates	Read    12,000,000 records.  Elapsed time: 00:05:07s.  Time for last 1,000,000:   24s.  Last read position: chr13:106,795,703
INFO	2015-03-27 18:51:02	MarkDuplicates	Tracking 43815 as yet unmatched pairs. 156 records in RAM.
INFO	2015-03-27 18:51:16	MarkDuplicates	Read    13,000,000 records.  Elapsed time: 00:05:24s.  Time for last 1,000,000:   17s.  Last read position: chr14:59,224,674
INFO	2015-03-27 18:51:16	MarkDuplicates	Tracking 46639 as yet unmatched pairs. 854 records in RAM.
INFO	2015-03-27 18:51:44	MarkDuplicates	Read    14,000,000 records.  Elapsed time: 00:05:49s.  Time for last 1,000,000:   25s.  Last read position: chr15:56,681,760
INFO	2015-03-27 18:51:44	MarkDuplicates	Tracking 48809 as yet unmatched pairs. 1331 records in RAM.
INFO	2015-03-27 18:52:09	MarkDuplicates	Read    15,000,000 records.  Elapsed time: 00:06:16s.  Time for last 1,000,000:   26s.  Last read position: chr15:96,688,467
INFO	2015-03-27 18:52:09	MarkDuplicates	Tracking 49654 as yet unmatched pairs. 438 records in RAM.
INFO	2015-03-27 18:52:26	MarkDuplicates	Read    16,000,000 records.  Elapsed time: 00:06:34s.  Time for last 1,000,000:   17s.  Last read position: chr16:30,271,002
INFO	2015-03-27 18:52:26	MarkDuplicates	Tracking 50654 as yet unmatched pairs. 1325 records in RAM.
INFO	2015-03-27 18:52:52	MarkDuplicates	Read    17,000,000 records.  Elapsed time: 00:06:59s.  Time for last 1,000,000:   25s.  Last read position: chr17:23,819,179
INFO	2015-03-27 18:52:52	MarkDuplicates	Tracking 51843 as yet unmatched pairs. 3256 records in RAM.
INFO	2015-03-27 18:53:12	MarkDuplicates	Read    18,000,000 records.  Elapsed time: 00:07:18s.  Time for last 1,000,000:   19s.  Last read position: chr17:47,010,220
INFO	2015-03-27 18:53:12	MarkDuplicates	Tracking 52886 as yet unmatched pairs. 768 records in RAM.
INFO	2015-03-27 18:53:36	MarkDuplicates	Read    19,000,000 records.  Elapsed time: 00:07:44s.  Time for last 1,000,000:   26s.  Last read position: chr18:43,363,539
INFO	2015-03-27 18:53:36	MarkDuplicates	Tracking 54486 as yet unmatched pairs. 1919 records in RAM.
INFO	2015-03-27 18:53:53	MarkDuplicates	Read    20,000,000 records.  Elapsed time: 00:08:02s.  Time for last 1,000,000:   17s.  Last read position: chr19:8,941,924
INFO	2015-03-27 18:53:53	MarkDuplicates	Tracking 55497 as yet unmatched pairs. 1449 records in RAM.
INFO	2015-03-27 18:54:09	MarkDuplicates	Read    21,000,000 records.  Elapsed time: 00:08:15s.  Time for last 1,000,000:   13s.  Last read position: chr19:46,082,788
INFO	2015-03-27 18:54:09	MarkDuplicates	Tracking 55756 as yet unmatched pairs. 344 records in RAM.
INFO	2015-03-27 18:54:38	MarkDuplicates	Read    22,000,000 records.  Elapsed time: 00:08:46s.  Time for last 1,000,000:   31s.  Last read position: chr2:32,778,253
INFO	2015-03-27 18:54:38	MarkDuplicates	Tracking 56395 as yet unmatched pairs. 4653 records in RAM.
INFO	2015-03-27 18:54:57	MarkDuplicates	Read    23,000,000 records.  Elapsed time: 00:09:03s.  Time for last 1,000,000:   16s.  Last read position: chr2:118,112,624
INFO	2015-03-27 18:54:57	MarkDuplicates	Tracking 60257 as yet unmatched pairs. 5236 records in RAM.
INFO	2015-03-27 18:55:27	MarkDuplicates	Read    24,000,000 records.  Elapsed time: 00:09:32s.  Time for last 1,000,000:   29s.  Last read position: chr2:152,313,738
INFO	2015-03-27 18:55:27	MarkDuplicates	Tracking 57406 as yet unmatched pairs. 1370 records in RAM.
INFO	2015-03-27 18:55:43	MarkDuplicates	Read    25,000,000 records.  Elapsed time: 00:09:50s.  Time for last 1,000,000:   17s.  Last read position: chr3:54,482,606
INFO	2015-03-27 18:55:43	MarkDuplicates	Tracking 56056 as yet unmatched pairs. 3718 records in RAM.
INFO	2015-03-27 18:56:02	MarkDuplicates	Read    26,000,000 records.  Elapsed time: 00:10:09s.  Time for last 1,000,000:   18s.  Last read position: chr3:105,003,700
INFO	2015-03-27 18:56:02	MarkDuplicates	Tracking 54517 as yet unmatched pairs. 1264 records in RAM.
INFO	2015-03-27 18:56:33	MarkDuplicates	Read    27,000,000 records.  Elapsed time: 00:10:39s.  Time for last 1,000,000:   29s.  Last read position: chr4:43,978,820
INFO	2015-03-27 18:56:33	MarkDuplicates	Tracking 54356 as yet unmatched pairs. 6416 records in RAM.
INFO	2015-03-27 18:56:47	MarkDuplicates	Read    28,000,000 records.  Elapsed time: 00:10:54s.  Time for last 1,000,000:   15s.  Last read position: chr4:121,147,395
INFO	2015-03-27 18:56:47	MarkDuplicates	Tracking 53049 as yet unmatched pairs. 3315 records in RAM.
INFO	2015-03-27 18:57:07	MarkDuplicates	Read    29,000,000 records.  Elapsed time: 00:11:12s.  Time for last 1,000,000:   17s.  Last read position: chr4:151,047,676
INFO	2015-03-27 18:57:07	MarkDuplicates	Tracking 51756 as yet unmatched pairs. 304 records in RAM.
INFO	2015-03-27 18:57:41	MarkDuplicates	Read    30,000,000 records.  Elapsed time: 00:11:47s.  Time for last 1,000,000:   35s.  Last read position: chr5:96,131,090
INFO	2015-03-27 18:57:41	MarkDuplicates	Tracking 51354 as yet unmatched pairs. 3824 records in RAM.
INFO	2015-03-27 18:57:55	MarkDuplicates	Read    31,000,000 records.  Elapsed time: 00:12:02s.  Time for last 1,000,000:   14s.  Last read position: chr5:129,504,183
INFO	2015-03-27 18:57:55	MarkDuplicates	Tracking 50690 as yet unmatched pairs. 1879 records in RAM.
INFO	2015-03-27 18:58:14	MarkDuplicates	Read    32,000,000 records.  Elapsed time: 00:12:23s.  Time for last 1,000,000:   21s.  Last read position: chr6:4,505,775
INFO	2015-03-27 18:58:14	MarkDuplicates	Tracking 52165 as yet unmatched pairs. 20755 records in RAM.
INFO	2015-03-27 18:58:28	MarkDuplicates	Read    33,000,000 records.  Elapsed time: 00:12:34s.  Time for last 1,000,000:   10s.  Last read position: chr6:71,861,018
INFO	2015-03-27 18:58:28	MarkDuplicates	Tracking 38114 as yet unmatched pairs. 4666 records in RAM.
INFO	2015-03-27 18:59:07	MarkDuplicates	Read    34,000,000 records.  Elapsed time: 00:13:15s.  Time for last 1,000,000:   40s.  Last read position: chr6:125,162,609
INFO	2015-03-27 18:59:07	MarkDuplicates	Tracking 40882 as yet unmatched pairs. 6766 records in RAM.
INFO	2015-03-27 18:59:23	MarkDuplicates	Read    35,000,000 records.  Elapsed time: 00:13:29s.  Time for last 1,000,000:   14s.  Last read position: chr7:28,898,198
INFO	2015-03-27 18:59:23	MarkDuplicates	Tracking 33375 as yet unmatched pairs. 7206 records in RAM.
INFO	2015-03-27 18:59:41	MarkDuplicates	Read    36,000,000 records.  Elapsed time: 00:13:50s.  Time for last 1,000,000:   21s.  Last read position: chr7:98,887,843
INFO	2015-03-27 18:59:41	MarkDuplicates	Tracking 29664 as yet unmatched pairs. 2990 records in RAM.
INFO	2015-03-27 18:59:56	MarkDuplicates	Read    37,000,000 records.  Elapsed time: 00:14:03s.  Time for last 1,000,000:   13s.  Last read position: chr7:139,983,908
INFO	2015-03-27 18:59:56	MarkDuplicates	Tracking 27951 as yet unmatched pairs. 605 records in RAM.
INFO	2015-03-27 19:00:33	MarkDuplicates	Read    38,000,000 records.  Elapsed time: 00:14:40s.  Time for last 1,000,000:   36s.  Last read position: chr8:57,531,680
INFO	2015-03-27 19:00:33	MarkDuplicates	Tracking 25747 as yet unmatched pairs. 5477 records in RAM.
INFO	2015-03-27 19:00:46	MarkDuplicates	Read    39,000,000 records.  Elapsed time: 00:14:54s.  Time for last 1,000,000:   13s.  Last read position: chr8:112,001,787
INFO	2015-03-27 19:00:46	MarkDuplicates	Tracking 22806 as yet unmatched pairs. 1821 records in RAM.
INFO	2015-03-27 19:01:03	MarkDuplicates	Read    40,000,000 records.  Elapsed time: 00:15:12s.  Time for last 1,000,000:   18s.  Last read position: chr9:44,048,186
INFO	2015-03-27 19:01:03	MarkDuplicates	Tracking 18892 as yet unmatched pairs. 9555 records in RAM.
INFO	2015-03-27 19:01:18	MarkDuplicates	Read    41,000,000 records.  Elapsed time: 00:15:24s.  Time for last 1,000,000:   11s.  Last read position: chr9:67,036,028
INFO	2015-03-27 19:01:18	MarkDuplicates	Tracking 21998 as yet unmatched pairs. 12176 records in RAM.
INFO	2015-03-27 19:01:32	MarkDuplicates	Read    42,000,000 records.  Elapsed time: 00:15:38s.  Time for last 1,000,000:   13s.  Last read position: chr9:104,228,482
INFO	2015-03-27 19:01:32	MarkDuplicates	Tracking 13169 as yet unmatched pairs. 3254 records in RAM.
INFO	2015-03-27 19:02:10	MarkDuplicates	Read    43,000,000 records.  Elapsed time: 00:16:19s.  Time for last 1,000,000:   40s.  Last read position: chrM:7,056
INFO	2015-03-27 19:02:10	MarkDuplicates	Tracking 17785 as yet unmatched pairs. 10348 records in RAM.
INFO	2015-03-27 19:02:26	MarkDuplicates	Read    44,000,000 records.  Elapsed time: 00:16:31s.  Time for last 1,000,000:   12s.  Last read position: chrX:73,495,093
INFO	2015-03-27 19:02:26	MarkDuplicates	Tracking 9389 as yet unmatched pairs. 7766 records in RAM.
INFO	2015-03-27 19:02:49	MarkDuplicates	Read    45,000,000 records.  Elapsed time: 00:16:58s.  Time for last 1,000,000:   27s.  Last read position: chrX:160,122,898
INFO	2015-03-27 19:02:49	MarkDuplicates	Tracking 2067 as yet unmatched pairs. 433 records in RAM.
INFO	2015-03-27 19:02:51	MarkDuplicates	Read 45149428 records. 0 pairs never matched.
INFO	2015-03-27 19:03:15	MarkDuplicates	After buildSortedReadEndLists freeMemory: 9286656136; totalMemory: 16033841152; maxMemory: 38177538048
INFO	2015-03-27 19:03:15	MarkDuplicates	Will retain up to 1193048064 duplicate indices before spilling to disk.
INFO	2015-03-27 19:06:51	MarkDuplicates	Traversing read pair information and detecting duplicates.
INFO	2015-03-27 19:07:11	MarkDuplicates	Traversing fragment information and detecting duplicates.
INFO	2015-03-27 19:07:57	MarkDuplicates	Sorting list of duplicate records.
INFO	2015-03-27 19:08:06	MarkDuplicates	After generateDuplicateIndexes freeMemory: 15855045608; totalMemory: 25578242048; maxMemory: 38177538048
INFO	2015-03-27 19:08:06	MarkDuplicates	Marking 6963600 records as duplicates.
INFO	2015-03-27 19:08:06	MarkDuplicates	Found 8888 optical duplicate clusters.
INFO	2015-03-27 19:16:03	MarkDuplicates	Written    10,000,000 records.  Elapsed time: 00:07:56s.  Time for last 10,000,000:  476s.  Last read position: chr12:70,952,998
INFO	2015-03-27 19:24:46	MarkDuplicates	Written    20,000,000 records.  Elapsed time: 00:16:37s.  Time for last 10,000,000:  520s.  Last read position: chr19:8,941,924
INFO	2015-03-27 19:32:14	MarkDuplicates	Written    30,000,000 records.  Elapsed time: 00:24:07s.  Time for last 10,000,000:  450s.  Last read position: chr5:96,131,090
INFO	2015-03-27 19:38:59	MarkDuplicates	Written    40,000,000 records.  Elapsed time: 00:30:49s.  Time for last 10,000,000:  401s.  Last read position: chr9:44,048,186
INFO	2015-03-27 19:42:13	MarkDuplicates	Before output close freeMemory: 28004011312; totalMemory: 28238479360; maxMemory: 38177538048
INFO	2015-03-27 19:42:20	MarkDuplicates	After output close freeMemory: 27779157152; totalMemory: 28013625344; maxMemory: 38177538048
[Fri Mar 27 19:42:21 EDT 2015] net.sf.picard.sam.MarkDuplicates done. Elapsed time: 56.54 minutes.
Runtime.totalMemory()=28013625344
