[Fri Mar 27 17:00:04 EDT 2015] net.sf.picard.sam.MarkDuplicates INPUT=[/n/rinn_data1/users/agroff/seq/OtherMice/Diana/lincP21/bam/Liver_KO2/accepted_hits_sorted_picard.bam] OUTPUT=/n/rinn_data1/users/agroff/seq/OtherMice/Diana/lincP21/bam/Liver_KO2/accepted_hits_sorted_duplicates_marked.bam METRICS_FILE=dup_metrics.txt    PROGRAM_RECORD_ID=MarkDuplicates PROGRAM_GROUP_NAME=MarkDuplicates REMOVE_DUPLICATES=false ASSUME_SORTED=false MAX_SEQUENCES_FOR_DISK_READ_ENDS_MAP=50000 MAX_FILE_HANDLES_FOR_READ_ENDS_MAP=8000 SORTING_COLLECTION_SIZE_RATIO=0.25 READ_NAME_REGEX=[a-zA-Z0-9]+:[0-9]:([0-9]+):([0-9]+):([0-9]+).* OPTICAL_DUPLICATE_PIXEL_DISTANCE=100 VERBOSITY=INFO QUIET=false VALIDATION_STRINGENCY=STRICT COMPRESSION_LEVEL=5 MAX_RECORDS_IN_RAM=500000 CREATE_INDEX=false CREATE_MD5_FILE=false
[Fri Mar 27 17:00:04 EDT 2015] Executing as agroff@holy2a09307.rc.fas.harvard.edu on Linux 2.6.32-431.17.1.el6.x86_64 amd64; Java HotSpot(TM) 64-Bit Server VM 1.6.0_11-b03; Picard version: 1.98(1547)
INFO	2015-03-27 17:00:04	MarkDuplicates	Start of doWork freeMemory: 8597272; totalMemory: 9109504; maxMemory: 38177538048
INFO	2015-03-27 17:00:04	MarkDuplicates	Reading input file and constructing read end information.
INFO	2015-03-27 17:00:04	MarkDuplicates	Will retain up to 151498166 data points before spilling to disk.
INFO	2015-03-27 17:01:05	MarkDuplicates	Read     1,000,000 records.  Elapsed time: 00:00:56s.  Time for last 1,000,000:   56s.  Last read position: chr1:128,292,467
INFO	2015-03-27 17:01:05	MarkDuplicates	Tracking 8147 as yet unmatched pairs. 92 records in RAM.
INFO	2015-03-27 17:01:35	MarkDuplicates	Read     2,000,000 records.  Elapsed time: 00:01:29s.  Time for last 1,000,000:   32s.  Last read position: chr10:30,902,166
INFO	2015-03-27 17:01:35	MarkDuplicates	Tracking 12587 as yet unmatched pairs. 376 records in RAM.
INFO	2015-03-27 17:02:00	MarkDuplicates	Read     3,000,000 records.  Elapsed time: 00:01:54s.  Time for last 1,000,000:   24s.  Last read position: chr10:117,051,193
INFO	2015-03-27 17:02:00	MarkDuplicates	Tracking 15575 as yet unmatched pairs. 438 records in RAM.
INFO	2015-03-27 17:02:22	MarkDuplicates	Read     4,000,000 records.  Elapsed time: 00:02:14s.  Time for last 1,000,000:   20s.  Last read position: chr11:32,283,717
INFO	2015-03-27 17:02:22	MarkDuplicates	Tracking 156554 as yet unmatched pairs. 139610 records in RAM.
INFO	2015-03-27 17:02:52	MarkDuplicates	Read     5,000,000 records.  Elapsed time: 00:02:43s.  Time for last 1,000,000:   29s.  Last read position: chr11:32,284,266
INFO	2015-03-27 17:02:52	MarkDuplicates	Tracking 522703 as yet unmatched pairs. 505048 records in RAM.
INFO	2015-03-27 17:03:08	MarkDuplicates	Read     6,000,000 records.  Elapsed time: 00:03:02s.  Time for last 1,000,000:   18s.  Last read position: chr11:32,296,837
INFO	2015-03-27 17:03:08	MarkDuplicates	Tracking 252350 as yet unmatched pairs. 233871 records in RAM.
INFO	2015-03-27 17:03:29	MarkDuplicates	Read     7,000,000 records.  Elapsed time: 00:03:22s.  Time for last 1,000,000:   20s.  Last read position: chr11:62,321,061
INFO	2015-03-27 17:03:29	MarkDuplicates	Tracking 20684 as yet unmatched pairs. 1009 records in RAM.
INFO	2015-03-27 17:03:52	MarkDuplicates	Read     8,000,000 records.  Elapsed time: 00:03:44s.  Time for last 1,000,000:   21s.  Last read position: chr11:98,030,360
INFO	2015-03-27 17:03:52	MarkDuplicates	Tracking 23046 as yet unmatched pairs. 783 records in RAM.
INFO	2015-03-27 17:04:15	MarkDuplicates	Read     9,000,000 records.  Elapsed time: 00:04:08s.  Time for last 1,000,000:   24s.  Last read position: chr12:8,922,122
INFO	2015-03-27 17:04:15	MarkDuplicates	Tracking 25935 as yet unmatched pairs. 1298 records in RAM.
INFO	2015-03-27 17:04:35	MarkDuplicates	Read    10,000,000 records.  Elapsed time: 00:04:27s.  Time for last 1,000,000:   18s.  Last read position: chr12:104,697,132
INFO	2015-03-27 17:04:35	MarkDuplicates	Tracking 30683 as yet unmatched pairs. 415 records in RAM.
INFO	2015-03-27 17:04:58	MarkDuplicates	Read    11,000,000 records.  Elapsed time: 00:04:49s.  Time for last 1,000,000:   22s.  Last read position: chr13:94,193,851
INFO	2015-03-27 17:04:58	MarkDuplicates	Tracking 35464 as yet unmatched pairs. 262 records in RAM.
INFO	2015-03-27 17:05:11	MarkDuplicates	Read    12,000,000 records.  Elapsed time: 00:05:04s.  Time for last 1,000,000:   15s.  Last read position: chr14:69,245,214
INFO	2015-03-27 17:05:11	MarkDuplicates	Tracking 39322 as yet unmatched pairs. 1579 records in RAM.
INFO	2015-03-27 17:05:33	MarkDuplicates	Read    13,000,000 records.  Elapsed time: 00:05:27s.  Time for last 1,000,000:   22s.  Last read position: chr15:78,935,055
INFO	2015-03-27 17:05:33	MarkDuplicates	Tracking 40731 as yet unmatched pairs. 701 records in RAM.
INFO	2015-03-27 17:06:02	MarkDuplicates	Read    14,000,000 records.  Elapsed time: 00:05:51s.  Time for last 1,000,000:   23s.  Last read position: chr16:20,686,844
INFO	2015-03-27 17:06:02	MarkDuplicates	Tracking 42678 as yet unmatched pairs. 1885 records in RAM.
INFO	2015-03-27 17:06:34	MarkDuplicates	Read    15,000,000 records.  Elapsed time: 00:06:18s.  Time for last 1,000,000:   26s.  Last read position: chr17:25,161,112
INFO	2015-03-27 17:06:34	MarkDuplicates	Tracking 43934 as yet unmatched pairs. 2396 records in RAM.
INFO	2015-03-27 17:07:09	MarkDuplicates	Read    16,000,000 records.  Elapsed time: 00:06:58s.  Time for last 1,000,000:   40s.  Last read position: chr17:73,829,947
INFO	2015-03-27 17:07:09	MarkDuplicates	Tracking 46880 as yet unmatched pairs. 314 records in RAM.
INFO	2015-03-27 17:07:40	MarkDuplicates	Read    17,000,000 records.  Elapsed time: 00:07:28s.  Time for last 1,000,000:   30s.  Last read position: chr19:5,492,784
INFO	2015-03-27 17:07:40	MarkDuplicates	Tracking 48668 as yet unmatched pairs. 2506 records in RAM.
INFO	2015-03-27 17:08:18	MarkDuplicates	Read    18,000,000 records.  Elapsed time: 00:08:06s.  Time for last 1,000,000:   37s.  Last read position: chr2:13,578,656
INFO	2015-03-27 17:08:18	MarkDuplicates	Tracking 48480 as yet unmatched pairs. 4765 records in RAM.
INFO	2015-03-27 17:08:50	MarkDuplicates	Read    19,000,000 records.  Elapsed time: 00:08:36s.  Time for last 1,000,000:   29s.  Last read position: chr2:103,981,412
INFO	2015-03-27 17:08:50	MarkDuplicates	Tracking 49451 as yet unmatched pairs. 2767 records in RAM.
INFO	2015-03-27 17:09:24	MarkDuplicates	Read    20,000,000 records.  Elapsed time: 00:09:14s.  Time for last 1,000,000:   37s.  Last read position: chr2:174,458,148
INFO	2015-03-27 17:09:24	MarkDuplicates	Tracking 48695 as yet unmatched pairs. 201 records in RAM.
INFO	2015-03-27 17:09:53	MarkDuplicates	Read    21,000,000 records.  Elapsed time: 00:09:42s.  Time for last 1,000,000:   28s.  Last read position: chr3:95,322,158
INFO	2015-03-27 17:09:53	MarkDuplicates	Tracking 44999 as yet unmatched pairs. 1725 records in RAM.
INFO	2015-03-27 17:10:32	MarkDuplicates	Read    22,000,000 records.  Elapsed time: 00:10:21s.  Time for last 1,000,000:   38s.  Last read position: chr4:49,536,692
INFO	2015-03-27 17:10:32	MarkDuplicates	Tracking 45108 as yet unmatched pairs. 5625 records in RAM.
INFO	2015-03-27 17:11:04	MarkDuplicates	Read    23,000,000 records.  Elapsed time: 00:10:49s.  Time for last 1,000,000:   28s.  Last read position: chr4:134,160,282
INFO	2015-03-27 17:11:04	MarkDuplicates	Tracking 43380 as yet unmatched pairs. 2228 records in RAM.
INFO	2015-03-27 17:11:46	MarkDuplicates	Read    24,000,000 records.  Elapsed time: 00:11:40s.  Time for last 1,000,000:   50s.  Last read position: chr5:65,591,937
INFO	2015-03-27 17:11:46	MarkDuplicates	Tracking 42134 as yet unmatched pairs. 4275 records in RAM.
INFO	2015-03-27 17:12:23	MarkDuplicates	Read    25,000,000 records.  Elapsed time: 00:12:07s.  Time for last 1,000,000:   27s.  Last read position: chr5:90,498,337
INFO	2015-03-27 17:12:23	MarkDuplicates	Tracking 52545 as yet unmatched pairs. 14198 records in RAM.
INFO	2015-03-27 17:12:53	MarkDuplicates	Read    26,000,000 records.  Elapsed time: 00:12:43s.  Time for last 1,000,000:   35s.  Last read position: chr5:125,283,996
INFO	2015-03-27 17:12:53	MarkDuplicates	Tracking 40968 as yet unmatched pairs. 1261 records in RAM.
INFO	2015-03-27 17:13:33	MarkDuplicates	Read    27,000,000 records.  Elapsed time: 00:13:21s.  Time for last 1,000,000:   38s.  Last read position: chr6:51,469,719
INFO	2015-03-27 17:13:33	MarkDuplicates	Tracking 37605 as yet unmatched pairs. 6023 records in RAM.
INFO	2015-03-27 17:14:11	MarkDuplicates	Read    28,000,000 records.  Elapsed time: 00:13:57s.  Time for last 1,000,000:   35s.  Last read position: chr6:143,203,580
INFO	2015-03-27 17:14:11	MarkDuplicates	Tracking 33009 as yet unmatched pairs. 571 records in RAM.
INFO	2015-03-27 17:14:46	MarkDuplicates	Read    29,000,000 records.  Elapsed time: 00:14:34s.  Time for last 1,000,000:   36s.  Last read position: chr7:66,171,814
INFO	2015-03-27 17:14:46	MarkDuplicates	Tracking 29928 as yet unmatched pairs. 6001 records in RAM.
INFO	2015-03-27 17:15:19	MarkDuplicates	Read    30,000,000 records.  Elapsed time: 00:15:12s.  Time for last 1,000,000:   38s.  Last read position: chr7:103,812,905
INFO	2015-03-27 17:15:19	MarkDuplicates	Tracking 307149 as yet unmatched pairs. 282894 records in RAM.
INFO	2015-03-27 17:15:53	MarkDuplicates	Read    31,000,000 records.  Elapsed time: 00:15:37s.  Time for last 1,000,000:   24s.  Last read position: chr7:103,826,616
INFO	2015-03-27 17:15:53	MarkDuplicates	Tracking 605461 as yet unmatched pairs. 581090 records in RAM.
INFO	2015-03-27 17:16:17	MarkDuplicates	Read    32,000,000 records.  Elapsed time: 00:16:04s.  Time for last 1,000,000:   27s.  Last read position: chr7:103,827,551
INFO	2015-03-27 17:16:17	MarkDuplicates	Tracking 331886 as yet unmatched pairs. 307401 records in RAM.
INFO	2015-03-27 17:16:51	MarkDuplicates	Read    33,000,000 records.  Elapsed time: 00:16:32s.  Time for last 1,000,000:   27s.  Last read position: chr7:127,802,386
INFO	2015-03-27 17:16:51	MarkDuplicates	Tracking 26059 as yet unmatched pairs. 1341 records in RAM.
INFO	2015-03-27 17:17:31	MarkDuplicates	Read    34,000,000 records.  Elapsed time: 00:17:20s.  Time for last 1,000,000:   48s.  Last read position: chr8:66,388,045
INFO	2015-03-27 17:17:31	MarkDuplicates	Tracking 22914 as yet unmatched pairs. 4420 records in RAM.
INFO	2015-03-27 17:17:53	MarkDuplicates	Read    35,000,000 records.  Elapsed time: 00:17:42s.  Time for last 1,000,000:   21s.  Last read position: chr8:123,485,950
INFO	2015-03-27 17:17:53	MarkDuplicates	Tracking 19447 as yet unmatched pairs. 254 records in RAM.
INFO	2015-03-27 17:18:15	MarkDuplicates	Read    36,000,000 records.  Elapsed time: 00:18:04s.  Time for last 1,000,000:   22s.  Last read position: chr9:65,322,707
INFO	2015-03-27 17:18:15	MarkDuplicates	Tracking 15138 as yet unmatched pairs. 6887 records in RAM.
INFO	2015-03-27 17:18:29	MarkDuplicates	Read    37,000,000 records.  Elapsed time: 00:18:21s.  Time for last 1,000,000:   17s.  Last read position: chr9:108,465,202
INFO	2015-03-27 17:18:29	MarkDuplicates	Tracking 12103 as yet unmatched pairs. 3765 records in RAM.
INFO	2015-03-27 17:19:00	MarkDuplicates	Read    38,000,000 records.  Elapsed time: 00:18:50s.  Time for last 1,000,000:   28s.  Last read position: chrM:7,232
INFO	2015-03-27 17:19:00	MarkDuplicates	Tracking 21255 as yet unmatched pairs. 16127 records in RAM.
INFO	2015-03-27 17:19:15	MarkDuplicates	Read    39,000,000 records.  Elapsed time: 00:19:05s.  Time for last 1,000,000:   15s.  Last read position: chrX:57,065,052
INFO	2015-03-27 17:19:15	MarkDuplicates	Tracking 3949 as yet unmatched pairs. 3262 records in RAM.
INFO	2015-03-27 17:19:25	MarkDuplicates	Read 39687021 records. 0 pairs never matched.
INFO	2015-03-27 17:19:40	MarkDuplicates	After buildSortedReadEndLists freeMemory: 7105028808; totalMemory: 13195935744; maxMemory: 38177538048
INFO	2015-03-27 17:19:40	MarkDuplicates	Will retain up to 1193048064 duplicate indices before spilling to disk.
INFO	2015-03-27 17:19:43	MarkDuplicates	Traversing read pair information and detecting duplicates.
INFO	2015-03-27 17:20:05	MarkDuplicates	Traversing fragment information and detecting duplicates.
INFO	2015-03-27 17:20:43	MarkDuplicates	Sorting list of duplicate records.
INFO	2015-03-27 17:20:53	MarkDuplicates	After generateDuplicateIndexes freeMemory: 13060143232; totalMemory: 22740336640; maxMemory: 38177538048
INFO	2015-03-27 17:20:53	MarkDuplicates	Marking 9200745 records as duplicates.
INFO	2015-03-27 17:20:53	MarkDuplicates	Found 7397 optical duplicate clusters.
INFO	2015-03-27 17:28:11	MarkDuplicates	Written    10,000,000 records.  Elapsed time: 00:07:17s.  Time for last 10,000,000:  437s.  Last read position: chr12:104,697,132
INFO	2015-03-27 17:35:41	MarkDuplicates	Written    20,000,000 records.  Elapsed time: 00:14:47s.  Time for last 10,000,000:  449s.  Last read position: chr2:174,458,148
INFO	2015-03-27 17:42:44	MarkDuplicates	Written    30,000,000 records.  Elapsed time: 00:21:49s.  Time for last 10,000,000:  422s.  Last read position: chr7:103,812,905
INFO	2015-03-27 17:49:15	MarkDuplicates	Before output close freeMemory: 23749208552; totalMemory: 23914217472; maxMemory: 38177538048
INFO	2015-03-27 17:49:25	MarkDuplicates	After output close freeMemory: 23920847192; totalMemory: 24085856256; maxMemory: 38177538048
[Fri Mar 27 17:49:25 EDT 2015] net.sf.picard.sam.MarkDuplicates done. Elapsed time: 49.35 minutes.
Runtime.totalMemory()=24085856256
