[Fri Mar 27 13:46:58 EDT 2015] net.sf.picard.sam.MarkDuplicates INPUT=[/n/rinn_data1/users/agroff/seq/OtherMice/Diana/lincP21/bam/Kidney_KO2/accepted_hits_sorted_picard.bam] OUTPUT=/n/rinn_data1/users/agroff/seq/OtherMice/Diana/lincP21/bam/Kidney_KO2/accepted_hits_sorted_duplicates_marked.bam METRICS_FILE=dup_metrics.txt    PROGRAM_RECORD_ID=MarkDuplicates PROGRAM_GROUP_NAME=MarkDuplicates REMOVE_DUPLICATES=false ASSUME_SORTED=false MAX_SEQUENCES_FOR_DISK_READ_ENDS_MAP=50000 MAX_FILE_HANDLES_FOR_READ_ENDS_MAP=8000 SORTING_COLLECTION_SIZE_RATIO=0.25 READ_NAME_REGEX=[a-zA-Z0-9]+:[0-9]:([0-9]+):([0-9]+):([0-9]+).* OPTICAL_DUPLICATE_PIXEL_DISTANCE=100 VERBOSITY=INFO QUIET=false VALIDATION_STRINGENCY=STRICT COMPRESSION_LEVEL=5 MAX_RECORDS_IN_RAM=500000 CREATE_INDEX=false CREATE_MD5_FILE=false
[Fri Mar 27 13:46:58 EDT 2015] Executing as agroff@holy2a04206.rc.fas.harvard.edu on Linux 2.6.32-431.17.1.el6.x86_64 amd64; Java HotSpot(TM) 64-Bit Server VM 1.6.0_11-b03; Picard version: 1.98(1547)
INFO	2015-03-27 13:46:58	MarkDuplicates	Start of doWork freeMemory: 8576456; totalMemory: 9109504; maxMemory: 38177538048
INFO	2015-03-27 13:46:58	MarkDuplicates	Reading input file and constructing read end information.
INFO	2015-03-27 13:46:58	MarkDuplicates	Will retain up to 151498166 data points before spilling to disk.
INFO	2015-03-27 13:48:10	MarkDuplicates	Read     1,000,000 records.  Elapsed time: 00:01:04s.  Time for last 1,000,000:   64s.  Last read position: chr1:64,121,350
INFO	2015-03-27 13:48:10	MarkDuplicates	Tracking 10959 as yet unmatched pairs. 179 records in RAM.
INFO	2015-03-27 13:48:50	MarkDuplicates	Read     2,000,000 records.  Elapsed time: 00:01:44s.  Time for last 1,000,000:   39s.  Last read position: chr1:131,936,068
INFO	2015-03-27 13:48:50	MarkDuplicates	Tracking 16074 as yet unmatched pairs. 350 records in RAM.
INFO	2015-03-27 13:49:26	MarkDuplicates	Read     3,000,000 records.  Elapsed time: 00:02:18s.  Time for last 1,000,000:   34s.  Last read position: chr1:180,810,213
INFO	2015-03-27 13:49:26	MarkDuplicates	Tracking 22600 as yet unmatched pairs. 3117 records in RAM.
INFO	2015-03-27 13:50:15	MarkDuplicates	Read     4,000,000 records.  Elapsed time: 00:03:02s.  Time for last 1,000,000:   43s.  Last read position: chr10:62,590,674
INFO	2015-03-27 13:50:15	MarkDuplicates	Tracking 24217 as yet unmatched pairs. 778 records in RAM.
INFO	2015-03-27 13:51:10	MarkDuplicates	Read     5,000,000 records.  Elapsed time: 00:03:49s.  Time for last 1,000,000:   47s.  Last read position: chr10:91,077,688
INFO	2015-03-27 13:51:10	MarkDuplicates	Tracking 26537 as yet unmatched pairs. 478 records in RAM.
INFO	2015-03-27 13:52:11	MarkDuplicates	Read     6,000,000 records.  Elapsed time: 00:05:00s.  Time for last 1,000,000:   71s.  Last read position: chr11:5,081,588
INFO	2015-03-27 13:52:11	MarkDuplicates	Tracking 30022 as yet unmatched pairs. 2053 records in RAM.
INFO	2015-03-27 13:53:10	MarkDuplicates	Read     7,000,000 records.  Elapsed time: 00:06:10s.  Time for last 1,000,000:   69s.  Last read position: chr11:50,385,842
INFO	2015-03-27 13:53:10	MarkDuplicates	Tracking 33864 as yet unmatched pairs. 2332 records in RAM.
INFO	2015-03-27 13:54:06	MarkDuplicates	Read     8,000,000 records.  Elapsed time: 00:06:51s.  Time for last 1,000,000:   41s.  Last read position: chr11:70,900,587
INFO	2015-03-27 13:54:06	MarkDuplicates	Tracking 34862 as yet unmatched pairs. 1407 records in RAM.
INFO	2015-03-27 13:55:05	MarkDuplicates	Read     9,000,000 records.  Elapsed time: 00:07:56s.  Time for last 1,000,000:   64s.  Last read position: chr11:95,749,008
INFO	2015-03-27 13:55:05	MarkDuplicates	Tracking 37374 as yet unmatched pairs. 808 records in RAM.
INFO	2015-03-27 13:55:53	MarkDuplicates	Read    10,000,000 records.  Elapsed time: 00:08:40s.  Time for last 1,000,000:   44s.  Last read position: chr11:115,523,647
INFO	2015-03-27 13:55:53	MarkDuplicates	Tracking 40972 as yet unmatched pairs. 1295 records in RAM.
INFO	2015-03-27 13:56:36	MarkDuplicates	Read    11,000,000 records.  Elapsed time: 00:09:20s.  Time for last 1,000,000:   39s.  Last read position: chr12:32,974,198
INFO	2015-03-27 13:56:36	MarkDuplicates	Tracking 44654 as yet unmatched pairs. 2243 records in RAM.
INFO	2015-03-27 13:57:19	MarkDuplicates	Read    12,000,000 records.  Elapsed time: 00:10:16s.  Time for last 1,000,000:   55s.  Last read position: chr12:109,541,030
INFO	2015-03-27 13:57:19	MarkDuplicates	Tracking 51243 as yet unmatched pairs. 2126 records in RAM.
INFO	2015-03-27 13:58:02	MarkDuplicates	Read    13,000,000 records.  Elapsed time: 00:10:55s.  Time for last 1,000,000:   38s.  Last read position: chr13:55,322,261
INFO	2015-03-27 13:58:02	MarkDuplicates	Tracking 53537 as yet unmatched pairs. 1713 records in RAM.
INFO	2015-03-27 13:58:48	MarkDuplicates	Read    14,000,000 records.  Elapsed time: 00:11:42s.  Time for last 1,000,000:   46s.  Last read position: chr14:3,220,478
INFO	2015-03-27 13:58:48	MarkDuplicates	Tracking 57217 as yet unmatched pairs. 4446 records in RAM.
INFO	2015-03-27 13:59:32	MarkDuplicates	Read    15,000,000 records.  Elapsed time: 00:12:23s.  Time for last 1,000,000:   41s.  Last read position: chr14:55,588,473
INFO	2015-03-27 13:59:32	MarkDuplicates	Tracking 60465 as yet unmatched pairs. 1465 records in RAM.
INFO	2015-03-27 14:00:42	MarkDuplicates	Read    16,000,000 records.  Elapsed time: 00:13:35s.  Time for last 1,000,000:   71s.  Last read position: chr15:13,044,696
INFO	2015-03-27 14:00:42	MarkDuplicates	Tracking 63224 as yet unmatched pairs. 2378 records in RAM.
INFO	2015-03-27 14:01:28	MarkDuplicates	Read    17,000,000 records.  Elapsed time: 00:14:08s.  Time for last 1,000,000:   33s.  Last read position: chr15:80,937,678
INFO	2015-03-27 14:01:28	MarkDuplicates	Tracking 64276 as yet unmatched pairs. 986 records in RAM.
INFO	2015-03-27 14:02:17	MarkDuplicates	Read    18,000,000 records.  Elapsed time: 00:15:05s.  Time for last 1,000,000:   56s.  Last read position: chr15:103,198,460
INFO	2015-03-27 14:02:17	MarkDuplicates	Tracking 65835 as yet unmatched pairs. 251 records in RAM.
INFO	2015-03-27 14:02:59	MarkDuplicates	Read    19,000,000 records.  Elapsed time: 00:15:53s.  Time for last 1,000,000:   48s.  Last read position: chr16:38,080,912
INFO	2015-03-27 14:02:59	MarkDuplicates	Tracking 67221 as yet unmatched pairs. 1805 records in RAM.
INFO	2015-03-27 14:04:00	MarkDuplicates	Read    20,000,000 records.  Elapsed time: 00:16:52s.  Time for last 1,000,000:   58s.  Last read position: chr17:23,734,875
INFO	2015-03-27 14:04:00	MarkDuplicates	Tracking 68547 as yet unmatched pairs. 4216 records in RAM.
INFO	2015-03-27 14:04:59	MarkDuplicates	Read    21,000,000 records.  Elapsed time: 00:17:42s.  Time for last 1,000,000:   50s.  Last read position: chr17:35,243,260
INFO	2015-03-27 14:04:59	MarkDuplicates	Tracking 69885 as yet unmatched pairs. 2545 records in RAM.
INFO	2015-03-27 14:05:47	MarkDuplicates	Read    22,000,000 records.  Elapsed time: 00:18:41s.  Time for last 1,000,000:   59s.  Last read position: chr17:79,671,603
INFO	2015-03-27 14:05:47	MarkDuplicates	Tracking 71528 as yet unmatched pairs. 443 records in RAM.
INFO	2015-03-27 14:06:35	MarkDuplicates	Read    23,000,000 records.  Elapsed time: 00:19:25s.  Time for last 1,000,000:   43s.  Last read position: chr18:57,919,552
INFO	2015-03-27 14:06:35	MarkDuplicates	Tracking 73140 as yet unmatched pairs. 1376 records in RAM.
INFO	2015-03-27 14:07:39	MarkDuplicates	Read    24,000,000 records.  Elapsed time: 00:20:35s.  Time for last 1,000,000:   69s.  Last read position: chr19:8,725,783
INFO	2015-03-27 14:07:39	MarkDuplicates	Tracking 73100 as yet unmatched pairs. 2452 records in RAM.
INFO	2015-03-27 14:08:27	MarkDuplicates	Read    25,000,000 records.  Elapsed time: 00:21:15s.  Time for last 1,000,000:   40s.  Last read position: chr19:57,488,062
INFO	2015-03-27 14:08:27	MarkDuplicates	Tracking 73057 as yet unmatched pairs. 270 records in RAM.
INFO	2015-03-27 14:09:18	MarkDuplicates	Read    26,000,000 records.  Elapsed time: 00:21:57s.  Time for last 1,000,000:   41s.  Last read position: chr2:34,807,397
INFO	2015-03-27 14:09:18	MarkDuplicates	Tracking 74170 as yet unmatched pairs. 6366 records in RAM.
INFO	2015-03-27 14:10:12	MarkDuplicates	Read    27,000,000 records.  Elapsed time: 00:23:07s.  Time for last 1,000,000:   69s.  Last read position: chr2:104,089,801
INFO	2015-03-27 14:10:12	MarkDuplicates	Tracking 75151 as yet unmatched pairs. 4371 records in RAM.
INFO	2015-03-27 14:11:08	MarkDuplicates	Read    28,000,000 records.  Elapsed time: 00:24:00s.  Time for last 1,000,000:   53s.  Last read position: chr2:153,081,123
INFO	2015-03-27 14:11:08	MarkDuplicates	Tracking 74932 as yet unmatched pairs. 2398 records in RAM.
INFO	2015-03-27 14:12:06	MarkDuplicates	Read    29,000,000 records.  Elapsed time: 00:24:51s.  Time for last 1,000,000:   51s.  Last read position: chr2:181,230,761
INFO	2015-03-27 14:12:06	MarkDuplicates	Tracking 75256 as yet unmatched pairs. 130 records in RAM.
INFO	2015-03-27 14:13:05	MarkDuplicates	Read    30,000,000 records.  Elapsed time: 00:25:59s.  Time for last 1,000,000:   67s.  Last read position: chr3:88,846,407
INFO	2015-03-27 14:13:05	MarkDuplicates	Tracking 71501 as yet unmatched pairs. 4017 records in RAM.
INFO	2015-03-27 14:14:08	MarkDuplicates	Read    31,000,000 records.  Elapsed time: 00:26:49s.  Time for last 1,000,000:   50s.  Last read position: chr3:132,667,404
INFO	2015-03-27 14:14:08	MarkDuplicates	Tracking 69888 as yet unmatched pairs. 986 records in RAM.
INFO	2015-03-27 14:15:07	MarkDuplicates	Read    32,000,000 records.  Elapsed time: 00:27:39s.  Time for last 1,000,000:   50s.  Last read position: chr4:47,480,205
INFO	2015-03-27 14:15:13	MarkDuplicates	Tracking 69754 as yet unmatched pairs. 8910 records in RAM.
INFO	2015-03-27 14:16:36	MarkDuplicates	Read    33,000,000 records.  Elapsed time: 00:29:11s.  Time for last 1,000,000:   91s.  Last read position: chr4:122,597,517
INFO	2015-03-27 14:16:36	MarkDuplicates	Tracking 67764 as yet unmatched pairs. 4572 records in RAM.
INFO	2015-03-27 14:17:25	MarkDuplicates	Read    34,000,000 records.  Elapsed time: 00:30:01s.  Time for last 1,000,000:   50s.  Last read position: chr4:141,013,815
INFO	2015-03-27 14:17:25	MarkDuplicates	Tracking 67931 as yet unmatched pairs. 2965 records in RAM.
INFO	2015-03-27 14:18:18	MarkDuplicates	Read    35,000,000 records.  Elapsed time: 00:31:00s.  Time for last 1,000,000:   58s.  Last read position: chr5:33,027,471
INFO	2015-03-27 14:18:18	MarkDuplicates	Tracking 66331 as yet unmatched pairs. 7798 records in RAM.
INFO	2015-03-27 14:19:18	MarkDuplicates	Read    36,000,000 records.  Elapsed time: 00:32:03s.  Time for last 1,000,000:   63s.  Last read position: chr5:107,907,273
INFO	2015-03-27 14:19:18	MarkDuplicates	Tracking 65150 as yet unmatched pairs. 5036 records in RAM.
INFO	2015-03-27 14:20:22	MarkDuplicates	Read    37,000,000 records.  Elapsed time: 00:33:17s.  Time for last 1,000,000:   73s.  Last read position: chr5:134,099,765
INFO	2015-03-27 14:20:22	MarkDuplicates	Tracking 63136 as yet unmatched pairs. 1681 records in RAM.
INFO	2015-03-27 14:21:00	MarkDuplicates	Read    38,000,000 records.  Elapsed time: 00:33:50s.  Time for last 1,000,000:   32s.  Last read position: chr6:18,846,261
INFO	2015-03-27 14:21:00	MarkDuplicates	Tracking 58631 as yet unmatched pairs. 9916 records in RAM.
INFO	2015-03-27 14:21:34	MarkDuplicates	Read    39,000,000 records.  Elapsed time: 00:34:30s.  Time for last 1,000,000:   40s.  Last read position: chr6:72,957,923
INFO	2015-03-27 14:21:34	MarkDuplicates	Tracking 58322 as yet unmatched pairs. 8659 records in RAM.
INFO	2015-03-27 14:22:05	MarkDuplicates	Read    40,000,000 records.  Elapsed time: 00:34:56s.  Time for last 1,000,000:   26s.  Last read position: chr6:125,162,970
INFO	2015-03-27 14:22:05	MarkDuplicates	Tracking 55501 as yet unmatched pairs. 4965 records in RAM.
INFO	2015-03-27 14:23:01	MarkDuplicates	Read    41,000,000 records.  Elapsed time: 00:35:56s.  Time for last 1,000,000:   59s.  Last read position: chr7:25,073,509
INFO	2015-03-27 14:23:01	MarkDuplicates	Tracking 49099 as yet unmatched pairs. 10703 records in RAM.
INFO	2015-03-27 14:23:41	MarkDuplicates	Read    42,000,000 records.  Elapsed time: 00:36:33s.  Time for last 1,000,000:   37s.  Last read position: chr7:68,004,254
INFO	2015-03-27 14:23:41	MarkDuplicates	Tracking 45661 as yet unmatched pairs. 6652 records in RAM.
INFO	2015-03-27 14:24:20	MarkDuplicates	Read    43,000,000 records.  Elapsed time: 00:37:16s.  Time for last 1,000,000:   42s.  Last read position: chr7:114,265,903
INFO	2015-03-27 14:24:20	MarkDuplicates	Tracking 43549 as yet unmatched pairs. 3871 records in RAM.
INFO	2015-03-27 14:25:01	MarkDuplicates	Read    44,000,000 records.  Elapsed time: 00:37:52s.  Time for last 1,000,000:   35s.  Last read position: chr7:142,577,968
INFO	2015-03-27 14:25:01	MarkDuplicates	Tracking 41805 as yet unmatched pairs. 1563 records in RAM.
INFO	2015-03-27 14:26:09	MarkDuplicates	Read    45,000,000 records.  Elapsed time: 00:38:53s.  Time for last 1,000,000:   61s.  Last read position: chr8:47,875,428
INFO	2015-03-27 14:26:09	MarkDuplicates	Tracking 38474 as yet unmatched pairs. 11418 records in RAM.
INFO	2015-03-27 14:26:48	MarkDuplicates	Read    46,000,000 records.  Elapsed time: 00:39:33s.  Time for last 1,000,000:   39s.  Last read position: chr8:104,459,061
INFO	2015-03-27 14:26:48	MarkDuplicates	Tracking 32043 as yet unmatched pairs. 4200 records in RAM.
INFO	2015-03-27 14:27:32	MarkDuplicates	Read    47,000,000 records.  Elapsed time: 00:40:25s.  Time for last 1,000,000:   52s.  Last read position: chr9:21,143,100
INFO	2015-03-27 14:27:32	MarkDuplicates	Tracking 27539 as yet unmatched pairs. 12988 records in RAM.
INFO	2015-03-27 14:28:10	MarkDuplicates	Read    48,000,000 records.  Elapsed time: 00:41:02s.  Time for last 1,000,000:   36s.  Last read position: chr9:60,593,624
INFO	2015-03-27 14:28:10	MarkDuplicates	Tracking 23339 as yet unmatched pairs. 8190 records in RAM.
INFO	2015-03-27 14:29:13	MarkDuplicates	Read    49,000,000 records.  Elapsed time: 00:42:00s.  Time for last 1,000,000:   57s.  Last read position: chr9:78,480,367
INFO	2015-03-27 14:29:13	MarkDuplicates	Tracking 36776 as yet unmatched pairs. 21530 records in RAM.
INFO	2015-03-27 14:30:11	MarkDuplicates	Read    50,000,000 records.  Elapsed time: 00:42:59s.  Time for last 1,000,000:   59s.  Last read position: chr9:120,130,189
INFO	2015-03-27 14:30:11	MarkDuplicates	Tracking 20274 as yet unmatched pairs. 4930 records in RAM.
INFO	2015-03-27 14:30:37	MarkDuplicates	Read    51,000,000 records.  Elapsed time: 00:43:29s.  Time for last 1,000,000:   29s.  Last read position: chrM:7,836
INFO	2015-03-27 14:30:37	MarkDuplicates	Tracking 28370 as yet unmatched pairs. 17754 records in RAM.
INFO	2015-03-27 14:31:04	MarkDuplicates	Read    52,000,000 records.  Elapsed time: 00:44:03s.  Time for last 1,000,000:   34s.  Last read position: chrX:20,703,077
INFO	2015-03-27 14:31:04	MarkDuplicates	Tracking 9623 as yet unmatched pairs. 8166 records in RAM.
INFO	2015-03-27 14:31:30	MarkDuplicates	Read    53,000,000 records.  Elapsed time: 00:44:26s.  Time for last 1,000,000:   22s.  Last read position: chrX:103,478,825
INFO	2015-03-27 14:31:30	MarkDuplicates	Tracking 5115 as yet unmatched pairs. 3635 records in RAM.
INFO	2015-03-27 14:31:41	MarkDuplicates	Read 53726244 records. 0 pairs never matched.
INFO	2015-03-27 14:32:15	MarkDuplicates	After buildSortedReadEndLists freeMemory: 9281744720; totalMemory: 16774594560; maxMemory: 38177538048
INFO	2015-03-27 14:32:15	MarkDuplicates	Will retain up to 1193048064 duplicate indices before spilling to disk.
INFO	2015-03-27 14:32:39	MarkDuplicates	Traversing read pair information and detecting duplicates.
INFO	2015-03-27 14:33:05	MarkDuplicates	Traversing fragment information and detecting duplicates.
INFO	2015-03-27 14:33:53	MarkDuplicates	Sorting list of duplicate records.
INFO	2015-03-27 14:34:02	MarkDuplicates	After generateDuplicateIndexes freeMemory: 16594906712; totalMemory: 26318995456; maxMemory: 38177538048
INFO	2015-03-27 14:34:02	MarkDuplicates	Marking 7475249 records as duplicates.
INFO	2015-03-27 14:34:02	MarkDuplicates	Found 32019 optical duplicate clusters.
INFO	2015-03-27 14:45:36	MarkDuplicates	Written    10,000,000 records.  Elapsed time: 00:11:34s.  Time for last 10,000,000:  694s.  Last read position: chr11:115,523,647
INFO	2015-03-27 14:57:25	MarkDuplicates	Written    20,000,000 records.  Elapsed time: 00:23:20s.  Time for last 10,000,000:  706s.  Last read position: chr17:23,734,875
INFO	2015-03-27 15:08:31	MarkDuplicates	Written    30,000,000 records.  Elapsed time: 00:34:29s.  Time for last 10,000,000:  669s.  Last read position: chr3:88,846,407
INFO	2015-03-27 15:21:05	MarkDuplicates	Written    40,000,000 records.  Elapsed time: 00:47:03s.  Time for last 10,000,000:  754s.  Last read position: chr6:125,162,970
INFO	2015-03-27 15:32:35	MarkDuplicates	Written    50,000,000 records.  Elapsed time: 00:58:31s.  Time for last 10,000,000:  687s.  Last read position: chr9:120,130,189
INFO	2015-03-27 15:36:29	MarkDuplicates	Before output close freeMemory: 28179612864; totalMemory: 28402712576; maxMemory: 38177538048
INFO	2015-03-27 15:36:33	MarkDuplicates	After output close freeMemory: 27961836592; totalMemory: 28184936448; maxMemory: 38177538048
[Fri Mar 27 15:36:33 EDT 2015] net.sf.picard.sam.MarkDuplicates done. Elapsed time: 109.59 minutes.
Runtime.totalMemory()=28184936448
