[Fri Mar 27 16:02:59 EDT 2015] net.sf.picard.sam.MarkDuplicates INPUT=[/n/rinn_data1/users/agroff/seq/OtherMice/Diana/lincP21/bam/Leg_KO5/accepted_hits_sorted_picard.bam] OUTPUT=/n/rinn_data1/users/agroff/seq/OtherMice/Diana/lincP21/bam/Leg_KO5/accepted_hits_sorted_duplicates_marked.bam METRICS_FILE=dup_metrics.txt    PROGRAM_RECORD_ID=MarkDuplicates PROGRAM_GROUP_NAME=MarkDuplicates REMOVE_DUPLICATES=false ASSUME_SORTED=false MAX_SEQUENCES_FOR_DISK_READ_ENDS_MAP=50000 MAX_FILE_HANDLES_FOR_READ_ENDS_MAP=8000 SORTING_COLLECTION_SIZE_RATIO=0.25 READ_NAME_REGEX=[a-zA-Z0-9]+:[0-9]:([0-9]+):([0-9]+):([0-9]+).* OPTICAL_DUPLICATE_PIXEL_DISTANCE=100 VERBOSITY=INFO QUIET=false VALIDATION_STRINGENCY=STRICT COMPRESSION_LEVEL=5 MAX_RECORDS_IN_RAM=500000 CREATE_INDEX=false CREATE_MD5_FILE=false
[Fri Mar 27 16:02:59 EDT 2015] Executing as agroff@holy2a05104.rc.fas.harvard.edu on Linux 2.6.32-431.17.1.el6.x86_64 amd64; Java HotSpot(TM) 64-Bit Server VM 1.6.0_11-b03; Picard version: 1.98(1547)
INFO	2015-03-27 16:02:59	MarkDuplicates	Start of doWork freeMemory: 8359592; totalMemory: 9109504; maxMemory: 38177538048
INFO	2015-03-27 16:02:59	MarkDuplicates	Reading input file and constructing read end information.
INFO	2015-03-27 16:02:59	MarkDuplicates	Will retain up to 151498166 data points before spilling to disk.
INFO	2015-03-27 16:04:18	MarkDuplicates	Read     1,000,000 records.  Elapsed time: 00:01:12s.  Time for last 1,000,000:   72s.  Last read position: chr1:86,530,108
INFO	2015-03-27 16:04:18	MarkDuplicates	Tracking 9714 as yet unmatched pairs. 3552 records in RAM.
INFO	2015-03-27 16:05:34	MarkDuplicates	Read     2,000,000 records.  Elapsed time: 00:01:57s.  Time for last 1,000,000:   45s.  Last read position: chr1:180,803,112
INFO	2015-03-27 16:05:34	MarkDuplicates	Tracking 11693 as yet unmatched pairs. 1819 records in RAM.
INFO	2015-03-27 16:06:32	MarkDuplicates	Read     3,000,000 records.  Elapsed time: 00:03:13s.  Time for last 1,000,000:   76s.  Last read position: chr10:80,293,833
INFO	2015-03-27 16:06:32	MarkDuplicates	Tracking 13738 as yet unmatched pairs. 1344 records in RAM.
INFO	2015-03-27 16:07:33	MarkDuplicates	Read     4,000,000 records.  Elapsed time: 00:04:13s.  Time for last 1,000,000:   59s.  Last read position: chr11:3,969,433
INFO	2015-03-27 16:07:33	MarkDuplicates	Tracking 14751 as yet unmatched pairs. 1083 records in RAM.
INFO	2015-03-27 16:08:18	MarkDuplicates	Read     5,000,000 records.  Elapsed time: 00:05:10s.  Time for last 1,000,000:   56s.  Last read position: chr11:52,389,284
INFO	2015-03-27 16:08:18	MarkDuplicates	Tracking 16731 as yet unmatched pairs. 824 records in RAM.
INFO	2015-03-27 16:09:02	MarkDuplicates	Read     6,000,000 records.  Elapsed time: 00:05:55s.  Time for last 1,000,000:   44s.  Last read position: chr11:83,882,747
INFO	2015-03-27 16:09:02	MarkDuplicates	Tracking 17961 as yet unmatched pairs. 575 records in RAM.
INFO	2015-03-27 16:09:47	MarkDuplicates	Read     7,000,000 records.  Elapsed time: 00:06:30s.  Time for last 1,000,000:   35s.  Last read position: chr11:115,497,995
INFO	2015-03-27 16:09:47	MarkDuplicates	Tracking 20293 as yet unmatched pairs. 360 records in RAM.
INFO	2015-03-27 16:10:33	MarkDuplicates	Read     8,000,000 records.  Elapsed time: 00:07:24s.  Time for last 1,000,000:   53s.  Last read position: chr12:73,932,346
INFO	2015-03-27 16:10:33	MarkDuplicates	Tracking 24972 as yet unmatched pairs. 472 records in RAM.
INFO	2015-03-27 16:11:35	MarkDuplicates	Read     9,000,000 records.  Elapsed time: 00:08:10s.  Time for last 1,000,000:   46s.  Last read position: chr13:55,003,873
INFO	2015-03-27 16:11:35	MarkDuplicates	Tracking 27339 as yet unmatched pairs. 900 records in RAM.
INFO	2015-03-27 16:12:30	MarkDuplicates	Read    10,000,000 records.  Elapsed time: 00:09:11s.  Time for last 1,000,000:   60s.  Last read position: chr14:27,481,432
INFO	2015-03-27 16:12:30	MarkDuplicates	Tracking 29832 as yet unmatched pairs. 1477 records in RAM.
INFO	2015-03-27 16:13:08	MarkDuplicates	Read    11,000,000 records.  Elapsed time: 00:10:02s.  Time for last 1,000,000:   51s.  Last read position: chr15:8,093,737
INFO	2015-03-27 16:13:08	MarkDuplicates	Tracking 32864 as yet unmatched pairs. 1197 records in RAM.
INFO	2015-03-27 16:13:47	MarkDuplicates	Read    12,000,000 records.  Elapsed time: 00:10:41s.  Time for last 1,000,000:   39s.  Last read position: chr15:90,229,666
INFO	2015-03-27 16:13:47	MarkDuplicates	Tracking 33741 as yet unmatched pairs. 373 records in RAM.
INFO	2015-03-27 16:14:19	MarkDuplicates	Read    13,000,000 records.  Elapsed time: 00:11:15s.  Time for last 1,000,000:   34s.  Last read position: chr16:32,143,736
INFO	2015-03-27 16:14:19	MarkDuplicates	Tracking 34899 as yet unmatched pairs. 1119 records in RAM.
INFO	2015-03-27 16:14:57	MarkDuplicates	Read    14,000,000 records.  Elapsed time: 00:11:49s.  Time for last 1,000,000:   33s.  Last read position: chr17:26,017,243
INFO	2015-03-27 16:14:57	MarkDuplicates	Tracking 36172 as yet unmatched pairs. 1844 records in RAM.
INFO	2015-03-27 16:15:32	MarkDuplicates	Read    15,000,000 records.  Elapsed time: 00:12:26s.  Time for last 1,000,000:   36s.  Last read position: chr17:62,607,735
INFO	2015-03-27 16:15:32	MarkDuplicates	Tracking 37302 as yet unmatched pairs. 440 records in RAM.
INFO	2015-03-27 16:16:49	MarkDuplicates	Read    16,000,000 records.  Elapsed time: 00:13:27s.  Time for last 1,000,000:   61s.  Last read position: chr18:65,688,591
INFO	2015-03-27 16:16:49	MarkDuplicates	Tracking 38436 as yet unmatched pairs. 419 records in RAM.
INFO	2015-03-27 16:18:02	MarkDuplicates	Read    17,000,000 records.  Elapsed time: 00:14:47s.  Time for last 1,000,000:   79s.  Last read position: chr19:41,916,796
INFO	2015-03-27 16:18:02	MarkDuplicates	Tracking 39060 as yet unmatched pairs. 772 records in RAM.
INFO	2015-03-27 16:19:18	MarkDuplicates	Read    18,000,000 records.  Elapsed time: 00:15:57s.  Time for last 1,000,000:   70s.  Last read position: chr2:39,004,788
INFO	2015-03-27 16:19:18	MarkDuplicates	Tracking 39924 as yet unmatched pairs. 3630 records in RAM.
INFO	2015-03-27 16:20:37	MarkDuplicates	Read    19,000,000 records.  Elapsed time: 00:17:19s.  Time for last 1,000,000:   81s.  Last read position: chr2:128,634,441
INFO	2015-03-27 16:20:37	MarkDuplicates	Tracking 40045 as yet unmatched pairs. 1644 records in RAM.
INFO	2015-03-27 16:21:51	MarkDuplicates	Read    20,000,000 records.  Elapsed time: 00:18:32s.  Time for last 1,000,000:   73s.  Last read position: chr3:5,575,194
INFO	2015-03-27 16:21:51	MarkDuplicates	Tracking 40217 as yet unmatched pairs. 5969 records in RAM.
INFO	2015-03-27 16:23:04	MarkDuplicates	Read    21,000,000 records.  Elapsed time: 00:19:45s.  Time for last 1,000,000:   73s.  Last read position: chr3:100,685,009
INFO	2015-03-27 16:23:04	MarkDuplicates	Tracking 37338 as yet unmatched pairs. 1164 records in RAM.
INFO	2015-03-27 16:23:56	MarkDuplicates	Read    22,000,000 records.  Elapsed time: 00:20:36s.  Time for last 1,000,000:   50s.  Last read position: chr4:46,451,199
INFO	2015-03-27 16:24:02	MarkDuplicates	Tracking 36895 as yet unmatched pairs. 4844 records in RAM.
INFO	2015-03-27 16:24:46	MarkDuplicates	Read    23,000,000 records.  Elapsed time: 00:21:24s.  Time for last 1,000,000:   47s.  Last read position: chr4:130,531,820
INFO	2015-03-27 16:24:46	MarkDuplicates	Tracking 35542 as yet unmatched pairs. 1990 records in RAM.
INFO	2015-03-27 16:25:36	MarkDuplicates	Read    24,000,000 records.  Elapsed time: 00:22:19s.  Time for last 1,000,000:   55s.  Last read position: chr5:30,145,236
INFO	2015-03-27 16:25:36	MarkDuplicates	Tracking 35283 as yet unmatched pairs. 4048 records in RAM.
INFO	2015-03-27 16:26:21	MarkDuplicates	Read    25,000,000 records.  Elapsed time: 00:23:15s.  Time for last 1,000,000:   56s.  Last read position: chr5:115,560,854
INFO	2015-03-27 16:26:21	MarkDuplicates	Tracking 36695 as yet unmatched pairs. 4346 records in RAM.
INFO	2015-03-27 16:27:17	MarkDuplicates	Read    26,000,000 records.  Elapsed time: 00:24:09s.  Time for last 1,000,000:   53s.  Last read position: chr5:147,562,372
INFO	2015-03-27 16:27:17	MarkDuplicates	Tracking 33374 as yet unmatched pairs. 223 records in RAM.
INFO	2015-03-27 16:28:23	MarkDuplicates	Read    27,000,000 records.  Elapsed time: 00:25:10s.  Time for last 1,000,000:   60s.  Last read position: chr6:83,954,739
INFO	2015-03-27 16:28:23	MarkDuplicates	Tracking 29191 as yet unmatched pairs. 3592 records in RAM.
INFO	2015-03-27 16:29:27	MarkDuplicates	Read    28,000,000 records.  Elapsed time: 00:26:20s.  Time for last 1,000,000:   70s.  Last read position: chr7:5,017,663
INFO	2015-03-27 16:29:27	MarkDuplicates	Tracking 26101 as yet unmatched pairs. 6703 records in RAM.
INFO	2015-03-27 16:30:08	MarkDuplicates	Read    29,000,000 records.  Elapsed time: 00:27:03s.  Time for last 1,000,000:   43s.  Last read position: chr7:66,070,194
INFO	2015-03-27 16:30:08	MarkDuplicates	Tracking 23245 as yet unmatched pairs. 3362 records in RAM.
INFO	2015-03-27 16:30:29	MarkDuplicates	Read    30,000,000 records.  Elapsed time: 00:27:22s.  Time for last 1,000,000:   18s.  Last read position: chr7:123,170,188
INFO	2015-03-27 16:30:29	MarkDuplicates	Tracking 21263 as yet unmatched pairs. 1008 records in RAM.
INFO	2015-03-27 16:31:45	MarkDuplicates	Read    31,000,000 records.  Elapsed time: 00:28:21s.  Time for last 1,000,000:   59s.  Last read position: chr8:23,448,151
INFO	2015-03-27 16:31:45	MarkDuplicates	Tracking 19971 as yet unmatched pairs. 5564 records in RAM.
INFO	2015-03-27 16:32:44	MarkDuplicates	Read    32,000,000 records.  Elapsed time: 00:29:15s.  Time for last 1,000,000:   53s.  Last read position: chr8:106,917,602
INFO	2015-03-27 16:32:44	MarkDuplicates	Tracking 16393 as yet unmatched pairs. 1417 records in RAM.
INFO	2015-03-27 16:33:07	MarkDuplicates	Read    33,000,000 records.  Elapsed time: 00:30:01s.  Time for last 1,000,000:   45s.  Last read position: chr9:45,938,185
INFO	2015-03-27 16:33:07	MarkDuplicates	Tracking 12525 as yet unmatched pairs. 5344 records in RAM.
INFO	2015-03-27 16:34:02	MarkDuplicates	Read    34,000,000 records.  Elapsed time: 00:30:49s.  Time for last 1,000,000:   48s.  Last read position: chr9:78,480,259
INFO	2015-03-27 16:34:02	MarkDuplicates	Tracking 20418 as yet unmatched pairs. 12932 records in RAM.
INFO	2015-03-27 16:35:00	MarkDuplicates	Read    35,000,000 records.  Elapsed time: 00:31:33s.  Time for last 1,000,000:   43s.  Last read position: chrM:4,321
INFO	2015-03-27 16:35:00	MarkDuplicates	Tracking 10028 as yet unmatched pairs. 4689 records in RAM.
INFO	2015-03-27 16:35:58	MarkDuplicates	Read    36,000,000 records.  Elapsed time: 00:32:34s.  Time for last 1,000,000:   60s.  Last read position: chrM:14,216
INFO	2015-03-27 16:35:58	MarkDuplicates	Tracking 11197 as yet unmatched pairs. 5838 records in RAM.
INFO	2015-03-27 16:36:50	MarkDuplicates	Read    37,000,000 records.  Elapsed time: 00:33:26s.  Time for last 1,000,000:   52s.  Last read position: chrX:134,606,667
INFO	2015-03-27 16:36:50	MarkDuplicates	Tracking 1997 as yet unmatched pairs. 1091 records in RAM.
INFO	2015-03-27 16:37:18	MarkDuplicates	Read 37353225 records. 0 pairs never matched.
INFO	2015-03-27 16:37:33	MarkDuplicates	After buildSortedReadEndLists freeMemory: 6843308488; totalMemory: 12786663424; maxMemory: 38177538048
INFO	2015-03-27 16:37:33	MarkDuplicates	Will retain up to 1193048064 duplicate indices before spilling to disk.
INFO	2015-03-27 16:38:43	MarkDuplicates	Traversing read pair information and detecting duplicates.
INFO	2015-03-27 16:39:09	MarkDuplicates	Traversing fragment information and detecting duplicates.
INFO	2015-03-27 16:39:51	MarkDuplicates	Sorting list of duplicate records.
INFO	2015-03-27 16:39:58	MarkDuplicates	After generateDuplicateIndexes freeMemory: 13373833792; totalMemory: 23058644992; maxMemory: 38177538048
INFO	2015-03-27 16:39:58	MarkDuplicates	Marking 3903425 records as duplicates.
INFO	2015-03-27 16:39:58	MarkDuplicates	Found 4215 optical duplicate clusters.
INFO	2015-03-27 16:50:15	MarkDuplicates	Written    10,000,000 records.  Elapsed time: 00:10:16s.  Time for last 10,000,000:  616s.  Last read position: chr14:27,481,432
INFO	2015-03-27 16:59:55	MarkDuplicates	Written    20,000,000 records.  Elapsed time: 00:19:54s.  Time for last 10,000,000:  577s.  Last read position: chr3:5,575,194
INFO	2015-03-27 17:07:13	MarkDuplicates	Written    30,000,000 records.  Elapsed time: 00:27:14s.  Time for last 10,000,000:  440s.  Last read position: chr7:123,170,188
INFO	2015-03-27 17:12:05	MarkDuplicates	Before output close freeMemory: 24739648552; totalMemory: 24919015424; maxMemory: 38177538048
INFO	2015-03-27 17:12:06	MarkDuplicates	After output close freeMemory: 24577272024; totalMemory: 24756420608; maxMemory: 38177538048
[Fri Mar 27 17:12:06 EDT 2015] net.sf.picard.sam.MarkDuplicates done. Elapsed time: 69.11 minutes.
Runtime.totalMemory()=24756420608
