[Fri Mar 27 18:45:48 EDT 2015] net.sf.picard.sam.MarkDuplicates INPUT=[/n/rinn_data1/users/agroff/seq/OtherMice/Diana/lincP21/bam/Lung_WT1/accepted_hits_sorted_picard.bam] OUTPUT=/n/rinn_data1/users/agroff/seq/OtherMice/Diana/lincP21/bam/Lung_WT1/accepted_hits_sorted_duplicates_marked.bam METRICS_FILE=dup_metrics.txt    PROGRAM_RECORD_ID=MarkDuplicates PROGRAM_GROUP_NAME=MarkDuplicates REMOVE_DUPLICATES=false ASSUME_SORTED=false MAX_SEQUENCES_FOR_DISK_READ_ENDS_MAP=50000 MAX_FILE_HANDLES_FOR_READ_ENDS_MAP=8000 SORTING_COLLECTION_SIZE_RATIO=0.25 READ_NAME_REGEX=[a-zA-Z0-9]+:[0-9]:([0-9]+):([0-9]+):([0-9]+).* OPTICAL_DUPLICATE_PIXEL_DISTANCE=100 VERBOSITY=INFO QUIET=false VALIDATION_STRINGENCY=STRICT COMPRESSION_LEVEL=5 MAX_RECORDS_IN_RAM=500000 CREATE_INDEX=false CREATE_MD5_FILE=false
[Fri Mar 27 18:45:48 EDT 2015] Executing as agroff@holy2a11103.rc.fas.harvard.edu on Linux 2.6.32-431.17.1.el6.x86_64 amd64; Java HotSpot(TM) 64-Bit Server VM 1.6.0_11-b03; Picard version: 1.98(1547)
INFO	2015-03-27 18:45:48	MarkDuplicates	Start of doWork freeMemory: 8629072; totalMemory: 9109504; maxMemory: 38177538048
INFO	2015-03-27 18:45:48	MarkDuplicates	Reading input file and constructing read end information.
INFO	2015-03-27 18:45:48	MarkDuplicates	Will retain up to 151498166 data points before spilling to disk.
INFO	2015-03-27 18:47:28	MarkDuplicates	Read     1,000,000 records.  Elapsed time: 00:01:34s.  Time for last 1,000,000:   94s.  Last read position: chr1:82,875,335
INFO	2015-03-27 18:47:28	MarkDuplicates	Tracking 8190 as yet unmatched pairs. 145 records in RAM.
INFO	2015-03-27 18:48:05	MarkDuplicates	Read     2,000,000 records.  Elapsed time: 00:02:15s.  Time for last 1,000,000:   40s.  Last read position: chr1:170,879,783
INFO	2015-03-27 18:48:05	MarkDuplicates	Tracking 12865 as yet unmatched pairs. 87 records in RAM.
INFO	2015-03-27 18:48:36	MarkDuplicates	Read     3,000,000 records.  Elapsed time: 00:02:43s.  Time for last 1,000,000:   28s.  Last read position: chr10:70,192,988
INFO	2015-03-27 18:48:36	MarkDuplicates	Tracking 16392 as yet unmatched pairs. 475 records in RAM.
INFO	2015-03-27 18:49:05	MarkDuplicates	Read     4,000,000 records.  Elapsed time: 00:03:13s.  Time for last 1,000,000:   29s.  Last read position: chr10:117,761,285
INFO	2015-03-27 18:49:05	MarkDuplicates	Tracking 18571 as yet unmatched pairs. 169 records in RAM.
INFO	2015-03-27 18:49:31	MarkDuplicates	Read     5,000,000 records.  Elapsed time: 00:03:41s.  Time for last 1,000,000:   27s.  Last read position: chr11:29,546,753
INFO	2015-03-27 18:49:31	MarkDuplicates	Tracking 27314 as yet unmatched pairs. 6153 records in RAM.
INFO	2015-03-27 18:49:56	MarkDuplicates	Read     6,000,000 records.  Elapsed time: 00:04:03s.  Time for last 1,000,000:   22s.  Last read position: chr11:61,488,162
INFO	2015-03-27 18:49:56	MarkDuplicates	Tracking 23998 as yet unmatched pairs. 1454 records in RAM.
INFO	2015-03-27 18:50:24	MarkDuplicates	Read     7,000,000 records.  Elapsed time: 00:04:31s.  Time for last 1,000,000:   27s.  Last read position: chr11:87,611,872
INFO	2015-03-27 18:50:24	MarkDuplicates	Tracking 25595 as yet unmatched pairs. 627 records in RAM.
INFO	2015-03-27 18:50:54	MarkDuplicates	Read     8,000,000 records.  Elapsed time: 00:05:03s.  Time for last 1,000,000:   32s.  Last read position: chr11:115,417,867
INFO	2015-03-27 18:50:54	MarkDuplicates	Tracking 28679 as yet unmatched pairs. 976 records in RAM.
INFO	2015-03-27 18:51:18	MarkDuplicates	Read     9,000,000 records.  Elapsed time: 00:05:26s.  Time for last 1,000,000:   22s.  Last read position: chr12:58,268,520
INFO	2015-03-27 18:51:18	MarkDuplicates	Tracking 31524 as yet unmatched pairs. 841 records in RAM.
INFO	2015-03-27 18:51:47	MarkDuplicates	Read    10,000,000 records.  Elapsed time: 00:05:53s.  Time for last 1,000,000:   27s.  Last read position: chr13:21,496,787
INFO	2015-03-27 18:51:47	MarkDuplicates	Tracking 35311 as yet unmatched pairs. 1462 records in RAM.
INFO	2015-03-27 18:52:07	MarkDuplicates	Read    11,000,000 records.  Elapsed time: 00:06:13s.  Time for last 1,000,000:   19s.  Last read position: chr13:111,488,030
INFO	2015-03-27 18:52:07	MarkDuplicates	Tracking 39384 as yet unmatched pairs. 212 records in RAM.
INFO	2015-03-27 18:52:33	MarkDuplicates	Read    12,000,000 records.  Elapsed time: 00:06:42s.  Time for last 1,000,000:   28s.  Last read position: chr14:61,379,374
INFO	2015-03-27 18:52:33	MarkDuplicates	Tracking 42425 as yet unmatched pairs. 1005 records in RAM.
INFO	2015-03-27 18:53:11	MarkDuplicates	Read    13,000,000 records.  Elapsed time: 00:07:20s.  Time for last 1,000,000:   38s.  Last read position: chr15:58,134,871
INFO	2015-03-27 18:53:11	MarkDuplicates	Tracking 44490 as yet unmatched pairs. 980 records in RAM.
INFO	2015-03-27 18:53:32	MarkDuplicates	Read    14,000,000 records.  Elapsed time: 00:07:42s.  Time for last 1,000,000:   21s.  Last read position: chr15:99,037,218
INFO	2015-03-27 18:53:32	MarkDuplicates	Tracking 48283 as yet unmatched pairs. 3025 records in RAM.
INFO	2015-03-27 18:53:57	MarkDuplicates	Read    15,000,000 records.  Elapsed time: 00:08:06s.  Time for last 1,000,000:   24s.  Last read position: chr16:37,886,198
INFO	2015-03-27 18:53:57	MarkDuplicates	Tracking 46886 as yet unmatched pairs. 1593 records in RAM.
INFO	2015-03-27 18:54:13	MarkDuplicates	Read    16,000,000 records.  Elapsed time: 00:08:22s.  Time for last 1,000,000:   15s.  Last read position: chr17:26,543,265
INFO	2015-03-27 18:54:13	MarkDuplicates	Tracking 48537 as yet unmatched pairs. 2821 records in RAM.
INFO	2015-03-27 18:54:32	MarkDuplicates	Read    17,000,000 records.  Elapsed time: 00:08:41s.  Time for last 1,000,000:   19s.  Last read position: chr17:55,653,055
INFO	2015-03-27 18:54:32	MarkDuplicates	Tracking 49600 as yet unmatched pairs. 772 records in RAM.
INFO	2015-03-27 18:55:00	MarkDuplicates	Read    18,000,000 records.  Elapsed time: 00:09:07s.  Time for last 1,000,000:   25s.  Last read position: chr18:50,195,901
INFO	2015-03-27 18:55:00	MarkDuplicates	Tracking 51268 as yet unmatched pairs. 1429 records in RAM.
INFO	2015-03-27 18:55:20	MarkDuplicates	Read    19,000,000 records.  Elapsed time: 00:09:29s.  Time for last 1,000,000:   22s.  Last read position: chr19:9,017,588
INFO	2015-03-27 18:55:20	MarkDuplicates	Tracking 50938 as yet unmatched pairs. 1568 records in RAM.
INFO	2015-03-27 18:55:47	MarkDuplicates	Read    20,000,000 records.  Elapsed time: 00:09:55s.  Time for last 1,000,000:   26s.  Last read position: chr2:26,441,222
INFO	2015-03-27 18:55:47	MarkDuplicates	Tracking 51478 as yet unmatched pairs. 4566 records in RAM.
INFO	2015-03-27 18:56:07	MarkDuplicates	Read    21,000,000 records.  Elapsed time: 00:10:17s.  Time for last 1,000,000:   21s.  Last read position: chr2:91,056,959
INFO	2015-03-27 18:56:07	MarkDuplicates	Tracking 52651 as yet unmatched pairs. 3059 records in RAM.
INFO	2015-03-27 18:56:25	MarkDuplicates	Read    22,000,000 records.  Elapsed time: 00:10:32s.  Time for last 1,000,000:   15s.  Last read position: chr2:155,250,088
INFO	2015-03-27 18:56:25	MarkDuplicates	Tracking 52268 as yet unmatched pairs. 1314 records in RAM.
INFO	2015-03-27 18:57:10	MarkDuplicates	Read    23,000,000 records.  Elapsed time: 00:11:19s.  Time for last 1,000,000:   47s.  Last read position: chr3:54,376,697
INFO	2015-03-27 18:57:10	MarkDuplicates	Tracking 50636 as yet unmatched pairs. 4532 records in RAM.
INFO	2015-03-27 18:57:34	MarkDuplicates	Read    24,000,000 records.  Elapsed time: 00:11:43s.  Time for last 1,000,000:   24s.  Last read position: chr3:116,493,052
INFO	2015-03-27 18:57:34	MarkDuplicates	Tracking 48530 as yet unmatched pairs. 1293 records in RAM.
INFO	2015-03-27 18:57:51	MarkDuplicates	Read    25,000,000 records.  Elapsed time: 00:11:59s.  Time for last 1,000,000:   15s.  Last read position: chr4:55,370,423
INFO	2015-03-27 18:57:51	MarkDuplicates	Tracking 48566 as yet unmatched pairs. 5878 records in RAM.
INFO	2015-03-27 18:58:22	MarkDuplicates	Read    26,000,000 records.  Elapsed time: 00:12:29s.  Time for last 1,000,000:   30s.  Last read position: chr4:129,620,220
INFO	2015-03-27 18:58:22	MarkDuplicates	Tracking 46620 as yet unmatched pairs. 2424 records in RAM.
INFO	2015-03-27 18:58:37	MarkDuplicates	Read    27,000,000 records.  Elapsed time: 00:12:47s.  Time for last 1,000,000:   17s.  Last read position: chr5:21,005,371
INFO	2015-03-27 18:58:37	MarkDuplicates	Tracking 47496 as yet unmatched pairs. 6269 records in RAM.
INFO	2015-03-27 18:59:06	MarkDuplicates	Read    28,000,000 records.  Elapsed time: 00:13:15s.  Time for last 1,000,000:   27s.  Last read position: chr5:108,124,110
INFO	2015-03-27 18:59:06	MarkDuplicates	Tracking 46026 as yet unmatched pairs. 3315 records in RAM.
INFO	2015-03-27 18:59:38	MarkDuplicates	Read    29,000,000 records.  Elapsed time: 00:13:45s.  Time for last 1,000,000:   30s.  Last read position: chr5:137,759,288
INFO	2015-03-27 18:59:38	MarkDuplicates	Tracking 44575 as yet unmatched pairs. 765 records in RAM.
INFO	2015-03-27 18:59:58	MarkDuplicates	Read    30,000,000 records.  Elapsed time: 00:14:05s.  Time for last 1,000,000:   19s.  Last read position: chr6:50,019,013
INFO	2015-03-27 18:59:58	MarkDuplicates	Tracking 41150 as yet unmatched pairs. 5335 records in RAM.
INFO	2015-03-27 19:00:18	MarkDuplicates	Read    31,000,000 records.  Elapsed time: 00:14:27s.  Time for last 1,000,000:   22s.  Last read position: chr6:125,102,998
INFO	2015-03-27 19:00:18	MarkDuplicates	Tracking 38375 as yet unmatched pairs. 1843 records in RAM.
INFO	2015-03-27 19:00:35	MarkDuplicates	Read    32,000,000 records.  Elapsed time: 00:14:42s.  Time for last 1,000,000:   15s.  Last read position: chr7:28,363,519
INFO	2015-03-27 19:00:35	MarkDuplicates	Tracking 35088 as yet unmatched pairs. 6888 records in RAM.
INFO	2015-03-27 19:01:19	MarkDuplicates	Read    33,000,000 records.  Elapsed time: 00:15:26s.  Time for last 1,000,000:   44s.  Last read position: chr7:99,346,972
INFO	2015-03-27 19:01:19	MarkDuplicates	Tracking 33214 as yet unmatched pairs. 4390 records in RAM.
INFO	2015-03-27 19:01:35	MarkDuplicates	Read    34,000,000 records.  Elapsed time: 00:15:44s.  Time for last 1,000,000:   17s.  Last read position: chr7:127,019,602
INFO	2015-03-27 19:01:35	MarkDuplicates	Tracking 30366 as yet unmatched pairs. 1246 records in RAM.
INFO	2015-03-27 19:01:53	MarkDuplicates	Read    35,000,000 records.  Elapsed time: 00:16:00s.  Time for last 1,000,000:   16s.  Last read position: chr8:27,123,089
INFO	2015-03-27 19:01:53	MarkDuplicates	Tracking 28673 as yet unmatched pairs. 7396 records in RAM.
INFO	2015-03-27 19:02:27	MarkDuplicates	Read    36,000,000 records.  Elapsed time: 00:16:35s.  Time for last 1,000,000:   34s.  Last read position: chr8:105,676,001
INFO	2015-03-27 19:02:27	MarkDuplicates	Tracking 24632 as yet unmatched pairs. 2752 records in RAM.
INFO	2015-03-27 19:02:44	MarkDuplicates	Read    37,000,000 records.  Elapsed time: 00:16:53s.  Time for last 1,000,000:   18s.  Last read position: chr9:40,804,607
INFO	2015-03-27 19:02:44	MarkDuplicates	Tracking 22812 as yet unmatched pairs. 12567 records in RAM.
INFO	2015-03-27 19:03:20	MarkDuplicates	Read    38,000,000 records.  Elapsed time: 00:17:28s.  Time for last 1,000,000:   34s.  Last read position: chr9:75,532,503
INFO	2015-03-27 19:03:20	MarkDuplicates	Tracking 17436 as yet unmatched pairs. 6563 records in RAM.
INFO	2015-03-27 19:03:38	MarkDuplicates	Read    39,000,000 records.  Elapsed time: 00:17:44s.  Time for last 1,000,000:   15s.  Last read position: chr9:110,082,036
INFO	2015-03-27 19:03:38	MarkDuplicates	Tracking 13508 as yet unmatched pairs. 2554 records in RAM.
INFO	2015-03-27 19:03:59	MarkDuplicates	Read    40,000,000 records.  Elapsed time: 00:18:06s.  Time for last 1,000,000:   21s.  Last read position: chrM:6,644
INFO	2015-03-27 19:03:59	MarkDuplicates	Tracking 25135 as yet unmatched pairs. 18472 records in RAM.
INFO	2015-03-27 19:04:15	MarkDuplicates	Read    41,000,000 records.  Elapsed time: 00:18:23s.  Time for last 1,000,000:   17s.  Last read position: chrM:14,325
INFO	2015-03-27 19:04:15	MarkDuplicates	Tracking 13258 as yet unmatched pairs. 6553 records in RAM.
INFO	2015-03-27 19:04:30	MarkDuplicates	Read    42,000,000 records.  Elapsed time: 00:18:39s.  Time for last 1,000,000:   16s.  Last read position: chrX:102,185,008
INFO	2015-03-27 19:04:30	MarkDuplicates	Tracking 4815 as yet unmatched pairs. 4078 records in RAM.
INFO	2015-03-27 19:05:01	MarkDuplicates	Read 42696872 records. 0 pairs never matched.
INFO	2015-03-27 19:05:15	MarkDuplicates	After buildSortedReadEndLists freeMemory: 9121956648; totalMemory: 15610609664; maxMemory: 38177538048
INFO	2015-03-27 19:05:15	MarkDuplicates	Will retain up to 1193048064 duplicate indices before spilling to disk.
INFO	2015-03-27 19:05:21	MarkDuplicates	Traversing read pair information and detecting duplicates.
INFO	2015-03-27 19:05:53	MarkDuplicates	Traversing fragment information and detecting duplicates.
INFO	2015-03-27 19:06:58	MarkDuplicates	Sorting list of duplicate records.
INFO	2015-03-27 19:07:15	MarkDuplicates	After generateDuplicateIndexes freeMemory: 16490070056; totalMemory: 26227834880; maxMemory: 38177538048
INFO	2015-03-27 19:07:15	MarkDuplicates	Marking 6437388 records as duplicates.
INFO	2015-03-27 19:07:15	MarkDuplicates	Found 8557 optical duplicate clusters.
INFO	2015-03-27 19:18:05	MarkDuplicates	Written    10,000,000 records.  Elapsed time: 00:10:49s.  Time for last 10,000,000:  649s.  Last read position: chr13:21,496,787
INFO	2015-03-27 19:29:29	MarkDuplicates	Written    20,000,000 records.  Elapsed time: 00:22:14s.  Time for last 10,000,000:  684s.  Last read position: chr2:26,441,222
INFO	2015-03-27 19:40:17	MarkDuplicates	Written    30,000,000 records.  Elapsed time: 00:33:02s.  Time for last 10,000,000:  647s.  Last read position: chr6:50,019,013
INFO	2015-03-27 19:50:51	MarkDuplicates	Written    40,000,000 records.  Elapsed time: 00:43:35s.  Time for last 10,000,000:  633s.  Last read position: chrM:6,644
INFO	2015-03-27 19:53:31	MarkDuplicates	Before output close freeMemory: 28777761328; totalMemory: 29028974592; maxMemory: 38177538048
INFO	2015-03-27 19:53:39	MarkDuplicates	After output close freeMemory: 28538292640; totalMemory: 28789506048; maxMemory: 38177538048
[Fri Mar 27 19:53:40 EDT 2015] net.sf.picard.sam.MarkDuplicates done. Elapsed time: 67.85 minutes.
Runtime.totalMemory()=28789506048
