[Fri Mar 27 17:00:04 EDT 2015] net.sf.picard.sam.MarkDuplicates INPUT=[/n/rinn_data1/users/agroff/seq/OtherMice/Diana/lincP21/bam/Leg_WT4/accepted_hits_sorted_picard.bam] OUTPUT=/n/rinn_data1/users/agroff/seq/OtherMice/Diana/lincP21/bam/Leg_WT4/accepted_hits_sorted_duplicates_marked.bam METRICS_FILE=dup_metrics.txt    PROGRAM_RECORD_ID=MarkDuplicates PROGRAM_GROUP_NAME=MarkDuplicates REMOVE_DUPLICATES=false ASSUME_SORTED=false MAX_SEQUENCES_FOR_DISK_READ_ENDS_MAP=50000 MAX_FILE_HANDLES_FOR_READ_ENDS_MAP=8000 SORTING_COLLECTION_SIZE_RATIO=0.25 READ_NAME_REGEX=[a-zA-Z0-9]+:[0-9]:([0-9]+):([0-9]+):([0-9]+).* OPTICAL_DUPLICATE_PIXEL_DISTANCE=100 VERBOSITY=INFO QUIET=false VALIDATION_STRINGENCY=STRICT COMPRESSION_LEVEL=5 MAX_RECORDS_IN_RAM=500000 CREATE_INDEX=false CREATE_MD5_FILE=false
[Fri Mar 27 17:00:04 EDT 2015] Executing as agroff@holy2a11103.rc.fas.harvard.edu on Linux 2.6.32-431.17.1.el6.x86_64 amd64; Java HotSpot(TM) 64-Bit Server VM 1.6.0_11-b03; Picard version: 1.98(1547)
INFO	2015-03-27 17:00:04	MarkDuplicates	Start of doWork freeMemory: 8629096; totalMemory: 9109504; maxMemory: 38177538048
INFO	2015-03-27 17:00:04	MarkDuplicates	Reading input file and constructing read end information.
INFO	2015-03-27 17:00:04	MarkDuplicates	Will retain up to 151498166 data points before spilling to disk.
INFO	2015-03-27 17:02:05	MarkDuplicates	Read     1,000,000 records.  Elapsed time: 00:01:55s.  Time for last 1,000,000:  115s.  Last read position: chr1:58,844,422
INFO	2015-03-27 17:02:05	MarkDuplicates	Tracking 8433 as yet unmatched pairs. 153 records in RAM.
INFO	2015-03-27 17:02:49	MarkDuplicates	Read     2,000,000 records.  Elapsed time: 00:02:40s.  Time for last 1,000,000:   44s.  Last read position: chr1:128,258,833
INFO	2015-03-27 17:02:49	MarkDuplicates	Tracking 12098 as yet unmatched pairs. 268 records in RAM.
INFO	2015-03-27 17:03:23	MarkDuplicates	Read     3,000,000 records.  Elapsed time: 00:03:16s.  Time for last 1,000,000:   36s.  Last read position: chr1:181,095,294
INFO	2015-03-27 17:03:23	MarkDuplicates	Tracking 14731 as yet unmatched pairs. 105 records in RAM.
INFO	2015-03-27 17:03:56	MarkDuplicates	Read     4,000,000 records.  Elapsed time: 00:03:49s.  Time for last 1,000,000:   32s.  Last read position: chr10:67,547,827
INFO	2015-03-27 17:03:56	MarkDuplicates	Tracking 17690 as yet unmatched pairs. 465 records in RAM.
INFO	2015-03-27 17:04:24	MarkDuplicates	Read     5,000,000 records.  Elapsed time: 00:04:17s.  Time for last 1,000,000:   28s.  Last read position: chr10:93,483,021
INFO	2015-03-27 17:04:24	MarkDuplicates	Tracking 19357 as yet unmatched pairs. 513 records in RAM.
INFO	2015-03-27 17:04:47	MarkDuplicates	Read     6,000,000 records.  Elapsed time: 00:04:39s.  Time for last 1,000,000:   22s.  Last read position: chr11:5,717,815
INFO	2015-03-27 17:04:47	MarkDuplicates	Tracking 21223 as yet unmatched pairs. 1212 records in RAM.
INFO	2015-03-27 17:05:14	MarkDuplicates	Read     7,000,000 records.  Elapsed time: 00:05:04s.  Time for last 1,000,000:   25s.  Last read position: chr11:35,788,669
INFO	2015-03-27 17:05:14	MarkDuplicates	Tracking 23134 as yet unmatched pairs. 1159 records in RAM.
INFO	2015-03-27 17:05:39	MarkDuplicates	Read     8,000,000 records.  Elapsed time: 00:05:32s.  Time for last 1,000,000:   27s.  Last read position: chr11:68,812,997
INFO	2015-03-27 17:05:39	MarkDuplicates	Tracking 24553 as yet unmatched pairs. 1180 records in RAM.
INFO	2015-03-27 17:06:03	MarkDuplicates	Read     9,000,000 records.  Elapsed time: 00:05:54s.  Time for last 1,000,000:   22s.  Last read position: chr11:88,050,193
INFO	2015-03-27 17:06:03	MarkDuplicates	Tracking 26231 as yet unmatched pairs. 1049 records in RAM.
INFO	2015-03-27 17:06:32	MarkDuplicates	Read    10,000,000 records.  Elapsed time: 00:06:23s.  Time for last 1,000,000:   28s.  Last read position: chr11:106,264,672
INFO	2015-03-27 17:06:32	MarkDuplicates	Tracking 27489 as yet unmatched pairs. 501 records in RAM.
INFO	2015-03-27 17:06:51	MarkDuplicates	Read    11,000,000 records.  Elapsed time: 00:06:42s.  Time for last 1,000,000:   19s.  Last read position: chr12:17,274,447
INFO	2015-03-27 17:06:51	MarkDuplicates	Tracking 30652 as yet unmatched pairs. 2868 records in RAM.
INFO	2015-03-27 17:07:16	MarkDuplicates	Read    12,000,000 records.  Elapsed time: 00:07:06s.  Time for last 1,000,000:   24s.  Last read position: chr12:87,455,606
INFO	2015-03-27 17:07:16	MarkDuplicates	Tracking 35217 as yet unmatched pairs. 1692 records in RAM.
INFO	2015-03-27 17:07:44	MarkDuplicates	Read    13,000,000 records.  Elapsed time: 00:07:34s.  Time for last 1,000,000:   27s.  Last read position: chr13:34,034,784
INFO	2015-03-27 17:07:44	MarkDuplicates	Tracking 36138 as yet unmatched pairs. 1217 records in RAM.
INFO	2015-03-27 17:08:03	MarkDuplicates	Read    14,000,000 records.  Elapsed time: 00:07:55s.  Time for last 1,000,000:   20s.  Last read position: chr13:92,505,683
INFO	2015-03-27 17:08:03	MarkDuplicates	Tracking 38977 as yet unmatched pairs. 314 records in RAM.
INFO	2015-03-27 17:08:28	MarkDuplicates	Read    15,000,000 records.  Elapsed time: 00:08:21s.  Time for last 1,000,000:   25s.  Last read position: chr14:34,412,131
INFO	2015-03-27 17:08:28	MarkDuplicates	Tracking 40533 as yet unmatched pairs. 1647 records in RAM.
INFO	2015-03-27 17:08:46	MarkDuplicates	Read    16,000,000 records.  Elapsed time: 00:08:39s.  Time for last 1,000,000:   18s.  Last read position: chr14:101,443,988
INFO	2015-03-27 17:08:46	MarkDuplicates	Tracking 43627 as yet unmatched pairs. 453 records in RAM.
INFO	2015-03-27 17:09:14	MarkDuplicates	Read    17,000,000 records.  Elapsed time: 00:09:06s.  Time for last 1,000,000:   26s.  Last read position: chr15:76,906,198
INFO	2015-03-27 17:09:14	MarkDuplicates	Tracking 44799 as yet unmatched pairs. 884 records in RAM.
INFO	2015-03-27 17:09:31	MarkDuplicates	Read    18,000,000 records.  Elapsed time: 00:09:22s.  Time for last 1,000,000:   16s.  Last read position: chr15:98,950,631
INFO	2015-03-27 17:09:31	MarkDuplicates	Tracking 48705 as yet unmatched pairs. 3450 records in RAM.
INFO	2015-03-27 17:09:57	MarkDuplicates	Read    19,000,000 records.  Elapsed time: 00:09:48s.  Time for last 1,000,000:   25s.  Last read position: chr16:22,246,502
INFO	2015-03-27 17:09:57	MarkDuplicates	Tracking 47350 as yet unmatched pairs. 2130 records in RAM.
INFO	2015-03-27 17:10:14	MarkDuplicates	Read    20,000,000 records.  Elapsed time: 00:10:05s.  Time for last 1,000,000:   17s.  Last read position: chr17:6,438,285
INFO	2015-03-27 17:10:14	MarkDuplicates	Tracking 48506 as yet unmatched pairs. 3867 records in RAM.
INFO	2015-03-27 17:10:30	MarkDuplicates	Read    21,000,000 records.  Elapsed time: 00:10:20s.  Time for last 1,000,000:   15s.  Last read position: chr17:33,677,281
INFO	2015-03-27 17:10:30	MarkDuplicates	Tracking 49146 as yet unmatched pairs. 2310 records in RAM.
INFO	2015-03-27 17:10:58	MarkDuplicates	Read    22,000,000 records.  Elapsed time: 00:10:51s.  Time for last 1,000,000:   30s.  Last read position: chr17:65,580,827
INFO	2015-03-27 17:10:58	MarkDuplicates	Tracking 50718 as yet unmatched pairs. 803 records in RAM.
INFO	2015-03-27 17:11:16	MarkDuplicates	Read    23,000,000 records.  Elapsed time: 00:11:09s.  Time for last 1,000,000:   17s.  Last read position: chr18:43,361,014
INFO	2015-03-27 17:11:16	MarkDuplicates	Tracking 51785 as yet unmatched pairs. 1529 records in RAM.
INFO	2015-03-27 17:11:44	MarkDuplicates	Read    24,000,000 records.  Elapsed time: 00:11:37s.  Time for last 1,000,000:   28s.  Last read position: chr19:6,058,494
INFO	2015-03-27 17:11:44	MarkDuplicates	Tracking 53952 as yet unmatched pairs. 3599 records in RAM.
INFO	2015-03-27 17:12:00	MarkDuplicates	Read    25,000,000 records.  Elapsed time: 00:11:50s.  Time for last 1,000,000:   12s.  Last read position: chr19:47,513,967
INFO	2015-03-27 17:12:00	MarkDuplicates	Tracking 52082 as yet unmatched pairs. 295 records in RAM.
INFO	2015-03-27 17:12:33	MarkDuplicates	Read    26,000,000 records.  Elapsed time: 00:12:18s.  Time for last 1,000,000:   27s.  Last read position: chr2:32,962,583
INFO	2015-03-27 17:12:33	MarkDuplicates	Tracking 55312 as yet unmatched pairs. 6842 records in RAM.
INFO	2015-03-27 17:13:18	MarkDuplicates	Read    27,000,000 records.  Elapsed time: 00:13:06s.  Time for last 1,000,000:   47s.  Last read position: chr2:103,769,546
INFO	2015-03-27 17:13:18	MarkDuplicates	Tracking 53822 as yet unmatched pairs. 3451 records in RAM.
INFO	2015-03-27 17:13:52	MarkDuplicates	Read    28,000,000 records.  Elapsed time: 00:13:37s.  Time for last 1,000,000:   31s.  Last read position: chr2:153,397,846
INFO	2015-03-27 17:13:52	MarkDuplicates	Tracking 53137 as yet unmatched pairs. 1627 records in RAM.
INFO	2015-03-27 17:14:26	MarkDuplicates	Read    29,000,000 records.  Elapsed time: 00:14:13s.  Time for last 1,000,000:   35s.  Last read position: chr2:180,974,101
INFO	2015-03-27 17:14:26	MarkDuplicates	Tracking 53519 as yet unmatched pairs. 259 records in RAM.
INFO	2015-03-27 17:15:01	MarkDuplicates	Read    30,000,000 records.  Elapsed time: 00:14:43s.  Time for last 1,000,000:   30s.  Last read position: chr3:88,537,664
INFO	2015-03-27 17:15:01	MarkDuplicates	Tracking 49798 as yet unmatched pairs. 2686 records in RAM.
INFO	2015-03-27 17:15:55	MarkDuplicates	Read    31,000,000 records.  Elapsed time: 00:15:37s.  Time for last 1,000,000:   53s.  Last read position: chr3:130,729,085
INFO	2015-03-27 17:15:55	MarkDuplicates	Tracking 51746 as yet unmatched pairs. 3695 records in RAM.
INFO	2015-03-27 17:16:25	MarkDuplicates	Read    32,000,000 records.  Elapsed time: 00:16:14s.  Time for last 1,000,000:   37s.  Last read position: chr4:49,586,065
INFO	2015-03-27 17:16:25	MarkDuplicates	Tracking 48553 as yet unmatched pairs. 6009 records in RAM.
INFO	2015-03-27 17:16:58	MarkDuplicates	Read    33,000,000 records.  Elapsed time: 00:16:45s.  Time for last 1,000,000:   30s.  Last read position: chr4:123,350,322
INFO	2015-03-27 17:16:58	MarkDuplicates	Tracking 46847 as yet unmatched pairs. 2913 records in RAM.
INFO	2015-03-27 17:17:34	MarkDuplicates	Read    34,000,000 records.  Elapsed time: 00:17:21s.  Time for last 1,000,000:   35s.  Last read position: chr4:141,468,686
INFO	2015-03-27 17:17:34	MarkDuplicates	Tracking 46667 as yet unmatched pairs. 1597 records in RAM.
INFO	2015-03-27 17:18:07	MarkDuplicates	Read    35,000,000 records.  Elapsed time: 00:17:53s.  Time for last 1,000,000:   32s.  Last read position: chr5:34,549,715
INFO	2015-03-27 17:18:07	MarkDuplicates	Tracking 46100 as yet unmatched pairs. 4812 records in RAM.
INFO	2015-03-27 17:18:58	MarkDuplicates	Read    36,000,000 records.  Elapsed time: 00:18:45s.  Time for last 1,000,000:   51s.  Last read position: chr5:114,111,169
INFO	2015-03-27 17:18:58	MarkDuplicates	Tracking 45053 as yet unmatched pairs. 2603 records in RAM.
INFO	2015-03-27 17:19:19	MarkDuplicates	Read    37,000,000 records.  Elapsed time: 00:19:09s.  Time for last 1,000,000:   23s.  Last read position: chr5:136,101,560
INFO	2015-03-27 17:19:19	MarkDuplicates	Tracking 44154 as yet unmatched pairs. 826 records in RAM.
INFO	2015-03-27 17:20:03	MarkDuplicates	Read    38,000,000 records.  Elapsed time: 00:19:42s.  Time for last 1,000,000:   33s.  Last read position: chr6:30,213,331
INFO	2015-03-27 17:20:03	MarkDuplicates	Tracking 41222 as yet unmatched pairs. 6443 records in RAM.
INFO	2015-03-27 17:20:43	MarkDuplicates	Read    39,000,000 records.  Elapsed time: 00:20:24s.  Time for last 1,000,000:   42s.  Last read position: chr6:86,386,960
INFO	2015-03-27 17:20:43	MarkDuplicates	Tracking 39561 as yet unmatched pairs. 4141 records in RAM.
INFO	2015-03-27 17:21:26	MarkDuplicates	Read    40,000,000 records.  Elapsed time: 00:21:14s.  Time for last 1,000,000:   49s.  Last read position: chr6:131,364,907
INFO	2015-03-27 17:21:26	MarkDuplicates	Tracking 36894 as yet unmatched pairs. 933 records in RAM.
INFO	2015-03-27 17:21:54	MarkDuplicates	Read    41,000,000 records.  Elapsed time: 00:21:41s.  Time for last 1,000,000:   27s.  Last read position: chr7:28,305,773
INFO	2015-03-27 17:21:54	MarkDuplicates	Tracking 34750 as yet unmatched pairs. 7268 records in RAM.
INFO	2015-03-27 17:22:22	MarkDuplicates	Read    42,000,000 records.  Elapsed time: 00:22:09s.  Time for last 1,000,000:   27s.  Last read position: chr7:80,115,452
INFO	2015-03-27 17:22:22	MarkDuplicates	Tracking 32570 as yet unmatched pairs. 4729 records in RAM.
INFO	2015-03-27 17:22:51	MarkDuplicates	Read    43,000,000 records.  Elapsed time: 00:22:36s.  Time for last 1,000,000:   26s.  Last read position: chr7:111,077,476
INFO	2015-03-27 17:22:51	MarkDuplicates	Tracking 31759 as yet unmatched pairs. 3552 records in RAM.
INFO	2015-03-27 17:24:05	MarkDuplicates	Read    44,000,000 records.  Elapsed time: 00:23:46s.  Time for last 1,000,000:   70s.  Last read position: chr7:142,575,979
INFO	2015-03-27 17:24:05	MarkDuplicates	Tracking 37227 as yet unmatched pairs. 8422 records in RAM.
INFO	2015-03-27 17:24:35	MarkDuplicates	Read    45,000,000 records.  Elapsed time: 00:24:22s.  Time for last 1,000,000:   35s.  Last read position: chr8:20,147,629
INFO	2015-03-27 17:24:35	MarkDuplicates	Tracking 29728 as yet unmatched pairs. 9932 records in RAM.
INFO	2015-03-27 17:25:13	MarkDuplicates	Read    46,000,000 records.  Elapsed time: 00:24:57s.  Time for last 1,000,000:   35s.  Last read position: chr8:83,940,196
INFO	2015-03-27 17:25:13	MarkDuplicates	Tracking 24000 as yet unmatched pairs. 3678 records in RAM.
INFO	2015-03-27 17:25:50	MarkDuplicates	Read    47,000,000 records.  Elapsed time: 00:25:34s.  Time for last 1,000,000:   37s.  Last read position: chr8:123,661,802
INFO	2015-03-27 17:25:50	MarkDuplicates	Tracking 21142 as yet unmatched pairs. 332 records in RAM.
INFO	2015-03-27 17:26:15	MarkDuplicates	Read    48,000,000 records.  Elapsed time: 00:26:01s.  Time for last 1,000,000:   26s.  Last read position: chr9:45,975,090
INFO	2015-03-27 17:26:15	MarkDuplicates	Tracking 17205 as yet unmatched pairs. 8303 records in RAM.
INFO	2015-03-27 17:26:58	MarkDuplicates	Read    49,000,000 records.  Elapsed time: 00:26:44s.  Time for last 1,000,000:   43s.  Last read position: chr9:75,511,157
INFO	2015-03-27 17:26:58	MarkDuplicates	Tracking 15867 as yet unmatched pairs. 6491 records in RAM.
INFO	2015-03-27 17:27:19	MarkDuplicates	Read    50,000,000 records.  Elapsed time: 00:27:07s.  Time for last 1,000,000:   22s.  Last read position: chr9:108,335,078
INFO	2015-03-27 17:27:19	MarkDuplicates	Tracking 13413 as yet unmatched pairs. 3958 records in RAM.
INFO	2015-03-27 17:27:43	MarkDuplicates	Read    51,000,000 records.  Elapsed time: 00:27:30s.  Time for last 1,000,000:   22s.  Last read position: chrM:6,422
INFO	2015-03-27 17:27:43	MarkDuplicates	Tracking 22423 as yet unmatched pairs. 15492 records in RAM.
INFO	2015-03-27 17:28:06	MarkDuplicates	Read    52,000,000 records.  Elapsed time: 00:27:54s.  Time for last 1,000,000:   24s.  Last read position: chrX:13,291,222
INFO	2015-03-27 17:28:06	MarkDuplicates	Tracking 6738 as yet unmatched pairs. 5928 records in RAM.
INFO	2015-03-27 17:28:30	MarkDuplicates	Read    53,000,000 records.  Elapsed time: 00:28:19s.  Time for last 1,000,000:   24s.  Last read position: chrX:103,960,045
INFO	2015-03-27 17:28:30	MarkDuplicates	Tracking 3084 as yet unmatched pairs. 2249 records in RAM.
INFO	2015-03-27 17:28:41	MarkDuplicates	Read 53754712 records. 0 pairs never matched.
INFO	2015-03-27 17:29:11	MarkDuplicates	After buildSortedReadEndLists freeMemory: 9213722744; totalMemory: 16727015424; maxMemory: 38177538048
INFO	2015-03-27 17:29:11	MarkDuplicates	Will retain up to 1193048064 duplicate indices before spilling to disk.
INFO	2015-03-27 17:29:19	MarkDuplicates	Traversing read pair information and detecting duplicates.
INFO	2015-03-27 17:29:49	MarkDuplicates	Traversing fragment information and detecting duplicates.
INFO	2015-03-27 17:30:45	MarkDuplicates	Sorting list of duplicate records.
INFO	2015-03-27 17:31:01	MarkDuplicates	After generateDuplicateIndexes freeMemory: 16546722576; totalMemory: 26271416320; maxMemory: 38177538048
INFO	2015-03-27 17:31:01	MarkDuplicates	Marking 8520729 records as duplicates.
INFO	2015-03-27 17:31:01	MarkDuplicates	Found 27283 optical duplicate clusters.
INFO	2015-03-27 17:38:56	MarkDuplicates	Written    10,000,000 records.  Elapsed time: 00:07:54s.  Time for last 10,000,000:  474s.  Last read position: chr11:106,264,672
INFO	2015-03-27 17:47:45	MarkDuplicates	Written    20,000,000 records.  Elapsed time: 00:16:43s.  Time for last 10,000,000:  529s.  Last read position: chr17:6,438,285
INFO	2015-03-27 17:55:41	MarkDuplicates	Written    30,000,000 records.  Elapsed time: 00:24:39s.  Time for last 10,000,000:  476s.  Last read position: chr3:88,537,664
INFO	2015-03-27 18:03:19	MarkDuplicates	Written    40,000,000 records.  Elapsed time: 00:32:17s.  Time for last 10,000,000:  457s.  Last read position: chr6:131,364,907
INFO	2015-03-27 18:10:49	MarkDuplicates	Written    50,000,000 records.  Elapsed time: 00:39:47s.  Time for last 10,000,000:  450s.  Last read position: chr9:108,335,078
INFO	2015-03-27 18:13:33	MarkDuplicates	Before output close freeMemory: 28039377128; totalMemory: 28261548032; maxMemory: 38177538048
INFO	2015-03-27 18:13:38	MarkDuplicates	After output close freeMemory: 27784245336; totalMemory: 28006416384; maxMemory: 38177538048
[Fri Mar 27 18:13:38 EDT 2015] net.sf.picard.sam.MarkDuplicates done. Elapsed time: 73.57 minutes.
Runtime.totalMemory()=28006416384
