[Fri Mar 27 18:45:47 EDT 2015] net.sf.picard.sam.MarkDuplicates INPUT=[/n/rinn_data1/users/agroff/seq/OtherMice/Diana/lincP21/bam/Lung_KO2/accepted_hits_sorted_picard.bam] OUTPUT=/n/rinn_data1/users/agroff/seq/OtherMice/Diana/lincP21/bam/Lung_KO2/accepted_hits_sorted_duplicates_marked.bam METRICS_FILE=dup_metrics.txt    PROGRAM_RECORD_ID=MarkDuplicates PROGRAM_GROUP_NAME=MarkDuplicates REMOVE_DUPLICATES=false ASSUME_SORTED=false MAX_SEQUENCES_FOR_DISK_READ_ENDS_MAP=50000 MAX_FILE_HANDLES_FOR_READ_ENDS_MAP=8000 SORTING_COLLECTION_SIZE_RATIO=0.25 READ_NAME_REGEX=[a-zA-Z0-9]+:[0-9]:([0-9]+):([0-9]+):([0-9]+).* OPTICAL_DUPLICATE_PIXEL_DISTANCE=100 VERBOSITY=INFO QUIET=false VALIDATION_STRINGENCY=STRICT COMPRESSION_LEVEL=5 MAX_RECORDS_IN_RAM=500000 CREATE_INDEX=false CREATE_MD5_FILE=false
[Fri Mar 27 18:45:47 EDT 2015] Executing as agroff@holy2a03303.rc.fas.harvard.edu on Linux 2.6.32-431.17.1.el6.x86_64 amd64; Java HotSpot(TM) 64-Bit Server VM 1.6.0_11-b03; Picard version: 1.98(1547)
INFO	2015-03-27 18:45:47	MarkDuplicates	Start of doWork freeMemory: 8613392; totalMemory: 9109504; maxMemory: 38177538048
INFO	2015-03-27 18:45:47	MarkDuplicates	Reading input file and constructing read end information.
INFO	2015-03-27 18:45:47	MarkDuplicates	Will retain up to 151498166 data points before spilling to disk.
INFO	2015-03-27 18:46:58	MarkDuplicates	Read     1,000,000 records.  Elapsed time: 00:01:05s.  Time for last 1,000,000:   65s.  Last read position: chr1:64,262,355
INFO	2015-03-27 18:46:58	MarkDuplicates	Tracking 10180 as yet unmatched pairs. 135 records in RAM.
INFO	2015-03-27 18:47:27	MarkDuplicates	Read     2,000,000 records.  Elapsed time: 00:01:38s.  Time for last 1,000,000:   32s.  Last read position: chr1:131,936,075
INFO	2015-03-27 18:47:27	MarkDuplicates	Tracking 16166 as yet unmatched pairs. 302 records in RAM.
INFO	2015-03-27 18:47:50	MarkDuplicates	Read     3,000,000 records.  Elapsed time: 00:02:00s.  Time for last 1,000,000:   22s.  Last read position: chr1:182,441,734
INFO	2015-03-27 18:47:50	MarkDuplicates	Tracking 19940 as yet unmatched pairs. 70 records in RAM.
INFO	2015-03-27 18:48:17	MarkDuplicates	Read     4,000,000 records.  Elapsed time: 00:02:28s.  Time for last 1,000,000:   27s.  Last read position: chr10:72,657,061
INFO	2015-03-27 18:48:17	MarkDuplicates	Tracking 24694 as yet unmatched pairs. 1028 records in RAM.
INFO	2015-03-27 18:48:43	MarkDuplicates	Read     5,000,000 records.  Elapsed time: 00:02:50s.  Time for last 1,000,000:   22s.  Last read position: chr10:93,862,392
INFO	2015-03-27 18:48:43	MarkDuplicates	Tracking 27085 as yet unmatched pairs. 748 records in RAM.
INFO	2015-03-27 18:49:06	MarkDuplicates	Read     6,000,000 records.  Elapsed time: 00:03:16s.  Time for last 1,000,000:   25s.  Last read position: chr11:6,319,277
INFO	2015-03-27 18:49:06	MarkDuplicates	Tracking 31083 as yet unmatched pairs. 2159 records in RAM.
INFO	2015-03-27 18:49:31	MarkDuplicates	Read     7,000,000 records.  Elapsed time: 00:03:39s.  Time for last 1,000,000:   22s.  Last read position: chr11:35,826,534
INFO	2015-03-27 18:49:31	MarkDuplicates	Tracking 34469 as yet unmatched pairs. 2082 records in RAM.
INFO	2015-03-27 18:49:53	MarkDuplicates	Read     8,000,000 records.  Elapsed time: 00:04:02s.  Time for last 1,000,000:   23s.  Last read position: chr11:68,821,653
INFO	2015-03-27 18:49:53	MarkDuplicates	Tracking 36493 as yet unmatched pairs. 1762 records in RAM.
INFO	2015-03-27 18:50:18	MarkDuplicates	Read     9,000,000 records.  Elapsed time: 00:04:27s.  Time for last 1,000,000:   24s.  Last read position: chr11:86,217,848
INFO	2015-03-27 18:50:18	MarkDuplicates	Tracking 38724 as yet unmatched pairs. 1199 records in RAM.
INFO	2015-03-27 18:50:44	MarkDuplicates	Read    10,000,000 records.  Elapsed time: 00:04:51s.  Time for last 1,000,000:   24s.  Last read position: chr11:103,056,430
INFO	2015-03-27 18:50:44	MarkDuplicates	Tracking 41603 as yet unmatched pairs. 759 records in RAM.
INFO	2015-03-27 18:51:11	MarkDuplicates	Read    11,000,000 records.  Elapsed time: 00:05:19s.  Time for last 1,000,000:   28s.  Last read position: chr12:4,673,476
INFO	2015-03-27 18:51:11	MarkDuplicates	Tracking 45412 as yet unmatched pairs. 2051 records in RAM.
INFO	2015-03-27 18:51:35	MarkDuplicates	Read    12,000,000 records.  Elapsed time: 00:05:43s.  Time for last 1,000,000:   24s.  Last read position: chr12:80,196,422
INFO	2015-03-27 18:51:35	MarkDuplicates	Tracking 52527 as yet unmatched pairs. 1092 records in RAM.
INFO	2015-03-27 18:52:04	MarkDuplicates	Read    13,000,000 records.  Elapsed time: 00:06:12s.  Time for last 1,000,000:   29s.  Last read position: chr13:21,958,919
INFO	2015-03-27 18:52:04	MarkDuplicates	Tracking 54927 as yet unmatched pairs. 2029 records in RAM.
INFO	2015-03-27 18:52:23	MarkDuplicates	Read    14,000,000 records.  Elapsed time: 00:06:30s.  Time for last 1,000,000:   17s.  Last read position: chr13:90,924,344
INFO	2015-03-27 18:52:23	MarkDuplicates	Tracking 62831 as yet unmatched pairs. 3849 records in RAM.
INFO	2015-03-27 18:52:48	MarkDuplicates	Read    15,000,000 records.  Elapsed time: 00:06:54s.  Time for last 1,000,000:   23s.  Last read position: chr14:31,240,617
INFO	2015-03-27 18:52:48	MarkDuplicates	Tracking 62805 as yet unmatched pairs. 3458 records in RAM.
INFO	2015-03-27 18:53:05	MarkDuplicates	Read    16,000,000 records.  Elapsed time: 00:07:13s.  Time for last 1,000,000:   19s.  Last read position: chr14:75,847,342
INFO	2015-03-27 18:53:05	MarkDuplicates	Tracking 74239 as yet unmatched pairs. 8547 records in RAM.
INFO	2015-03-27 18:53:33	MarkDuplicates	Read    17,000,000 records.  Elapsed time: 00:07:42s.  Time for last 1,000,000:   28s.  Last read position: chr15:73,215,994
INFO	2015-03-27 18:53:33	MarkDuplicates	Tracking 69859 as yet unmatched pairs. 1575 records in RAM.
INFO	2015-03-27 18:53:52	MarkDuplicates	Read    18,000,000 records.  Elapsed time: 00:08:00s.  Time for last 1,000,000:   18s.  Last read position: chr15:98,931,956
INFO	2015-03-27 18:53:52	MarkDuplicates	Tracking 77358 as yet unmatched pairs. 6601 records in RAM.
INFO	2015-03-27 18:54:21	MarkDuplicates	Read    19,000,000 records.  Elapsed time: 00:08:30s.  Time for last 1,000,000:   29s.  Last read position: chr16:17,784,223
INFO	2015-03-27 18:54:21	MarkDuplicates	Tracking 73605 as yet unmatched pairs. 3559 records in RAM.
INFO	2015-03-27 18:54:44	MarkDuplicates	Read    20,000,000 records.  Elapsed time: 00:08:48s.  Time for last 1,000,000:   18s.  Last read position: chr16:90,774,200
INFO	2015-03-27 18:54:44	MarkDuplicates	Tracking 74198 as yet unmatched pairs. 340 records in RAM.
INFO	2015-03-27 18:55:29	MarkDuplicates	Read    21,000,000 records.  Elapsed time: 00:09:33s.  Time for last 1,000,000:   44s.  Last read position: chr17:28,329,376
INFO	2015-03-27 18:55:29	MarkDuplicates	Tracking 80798 as yet unmatched pairs. 8379 records in RAM.
INFO	2015-03-27 18:55:56	MarkDuplicates	Read    22,000,000 records.  Elapsed time: 00:10:02s.  Time for last 1,000,000:   29s.  Last read position: chr17:46,566,178
INFO	2015-03-27 18:55:56	MarkDuplicates	Tracking 78133 as yet unmatched pairs. 1655 records in RAM.
INFO	2015-03-27 18:56:31	MarkDuplicates	Read    23,000,000 records.  Elapsed time: 00:10:39s.  Time for last 1,000,000:   36s.  Last read position: chr18:33,206,184
INFO	2015-03-27 18:56:31	MarkDuplicates	Tracking 79921 as yet unmatched pairs. 2946 records in RAM.
INFO	2015-03-27 18:56:55	MarkDuplicates	Read    24,000,000 records.  Elapsed time: 00:11:00s.  Time for last 1,000,000:   21s.  Last read position: chr18:77,631,805
INFO	2015-03-27 18:56:55	MarkDuplicates	Tracking 80419 as yet unmatched pairs. 343 records in RAM.
INFO	2015-03-27 18:57:29	MarkDuplicates	Read    25,000,000 records.  Elapsed time: 00:11:36s.  Time for last 1,000,000:   35s.  Last read position: chr19:21,299,441
INFO	2015-03-27 18:57:29	MarkDuplicates	Tracking 80299 as yet unmatched pairs. 1356 records in RAM.
INFO	2015-03-27 18:57:55	MarkDuplicates	Read    26,000,000 records.  Elapsed time: 00:11:57s.  Time for last 1,000,000:   21s.  Last read position: chr2:24,974,346
INFO	2015-03-27 18:57:55	MarkDuplicates	Tracking 81059 as yet unmatched pairs. 7846 records in RAM.
INFO	2015-03-27 18:58:21	MarkDuplicates	Read    27,000,000 records.  Elapsed time: 00:12:28s.  Time for last 1,000,000:   31s.  Last read position: chr2:71,420,705
INFO	2015-03-27 18:58:21	MarkDuplicates	Tracking 82061 as yet unmatched pairs. 6000 records in RAM.
INFO	2015-03-27 18:58:55	MarkDuplicates	Read    28,000,000 records.  Elapsed time: 00:13:05s.  Time for last 1,000,000:   36s.  Last read position: chr2:121,461,644
INFO	2015-03-27 18:58:55	MarkDuplicates	Tracking 83046 as yet unmatched pairs. 3994 records in RAM.
INFO	2015-03-27 18:59:21	MarkDuplicates	Read    29,000,000 records.  Elapsed time: 00:13:27s.  Time for last 1,000,000:   22s.  Last read position: chr2:161,017,309
INFO	2015-03-27 18:59:21	MarkDuplicates	Tracking 82604 as yet unmatched pairs. 1408 records in RAM.
INFO	2015-03-27 18:59:47	MarkDuplicates	Read    30,000,000 records.  Elapsed time: 00:13:53s.  Time for last 1,000,000:   25s.  Last read position: chr3:51,241,842
INFO	2015-03-27 18:59:47	MarkDuplicates	Tracking 80314 as yet unmatched pairs. 8825 records in RAM.
INFO	2015-03-27 19:00:21	MarkDuplicates	Read    31,000,000 records.  Elapsed time: 00:14:31s.  Time for last 1,000,000:   38s.  Last read position: chr3:96,631,695
INFO	2015-03-27 19:00:21	MarkDuplicates	Tracking 76653 as yet unmatched pairs. 3224 records in RAM.
INFO	2015-03-27 19:00:43	MarkDuplicates	Read    32,000,000 records.  Elapsed time: 00:14:51s.  Time for last 1,000,000:   19s.  Last read position: chr4:3,194,892
INFO	2015-03-27 19:00:43	MarkDuplicates	Tracking 75853 as yet unmatched pairs. 10272 records in RAM.
INFO	2015-03-27 19:01:07	MarkDuplicates	Read    33,000,000 records.  Elapsed time: 00:15:14s.  Time for last 1,000,000:   23s.  Last read position: chr4:86,856,176
INFO	2015-03-27 19:01:07	MarkDuplicates	Tracking 78950 as yet unmatched pairs. 11355 records in RAM.
INFO	2015-03-27 19:01:31	MarkDuplicates	Read    34,000,000 records.  Elapsed time: 00:15:38s.  Time for last 1,000,000:   23s.  Last read position: chr4:129,715,564
INFO	2015-03-27 19:01:31	MarkDuplicates	Tracking 73659 as yet unmatched pairs. 4182 records in RAM.
INFO	2015-03-27 19:02:13	MarkDuplicates	Read    35,000,000 records.  Elapsed time: 00:16:20s.  Time for last 1,000,000:   42s.  Last read position: chr4:155,156,563
INFO	2015-03-27 19:02:13	MarkDuplicates	Tracking 72575 as yet unmatched pairs. 302 records in RAM.
INFO	2015-03-27 19:02:35	MarkDuplicates	Read    36,000,000 records.  Elapsed time: 00:16:43s.  Time for last 1,000,000:   22s.  Last read position: chr5:65,408,760
INFO	2015-03-27 19:02:35	MarkDuplicates	Tracking 72313 as yet unmatched pairs. 7236 records in RAM.
INFO	2015-03-27 19:03:01	MarkDuplicates	Read    37,000,000 records.  Elapsed time: 00:17:08s.  Time for last 1,000,000:   25s.  Last read position: chr5:117,378,101
INFO	2015-03-27 19:03:01	MarkDuplicates	Tracking 71796 as yet unmatched pairs. 4227 records in RAM.
INFO	2015-03-27 19:03:25	MarkDuplicates	Read    38,000,000 records.  Elapsed time: 00:17:31s.  Time for last 1,000,000:   22s.  Last read position: chr5:142,458,671
INFO	2015-03-27 19:03:25	MarkDuplicates	Tracking 69751 as yet unmatched pairs. 1191 records in RAM.
INFO	2015-03-27 19:04:09	MarkDuplicates	Read    39,000,000 records.  Elapsed time: 00:18:17s.  Time for last 1,000,000:   46s.  Last read position: chr6:38,288,945
INFO	2015-03-27 19:04:09	MarkDuplicates	Tracking 64989 as yet unmatched pairs. 9493 records in RAM.
INFO	2015-03-27 19:04:32	MarkDuplicates	Read    40,000,000 records.  Elapsed time: 00:18:39s.  Time for last 1,000,000:   21s.  Last read position: chr6:92,857,960
INFO	2015-03-27 19:04:32	MarkDuplicates	Tracking 62484 as yet unmatched pairs. 6039 records in RAM.
INFO	2015-03-27 19:04:59	MarkDuplicates	Read    41,000,000 records.  Elapsed time: 00:19:05s.  Time for last 1,000,000:   26s.  Last read position: chr7:3,684,047
INFO	2015-03-27 19:04:59	MarkDuplicates	Tracking 57540 as yet unmatched pairs. 14147 records in RAM.
INFO	2015-03-27 19:05:24	MarkDuplicates	Read    42,000,000 records.  Elapsed time: 00:19:29s.  Time for last 1,000,000:   24s.  Last read position: chr7:34,639,290
INFO	2015-03-27 19:05:24	MarkDuplicates	Tracking 54411 as yet unmatched pairs. 10396 records in RAM.
INFO	2015-03-27 19:06:02	MarkDuplicates	Read    43,000,000 records.  Elapsed time: 00:20:11s.  Time for last 1,000,000:   41s.  Last read position: chr7:99,346,069
INFO	2015-03-27 19:06:02	MarkDuplicates	Tracking 51166 as yet unmatched pairs. 6365 records in RAM.
INFO	2015-03-27 19:06:26	MarkDuplicates	Read    44,000,000 records.  Elapsed time: 00:20:32s.  Time for last 1,000,000:   21s.  Last read position: chr7:120,899,394
INFO	2015-03-27 19:06:26	MarkDuplicates	Tracking 47704 as yet unmatched pairs. 2526 records in RAM.
INFO	2015-03-27 19:06:53	MarkDuplicates	Read    45,000,000 records.  Elapsed time: 00:20:59s.  Time for last 1,000,000:   26s.  Last read position: chr8:3,635,910
INFO	2015-03-27 19:06:53	MarkDuplicates	Tracking 46181 as yet unmatched pairs. 13322 records in RAM.
INFO	2015-03-27 19:07:13	MarkDuplicates	Read    46,000,000 records.  Elapsed time: 00:21:21s.  Time for last 1,000,000:   22s.  Last read position: chr8:71,474,904
INFO	2015-03-27 19:07:13	MarkDuplicates	Tracking 41206 as yet unmatched pairs. 7670 records in RAM.
INFO	2015-03-27 19:07:37	MarkDuplicates	Read    47,000,000 records.  Elapsed time: 00:21:42s.  Time for last 1,000,000:   21s.  Last read position: chr8:111,053,916
INFO	2015-03-27 19:07:37	MarkDuplicates	Tracking 37243 as yet unmatched pairs. 2945 records in RAM.
INFO	2015-03-27 19:08:31	MarkDuplicates	Read    48,000,000 records.  Elapsed time: 00:22:38s.  Time for last 1,000,000:   55s.  Last read position: chr9:40,802,459
INFO	2015-03-27 19:08:31	MarkDuplicates	Tracking 34382 as yet unmatched pairs. 19393 records in RAM.
INFO	2015-03-27 19:08:56	MarkDuplicates	Read    49,000,000 records.  Elapsed time: 00:23:00s.  Time for last 1,000,000:   21s.  Last read position: chr9:65,703,014
INFO	2015-03-27 19:08:56	MarkDuplicates	Tracking 27446 as yet unmatched pairs. 11634 records in RAM.
INFO	2015-03-27 19:09:23	MarkDuplicates	Read    50,000,000 records.  Elapsed time: 00:23:31s.  Time for last 1,000,000:   31s.  Last read position: chr9:83,989,191
INFO	2015-03-27 19:09:23	MarkDuplicates	Tracking 24844 as yet unmatched pairs. 8880 records in RAM.
INFO	2015-03-27 19:09:47	MarkDuplicates	Read    51,000,000 records.  Elapsed time: 00:23:53s.  Time for last 1,000,000:   22s.  Last read position: chr9:120,950,228
INFO	2015-03-27 19:09:47	MarkDuplicates	Tracking 20085 as yet unmatched pairs. 3967 records in RAM.
INFO	2015-03-27 19:10:06	MarkDuplicates	Read    52,000,000 records.  Elapsed time: 00:24:12s.  Time for last 1,000,000:   18s.  Last read position: chrM:7,519
INFO	2015-03-27 19:10:06	MarkDuplicates	Tracking 22406 as yet unmatched pairs. 12177 records in RAM.
INFO	2015-03-27 19:10:56	MarkDuplicates	Read    53,000,000 records.  Elapsed time: 00:25:03s.  Time for last 1,000,000:   50s.  Last read position: chrX:10,595,715
INFO	2015-03-27 19:10:56	MarkDuplicates	Tracking 9911 as yet unmatched pairs. 8897 records in RAM.
INFO	2015-03-27 19:11:16	MarkDuplicates	Read    54,000,000 records.  Elapsed time: 00:25:21s.  Time for last 1,000,000:   18s.  Last read position: chrX:101,444,708
INFO	2015-03-27 19:11:16	MarkDuplicates	Tracking 5833 as yet unmatched pairs. 4808 records in RAM.
INFO	2015-03-27 19:11:28	MarkDuplicates	Read 54910817 records. 0 pairs never matched.
INFO	2015-03-27 19:11:50	MarkDuplicates	After buildSortedReadEndLists freeMemory: 9299013280; totalMemory: 16898260992; maxMemory: 38177538048
INFO	2015-03-27 19:11:50	MarkDuplicates	Will retain up to 1193048064 duplicate indices before spilling to disk.
INFO	2015-03-27 19:12:03	MarkDuplicates	Traversing read pair information and detecting duplicates.
INFO	2015-03-27 19:12:34	MarkDuplicates	Traversing fragment information and detecting duplicates.
INFO	2015-03-27 19:13:42	MarkDuplicates	Sorting list of duplicate records.
INFO	2015-03-27 19:13:50	MarkDuplicates	After generateDuplicateIndexes freeMemory: 16722306600; totalMemory: 26442661888; maxMemory: 38177538048
INFO	2015-03-27 19:13:50	MarkDuplicates	Marking 7814842 records as duplicates.
INFO	2015-03-27 19:13:50	MarkDuplicates	Found 10946 optical duplicate clusters.
INFO	2015-03-27 19:21:27	MarkDuplicates	Written    10,000,000 records.  Elapsed time: 00:07:36s.  Time for last 10,000,000:  456s.  Last read position: chr11:103,056,430
INFO	2015-03-27 19:29:58	MarkDuplicates	Written    20,000,000 records.  Elapsed time: 00:16:04s.  Time for last 10,000,000:  507s.  Last read position: chr16:90,774,200
INFO	2015-03-27 19:37:37	MarkDuplicates	Written    30,000,000 records.  Elapsed time: 00:23:46s.  Time for last 10,000,000:  462s.  Last read position: chr3:51,241,842
INFO	2015-03-27 19:45:15	MarkDuplicates	Written    40,000,000 records.  Elapsed time: 00:31:24s.  Time for last 10,000,000:  458s.  Last read position: chr6:92,857,960
INFO	2015-03-27 19:52:35	MarkDuplicates	Written    50,000,000 records.  Elapsed time: 00:38:44s.  Time for last 10,000,000:  439s.  Last read position: chr9:83,989,191
INFO	2015-03-27 19:56:01	MarkDuplicates	Before output close freeMemory: 29587541768; totalMemory: 29833166848; maxMemory: 38177538048
INFO	2015-03-27 19:56:05	MarkDuplicates	After output close freeMemory: 29337652856; totalMemory: 29583278080; maxMemory: 38177538048
[Fri Mar 27 19:56:06 EDT 2015] net.sf.picard.sam.MarkDuplicates done. Elapsed time: 70.31 minutes.
Runtime.totalMemory()=29583278080
