[Fri Mar 27 17:38:27 EDT 2015] net.sf.picard.sam.MarkDuplicates INPUT=[/n/rinn_data1/users/agroff/seq/OtherMice/Diana/lincP21/bam/Liver_WT2/accepted_hits_sorted_picard.bam] OUTPUT=/n/rinn_data1/users/agroff/seq/OtherMice/Diana/lincP21/bam/Liver_WT2/accepted_hits_sorted_duplicates_marked.bam METRICS_FILE=dup_metrics.txt    PROGRAM_RECORD_ID=MarkDuplicates PROGRAM_GROUP_NAME=MarkDuplicates REMOVE_DUPLICATES=false ASSUME_SORTED=false MAX_SEQUENCES_FOR_DISK_READ_ENDS_MAP=50000 MAX_FILE_HANDLES_FOR_READ_ENDS_MAP=8000 SORTING_COLLECTION_SIZE_RATIO=0.25 READ_NAME_REGEX=[a-zA-Z0-9]+:[0-9]:([0-9]+):([0-9]+):([0-9]+).* OPTICAL_DUPLICATE_PIXEL_DISTANCE=100 VERBOSITY=INFO QUIET=false VALIDATION_STRINGENCY=STRICT COMPRESSION_LEVEL=5 MAX_RECORDS_IN_RAM=500000 CREATE_INDEX=false CREATE_MD5_FILE=false
[Fri Mar 27 17:38:27 EDT 2015] Executing as agroff@holy2a03303.rc.fas.harvard.edu on Linux 2.6.32-431.17.1.el6.x86_64 amd64; Java HotSpot(TM) 64-Bit Server VM 1.6.0_11-b03; Picard version: 1.98(1547)
INFO	2015-03-27 17:38:27	MarkDuplicates	Start of doWork freeMemory: 8625200; totalMemory: 9109504; maxMemory: 38177538048
INFO	2015-03-27 17:38:27	MarkDuplicates	Reading input file and constructing read end information.
INFO	2015-03-27 17:38:27	MarkDuplicates	Will retain up to 151498166 data points before spilling to disk.
INFO	2015-03-27 17:39:40	MarkDuplicates	Read     1,000,000 records.  Elapsed time: 00:01:08s.  Time for last 1,000,000:   68s.  Last read position: chr1:93,421,358
INFO	2015-03-27 17:39:40	MarkDuplicates	Tracking 7729 as yet unmatched pairs. 226 records in RAM.
INFO	2015-03-27 17:40:13	MarkDuplicates	Read     2,000,000 records.  Elapsed time: 00:01:44s.  Time for last 1,000,000:   36s.  Last read position: chr10:5,593,801
INFO	2015-03-27 17:40:13	MarkDuplicates	Tracking 12244 as yet unmatched pairs. 395 records in RAM.
INFO	2015-03-27 17:40:41	MarkDuplicates	Read     3,000,000 records.  Elapsed time: 00:02:12s.  Time for last 1,000,000:   27s.  Last read position: chr10:81,487,358
INFO	2015-03-27 17:40:41	MarkDuplicates	Tracking 15382 as yet unmatched pairs. 298 records in RAM.
INFO	2015-03-27 17:41:09	MarkDuplicates	Read     4,000,000 records.  Elapsed time: 00:02:39s.  Time for last 1,000,000:   27s.  Last read position: chr11:21,557,481
INFO	2015-03-27 17:41:09	MarkDuplicates	Tracking 19479 as yet unmatched pairs. 1385 records in RAM.
INFO	2015-03-27 17:41:33	MarkDuplicates	Read     5,000,000 records.  Elapsed time: 00:03:01s.  Time for last 1,000,000:   22s.  Last read position: chr11:32,284,017
INFO	2015-03-27 17:41:33	MarkDuplicates	Tracking 540334 as yet unmatched pairs. 521578 records in RAM.
INFO	2015-03-27 17:42:01	MarkDuplicates	Read     6,000,000 records.  Elapsed time: 00:03:30s.  Time for last 1,000,000:   28s.  Last read position: chr11:32,296,594
INFO	2015-03-27 17:42:01	MarkDuplicates	Tracking 424420 as yet unmatched pairs. 405109 records in RAM.
INFO	2015-03-27 17:42:18	MarkDuplicates	Read     7,000,000 records.  Elapsed time: 00:03:47s.  Time for last 1,000,000:   17s.  Last read position: chr11:48,801,693
INFO	2015-03-27 17:42:18	MarkDuplicates	Tracking 23711 as yet unmatched pairs. 3738 records in RAM.
INFO	2015-03-27 17:42:44	MarkDuplicates	Read     8,000,000 records.  Elapsed time: 00:04:14s.  Time for last 1,000,000:   26s.  Last read position: chr11:80,135,365
INFO	2015-03-27 17:42:44	MarkDuplicates	Tracking 22471 as yet unmatched pairs. 588 records in RAM.
INFO	2015-03-27 17:43:06	MarkDuplicates	Read     9,000,000 records.  Elapsed time: 00:04:35s.  Time for last 1,000,000:   20s.  Last read position: chr11:106,992,060
INFO	2015-03-27 17:43:06	MarkDuplicates	Tracking 24825 as yet unmatched pairs. 383 records in RAM.
INFO	2015-03-27 17:43:32	MarkDuplicates	Read    10,000,000 records.  Elapsed time: 00:04:59s.  Time for last 1,000,000:   24s.  Last read position: chr12:69,965,938
INFO	2015-03-27 17:43:32	MarkDuplicates	Tracking 28614 as yet unmatched pairs. 949 records in RAM.
INFO	2015-03-27 17:43:55	MarkDuplicates	Read    11,000,000 records.  Elapsed time: 00:05:24s.  Time for last 1,000,000:   24s.  Last read position: chr12:119,263,902
INFO	2015-03-27 17:43:55	MarkDuplicates	Tracking 32390 as yet unmatched pairs. 218 records in RAM.
INFO	2015-03-27 17:44:15	MarkDuplicates	Read    12,000,000 records.  Elapsed time: 00:05:44s.  Time for last 1,000,000:   20s.  Last read position: chr13:119,707,108
INFO	2015-03-27 17:44:15	MarkDuplicates	Tracking 39373 as yet unmatched pairs. 296 records in RAM.
INFO	2015-03-27 17:44:38	MarkDuplicates	Read    13,000,000 records.  Elapsed time: 00:06:05s.  Time for last 1,000,000:   20s.  Last read position: chr14:69,681,093
INFO	2015-03-27 17:44:38	MarkDuplicates	Tracking 41166 as yet unmatched pairs. 1243 records in RAM.
INFO	2015-03-27 17:44:56	MarkDuplicates	Read    14,000,000 records.  Elapsed time: 00:06:22s.  Time for last 1,000,000:   17s.  Last read position: chr15:78,929,749
INFO	2015-03-27 17:44:56	MarkDuplicates	Tracking 44079 as yet unmatched pairs. 1785 records in RAM.
INFO	2015-03-27 17:45:27	MarkDuplicates	Read    15,000,000 records.  Elapsed time: 00:06:54s.  Time for last 1,000,000:   31s.  Last read position: chr16:18,407,588
INFO	2015-03-27 17:45:27	MarkDuplicates	Tracking 44481 as yet unmatched pairs. 2088 records in RAM.
INFO	2015-03-27 17:45:52	MarkDuplicates	Read    16,000,000 records.  Elapsed time: 00:07:20s.  Time for last 1,000,000:   26s.  Last read position: chr17:16,972,760
INFO	2015-03-27 17:45:52	MarkDuplicates	Tracking 45600 as yet unmatched pairs. 3369 records in RAM.
INFO	2015-03-27 17:46:10	MarkDuplicates	Read    17,000,000 records.  Elapsed time: 00:07:38s.  Time for last 1,000,000:   17s.  Last read position: chr17:40,840,086
INFO	2015-03-27 17:46:10	MarkDuplicates	Tracking 50004 as yet unmatched pairs. 1427 records in RAM.
INFO	2015-03-27 17:46:40	MarkDuplicates	Read    18,000,000 records.  Elapsed time: 00:08:06s.  Time for last 1,000,000:   28s.  Last read position: chr18:60,776,545
INFO	2015-03-27 17:46:40	MarkDuplicates	Tracking 55817 as yet unmatched pairs. 5706 records in RAM.
INFO	2015-03-27 17:47:01	MarkDuplicates	Read    19,000,000 records.  Elapsed time: 00:08:27s.  Time for last 1,000,000:   20s.  Last read position: chr19:29,309,616
INFO	2015-03-27 17:47:01	MarkDuplicates	Tracking 51436 as yet unmatched pairs. 579 records in RAM.
INFO	2015-03-27 17:47:32	MarkDuplicates	Read    20,000,000 records.  Elapsed time: 00:08:58s.  Time for last 1,000,000:   30s.  Last read position: chr2:34,772,101
INFO	2015-03-27 17:47:32	MarkDuplicates	Tracking 52394 as yet unmatched pairs. 3665 records in RAM.
INFO	2015-03-27 17:47:48	MarkDuplicates	Read    21,000,000 records.  Elapsed time: 00:09:18s.  Time for last 1,000,000:   19s.  Last read position: chr2:127,821,985
INFO	2015-03-27 17:47:48	MarkDuplicates	Tracking 52894 as yet unmatched pairs. 2068 records in RAM.
INFO	2015-03-27 17:48:19	MarkDuplicates	Read    22,000,000 records.  Elapsed time: 00:09:47s.  Time for last 1,000,000:   29s.  Last read position: chr3:14,900,302
INFO	2015-03-27 17:48:19	MarkDuplicates	Tracking 52843 as yet unmatched pairs. 8535 records in RAM.
INFO	2015-03-27 17:48:38	MarkDuplicates	Read    23,000,000 records.  Elapsed time: 00:10:06s.  Time for last 1,000,000:   19s.  Last read position: chr3:101,586,145
INFO	2015-03-27 17:48:38	MarkDuplicates	Tracking 47855 as yet unmatched pairs. 1304 records in RAM.
INFO	2015-03-27 17:48:57	MarkDuplicates	Read    24,000,000 records.  Elapsed time: 00:10:22s.  Time for last 1,000,000:   15s.  Last read position: chr4:53,036,964
INFO	2015-03-27 17:48:57	MarkDuplicates	Tracking 47706 as yet unmatched pairs. 4953 records in RAM.
INFO	2015-03-27 17:49:32	MarkDuplicates	Read    25,000,000 records.  Elapsed time: 00:10:58s.  Time for last 1,000,000:   35s.  Last read position: chr4:132,553,079
INFO	2015-03-27 17:49:32	MarkDuplicates	Tracking 46466 as yet unmatched pairs. 2307 records in RAM.
INFO	2015-03-27 17:49:55	MarkDuplicates	Read    26,000,000 records.  Elapsed time: 00:11:19s.  Time for last 1,000,000:   21s.  Last read position: chr5:34,919,376
INFO	2015-03-27 17:49:55	MarkDuplicates	Tracking 45470 as yet unmatched pairs. 4342 records in RAM.
INFO	2015-03-27 17:50:27	MarkDuplicates	Read    27,000,000 records.  Elapsed time: 00:11:55s.  Time for last 1,000,000:   36s.  Last read position: chr5:90,475,300
INFO	2015-03-27 17:50:27	MarkDuplicates	Tracking 58604 as yet unmatched pairs. 16942 records in RAM.
INFO	2015-03-27 17:50:43	MarkDuplicates	Read    28,000,000 records.  Elapsed time: 00:12:10s.  Time for last 1,000,000:   15s.  Last read position: chr5:115,561,230
INFO	2015-03-27 17:50:43	MarkDuplicates	Tracking 48548 as yet unmatched pairs. 5988 records in RAM.
INFO	2015-03-27 17:51:01	MarkDuplicates	Read    29,000,000 records.  Elapsed time: 00:12:30s.  Time for last 1,000,000:   20s.  Last read position: chr6:7,874,421
INFO	2015-03-27 17:51:01	MarkDuplicates	Tracking 39895 as yet unmatched pairs. 7354 records in RAM.
INFO	2015-03-27 17:51:43	MarkDuplicates	Read    30,000,000 records.  Elapsed time: 00:13:09s.  Time for last 1,000,000:   38s.  Last read position: chr6:115,805,676
INFO	2015-03-27 17:51:43	MarkDuplicates	Tracking 39993 as yet unmatched pairs. 6448 records in RAM.
INFO	2015-03-27 17:52:03	MarkDuplicates	Read    31,000,000 records.  Elapsed time: 00:13:27s.  Time for last 1,000,000:   18s.  Last read position: chr7:25,725,927
INFO	2015-03-27 17:52:03	MarkDuplicates	Tracking 33297 as yet unmatched pairs. 7421 records in RAM.
INFO	2015-03-27 17:52:26	MarkDuplicates	Read    32,000,000 records.  Elapsed time: 00:13:50s.  Time for last 1,000,000:   23s.  Last read position: chr7:100,559,878
INFO	2015-03-27 17:52:26	MarkDuplicates	Tracking 30631 as yet unmatched pairs. 4280 records in RAM.
INFO	2015-03-27 17:53:00	MarkDuplicates	Read    33,000,000 records.  Elapsed time: 00:14:30s.  Time for last 1,000,000:   39s.  Last read position: chr7:103,813,495
INFO	2015-03-27 17:53:00	MarkDuplicates	Tracking 451470 as yet unmatched pairs. 425007 records in RAM.
INFO	2015-03-27 17:53:20	MarkDuplicates	Read    34,000,000 records.  Elapsed time: 00:14:46s.  Time for last 1,000,000:   16s.  Last read position: chr7:103,826,680
INFO	2015-03-27 17:53:20	MarkDuplicates	Tracking 760238 as yet unmatched pairs. 733702 records in RAM.
INFO	2015-03-27 17:53:37	MarkDuplicates	Read    35,000,000 records.  Elapsed time: 00:15:04s.  Time for last 1,000,000:   17s.  Last read position: chr7:103,827,576
INFO	2015-03-27 17:53:37	MarkDuplicates	Tracking 320889 as yet unmatched pairs. 294300 records in RAM.
INFO	2015-03-27 17:53:54	MarkDuplicates	Read    36,000,000 records.  Elapsed time: 00:15:19s.  Time for last 1,000,000:   15s.  Last read position: chr7:128,113,005
INFO	2015-03-27 17:53:54	MarkDuplicates	Tracking 27820 as yet unmatched pairs. 1049 records in RAM.
INFO	2015-03-27 17:54:34	MarkDuplicates	Read    37,000,000 records.  Elapsed time: 00:15:59s.  Time for last 1,000,000:   39s.  Last read position: chr8:47,513,939
INFO	2015-03-27 17:54:34	MarkDuplicates	Tracking 26054 as yet unmatched pairs. 6017 records in RAM.
INFO	2015-03-27 17:54:48	MarkDuplicates	Read    38,000,000 records.  Elapsed time: 00:16:16s.  Time for last 1,000,000:   16s.  Last read position: chr8:111,284,529
INFO	2015-03-27 17:54:48	MarkDuplicates	Tracking 23000 as yet unmatched pairs. 2159 records in RAM.
INFO	2015-03-27 17:55:09	MarkDuplicates	Read    39,000,000 records.  Elapsed time: 00:16:36s.  Time for last 1,000,000:   20s.  Last read position: chr9:54,952,689
INFO	2015-03-27 17:55:09	MarkDuplicates	Tracking 18128 as yet unmatched pairs. 9077 records in RAM.
INFO	2015-03-27 17:55:26	MarkDuplicates	Read    40,000,000 records.  Elapsed time: 00:16:53s.  Time for last 1,000,000:   16s.  Last read position: chr9:103,210,605
INFO	2015-03-27 17:55:26	MarkDuplicates	Tracking 18395 as yet unmatched pairs. 9278 records in RAM.
INFO	2015-03-27 17:56:02	MarkDuplicates	Read    41,000,000 records.  Elapsed time: 00:17:32s.  Time for last 1,000,000:   38s.  Last read position: chrM:4,789
INFO	2015-03-27 17:56:02	MarkDuplicates	Tracking 12221 as yet unmatched pairs. 6644 records in RAM.
INFO	2015-03-27 17:56:16	MarkDuplicates	Read    42,000,000 records.  Elapsed time: 00:17:44s.  Time for last 1,000,000:   12s.  Last read position: chrM:8,453
INFO	2015-03-27 17:56:16	MarkDuplicates	Tracking 15091 as yet unmatched pairs. 9492 records in RAM.
INFO	2015-03-27 17:56:36	MarkDuplicates	Read    43,000,000 records.  Elapsed time: 00:18:06s.  Time for last 1,000,000:   22s.  Last read position: chrX:73,445,810
INFO	2015-03-27 17:56:36	MarkDuplicates	Tracking 3986 as yet unmatched pairs. 3159 records in RAM.
INFO	2015-03-27 17:56:46	MarkDuplicates	Read 43749315 records. 0 pairs never matched.
INFO	2015-03-27 17:57:10	MarkDuplicates	After buildSortedReadEndLists freeMemory: 7445565968; totalMemory: 13933150208; maxMemory: 38177538048
INFO	2015-03-27 17:57:10	MarkDuplicates	Will retain up to 1193048064 duplicate indices before spilling to disk.
INFO	2015-03-27 17:57:22	MarkDuplicates	Traversing read pair information and detecting duplicates.
INFO	2015-03-27 17:57:48	MarkDuplicates	Traversing fragment information and detecting duplicates.
INFO	2015-03-27 17:58:34	MarkDuplicates	Sorting list of duplicate records.
INFO	2015-03-27 17:58:43	MarkDuplicates	After generateDuplicateIndexes freeMemory: 13791071936; totalMemory: 23477551104; maxMemory: 38177538048
INFO	2015-03-27 17:58:43	MarkDuplicates	Marking 10919916 records as duplicates.
INFO	2015-03-27 17:58:43	MarkDuplicates	Found 4979 optical duplicate clusters.
INFO	2015-03-27 18:06:22	MarkDuplicates	Written    10,000,000 records.  Elapsed time: 00:07:38s.  Time for last 10,000,000:  458s.  Last read position: chr12:69,965,938
INFO	2015-03-27 18:14:08	MarkDuplicates	Written    20,000,000 records.  Elapsed time: 00:15:23s.  Time for last 10,000,000:  465s.  Last read position: chr2:34,772,101
INFO	2015-03-27 18:21:30	MarkDuplicates	Written    30,000,000 records.  Elapsed time: 00:22:46s.  Time for last 10,000,000:  442s.  Last read position: chr6:115,805,676
INFO	2015-03-27 18:29:11	MarkDuplicates	Written    40,000,000 records.  Elapsed time: 00:30:26s.  Time for last 10,000,000:  460s.  Last read position: chr9:103,210,605
INFO	2015-03-27 18:32:11	MarkDuplicates	Before output close freeMemory: 24604081144; totalMemory: 24774770688; maxMemory: 38177538048
INFO	2015-03-27 18:32:11	MarkDuplicates	After output close freeMemory: 24421038952; totalMemory: 24591728640; maxMemory: 38177538048
[Fri Mar 27 18:32:12 EDT 2015] net.sf.picard.sam.MarkDuplicates done. Elapsed time: 53.75 minutes.
Runtime.totalMemory()=24591728640
