[Fri Mar 27 18:45:47 EDT 2015] net.sf.picard.sam.MarkDuplicates INPUT=[/n/rinn_data1/users/agroff/seq/OtherMice/Diana/lincP21/bam/mikeMEFs_WT1/accepted_hits_sorted_picard.bam] OUTPUT=/n/rinn_data1/users/agroff/seq/OtherMice/Diana/lincP21/bam/mikeMEFs_WT1/accepted_hits_sorted_duplicates_marked.bam METRICS_FILE=dup_metrics.txt    PROGRAM_RECORD_ID=MarkDuplicates PROGRAM_GROUP_NAME=MarkDuplicates REMOVE_DUPLICATES=false ASSUME_SORTED=false MAX_SEQUENCES_FOR_DISK_READ_ENDS_MAP=50000 MAX_FILE_HANDLES_FOR_READ_ENDS_MAP=8000 SORTING_COLLECTION_SIZE_RATIO=0.25 READ_NAME_REGEX=[a-zA-Z0-9]+:[0-9]:([0-9]+):([0-9]+):([0-9]+).* OPTICAL_DUPLICATE_PIXEL_DISTANCE=100 VERBOSITY=INFO QUIET=false VALIDATION_STRINGENCY=STRICT COMPRESSION_LEVEL=5 MAX_RECORDS_IN_RAM=500000 CREATE_INDEX=false CREATE_MD5_FILE=false
[Fri Mar 27 18:45:47 EDT 2015] Executing as agroff@holy2a08201.rc.fas.harvard.edu on Linux 2.6.32-431.17.1.el6.x86_64 amd64; Java HotSpot(TM) 64-Bit Server VM 1.6.0_11-b03; Picard version: 1.98(1547)
INFO	2015-03-27 18:45:48	MarkDuplicates	Start of doWork freeMemory: 8627176; totalMemory: 9109504; maxMemory: 38177538048
INFO	2015-03-27 18:45:48	MarkDuplicates	Reading input file and constructing read end information.
INFO	2015-03-27 18:45:48	MarkDuplicates	Will retain up to 151498166 data points before spilling to disk.
INFO	2015-03-27 18:47:07	MarkDuplicates	Read     1,000,000 records.  Elapsed time: 00:01:17s.  Time for last 1,000,000:   77s.  Last read position: chr1:71,597,498
INFO	2015-03-27 18:47:07	MarkDuplicates	Tracking 10404 as yet unmatched pairs. 4330 records in RAM.
INFO	2015-03-27 18:47:48	MarkDuplicates	Read     2,000,000 records.  Elapsed time: 00:01:58s.  Time for last 1,000,000:   40s.  Last read position: chr1:93,017,274
INFO	2015-03-27 18:47:48	MarkDuplicates	Tracking 8065 as yet unmatched pairs. 143 records in RAM.
INFO	2015-03-27 18:48:19	MarkDuplicates	Read     3,000,000 records.  Elapsed time: 00:02:26s.  Time for last 1,000,000:   28s.  Last read position: chr1:180,802,756
INFO	2015-03-27 18:48:19	MarkDuplicates	Tracking 11895 as yet unmatched pairs. 384 records in RAM.
INFO	2015-03-27 18:48:54	MarkDuplicates	Read     4,000,000 records.  Elapsed time: 00:03:04s.  Time for last 1,000,000:   37s.  Last read position: chr10:77,041,873
INFO	2015-03-27 18:48:54	MarkDuplicates	Tracking 14647 as yet unmatched pairs. 481 records in RAM.
INFO	2015-03-27 18:49:22	MarkDuplicates	Read     5,000,000 records.  Elapsed time: 00:03:30s.  Time for last 1,000,000:   25s.  Last read position: chr10:120,782,517
INFO	2015-03-27 18:49:22	MarkDuplicates	Tracking 16496 as yet unmatched pairs. 231 records in RAM.
INFO	2015-03-27 18:49:56	MarkDuplicates	Read     6,000,000 records.  Elapsed time: 00:04:03s.  Time for last 1,000,000:   33s.  Last read position: chr11:30,137,073
INFO	2015-03-27 18:49:56	MarkDuplicates	Tracking 19782 as yet unmatched pairs. 1678 records in RAM.
INFO	2015-03-27 18:50:22	MarkDuplicates	Read     7,000,000 records.  Elapsed time: 00:04:31s.  Time for last 1,000,000:   27s.  Last read position: chr11:68,843,925
INFO	2015-03-27 18:50:22	MarkDuplicates	Tracking 20877 as yet unmatched pairs. 1304 records in RAM.
INFO	2015-03-27 18:50:49	MarkDuplicates	Read     8,000,000 records.  Elapsed time: 00:04:59s.  Time for last 1,000,000:   27s.  Last read position: chr11:94,643,669
INFO	2015-03-27 18:50:49	MarkDuplicates	Tracking 30747 as yet unmatched pairs. 796 records in RAM.
INFO	2015-03-27 18:51:14	MarkDuplicates	Read     9,000,000 records.  Elapsed time: 00:05:24s.  Time for last 1,000,000:   25s.  Last read position: chr11:106,782,522
INFO	2015-03-27 18:51:14	MarkDuplicates	Tracking 32383 as yet unmatched pairs. 747 records in RAM.
INFO	2015-03-27 18:51:32	MarkDuplicates	Read    10,000,000 records.  Elapsed time: 00:05:40s.  Time for last 1,000,000:   15s.  Last read position: chr12:28,848,453
INFO	2015-03-27 18:51:32	MarkDuplicates	Tracking 35394 as yet unmatched pairs. 1030 records in RAM.
INFO	2015-03-27 18:52:03	MarkDuplicates	Read    11,000,000 records.  Elapsed time: 00:06:11s.  Time for last 1,000,000:   31s.  Last read position: chr12:110,693,761
INFO	2015-03-27 18:52:03	MarkDuplicates	Tracking 39950 as yet unmatched pairs. 1230 records in RAM.
INFO	2015-03-27 18:52:33	MarkDuplicates	Read    12,000,000 records.  Elapsed time: 00:06:38s.  Time for last 1,000,000:   27s.  Last read position: chr13:69,509,640
INFO	2015-03-27 18:52:33	MarkDuplicates	Tracking 42548 as yet unmatched pairs. 655 records in RAM.
INFO	2015-03-27 18:52:59	MarkDuplicates	Read    13,000,000 records.  Elapsed time: 00:07:09s.  Time for last 1,000,000:   31s.  Last read position: chr14:31,172,109
INFO	2015-03-27 18:52:59	MarkDuplicates	Tracking 47730 as yet unmatched pairs. 2160 records in RAM.
INFO	2015-03-27 18:53:17	MarkDuplicates	Read    14,000,000 records.  Elapsed time: 00:07:25s.  Time for last 1,000,000:   15s.  Last read position: chr14:121,543,235
INFO	2015-03-27 18:53:17	MarkDuplicates	Tracking 50048 as yet unmatched pairs. 29 records in RAM.
INFO	2015-03-27 18:53:47	MarkDuplicates	Read    15,000,000 records.  Elapsed time: 00:07:55s.  Time for last 1,000,000:   29s.  Last read position: chr15:78,928,038
INFO	2015-03-27 18:53:47	MarkDuplicates	Tracking 59454 as yet unmatched pairs. 9511 records in RAM.
INFO	2015-03-27 18:54:05	MarkDuplicates	Read    16,000,000 records.  Elapsed time: 00:08:14s.  Time for last 1,000,000:   19s.  Last read position: chr16:5,030,192
INFO	2015-03-27 18:54:05	MarkDuplicates	Tracking 51774 as yet unmatched pairs. 2030 records in RAM.
INFO	2015-03-27 18:54:35	MarkDuplicates	Read    17,000,000 records.  Elapsed time: 00:08:43s.  Time for last 1,000,000:   28s.  Last read position: chr16:85,040,293
INFO	2015-03-27 18:54:35	MarkDuplicates	Tracking 53373 as yet unmatched pairs. 763 records in RAM.
INFO	2015-03-27 18:54:57	MarkDuplicates	Read    18,000,000 records.  Elapsed time: 00:09:03s.  Time for last 1,000,000:   19s.  Last read position: chr17:33,823,280
INFO	2015-03-27 18:54:57	MarkDuplicates	Tracking 56083 as yet unmatched pairs. 3751 records in RAM.
INFO	2015-03-27 18:55:26	MarkDuplicates	Read    19,000,000 records.  Elapsed time: 00:09:34s.  Time for last 1,000,000:   30s.  Last read position: chr17:88,646,090
INFO	2015-03-27 18:55:26	MarkDuplicates	Tracking 56158 as yet unmatched pairs. 278 records in RAM.
INFO	2015-03-27 18:55:46	MarkDuplicates	Read    20,000,000 records.  Elapsed time: 00:09:54s.  Time for last 1,000,000:   20s.  Last read position: chr18:77,779,971
INFO	2015-03-27 18:55:46	MarkDuplicates	Tracking 57727 as yet unmatched pairs. 830 records in RAM.
INFO	2015-03-27 18:56:21	MarkDuplicates	Read    21,000,000 records.  Elapsed time: 00:10:29s.  Time for last 1,000,000:   34s.  Last read position: chr19:34,241,609
INFO	2015-03-27 18:56:21	MarkDuplicates	Tracking 64847 as yet unmatched pairs. 7714 records in RAM.
INFO	2015-03-27 18:56:40	MarkDuplicates	Read    22,000,000 records.  Elapsed time: 00:10:50s.  Time for last 1,000,000:   21s.  Last read position: chr2:13,580,066
INFO	2015-03-27 18:56:40	MarkDuplicates	Tracking 65812 as yet unmatched pairs. 12996 records in RAM.
INFO	2015-03-27 18:56:58	MarkDuplicates	Read    23,000,000 records.  Elapsed time: 00:11:05s.  Time for last 1,000,000:   15s.  Last read position: chr2:70,682,975
INFO	2015-03-27 18:56:58	MarkDuplicates	Tracking 58821 as yet unmatched pairs. 4143 records in RAM.
INFO	2015-03-27 18:57:33	MarkDuplicates	Read    24,000,000 records.  Elapsed time: 00:11:43s.  Time for last 1,000,000:   37s.  Last read position: chr2:118,125,263
INFO	2015-03-27 18:57:33	MarkDuplicates	Tracking 65799 as yet unmatched pairs. 8405 records in RAM.
INFO	2015-03-27 18:57:53	MarkDuplicates	Read    25,000,000 records.  Elapsed time: 00:12:01s.  Time for last 1,000,000:   18s.  Last read position: chr2:157,120,529
INFO	2015-03-27 18:57:53	MarkDuplicates	Tracking 59560 as yet unmatched pairs. 736 records in RAM.
INFO	2015-03-27 18:58:28	MarkDuplicates	Read    26,000,000 records.  Elapsed time: 00:12:35s.  Time for last 1,000,000:   34s.  Last read position: chr3:75,898,102
INFO	2015-03-27 18:58:28	MarkDuplicates	Tracking 57613 as yet unmatched pairs. 3480 records in RAM.
INFO	2015-03-27 18:58:46	MarkDuplicates	Read    27,000,000 records.  Elapsed time: 00:12:51s.  Time for last 1,000,000:   15s.  Last read position: chr3:122,016,834
INFO	2015-03-27 18:58:46	MarkDuplicates	Tracking 55830 as yet unmatched pairs. 885 records in RAM.
INFO	2015-03-27 18:59:06	MarkDuplicates	Read    28,000,000 records.  Elapsed time: 00:13:15s.  Time for last 1,000,000:   24s.  Last read position: chr4:59,610,728
INFO	2015-03-27 18:59:06	MarkDuplicates	Tracking 55679 as yet unmatched pairs. 5602 records in RAM.
INFO	2015-03-27 18:59:42	MarkDuplicates	Read    29,000,000 records.  Elapsed time: 00:13:50s.  Time for last 1,000,000:   34s.  Last read position: chr4:126,180,402
INFO	2015-03-27 18:59:42	MarkDuplicates	Tracking 54633 as yet unmatched pairs. 2893 records in RAM.
INFO	2015-03-27 19:00:02	MarkDuplicates	Read    30,000,000 records.  Elapsed time: 00:14:07s.  Time for last 1,000,000:   17s.  Last read position: chr4:155,806,982
INFO	2015-03-27 19:00:02	MarkDuplicates	Tracking 53595 as yet unmatched pairs. 298 records in RAM.
INFO	2015-03-27 19:00:25	MarkDuplicates	Read    31,000,000 records.  Elapsed time: 00:14:33s.  Time for last 1,000,000:   25s.  Last read position: chr5:104,439,396
INFO	2015-03-27 19:00:25	MarkDuplicates	Tracking 54209 as yet unmatched pairs. 4539 records in RAM.
INFO	2015-03-27 19:00:41	MarkDuplicates	Read    32,000,000 records.  Elapsed time: 00:14:48s.  Time for last 1,000,000:   15s.  Last read position: chr5:134,627,664
INFO	2015-03-27 19:00:41	MarkDuplicates	Tracking 52515 as yet unmatched pairs. 1620 records in RAM.
INFO	2015-03-27 19:01:18	MarkDuplicates	Read    33,000,000 records.  Elapsed time: 00:15:25s.  Time for last 1,000,000:   37s.  Last read position: chr6:4,533,844
INFO	2015-03-27 19:01:18	MarkDuplicates	Tracking 52560 as yet unmatched pairs. 19327 records in RAM.
INFO	2015-03-27 19:01:34	MarkDuplicates	Read    34,000,000 records.  Elapsed time: 00:15:43s.  Time for last 1,000,000:   17s.  Last read position: chr6:82,726,785
INFO	2015-03-27 19:01:34	MarkDuplicates	Tracking 39733 as yet unmatched pairs. 4277 records in RAM.
INFO	2015-03-27 19:01:58	MarkDuplicates	Read    35,000,000 records.  Elapsed time: 00:16:06s.  Time for last 1,000,000:   23s.  Last read position: chr6:125,460,643
INFO	2015-03-27 19:01:58	MarkDuplicates	Tracking 37899 as yet unmatched pairs. 1997 records in RAM.
INFO	2015-03-27 19:02:36	MarkDuplicates	Read    36,000,000 records.  Elapsed time: 00:16:47s.  Time for last 1,000,000:   40s.  Last read position: chr7:29,180,285
INFO	2015-03-27 19:02:36	MarkDuplicates	Tracking 34984 as yet unmatched pairs. 7169 records in RAM.
INFO	2015-03-27 19:02:53	MarkDuplicates	Read    37,000,000 records.  Elapsed time: 00:17:01s.  Time for last 1,000,000:   14s.  Last read position: chr7:99,345,874
INFO	2015-03-27 19:02:54	MarkDuplicates	Tracking 32667 as yet unmatched pairs. 4322 records in RAM.
INFO	2015-03-27 19:03:12	MarkDuplicates	Read    38,000,000 records.  Elapsed time: 00:17:19s.  Time for last 1,000,000:   17s.  Last read position: chr7:141,160,519
INFO	2015-03-27 19:03:12	MarkDuplicates	Tracking 29846 as yet unmatched pairs. 697 records in RAM.
INFO	2015-03-27 19:03:40	MarkDuplicates	Read    39,000,000 records.  Elapsed time: 00:17:47s.  Time for last 1,000,000:   28s.  Last read position: chr8:47,513,424
INFO	2015-03-27 19:03:40	MarkDuplicates	Tracking 27583 as yet unmatched pairs. 6413 records in RAM.
INFO	2015-03-27 19:03:57	MarkDuplicates	Read    40,000,000 records.  Elapsed time: 00:18:05s.  Time for last 1,000,000:   17s.  Last read position: chr8:111,043,789
INFO	2015-03-27 19:03:57	MarkDuplicates	Tracking 24613 as yet unmatched pairs. 2681 records in RAM.
INFO	2015-03-27 19:04:40	MarkDuplicates	Read    41,000,000 records.  Elapsed time: 00:18:48s.  Time for last 1,000,000:   42s.  Last read position: chr9:40,804,294
INFO	2015-03-27 19:04:40	MarkDuplicates	Tracking 22206 as yet unmatched pairs. 12685 records in RAM.
INFO	2015-03-27 19:04:56	MarkDuplicates	Read    42,000,000 records.  Elapsed time: 00:19:04s.  Time for last 1,000,000:   15s.  Last read position: chr9:67,022,770
INFO	2015-03-27 19:04:56	MarkDuplicates	Tracking 20230 as yet unmatched pairs. 10264 records in RAM.
INFO	2015-03-27 19:05:20	MarkDuplicates	Read    43,000,000 records.  Elapsed time: 00:19:28s.  Time for last 1,000,000:   24s.  Last read position: chr9:96,333,575
INFO	2015-03-27 19:05:20	MarkDuplicates	Tracking 15013 as yet unmatched pairs. 4967 records in RAM.
INFO	2015-03-27 19:05:37	MarkDuplicates	Read    44,000,000 records.  Elapsed time: 00:19:46s.  Time for last 1,000,000:   18s.  Last read position: chrM:5,989
INFO	2015-03-27 19:05:37	MarkDuplicates	Tracking 22127 as yet unmatched pairs. 14733 records in RAM.
INFO	2015-03-27 19:06:23	MarkDuplicates	Read    45,000,000 records.  Elapsed time: 00:20:30s.  Time for last 1,000,000:   43s.  Last read position: chrX:20,873,086
INFO	2015-03-27 19:06:23	MarkDuplicates	Tracking 7768 as yet unmatched pairs. 6081 records in RAM.
INFO	2015-03-27 19:06:40	MarkDuplicates	Read    46,000,000 records.  Elapsed time: 00:20:49s.  Time for last 1,000,000:   19s.  Last read position: chrX:103,961,796
INFO	2015-03-27 19:06:40	MarkDuplicates	Tracking 3876 as yet unmatched pairs. 2181 records in RAM.
INFO	2015-03-27 19:06:47	MarkDuplicates	Read 46478173 records. 0 pairs never matched.
INFO	2015-03-27 19:07:05	MarkDuplicates	After buildSortedReadEndLists freeMemory: 8343138056; totalMemory: 15199502336; maxMemory: 38177538048
INFO	2015-03-27 19:07:05	MarkDuplicates	Will retain up to 1193048064 duplicate indices before spilling to disk.
INFO	2015-03-27 19:07:10	MarkDuplicates	Traversing read pair information and detecting duplicates.
INFO	2015-03-27 19:07:39	MarkDuplicates	Traversing fragment information and detecting duplicates.
INFO	2015-03-27 19:08:36	MarkDuplicates	Sorting list of duplicate records.
INFO	2015-03-27 19:08:44	MarkDuplicates	After generateDuplicateIndexes freeMemory: 15042575584; totalMemory: 24743903232; maxMemory: 38177538048
INFO	2015-03-27 19:08:44	MarkDuplicates	Marking 6965646 records as duplicates.
INFO	2015-03-27 19:08:44	MarkDuplicates	Found 9539 optical duplicate clusters.
INFO	2015-03-27 19:15:22	MarkDuplicates	Written    10,000,000 records.  Elapsed time: 00:06:38s.  Time for last 10,000,000:  398s.  Last read position: chr12:28,848,453
INFO	2015-03-27 19:22:06	MarkDuplicates	Written    20,000,000 records.  Elapsed time: 00:13:21s.  Time for last 10,000,000:  403s.  Last read position: chr18:77,779,971
INFO	2015-03-27 19:28:51	MarkDuplicates	Written    30,000,000 records.  Elapsed time: 00:20:07s.  Time for last 10,000,000:  405s.  Last read position: chr4:155,806,982
INFO	2015-03-27 19:35:22	MarkDuplicates	Written    40,000,000 records.  Elapsed time: 00:26:38s.  Time for last 10,000,000:  390s.  Last read position: chr8:111,043,789
INFO	2015-03-27 19:39:37	MarkDuplicates	Before output close freeMemory: 27544346016; totalMemory: 27763867648; maxMemory: 38177538048
INFO	2015-03-27 19:39:40	MarkDuplicates	After output close freeMemory: 27332926736; totalMemory: 27552448512; maxMemory: 38177538048
[Fri Mar 27 19:39:40 EDT 2015] net.sf.picard.sam.MarkDuplicates done. Elapsed time: 53.88 minutes.
Runtime.totalMemory()=27552448512
