[Fri Mar 27 19:52:39 EDT 2015] net.sf.picard.sam.MarkDuplicates INPUT=[/n/rinn_data1/users/agroff/seq/OtherMice/Diana/lincP21/bam/mikeMEFs_WT2/accepted_hits_sorted_picard.bam] OUTPUT=/n/rinn_data1/users/agroff/seq/OtherMice/Diana/lincP21/bam/mikeMEFs_WT2/accepted_hits_sorted_duplicates_marked.bam METRICS_FILE=dup_metrics.txt    PROGRAM_RECORD_ID=MarkDuplicates PROGRAM_GROUP_NAME=MarkDuplicates REMOVE_DUPLICATES=false ASSUME_SORTED=false MAX_SEQUENCES_FOR_DISK_READ_ENDS_MAP=50000 MAX_FILE_HANDLES_FOR_READ_ENDS_MAP=8000 SORTING_COLLECTION_SIZE_RATIO=0.25 READ_NAME_REGEX=[a-zA-Z0-9]+:[0-9]:([0-9]+):([0-9]+):([0-9]+).* OPTICAL_DUPLICATE_PIXEL_DISTANCE=100 VERBOSITY=INFO QUIET=false VALIDATION_STRINGENCY=STRICT COMPRESSION_LEVEL=5 MAX_RECORDS_IN_RAM=500000 CREATE_INDEX=false CREATE_MD5_FILE=false
[Fri Mar 27 19:52:39 EDT 2015] Executing as agroff@holy2a08305.rc.fas.harvard.edu on Linux 2.6.32-431.17.1.el6.x86_64 amd64; Java HotSpot(TM) 64-Bit Server VM 1.6.0_11-b03; Picard version: 1.98(1547)
INFO	2015-03-27 19:52:39	MarkDuplicates	Start of doWork freeMemory: 8624976; totalMemory: 9109504; maxMemory: 38177538048
INFO	2015-03-27 19:52:39	MarkDuplicates	Reading input file and constructing read end information.
INFO	2015-03-27 19:52:39	MarkDuplicates	Will retain up to 151498166 data points before spilling to disk.
INFO	2015-03-27 19:53:55	MarkDuplicates	Read     1,000,000 records.  Elapsed time: 00:01:11s.  Time for last 1,000,000:   71s.  Last read position: chr1:51,301,307
INFO	2015-03-27 19:53:55	MarkDuplicates	Tracking 8804 as yet unmatched pairs. 477 records in RAM.
INFO	2015-03-27 19:54:23	MarkDuplicates	Read     2,000,000 records.  Elapsed time: 00:01:39s.  Time for last 1,000,000:   28s.  Last read position: chr1:71,603,757
INFO	2015-03-27 19:54:23	MarkDuplicates	Tracking 18565 as yet unmatched pairs. 7901 records in RAM.
INFO	2015-03-27 19:54:45	MarkDuplicates	Read     3,000,000 records.  Elapsed time: 00:02:03s.  Time for last 1,000,000:   24s.  Last read position: chr1:74,291,233
INFO	2015-03-27 19:54:45	MarkDuplicates	Tracking 11896 as yet unmatched pairs. 384 records in RAM.
INFO	2015-03-27 19:55:10	MarkDuplicates	Read     4,000,000 records.  Elapsed time: 00:02:27s.  Time for last 1,000,000:   23s.  Last read position: chr1:131,056,004
INFO	2015-03-27 19:55:10	MarkDuplicates	Tracking 16660 as yet unmatched pairs. 455 records in RAM.
INFO	2015-03-27 19:55:33	MarkDuplicates	Read     5,000,000 records.  Elapsed time: 00:02:48s.  Time for last 1,000,000:   20s.  Last read position: chr1:171,136,077
INFO	2015-03-27 19:55:33	MarkDuplicates	Tracking 19163 as yet unmatched pairs. 363 records in RAM.
INFO	2015-03-27 19:55:57	MarkDuplicates	Read     6,000,000 records.  Elapsed time: 00:03:15s.  Time for last 1,000,000:   27s.  Last read position: chr10:18,114,465
INFO	2015-03-27 19:55:57	MarkDuplicates	Tracking 21431 as yet unmatched pairs. 834 records in RAM.
INFO	2015-03-27 19:56:17	MarkDuplicates	Read     7,000,000 records.  Elapsed time: 00:03:33s.  Time for last 1,000,000:   17s.  Last read position: chr10:70,191,429
INFO	2015-03-27 19:56:17	MarkDuplicates	Tracking 24087 as yet unmatched pairs. 815 records in RAM.
INFO	2015-03-27 19:56:38	MarkDuplicates	Read     8,000,000 records.  Elapsed time: 00:03:54s.  Time for last 1,000,000:   21s.  Last read position: chr10:81,332,859
INFO	2015-03-27 19:56:38	MarkDuplicates	Tracking 24948 as yet unmatched pairs. 589 records in RAM.
INFO	2015-03-27 19:56:57	MarkDuplicates	Read     9,000,000 records.  Elapsed time: 00:04:16s.  Time for last 1,000,000:   21s.  Last read position: chr10:120,791,479
INFO	2015-03-27 19:56:57	MarkDuplicates	Tracking 27118 as yet unmatched pairs. 346 records in RAM.
INFO	2015-03-27 19:57:13	MarkDuplicates	Read    10,000,000 records.  Elapsed time: 00:04:29s.  Time for last 1,000,000:   13s.  Last read position: chr11:4,637,802
INFO	2015-03-27 19:57:13	MarkDuplicates	Tracking 29045 as yet unmatched pairs. 2304 records in RAM.
INFO	2015-03-27 19:57:33	MarkDuplicates	Read    11,000,000 records.  Elapsed time: 00:04:51s.  Time for last 1,000,000:   21s.  Last read position: chr11:35,708,607
INFO	2015-03-27 19:57:33	MarkDuplicates	Tracking 32258 as yet unmatched pairs. 2185 records in RAM.
INFO	2015-03-27 19:57:55	MarkDuplicates	Read    12,000,000 records.  Elapsed time: 00:05:11s.  Time for last 1,000,000:   20s.  Last read position: chr11:55,398,671
INFO	2015-03-27 19:57:55	MarkDuplicates	Tracking 40944 as yet unmatched pairs. 9832 records in RAM.
INFO	2015-03-27 19:58:08	MarkDuplicates	Read    13,000,000 records.  Elapsed time: 00:05:25s.  Time for last 1,000,000:   13s.  Last read position: chr11:70,651,988
INFO	2015-03-27 19:58:08	MarkDuplicates	Tracking 36909 as yet unmatched pairs. 4409 records in RAM.
INFO	2015-03-27 19:58:31	MarkDuplicates	Read    14,000,000 records.  Elapsed time: 00:05:48s.  Time for last 1,000,000:   22s.  Last read position: chr11:86,712,627
INFO	2015-03-27 19:58:31	MarkDuplicates	Tracking 36173 as yet unmatched pairs. 1759 records in RAM.
INFO	2015-03-27 19:58:52	MarkDuplicates	Read    15,000,000 records.  Elapsed time: 00:06:11s.  Time for last 1,000,000:   22s.  Last read position: chr11:94,951,693
INFO	2015-03-27 19:58:52	MarkDuplicates	Tracking 53542 as yet unmatched pairs. 4702 records in RAM.
INFO	2015-03-27 19:59:08	MarkDuplicates	Read    16,000,000 records.  Elapsed time: 00:06:24s.  Time for last 1,000,000:   13s.  Last read position: chr11:102,914,575
INFO	2015-03-27 19:59:08	MarkDuplicates	Tracking 51144 as yet unmatched pairs. 503 records in RAM.
INFO	2015-03-27 19:59:34	MarkDuplicates	Read    17,000,000 records.  Elapsed time: 00:06:50s.  Time for last 1,000,000:   25s.  Last read position: chr11:120,346,799
INFO	2015-03-27 19:59:34	MarkDuplicates	Tracking 57964 as yet unmatched pairs. 5077 records in RAM.
INFO	2015-03-27 19:59:49	MarkDuplicates	Read    18,000,000 records.  Elapsed time: 00:07:06s.  Time for last 1,000,000:   16s.  Last read position: chr12:29,982,719
INFO	2015-03-27 19:59:49	MarkDuplicates	Tracking 57398 as yet unmatched pairs. 1834 records in RAM.
INFO	2015-03-27 20:00:16	MarkDuplicates	Read    19,000,000 records.  Elapsed time: 00:07:32s.  Time for last 1,000,000:   26s.  Last read position: chr12:82,449,929
INFO	2015-03-27 20:00:16	MarkDuplicates	Tracking 62712 as yet unmatched pairs. 867 records in RAM.
INFO	2015-03-27 20:00:30	MarkDuplicates	Read    20,000,000 records.  Elapsed time: 00:07:49s.  Time for last 1,000,000:   16s.  Last read position: chr12:112,657,068
INFO	2015-03-27 20:00:30	MarkDuplicates	Tracking 64956 as yet unmatched pairs. 933 records in RAM.
INFO	2015-03-27 20:00:45	MarkDuplicates	Read    21,000,000 records.  Elapsed time: 00:08:01s.  Time for last 1,000,000:   12s.  Last read position: chr13:48,897,701
INFO	2015-03-27 20:00:45	MarkDuplicates	Tracking 69781 as yet unmatched pairs. 2560 records in RAM.
INFO	2015-03-27 20:01:12	MarkDuplicates	Read    22,000,000 records.  Elapsed time: 00:08:27s.  Time for last 1,000,000:   25s.  Last read position: chr13:95,601,879
INFO	2015-03-27 20:01:12	MarkDuplicates	Tracking 75345 as yet unmatched pairs. 974 records in RAM.
INFO	2015-03-27 20:01:31	MarkDuplicates	Read    23,000,000 records.  Elapsed time: 00:08:47s.  Time for last 1,000,000:   20s.  Last read position: chr14:20,995,079
INFO	2015-03-27 20:01:31	MarkDuplicates	Tracking 83070 as yet unmatched pairs. 5054 records in RAM.
INFO	2015-03-27 20:02:17	MarkDuplicates	Read    24,000,000 records.  Elapsed time: 00:09:33s.  Time for last 1,000,000:   45s.  Last read position: chr14:54,616,769
INFO	2015-03-27 20:02:17	MarkDuplicates	Tracking 83589 as yet unmatched pairs. 2692 records in RAM.
INFO	2015-03-27 20:02:34	MarkDuplicates	Read    25,000,000 records.  Elapsed time: 00:09:49s.  Time for last 1,000,000:   15s.  Last read position: chr14:88,123,259
INFO	2015-03-27 20:02:34	MarkDuplicates	Tracking 84770 as yet unmatched pairs. 1416 records in RAM.
INFO	2015-03-27 20:02:51	MarkDuplicates	Read    26,000,000 records.  Elapsed time: 00:10:07s.  Time for last 1,000,000:   18s.  Last read position: chr15:51,842,594
INFO	2015-03-27 20:02:51	MarkDuplicates	Tracking 88046 as yet unmatched pairs. 3074 records in RAM.
INFO	2015-03-27 20:03:28	MarkDuplicates	Read    27,000,000 records.  Elapsed time: 00:10:46s.  Time for last 1,000,000:   38s.  Last read position: chr15:78,926,768
INFO	2015-03-27 20:03:28	MarkDuplicates	Tracking 100722 as yet unmatched pairs. 14785 records in RAM.
INFO	2015-03-27 20:03:43	MarkDuplicates	Read    28,000,000 records.  Elapsed time: 00:11:00s.  Time for last 1,000,000:   14s.  Last read position: chr15:98,856,295
INFO	2015-03-27 20:03:43	MarkDuplicates	Tracking 87884 as yet unmatched pairs. 285 records in RAM.
INFO	2015-03-27 20:04:00	MarkDuplicates	Read    29,000,000 records.  Elapsed time: 00:11:16s.  Time for last 1,000,000:   15s.  Last read position: chr16:11,199,639
INFO	2015-03-27 20:04:00	MarkDuplicates	Tracking 89525 as yet unmatched pairs. 4189 records in RAM.
INFO	2015-03-27 20:04:49	MarkDuplicates	Read    30,000,000 records.  Elapsed time: 00:12:04s.  Time for last 1,000,000:   47s.  Last read position: chr16:35,449,409
INFO	2015-03-27 20:04:49	MarkDuplicates	Tracking 90445 as yet unmatched pairs. 3160 records in RAM.
INFO	2015-03-27 20:05:05	MarkDuplicates	Read    31,000,000 records.  Elapsed time: 00:12:20s.  Time for last 1,000,000:   16s.  Last read position: chr16:96,122,296
INFO	2015-03-27 20:05:05	MarkDuplicates	Tracking 91769 as yet unmatched pairs. 1012 records in RAM.
INFO	2015-03-27 20:05:28	MarkDuplicates	Read    32,000,000 records.  Elapsed time: 00:12:43s.  Time for last 1,000,000:   23s.  Last read position: chr17:26,508,162
INFO	2015-03-27 20:05:28	MarkDuplicates	Tracking 93417 as yet unmatched pairs. 5286 records in RAM.
INFO	2015-03-27 20:05:42	MarkDuplicates	Read    33,000,000 records.  Elapsed time: 00:12:59s.  Time for last 1,000,000:   15s.  Last read position: chr17:35,957,007
INFO	2015-03-27 20:05:42	MarkDuplicates	Tracking 92541 as yet unmatched pairs. 2731 records in RAM.
INFO	2015-03-27 20:06:06	MarkDuplicates	Read    34,000,000 records.  Elapsed time: 00:13:22s.  Time for last 1,000,000:   23s.  Last read position: chr17:70,996,787
INFO	2015-03-27 20:06:06	MarkDuplicates	Tracking 104253 as yet unmatched pairs. 5637 records in RAM.
INFO	2015-03-27 20:06:22	MarkDuplicates	Read    35,000,000 records.  Elapsed time: 00:13:38s.  Time for last 1,000,000:   15s.  Last read position: chr18:34,951,273
INFO	2015-03-27 20:06:22	MarkDuplicates	Tracking 101385 as yet unmatched pairs. 4677 records in RAM.
INFO	2015-03-27 20:07:13	MarkDuplicates	Read    36,000,000 records.  Elapsed time: 00:14:30s.  Time for last 1,000,000:   52s.  Last read position: chr18:66,464,499
INFO	2015-03-27 20:07:13	MarkDuplicates	Tracking 101613 as yet unmatched pairs. 2352 records in RAM.
INFO	2015-03-27 20:07:36	MarkDuplicates	Read    37,000,000 records.  Elapsed time: 00:14:55s.  Time for last 1,000,000:   24s.  Last read position: chr19:6,909,494
INFO	2015-03-27 20:07:36	MarkDuplicates	Tracking 101893 as yet unmatched pairs. 2406 records in RAM.
INFO	2015-03-27 20:07:57	MarkDuplicates	Read    38,000,000 records.  Elapsed time: 00:15:11s.  Time for last 1,000,000:   15s.  Last read position: chr19:32,758,321
INFO	2015-03-27 20:07:57	MarkDuplicates	Tracking 101818 as yet unmatched pairs. 1035 records in RAM.
INFO	2015-03-27 20:09:16	MarkDuplicates	Read    39,000,000 records.  Elapsed time: 00:16:31s.  Time for last 1,000,000:   80s.  Last read position: chr19:45,005,579
INFO	2015-03-27 20:09:16	MarkDuplicates	Tracking 102012 as yet unmatched pairs. 525 records in RAM.
INFO	2015-03-27 20:09:32	MarkDuplicates	Read    40,000,000 records.  Elapsed time: 00:16:48s.  Time for last 1,000,000:   16s.  Last read position: chr2:14,139,002
INFO	2015-03-27 20:09:32	MarkDuplicates	Tracking 103072 as yet unmatched pairs. 9013 records in RAM.
INFO	2015-03-27 20:09:59	MarkDuplicates	Read    41,000,000 records.  Elapsed time: 00:17:18s.  Time for last 1,000,000:   29s.  Last read position: chr2:32,961,745
INFO	2015-03-27 20:09:59	MarkDuplicates	Tracking 106471 as yet unmatched pairs. 10188 records in RAM.
INFO	2015-03-27 20:10:19	MarkDuplicates	Read    42,000,000 records.  Elapsed time: 00:17:32s.  Time for last 1,000,000:   13s.  Last read position: chr2:83,802,946
INFO	2015-03-27 20:10:19	MarkDuplicates	Tracking 105675 as yet unmatched pairs. 5496 records in RAM.
INFO	2015-03-27 20:10:37	MarkDuplicates	Read    43,000,000 records.  Elapsed time: 00:17:51s.  Time for last 1,000,000:   19s.  Last read position: chr2:118,118,177
INFO	2015-03-27 20:10:37	MarkDuplicates	Tracking 112525 as yet unmatched pairs. 11396 records in RAM.
INFO	2015-03-27 20:11:19	MarkDuplicates	Read    44,000,000 records.  Elapsed time: 00:18:32s.  Time for last 1,000,000:   40s.  Last read position: chr2:121,867,370
INFO	2015-03-27 20:11:19	MarkDuplicates	Tracking 105172 as yet unmatched pairs. 3445 records in RAM.
INFO	2015-03-27 20:11:37	MarkDuplicates	Read    45,000,000 records.  Elapsed time: 00:18:52s.  Time for last 1,000,000:   20s.  Last read position: chr2:155,064,250
INFO	2015-03-27 20:11:37	MarkDuplicates	Tracking 104731 as yet unmatched pairs. 1965 records in RAM.
INFO	2015-03-27 20:12:00	MarkDuplicates	Read    46,000,000 records.  Elapsed time: 00:19:14s.  Time for last 1,000,000:   21s.  Last read position: chr2:181,380,440
INFO	2015-03-27 20:12:00	MarkDuplicates	Tracking 104534 as yet unmatched pairs. 89 records in RAM.
INFO	2015-03-27 20:12:21	MarkDuplicates	Read    47,000,000 records.  Elapsed time: 00:19:34s.  Time for last 1,000,000:   19s.  Last read position: chr3:68,625,889
INFO	2015-03-27 20:12:21	MarkDuplicates	Tracking 99234 as yet unmatched pairs. 5786 records in RAM.
INFO	2015-03-27 20:13:26	MarkDuplicates	Read    48,000,000 records.  Elapsed time: 00:20:44s.  Time for last 1,000,000:   70s.  Last read position: chr3:94,886,206
INFO	2015-03-27 20:13:26	MarkDuplicates	Tracking 97303 as yet unmatched pairs. 3261 records in RAM.
INFO	2015-03-27 20:13:43	MarkDuplicates	Read    49,000,000 records.  Elapsed time: 00:20:57s.  Time for last 1,000,000:   13s.  Last read position: chr3:130,729,095
INFO	2015-03-27 20:13:43	MarkDuplicates	Tracking 99821 as yet unmatched pairs. 4885 records in RAM.
INFO	2015-03-27 20:13:59	MarkDuplicates	Read    50,000,000 records.  Elapsed time: 00:21:15s.  Time for last 1,000,000:   17s.  Last read position: chr4:41,190,681
INFO	2015-03-27 20:13:59	MarkDuplicates	Tracking 96870 as yet unmatched pairs. 10085 records in RAM.
INFO	2015-03-27 20:14:27	MarkDuplicates	Read    51,000,000 records.  Elapsed time: 00:21:42s.  Time for last 1,000,000:   27s.  Last read position: chr4:63,993,147
INFO	2015-03-27 20:14:27	MarkDuplicates	Tracking 98813 as yet unmatched pairs. 11361 records in RAM.
INFO	2015-03-27 20:14:46	MarkDuplicates	Read    52,000,000 records.  Elapsed time: 00:21:58s.  Time for last 1,000,000:   16s.  Last read position: chr4:116,699,382
INFO	2015-03-27 20:14:46	MarkDuplicates	Tracking 94525 as yet unmatched pairs. 6273 records in RAM.
INFO	2015-03-27 20:15:03	MarkDuplicates	Read    53,000,000 records.  Elapsed time: 00:22:18s.  Time for last 1,000,000:   19s.  Last read position: chr4:134,470,692
INFO	2015-03-27 20:15:03	MarkDuplicates	Tracking 94370 as yet unmatched pairs. 4093 records in RAM.
INFO	2015-03-27 20:16:39	MarkDuplicates	Read    54,000,000 records.  Elapsed time: 00:23:55s.  Time for last 1,000,000:   96s.  Last read position: chr4:150,247,546
INFO	2015-03-27 20:16:39	MarkDuplicates	Tracking 98749 as yet unmatched pairs. 6687 records in RAM.
INFO	2015-03-27 20:16:56	MarkDuplicates	Read    55,000,000 records.  Elapsed time: 00:24:09s.  Time for last 1,000,000:   14s.  Last read position: chr5:33,360,555
INFO	2015-03-27 20:16:56	MarkDuplicates	Tracking 93541 as yet unmatched pairs. 7327 records in RAM.
INFO	2015-03-27 20:17:15	MarkDuplicates	Read    56,000,000 records.  Elapsed time: 00:24:34s.  Time for last 1,000,000:   24s.  Last read position: chr5:100,383,826
INFO	2015-03-27 20:17:15	MarkDuplicates	Tracking 92721 as yet unmatched pairs. 5810 records in RAM.
INFO	2015-03-27 20:17:32	MarkDuplicates	Read    57,000,000 records.  Elapsed time: 00:24:46s.  Time for last 1,000,000:   12s.  Last read position: chr5:121,208,794
INFO	2015-03-27 20:17:32	MarkDuplicates	Tracking 93814 as yet unmatched pairs. 5210 records in RAM.
INFO	2015-03-27 20:17:47	MarkDuplicates	Read    58,000,000 records.  Elapsed time: 00:25:03s.  Time for last 1,000,000:   16s.  Last read position: chr5:135,888,299
INFO	2015-03-27 20:17:47	MarkDuplicates	Tracking 91039 as yet unmatched pairs. 1891 records in RAM.
INFO	2015-03-27 20:18:10	MarkDuplicates	Read    59,000,000 records.  Elapsed time: 00:25:26s.  Time for last 1,000,000:   23s.  Last read position: chr5:142,905,310
INFO	2015-03-27 20:18:10	MarkDuplicates	Tracking 100878 as yet unmatched pairs. 11349 records in RAM.
INFO	2015-03-27 20:18:23	MarkDuplicates	Read    60,000,000 records.  Elapsed time: 00:25:41s.  Time for last 1,000,000:   15s.  Last read position: chr6:13,582,178
INFO	2015-03-27 20:18:23	MarkDuplicates	Tracking 84643 as yet unmatched pairs. 27738 records in RAM.
INFO	2015-03-27 20:18:42	MarkDuplicates	Read    61,000,000 records.  Elapsed time: 00:25:55s.  Time for last 1,000,000:   13s.  Last read position: chr6:47,524,526
INFO	2015-03-27 20:18:42	MarkDuplicates	Tracking 68841 as yet unmatched pairs. 9133 records in RAM.
INFO	2015-03-27 20:19:35	MarkDuplicates	Read    62,000,000 records.  Elapsed time: 00:26:52s.  Time for last 1,000,000:   57s.  Last read position: chr6:88,505,016
INFO	2015-03-27 20:19:35	MarkDuplicates	Tracking 67401 as yet unmatched pairs. 6954 records in RAM.
INFO	2015-03-27 20:19:52	MarkDuplicates	Read    63,000,000 records.  Elapsed time: 00:27:06s.  Time for last 1,000,000:   14s.  Last read position: chr6:124,913,765
INFO	2015-03-27 20:19:52	MarkDuplicates	Tracking 65438 as yet unmatched pairs. 4687 records in RAM.
INFO	2015-03-27 20:20:07	MarkDuplicates	Read    64,000,000 records.  Elapsed time: 00:27:24s.  Time for last 1,000,000:   17s.  Last read position: chr7:3,704,424
INFO	2015-03-27 20:20:07	MarkDuplicates	Tracking 65500 as yet unmatched pairs. 17868 records in RAM.
INFO	2015-03-27 20:20:37	MarkDuplicates	Read    65,000,000 records.  Elapsed time: 00:27:53s.  Time for last 1,000,000:   29s.  Last read position: chr7:28,893,279
INFO	2015-03-27 20:20:37	MarkDuplicates	Tracking 59004 as yet unmatched pairs. 10993 records in RAM.
INFO	2015-03-27 20:20:56	MarkDuplicates	Read    66,000,000 records.  Elapsed time: 00:28:08s.  Time for last 1,000,000:   14s.  Last read position: chr7:45,825,540
INFO	2015-03-27 20:20:56	MarkDuplicates	Tracking 55007 as yet unmatched pairs. 6682 records in RAM.
INFO	2015-03-27 20:21:13	MarkDuplicates	Read    67,000,000 records.  Elapsed time: 00:28:29s.  Time for last 1,000,000:   20s.  Last read position: chr7:99,346,991
INFO	2015-03-27 20:21:13	MarkDuplicates	Tracking 56598 as yet unmatched pairs. 7766 records in RAM.
INFO	2015-03-27 20:22:32	MarkDuplicates	Read    68,000,000 records.  Elapsed time: 00:29:51s.  Time for last 1,000,000:   82s.  Last read position: chr7:118,145,521
INFO	2015-03-27 20:22:32	MarkDuplicates	Tracking 51018 as yet unmatched pairs. 2000 records in RAM.
INFO	2015-03-27 20:22:49	MarkDuplicates	Read    69,000,000 records.  Elapsed time: 00:30:04s.  Time for last 1,000,000:   13s.  Last read position: chr7:142,538,977
INFO	2015-03-27 20:22:49	MarkDuplicates	Tracking 51265 as yet unmatched pairs. 566 records in RAM.
INFO	2015-03-27 20:23:07	MarkDuplicates	Read    70,000,000 records.  Elapsed time: 00:30:22s.  Time for last 1,000,000:   18s.  Last read position: chr8:22,766,574
INFO	2015-03-27 20:23:07	MarkDuplicates	Tracking 48533 as yet unmatched pairs. 10741 records in RAM.
INFO	2015-03-27 20:23:26	MarkDuplicates	Read    71,000,000 records.  Elapsed time: 00:30:39s.  Time for last 1,000,000:   16s.  Last read position: chr8:70,896,163
INFO	2015-03-27 20:23:26	MarkDuplicates	Tracking 50584 as yet unmatched pairs. 12381 records in RAM.
INFO	2015-03-27 20:23:48	MarkDuplicates	Read    72,000,000 records.  Elapsed time: 00:31:02s.  Time for last 1,000,000:   23s.  Last read position: chr8:102,664,733
INFO	2015-03-27 20:23:48	MarkDuplicates	Tracking 44311 as yet unmatched pairs. 5771 records in RAM.
INFO	2015-03-27 20:24:06	MarkDuplicates	Read    73,000,000 records.  Elapsed time: 00:31:20s.  Time for last 1,000,000:   17s.  Last read position: chr8:124,910,695
INFO	2015-03-27 20:24:06	MarkDuplicates	Tracking 39792 as yet unmatched pairs. 390 records in RAM.
INFO	2015-03-27 20:24:25	MarkDuplicates	Read    74,000,000 records.  Elapsed time: 00:31:38s.  Time for last 1,000,000:   17s.  Last read position: chr9:37,651,343
INFO	2015-03-27 20:24:25	MarkDuplicates	Tracking 38167 as yet unmatched pairs. 22825 records in RAM.
INFO	2015-03-27 20:25:05	MarkDuplicates	Read    75,000,000 records.  Elapsed time: 00:32:21s.  Time for last 1,000,000:   43s.  Last read position: chr9:50,605,131
INFO	2015-03-27 20:25:05	MarkDuplicates	Tracking 33831 as yet unmatched pairs. 17770 records in RAM.
INFO	2015-03-27 20:25:22	MarkDuplicates	Read    76,000,000 records.  Elapsed time: 00:32:35s.  Time for last 1,000,000:   14s.  Last read position: chr9:66,946,837
INFO	2015-03-27 20:25:22	MarkDuplicates	Tracking 32227 as yet unmatched pairs. 16110 records in RAM.
INFO	2015-03-27 20:25:37	MarkDuplicates	Read    77,000,000 records.  Elapsed time: 00:32:51s.  Time for last 1,000,000:   16s.  Last read position: chr9:78,479,278
INFO	2015-03-27 20:25:37	MarkDuplicates	Tracking 51140 as yet unmatched pairs. 34973 records in RAM.
INFO	2015-03-27 20:25:52	MarkDuplicates	Read    78,000,000 records.  Elapsed time: 00:33:08s.  Time for last 1,000,000:   16s.  Last read position: chr9:102,898,560
INFO	2015-03-27 20:25:52	MarkDuplicates	Tracking 26564 as yet unmatched pairs. 10332 records in RAM.
INFO	2015-03-27 20:27:48	MarkDuplicates	Read    79,000,000 records.  Elapsed time: 00:35:03s.  Time for last 1,000,000:  115s.  Last read position: chr9:120,950,952
INFO	2015-03-27 20:27:48	MarkDuplicates	Tracking 24444 as yet unmatched pairs. 8157 records in RAM.
INFO	2015-03-27 20:28:03	MarkDuplicates	Read    80,000,000 records.  Elapsed time: 00:35:17s.  Time for last 1,000,000:   14s.  Last read position: chrM:6,668
INFO	2015-03-27 20:28:03	MarkDuplicates	Tracking 34691 as yet unmatched pairs. 23073 records in RAM.
INFO	2015-03-27 20:28:33	MarkDuplicates	Read    81,000,000 records.  Elapsed time: 00:35:44s.  Time for last 1,000,000:   26s.  Last read position: chrM:13,707
INFO	2015-03-27 20:28:33	MarkDuplicates	Tracking 16032 as yet unmatched pairs. 4386 records in RAM.
INFO	2015-03-27 20:29:36	MarkDuplicates	Read    82,000,000 records.  Elapsed time: 00:36:47s.  Time for last 1,000,000:   63s.  Last read position: chrX:73,491,957
INFO	2015-03-27 20:29:36	MarkDuplicates	Tracking 15109 as yet unmatched pairs. 12336 records in RAM.
INFO	2015-03-27 20:30:05	MarkDuplicates	Read    83,000,000 records.  Elapsed time: 00:37:17s.  Time for last 1,000,000:   29s.  Last read position: chrX:96,152,687
INFO	2015-03-27 20:30:05	MarkDuplicates	Tracking 8717 as yet unmatched pairs. 5937 records in RAM.
INFO	2015-03-27 20:30:35	MarkDuplicates	Read    84,000,000 records.  Elapsed time: 00:37:52s.  Time for last 1,000,000:   34s.  Last read position: chrX:167,207,100
INFO	2015-03-27 20:30:35	MarkDuplicates	Tracking 3669 as yet unmatched pairs. 872 records in RAM.
INFO	2015-03-27 20:30:38	MarkDuplicates	Read 84208457 records. 0 pairs never matched.
INFO	2015-03-27 20:31:59	MarkDuplicates	After buildSortedReadEndLists freeMemory: 12916378808; totalMemory: 23302045696; maxMemory: 38177538048
INFO	2015-03-27 20:31:59	MarkDuplicates	Will retain up to 1193048064 duplicate indices before spilling to disk.
INFO	2015-03-27 20:32:02	MarkDuplicates	Traversing read pair information and detecting duplicates.
INFO	2015-03-27 20:32:47	MarkDuplicates	Traversing fragment information and detecting duplicates.
INFO	2015-03-27 20:34:15	MarkDuplicates	Sorting list of duplicate records.
INFO	2015-03-27 20:34:26	MarkDuplicates	After generateDuplicateIndexes freeMemory: 13587843480; totalMemory: 23302045696; maxMemory: 38177538048
INFO	2015-03-27 20:34:26	MarkDuplicates	Marking 17270874 records as duplicates.
INFO	2015-03-27 20:34:26	MarkDuplicates	Found 10362 optical duplicate clusters.
INFO	2015-03-27 20:42:06	MarkDuplicates	Written    10,000,000 records.  Elapsed time: 00:07:39s.  Time for last 10,000,000:  459s.  Last read position: chr11:4,637,802
INFO	2015-03-27 20:49:55	MarkDuplicates	Written    20,000,000 records.  Elapsed time: 00:15:29s.  Time for last 10,000,000:  469s.  Last read position: chr12:112,657,068
INFO	2015-03-27 20:57:51	MarkDuplicates	Written    30,000,000 records.  Elapsed time: 00:23:24s.  Time for last 10,000,000:  475s.  Last read position: chr16:35,449,409
INFO	2015-03-27 21:05:35	MarkDuplicates	Written    40,000,000 records.  Elapsed time: 00:31:08s.  Time for last 10,000,000:  463s.  Last read position: chr2:14,139,002
INFO	2015-03-27 21:13:19	MarkDuplicates	Written    50,000,000 records.  Elapsed time: 00:38:52s.  Time for last 10,000,000:  463s.  Last read position: chr4:41,190,681
INFO	2015-03-27 21:21:04	MarkDuplicates	Written    60,000,000 records.  Elapsed time: 00:46:38s.  Time for last 10,000,000:  465s.  Last read position: chr6:13,582,178
INFO	2015-03-27 21:28:42	MarkDuplicates	Written    70,000,000 records.  Elapsed time: 00:54:16s.  Time for last 10,000,000:  457s.  Last read position: chr8:22,766,574
INFO	2015-03-27 21:36:23	MarkDuplicates	Written    80,000,000 records.  Elapsed time: 01:01:56s.  Time for last 10,000,000:  460s.  Last read position: chrM:6,668
INFO	2015-03-27 21:39:49	MarkDuplicates	Before output close freeMemory: 23054337192; totalMemory: 23310958592; maxMemory: 38177538048
INFO	2015-03-27 21:39:50	MarkDuplicates	After output close freeMemory: 22578370832; totalMemory: 22834774016; maxMemory: 38177538048
[Fri Mar 27 21:39:50 EDT 2015] net.sf.picard.sam.MarkDuplicates done. Elapsed time: 107.20 minutes.
Runtime.totalMemory()=22834774016
