[1] "lincp21_broad_mikeMEFs"
[1] "Trp53cor1"
Warning message:
In dir.create(filename) : 'lincp21_broad_mikeMEFs' already exists
Loading required package: BiocGenerics
Loading required package: methods
Loading required package: parallel

Attaching package: 'BiocGenerics'

The following objects are masked from 'package:parallel':

    clusterApply, clusterApplyLB, clusterCall, clusterEvalQ,
    clusterExport, clusterMap, parApply, parCapply, parLapply,
    parLapplyLB, parRapply, parSapply, parSapplyLB

The following object is masked from 'package:stats':

    xtabs

The following objects are masked from 'package:base':

    anyDuplicated, append, as.data.frame, as.vector, cbind,
    colnames, duplicated, eval, evalq, Filter, Find, get,
    intersect, is.unsorted, lapply, Map, mapply, match, mget,
    order, paste, pmax, pmax.int, pmin, pmin.int, Position, rank,
    rbind, Reduce, rep.int, rownames, sapply, setdiff, sort,
    table, tapply, union, unique, unlist

Loading required package: RSQLite
Loading required package: DBI
Loading required package: ggplot2
Loading required package: reshape2
Loading required package: fastcluster

Attaching package: 'fastcluster'

The following object is masked from 'package:stats':

    hclust

Loading required package: rtracklayer
Loading required package: GenomicRanges
Loading required package: IRanges
Loading required package: XVector
Loading required package: Gviz
Loading required package: grid

Attaching package: 'cummeRbund'

The following object is masked from 'package:GenomicRanges':

    promoters

The following object is masked from 'package:IRanges':

    promoters

The following object is masked from 'package:BiocGenerics':

    conditions


Attaching package: 'limma'

The following object is masked from 'package:BiocGenerics':

    plotMA

KernSmooth 2.23 loaded
Copyright M. P. Wand 1997-2009

Attaching package: 'gplots'

The following object is masked from 'package:rtracklayer':

    space

The following object is masked from 'package:IRanges':

    space

The following object is masked from 'package:stats':

    lowess


Attaching package: 'RMySQL'

The following objects are masked from 'package:RSQLite':

    dbBuildTableDefinition, isIdCurrent, safe.write

Read 49 records
Read 8106 items
Read 674 records
Read 38949 items
Read 217 records
Read 4964 items
Read 186 records
Read 13247 items
Read 4 records
Read 1053 items
Read 189 records
Read 31697 items
Read 10295 records
Read 1325767 items
Creating database /n/rinn_data1/users/agroff/seq/OtherMice/Diana/lincP21/diff/Trp53cor1_mike_MEFs_b0329/cuffData.db
Reading Run Info File /n/rinn_data1/users/agroff/seq/OtherMice/Diana/lincP21/diff/Trp53cor1_mike_MEFs_b0329/run.info
Writing runInfo Table
Reading Read Group Info  /n/rinn_data1/users/agroff/seq/OtherMice/Diana/lincP21/diff/Trp53cor1_mike_MEFs_b0329/read_groups.info
Writing replicates Table
Reading Var Model Info  /n/rinn_data1/users/agroff/seq/OtherMice/Diana/lincP21/diff/Trp53cor1_mike_MEFs_b0329/var_model.info
Writing varModel Table
Reading GTF file
Writing GTF features to 'features' table...
Reading /n/rinn_data1/users/agroff/seq/OtherMice/Diana/lincP21/diff/Trp53cor1_mike_MEFs_b0329/genes.fpkm_tracking
Checking samples table...
Populating samples table...
Writing genes table
Reshaping geneData table
Recasting
Writing geneData table
Reading /n/rinn_data1/users/agroff/seq/OtherMice/Diana/lincP21/diff/Trp53cor1_mike_MEFs_b0329/gene_exp.diff
Writing geneExpDiffData table
Reading /n/rinn_data1/users/agroff/seq/OtherMice/Diana/lincP21/diff/Trp53cor1_mike_MEFs_b0329/promoters.diff
Writing promoterDiffData table
No records found in /n/rinn_data1/users/agroff/seq/OtherMice/Diana/lincP21/diff/Trp53cor1_mike_MEFs_b0329/promoters.diff
Reading /n/rinn_data1/users/agroff/seq/OtherMice/Diana/lincP21/diff/Trp53cor1_mike_MEFs_b0329/genes.count_tracking
Reshaping geneCount table
Recasting
Writing geneCount table
Reading read group info in /n/rinn_data1/users/agroff/seq/OtherMice/Diana/lincP21/diff/Trp53cor1_mike_MEFs_b0329/genes.read_group_tracking
Writing geneReplicateData table
Reading /n/rinn_data1/users/agroff/seq/OtherMice/Diana/lincP21/diff/Trp53cor1_mike_MEFs_b0329/isoforms.fpkm_tracking
Checking samples table...
OK!
Writing isoforms table
Reshaping isoformData table
Recasting
Writing isoformData table
Reading /n/rinn_data1/users/agroff/seq/OtherMice/Diana/lincP21/diff/Trp53cor1_mike_MEFs_b0329/isoform_exp.diff
Writing isoformExpDiffData table
Reading /n/rinn_data1/users/agroff/seq/OtherMice/Diana/lincP21/diff/Trp53cor1_mike_MEFs_b0329/isoforms.count_tracking
Reshaping isoformCount table
Recasting
Writing isoformCount table
Reading read group info in /n/rinn_data1/users/agroff/seq/OtherMice/Diana/lincP21/diff/Trp53cor1_mike_MEFs_b0329/isoforms.read_group_tracking
Writing isoformReplicateData table
Reading /n/rinn_data1/users/agroff/seq/OtherMice/Diana/lincP21/diff/Trp53cor1_mike_MEFs_b0329/tss_groups.fpkm_tracking
Checking samples table...
OK!
Writing TSS table
No records found in /n/rinn_data1/users/agroff/seq/OtherMice/Diana/lincP21/diff/Trp53cor1_mike_MEFs_b0329/tss_groups.fpkm_tracking
TSS FPKM tracking file was empty.
Reading /n/rinn_data1/users/agroff/seq/OtherMice/Diana/lincP21/diff/Trp53cor1_mike_MEFs_b0329/tss_group_exp.diff
No records found in /n/rinn_data1/users/agroff/seq/OtherMice/Diana/lincP21/diff/Trp53cor1_mike_MEFs_b0329/tss_group_exp.diff
Reading /n/rinn_data1/users/agroff/seq/OtherMice/Diana/lincP21/diff/Trp53cor1_mike_MEFs_b0329/splicing.diff
No records found in /n/rinn_data1/users/agroff/seq/OtherMice/Diana/lincP21/diff/Trp53cor1_mike_MEFs_b0329/splicing.diff
Reading /n/rinn_data1/users/agroff/seq/OtherMice/Diana/lincP21/diff/Trp53cor1_mike_MEFs_b0329/tss_groups.count_tracking
No records found in /n/rinn_data1/users/agroff/seq/OtherMice/Diana/lincP21/diff/Trp53cor1_mike_MEFs_b0329/tss_groups.count_tracking
Reading read group info in /n/rinn_data1/users/agroff/seq/OtherMice/Diana/lincP21/diff/Trp53cor1_mike_MEFs_b0329/tss_groups.read_group_tracking
No records found in /n/rinn_data1/users/agroff/seq/OtherMice/Diana/lincP21/diff/Trp53cor1_mike_MEFs_b0329/tss_groups.read_group_tracking
Reading /n/rinn_data1/users/agroff/seq/OtherMice/Diana/lincP21/diff/Trp53cor1_mike_MEFs_b0329/cds.fpkm_tracking
Checking samples table...
OK!
Writing CDS table
Reshaping CDSData table
Recasting
Writing CDSData table
Reading /n/rinn_data1/users/agroff/seq/OtherMice/Diana/lincP21/diff/Trp53cor1_mike_MEFs_b0329/cds_exp.diff
Writing CDSExpDiffData table
Reading /n/rinn_data1/users/agroff/seq/OtherMice/Diana/lincP21/diff/Trp53cor1_mike_MEFs_b0329/cds.diff
Writing CDSDiffData table
Reading /n/rinn_data1/users/agroff/seq/OtherMice/Diana/lincP21/diff/Trp53cor1_mike_MEFs_b0329/cds.count_tracking
Reshaping CDSCount table
Recasting
Writing CDSCount table
Reading read group info in /n/rinn_data1/users/agroff/seq/OtherMice/Diana/lincP21/diff/Trp53cor1_mike_MEFs_b0329/cds.read_group_tracking
Writing CDSReplicateData table
Indexing Tables...
Scale for 'x' is already present. Adding another scale for 'x', which will replace the existing scale.
geom_smooth: method="auto" and size of largest group is >=1000, so using gam with formula: y ~ s(x, bs = "cs"). Use 'method = x' to change the smoothing method.
Scale for 'x' is already present. Adding another scale for 'x', which will replace the existing scale.
geom_smooth: method="auto" and size of largest group is >=1000, so using gam with formula: y ~ s(x, bs = "cs"). Use 'method = x' to change the smoothing method.
Getting gene information:
	FPKM
	Differential Expression Data
	Annotation Data
	Replicate FPKMs
	Counts
Getting isoforms information:
	FPKM
	Differential Expression Data
	Annotation Data
	Replicate FPKMs
	Counts
Getting CDS information:
	FPKM
	Differential Expression Data
	Annotation Data
	Replicate FPKMs
	Counts
Getting TSS information:
	FPKM
	Differential Expression Data
	Annotation Data
	Replicate FPKMs
	Counts
Getting promoter information:
	distData
Getting splicing information:
	distData
Getting relCDS information:
	distData
Scale for 'colour' is already present. Adding another scale for 'colour', which will replace the existing scale.
ymax not defined: adjusting position using y instead
Using tracking_id, rep_name as id variables
No id variables; using all as measure variables
Loading required package: AnnotationDbi
Loading required package: Biobase
Welcome to Bioconductor

    Vignettes contain introductory material; view with
    'browseVignettes()'. To cite Bioconductor, see
    'citation("Biobase")', and for packages 'citation("pkgname")'.


Attaching package: 'Biobase'

The following object is masked from 'package:cummeRbund':

    samples


Attaching package: 'GenomicFeatures'

The following objects are masked from 'package:cummeRbund':

    features, genes

	BamTracks
Getting gene information:
	FPKM
	Differential Expression Data
	Annotation Data
	Replicate FPKMs
	Counts
Getting isoforms information:
	FPKM
	Differential Expression Data
	Annotation Data
	Replicate FPKMs
	Counts
Getting CDS information:
	FPKM
	Differential Expression Data
	Annotation Data
	Replicate FPKMs
	Counts
Getting TSS information:
	FPKM
	Differential Expression Data
	Annotation Data
	Replicate FPKMs
	Counts
Getting promoter information:
	distData
Getting splicing information:
	distData
Getting relCDS information:
	distData
Using tracking_id, rep_name as id variables
No id variables; using all as measure variables
Using tracking_id, rep_name as id variables
No id variables; using all as measure variables
Getting gene information:
	FPKM
	Differential Expression Data
	Annotation Data
	Replicate FPKMs
	Counts
Getting isoforms information:
	FPKM
	Differential Expression Data
	Annotation Data
	Replicate FPKMs
	Counts
Getting CDS information:
	FPKM
	Differential Expression Data
	Annotation Data
	Replicate FPKMs
	Counts
Getting TSS information:
	FPKM
	Differential Expression Data
	Annotation Data
	Replicate FPKMs
	Counts
Getting promoter information:
	distData
Getting splicing information:
	distData
Getting relCDS information:
	distData
Using tracking_id, rep_name as id variables
No id variables; using all as measure variables
Getting gene information:
	FPKM
	Differential Expression Data
	Annotation Data
	Replicate FPKMs
	Counts
Getting isoforms information:
	FPKM
	Differential Expression Data
	Annotation Data
	Replicate FPKMs
	Counts
Getting CDS information:
	FPKM
	Differential Expression Data
	Annotation Data
	Replicate FPKMs
	Counts
Getting TSS information:
	FPKM
	Differential Expression Data
	Annotation Data
	Replicate FPKMs
	Counts
Getting promoter information:
	distData
Getting splicing information:
	distData
Getting relCDS information:
	distData
Using tracking_id, rep_name as id variables
No id variables; using all as measure variables
Using tracking_id, sample_name as id variables
Error in lm.wfit(x, y, w, offset = offset, singular.ok = singular.ok,  : 
  NA/NaN/Inf in 'y'
In addition: Warning messages:
1: attributes are not identical across measure variables; they will be dropped 
2: attributes are not identical across measure variables; they will be dropped 
3: attributes are not identical across measure variables; they will be dropped 
4: attributes are not identical across measure variables; they will be dropped 
5: attributes are not identical across measure variables; they will be dropped 
6: attributes are not identical across measure variables; they will be dropped 
7: Removed 7473 rows containing missing values (geom_point). 
8: Removed 7473 rows containing missing values (geom_point). 
Warning message:
Removed 36 rows containing missing values (geom_point). 



Attaching package: 'DOSE'

The following object is masked from 'package:ReactomePA':

    gseAnalyzer

Getting gene information:
	FPKM
	Differential Expression Data
	Annotation Data
	Replicate FPKMs
	Counts
Getting isoforms information:
	FPKM
	Differential Expression Data
	Annotation Data
	Replicate FPKMs
	Counts
Getting CDS information:
	FPKM
	Differential Expression Data
	Annotation Data
	Replicate FPKMs
	Counts
Getting TSS information:
	FPKM
	Differential Expression Data
	Annotation Data
	Replicate FPKMs
	Counts
Getting promoter information:
	distData
Getting splicing information:
	distData
Getting relCDS information:
	distData

KEGG.db contains mappings based on older data because the original
  resource was removed from the the public domain before the most
  recent update was produced. This package should now be
  considered deprecated and future versions of Bioconductor may
  not have it available.  Users who want more current data are
  encouraged to look at the KEGGREST or reactome.db packages

Loading required package: biomaRt

Attaching package: 'biomaRt'

The following object is masked from 'package:cummeRbund':

    getGene

Loading required package: org.Mm.eg.db

Loading required package: GO.db
Loading required package: BSgenome
Loading required package: Biostrings

Attaching package: 'BSgenome'

The following object is masked from 'package:AnnotationDbi':

    species


Attaching package: 'plyr'

The following object is masked from 'package:cummeRbund':

    count

The following object is masked from 'package:XVector':

    compact

The following objects are masked from 'package:IRanges':

    desc, rename

First Split
Second Split
1
1
2
4
3
7
4
5
5
6
6
4
7
0
8
4
9
9
10
1
11
0
12
1
13
3
14
0
15
2
16
2
17
4
18
8
19
2
20
3
21
0
22
2
23
7
24
2
25
1
26
1
27
1
28
5
29
3
30
2
31
4
32
1
33
2
34
6
35
4
36
3
37
3
38
0
39
5
40
2
41
1
42
3
43
13
44
2
45
4
46
3
47
8
48
7
49
5
50
10
51
1
52
6
53
5
54
2
55
0
56
6
57
0
58
1
59
4
60
2
61
0
62
2
63
3
64
5
65
4
66
3
67
1
68
1
69
0
70
6
71
1
72
1
73
4
74
4
75
8
76
3
77
1
78
3
79
2
80
4
81
6
82
5
83
5
84
2
85
0
86
2
87
6
88
21
89
0
90
1
91
3
92
0
93
3
94
4
95
2
96
2
97
0
98
0
99
4
100
3
101
1
102
2
103
1
104
5
105
1
106
3
107
4
108
2
109
0
110
1
111
6
112
0
113
5
114
5
115
0
116
4
117
1
118
3
119
2
120
0
121
7
122
3
123
2
124
1
125
2
126
7
127
0
128
13
129
0
130
9
131
7
132
1
133
6
134
7
135
0
136
1
137
2
138
2
139
4
140
6
141
6
142
0
143
0
144
3
145
8
146
1
147
2
148
4
149
5
150
3
151
1
152
7
153
3
154
4
155
2
156
1
157
1
158
0
159
5
160
3
161
0
162
4
163
3
164
1
165
1
166
4
167
0
168
2
169
4
170
2
171
4
172
17
173
3
174
0
175
1
176
8
177
1
178
2
179
2
180
8
181
2
182
3
183
21
184
3
185
6
186
4
187
1
188
0
189
0
190
2
191
10
192
1
193
3
194
0
195
2
196
4
197
7
198
4
199
6
200
9
201
2
202
8
203
4
204
3
205
2
206
3
207
2
208
3
209
5
210
0
211
4
212
6
213
3
214
4
215
3
216
0
217
5
218
4
219
0
220
1
221
1
222
0
223
0
224
1
225
0
226
4
227
4
228
4
229
2
230
6
231
7
232
1
233
0
234
2
235
3
236
5
237
9
238
2
239
13
240
2
241
1
242
2
243
6
244
3
245
4
246
4
247
3
248
5
249
5
250
0
251
0
252
0
253
5
254
3
255
2
256
0
257
5
258
3
259
3
260
0
261
1
262
5
263
9
264
1
265
1
266
1
267
12
268
1
269
6
270
6
271
4
272
6
273
4
274
3
275
3
276
2
277
0
278
0
279
2
280
2
281
8
282
4
283
6
284
1
285
5
286
1
287
2
288
1
289
6
290
4
291
3
292
2
293
4
294
2
295
1
296
1
297
2
298
3
299
0
300
0
301
1
302
1
303
2
304
5
305
5
306
3
307
5
308
18
309
0
310
3
311
0
312
1
313
4
314
2
315
5
316
2
317
0
318
1
319
0
320
6
321
3
322
3
323
4
324
2
325
5
326
3
327
1
328
2
329
4
330
4
331
4
332
1
333
5
334
1
335
5
336
0
337
3
338
1
339
4
340
0
341
12
342
6
343
3
344
1
345
12
346
12
347
6
348
0
349
5
350
1
351
3
352
4
353
0
354
5
355
3
356
1
357
0
358
20
359
9
360
4
361
0
362
1
363
15
364
7
365
4
366
4
367
4
368
9
369
2
370
2
371
2
372
6
373
0
374
3
375
0
376
0
377
3
378
3
379
2
380
3
381
4
382
5
383
5
384
3
385
14
386
7
387
0
388
5
389
3
390
0
391
5
392
0
393
0
394
9
395
0
396
0
397
8
398
2
399
5
400
3
401
7
402
0
403
3
404
1
405
0
406
4
407
2
408
2
409
5
410
0
411
3
412
4
413
6
414
2
415
12
416
3
417
9
418
15
419
0
420
7
421
2
422
2
423
6
424
0
425
1
426
3
427
20
428
0
429
6
430
16
431
0
432
4
433
4
434
2
435
12
436
2
437
1
438
4
439
0
440
0
441
5
442
5
443
4
444
4
445
3
446
2
447
0
448
0
449
1
450
3
451
0
452
2
453
2
454
1
455
3
456
6
457
1
458
9
459
3
460
4
461
1
462
7
463
3
464
4
465
0
466
0
467
5
468
2
469
0
470
2
471
1
472
5
473
0
474
7
475
6
476
7
477
5
478
7
479
1
480
14
481
4
482
4
483
6
484
3
485
6
486
2
487
4
488
5
489
0
490
3
491
4
492
0
493
4
494
4
495
4
496
6
497
3
498
2
499
4
500
9
501
3
502
11
503
5
504
2
505
4
506
5
507
4
508
1
509
0
510
1
511
6
512
7
513
2
514
3
515
1
516
1
517
4
518
2
519
5
520
8
521
4
522
3
523
8
524
10
525
2
526
0
527
5
528
7
529
4
530
9
531
2
532
0
533
5
534
6
535
4
536
9
537
1
538
3
539
0
540
1
541
10
542
4
543
8
544
1
545
1
546
1
547
2
548
14
549
4
550
6
551
5
552
4
553
5
554
14
555
1
556
6
557
6
558
1
559
14
560
1
561
5
562
2
563
4
564
4
565
4
566
5
567
2
568
5
569
2
570
1
571
5
572
3
573
0
574
17
575
1
576
8
577
3
578
8
579
6
580
2
581
6
582
1
583
5
584
2
585
1
586
4
587
2
588
1
589
7
590
13
591
3
592
0
593
5
594
5
595
2
596
7
597
1
598
3
599
3
600
3
601
6
602
0
603
0
604
2
605
2
606
3
607
1
608
3
609
3
610
11
611
0
612
4
613
4
614
3
615
3
616
4
617
1
618
7
619
0
620
6
621
1
622
2
623
2
624
6
625
5
626
3
627
0
628
1
629
3
630
0
631
2
632
7
633
9
634
2
635
3
636
2
637
0
638
1
639
1
640
4
641
8
642
4
643
0
644
1
645
2
646
4
647
4
648
6
649
17
650
0
651
2
652
1
653
4
654
2
655
4
656
2
657
2
658
3
659
8
660
1
661
6
662
1
663
6
664
4
665
2
666
0
667
0
668
0
669
5
670
3
671
2
672
2
673
7
674
2
675
5
676
0
677
4
678
2
679
2
680
0
681
0
682
6
683
3
684
5
685
14
686
2
687
5
688
2
689
6
690
0
691
0
692
7
693
5
694
2
695
4
696
7
697
1
698
1
699
6
700
3
701
0
702
19
703
4
704
3
705
3
706
2
707
4
708
5
709
0
710
5
711
7
712
3
713
8
714
4
715
2
716
5
717
4
718
0
719
5
720
4
721
3
722
2
723
16
724
2
725
0
726
1
727
2
728
4
729
5
730
6
731
2
732
1
733
5
734
8
735
4
736
2
737
0
738
1
739
0
740
2
741
7
742
2
743
1
744
2
745
5
746
0
747
2
748
3
749
3
750
3
751
4
752
3
753
9
754
5
755
2
756
1
757
2
758
7
759
4
760
6
761
2
762
0
763
2
764
8
765
5
766
2
767
3
768
5
769
3
770
2
771
8
772
15
773
5
774
4
775
1
776
12
777
6
778
3
779
6
780
3
781
8
782
3
783
1
784
6
785
1
786
4
787
3
788
2
789
2
790
2
791
4
792
1
793
0
794
3
795
5
796
1
797
9
798
2
799
5
800
5
801
2
802
6
803
5
804
2
805
2
806
16
807
7
808
7
809
5
810
5
811
5
812
0
813
3
814
5
815
4
816
1
817
0
818
0
819
6
820
8
821
9
822
7
823
1
824
4
825
4
826
5
827
3
828
1
829
3
830
0
831
2
832
24
833
6
834
0
835
3
836
5
837
3
838
6
839
6
840
2
841
0
842
1
843
3
844
5
845
3
846
1
847
7
848
7
849
0
850
1
851
1
852
4
853
11
854
1
855
2
856
0
857
3
858
6
859
1
860
2
861
6
862
3
863
9
864
7
865
9
866
3
867
3
868
4
869
6
870
10
871
3
872
4
873
4
874
8
875
4
876
10
877
7
878
3
879
1
880
4
881
0
882
0
883
4
884
13
885
7
886
4
887
9
888
3
889
3
890
4
891
7
892
2
893
11
894
4
895
3
896
7
897
1
898
4
899
0
900
0
901
8
902
2
903
2
904
1
905
5
906
9
907
6
908
0
909
12
910
0
911
1
912
8
913
2
914
3
915
5
916
2
917
4
918
4
919
2
920
9
921
2
922
1
923
9
924
4
925
1
926
1
927
3
928
2
929
5
930
1
931
4
932
0
933
9
934
4
935
3
936
3
937
0
938
7
939
1
940
8
941
2
942
0
943
6
944
4
945
2
946
5
947
8
948
2
949
16
950
2
951
0
952
6
953
3
954
4
955
3
956
3
957
10
958
0
959
2
960
5
961
2
962
1
963
1
964
0
965
4
966
4
967
7
968
1
969
3
970
5
971
7
972
7
973
7
974
1
975
2
976
13
977
6
978
1
979
1
980
2
981
4
982
6
983
5
984
2
985
2
986
8
987
4
988
1
989
5
990
4
991
1
992
4
993
0
994
1
995
7
996
2
997
1
998
2
999
6
1000
1
1001
4
1002
0
1003
3
1004
4
1005
7
1006
3
1007
3
1008
7
1009
1
1010
8
1011
0
1012
4
1013
4
1014
1
1015
1
1016
5
1017
2
1018
1
1019
4
1020
3
1021
5
1022
6
1023
0
1024
4
1025
1
1026
6
1027
3
1028
1
1029
3
1030
12
1031
1
1032
3
1033
3
1034
2
1035
4
1036
0
1037
2
1038
4
1039
2
1040
1
1041
3
1042
0
1043
3
1044
3
1045
1
1046
4
1047
1
1048
4
1049
3
1050
0
1051
3
1052
4
1053
3
1054
15
1055
0
1056
0
1057
2
1058
3
1059
6
1060
3
1061
5
1062
0
1063
7
1064
4
1065
1
1066
0
1067
3
1068
1
1069
0
1070
0
1071
1
1072
1
1073
3
1074
5
1075
8
1076
4
1077
2
1078
3
1079
2
1080
3
1081
4
1082
4
1083
5
1084
5
1085
3
1086
1
1087
3
1088
1
1089
14
1090
2
1091
3
1092
2
1093
6
1094
2
1095
10
1096
1
1097
6
1098
7
1099
6
1100
0
1101
1
1102
7
1103
3
1104
9
1105
2
1106
7
1107
3
1108
7
1109
0
1110
0
1111
1
1112
3
1113
6
1114
12
1115
2
1116
9
1117
0
1118
6
1119
4
1120
1
1121
3
1122
3
1123
3
1124
2
1125
0
1126
18
1127
3
1128
1
1129
4
1130
4
1131
2
1132
7
1133
3
1134
10
1135
1
1136
0
1137
3
1138
11
1139
0
1140
4
1141
4
1142
2
1143
3
1144
0
1145
8
1146
1
1147
4
1148
1
1149
2
1150
12
1151
6
1152
1
1153
0
1154
4
1155
2
1156
3
1157
4
1158
0
1159
2
1160
2
1161
1
1162
1
1163
4
1164
3
1165
0
1166
5
1167
5
1168
1
1169
14
1170
3
1171
18
1172
4
1173
3
1174
0
1175
12
1176
3
1177
8
1178
0
1179
4
1180
4
1181
4
1182
5
1183
8
1184
3
1185
0
1186
4
1187
0
1188
3
1189
1
1190
4
1191
0
1192
0
1193
4
1194
1
1195
2
1196
3
1197
2
1198
1
1199
4
1200
3
1201
3
1202
0
1203
0
1204
8
1205
10
1206
6
1207
11
1208
7
1209
6
1210
4
1211
8
1212
6
1213
4
1214
3
1215
2
1216
0
1217
8
1218
2
1219
1
1220
2
1221
2
1222
4
1223
6
1224
4
1225
2
1226
6
1227
2
1228
5
1229
3
1230
1
1231
4
1232
2
1233
4
1234
3
1235
4
1236
25
1237
0
1238
2
1239
3
1240
3
1241
5
1242
4
1243
0
1244
3
1245
3
1246
0
1247
2
1248
7
1249
6
1250
4
1251
2
1252
1
1253
3
1254
17
1255
1
1256
4
1257
6
1258
8
1259
0
1260
2
1261
3
1262
1
1263
4
1264
4
1265
0
1266
2
1267
3
1268
0
1269
4
1270
4
1271
2
1272
3
1273
1
1274
1
1275
7
1276
9
1277
0
1278
5
1279
6
1280
0
1281
0
1282
2
1283
4
1284
2
1285
4
1286
2
1287
2
1288
9
1289
1
1290
0
1291
9
1292
1
1293
6
1294
2
1295
4
1296
2
1297
1
1298
5
1299
1
1300
2
1301
1
1302
4
1303
11
1304
5
1305
2
1306
1
1307
11
1308
9
1309
1
1310
2
1311
5
1312
5
1313
3
1314
3
1315
1
1316
2
1317
1
1318
1
1319
5
1320
2
1321
7
1322
2
1323
1
1324
3
1325
2
1326
10
1327
1
1328
11
1329
4
1330
2
1331
7
1332
18
1333
8
1334
2
1335
7
1336
0
1337
3
1338
27
1339
4
1340
3
1341
3
1342
0
1343
7
1344
3
1345
1
1346
2
1347
2
1348
0
1349
5
1350
7
1351
0
1352
2
1353
2
1354
2
1355
3
1356
11
1357
6
1358
0
1359
4
1360
0
1361
4
1362
1
1363
8
1364
5
1365
0
1366
4
1367
2
1368
3
1369
3
1370
7
1371
7
1372
0
1373
0
1374
1
1375
6
1376
13
1377
0
1378
5
1379
0
1380
1
1381
6
1382
1
1383
2
1384
4
1385
2
1386
1
1387
7
1388
3
1389
14
1390
4
1391
2
1392
3
1393
3
1394
1
1395
4
1396
14
1397
2
1398
5
1399
0
1400
6
1401
4
1402
0
1403
0
1404
3
1405
5
1406
3
1407
4
1408
11
1409
0
1410
2
1411
17
1412
7
1413
1
1414
4
1415
2
1416
2
1417
0
1418
1
1419
0
1420
3
1421
0
1422
5
1423
8
1424
5
1425
3
1426
3
1427
0
1428
1
1429
5
1430
1
1431
5
1432
5
1433
2
1434
1
1435
5
1436
3
1437
1
1438
0
1439
6
1440
3
1441
4
1442
7
1443
6
1444
0
1445
6
1446
1
1447
1
1448
3
1449
0
1450
3
1451
2
1452
0
1453
0
1454
5
1455
4
1456
3
1457
3
1458
0
1459
4
1460
2
1461
2
1462
2
1463
5
1464
2
1465
0
1466
0
1467
0
1468
4
1469
9
1470
0
1471
3
1472
5
1473
4
1474
0
1475
1
1476
3
1477
1
1478
0
1479
2
1480
6
1481
0
1482
6
1483
6
1484
3
1485
10
1486
9
1487
3
1488
8
1489
6
1490
6
1491
2
1492
1
1493
2
1494
8
1495
0
1496
9
1497
4
1498
6
1499
0
1500
2
1501
1
1502
1
1503
1
1504
3
1505
11
1506
2
1507
3
1508
2
1509
2
1510
6
1511
4
1512
0
1513
3
1514
5
1515
5
1516
2
1517
1
1518
3
1519
5
1520
10
1521
3
1522
6
1523
2
1524
5
1525
4
1526
5
1527
5
1528
6
1529
1
1530
5
1531
5
1532
3
1533
0
1534
4
1535
16
1536
2
1537
2
1538
7
1539
4
1540
2
1541
3
1542
10
1543
6
1544
10
1545
5
1546
3
1547
0
1548
2
1549
3
1550
4
1551
2
1552
2
1553
5
1554
6
1555
1
1556
6
1557
2
1558
7
1559
0
1560
1
1561
3
1562
1
1563
3
1564
3
1565
4
1566
3
1567
5
1568
0
1569
1
1570
3
1571
2
1572
2
1573
4
1574
4
1575
0
1576
1
1577
3
1578
2
1579
5
1580
4
1581
6
1582
0
1583
0
1584
1
1585
1
1586
5
1587
2
1588
2
1589
2
1590
3
1591
0
1592
1
1593
0
1594
0
1595
4
1596
12
1597
10
1598
8
1599
1
1600
4
1601
4
1602
5
1603
6
1604
0
1605
1
1606
1
1607
10
1608
2
1609
3
1610
4
1611
3
1612
2
1613
3
1614
2
1615
1
1616
11
1617
4
1618
2
1619
1
1620
9
1621
0
1622
7
1623
2
1624
11
1625
2
1626
2
1627
4
1628
0
1629
1
1630
1
1631
0
1632
1
1633
8
1634
5
1635
4
1636
4
1637
0
1638
10
1639
11
1640
3
1641
2
1642
7
1643
7
1644
2
1645
1
1646
3
1647
4
1648
0
1649
1
1650
4
1651
1
1652
2
1653
1
1654
2
1655
4
1656
2
1657
3
1658
0
1659
7
1660
1
1661
15
1662
9
1663
1
1664
1
1665
3
1666
3
1667
3
1668
4
1669
5
1670
15
1671
4
1672
28
1673
4
1674
6
1675
1
1676
2
1677
4
1678
1
1679
1
1680
2
1681
0
1682
7
1683
3
1684
0
1685
5
1686
0
1687
3
1688
0
1689
7
1690
5
1691
2
1692
4
1693
4
1694
0
1695
2
1696
4
1697
4
1698
6
1699
9
1700
0
1701
8
1702
8
1703
5
1704
0
1705
2
1706
6
1707
2
1708
3
1709
4
1710
3
1711
1
1712
12
1713
0
1714
10
1715
4
1716
0
1717
7
1718
6
1719
1
1720
6
1721
0
1722
3
1723
8
1724
3
1725
5
1726
4
1727
3
1728
1
1729
1
1730
5
1731
0
1732
10
1733
2
1734
9
1735
1
1736
6
1737
11
1738
4
1739
0
1740
2
1741
4
1742
3
1743
4
1744
5
1745
5
1746
2
1747
0
1748
4
1749
0
1750
2
1751
1
1752
1
1753
3
1754
4
1755
5
1756
11
1757
0
1758
2
1759
4
1760
2
1761
1
1762
2
1763
2
1764
7
1765
5
1766
2
1767
2
1768
7
1769
5
1770
4
1771
6
1772
4
1773
1
1774
0
1775
1
1776
3
1777
0
1778
1
1779
0
1780
6
1781
0
1782
4
1783
3
1784
3
1785
0
1786
8
1787
2
1788
4
1789
5
1790
0
1791
2
1792
5
1793
0
1794
2
1795
20
1796
7
1797
4
1798
2
1799
2
1800
0
1801
1
1802
8
1803
6
1804
2
1805
1
1806
2
1807
2
1808
3
1809
6
1810
4
1811
1
1812
5
1813
1
1814
2
1815
5
1816
0
1817
6
1818
12
1819
2
1820
5
1821
3
1822
6
1823
4
1824
1
1825
5
1826
2
1827
0
1828
4
1829
3
1830
9
1831
5
1832
0
1833
4
1834
7
1835
1
1836
1
1837
4
1838
0
1839
6
1840
8
1841
5
1842
1
1843
2
1844
3
1845
3
1846
2
1847
6
1848
2
1849
8
1850
2
1851
3
1852
3
1853
4
1854
5
1855
3
1856
10
1857
2
1858
2
1859
7
1860
2
1861
2
1862
0
1863
6
1864
0
1865
5
1866
2
1867
3
1868
3
1869
0
1870
2
1871
4
1872
2
1873
9
1874
2
1875
1
1876
5
1877
3
1878
0
1879
1
1880
6
1881
2
1882
9
1883
2
1884
0
1885
2
1886
4
1887
1
1888
1
1889
2
1890
14
1891
2
1892
1
1893
4
1894
9
1895
4
1896
5
1897
2
1898
5
1899
11
1900
2
1901
16
1902
8
1903
8
1904
18
1905
5
1906
2
1907
3
1908
1
1909
3
1910
3
1911
2
1912
3
1913
1
1914
0
1915
6
1916
0
1917
0
1918
3
1919
4
1920
0
1921
4
1922
3
1923
4
1924
3
1925
5
1926
4
1927
4
1928
7
1929
1
1930
5
1931
10
1932
2
1933
0
1934
2
1935
11
1936
5
1937
13
1938
19
1939
1
1940
1
1941
1
1942
8
1943
1
1944
0
1945
1
1946
3
1947
0
1948
15
1949
5
1950
9
1951
4
1952
2
1953
9
1954
2
1955
6
1956
8
1957
2
1958
2
1959
1
1960
6
1961
17
1962
4
1963
5
1964
6
1965
3
1966
2
1967
6
1968
14
1969
2
1970
3
1971
5
1972
0
1973
9
1974
2
1975
3
1976
2
1977
3
1978
6
1979
5
1980
9
1981
0
1982
3
1983
3
1984
0
1985
2
1986
5
1987
5
1988
3
1989
7
1990
5
1991
2
1992
2
1993
0
1994
2
1995
4
1996
2
1997
3
1998
6
1999
12
2000
13
2001
7
2002
6
2003
2
2004
2
2005
2
2006
11
2007
4
2008
4
2009
3
2010
1
2011
9
2012
2
2013
0
2014
0
2015
4
2016
3
2017
11
2018
4
2019
2
2020
7
2021
0
2022
6
2023
10
2024
12
2025
2
2026
0
2027
0
2028
12
2029
6
2030
7
2031
3
2032
7
2033
1
2034
0
2035
21
2036
1
2037
6
2038
4
2039
3
2040
13
2041
2
2042
2
2043
10
2044
2
2045
3
2046
3
2047
4
2048
1
2049
3
2050
0
2051
2
2052
3
2053
2
2054
1
2055
6
2056
0
2057
0
2058
2
2059
5
2060
2
2061
1
2062
7
2063
2
2064
4
2065
2
2066
0
2067
10
2068
7
2069
6
2070
0
2071
0
2072
26
2073
1
2074
18
2075
3
2076
6
2077
4
2078
2
2079
5
2080
1
2081
4
2082
4
2083
2
2084
0
2085
0
2086
2
2087
5
2088
0
2089
0
2090
7
2091
4
2092
5
2093
6
2094
3
2095
4
2096
2
2097
2
2098
0
2099
2
2100
2
2101
2
2102
1
2103
2
2104
16
2105
2
2106
3
2107
9
2108
4
2109
4
2110
2
2111
4
2112
2
2113
1
2114
8
2115
12
2116
0
2117
4
2118
5
2119
5
2120
6
2121
3
2122
4
2123
0
2124
1
2125
1
2126
6
2127
0
2128
0
2129
2
2130
5
2131
2
2132
6
2133
4
2134
4
2135
0
2136
5
2137
3
2138
4
2139
5
2140
7
2141
7
2142
1
2143
12
2144
4
2145
5
2146
3
2147
1
2148
5
2149
3
2150
7
2151
2
2152
2
2153
3
2154
0
2155
6
2156
3
2157
17
2158
0
2159
2
2160
3
2161
7
2162
4
2163
4
2164
3
2165
12
2166
1
2167
3
2168
1
2169
3
2170
2
2171
1
2172
4
2173
8
2174
1
2175
2
2176
0
2177
5
2178
2
2179
0
2180
1
2181
1
2182
9
2183
9
2184
1
2185
2
2186
0
2187
2
2188
3
2189
8
2190
2
2191
3
2192
2
2193
0
2194
23
2195
6
2196
1
2197
3
2198
0
2199
6
2200
3
2201
0
2202
0
2203
1
2204
9
2205
0
2206
2
2207
4
2208
1
2209
3
2210
0
2211
6
2212
2
2213
5
2214
1
2215
2
2216
2
2217
4
2218
1
2219
0
2220
0
2221
3
2222
0
2223
5
2224
4
2225
0
2226
3
2227
9
2228
0
2229
4
2230
1
2231
5
2232
5
2233
5
2234
2
2235
2
2236
7
2237
8
2238
2
2239
5
2240
6
2241
0
2242
6
2243
6
2244
3
2245
7
2246
0
2247
4
2248
1
2249
21
2250
1
2251
6
2252
8
2253
4
2254
12
2255
5
2256
2
2257
4
2258
5
2259
5
2260
19
2261
1
2262
4
2263
0
2264
1
2265
1
2266
1
2267
3
2268
1
2269
9
2270
8
2271
0
2272
2
2273
4
2274
1
2275
2
2276
3
2277
0
2278
1
2279
0
2280
0
2281
2
2282
11
2283
7
2284
2
2285
6
2286
3
2287
23
2288
1
2289
1
2290
6
2291
1
2292
2
2293
6
2294
2
2295
8
2296
4
2297
6
2298
3
2299
4
2300
0
2301
0
2302
0
2303
3
2304
6
2305
2
2306
3
2307
4
2308
16
2309
9
2310
1
2311
0
2312
3
2313
2
2314
2
2315
2
2316
2
2317
2
2318
4
2319
1
2320
4
2321
6
2322
2
2323
2
2324
3
2325
3
2326
3
2327
3
2328
6
2329
0
2330
0
2331
2
2332
2
2333
3
2334
1
2335
7
2336
8
2337
5
2338
3
2339
3
2340
2
2341
7
2342
0
2343
4
2344
7
2345
4
2346
19
2347
0
2348
2
2349
3
2350
2
2351
5
2352
4
2353
2
2354
3
2355
2
2356
1
2357
0
2358
0
2359
3
2360
5
2361
4
2362
7
2363
2
2364
4
2365
4
2366
1
2367
3
2368
5
2369
5
2370
3
2371
4
2372
8
2373
5
2374
0
2375
4
2376
6
2377
4
2378
0
2379
3
2380
1
2381
4
2382
12
2383
7
2384
1
2385
1
2386
1
2387
16
2388
3
2389
5
2390
2
2391
1
2392
1
2393
1
2394
3
2395
5
2396
11
2397
5
2398
4
2399
3
2400
0
2401
0
2402
3
2403
1
2404
5
2405
4
2406
1
2407
7
2408
5
2409
1
2410
7
2411
5
2412
0
2413
3
2414
4
2415
1
2416
2
2417
0
2418
4
2419
0
2420
13
2421
5
2422
3
2423
0
2424
1
2425
1
2426
2
2427
1
2428
3
2429
16
2430
3
2431
5
2432
4
2433
4
2434
0
2435
3
2436
1
2437
7
2438
3
2439
4
2440
0
2441
2
2442
3
2443
2
2444
1
2445
1
2446
0
2447
7
2448
0
2449
8
2450
2
2451
6
2452
3
2453
2
2454
0
2455
4
2456
1
2457
2
2458
1
2459
3
2460
2
2461
3
2462
4
2463
3
2464
4
2465
12
2466
3
2467
4
2468
0
2469
11
2470
3
2471
4
2472
4
2473
7
2474
4
2475
1
2476
3
2477
0
2478
0
2479
1
2480
3
2481
2
2482
1
2483
4
2484
8
2485
6
2486
1
2487
1
2488
13
2489
2
2490
1
2491
2
2492
3
2493
0
2494
3
2495
3
2496
5
2497
2
2498
0
2499
11
2500
6
2501
3
2502
2
2503
6
2504
5
2505
4
2506
4
2507
20
2508
6
2509
1
2510
4
2511
3
2512
2
2513
1
2514
4
2515
2
2516
2
2517
0
2518
2
2519
3
2520
15
2521
6
2522
8
2523
1
2524
1
2525
4
2526
0
2527
5
2528
19
2529
3
2530
0
2531
2
2532
2
2533
1
2534
3
2535
0
2536
3
2537
1
2538
0
2539
0
2540
11
2541
1
2542
4
2543
2
2544
7
2545
4
2546
9
2547
1
2548
5
2549
2
2550
4
2551
10
2552
1
2553
3
2554
11
2555
0
2556
2
2557
2
2558
11
2559
3
2560
3
2561
7
2562
3
2563
1
2564
2
2565
2
2566
5
2567
9
2568
3
2569
1
2570
3
2571
6
2572
2
2573
9
2574
1
2575
6
2576
9
2577
0
2578
10
2579
9
2580
6
2581
3
2582
7
2583
5
2584
9
2585
2
2586
8
2587
1
2588
2
2589
3
2590
1
2591
5
2592
4
2593
3
2594
5
2595
3
2596
0
2597
1
2598
1
2599
1
2600
3
2601
9
2602
2
2603
3
2604
4
2605
1
2606
4
2607
6
2608
3
2609
0
2610
3
2611
0
2612
15
2613
5
2614
4
2615
1
2616
1
2617
12
2618
8
2619
1
2620
2
2621
1
2622
1
2623
17
2624
2
2625
1
2626
2
2627
3
2628
3
2629
9
2630
7
2631
4
2632
0
2633
3
2634
1
2635
2
2636
1
2637
10
2638
5
2639
6
2640
2
2641
2
2642
5
2643
1
2644
6
2645
7
2646
9
2647
7
2648
6
2649
0
2650
1
2651
5
2652
1
2653
3
2654
6
2655
0
2656
2
2657
4
2658
3
2659
2
2660
4
2661
3
2662
5
2663
3
2664
5
2665
4
2666
0
2667
4
2668
3
2669
6
2670
4
2671
4
2672
6
2673
9
2674
7
2675
3
2676
3
2677
4
2678
0
2679
6
2680
3
2681
3
2682
3
2683
1
2684
3
2685
8
2686
12
2687
1
2688
0
2689
0
2690
0
2691
24
2692
7
2693
11
2694
3
2695
3
2696
7
2697
4
2698
5
2699
2
2700
1
2701
5
2702
1
2703
2
2704
5
2705
3
2706
0
2707
3
2708
7
2709
1
2710
3
2711
5
2712
12
2713
3
2714
6
2715
3
2716
4
2717
6
2718
3
2719
0
2720
5
2721
3
2722
0
2723
1
2724
5
2725
0
2726
0
2727
1
2728
5
2729
7
2730
1
2731
2
2732
1
2733
0
2734
2
2735
4
2736
3
2737
7
2738
2
2739
5
2740
1
2741
0
2742
25
2743
3
2744
11
2745
4
2746
4
2747
6
2748
3
2749
4
2750
2
2751
1
2752
3
2753
2
2754
2
2755
5
2756
4
2757
4
2758
1
2759
1
2760
0
2761
3
2762
3
2763
9
2764
1
2765
14
2766
1
2767
3
2768
0
2769
3
2770
4
2771
1
2772
3
2773
1
2774
2
2775
2
2776
3
2777
0
2778
9
2779
5
2780
2
2781
3
2782
1
2783
5
2784
2
2785
2
2786
0
2787
0
2788
6
2789
4
2790
2
2791
0
2792
2
2793
4
2794
2
2795
13
2796
0
2797
2
2798
3
2799
12
2800
9
2801
0
2802
7
2803
4
2804
1
2805
7
2806
1
2807
0
2808
2
2809
2
2810
3
2811
1
2812
0
2813
7
2814
5
2815
9
2816
2
2817
0
2818
4
2819
3
2820
17
2821
3
2822
2
2823
1
2824
8
2825
9
2826
4
2827
7
2828
3
2829
3
2830
7
2831
1
2832
8
2833
4
2834
10
2835
4
2836
2
2837
14
2838
0
2839
7
2840
4
2841
6
2842
4
2843
1
2844
5
2845
8
2846
3
2847
3
2848
3
2849
17
2850
8
2851
2
2852
0
2853
6
2854
3
2855
5
2856
6
2857
10
2858
3
2859
0
2860
0
2861
6
2862
3
2863
18
2864
5
2865
4
2866
6
2867
7
2868
0
2869
13
2870
0
2871
9
2872
1
2873
7
2874
1
2875
3
2876
1
2877
0
2878
0
2879
0
2880
1
2881
1
2882
1
2883
3
2884
5
2885
3
2886
3
2887
1
2888
1
2889
1
2890
9
2891
6
2892
6
2893
18
2894
3
2895
0
2896
1
2897
1
2898
24
2899
1
2900
4
2901
7
2902
0
2903
2
2904
3
2905
2
2906
2
2907
4
2908
10
2909
1
2910
0
2911
5
2912
5
2913
3
2914
0
2915
0
2916
4
2917
3
2918
5
2919
0
2920
2
2921
3
2922
5
2923
2
2924
0
2925
2
2926
4
2927
2
2928
2
2929
6
2930
5
2931
5
2932
6
2933
6
2934
1
2935
6
2936
3
2937
2
2938
5
2939
2
2940
3
2941
3
2942
14
2943
2
2944
3
2945
3
2946
5
2947
2
2948
5
2949
1
2950
0
2951
6
2952
4
2953
3
2954
4
2955
6
2956
8
2957
2
2958
3
2959
1
2960
1
2961
4
2962
3
2963
6
2964
3
2965
2
2966
3
2967
1
2968
1
2969
2
2970
1
2971
2
2972
2
2973
7
2974
2
2975
4
2976
1
2977
11
2978
1
2979
9
2980
2
2981
12
2982
6
2983
1
2984
4
2985
2
2986
4
2987
4
2988
4
2989
1
2990
2
2991
7
2992
7
2993
3
2994
3
2995
2
2996
6
2997
1
2998
0
2999
1
3000
2
3001
4
3002
1
3003
2
3004
3
3005
6
3006
0
3007
6
3008
5
3009
4
3010
4
3011
4
3012
11
3013
1
3014
1
3015
17
3016
3
3017
2
3018
1
3019
6
3020
0
3021
5
3022
2
3023
2
3024
5
3025
2
3026
0
3027
2
3028
1
3029
6
3030
3
3031
5
3032
3
3033
4
3034
3
3035
4
3036
5
3037
5
3038
2
3039
5
3040
2
3041
3
3042
3
3043
6
3044
0
3045
9
3046
0
3047
3
3048
8
3049
5
3050
4
3051
1
3052
6
3053
3
3054
7
3055
3
3056
3
3057
0
3058
3
3059
1
3060
15
3061
1
3062
4
3063
0
3064
0
3065
3
3066
6
3067
0
3068
2
3069
11
3070
11
3071
2
3072
2
3073
1
3074
0
3075
1
3076
1
3077
4
3078
1
3079
3
3080
3
3081
0
3082
8
3083
5
3084
1
3085
1
3086
5
3087
0
3088
3
3089
8
3090
3
3091
2
3092
8
3093
0
3094
14
3095
1
3096
1
3097
7
3098
0
3099
0
3100
14
3101
6
3102
3
3103
2
3104
0
3105
24
3106
0
3107
0
3108
2
3109
1
3110
4
3111
0
3112
2
3113
8
3114
2
3115
1
3116
5
3117
1
3118
6
3119
0
3120
6
3121
3
3122
3
3123
4
3124
3
3125
8
3126
4
3127
1
3128
8
3129
1
3130
6
3131
9
3132
6
3133
3
3134
2
3135
9
3136
4
3137
7
3138
4
3139
3
3140
1
3141
11
3142
1
3143
2
3144
1
3145
10
3146
4
3147
8
3148
0
3149
1
3150
3
3151
2
3152
5
3153
10
3154
11
3155
4
3156
1
3157
2
3158
8
3159
6
3160
8
3161
0
3162
0
3163
8
3164
8
3165
6
3166
3
3167
0
3168
2
3169
7
3170
2
3171
0
3172
1
3173
12
3174
4
3175
1
3176
9
3177
5
3178
4
3179
3
3180
4
3181
1
3182
4
3183
1
3184
1
3185
1
3186
5
3187
22
3188
0
3189
6
3190
7
3191
4
3192
6
3193
7
3194
25
3195
10
3196
6
3197
9
3198
2
3199
4
3200
1
3201
6
3202
3
3203
4
3204
0
3205
0
3206
0
3207
1
3208
0
3209
3
3210
1
3211
1
3212
5
3213
6
3214
1
3215
6
3216
4
3217
8
3218
2
3219
5
3220
11
3221
7
3222
9
3223
5
3224
4
3225
5
3226
1
3227
4
3228
4
3229
1
3230
0
3231
10
3232
0
3233
3
3234
1
3235
3
3236
2
3237
6
3238
1
3239
0
3240
2
3241
3
3242
3
3243
6
3244
4
3245
0
3246
2
3247
15
3248
3
3249
4
3250
3
3251
1
3252
1
3253
17
3254
2
3255
6
3256
3
3257
6
3258
0
3259
1
3260
2
3261
1
3262
3
3263
2
3264
1
3265
12
3266
12
3267
12
3268
0
3269
12
3270
0
3271
8
3272
3
3273
1
3274
4
3275
3
3276
1
3277
2
3278
1
3279
3
3280
1
3281
18
3282
1
3283
2
3284
6
3285
2
3286
1
3287
2
3288
5
3289
7
3290
6
3291
5
3292
0
3293
16
3294
3
3295
4
3296
2
3297
3
3298
1
3299
14
3300
5
3301
3
3302
4
3303
5
3304
5
3305
1
3306
10
3307
5
3308
6
3309
9
3310
4
3311
0
3312
7
3313
15
3314
1
3315
5
3316
4
3317
1
3318
2
3319
10
3320
1
3321
1
3322
2
3323
3
3324
0
3325
1
3326
10
3327
3
3328
3
3329
1
3330
2
3331
4
3332
9
3333
1
3334
3
3335
6
3336
5
3337
0
3338
0
3339
7
3340
0
3341
7
3342
2
3343
0
3344
3
3345
0
3346
2
3347
2
3348
4
3349
6
3350
5
3351
11
3352
1
3353
4
3354
6
3355
25
3356
0
3357
23
3358
9
3359
1
3360
2
3361
2
3362
2
3363
4
3364
8
3365
1
3366
9
3367
3
3368
3
3369
1
3370
7
3371
2
3372
2
3373
0
3374
3
3375
4
3376
1
3377
4
3378
1
3379
0
3380
3
3381
3
3382
1
3383
1
3384
4
3385
1
3386
3
3387
12
3388
2
3389
1
3390
3
3391
2
3392
11
3393
5
3394
5
3395
3
3396
6
3397
21
3398
3
3399
6
3400
12
3401
5
3402
6
3403
7
3404
8
3405
4
3406
2
3407
1
3408
2
3409
6
3410
6
3411
0
3412
3
3413
6
3414
2
3415
5
3416
5
3417
1
3418
1
3419
2
3420
2
3421
0
3422
1
3423
2
3424
7
3425
3
3426
25
3427
4
3428
1
3429
1
3430
4
3431
3
3432
0
3433
3
3434
9
3435
8
3436
3
3437
4
3438
6
3439
3
3440
4
3441
2
3442
0
3443
2
3444
2
3445
8
3446
0
3447
2
3448
3
3449
4
3450
4
3451
5
3452
3
3453
0
3454
2
3455
5
3456
6
3457
4
3458
4
3459
5
3460
0
3461
15
3462
11
3463
4
3464
2
3465
2
3466
4
3467
7
3468
3
3469
5
3470
5
3471
6
3472
2
3473
5
3474
1
3475
3
3476
1
3477
2
3478
4
3479
7
3480
0
3481
1
3482
2
3483
1
3484
5
3485
4
3486
22
3487
2
3488
15
3489
2
3490
11
3491
2
3492
3
3493
6
3494
5
3495
10
3496
4
3497
4
3498
5
3499
7
3500
7
3501
13
3502
4
3503
3
3504
2
3505
5
3506
1
3507
5
3508
0
3509
2
3510
3
3511
10
3512
1
3513
2
3514
0
3515
14
3516
1
3517
3
3518
0
3519
5
3520
1
3521
3
3522
2
3523
4
3524
3
3525
1
3526
3
3527
0
3528
1
3529
3
3530
0
3531
3
3532
3
3533
6
3534
0
3535
6
3536
5
3537
5
3538
4
3539
7
3540
3
3541
6
3542
3
3543
4
3544
5
3545
3
3546
6
3547
4
3548
0
3549
3
3550
6
3551
5
3552
4
3553
7
3554
6
3555
2
3556
2
3557
1
3558
3
3559
3
3560
2
3561
5
3562
1
3563
3
3564
4
3565
0
3566
5
3567
3
3568
2
3569
2
3570
2
3571
0
3572
8
3573
0
3574
0
3575
1
3576
2
3577
1
3578
5
3579
1
3580
7
3581
6
3582
2
3583
3
3584
5
3585
10
3586
10
3587
0
3588
1
3589
3
3590
2
3591
2
3592
4
3593
2
3594
1
3595
0
3596
2
3597
1
3598
6
3599
14
3600
1
3601
4
3602
0
3603
0
3604
5
3605
9
3606
1
3607
0
3608
4
3609
5
3610
3
3611
7
3612
0
3613
4
3614
2
3615
7
3616
1
3617
6
3618
9
3619
5
3620
1
3621
0
3622
0
3623
2
3624
6
3625
0
3626
6
3627
3
3628
6
3629
2
3630
6
3631
0
3632
5
3633
3
3634
9
3635
1
3636
0
3637
1
3638
0
3639
5
3640
4
3641
3
3642
3
3643
8
3644
0
3645
5
3646
0
3647
9
3648
4
3649
0
3650
0
3651
4
3652
6
3653
7
3654
1
3655
0
3656
1
3657
3
3658
1
3659
5
3660
0
3661
1
3662
0
3663
5
3664
7
3665
5
3666
0
3667
0
3668
0
3669
2
3670
2
3671
0
3672
4
3673
12
3674
4
3675
6
3676
25
3677
8
3678
4
3679
14
3680
11
3681
5
3682
3
3683
3
3684
0
3685
25
3686
12
3687
1
3688
0
3689
1
3690
6
3691
6
3692
2
3693
1
3694
6
3695
3
3696
4
3697
2
3698
3
3699
3
3700
1
3701
1
3702
3
3703
3
3704
1
3705
2
3706
3
3707
5
3708
6
3709
1
3710
1
3711
0
3712
1
3713
6
3714
10
3715
2
3716
1
3717
6
3718
3
3719
7
3720
5
3721
5
3722
15
3723
7
3724
7
3725
9
3726
1
3727
0
3728
2
3729
4
3730
7
3731
9
3732
2
3733
2
3734
0
3735
4
3736
5
3737
2
3738
5
3739
4
3740
0
3741
2
3742
1
3743
2
3744
4
3745
2
3746
22
3747
4
3748
2
3749
6
3750
2
3751
2
3752
5
3753
6
3754
5
3755
5
3756
2
3757
3
3758
16
3759
3
3760
2
3761
2
3762
0
3763
5
3764
1
3765
3
3766
4
3767
0
3768
5
3769
6
3770
1
3771
1
3772
5
3773
2
3774
4
3775
8
3776
0
3777
3
3778
0
3779
2
3780
7
3781
4
3782
5
3783
9
3784
1
3785
2
3786
3
3787
1
3788
2
3789
1
3790
0
3791
7
3792
0
3793
4
3794
4
3795
0
3796
3
3797
2
3798
0
3799
6
3800
4
3801
2
3802
1
3803
9
3804
0
3805
3
3806
3
3807
7
3808
0
3809
1
3810
0
3811
6
3812
10
3813
4
3814
0
3815
13
3816
1
3817
4
3818
7
3819
4
3820
4
3821
3
3822
4
3823
3
3824
0
3825
1
3826
3
3827
10
3828
2
3829
0
3830
11
3831
4
3832
0
3833
0
3834
3
3835
3
3836
0
3837
1
3838
5
3839
3
3840
5
3841
1
3842
4
3843
2
3844
2
3845
5
3846
3
3847
0
3848
5
3849
3
3850
1
3851
1
3852
7
3853
1
3854
7
3855
0
3856
4
3857
4
3858
3
3859
2
3860
1
3861
6
3862
7
3863
2
3864
3
3865
1
3866
1
3867
0
3868
2
3869
0
3870
1
3871
1
3872
0
3873
1
3874
2
3875
4
3876
1
3877
1
3878
0
3879
4
3880
5
3881
6
3882
4
3883
3
3884
15
3885
2
3886
2
3887
9
3888
1
3889
1
3890
5
3891
2
3892
2
3893
4
3894
4
3895
9
3896
5
3897
1
3898
0
3899
2
3900
1
3901
0
3902
0
3903
0
3904
5
3905
4
3906
1
3907
0
3908
2
3909
2
3910
1
3911
2
3912
3
3913
2
3914
7
3915
4
3916
3
3917
0
3918
19
3919
10
3920
3
3921
5
3922
1
3923
7
3924
1
3925
3
3926
3
3927
2
3928
2
3929
1
3930
5
3931
6
3932
0
3933
0
3934
3
3935
1
3936
5
3937
1
3938
6
3939
0
3940
3
3941
9
3942
1
3943
1
3944
2
3945
2
3946
0
3947
5
3948
1
3949
3
3950
13
3951
0
3952
5
3953
3
3954
1
3955
2
3956
9
3957
4
3958
6
3959
1
3960
2
3961
6
3962
5
3963
0
3964
5
3965
5
3966
7
3967
6
3968
0
3969
6
3970
2
3971
0
3972
4
3973
1
3974
1
3975
3
3976
1
3977
5
3978
17
3979
4
3980
2
3981
2
3982
1
3983
6
3984
4
3985
9
3986
3
3987
5
3988
0
3989
3
3990
9
3991
2
3992
3
3993
0
3994
1
3995
3
3996
2
3997
0
3998
1
3999
2
4000
7
4001
4
4002
4
4003
2
4004
3
4005
5
4006
2
4007
11
4008
9
4009
1
4010
3
4011
6
4012
18
4013
4
4014
0
4015
0
4016
4
4017
10
4018
4
4019
3
4020
3
4021
2
4022
2
4023
1
4024
3
4025
8
4026
3
4027
3
4028
0
4029
2
4030
1
4031
11
4032
7
4033
0
4034
1
4035
4
4036
4
4037
9
4038
3
4039
0
4040
3
4041
0
4042
2
4043
5
4044
4
4045
0
4046
5
4047
5
4048
3
4049
3
4050
4
4051
0
4052
1
4053
1
4054
5
4055
3
4056
6
4057
1
4058
4
4059
2
4060
2
4061
1
4062
3
4063
15
4064
0
4065
3
4066
2
4067
2
4068
0
4069
7
4070
5
4071
10
4072
1
4073
6
4074
2
4075
0
4076
3
4077
4
4078
4
4079
6
4080
4
4081
0
4082
3
4083
3
4084
1
4085
2
4086
1
4087
3
4088
3
4089
0
4090
8
4091
0
4092
7
4093
2
4094
6
4095
3
4096
2
4097
2
4098
1
4099
0
4100
4
4101
4
4102
5
4103
3
4104
5
4105
8
4106
25
4107
5
4108
0
4109
2
4110
1
4111
2
4112
2
4113
0
4114
6
4115
10
4116
3
4117
1
4118
0
4119
2
4120
1
4121
23
4122
7
4123
2
4124
3
4125
7
4126
2
4127
3
4128
1
4129
4
4130
6
4131
3
4132
1
4133
2
4134
1
4135
7
4136
14
4137
2
4138
0
4139
7
4140
6
4141
16
4142
8
4143
4
4144
12
4145
2
4146
1
4147
4
4148
5
4149
3
4150
2
4151
4
4152
3
4153
4
4154
3
4155
6
4156
8
4157
6
4158
5
4159
0
4160
8
4161
1
4162
6
4163
0
4164
5
4165
4
4166
2
4167
2
4168
3
4169
2
4170
6
4171
0
4172
0
4173
6
4174
4
4175
4
4176
2
4177
4
4178
3
4179
8
4180
6
4181
3
4182
1
4183
2
4184
6
4185
3
4186
4
4187
3
4188
9
4189
9
4190
4
4191
1
4192
4
4193
4
4194
3
4195
4
4196
0
4197
2
4198
4
4199
0
4200
2
4201
2
4202
1
4203
3
4204
2
4205
11
4206
2
4207
0
4208
2
4209
6
4210
11
4211
5
4212
4
4213
15
4214
6
4215
4
4216
9
4217
2
4218
2
4219
5
4220
2
4221
1
4222
6
4223
4
4224
1
4225
0
4226
9
4227
8
4228
1
4229
5
4230
0
4231
0
4232
2
4233
0
4234
6
4235
3
4236
3
4237
5
4238
3
4239
2
4240
2
4241
0
4242
2
4243
4
4244
0
4245
3
4246
3
4247
2
4248
6
4249
21
4250
4
4251
2
4252
1
4253
2
4254
2
4255
4
4256
1
4257
1
4258
3
4259
0
4260
7
4261
3
4262
0
4263
6
4264
2
4265
4
4266
11
4267
5
4268
4
4269
1
4270
4
4271
6
4272
3
4273
2
4274
6
4275
5
4276
2
4277
0
4278
4
4279
9
4280
1
4281
5
4282
1
4283
3
4284
0
4285
4
4286
4
4287
2
4288
9
4289
3
4290
1
4291
6
4292
4
4293
10
4294
0
4295
5
4296
7
4297
1
4298
2
4299
8
4300
2
4301
6
4302
3
4303
5
4304
5
4305
6
4306
2
4307
0
4308
1
4309
6
4310
1
4311
3
4312
2
4313
1
4314
4
4315
1
4316
0
4317
4
4318
3
4319
9
4320
2
4321
0
4322
0
4323
2
4324
7
4325
5
4326
2
4327
10
4328
9
4329
5
4330
1
4331
3
4332
3
4333
3
4334
3
4335
3
4336
1
4337
0
4338
4
4339
5
4340
1
4341
4
4342
0
4343
3
4344
2
4345
0
4346
5
4347
0
4348
2
4349
16
4350
5
4351
9
4352
0
4353
1
4354
0
4355
13
4356
3
4357
6
4358
4
4359
2
4360
6
4361
8
4362
2
4363
5
4364
3
4365
5
4366
1
4367
0
4368
14
4369
4
4370
1
4371
0
4372
5
4373
9
4374
3
4375
4
4376
2
4377
3
4378
0
4379
3
4380
7
4381
13
4382
3
4383
1
4384
0
4385
2
4386
1
4387
5
4388
0
4389
14
4390
2
4391
0
4392
2
4393
4
4394
1
4395
5
4396
4
4397
3
4398
3
4399
3
4400
3
4401
7
4402
1
4403
8
4404
4
4405
5
4406
8
4407
5
4408
9
4409
0
4410
0
4411
1
4412
5
4413
1
4414
4
4415
4
4416
1
4417
6
4418
1
4419
4
4420
1
4421
3
4422
1
4423
3
4424
5
4425
4
4426
7
4427
1
4428
8
4429
1
4430
1
4431
1
4432
5
4433
3
4434
0
4435
1
4436
5
4437
3
4438
1
4439
3
4440
2
4441
0
4442
9
4443
1
4444
2
4445
4
4446
4
4447
9
4448
2
4449
0
4450
2
4451
2
4452
0
4453
2
4454
2
4455
1
4456
2
4457
3
4458
4
4459
2
4460
2
4461
2
4462
2
4463
1
4464
2
4465
3
4466
7
4467
5
4468
0
4469
11
4470
7
4471
3
4472
3
4473
7
4474
3
4475
1
4476
4
4477
0
4478
1
4479
6
4480
5
4481
1
4482
2
4483
3
4484
3
4485
0
4486
9
4487
1
4488
1
4489
2
4490
5
4491
4
4492
3
4493
0
4494
3
4495
1
4496
1
4497
2
4498
1
4499
4
4500
1
4501
15
4502
4
4503
0
4504
2
4505
4
4506
1
4507
1
4508
3
4509
3
4510
0
4511
0
4512
1
4513
5
4514
4
4515
1
4516
8
4517
5
4518
3
4519
0
4520
2
4521
2
4522
2
4523
2
4524
0
4525
0
4526
4
4527
3
4528
2
4529
4
4530
1
4531
10
4532
7
4533
1
4534
8
4535
3
4536
5
4537
3
4538
1
4539
4
4540
6
4541
4
4542
4
4543
2
4544
1
4545
1
4546
8
4547
2
4548
8
4549
0
4550
16
4551
2
4552
0
4553
3
4554
9
4555
3
4556
10
4557
0
4558
9
4559
5
4560
12
4561
3
4562
4
4563
2
4564
1
4565
1
4566
7
4567
6
4568
0
4569
3
4570
6
4571
1
4572
2
4573
2
4574
3
4575
1
4576
6
4577
4
4578
1
4579
5
4580
1
4581
2
4582
0
4583
0
4584
9
4585
0
4586
5
4587
5
4588
0
4589
3
4590
1
4591
3
4592
5
4593
6
4594
8
4595
2
4596
8
4597
1
4598
3
4599
5
4600
7
4601
4
4602
2
4603
1
4604
7
4605
3
4606
7
4607
2
4608
1
4609
8
4610
6
4611
0
4612
2
4613
1
4614
6
4615
2
4616
3
4617
9
4618
7
4619
0
4620
1
4621
0
4622
2
4623
0
4624
12
4625
4
4626
0
4627
0
4628
2
4629
2
4630
7
4631
0
4632
1
4633
7
4634
3
4635
3
4636
4
4637
7
4638
0
4639
17
4640
5
4641
15
4642
5
4643
6
4644
0
4645
5
4646
7
4647
3
4648
18
4649
3
4650
1
4651
5
4652
10
4653
1
4654
3
4655
8
4656
4
4657
1
4658
9
4659
4
4660
3
4661
1
4662
3
4663
7
4664
3
4665
2
4666
8
4667
5
4668
11
4669
4
4670
5
4671
9
4672
1
4673
2
4674
0
4675
10
4676
3
4677
1
4678
0
4679
0
4680
3
4681
2
4682
0
4683
4
4684
2
4685
0
4686
11
4687
5
4688
4
4689
3
4690
4
4691
3
4692
2
4693
3
4694
8
4695
6
4696
3
4697
3
4698
5
4699
2
4700
5
4701
15
4702
1
4703
4
4704
3
4705
4
4706
0
4707
8
4708
0
4709
6
4710
6
4711
12
4712
8
4713
2
4714
5
4715
1
4716
3
4717
9
4718
0
4719
10
4720
1
4721
1
4722
9
4723
3
4724
6
4725
0
4726
0
4727
3
4728
1
4729
0
4730
1
4731
6
4732
6
4733
12
4734
11
4735
10
4736
9
4737
3
4738
3
4739
5
4740
4
4741
1
4742
3
4743
8
4744
1
4745
3
4746
6
4747
4
4748
3
4749
2
4750
1
4751
3
4752
7
4753
2
4754
6
4755
3
4756
3
4757
3
4758
0
4759
7
4760
1
4761
2
4762
2
4763
5
4764
4
4765
9
4766
5
4767
5
4768
3
4769
2
4770
3
4771
4
4772
5
4773
11
4774
1
4775
5
4776
0
4777
10
4778
8
4779
2
4780
5
4781
6
4782
13
4783
1
4784
6
4785
9
4786
5
4787
4
4788
5
4789
5
4790
4
4791
3
4792
2
4793
3
4794
16
4795
0
4796
1
4797
2
4798
4
4799
4
4800
0
4801
3
4802
5
4803
6
4804
0
4805
8
4806
3
4807
0
4808
9
4809
9
4810
6
4811
2
4812
0
4813
5
4814
5
4815
4
4816
4
4817
3
4818
4
4819
2
4820
2
4821
5
4822
7
4823
9
4824
5
4825
1
4826
6
4827
0
4828
2
4829
2
4830
3
4831
2
4832
1
4833
1
4834
3
4835
1
4836
1
4837
0
4838
0
4839
0
4840
2
4841
5
4842
1
4843
0
4844
0
4845
2
4846
5
4847
11
4848
3
4849
3
4850
2
4851
0
4852
17
4853
16
4854
0
4855
6
4856
2
4857
3
4858
1
4859
9
4860
2
4861
3
4862
2
4863
1
4864
1
4865
4
4866
0
4867
6
4868
2
4869
1
4870
1
4871
1
4872
3
4873
4
4874
14
4875
3
4876
6
4877
0
4878
4
4879
0
4880
4
4881
0
4882
1
4883
5
4884
5
4885
1
4886
3
4887
5
4888
2
4889
5
4890
0
4891
5
4892
7
4893
2
4894
0
4895
0
4896
0
4897
9
4898
0
4899
10
4900
3
4901
0
4902
1
4903
0
4904
1
4905
0
4906
5
4907
13
4908
5
4909
6
4910
5
4911
2
4912
2
4913
4
4914
1
4915
0
4916
6
4917
2
4918
4
4919
6
4920
6
4921
1
4922
6
4923
1
4924
1
4925
6
4926
0
4927
9
4928
1
4929
0
4930
1
4931
1
4932
3
4933
5
4934
19
4935
7
4936
2
4937
2
4938
6
4939
1
4940
5
4941
3
4942
1
4943
8
4944
0
4945
2
4946
4
4947
7
4948
0
4949
2
4950
4
4951
4
4952
3
4953
2
4954
0
4955
3
4956
3
4957
2
4958
5
4959
14
4960
6
4961
0
4962
3
4963
1
4964
4
4965
0
4966
1
4967
0
4968
2
4969
1
4970
0
4971
2
4972
1
4973
0
4974
4
4975
5
4976
7
4977
3
4978
9
4979
3
4980
4
4981
4
4982
0
4983
2
4984
7
4985
8
4986
2
4987
1
4988
1
4989
25
4990
6
4991
2
4992
9
4993
2
4994
3
4995
7
4996
0
4997
8
4998
3
4999
12
5000
2
5001
3
5002
4
5003
4
5004
19
5005
0
5006
1
5007
0
5008
6
5009
1
5010
0
5011
4
5012
3
5013
8
5014
2
5015
0
5016
5
5017
1
5018
2
5019
0
5020
0
5021
6
5022
4
5023
4
5024
2
5025
12
5026
9
5027
5
5028
2
5029
3
5030
5
5031
1
5032
5
5033
3
5034
0
5035
2
5036
2
5037
7
5038
6
5039
7
5040
7
5041
1
5042
5
5043
3
5044
0
5045
0
5046
2
5047
1
5048
6
5049
7
5050
3
5051
0
5052
5
5053
4
5054
3
5055
21
5056
4
5057
4
5058
4
5059
9
5060
2
5061
5
5062
0
5063
1
5064
3
5065
7
5066
2
5067
2
5068
2
5069
9
5070
2
5071
2
5072
6
5073
5
5074
5
5075
4
5076
7
5077
1
5078
2
5079
5
5080
4
5081
5
5082
1
5083
5
5084
1
5085
10
5086
2
5087
7
5088
4
5089
3
5090
9
5091
1
5092
5
5093
3
5094
5
5095
0
5096
5
5097
2
5098
2
5099
1
5100
6
5101
2
5102
5
5103
0
5104
0
5105
8
5106
9
5107
6
5108
3
5109
1
5110
4
5111
2
5112
6
5113
3
5114
2
5115
16
5116
1
5117
3
5118
5
5119
3
5120
3
5121
0
5122
1
5123
0
5124
18
5125
2
5126
5
5127
2
5128
5
5129
0
5130
2
5131
3
5132
8
5133
8
5134
3
5135
5
5136
4
5137
4
5138
2
5139
2
5140
3
5141
4
5142
2
5143
1
5144
9
5145
7
5146
5
5147
6
5148
2
5149
2
5150
3
5151
3
5152
3
5153
0
5154
0
5155
1
5156
1
5157
0
5158
3
5159
3
5160
0
5161
0
5162
2
5163
1
5164
1
5165
1
5166
4
5167
3
5168
1
5169
0
5170
1
5171
9
5172
0
5173
1
5174
2
5175
3
5176
5
5177
5
5178
1
5179
1
5180
19
5181
9
5182
4
5183
3
5184
4
5185
3
5186
3
5187
3
5188
2
5189
3
5190
5
5191
0
5192
5
5193
2
5194
4
5195
0
5196
3
5197
5
5198
2
5199
3
5200
3
5201
4
5202
7
5203
0
5204
5
5205
1
5206
6
5207
2
5208
3
5209
0
5210
1
5211
7
5212
0
5213
6
5214
5
5215
1
5216
3
5217
2
5218
6
5219
2
5220
1
5221
4
5222
0
5223
5
5224
5
5225
2
5226
4
5227
5
5228
1
5229
2
5230
7
5231
5
5232
5
5233
3
5234
1
5235
3
5236
2
5237
3
5238
12
5239
0
5240
0
5241
3
5242
13
5243
4
5244
5
5245
1
5246
4
5247
3
5248
4
5249
1
5250
14
5251
1
5252
2
5253
6
5254
6
5255
10
5256
5
5257
1
5258
7
5259
1
5260
0
5261
4
5262
2
5263
2
5264
5
5265
1
5266
2
5267
0
5268
5
5269
5
5270
1
5271
1
5272
3
5273
4
5274
6
5275
3
5276
9
5277
4
5278
1
5279
4
5280
1
5281
2
5282
7
5283
8
5284
7
5285
5
5286
5
5287
5
5288
5
5289
3
5290
0
5291
7
5292
0
5293
0
5294
1
5295
0
5296
4
5297
0
5298
6
5299
6
5300
6
5301
5
5302
1
5303
2
5304
1
5305
2
5306
2
5307
14
5308
6
5309
1
5310
7
5311
1
5312
5
5313
1
5314
1
5315
6
5316
9
5317
2
5318
2
5319
3
5320
4
5321
3
5322
5
5323
6
5324
2
5325
1
5326
6
5327
5
5328
3
5329
2
5330
4
5331
4
5332
1
5333
6
5334
4
5335
2
5336
4
5337
2
5338
2
5339
13
5340
9
5341
5
5342
1
5343
2
5344
9
5345
2
5346
4
5347
3
5348
7
5349
1
5350
0
5351
1
5352
3
5353
1
5354
11
5355
0
5356
9
5357
7
5358
0
5359
1
5360
1
5361
6
5362
5
5363
0
5364
5
5365
3
5366
6
5367
12
5368
5
5369
0
5370
3
5371
0
5372
5
5373
1
5374
1
5375
0
5376
0
5377
2
5378
1
5379
1
5380
4
5381
1
5382
2
5383
5
5384
2
5385
3
5386
0
5387
1
5388
16
5389
1
5390
1
5391
3
5392
0
5393
1
5394
1
5395
2
5396
1
5397
0
5398
4
5399
4
5400
1
5401
3
5402
2
5403
1
5404
7
5405
4
5406
0
5407
10
5408
7
5409
0
5410
0
5411
2
5412
5
5413
1
5414
2
5415
4
5416
0
5417
3
5418
6
5419
1
5420
12
5421
3
5422
0
5423
16
5424
1
5425
15
5426
2
5427
0
5428
8
5429
0
5430
7
5431
6
5432
1
5433
4
5434
2
5435
5
5436
7
5437
1
5438
1
5439
7
5440
4
5441
3
5442
4
5443
9
5444
0
5445
0
5446
11
5447
9
5448
3
5449
5
5450
3
5451
9
5452
0
5453
1
5454
0
5455
1
5456
0
5457
9
5458
1
5459
2
5460
1
5461
0
5462
0
5463
4
5464
2
5465
0
5466
12
5467
2
5468
3
5469
5
5470
0
5471
3
5472
11
5473
2
5474
2
5475
2
5476
1
5477
2
5478
7
5479
9
5480
8
5481
3
5482
2
5483
1
5484
0
5485
6
5486
3
5487
0
5488
6
5489
7
5490
5
5491
5
5492
1
5493
4
5494
4
5495
6
5496
3
5497
8
5498
7
5499
0
5500
18
5501
3
5502
0
5503
0
5504
0
5505
3
5506
5
5507
1
5508
2
5509
2
5510
0
5511
0
5512
3
5513
2
5514
1
5515
10
5516
4
5517
16
5518
6
5519
3
5520
1
5521
0
5522
6
5523
2
5524
2
5525
6
5526
2
5527
2
5528
5
5529
24
5530
4
5531
0
5532
0
5533
0
5534
2
5535
1
5536
12
5537
4
5538
1
5539
2
5540
2
5541
4
5542
1
5543
5
5544
1
5545
3
5546
9
5547
6
5548
4
5549
4
5550
3
5551
7
5552
2
5553
2
5554
6
5555
3
5556
7
5557
3
5558
1
5559
4
5560
8
5561
0
5562
0
5563
2
5564
5
5565
5
5566
5
5567
3
5568
4
5569
1
5570
1
5571
10
5572
5
5573
0
5574
1
5575
0
5576
2
5577
17
5578
0
5579
0
5580
12
5581
1
5582
6
5583
0
5584
3
5585
4
5586
2
5587
11
5588
12
5589
2
5590
5
5591
10
5592
6
5593
6
5594
5
5595
15
5596
3
5597
4
5598
3
5599
3
5600
13
5601
8
5602
2
5603
1
5604
0
5605
2
5606
3
5607
1
5608
3
5609
0
5610
25
5611
3
5612
0
5613
1
5614
2
5615
2
5616
0
5617
1
5618
4
5619
7
5620
4
5621
8
5622
15
5623
3
5624
4
5625
5
5626
0
5627
3
5628
3
5629
0
5630
2
5631
4
5632
0
5633
4
5634
0
5635
0
5636
8
5637
1
5638
2
5639
0
5640
4
5641
8
5642
4
5643
3
5644
5
5645
8
5646
4
5647
0
5648
10
5649
0
5650
1
5651
9
5652
0
5653
1
5654
4
5655
6
5656
1
5657
6
5658
4
5659
5
5660
1
5661
4
5662
7
5663
5
5664
3
5665
1
5666
3
5667
2
5668
4
5669
2
5670
6
5671
0
5672
0
5673
4
5674
6
5675
5
5676
0
5677
5
5678
1
5679
1
5680
5
5681
4
5682
1
5683
3
5684
13
5685
3
5686
5
5687
0
5688
6
5689
3
5690
3
5691
1
5692
0
5693
2
5694
0
5695
2
5696
1
5697
3
5698
3
5699
1
5700
5
5701
2
5702
2
5703
8
5704
0
5705
7
5706
4
5707
4
5708
2
5709
0
5710
4
5711
3
5712
5
5713
3
5714
1
5715
3
5716
2
5717
2
5718
5
5719
4
5720
3
5721
3
5722
2
5723
1
5724
2
5725
2
5726
3
5727
3
5728
0
5729
5
5730
4
5731
4
5732
11
5733
6
5734
1
5735
1
5736
5
5737
5
5738
1
5739
4
5740
2
5741
19
5742
1
5743
6
5744
2
5745
2
5746
9
5747
6
5748
7
5749
4
5750
4
5751
5
5752
3
5753
3
5754
3
5755
5
5756
4
5757
9
5758
0
5759
4
5760
10
5761
1
5762
4
5763
4
5764
9
5765
3
5766
4
5767
4
5768
11
5769
2
5770
3
5771
5
5772
2
5773
2
5774
11
5775
0
5776
4
5777
2
5778
5
5779
11
5780
8
5781
3
5782
9
5783
3
5784
1
5785
5
5786
2
5787
1
5788
2
5789
9
5790
10
5791
3
5792
3
5793
7
5794
0
5795
5
5796
1
5797
4
5798
9
5799
2
5800
16
5801
2
5802
6
5803
3
5804
7
5805
2
5806
1
5807
9
5808
0
5809
2
5810
4
5811
5
5812
3
5813
1
5814
4
5815
1
5816
7
5817
0
5818
4
5819
1
5820
6
5821
4
5822
1
5823
4
5824
3
5825
5
5826
3
5827
2
5828
0
5829
4
5830
5
5831
0
5832
6
5833
2
5834
18
5835
6
5836
4
5837
1
5838
7
5839
17
5840
0
5841
5
5842
5
5843
2
5844
5
5845
1
5846
0
5847
5
5848
2
5849
0
5850
1
5851
1
5852
3
5853
3
5854
5
5855
2
5856
3
5857
9
5858
3
5859
8
5860
1
5861
0
5862
6
5863
0
5864
3
5865
3
5866
3
5867
2
5868
4
5869
5
5870
6
5871
5
5872
5
5873
5
5874
6
5875
10
5876
3
5877
1
5878
9
5879
2
5880
3
5881
1
5882
4
5883
0
5884
1
5885
3
5886
2
5887
0
5888
6
5889
0
5890
1
5891
4
5892
5
5893
9
5894
0
5895
4
5896
1
5897
0
5898
1
5899
3
5900
5
5901
5
5902
1
5903
1
5904
3
5905
5
5906
1
5907
15
5908
1
5909
3
5910
2
5911
0
5912
3
5913
4
5914
7
5915
4
5916
1
5917
2
5918
2
5919
4
5920
6
5921
3
5922
4
5923
4
5924
2
5925
5
5926
5
5927
1
5928
5
5929
0
5930
7
5931
0
5932
9
5933
7
5934
1
5935
1
5936
0
5937
4
5938
2
5939
3
5940
0
5941
3
5942
3
5943
3
5944
5
5945
4
5946
5
5947
1
5948
0
5949
2
5950
4
5951
2
5952
3
5953
0
5954
3
5955
4
5956
5
5957
12
5958
0
5959
2
5960
0
5961
1
5962
4
5963
7
5964
7
5965
2
5966
0
5967
4
5968
9
5969
7
5970
4
5971
4
5972
21
5973
2
5974
4
5975
1
5976
2
5977
3
5978
2
5979
8
5980
8
5981
7
5982
2
5983
5
5984
2
5985
8
5986
5
5987
11
5988
3
5989
7
5990
2
5991
4
5992
9
5993
0
5994
0
5995
1
5996
4
5997
1
5998
0
5999
6
6000
0
6001
6
6002
12
6003
1
6004
2
6005
16
6006
2
6007
0
6008
2
6009
3
6010
4
6011
2
6012
13
6013
4
6014
1
6015
3
6016
3
6017
4
6018
0
6019
0
6020
5
6021
8
6022
11
6023
9
6024
5
6025
11
6026
1
6027
4
6028
6
6029
0
6030
1
6031
3
6032
2
6033
3
6034
2
6035
1
6036
8
6037
2
6038
4
6039
1
6040
2
6041
5
6042
1
6043
0
6044
9
6045
7
6046
2
6047
2
6048
6
6049
2
6050
4
6051
0
6052
0
6053
5
6054
5
6055
4
6056
0
6057
11
6058
4
6059
3
6060
5
6061
13
6062
3
6063
6
6064
0
6065
9
6066
0
6067
6
6068
8
6069
4
6070
6
6071
3
6072
3
6073
2
6074
9
6075
3
6076
2
6077
6
6078
1
6079
0
6080
0
6081
1
6082
6
6083
3
6084
7
6085
5
6086
2
6087
3
6088
2
6089
1
6090
3
6091
6
6092
2
6093
2
6094
2
6095
1
6096
2
6097
2
6098
2
6099
2
6100
1
6101
5
6102
4
6103
7
6104
6
6105
9
6106
8
6107
4
6108
5
6109
2
6110
3
6111
10
6112
7
6113
1
6114
2
6115
6
6116
2
6117
1
6118
5
6119
3
6120
0
6121
5
6122
0
6123
3
6124
5
6125
4
6126
3
6127
3
6128
0
6129
5
6130
7
6131
6
6132
3
6133
2
6134
8
6135
0
6136
1
6137
3
6138
4
6139
1
6140
0
6141
1
6142
2
6143
1
6144
1
6145
7
6146
4
6147
8
6148
6
6149
6
6150
2
6151
3
6152
7
6153
3
6154
2
6155
1
6156
4
6157
3
6158
1
6159
0
6160
1
6161
6
6162
0
6163
2
6164
4
6165
6
6166
8
6167
0
6168
5
6169
4
6170
1
6171
0
6172
0
6173
1
6174
5
6175
3
6176
1
6177
1
6178
3
6179
3
6180
4
6181
1
6182
3
6183
4
6184
2
6185
4
6186
2
6187
5
6188
19
6189
5
6190
2
6191
0
6192
0
6193
2
6194
3
6195
6
6196
0
6197
3
6198
11
6199
11
6200
5
6201
0
6202
3
6203
4
6204
0
6205
2
6206
0
6207
3
6208
4
6209
5
6210
4
6211
6
6212
12
6213
3
6214
0
6215
6
6216
0
6217
5
6218
9
6219
0
6220
0
6221
0
6222
4
6223
7
6224
7
6225
3
6226
2
6227
4
6228
2
6229
2
6230
0
6231
0
6232
2
6233
1
6234
5
6235
1
6236
5
6237
4
6238
2
6239
2
6240
0
6241
2
6242
3
6243
2
6244
11
6245
3
6246
10
6247
13
6248
0
6249
1
6250
5
6251
1
6252
3
6253
2
6254
3
6255
15
6256
1
6257
2
6258
0
6259
1
6260
3
6261
12
6262
1
6263
2
6264
2
6265
0
6266
0
6267
2
6268
6
6269
4
6270
4
6271
2
6272
5
6273
9
6274
0
6275
5
6276
4
6277
1
6278
2
6279
14
6280
5
6281
4
6282
1
6283
4
6284
2
6285
5
6286
5
6287
4
6288
2
6289
3
6290
3
6291
5
6292
6
6293
12
6294
8
6295
2
6296
3
6297
1
6298
9
6299
3
6300
0
6301
1
6302
0
6303
2
6304
6
6305
3
6306
11
6307
0
6308
6
6309
20
6310
4
6311
3
6312
1
6313
1
6314
12
6315
3
6316
7
6317
1
6318
6
6319
0
6320
3
6321
1
6322
1
6323
4
6324
3
6325
5
6326
4
6327
2
6328
12
6329
8
6330
7
6331
5
6332
1
6333
3
6334
11
6335
3
6336
1
6337
4
6338
5
6339
1
6340
13
6341
0
6342
4
6343
6
6344
4
6345
0
6346
4
6347
2
6348
3
6349
0
6350
3
6351
0
6352
5
6353
0
6354
2
6355
2
6356
2
6357
2
6358
5
6359
6
6360
3
6361
8
6362
4
6363
4
6364
3
6365
2
6366
2
6367
15
6368
4
6369
2
6370
1
6371
8
6372
2
6373
0
6374
3
6375
3
6376
6
6377
4
6378
3
6379
1
6380
5
6381
1
6382
2
6383
5
6384
3
6385
7
6386
3
6387
0
6388
3
6389
5
6390
3
6391
6
6392
6
6393
3
6394
0
6395
3
6396
4
6397
0
6398
11
6399
4
6400
0
6401
3
6402
4
6403
1
6404
3
6405
2
6406
0
6407
0
6408
4
6409
3
6410
4
6411
4
6412
2
6413
1
6414
3
6415
8
6416
7
6417
0
6418
2
6419
3
6420
7
6421
4
6422
3
6423
1
6424
4
6425
4
6426
0
6427
2
6428
1
6429
5
6430
0
6431
0
6432
2
6433
15
6434
1
6435
3
6436
5
6437
3
6438
2
6439
12
6440
3
6441
2
6442
3
6443
4
6444
3
6445
7
6446
0
6447
17
6448
6
6449
7
6450
5
6451
3
6452
1
6453
3
6454
3
6455
2
6456
0
6457
9
6458
2
6459
3
6460
3
6461
2
6462
0
6463
1
6464
2
6465
2
6466
3
6467
3
6468
5
6469
6
6470
2
6471
13
6472
8
6473
1
6474
0
6475
2
6476
1
6477
5
6478
6
6479
8
6480
7
6481
1
6482
4
6483
0
6484
1
6485
2
6486
21
6487
2
6488
0
6489
0
6490
1
6491
2
6492
5
6493
0
6494
2
6495
7
6496
2
6497
2
6498
1
6499
2
6500
0
6501
0
6502
0
6503
5
6504
4
6505
4
6506
1
6507
1
6508
0
6509
11
6510
2
6511
5
6512
3
6513
9
6514
4
6515
6
6516
1
6517
2
6518
1
6519
1
6520
8
6521
4
6522
2
6523
3
6524
0
6525
2
6526
1
6527
5
6528
0
6529
7
6530
5
6531
2
6532
9
6533
4
6534
2
6535
2
6536
2
6537
0
6538
4
6539
2
6540
6
6541
4
6542
10
6543
4
6544
3
6545
4
6546
4
6547
10
6548
3
6549
5
6550
0
6551
4
6552
11
6553
0
6554
4
6555
3
6556
4
6557
3
6558
0
6559
0
6560
11
6561
2
6562
0
6563
1
6564
0
6565
7
6566
4
6567
5
6568
2
6569
5
6570
7
6571
0
6572
6
6573
12
6574
1
6575
2
6576
1
6577
10
6578
2
6579
1
6580
4
6581
2
6582
4
6583
4
6584
1
6585
3
6586
7
6587
1
6588
7
6589
16
6590
4
6591
0
6592
7
6593
2
6594
4
6595
3
6596
7
6597
0
6598
10
6599
5
6600
6
6601
5
6602
4
6603
0
6604
0
6605
8
6606
5
6607
1
6608
2
6609
4
6610
3
6611
1
6612
0
6613
8
6614
6
6615
1
6616
5
6617
0
6618
6
6619
1
6620
1
6621
7
6622
3
6623
12
6624
1
6625
0
6626
11
6627
5
6628
14
6629
1
6630
8
6631
4
6632
3
6633
5
6634
4
6635
3
6636
2
6637
4
6638
4
6639
0
6640
4
6641
2
6642
0
6643
1
6644
5
6645
1
6646
0
6647
2
6648
1
6649
20
6650
0
6651
8
6652
3
6653
7
6654
0
6655
8
6656
2
6657
2
6658
3
6659
0
6660
0
6661
4
6662
3
6663
0
6664
5
6665
9
6666
1
6667
2
6668
4
6669
2
6670
1
6671
2
6672
2
6673
4
6674
0
6675
3
6676
0
6677
3
6678
3
6679
2
6680
3
6681
1
6682
7
6683
8
6684
0
6685
6
6686
5
6687
2
6688
3
6689
5
6690
1
6691
0
6692
4
6693
14
6694
6
6695
5
6696
1
6697
2
6698
9
6699
5
6700
0
6701
4
6702
3
6703
2
6704
3
6705
4
6706
4
6707
0
6708
5
6709
5
6710
3
6711
1
6712
3
6713
7
6714
6
6715
1
6716
3
6717
5
6718
7
6719
1
6720
9
6721
5
6722
0
6723
8
6724
1
6725
4
6726
1
6727
3
6728
2
6729
0
6730
10
6731
7
6732
2
6733
1
6734
1
6735
21
6736
5
6737
8
6738
1
6739
1
6740
4
6741
3
6742
5
6743
4
6744
0
6745
12
6746
3
6747
4
6748
0
6749
2
6750
5
6751
3
6752
8
6753
5
6754
6
6755
1
6756
3
6757
2
6758
4
6759
2
6760
4
6761
8
6762
0
6763
3
6764
5
6765
6
6766
0
6767
5
6768
2
6769
8
6770
1
6771
4
6772
13
6773
5
6774
9
6775
1
6776
7
6777
0
6778
3
6779
2
6780
4
6781
2
6782
0
6783
1
6784
3
6785
6
6786
1
6787
4
6788
8
6789
0
6790
0
6791
4
6792
11
6793
4
6794
1
6795
0
6796
5
6797
6
6798
2
6799
4
6800
4
6801
0
6802
5
6803
1
6804
1
6805
3
6806
6
6807
10
6808
4
6809
3
6810
1
6811
1
6812
6
6813
0
6814
2
6815
12
6816
16
6817
2
6818
1
6819
3
6820
1
6821
3
6822
5
6823
3
6824
17
6825
2
6826
7
6827
1
6828
3
6829
0
6830
5
6831
3
6832
3
6833
1
6834
0
6835
0
6836
1
6837
0
6838
1
6839
5
6840
0
6841
0
6842
5
6843
4
6844
2
6845
1
6846
3
6847
5
6848
0
6849
7
6850
1
6851
6
6852
1
6853
3
6854
1
6855
5
6856
2
6857
1
6858
4
6859
1
6860
0
6861
4
6862
0
6863
2
6864
0
6865
7
6866
5
6867
2
6868
3
6869
1
6870
6
6871
9
6872
1
6873
7
6874
2
6875
2
6876
2
6877
9
6878
0
6879
3
6880
6
6881
2
6882
6
6883
7
6884
14
6885
5
6886
5
6887
4
6888
14
6889
0
6890
6
6891
3
6892
8
6893
6
6894
0
6895
7
6896
2
6897
4
6898
1
6899
4
6900
0
6901
1
6902
1
6903
3
6904
6
6905
7
6906
10
6907
7
6908
4
6909
4
6910
4
6911
4
6912
1
6913
0
6914
2
6915
1
6916
4
6917
1
6918
1
6919
4
6920
1
6921
1
6922
2
6923
1
6924
5
6925
1
6926
2
6927
3
6928
2
6929
3
6930
2
6931
2
6932
3
6933
4
6934
0
6935
4
6936
11
6937
4
6938
5
6939
4
6940
4
6941
3
6942
2
6943
3
6944
2
6945
0
6946
10
6947
3
6948
0
6949
1
6950
4
6951
1
6952
0
6953
2
6954
2
6955
0
6956
2
6957
4
6958
10
6959
6
6960
0
6961
2
6962
1
6963
1
6964
24
6965
7
6966
2
6967
4
6968
3
6969
0
6970
1
6971
3
6972
2
6973
1
6974
2
6975
4
6976
5
6977
6
6978
6
6979
6
6980
0
6981
4
6982
3
6983
5
6984
1
6985
4
6986
2
6987
4
6988
2
6989
7
6990
2
6991
3
6992
9
6993
6
6994
3
6995
3
6996
1
6997
1
6998
3
6999
2
7000
7
7001
14
7002
3
7003
10
7004
2
7005
0
7006
0
7007
3
7008
1
7009
1
7010
2
7011
4
7012
18
7013
1
7014
6
7015
2
7016
1
7017
0
7018
1
7019
3
7020
1
7021
1
7022
10
7023
5
7024
1
7025
4
7026
0
7027
3
7028
5
7029
5
7030
5
7031
12
7032
2
7033
6
7034
0
7035
3
7036
0
7037
5
7038
1
7039
5
7040
0
7041
2
7042
1
7043
2
7044
5
7045
7
7046
4
7047
10
7048
6
7049
2
7050
6
7051
2
7052
2
7053
11
7054
3
7055
0
7056
0
7057
2
7058
3
7059
3
7060
0
7061
2
7062
2
7063
6
7064
6
7065
8
7066
12
7067
8
7068
2
7069
3
7070
5
7071
6
7072
0
7073
3
7074
3
7075
8
7076
3
7077
1
7078
4
7079
1
7080
0
7081
3
7082
1
7083
0
7084
1
7085
0
7086
1
7087
1
7088
4
7089
3
7090
3
7091
7
7092
5
7093
2
7094
2
7095
6
7096
6
7097
6
7098
5
7099
8
7100
0
7101
3
7102
3
7103
3
7104
4
7105
6
7106
4
7107
6
7108
3
7109
13
7110
0
7111
5
7112
3
7113
0
7114
8
7115
3
7116
3
7117
5
7118
4
7119
5
7120
3
7121
2
7122
9
7123
6
7124
5
7125
5
7126
4
7127
6
7128
2
7129
2
7130
5
7131
3
7132
9
7133
5
7134
4
7135
0
7136
5
7137
8
7138
0
7139
7
7140
5
7141
4
7142
4
7143
2
7144
6
7145
1
7146
6
7147
2
7148
4
7149
12
7150
4
7151
5
7152
5
7153
2
7154
1
7155
3
7156
16
7157
0
7158
2
7159
3
7160
3
7161
6
7162
3
7163
0
7164
4
7165
1
7166
2
7167
0
7168
12
7169
2
7170
3
7171
9
7172
2
7173
3
7174
4
7175
13
7176
4
7177
0
7178
6
7179
6
7180
0
7181
4
7182
2
7183
1
7184
3
7185
4
7186
0
7187
3
7188
4
7189
3
7190
2
7191
3
7192
3
7193
0
7194
3
7195
2
7196
2
7197
4
7198
2
7199
0
7200
4
7201
5
7202
14
7203
2
7204
0
7205
4
7206
7
7207
0
7208
3
7209
2
7210
6
7211
3
7212
1
7213
7
7214
7
7215
2
7216
0
7217
1
7218
3
7219
3
7220
4
7221
8
7222
7
7223
4
7224
1
7225
8
7226
5
7227
6
7228
4
7229
1
7230
4
7231
11
7232
5
7233
0
7234
4
7235
2
7236
4
7237
7
7238
1
7239
6
7240
5
7241
4
7242
2
7243
2
7244
0
7245
3
7246
2
7247
2
7248
3
7249
4
7250
2
7251
0
7252
1
7253
3
7254
3
7255
3
7256
0
7257
5
7258
3
7259
1
7260
6
7261
2
7262
6
7263
1
7264
14
7265
5
7266
7
7267
6
7268
0
7269
5
7270
2
7271
3
7272
2
7273
9
7274
2
7275
2
7276
2
7277
3
7278
0
7279
1
7280
4
7281
1
7282
2
7283
0
7284
5
7285
1
7286
3
7287
4
7288
4
7289
8
7290
5
7291
5
7292
0
7293
2
7294
3
7295
0
7296
3
7297
5
7298
1
7299
3
7300
2
7301
11
7302
1
7303
4
7304
3
7305
0
7306
9
7307
7
7308
0
7309
10
7310
6
7311
3
7312
4
7313
8
7314
1
7315
5
7316
5
7317
2
7318
11
7319
9
7320
3
7321
1
7322
4
7323
1
7324
14
7325
3
7326
5
7327
2
7328
6
7329
2
7330
2
7331
3
7332
5
7333
6
7334
4
7335
4
7336
8
7337
2
7338
2
7339
3
7340
1
7341
4
7342
6
7343
2
7344
5
7345
6
7346
9
7347
0
7348
0
7349
1
7350
5
7351
2
7352
5
7353
1
7354
2
7355
0
7356
5
7357
0
7358
10
7359
2
7360
4
7361
7
7362
4
7363
3
7364
2
7365
2
7366
3
7367
4
7368
2
7369
0
7370
3
7371
4
7372
1
7373
10
7374
2
7375
4
7376
2
7377
4
7378
2
7379
6
7380
11
7381
3
7382
3
7383
0
7384
1
7385
3
7386
3
7387
10
7388
2
7389
2
7390
4
7391
3
7392
3
7393
7
7394
5
7395
1
7396
0
7397
0
7398
7
7399
3
7400
5
7401
6
7402
8
7403
7
7404
2
7405
7
7406
6
7407
2
7408
8
7409
2
7410
9
7411
3
7412
6
7413
8
7414
4
7415
5
7416
3
7417
13
7418
12
7419
0
7420
2
7421
0
7422
3
7423
3
7424
2
7425
6
7426
12
7427
3
7428
11
7429
1
7430
1
7431
1
7432
3
7433
3
7434
1
7435
3
7436
5
7437
2
7438
2
7439
0
7440
5
7441
2
7442
0
7443
0
7444
3
7445
1
7446
7
7447
4
7448
4
7449
1
7450
4
7451
7
7452
5
7453
4
7454
2
7455
3
7456
5
7457
0
7458
9
7459
6
7460
6
7461
0
7462
10
7463
3
7464
0
7465
3
7466
3
7467
0
7468
6
7469
5
7470
2
7471
3
7472
9
7473
5
7474
1
7475
2
7476
3
7477
3
7478
3
7479
3
7480
2
7481
4
7482
2
7483
2
7484
2
7485
6
7486
1
7487
4
7488
5
7489
0
7490
2
7491
0
7492
2
7493
3
7494
0
7495
5
7496
7
7497
3
7498
2
7499
0
7500
2
7501
2
7502
4
7503
9
7504
6
7505
4
7506
6
7507
0
7508
4
7509
0
7510
0
7511
5
7512
3
7513
5
7514
3
7515
0
7516
8
7517
7
7518
3
7519
6
7520
3
7521
1
7522
0
7523
6
7524
3
7525
3
7526
4
7527
0
7528
1
7529
3
7530
2
7531
2
7532
0
7533
0
7534
4
7535
6
7536
3
7537
14
7538
4
7539
1
7540
6
7541
8
7542
3
7543
1
7544
7
7545
9
7546
0
7547
3
7548
1
7549
2
7550
4
7551
9
7552
2
7553
4
7554
5
7555
0
7556
6
7557
0
7558
4
7559
1
7560
3
7561
0
7562
4
7563
2
7564
4
7565
9
7566
0
7567
0
7568
0
7569
8
7570
3
7571
5
7572
2
7573
6
7574
16
7575
1
7576
1
7577
3
7578
3
7579
3
7580
1
7581
4
7582
0
7583
4
7584
4
7585
3
7586
2
7587
4
7588
5
7589
4
7590
6
7591
7
7592
2
7593
1
7594
1
7595
0
7596
6
7597
4
7598
3
7599
2
7600
3
7601
8
7602
4
7603
1
7604
2
7605
13
7606
8
7607
2
7608
4
7609
4
7610
4
7611
8
7612
5
7613
6
7614
0
7615
3
7616
2
7617
5
7618
4
7619
6
7620
10
7621
2
7622
2
7623
7
7624
1
7625
1
7626
5
7627
4
7628
1
7629
6
7630
6
7631
1
7632
2
7633
1
7634
0
7635
4
7636
1
7637
4
7638
1
7639
3
7640
6
7641
4
7642
9
7643
0
7644
14
7645
3
7646
7
7647
2
7648
1
7649
10
7650
2
7651
19
7652
1
7653
5
7654
0
7655
3
7656
9
7657
1
7658
1
7659
5
7660
8
7661
0
7662
3
7663
5
7664
2
7665
0
7666
0
7667
9
7668
5
7669
1
7670
0
7671
1
7672
4
7673
0
7674
1
7675
3
7676
4
7677
0
7678
4
7679
3
7680
2
7681
3
7682
0
7683
4
7684
6
7685
6
7686
2
7687
0
7688
2
7689
1
7690
1
7691
7
7692
6
7693
0
7694
6
7695
5
7696
11
7697
2
7698
2
7699
6
7700
1
7701
5
7702
6
7703
7
7704
2
7705
6
7706
5
7707
4
7708
5
7709
8
7710
4
7711
8
7712
12
7713
0
7714
4
7715
0
7716
4
7717
7
7718
9
7719
0
7720
1
7721
5
7722
4
7723
3
7724
4
7725
5
7726
2
7727
1
7728
3
7729
3
7730
4
7731
4
7732
7
7733
0
7734
2
7735
2
7736
4
7737
3
7738
18
7739
4
7740
3
7741
2
7742
4
7743
0
7744
2
7745
1
7746
0
7747
4
7748
20
7749
4
7750
1
7751
9
7752
2
7753
0
7754
0
7755
8
7756
1
7757
0
7758
0
7759
1
7760
4
7761
0
7762
3
7763
6
7764
0
7765
1
7766
6
7767
0
7768
0
7769
5
7770
3
7771
4
7772
2
7773
5
7774
6
7775
7
7776
4
7777
1
7778
3
7779
4
7780
6
7781
7
7782
1
7783
7
7784
3
7785
0
7786
11
7787
1
7788
4
7789
2
7790
4
7791
3
7792
0
7793
5
7794
4
7795
1
7796
3
7797
4
7798
6
7799
1
7800
1
7801
2
7802
2
7803
9
7804
3
7805
4
7806
5
7807
1
7808
2
7809
1
7810
3
7811
6
7812
2
7813
7
7814
0
7815
2
7816
1
7817
1
7818
9
7819
4
7820
2
7821
4
7822
1
7823
9
7824
4
7825
2
7826
2
7827
5
7828
1
7829
5
7830
3
7831
4
7832
0
7833
2
7834
9
7835
2
7836
5
7837
4
7838
1
7839
20
7840
5
7841
3
7842
13
7843
4
7844
3
7845
2
7846
5
7847
0
7848
3
7849
6
7850
1
7851
5
7852
14
7853
12
7854
0
7855
2
7856
7
7857
6
7858
2
7859
2
7860
7
7861
2
7862
4
7863
0
7864
3
7865
8
7866
3
7867
1
7868
6
7869
11
7870
3
7871
1
7872
5
7873
6
7874
8
7875
2
7876
3
7877
5
7878
2
7879
7
7880
7
7881
3
7882
0
7883
1
7884
1
7885
3
7886
3
7887
0
7888
6
7889
0
7890
11
7891
1
7892
6
7893
5
7894
4
7895
1
7896
0
7897
5
7898
3
7899
1
7900
3
7901
0
7902
1
7903
0
7904
4
7905
1
7906
0
7907
4
7908
5
7909
0
7910
0
7911
4
7912
0
7913
1
7914
5
7915
2
7916
1
7917
4
7918
7
7919
1
7920
4
7921
3
7922
1
7923
3
7924
0
7925
5
7926
2
7927
0
7928
4
7929
0
7930
3
7931
3
7932
3
7933
3
7934
6
7935
10
7936
3
7937
1
7938
3
7939
2
7940
6
7941
6
7942
6
7943
17
7944
7
7945
1
7946
4
7947
9
7948
5
7949
0
7950
0
7951
8
7952
2
7953
1
7954
5
7955
2
7956
1
7957
1
7958
1
7959
7
7960
5
7961
6
7962
2
7963
0
7964
0
7965
13
7966
15
7967
1
7968
1
7969
6
7970
4
7971
4
7972
1
7973
1
7974
0
7975
0
7976
6
7977
2
7978
5
7979
4
7980
5
7981
2
7982
5
7983
4
7984
12
7985
0
7986
1
7987
1
7988
11
7989
3
7990
2
7991
5
7992
4
7993
6
7994
2
7995
3
7996
6
7997
1
7998
0
7999
1
8000
2
8001
2
8002
2
8003
0
8004
10
8005
4
8006
0
8007
1
8008
3
8009
1
8010
2
8011
0
8012
3
8013
2
8014
5
8015
5
8016
4
8017
3
8018
5
8019
0
8020
4
8021
9
8022
9
8023
7
8024
2
8025
3
8026
3
8027
11
8028
5
8029
4
8030
25
8031
8
8032
4
8033
4
8034
2
8035
5
8036
5
8037
2
8038
2
8039
3
8040
1
8041
4
8042
9
8043
5
8044
3
8045
3
8046
15
8047
0
8048
4
8049
0
8050
2
8051
7
8052
11
8053
1
8054
4
8055
17
8056
3
8057
0
8058
1
8059
3
8060
4
8061
0
8062
6
8063
1
8064
4
8065
9
8066
4
8067
2
8068
1
8069
0
8070
4
8071
9
8072
10
8073
2
8074
8
8075
2
8076
3
8077
2
8078
1
8079
1
8080
1
8081
6
8082
5
8083
9
8084
1
8085
1
8086
1
8087
0
8088
3
8089
5
8090
2
8091
3
8092
1
8093
2
8094
6
8095
1
8096
1
8097
7
8098
3
8099
1
8100
0
8101
1
8102
4
8103
2
8104
2
8105
1
8106
2
8107
4
8108
1
8109
4
8110
2
8111
3
8112
3
8113
7
8114
6
8115
0
8116
2
8117
4
8118
4
8119
3
8120
3
8121
3
8122
3
8123
2
8124
4
8125
2
8126
1
8127
1
8128
8
8129
1
8130
4
8131
0
8132
2
8133
7
8134
6
8135
17
8136
1
8137
14
8138
3
8139
2
8140
2
8141
11
8142
1
8143
5
8144
8
8145
2
8146
2
8147
1
8148
2
8149
1
8150
1
8151
8
8152
4
8153
8
8154
0
8155
6
8156
5
8157
3
8158
4
8159
4
8160
4
8161
2
8162
17
8163
2
8164
2
8165
13
8166
4
8167
3
8168
3
8169
0
8170
4
8171
2
8172
7
8173
5
8174
0
8175
5
8176
4
8177
6
8178
2
8179
5
8180
11
8181
2
8182
6
8183
3
8184
1
8185
2
8186
2
8187
13
8188
1
8189
8
8190
5
8191
1
8192
3
8193
2
8194
5
8195
2
8196
4
8197
4
8198
3
8199
6
8200
4
8201
7
8202
10
8203
5
8204
0
8205
3
8206
1
8207
1
8208
2
8209
4
8210
3
8211
10
8212
9
8213
7
8214
4
8215
4
8216
15
8217
6
8218
4
8219
2
8220
3
8221
2
8222
3
8223
4
8224
3
8225
2
8226
0
8227
0
8228
5
8229
3
8230
4
8231
3
8232
3
8233
6
8234
6
8235
2
8236
6
8237
4
8238
2
8239
2
8240
2
8241
3
8242
1
8243
4
8244
6
8245
2
8246
3
8247
1
8248
4
8249
6
8250
6
8251
8
8252
2
8253
2
8254
4
8255
9
8256
1
8257
0
8258
1
8259
3
8260
2
8261
4
8262
3
8263
6
8264
5
8265
5
8266
4
8267
0
8268
9
8269
2
8270
0
8271
0
8272
3
8273
3
8274
0
8275
9
8276
1
8277
4
8278
11
8279
4
8280
0
8281
0
8282
11
8283
4
8284
0
8285
4
8286
4
8287
0
8288
5
8289
3
8290
13
8291
7
8292
5
8293
0
8294
6
8295
0
8296
8
8297
5
8298
7
8299
2
8300
1
8301
3
8302
5
8303
4
8304
7
8305
4
8306
0
8307
1
8308
6
8309
12
8310
3
8311
2
8312
3
8313
4
8314
1
8315
3
8316
4
8317
2
8318
12
8319
3
8320
8
8321
18
8322
6
8323
5
8324
1
8325
2
8326
2
8327
13
8328
4
8329
2
8330
2
8331
5
8332
3
8333
1
8334
1
8335
9
8336
3
8337
8
8338
4
8339
6
8340
1
8341
6
8342
5
8343
6
8344
4
8345
0
8346
3
8347
5
8348
4
8349
8
8350
5
8351
2
8352
2
8353
12
8354
4
8355
6
8356
2
8357
19
8358
1
8359
7
8360
0
8361
0
8362
1
8363
4
8364
3
8365
0
8366
7
8367
5
8368
2
8369
5
8370
1
8371
2
8372
4
8373
3
8374
2
8375
3
8376
14
8377
3
8378
3
8379
7
8380
3
8381
9
8382
2
8383
2
8384
4
8385
13
8386
1
8387
11
8388
3
8389
0
8390
3
8391
8
8392
4
8393
2
8394
2
8395
6
8396
3
8397
1
8398
0
8399
3
8400
4
8401
2
8402
4
8403
4
8404
1
8405
5
8406
0
8407
1
8408
2
8409
1
8410
6
8411
1
8412
4
8413
2
8414
0
8415
4
8416
0
8417
7
8418
6
8419
4
8420
3
8421
1
8422
3
8423
3
8424
6
8425
14
8426
1
8427
2
8428
1
8429
1
8430
0
8431
0
8432
4
8433
6
8434
1
8435
2
8436
1
8437
3
8438
1
8439
2
8440
5
8441
1
8442
13
8443
7
8444
13
8445
5
8446
2
8447
3
8448
0
8449
2
8450
2
8451
1
8452
11
8453
16
8454
2
8455
3
8456
2
8457
3
8458
4
8459
12
8460
11
8461
2
8462
8
8463
3
8464
0
8465
1
8466
5
8467
7
8468
0
8469
2
8470
5
8471
3
8472
6
8473
4
8474
3
8475
1
8476
1
8477
1
8478
10
8479
3
8480
2
8481
2
8482
1
8483
0
8484
6
8485
5
8486
0
8487
3
8488
1
8489
10
8490
2
8491
4
8492
5
8493
14
8494
5
8495
2
8496
6
8497
3
8498
5
8499
1
8500
3
8501
4
8502
3
8503
2
8504
0
8505
3
8506
3
8507
3
8508
9
8509
2
8510
4
8511
1
8512
9
8513
0
8514
0
8515
3
8516
1
8517
5
8518
1
8519
9
8520
2
8521
7
8522
1
8523
2
8524
4
8525
1
8526
15
8527
2
8528
2
8529
18
8530
4
8531
3
8532
10
8533
5
8534
5
8535
10
8536
2
8537
2
8538
1
8539
20
8540
8
8541
7
8542
15
8543
12
8544
3
8545
1
8546
2
8547
0
8548
1
8549
5
8550
2
8551
7
8552
9
8553
0
8554
5
8555
3
8556
0
8557
8
8558
4
8559
0
8560
3
8561
3
8562
3
8563
6
8564
0
8565
1
8566
0
8567
0
8568
0
8569
2
8570
7
8571
13
8572
1
8573
1
8574
2
8575
7
8576
5
8577
3
8578
2
8579
2
8580
0
8581
3
8582
5
8583
0
8584
0
8585
0
8586
2
8587
3
8588
1
8589
3
8590
4
8591
7
8592
7
8593
2
8594
3
8595
3
8596
3
8597
4
8598
4
8599
3
8600
3
8601
5
8602
1
8603
0
8604
3
8605
3
8606
1
8607
1
8608
2
8609
2
8610
3
8611
1
8612
3
8613
0
8614
5
8615
2
8616
3
8617
1
8618
3
8619
5
8620
2
8621
12
8622
0
8623
0
8624
1
8625
1
8626
5
8627
4
8628
2
8629
4
8630
3
8631
2
8632
2
8633
9
8634
7
8635
3
8636
1
8637
6
8638
4
8639
2
8640
2
8641
21
8642
2
8643
5
8644
4
8645
2
8646
0
8647
3
8648
4
8649
0
8650
2
8651
2
8652
4
8653
2
8654
11
8655
0
8656
2
8657
2
8658
7
8659
5
8660
7
8661
1
8662
2
8663
5
8664
2
8665
8
8666
8
8667
4
8668
0
8669
2
8670
4
8671
7
8672
3
8673
4
8674
3
8675
10
8676
0
8677
3
8678
21
8679
9
8680
1
8681
4
8682
4
8683
17
8684
13
8685
3
8686
9
8687
3
8688
1
8689
4
8690
1
8691
2
8692
7
8693
5
8694
0
8695
2
8696
1
8697
0
8698
6
8699
1
8700
11
8701
9
8702
2
8703
1
8704
1
8705
1
8706
5
8707
0
8708
2
8709
1
8710
0
8711
3
8712
0
8713
7
8714
4
8715
11
8716
0
8717
1
8718
0
8719
5
8720
0
8721
3
8722
1
8723
14
8724
3
8725
2
8726
5
8727
6
8728
8
8729
0
8730
2
8731
2
8732
3
8733
4
8734
15
8735
2
8736
1
8737
6
8738
1
8739
2
8740
3
8741
2
8742
5
8743
0
8744
2
8745
4
8746
3
8747
2
8748
0
8749
3
8750
4
8751
1
8752
5
8753
7
8754
3
8755
1
8756
5
8757
7
8758
2
8759
0
8760
4
8761
1
8762
0
8763
6
8764
3
8765
4
8766
13
8767
3
8768
1
8769
3
8770
8
8771
5
8772
5
8773
1
8774
2
8775
0
8776
12
8777
7
8778
5
8779
4
8780
5
8781
4
8782
1
8783
2
8784
1
8785
0
8786
9
8787
0
8788
5
8789
0
8790
0
8791
1
8792
4
8793
10
8794
4
8795
1
8796
4
8797
1
8798
1
8799
1
8800
0
8801
2
8802
1
8803
8
8804
2
8805
7
8806
0
8807
4
8808
4
8809
0
8810
0
8811
5
8812
1
8813
2
8814
11
8815
7
8816
10
8817
2
8818
4
8819
6
8820
1
8821
4
8822
2
8823
2
8824
8
8825
0
8826
3
8827
1
8828
3
8829
18
8830
4
8831
3
8832
5
8833
2
8834
2
8835
4
8836
3
8837
1
8838
6
8839
1
8840
5
8841
3
8842
2
8843
3
8844
3
8845
5
8846
3
8847
5
8848
1
8849
0
8850
3
8851
3
8852
4
8853
9
8854
3
8855
1
8856
2
8857
5
8858
3
8859
3
8860
8
8861
1
8862
1
8863
6
8864
1
8865
3
8866
7
8867
4
8868
2
8869
3
8870
5
8871
7
8872
7
8873
0
8874
7
8875
16
8876
3
8877
1
8878
5
8879
0
8880
7
8881
4
8882
4
8883
5
8884
4
8885
3
8886
1
8887
5
8888
0
8889
3
8890
0
8891
6
8892
1
8893
1
8894
1
8895
2
8896
16
8897
2
8898
0
8899
6
8900
1
8901
11
8902
8
8903
0
8904
2
8905
5
8906
3
8907
3
8908
3
8909
3
8910
0
8911
4
8912
1
8913
9
8914
2
8915
4
8916
1
8917
6
8918
5
8919
3
8920
3
8921
0
8922
2
8923
1
8924
9
8925
4
8926
4
8927
4
8928
9
8929
0
8930
1
8931
2
8932
1
8933
9
8934
1
8935
1
8936
3
8937
4
8938
5
8939
1
8940
2
8941
1
8942
2
8943
5
8944
1
8945
4
8946
3
8947
3
8948
0
8949
16
8950
5
8951
2
8952
2
8953
3
8954
2
8955
3
8956
11
8957
10
8958
0
8959
1
8960
0
8961
1
8962
1
8963
6
8964
6
8965
8
8966
5
8967
0
8968
1
8969
6
8970
2
8971
3
8972
10
8973
2
8974
6
8975
0
8976
1
8977
4
8978
2
8979
1
8980
3
8981
3
8982
8
8983
3
8984
1
8985
2
8986
2
8987
4
8988
5
8989
4
8990
1
8991
0
8992
5
8993
4
8994
2
8995
1
8996
0
8997
14
8998
8
8999
3
9000
3
9001
0
9002
4
9003
0
9004
1
9005
2
9006
4
9007
4
9008
4
9009
3
9010
2
9011
4
9012
3
9013
7
9014
6
9015
22
9016
6
9017
3
9018
5
9019
7
9020
3
9021
2
9022
2
9023
0
9024
7
9025
4
9026
0
9027
3
9028
6
9029
0
9030
9
9031
3
9032
4
9033
2
9034
3
9035
6
9036
11
9037
2
9038
4
9039
4
9040
5
9041
6
9042
0
9043
0
9044
1
9045
1
9046
5
9047
13
9048
4
9049
4
9050
5
9051
0
9052
2
9053
4
9054
6
9055
1
9056
0
9057
6
9058
1
9059
2
9060
5
9061
0
9062
2
9063
0
9064
0
9065
4
9066
5
9067
5
9068
4
9069
3
9070
1
9071
2
9072
6
9073
6
9074
2
9075
2
9076
0
9077
1
9078
2
9079
0
9080
5
9081
3
9082
6
9083
0
9084
4
9085
8
9086
10
9087
6
9088
2
9089
5
9090
4
9091
1
9092
6
9093
0
9094
2
9095
1
9096
3
9097
0
9098
0
9099
1
9100
0
9101
4
9102
2
9103
1
9104
6
9105
0
9106
0
9107
0
9108
5
9109
1
9110
2
9111
7
9112
0
9113
3
9114
1
9115
3
9116
8
9117
3
9118
1
9119
18
9120
1
9121
5
9122
1
9123
4
9124
0
9125
3
9126
1
9127
4
9128
0
9129
9
9130
8
9131
4
9132
15
9133
7
9134
2
9135
8
9136
8
9137
0
9138
3
9139
9
9140
12
9141
6
9142
0
9143
1
9144
0
9145
4
9146
2
9147
0
9148
1
9149
1
9150
8
9151
3
9152
6
9153
10
9154
9
9155
6
9156
11
9157
2
9158
2
9159
3
9160
2
9161
2
9162
6
9163
3
9164
6
9165
2
9166
0
9167
0
9168
0
9169
0
9170
6
9171
5
9172
5
9173
4
9174
3
9175
0
9176
19
9177
2
9178
4
9179
3
9180
4
9181
3
9182
3
9183
1
9184
4
9185
3
9186
5
9187
3
9188
12
9189
4
9190
0
9191
2
9192
20
9193
2
9194
8
9195
5
9196
4
9197
5
9198
1
9199
18
9200
6
9201
15
9202
4
9203
5
9204
1
9205
2
9206
0
9207
6
9208
4
9209
5
9210
5
9211
4
9212
1
9213
8
9214
27
9215
4
9216
5
9217
4
9218
1
9219
9
9220
0
9221
3
9222
6
9223
1
9224
1
9225
4
9226
4
9227
5
9228
4
9229
4
9230
11
9231
1
9232
9
9233
5
9234
2
9235
0
9236
6
9237
8
9238
0
9239
3
9240
3
9241
5
9242
4
9243
4
9244
2
9245
5
9246
5
9247
6
9248
2
9249
10
9250
2
9251
6
9252
1
9253
5
9254
2
9255
4
9256
11
9257
0
9258
2
9259
2
9260
8
9261
2
9262
5
9263
3
9264
6
9265
4
9266
3
9267
13
9268
5
9269
3
9270
0
9271
9
9272
6
9273
4
9274
4
9275
9
9276
2
9277
2
9278
2
9279
2
9280
2
9281
2
9282
2
9283
1
9284
4
9285
6
9286
0
9287
9
9288
3
9289
0
9290
9
9291
4
9292
1
9293
9
9294
2
9295
5
9296
4
9297
2
9298
8
9299
2
9300
1
9301
7
9302
1
9303
4
9304
6
9305
3
9306
1
9307
2
9308
4
9309
10
9310
2
9311
1
9312
0
9313
4
9314
4
9315
4
9316
0
9317
0
9318
1
9319
8
9320
2
9321
0
9322
2
9323
4
9324
4
9325
7
9326
1
9327
8
9328
4
9329
2
9330
9
9331
14
9332
6
9333
7
9334
5
9335
2
9336
11
9337
2
9338
6
9339
2
9340
4
9341
1
9342
1
9343
7
9344
6
9345
5
9346
2
9347
4
9348
7
9349
2
9350
1
9351
5
9352
1
9353
2
9354
4
9355
3
9356
2
9357
0
9358
1
9359
0
9360
8
9361
7
9362
3
9363
0
9364
5
9365
4
9366
7
9367
2
9368
3
9369
8
9370
18
9371
14
9372
2
9373
0
9374
25
9375
2
9376
2
9377
1
9378
5
9379
3
9380
0
9381
3
9382
3
9383
0
9384
2
9385
25
9386
1
9387
2
9388
3
9389
3
9390
5
9391
14
9392
4
9393
0
9394
6
9395
2
9396
0
9397
0
9398
3
9399
0
9400
0
9401
4
9402
4
9403
2
9404
0
9405
3
9406
8
9407
13
9408
2
9409
0
9410
6
9411
4
9412
7
9413
0
9414
3
9415
1
9416
0
9417
3
9418
3
9419
6
9420
8
9421
2
9422
7
9423
0
9424
4
9425
0
9426
0
9427
6
9428
2
9429
3
9430
0
9431
2
9432
0
9433
2
9434
3
9435
4
9436
3
9437
0
9438
1
9439
6
9440
6
9441
6
9442
4
9443
1
9444
3
9445
3
9446
1
9447
3
9448
0
9449
3
9450
1
9451
14
9452
6
9453
16
9454
5
9455
2
9456
4
9457
12
9458
0
9459
11
9460
4
9461
4
9462
1
9463
5
9464
2
9465
5
9466
2
9467
3
9468
2
9469
5
9470
6
9471
2
9472
2
9473
3
9474
0
9475
1
9476
4
9477
0
9478
6
9479
9
9480
5
9481
10
9482
7
9483
0
9484
1
9485
3
9486
12
9487
0
9488
11
9489
3
9490
3
9491
4
9492
5
9493
4
9494
4
9495
0
9496
3
9497
5
9498
8
9499
3
9500
3
9501
5
9502
4
9503
0
9504
3
9505
4
9506
4
9507
2
9508
5
9509
3
9510
5
9511
1
9512
7
9513
6
9514
2
9515
7
9516
1
9517
0
9518
1
9519
3
9520
5
9521
2
9522
4
9523
2
9524
1
9525
3
9526
4
9527
4
9528
5
9529
10
9530
11
9531
2
9532
0
9533
6
9534
4
9535
7
9536
2
9537
11
9538
1
9539
4
9540
4
9541
3
9542
3
9543
9
9544
3
9545
0
9546
4
9547
0
9548
3
9549
3
9550
2
9551
0
9552
0
9553
0
9554
3
9555
0
9556
0
9557
0
9558
2
9559
5
9560
4
9561
1
9562
2
9563
8
9564
7
9565
0
9566
0
9567
1
9568
0
9569
1
9570
0
9571
1
9572
3
9573
3
9574
10
9575
6
9576
0
9577
2
9578
4
9579
6
9580
4
9581
2
9582
16
9583
4
9584
4
9585
9
9586
3
9587
5
9588
8
9589
13
9590
5
9591
3
9592
1
9593
3
9594
0
9595
1
9596
1
9597
2
9598
2
9599
3
9600
8
9601
4
9602
3
9603
4
9604
4
9605
1
9606
3
9607
5
9608
3
9609
1
9610
4
9611
6
9612
3
9613
13
9614
3
9615
2
9616
4
9617
4
9618
3
9619
4
9620
6
9621
1
9622
0
9623
0
9624
6
9625
5
9626
1
9627
0
9628
8
9629
14
9630
1
9631
1
9632
5
9633
2
9634
0
9635
6
9636
1
9637
3
9638
5
9639
3
9640
0
9641
1
9642
10
9643
8
9644
5
9645
5
9646
6
9647
2
9648
3
9649
4
9650
13
9651
1
9652
4
9653
6
9654
1
9655
4
9656
8
9657
2
9658
3
9659
0
9660
2
9661
0
9662
5
9663
1
9664
4
9665
6
9666
4
9667
5
9668
7
9669
6
9670
2
9671
7
9672
6
9673
1
9674
7
9675
3
9676
0
9677
2
9678
0
9679
2
9680
1
9681
3
9682
3
9683
0
9684
9
9685
3
9686
3
9687
0
9688
1
9689
5
9690
5
9691
3
9692
0
9693
2
9694
10
9695
2
9696
3
9697
7
9698
0
9699
7
9700
1
9701
0
9702
2
9703
0
9704
0
9705
1
9706
2
9707
1
9708
3
9709
1
9710
3
9711
2
9712
4
9713
1
9714
9
9715
0
9716
5
9717
6
9718
0
9719
2
9720
6
9721
2
9722
9
9723
2
9724
4
9725
1
9726
4
9727
0
9728
0
9729
1
9730
2
9731
6
9732
2
9733
4
9734
2
9735
8
9736
11
9737
0
9738
3
9739
7
9740
2
9741
3
9742
4
9743
1
9744
4
9745
7
9746
6
9747
4
9748
5
9749
2
9750
4
9751
14
9752
20
9753
7
9754
7
9755
5
9756
2
9757
6
9758
5
9759
2
9760
6
9761
7
9762
3
9763
1
9764
4
9765
2
9766
4
9767
3
9768
4
9769
1
9770
4
9771
5
9772
3
9773
3
9774
2
9775
4
9776
1
9777
0
9778
16
9779
6
9780
7
9781
0
9782
2
9783
15
9784
11
9785
6
9786
11
9787
5
9788
1
9789
1
9790
2
9791
5
9792
4
9793
0
9794
0
9795
10
9796
2
9797
0
9798
17
9799
2
9800
2
9801
3
9802
0
9803
4
9804
3
9805
3
9806
7
9807
4
9808
0
9809
3
9810
5
9811
2
9812
1
9813
1
9814
1
9815
6
9816
5
9817
4
9818
7
9819
4
9820
1
9821
2
9822
1
9823
0
9824
0
9825
0
9826
3
9827
1
9828
4
9829
5
9830
0
9831
5
9832
2
9833
8
9834
3
9835
1
9836
5
9837
1
9838
3
9839
0
9840
0
9841
5
9842
6
9843
17
9844
1
9845
2
9846
0
9847
0
9848
0
9849
2
9850
2
9851
0
9852
5
9853
0
9854
4
9855
11
9856
7
9857
1
9858
5
9859
3
9860
9
9861
3
9862
5
9863
9
9864
4
9865
3
9866
7
9867
3
9868
5
9869
4
9870
2
9871
2
9872
6
9873
0
9874
2
9875
5
9876
1
9877
0
9878
1
9879
0
9880
4
9881
6
9882
4
9883
2
9884
0
9885
5
9886
1
9887
5
9888
12
9889
3
9890
3
9891
0
9892
2
9893
1
9894
9
9895
3
9896
3
9897
0
9898
3
9899
5
9900
2
9901
2
9902
5
9903
2
9904
1
9905
0
9906
6
9907
11
9908
2
9909
3
9910
3
9911
8
9912
2
9913
3
9914
1
9915
0
9916
8
9917
5
9918
0
9919
4
9920
6
9921
2
9922
3
9923
2
9924
10
9925
4
9926
8
9927
1
9928
1
9929
1
9930
2
9931
7
9932
2
9933
2
9934
1
9935
1
9936
3
9937
9
9938
0
9939
5
9940
4
9941
4
9942
1
9943
4
9944
0
9945
2
9946
0
9947
0
9948
17
9949
0
9950
5
9951
1
9952
2
9953
8
9954
0
9955
0
9956
3
9957
6
9958
3
9959
2
9960
4
9961
0
9962
0
9963
19
9964
9
9965
1
9966
2
9967
2
9968
11
9969
1
9970
4
9971
4
9972
0
9973
10
9974
1
9975
7
9976
2
9977
6
9978
2
9979
1
9980
10
9981
5
9982
3
9983
0
9984
4
9985
4
9986
3
9987
3
9988
2
9989
3
9990
0
9991
6
9992
2
9993
1
9994
10
9995
2
9996
6
9997
3
9998
4
9999
1
10000
1
Warning messages:
1: In image.default(z = matrix(z, ncol = 1), col = col, breaks = tmpbreaks,  :
  unsorted 'breaks' will be sorted before use
2: In image.default(z = matrix(z, ncol = 1), col = col, breaks = tmpbreaks,  :
  unsorted 'breaks' will be sorted before use
3: In fun(libname, pkgname) :
  couldn't connect to display "rclogin05.rc.fas.harvard.edu:10.0"
