producer_class	xtools.gsea.GseaPreranked
producer_timestamp	1428687690090
param	collapse	false
param	plot_top_x	20
param	rnk	/Users/Abbie/Dropbox/Rinnlab/Data/GSEA/GSEA_test.rnk
param	norm	meandiv
param	scoring_scheme	weighted
param	make_sets	true
param	mode	Max_probe
param	gmx	/Users/Abbie/Dropbox/Rinnlab/Data/GSEA/Jacks_genesets.gmt
param	gui	false
param	rpt_label	my_analysis
param	help	false
param	out	/Users/Abbie/gsea_home/output/apr10
param	include_only_symbols	true
param	set_min	15
param	nperm	1000
param	rnd_seed	timestamp
param	zip_report	false
param	set_max	500

file	/Users/Abbie/gsea_home/output/apr10/my_analysis.GseaPreranked.1428687690090/index.html
